/web/20251204144059/https://www.wnacg.ru/photos-index-aid-21799.html
/web/20251204144108/https://www.wnacg.com/photos-index-aid-21799.html
/web/20251204144742/https://www.wnacg.ru/photos-index-page-3-aid-21799.html
/web/20251204144748/https://www.wnacg.ru/photos-index-page-16-aid-21799.html
/web/20251204144759/https://www.wnacg.ru/photos-index-page-2-aid-21799.html
/web/20251204144803/https://www.wnacg.ru/photos-index-page-4-aid-21799.html
/web/20251204145553/https://www.wnacg.ru/photos-index-page-6-aid-21799.html
/web/20251204145718/https://www.wnacg.ru/photos-index-page-1-aid-21799.html
/web/20251204145720/https://www.wnacg.ru/photos-index-page-7-aid-21799.html
/web/20251204151144/https://www.wnacg.ru/photos-index-page-15-aid-21799.html
/web/20251204151351/https://www.wnacg.ru/photos-index-page-12-aid-21799.html
/web/20251204151428/https://www.wnacg.ru/photos-index-page-14-aid-21799.html
/web/20251204151701/https://www.wnacg.ru/photos-index-page-13-aid-21799.html
/web/20251204153006/https://www.wnacg.ru/photos-index-page-8-aid-21799.html
/web/20251204153140/https://www.wnacg.ru/photos-index-page-5-aid-21799.html
/web/20251204153535/https://www.wnacg.ru/photos-index-page-11-aid-21799.html
/web/20251204153749/https://www.wnacg.ru/photos-index-page-9-aid-21799.html
/web/20251204154625/https://www.wnacg.ru/photos-index-page-10-aid-21799.html
/web/20251204154849/https://www.wnacg.ru/download-index-aid-21799.html
/web/20251204154909/https://www.wnacg.com/download-index-aid-21799.html
/web/20251204155009/https://www.wnacg.com/photos-index-page-3-aid-21799.html
/web/20251204155431/https://www.wnacg.com/photos-index-page-4-aid-21799.html
/web/20251204155603/https://www.wnacg.com/photos-index-page-16-aid-21799.html
/web/20251204160629/https://www.wnacg.com/photos-index-page-5-aid-21799.html
/web/20251204160713/https://www.wnacg.com/photos-index-page-2-aid-21799.html
/web/20251204160721/https://www.wnacg.com/photos-slide-aid-21799.html
/web/20251204160908/https://v1.wzip.date/down/0218/b4031e490b3f0881654d008e4f46d119.zip?n=%5B%E6%96%B0%E9%81%93%E4%B8%80%5D%20S%E4%B9%99%E5%A5%B3%C3%97M%E7%94%B7%E5%AD%90%E3%81%AE%E9%80%86%E8%B2%AC%E3%82%81%E9%A1%98%E6%9C%9B
/web/20251204160927/https://v1.wzip.download/down/0218/b4031e490b3f0881654d008e4f46d119.zip?n=%5B%E6%96%B0%E9%81%93%E4%B8%80%5D%20S%E4%B9%99%E5%A5%B3%C3%97M%E7%94%B7%E5%AD%90%E3%81%AE%E9%80%86%E8%B2%AC%E3%82%81%E9%A1%98%E6%9C%9B
/web/20251204162904/https://www.wnacg.com/photos-index-page-6-aid-21799.html
/web/20251204162912/https://www.wnacg.com/photos-index-page-7-aid-21799.html
/web/20251204162953/https://www.wnacg.com/photos-index-page-8-aid-21799.html
/web/20251204163041/https://www.wnacg.com/photos-index-page-13-aid-21799.html
/web/20251204163012/https://www.wnacg.com/photos-index-page-1-aid-21799.html
/web/20251204163024/https://www.wnacg.com/photos-index-page-14-aid-21799.html
/web/20251204164112/https://www.wnacg.com/photos-index-page-12-aid-21799.html
/web/20251204165055/https://www.wnacg.com/photos-index-page-9-aid-21799.html
/web/20251204165043/https://www.wnacg.com/photos-index-page-15-aid-21799.html
/web/20251204171439/https://www.wnacg.com/photos-index-page-11-aid-21799.html
/web/20251204171420/https://www.wnacg.com/photos-index-page-10-aid-21799.html
