/web/20251005105348/https://www.wnacg.com/photos-index-aid-258464.html
/web/20251005105424/https://www.wnacg.com/photos-view-id-21333263.html
/web/20251005105440/https://www.wnacg.com/download-index-aid-258464.html
/web/20251005105434/https://www.wnacg.com/photos-view-id-21333275.html
/web/20251005105427/https://www.wnacg.com/photos-view-id-21333290.html
/web/20251005105420/https://www.wnacg.com/photos-slide-aid-258464.html
/web/20251005105534/https://www.wnacg.com/photos-view-id-21333284.html
/web/20251005105535/https://www.wnacg.com/photos-view-id-21333268.html
/web/20251005105542/https://www.wnacg.com/photos-view-id-21333283.html
/web/20251005105555/https://www.wnacg.com/photos-index-page-4-aid-258464.html
/web/20251005105549/https://www.wnacg.com/photos-view-id-21333297.html
/web/20251005105603/https://www.wnacg.com/photos-view-id-21333269.html
/web/20251005105630/https://www.wnacg.com/photos-view-id-21333292.html
/web/20251005105639/https://www.wnacg.com/photos-view-id-21333273.html
/web/20251005105645/https://www.wnacg.com/photos-index-page-2-aid-258464.html
/web/20251005105631/https://www.wnacg.com/photos-view-id-21333288.html
/web/20251005105748/https://www.wnacg.com/photos-index-page-3-aid-258464.html
/web/20251005105749/https://www.wnacg.com/photos-view-id-21333272.html
/web/20251005105808/https://v1.wzip.date/down/2585/559520329f00f7fa3fb11ece725691fa.zip?n=%5B%E3%81%99%E3%81%BE%E3%81%84%E3%82%8B%E3%81%B5%E3%81%89%E3%82%89%E3%82%93%E3%81%8B%E3%82%93%E3%81%B1%E3%81%AB%E3%81%83%E3%80%82%20(%E5%B3%AF%E4%B8%8A%E7%B6%BE%E3%80%81%E9%9B%AA%E4%BB%81)%5D%20%E3%82%A4%E3%82%AD%E3%82%8A%E5%9C%B0%E9%9B%B7%E7%B3%BB%E3%83%93%E3%83%83%E3%83%81%E3%81%95%E3%83%BC%E3%82%84%E3%81%AE%E5%96%B0%E3%81%B9%E3%83%AD%E3%82%B0%EF%BD%9C%E5%9C%B0%E9%9B%B7%E7%B3%BB%E5%B7%A8%E4%B9%B3%E5%A9%8A%E6%B2%99%E8%80%B6%E7%9A%84%E5%96%B0%E7%94%B7%E6%97%A5%E8%AA%8C%20%5B%E4%B8%AD%E5%9B%BD%E7%BF%BB%E8%A8%B3%5D%20%5B%E7%84%A1%E4%BF%AE%E6%AD%A3%5D%20%5BDL%E7%89%88%5D
/web/20251005105812/https://v1.wzip.download/down/2585/559520329f00f7fa3fb11ece725691fa.zip?n=%5B%E3%81%99%E3%81%BE%E3%81%84%E3%82%8B%E3%81%B5%E3%81%89%E3%82%89%E3%82%93%E3%81%8B%E3%82%93%E3%81%B1%E3%81%AB%E3%81%83%E3%80%82%20(%E5%B3%AF%E4%B8%8A%E7%B6%BE%E3%80%81%E9%9B%AA%E4%BB%81)%5D%20%E3%82%A4%E3%82%AD%E3%82%8A%E5%9C%B0%E9%9B%B7%E7%B3%BB%E3%83%93%E3%83%83%E3%83%81%E3%81%95%E3%83%BC%E3%82%84%E3%81%AE%E5%96%B0%E3%81%B9%E3%83%AD%E3%82%B0%EF%BD%9C%E5%9C%B0%E9%9B%B7%E7%B3%BB%E5%B7%A8%E4%B9%B3%E5%A9%8A%E6%B2%99%E8%80%B6%E7%9A%84%E5%96%B0%E7%94%B7%E6%97%A5%E8%AA%8C%20%5B%E4%B8%AD%E5%9B%BD%E7%BF%BB%E8%A8%B3%5D%20%5B%E7%84%A1%E4%BF%AE%E6%AD%A3%5D%20%5BDL%E7%89%88%5D
/web/20251005105820/https://www.wnacg.com/photos-view-id-21333277.html
/web/20251005105834/https://www.wnacg.com/photos-view-id-21333302.html
/web/20251005105911/https://www.wnacg.com/photos-view-id-21333270.html
/web/20251005105912/https://www.wnacg.com/photos-view-id-21333278.html
/web/20251005105926/https://www.wnacg.com/photos-view-id-21333294.html
/web/20251005105935/https://www.wnacg.com/photos-index-page-1-aid-258464.html
/web/20251005105949/https://www.wnacg.com/photos-view-id-21333274.html
/web/20251005110020/https://www.wnacg.com/photos-view-id-21333287.html
/web/20251005110019/https://www.wnacg.com/photos-view-id-21333265.html
/web/20251005105953/https://www.wnacg.com/photos-view-id-21333296.html
/web/20251005110100/https://www.wnacg.com/photos-view-id-21333291.html
/web/20251005110033/https://www.wnacg.com/photos-view-id-21333298.html
/web/20251005110026/https://www.wnacg.com/photos-view-id-21333281.html
/web/20251005110104/https://www.wnacg.com/photos-view-id-21333276.html
/web/20251005110129/https://www.wnacg.com/photos-view-id-21333280.html
/web/20251005110128/https://www.wnacg.com/photos-view-id-21333293.html
/web/20251005110143/https://www.wnacg.com/photos-view-id-21333264.html
/web/20251005110215/https://www.wnacg.com/photos-view-id-21333285.html
/web/20251005110239/https://www.wnacg.com/photos-view-id-21333300.html
/web/20251005110244/https://www.wnacg.com/photos-view-id-21333262.html
/web/20251005110250/https://www.wnacg.com/photos-view-id-21333299.html
/web/20251005110250/https://www.wnacg.com/photos-view-id-21333282.html
/web/20251005110303/https://www.wnacg.com/photos-view-id-21333305.html
/web/20251005110331/https://www.wnacg.com/photos-view-id-21333289.html
/web/20251005110304/https://www.wnacg.com/photos-view-id-21333267.html
/web/20251005110258/https://www.wnacg.com/photos-view-id-21333286.html
/web/20251005110338/https://www.wnacg.com/photos-view-id-21333303.html
/web/20251005110401/https://www.wnacg.com/photos-view-id-21333301.html
/web/20251005110407/https://www.wnacg.com/photos-view-id-21333304.html
/web/20251005110421/https://www.wnacg.com/photos-view-id-21333271.html
/web/20251005110414/https://www.wnacg.com/photos-view-id-21333279.html
