/web/20251006100000/https://www.wnacg.com/search/?q=SHUKO&f=_all&s=create_time_DESC&syn=yes
/web/20251006100126/https://www.wnacg.com/search/?q=%E3%82%AC%E3%83%BC%E3%83%AB%E3%82%BA%E3%83%95%E3%82%A9%E3%83%BC%E3%83%A0&f=_all&s=create_time_DESC&syn=yes
/web/20251006100207/https://www.wnacg.com/search/index.php?q=shuko%E3%83%88%E3%83%A9%E3%82%A4%E3%82%A2%E3%83%B3%E3%82%B0%E3%83%AB%E3%82%A2%E3%82%AF%E3%83%A1&f=_all&s=create_time_DESC
/web/20251006100212/https://www.wnacg.com/search/index.php?q=SHUKO&m=&syn=yes&f=_all&s=create_time_DESC&p=2
/web/20251006100227/https://www.wnacg.com/search/index.php?q=%E3%82%AC%E3%83%BC%E3%83%AB%E3%82%BA%E3%83%95%E3%82%A9%E3%83%BC%E3%83%A0&m=&syn=yes&f=_all&s=create_time_DESC&p=3
/web/20251006100234/https://www.wnacg.com/search/index.php?q=%E3%81%8B%E3%81%91%E3%81%AA%E3%81%97+%E3%81%93%E3%81%86%E3%81%90%E3%81%A1%E3%82%82%E3%81%A8shuko&f=_all&s=create_time_DESC
/web/20251006100258/https://www.wnacg.com/search/index.php?q=%E3%82%AC%E3%83%BC%E3%83%AB%E3%82%BA%E3%83%95%E3%82%A9%E3%83%BC%E3%83%A0&m=&syn=yes&f=_all&s=create_time_DESC&p=2
/web/20251006100257/https://www.wnacg.com/search/index.php?q=%E3%82%AC%E3%83%BC%E3%83%AB%E3%82%BA%E3%83%95%E3%82%A9%E3%83%BC%E3%83%A0&m=&syn=yes&f=_all&s=create_time_DESC&p=6
/web/20251006100315/https://www.wnacg.com/search/index.php?q=%E3%82%AC%E3%83%BC%E3%83%AB%E3%82%BA%E3%83%95%E3%82%A9%E3%83%BC%E3%83%A0&m=&syn=yes&f=_all&s=create_time_DESC&p=4
/web/20251006100330/https://www.wnacg.com/search/index.php?q=%E3%83%AD%E3%83%AA&f=_all&s=create_time_DESC
/web/20251006100400/https://www.wnacg.com/search/index.php?q=%E3%83%A1%E3%82%B9&f=_all&s=create_time_DESC
/web/20251006100437/https://www.wnacg.com/search/index.php?q=%E3%83%9E%E3%83%9E&f=_all&s=create_time_DESC
/web/20251006100511/https://www.wnacg.com/search/index.php?q=%E3%82%AC%E3%83%BC%E3%83%AB%E3%82%BA%E3%83%95%E3%82%A9%E3%83%BC%E3%83%A0&m=&syn=yes&f=_all&s=create_time_DESC&p=5
/web/20251006100634/https://www.wnacg.com/search/index.php?q=%E3%83%AD%E3%83%AA&m=&syn=yes&f=_all&s=create_time_DESC&p=3
/web/20251006100559/https://www.wnacg.com/search/index.php?q=%E3%83%AD%E3%83%AA&m=&syn=yes&f=_all&s=create_time_DESC&p=5
/web/20251006100652/https://www.wnacg.com/search/index.php?q=%E3%82%AC%E3%83%BC%E3%83%AB%E3%82%BA%E3%83%95%E3%82%A9%E3%83%BC%E3%83%A0&m=&syn=yes&f=_all&s=create_time_DESC&p=1
/web/20251006100659/https://www.wnacg.com/search/index.php?q=%E3%83%AD%E3%83%AA&m=&syn=yes&f=_all&s=create_time_DESC&p=4
/web/20251006100628/https://www.wnacg.com/search/index.php?q=%E3%83%AD%E3%83%AA&m=&syn=yes&f=_all&s=create_time_DESC&p=2
/web/20251006100650/https://www.wnacg.com/search/index.php?q=SHUKO&m=&syn=yes&f=_all&s=create_time_DESC&p=1
/web/20251006100655/https://www.wnacg.com/search/index.php?q=%E3%83%AD%E3%83%AA&m=&syn=yes&f=_all&s=create_time_DESC&p=6
/web/20251006100738/https://www.wnacg.com/search/index.php?q=%E3%83%AD%E3%83%AA&m=&syn=yes&f=_all&s=create_time_DESC&p=10
/web/20251006100801/https://www.wnacg.com/search/index.php?q=%E3%83%AD%E3%83%AA&m=&syn=yes&f=_all&s=create_time_DESC&p=7
/web/20251006100803/https://www.wnacg.com/search/index.php?q=%E3%83%AD%E3%83%AA&m=&syn=yes&f=_all&s=create_time_DESC&p=9
/web/20251006100708/https://www.wnacg.com/search/index.php?q=%E3%83%AD%E3%83%AA&m=&syn=yes&f=_all&s=create_time_DESC&p=8
/web/20251006100814/https://www.wnacg.com/search/index.php?q=%E3%83%A1%E3%82%B9&m=&syn=yes&f=_all&s=create_time_DESC&p=4
/web/20251006100825/https://www.wnacg.com/search/index.php?q=%E3%83%A1%E3%82%B9&m=&syn=yes&f=_all&s=create_time_DESC&p=8
/web/20251006100905/https://www.wnacg.com/search/index.php?q=%E3%83%A1%E3%82%B9&m=&syn=yes&f=_all&s=create_time_DESC&p=6
/web/20251006100858/https://www.wnacg.com/search/index.php?q=%E3%83%A1%E3%82%B9&m=&syn=yes&f=_all&s=create_time_DESC&p=9
/web/20251006100855/https://www.wnacg.com/search/index.php?q=%E3%83%A1%E3%82%B9&m=&syn=yes&f=_all&s=create_time_DESC&p=3
/web/20251006100954/https://www.wnacg.com/search/index.php?q=%E3%83%A1%E3%82%B9&m=&syn=yes&f=_all&s=create_time_DESC&p=5
/web/20251006100925/https://www.wnacg.com/search/index.php?q=%E3%83%A1%E3%82%B9&m=&syn=yes&f=_all&s=create_time_DESC&p=2
/web/20251006101007/https://www.wnacg.com/search/index.php?q=%E3%83%9E%E3%83%9E&m=&syn=yes&f=_all&s=create_time_DESC&p=7
/web/20251006100947/https://www.wnacg.com/search/index.php?q=%E3%83%A1%E3%82%B9&m=&syn=yes&f=_all&s=create_time_DESC&p=7
/web/20251006101037/https://www.wnacg.com/search/index.php?q=%E3%83%9E%E3%83%9E&m=&syn=yes&f=_all&s=create_time_DESC&p=6
/web/20251006101039/https://www.wnacg.com/search/index.php?q=%E3%83%AD%E3%83%AA&m=&syn=yes&f=_all&s=create_time_DESC&p=1
/web/20251006101109/https://www.wnacg.com/search/index.php?q=%E3%83%AD%E3%83%AA&m=&syn=yes&f=_all&s=create_time_DESC&p=12
/web/20251006100957/https://www.wnacg.com/search/index.php?q=%E3%83%A1%E3%82%B9&m=&syn=yes&f=_all&s=create_time_DESC&p=10
/web/20251006101121/https://www.wnacg.com/search/index.php?q=%E3%83%AD%E3%83%AA&m=&syn=yes&f=_all&s=create_time_DESC&p=13
/web/20251006101132/https://www.wnacg.com/search/index.php?q=%E3%83%AD%E3%83%AA&m=&syn=yes&f=_all&s=create_time_DESC&p=14
/web/20251006101151/https://www.wnacg.com/search/index.php?q=%E3%83%AD%E3%83%AA&m=&syn=yes&f=_all&s=create_time_DESC&p=11
/web/20251006101153/https://www.wnacg.com/search/index.php?q=%E3%83%A1%E3%82%B9&m=&syn=yes&f=_all&s=create_time_DESC&p=1
/web/20251006101229/https://www.wnacg.com/search/index.php?q=%E3%83%A1%E3%82%B9&m=&syn=yes&f=_all&s=create_time_DESC&p=12
/web/20251006101247/https://www.wnacg.com/search/index.php?q=%E3%83%A1%E3%82%B9&m=&syn=yes&f=_all&s=create_time_DESC&p=11
/web/20251006101255/https://www.wnacg.com/search/index.php?q=%E3%83%9E%E3%83%9E&m=&syn=yes&f=_all&s=create_time_DESC&p=11
/web/20251006101311/https://www.wnacg.com/search/index.php?q=%E3%83%9E%E3%83%9E&m=&syn=yes&f=_all&s=create_time_DESC&p=9
/web/20251006101230/https://www.wnacg.com/search/index.php?q=%E3%83%A1%E3%82%B9&m=&syn=yes&f=_all&s=create_time_DESC&p=13
/web/20251006101251/https://www.wnacg.com/search/index.php?q=%E3%83%9E%E3%83%9E&m=&syn=yes&f=_all&s=create_time_DESC&p=3
/web/20251006101335/https://www.wnacg.com/search/index.php?q=%E3%83%9E%E3%83%9E&m=&syn=yes&f=_all&s=create_time_DESC&p=10
/web/20251006101337/https://www.wnacg.com/search/index.php?q=%E3%83%9E%E3%83%9E&m=&syn=yes&f=_all&s=create_time_DESC&p=5
/web/20251006101358/https://www.wnacg.com/search/index.php?q=%E3%83%9E%E3%83%9E&m=&syn=yes&f=_all&s=create_time_DESC&p=2
/web/20251006101357/https://www.wnacg.com/search/index.php?q=%E3%83%9E%E3%83%9E&m=&syn=yes&f=_all&s=create_time_DESC&p=4
/web/20251006101448/https://www.wnacg.com/search/index.php?q=%E3%83%9E%E3%83%9E&m=&syn=yes&f=_all&s=create_time_DESC&p=8
/web/20251006101654/https://www.wnacg.com/search/index.php?q=%E3%83%AD%E3%83%AA&m=&syn=yes&f=_all&s=create_time_DESC&p=16
/web/20251006101655/https://www.wnacg.com/search/index.php?q=%E3%83%9E%E3%83%9E&m=&syn=yes&f=_all&s=create_time_DESC&p=1
/web/20251006101645/https://www.wnacg.com/search/index.php?q=%E3%83%AD%E3%83%AA&m=&syn=yes&f=_all&s=create_time_DESC&p=15
/web/20251006101727/https://www.wnacg.com/search/index.php?q=%E3%83%AD%E3%83%AA&m=&syn=yes&f=_all&s=create_time_DESC&p=17
/web/20251006101724/https://www.wnacg.com/search/index.php?q=%E3%83%AD%E3%83%AA&m=&syn=yes&f=_all&s=create_time_DESC&p=18
/web/20251006101734/https://www.wnacg.com/search/index.php?q=%E3%83%A1%E3%82%B9&m=&syn=yes&f=_all&s=create_time_DESC&p=16
/web/20251006101806/https://www.wnacg.com/search/index.php?q=%E3%83%9E%E3%83%9E&m=&syn=yes&f=_all&s=create_time_DESC&p=15
/web/20251006101804/https://www.wnacg.com/search/index.php?q=%E3%83%A1%E3%82%B9&m=&syn=yes&f=_all&s=create_time_DESC&p=15
/web/20251006101826/https://www.wnacg.com/search/index.php?q=%E3%83%9E%E3%83%9E&m=&syn=yes&f=_all&s=create_time_DESC&p=13
/web/20251006101825/https://www.wnacg.com/search/index.php?q=%E3%83%9E%E3%83%9E&m=&syn=yes&f=_all&s=create_time_DESC&p=12
/web/20251006101704/https://www.wnacg.com/search/index.php?q=%E3%83%A1%E3%82%B9&m=&syn=yes&f=_all&s=create_time_DESC&p=14
/web/20251006101906/https://www.wnacg.com/search/index.php?q=%E3%83%A1%E3%82%B9&m=&syn=yes&f=_all&s=create_time_DESC&p=17
/web/20251006101836/https://www.wnacg.com/search/index.php?q=%E3%83%9E%E3%83%9E&m=&syn=yes&f=_all&s=create_time_DESC&p=14
/web/20251006101938/https://www.wnacg.com/search/index.php?q=%E3%83%AD%E3%83%AA&m=&syn=yes&f=_all&s=create_time_DESC&p=19
/web/20251006101955/https://www.wnacg.com/search/index.php?q=%E3%83%AD%E3%83%AA&m=&syn=yes&f=_all&s=create_time_DESC&p=21
/web/20251006102018/https://www.wnacg.com/search/index.php?q=%E3%83%AD%E3%83%AA&m=&syn=yes&f=_all&s=create_time_DESC&p=20
/web/20251006102016/https://www.wnacg.com/search/index.php?q=%E3%83%A1%E3%82%B9&m=&syn=yes&f=_all&s=create_time_DESC&p=20
/web/20251006102025/https://www.wnacg.com/search/index.php?q=%E3%83%A1%E3%82%B9&m=&syn=yes&f=_all&s=create_time_DESC&p=19
/web/20251006102042/https://www.wnacg.com/search/index.php?q=%E3%83%AD%E3%83%AA&m=&syn=yes&f=_all&s=create_time_DESC&p=22
/web/20251006102106/https://www.wnacg.com/search/index.php?q=%E3%83%9E%E3%83%9E&m=&syn=yes&f=_all&s=create_time_DESC&p=16
/web/20251006102036/https://www.wnacg.com/search/index.php?q=%E3%83%9E%E3%83%9E&m=&syn=yes&f=_all&s=create_time_DESC&p=18
/web/20251006102107/https://www.wnacg.com/search/index.php?q=%E3%83%9E%E3%83%9E&m=&syn=yes&f=_all&s=create_time_DESC&p=17
/web/20251006102118/https://www.wnacg.com/search/index.php?q=%E3%83%9E%E3%83%9E&m=&syn=yes&f=_all&s=create_time_DESC&p=19
/web/20251006102127/https://www.wnacg.com/search/index.php?q=%E3%83%A1%E3%82%B9&m=&syn=yes&f=_all&s=create_time_DESC&p=18
/web/20251006102159/https://www.wnacg.com/search/index.php?q=%E3%83%A1%E3%82%B9&m=&syn=yes&f=_all&s=create_time_DESC&p=21
/web/20251006102219/https://www.wnacg.com/search/index.php?q=%E3%83%AD%E3%83%AA&m=&syn=yes&f=_all&s=create_time_DESC&p=23
/web/20251006102232/https://www.wnacg.com/search/index.php?q=%E3%83%AD%E3%83%AA&m=&syn=yes&f=_all&s=create_time_DESC&p=24
/web/20251006102240/https://www.wnacg.com/search/index.php?q=%E3%83%A1%E3%82%B9&m=&syn=yes&f=_all&s=create_time_DESC&p=24
/web/20251006102248/https://www.wnacg.com/search/index.php?q=%E3%83%A1%E3%82%B9&m=&syn=yes&f=_all&s=create_time_DESC&p=22
/web/20251006102258/https://www.wnacg.com/search/index.php?q=%E3%83%A1%E3%82%B9&m=&syn=yes&f=_all&s=create_time_DESC&p=23
/web/20251006102308/https://www.wnacg.com/search/index.php?q=%E3%83%AD%E3%83%AA&m=&syn=yes&f=_all&s=create_time_DESC&p=26
/web/20251006102328/https://www.wnacg.com/search/index.php?q=%E3%83%9E%E3%83%9E&m=&syn=yes&f=_all&s=create_time_DESC&p=20
/web/20251006102319/https://www.wnacg.com/search/index.php?q=%E3%83%AD%E3%83%AA&m=&syn=yes&f=_all&s=create_time_DESC&p=25
/web/20251006102400/https://www.wnacg.com/search/index.php?q=%E3%83%9E%E3%83%9E&m=&syn=yes&f=_all&s=create_time_DESC&p=21
/web/20251006102358/https://www.wnacg.com/search/index.php?q=%E3%83%9E%E3%83%9E&m=&syn=yes&f=_all&s=create_time_DESC&p=22
/web/20251006102421/https://www.wnacg.com/search/index.php?q=%E3%83%A1%E3%82%B9&m=&syn=yes&f=_all&s=create_time_DESC&p=25
/web/20251006102411/https://www.wnacg.com/search/index.php?q=%E3%83%9E%E3%83%9E&m=&syn=yes&f=_all&s=create_time_DESC&p=23
/web/20251006102550/https://www.wnacg.com/search/index.php?q=%E3%83%AD%E3%83%AA&m=&syn=yes&f=_all&s=create_time_DESC&p=27
/web/20251006102600/https://www.wnacg.com/search/index.php?q=%E3%83%AD%E3%83%AA&m=&syn=yes&f=_all&s=create_time_DESC&p=28
/web/20251006102610/https://www.wnacg.com/search/index.php?q=%E3%83%A1%E3%82%B9&m=&syn=yes&f=_all&s=create_time_DESC&p=26
/web/20251006102623/https://www.wnacg.com/search/index.php?q=%E3%83%A1%E3%82%B9&m=&syn=yes&f=_all&s=create_time_DESC&p=28
/web/20251006102635/https://www.wnacg.com/search/index.php?q=%E3%83%A1%E3%82%B9&m=&syn=yes&f=_all&s=create_time_DESC&p=27
/web/20251006102702/https://www.wnacg.com/search/index.php?q=%E3%83%AD%E3%83%AA&m=&syn=yes&f=_all&s=create_time_DESC&p=30
/web/20251006102731/https://www.wnacg.com/search/index.php?q=%E3%83%9E%E3%83%9E&m=&syn=yes&f=_all&s=create_time_DESC&p=24
/web/20251006102733/https://www.wnacg.com/search/index.php?q=%E3%83%9E%E3%83%9E&m=&syn=yes&f=_all&s=create_time_DESC&p=26
/web/20251006102729/https://www.wnacg.com/search/index.php?q=%E3%83%AD%E3%83%AA&m=&syn=yes&f=_all&s=create_time_DESC&p=29
/web/20251006102733/https://www.wnacg.com/search/index.php?q=%E3%83%9E%E3%83%9E&m=&syn=yes&f=_all&s=create_time_DESC&p=25
/web/20251006102812/https://www.wnacg.com/search/index.php?q=%E3%83%9E%E3%83%9E&m=&syn=yes&f=_all&s=create_time_DESC&p=27
/web/20251006102818/https://www.wnacg.com/search/index.php?q=%E3%83%A1%E3%82%B9&m=&syn=yes&f=_all&s=create_time_DESC&p=29
/web/20251006102840/https://www.wnacg.com/search/index.php?q=%E3%83%AD%E3%83%AA&m=&syn=yes&f=_all&s=create_time_DESC&p=31
/web/20251006102850/https://www.wnacg.com/search/index.php?q=%E3%83%AD%E3%83%AA&m=&syn=yes&f=_all&s=create_time_DESC&p=32
/web/20251006102919/https://www.wnacg.com/search/index.php?q=%E3%83%A1%E3%82%B9&m=&syn=yes&f=_all&s=create_time_DESC&p=32
/web/20251006102922/https://www.wnacg.com/search/index.php?q=%E3%83%A1%E3%82%B9&m=&syn=yes&f=_all&s=create_time_DESC&p=31
/web/20251006102932/https://www.wnacg.com/search/index.php?q=%E3%83%A1%E3%82%B9&m=&syn=yes&f=_all&s=create_time_DESC&p=30
/web/20251006102942/https://www.wnacg.com/search/index.php?q=%E3%83%AD%E3%83%AA&m=&syn=yes&f=_all&s=create_time_DESC&p=33
/web/20251006102952/https://www.wnacg.com/search/index.php?q=%E3%83%AD%E3%83%AA&m=&syn=yes&f=_all&s=create_time_DESC&p=34
/web/20251006103022/https://www.wnacg.com/search/index.php?q=%E3%83%9E%E3%83%9E&m=&syn=yes&f=_all&s=create_time_DESC&p=28
/web/20251006103025/https://www.wnacg.com/search/index.php?q=%E3%83%9E%E3%83%9E&m=&syn=yes&f=_all&s=create_time_DESC&p=30
/web/20251006103035/https://www.wnacg.com/search/index.php?q=%E3%83%9E%E3%83%9E&m=&syn=yes&f=_all&s=create_time_DESC&p=29
/web/20251006103122/https://www.wnacg.com/search/index.php?q=%E3%83%9E%E3%83%9E&m=&syn=yes&f=_all&s=create_time_DESC&p=31
/web/20251006103201/https://www.wnacg.com/search/index.php?q=%E3%83%AD%E3%83%AA&m=&syn=yes&f=_all&s=create_time_DESC&p=36
/web/20251006103208/https://www.wnacg.com/search/index.php?q=%E3%83%A1%E3%82%B9&m=&syn=yes&f=_all&s=create_time_DESC&p=33
/web/20251006103148/https://www.wnacg.com/search/index.php?q=%E3%83%AD%E3%83%AA&m=&syn=yes&f=_all&s=create_time_DESC&p=35
/web/20251006103231/https://www.wnacg.com/search/index.php?q=%E3%83%A1%E3%82%B9&m=&syn=yes&f=_all&s=create_time_DESC&p=35
/web/20251006103311/https://www.wnacg.com/search/index.php?q=%E3%83%9E%E3%83%9E&m=&syn=yes&f=_all&s=create_time_DESC&p=32
/web/20251006103306/https://www.wnacg.com/search/index.php?q=%E3%83%A1%E3%82%B9&m=&syn=yes&f=_all&s=create_time_DESC&p=34
/web/20251006103312/https://www.wnacg.com/search/index.php?q=%E3%83%AD%E3%83%AA&m=&syn=yes&f=_all&s=create_time_DESC&p=37
/web/20251006103451/https://www.wnacg.com/search/index.php?q=%E3%83%AD%E3%83%AA&m=&syn=yes&f=_all&s=create_time_DESC&p=38
/web/20251006103454/https://www.wnacg.com/search/index.php?q=%E3%83%9E%E3%83%9E&m=&syn=yes&f=_all&s=create_time_DESC&p=33
/web/20251006103517/https://www.wnacg.com/search/index.php?q=%E3%83%9E%E3%83%9E&m=&syn=yes&f=_all&s=create_time_DESC&p=35
/web/20251006103457/https://www.wnacg.com/search/index.php?q=%E3%83%9E%E3%83%9E&m=&syn=yes&f=_all&s=create_time_DESC&p=34
/web/20251006103557/https://www.wnacg.com/search/index.php?q=%E3%83%AD%E3%83%AA&m=&syn=yes&f=_all&s=create_time_DESC&p=40
/web/20251006103640/https://www.wnacg.com/search/index.php?q=%E3%83%A1%E3%82%B9&m=&syn=yes&f=_all&s=create_time_DESC&p=37
/web/20251006103641/https://www.wnacg.com/search/index.php?q=%E3%83%A1%E3%82%B9&m=&syn=yes&f=_all&s=create_time_DESC&p=36
/web/20251006103647/https://www.wnacg.com/search/index.php?q=%E3%83%A1%E3%82%B9&m=&syn=yes&f=_all&s=create_time_DESC&p=38
/web/20251006103627/https://www.wnacg.com/search/index.php?q=%E3%83%AD%E3%83%AA&m=&syn=yes&f=_all&s=create_time_DESC&p=39
/web/20251006103721/https://www.wnacg.com/search/index.php?q=%E3%83%AD%E3%83%AA&m=&syn=yes&f=_all&s=create_time_DESC&p=41
/web/20251006103754/https://www.wnacg.com/search/index.php?q=%E3%83%AD%E3%83%AA&m=&syn=yes&f=_all&s=create_time_DESC&p=42
/web/20251006103842/https://www.wnacg.com/search/index.php?q=%E3%83%A1%E3%82%B9&m=&syn=yes&f=_all&s=create_time_DESC&p=39
/web/20251006103835/https://www.wnacg.com/search/index.php?q=%E3%83%9E%E3%83%9E&m=&syn=yes&f=_all&s=create_time_DESC&p=36
/web/20251006103840/https://www.wnacg.com/search/index.php?q=%E3%83%9E%E3%83%9E&m=&syn=yes&f=_all&s=create_time_DESC&p=37
/web/20251006103926/https://www.wnacg.com/search/index.php?q=%E3%83%9E%E3%83%9E&m=&syn=yes&f=_all&s=create_time_DESC&p=39
/web/20251006103941/https://www.wnacg.com/search/index.php?q=%E3%83%9E%E3%83%9E&m=&syn=yes&f=_all&s=create_time_DESC&p=38
/web/20251006104014/https://www.wnacg.com/search/index.php?q=%E3%83%AD%E3%83%AA&m=&syn=yes&f=_all&s=create_time_DESC&p=43
/web/20251006104021/https://www.wnacg.com/search/index.php?q=%E3%83%AD%E3%83%AA&m=&syn=yes&f=_all&s=create_time_DESC&p=44
/web/20251006104033/https://www.wnacg.com/search/index.php?q=%E3%83%A1%E3%82%B9&m=&syn=yes&f=_all&s=create_time_DESC&p=42
/web/20251006104023/https://www.wnacg.com/search/index.php?q=%E3%83%A1%E3%82%B9&m=&syn=yes&f=_all&s=create_time_DESC&p=40
/web/20251006104105/https://www.wnacg.com/search/index.php?q=%E3%83%AD%E3%83%AA&m=&syn=yes&f=_all&s=create_time_DESC&p=45
/web/20251006104115/https://www.wnacg.com/search/index.php?q=%E3%83%AD%E3%83%AA&m=&syn=yes&f=_all&s=create_time_DESC&p=46
/web/20251006104103/https://www.wnacg.com/search/index.php?q=%E3%83%A1%E3%82%B9&m=&syn=yes&f=_all&s=create_time_DESC&p=41
/web/20251006104136/https://www.wnacg.com/search/index.php?q=%E3%83%9E%E3%83%9E&m=&syn=yes&f=_all&s=create_time_DESC&p=40
/web/20251006104128/https://www.wnacg.com/search/index.php?q=%E3%83%A1%E3%82%B9&m=&syn=yes&f=_all&s=create_time_DESC&p=43
/web/20251006104207/https://www.wnacg.com/search/index.php?q=%E3%83%9E%E3%83%9E&m=&syn=yes&f=_all&s=create_time_DESC&p=41
/web/20251006104218/https://www.wnacg.com/search/index.php?q=%E3%83%9E%E3%83%9E&m=&syn=yes&f=_all&s=create_time_DESC&p=42
/web/20251006104239/https://www.wnacg.com/search/index.php?q=%E3%83%9E%E3%83%9E&m=&syn=yes&f=_all&s=create_time_DESC&p=43
/web/20251006104312/https://www.wnacg.com/search/index.php?q=%E3%83%AD%E3%83%AA&m=&syn=yes&f=_all&s=create_time_DESC&p=48
/web/20251006104359/https://www.wnacg.com/search/index.php?q=%E3%83%A1%E3%82%B9&m=&syn=yes&f=_all&s=create_time_DESC&p=45
/web/20251006104349/https://www.wnacg.com/search/index.php?q=%E3%83%AD%E3%83%AA&m=&syn=yes&f=_all&s=create_time_DESC&p=47
/web/20251006104334/https://www.wnacg.com/search/index.php?q=%E3%83%A1%E3%82%B9&m=&syn=yes&f=_all&s=create_time_DESC&p=44
/web/20251006104402/https://www.wnacg.com/search/index.php?q=%E3%83%A1%E3%82%B9&m=&syn=yes&f=_all&s=create_time_DESC&p=46
/web/20251006104447/https://www.wnacg.com/search/index.php?q=%E3%83%A1%E3%82%B9&m=&syn=yes&f=_all&s=create_time_DESC&p=47
/web/20251006104424/https://www.wnacg.com/search/index.php?q=%E3%83%9E%E3%83%9E&m=&syn=yes&f=_all&s=create_time_DESC&p=44
/web/20251006104434/https://www.wnacg.com/search/index.php?q=%E3%83%AD%E3%83%AA&m=&syn=yes&f=_all&s=create_time_DESC&p=50
/web/20251006104520/https://www.wnacg.com/search/index.php?q=%E3%83%AD%E3%83%AA&m=&syn=yes&f=_all&s=create_time_DESC&p=49
/web/20251006104444/https://www.wnacg.com/search/index.php?q=%E3%83%9E%E3%83%9E&m=&syn=yes&f=_all&s=create_time_DESC&p=46
/web/20251006104436/https://www.wnacg.com/search/index.php?q=%E3%83%9E%E3%83%9E&m=&syn=yes&f=_all&s=create_time_DESC&p=45
/web/20251006104552/https://www.wnacg.com/search/index.php?q=%E3%83%AD%E3%83%AA&m=&syn=yes&f=_all&s=create_time_DESC&p=51
/web/20251006104602/https://www.wnacg.com/search/index.php?q=%E3%83%AD%E3%83%AA&m=&syn=yes&f=_all&s=create_time_DESC&p=52
/web/20251006104612/https://www.wnacg.com/search/index.php?q=%E3%83%A1%E3%82%B9&m=&syn=yes&f=_all&s=create_time_DESC&p=49
/web/20251006104646/https://www.wnacg.com/search/index.php?q=%E3%83%A1%E3%82%B9&m=&syn=yes&f=_all&s=create_time_DESC&p=50
/web/20251006104622/https://www.wnacg.com/search/index.php?q=%E3%83%A1%E3%82%B9&m=&syn=yes&f=_all&s=create_time_DESC&p=48
/web/20251006104636/https://www.wnacg.com/search/index.php?q=%E3%83%9E%E3%83%9E&m=&syn=yes&f=_all&s=create_time_DESC&p=47
/web/20251006104627/https://www.wnacg.com/search/index.php?q=%E3%83%9E%E3%83%9E&m=&syn=yes&f=_all&s=create_time_DESC&p=48
/web/20251006104725/https://www.wnacg.com/search/index.php?q=%E3%83%AD%E3%83%AA&m=&syn=yes&f=_all&s=create_time_DESC&p=53
/web/20251006104735/https://www.wnacg.com/search/index.php?q=%E3%83%AD%E3%83%AA&m=&syn=yes&f=_all&s=create_time_DESC&p=54
/web/20251006104728/https://www.wnacg.com/search/index.php?q=%E3%83%9E%E3%83%9E&m=&syn=yes&f=_all&s=create_time_DESC&p=50
/web/20251006104647/https://www.wnacg.com/search/index.php?q=%E3%83%9E%E3%83%9E&m=&syn=yes&f=_all&s=create_time_DESC&p=49
/web/20251006104815/https://www.wnacg.com/search/index.php?q=%E3%83%A1%E3%82%B9&m=&syn=yes&f=_all&s=create_time_DESC&p=51
/web/20251006104857/https://www.wnacg.com/search/index.php?q=%E3%83%AD%E3%83%AA&m=&syn=yes&f=_all&s=create_time_DESC&p=55
/web/20251006104906/https://www.wnacg.com/search/index.php?q=%E3%83%AD%E3%83%AA&m=&syn=yes&f=_all&s=create_time_DESC&p=56
/web/20251006104916/https://www.wnacg.com/search/index.php?q=%E3%83%A1%E3%82%B9&m=&syn=yes&f=_all&s=create_time_DESC&p=52
/web/20251006104927/https://www.wnacg.com/search/index.php?q=%E3%83%A1%E3%82%B9&m=&syn=yes&f=_all&s=create_time_DESC&p=53
/web/20251006104839/https://www.wnacg.com/search/index.php?q=%E3%83%9E%E3%83%9E&m=&syn=yes&f=_all&s=create_time_DESC&p=51
/web/20251006104848/https://www.wnacg.com/search/index.php?q=%E3%83%9E%E3%83%9E&m=&syn=yes&f=_all&s=create_time_DESC&p=52
/web/20251006104937/https://www.wnacg.com/search/index.php?q=%E3%83%A1%E3%82%B9&m=&syn=yes&f=_all&s=create_time_DESC&p=54
/web/20251006104931/https://www.wnacg.com/search/index.php?q=%E3%83%9E%E3%83%9E&m=&syn=yes&f=_all&s=create_time_DESC&p=54
/web/20251006105019/https://www.wnacg.com/search/index.php?q=%E3%83%AD%E3%83%AA&m=&syn=yes&f=_all&s=create_time_DESC&p=57
/web/20251006104858/https://www.wnacg.com/search/index.php?q=%E3%83%9E%E3%83%9E&m=&syn=yes&f=_all&s=create_time_DESC&p=53
/web/20251006105050/https://www.wnacg.com/search/index.php?q=%E3%83%A1%E3%82%B9&m=&syn=yes&f=_all&s=create_time_DESC&p=55
/web/20251006105110/https://www.wnacg.com/search/index.php?q=%E3%83%AD%E3%83%AA&m=&syn=yes&f=_all&s=create_time_DESC&p=59
/web/20251006105122/https://www.wnacg.com/search/index.php?q=%E3%83%AD%E3%83%AA&m=&syn=yes&f=_all&s=create_time_DESC&p=58
/web/20251006105130/https://www.wnacg.com/search/index.php?q=%E3%83%AD%E3%83%AA&m=&syn=yes&f=_all&s=create_time_DESC&p=60
/web/20251006105150/https://www.wnacg.com/search/index.php?q=%E3%83%A1%E3%82%B9&m=&syn=yes&f=_all&s=create_time_DESC&p=57
/web/20251006105053/https://www.wnacg.com/search/index.php?q=%E3%83%9E%E3%83%9E&m=&syn=yes&f=_all&s=create_time_DESC&p=55
/web/20251006105101/https://www.wnacg.com/search/index.php?q=%E3%83%9E%E3%83%9E&m=&syn=yes&f=_all&s=create_time_DESC&p=56
/web/20251006105151/https://www.wnacg.com/search/index.php?q=%E3%83%9E%E3%83%9E&m=&syn=yes&f=_all&s=create_time_DESC&p=58
/web/20251006105231/https://www.wnacg.com/search/index.php?q=%E3%83%A1%E3%82%B9&m=&syn=yes&f=_all&s=create_time_DESC&p=58
/web/20251006105238/https://www.wnacg.com/search/index.php?q=%E3%83%A1%E3%82%B9&m=&syn=yes&f=_all&s=create_time_DESC&p=56
/web/20251006105228/https://www.wnacg.com/search/index.php?q=%E3%83%9E%E3%83%9E&m=&syn=yes&f=_all&s=create_time_DESC&p=57
/web/20251006105313/https://www.wnacg.com/search/index.php?q=%E3%83%AD%E3%83%AA&m=&syn=yes&f=_all&s=create_time_DESC&p=61
/web/20251006105323/https://www.wnacg.com/search/index.php?q=%E3%83%A1%E3%82%B9&m=&syn=yes&f=_all&s=create_time_DESC&p=59
/web/20251006105252/https://www.wnacg.com/search/index.php?q=%E3%83%9E%E3%83%9E&m=&syn=yes&f=_all&s=create_time_DESC&p=59
/web/20251006105359/https://www.wnacg.com/search/index.php?q=%E3%83%A1%E3%82%B9&m=&syn=yes&f=_all&s=create_time_DESC&p=61
/web/20251006105312/https://www.wnacg.com/search/index.php?q=%E3%83%9E%E3%83%9E&m=&syn=yes&f=_all&s=create_time_DESC&p=60
/web/20251006105349/https://www.wnacg.com/search/index.php?q=%E3%83%A1%E3%82%B9&m=&syn=yes&f=_all&s=create_time_DESC&p=60
/web/20251006105343/https://www.wnacg.com/search/index.php?q=%E3%83%9E%E3%83%9E&m=&syn=yes&f=_all&s=create_time_DESC&p=62
/web/20251006105353/https://www.wnacg.com/search/index.php?q=%E3%83%9E%E3%83%9E&m=&syn=yes&f=_all&s=create_time_DESC&p=61
/web/20251006105512/https://www.wnacg.com/search/index.php?q=%E3%83%A1%E3%82%B9&m=&syn=yes&f=_all&s=create_time_DESC&p=63
/web/20251006105543/https://www.wnacg.com/search/index.php?q=%E3%83%A1%E3%82%B9&m=&syn=yes&f=_all&s=create_time_DESC&p=62
/web/20251006105453/https://www.wnacg.com/search/index.php?q=%E3%83%9E%E3%83%9E&m=&syn=yes&f=_all&s=create_time_DESC&p=63
/web/20251006105605/https://www.wnacg.com/search/index.php?q=%E3%83%A1%E3%82%B9&m=&syn=yes&f=_all&s=create_time_DESC&p=64
/web/20251006105503/https://www.wnacg.com/search/index.php?q=%E3%83%9E%E3%83%9E&m=&syn=yes&f=_all&s=create_time_DESC&p=64
/web/20251006105620/https://www.wnacg.com/search/index.php?q=%E3%83%9E%E3%83%9E&m=&syn=yes&f=_all&s=create_time_DESC&p=65
/web/20251006105523/https://www.wnacg.com/search/index.php?q=%E3%83%9E%E3%83%9E&m=&syn=yes&f=_all&s=create_time_DESC&p=66
/web/20251006105654/https://www.wnacg.com/search/index.php?q=%E3%83%A1%E3%82%B9&m=&syn=yes&f=_all&s=create_time_DESC&p=65
/web/20251006105704/https://www.wnacg.com/search/index.php?q=%E3%83%A1%E3%82%B9&m=&syn=yes&f=_all&s=create_time_DESC&p=66
/web/20251006105714/https://www.wnacg.com/search/index.php?q=%E3%83%A1%E3%82%B9&m=&syn=yes&f=_all&s=create_time_DESC&p=67
/web/20251006105642/https://www.wnacg.com/search/index.php?q=%E3%83%9E%E3%83%9E&m=&syn=yes&f=_all&s=create_time_DESC&p=67
/web/20251006105710/https://www.wnacg.com/search/index.php?q=%E3%83%9E%E3%83%9E&m=&syn=yes&f=_all&s=create_time_DESC&p=68
/web/20251006105743/https://www.wnacg.com/search/index.php?q=%E3%83%A1%E3%82%B9&m=&syn=yes&f=_all&s=create_time_DESC&p=68
/web/20251006105706/https://www.wnacg.com/search/index.php?q=%E3%83%9E%E3%83%9E&m=&syn=yes&f=_all&s=create_time_DESC&p=69
/web/20251006105711/https://www.wnacg.com/search/index.php?q=%E3%83%9E%E3%83%9E&m=&syn=yes&f=_all&s=create_time_DESC&p=70
/web/20251006105833/https://www.wnacg.com/search/index.php?q=%E3%83%A1%E3%82%B9&m=&syn=yes&f=_all&s=create_time_DESC&p=70
/web/20251006105823/https://www.wnacg.com/search/index.php?q=%E3%83%A1%E3%82%B9&m=&syn=yes&f=_all&s=create_time_DESC&p=69
/web/20251006105853/https://www.wnacg.com/search/index.php?q=%E3%83%A1%E3%82%B9&m=&syn=yes&f=_all&s=create_time_DESC&p=71
/web/20251006105946/https://www.wnacg.com/search/index.php?q=%E3%83%9E%E3%83%9E&m=&syn=yes&f=_all&s=create_time_DESC&p=72
/web/20251006105957/https://www.wnacg.com/search/index.php?q=%E3%83%9E%E3%83%9E&m=&syn=yes&f=_all&s=create_time_DESC&p=73
/web/20251006105956/https://www.wnacg.com/search/index.php?q=%E3%83%A1%E3%82%B9&m=&syn=yes&f=_all&s=create_time_DESC&p=72
/web/20251006110029/https://www.wnacg.com/search/index.php?q=%E3%83%A1%E3%82%B9&m=&syn=yes&f=_all&s=create_time_DESC&p=74
/web/20251006110028/https://www.wnacg.com/search/index.php?q=%E3%83%9E%E3%83%9E&m=&syn=yes&f=_all&s=create_time_DESC&p=74
/web/20251006110052/https://www.wnacg.com/search/index.php?q=%E3%83%9E%E3%83%9E&m=&syn=yes&f=_all&s=create_time_DESC&p=71
/web/20251006110052/https://www.wnacg.com/search/index.php?q=%E3%83%A1%E3%82%B9&m=&syn=yes&f=_all&s=create_time_DESC&p=73
/web/20251006110127/https://www.wnacg.com/search/index.php?q=%E3%83%A1%E3%82%B9&m=&syn=yes&f=_all&s=create_time_DESC&p=75
/web/20251006110147/https://www.wnacg.com/search/index.php?q=%E3%83%9E%E3%83%9E&m=&syn=yes&f=_all&s=create_time_DESC&p=75
/web/20251006110157/https://www.wnacg.com/search/index.php?q=%E3%83%9E%E3%83%9E&m=&syn=yes&f=_all&s=create_time_DESC&p=76
/web/20251006110208/https://www.wnacg.com/search/index.php?q=%E3%83%A1%E3%82%B9&m=&syn=yes&f=_all&s=create_time_DESC&p=76
/web/20251006110217/https://www.wnacg.com/search/index.php?q=%E3%83%A1%E3%82%B9&m=&syn=yes&f=_all&s=create_time_DESC&p=78
/web/20251006110235/https://www.wnacg.com/search/index.php?q=%E3%83%A1%E3%82%B9&m=&syn=yes&f=_all&s=create_time_DESC&p=77
/web/20251006110257/https://www.wnacg.com/search/index.php?q=%E3%83%9E%E3%83%9E&m=&syn=yes&f=_all&s=create_time_DESC&p=77
/web/20251006110259/https://www.wnacg.com/search/index.php?q=%E3%83%9E%E3%83%9E&m=&syn=yes&f=_all&s=create_time_DESC&p=78
/web/20251006110319/https://www.wnacg.com/search/index.php?q=%E3%83%9E%E3%83%9E&m=&syn=yes&f=_all&s=create_time_DESC&p=79
/web/20251006110329/https://www.wnacg.com/search/index.php?q=%E3%83%9E%E3%83%9E&m=&syn=yes&f=_all&s=create_time_DESC&p=80
/web/20251006110338/https://www.wnacg.com/search/index.php?q=%E3%83%A1%E3%82%B9&m=&syn=yes&f=_all&s=create_time_DESC&p=80
/web/20251006110409/https://www.wnacg.com/search/index.php?q=%E3%83%A1%E3%82%B9&m=&syn=yes&f=_all&s=create_time_DESC&p=79
/web/20251006110411/https://www.wnacg.com/search/index.php?q=%E3%83%A1%E3%82%B9&m=&syn=yes&f=_all&s=create_time_DESC&p=81
/web/20251006110421/https://www.wnacg.com/search/index.php?q=%E3%83%A1%E3%82%B9&m=&syn=yes&f=_all&s=create_time_DESC&p=82
/web/20251006110431/https://www.wnacg.com/search/index.php?q=%E3%83%9E%E3%83%9E&m=&syn=yes&f=_all&s=create_time_DESC&p=81
/web/20251006110441/https://www.wnacg.com/search/index.php?q=%E3%83%9E%E3%83%9E&m=&syn=yes&f=_all&s=create_time_DESC&p=82
/web/20251006110505/https://www.wnacg.com/search/index.php?q=%E3%83%9E%E3%83%9E&m=&syn=yes&f=_all&s=create_time_DESC&p=83
/web/20251006110531/https://www.wnacg.com/search/index.php?q=%E3%83%9E%E3%83%9E&m=&syn=yes&f=_all&s=create_time_DESC&p=84
/web/20251006110541/https://www.wnacg.com/search/index.php?q=%E3%83%A1%E3%82%B9&m=&syn=yes&f=_all&s=create_time_DESC&p=83
/web/20251006110552/https://www.wnacg.com/search/index.php?q=%E3%83%A1%E3%82%B9&m=&syn=yes&f=_all&s=create_time_DESC&p=84
/web/20251006110612/https://www.wnacg.com/search/index.php?q=%E3%83%9E%E3%83%9E&m=&syn=yes&f=_all&s=create_time_DESC&p=86
/web/20251006110603/https://www.wnacg.com/search/index.php?q=%E3%83%9E%E3%83%9E&m=&syn=yes&f=_all&s=create_time_DESC&p=85
/web/20251006110626/https://www.wnacg.com/search/index.php?q=%E3%83%A1%E3%82%B9&m=&syn=yes&f=_all&s=create_time_DESC&p=85
/web/20251006110647/https://www.wnacg.com/search/index.php?q=%E3%83%9E%E3%83%9E&m=&syn=yes&f=_all&s=create_time_DESC&p=87
/web/20251006110657/https://www.wnacg.com/search/index.php?q=%E3%83%9E%E3%83%9E&m=&syn=yes&f=_all&s=create_time_DESC&p=88
/web/20251006110706/https://www.wnacg.com/search/index.php?q=%E3%83%A1%E3%82%B9&m=&syn=yes&f=_all&s=create_time_DESC&p=86
/web/20251006110731/https://www.wnacg.com/search/index.php?q=%E3%83%9E%E3%83%9E&m=&syn=yes&f=_all&s=create_time_DESC&p=90
/web/20251006110727/https://www.wnacg.com/search/index.php?q=%E3%83%A1%E3%82%B9&m=&syn=yes&f=_all&s=create_time_DESC&p=88
/web/20251006110721/https://www.wnacg.com/search/index.php?q=%E3%83%9E%E3%83%9E&m=&syn=yes&f=_all&s=create_time_DESC&p=89
/web/20251006110721/https://www.wnacg.com/search/index.php?q=%E3%83%A1%E3%82%B9&m=&syn=yes&f=_all&s=create_time_DESC&p=87
/web/20251006110810/https://www.wnacg.com/search/index.php?q=%E3%83%9E%E3%83%9E&m=&syn=yes&f=_all&s=create_time_DESC&p=91
/web/20251006110819/https://www.wnacg.com/search/index.php?q=%E3%83%9E%E3%83%9E&m=&syn=yes&f=_all&s=create_time_DESC&p=92
/web/20251006110830/https://www.wnacg.com/search/index.php?q=%E3%83%A1%E3%82%B9&m=&syn=yes&f=_all&s=create_time_DESC&p=89
/web/20251006110840/https://www.wnacg.com/search/index.php?q=%E3%83%A1%E3%82%B9&m=&syn=yes&f=_all&s=create_time_DESC&p=90
/web/20251006110922/https://www.wnacg.com/search/index.php?q=%E3%83%A1%E3%82%B9&m=&syn=yes&f=_all&s=create_time_DESC&p=92
/web/20251006110915/https://www.wnacg.com/search/index.php?q=%E3%83%A1%E3%82%B9&m=&syn=yes&f=_all&s=create_time_DESC&p=91
/web/20251006110910/https://www.wnacg.com/search/index.php?q=%E3%83%9E%E3%83%9E&m=&syn=yes&f=_all&s=create_time_DESC&p=94
/web/20251006110850/https://www.wnacg.com/search/index.php?q=%E3%83%9E%E3%83%9E&m=&syn=yes&f=_all&s=create_time_DESC&p=93
/web/20251006110953/https://www.wnacg.com/search/index.php?q=%E3%83%9E%E3%83%9E&m=&syn=yes&f=_all&s=create_time_DESC&p=95
/web/20251006111000/https://www.wnacg.com/search/index.php?q=%E3%83%9E%E3%83%9E&m=&syn=yes&f=_all&s=create_time_DESC&p=96
/web/20251006111009/https://www.wnacg.com/search/index.php?q=%E3%83%A1%E3%82%B9&m=&syn=yes&f=_all&s=create_time_DESC&p=93
/web/20251006111029/https://www.wnacg.com/search/index.php?q=%E3%83%A1%E3%82%B9&m=&syn=yes&f=_all&s=create_time_DESC&p=96
/web/20251006111049/https://www.wnacg.com/search/index.php?q=%E3%83%9E%E3%83%9E&m=&syn=yes&f=_all&s=create_time_DESC&p=97
/web/20251006111040/https://www.wnacg.com/search/index.php?q=%E3%83%A1%E3%82%B9&m=&syn=yes&f=_all&s=create_time_DESC&p=94
/web/20251006111058/https://www.wnacg.com/search/index.php?q=%E3%83%9E%E3%83%9E&m=&syn=yes&f=_all&s=create_time_DESC&p=98
/web/20251006111140/https://www.wnacg.com/search/index.php?q=%E3%83%9E%E3%83%9E&m=&syn=yes&f=_all&s=create_time_DESC&p=99
/web/20251006111141/https://www.wnacg.com/search/index.php?q=%E3%83%A1%E3%82%B9&m=&syn=yes&f=_all&s=create_time_DESC&p=95
/web/20251006111141/https://www.wnacg.com/search/index.php?q=%E3%83%A1%E3%82%B9&m=&syn=yes&f=_all&s=create_time_DESC&p=97
/web/20251006111156/https://www.wnacg.com/search/index.php?q=%E3%83%A1%E3%82%B9&m=&syn=yes&f=_all&s=create_time_DESC&p=100
/web/20251006111234/https://www.wnacg.com/search/index.php?q=%E3%83%9E%E3%83%9E&m=&syn=yes&f=_all&s=create_time_DESC&p=100
/web/20251006111223/https://www.wnacg.com/search/index.php?q=%E3%83%A1%E3%82%B9&m=&syn=yes&f=_all&s=create_time_DESC&p=99
/web/20251006111243/https://www.wnacg.com/search/index.php?q=%E3%83%9E%E3%83%9E&m=&syn=yes&f=_all&s=create_time_DESC&p=101
/web/20251006111221/https://www.wnacg.com/search/index.php?q=%E3%83%A1%E3%82%B9&m=&syn=yes&f=_all&s=create_time_DESC&p=98
/web/20251006111256/https://www.wnacg.com/search/index.php?q=%E3%83%9E%E3%83%9E&m=&syn=yes&f=_all&s=create_time_DESC&p=102
/web/20251006111317/https://www.wnacg.com/search/index.php?q=%E3%83%9E%E3%83%9E&m=&syn=yes&f=_all&s=create_time_DESC&p=103
/web/20251006111346/https://www.wnacg.com/search/index.php?q=%E3%83%A1%E3%82%B9&m=&syn=yes&f=_all&s=create_time_DESC&p=103
/web/20251006111327/https://www.wnacg.com/search/index.php?q=%E3%83%A1%E3%82%B9&m=&syn=yes&f=_all&s=create_time_DESC&p=101
/web/20251006111337/https://www.wnacg.com/search/index.php?q=%E3%83%A1%E3%82%B9&m=&syn=yes&f=_all&s=create_time_DESC&p=104
/web/20251006111357/https://www.wnacg.com/search/index.php?q=%E3%83%A1%E3%82%B9&m=&syn=yes&f=_all&s=create_time_DESC&p=102
/web/20251006111418/https://www.wnacg.com/search/index.php?q=%E3%83%9E%E3%83%9E&m=&syn=yes&f=_all&s=create_time_DESC&p=105
/web/20251006111407/https://www.wnacg.com/search/index.php?q=%E3%83%9E%E3%83%9E&m=&syn=yes&f=_all&s=create_time_DESC&p=104
/web/20251006111446/https://www.wnacg.com/search/index.php?q=%E3%83%9E%E3%83%9E&m=&syn=yes&f=_all&s=create_time_DESC&p=106
/web/20251006111506/https://www.wnacg.com/search/index.php?q=%E3%83%9E%E3%83%9E&m=&syn=yes&f=_all&s=create_time_DESC&p=107
/web/20251006111516/https://www.wnacg.com/search/index.php?q=%E3%83%A1%E3%82%B9&m=&syn=yes&f=_all&s=create_time_DESC&p=105
/web/20251006111527/https://www.wnacg.com/search/index.php?q=%E3%83%A1%E3%82%B9&m=&syn=yes&f=_all&s=create_time_DESC&p=106
/web/20251006111536/https://www.wnacg.com/search/index.php?q=%E3%83%9E%E3%83%9E&m=&syn=yes&f=_all&s=create_time_DESC&p=109
/web/20251006111611/https://www.wnacg.com/search/index.php?q=%E3%83%9E%E3%83%9E&m=&syn=yes&f=_all&s=create_time_DESC&p=108
/web/20251006111638/https://www.wnacg.com/search/index.php?q=%E3%83%9E%E3%83%9E&m=&syn=yes&f=_all&s=create_time_DESC&p=110
/web/20251006111701/https://www.wnacg.com/search/index.php?q=%E3%83%9E%E3%83%9E&m=&syn=yes&f=_all&s=create_time_DESC&p=113
/web/20251006111721/https://www.wnacg.com/search/index.php?q=%E3%83%9E%E3%83%9E&m=&syn=yes&f=_all&s=create_time_DESC&p=112
/web/20251006111730/https://www.wnacg.com/search/index.php?q=%E3%83%9E%E3%83%9E&m=&syn=yes&f=_all&s=create_time_DESC&p=114
/web/20251006111721/https://www.wnacg.com/search/index.php?q=%E3%83%9E%E3%83%9E&m=&syn=yes&f=_all&s=create_time_DESC&p=111
/web/20251006111813/https://www.wnacg.com/search/index.php?q=%E3%83%9E%E3%83%9E&m=&syn=yes&f=_all&s=create_time_DESC&p=115
/web/20251006111825/https://www.wnacg.com/search/index.php?q=%E3%83%9E%E3%83%9E&m=&syn=yes&f=_all&s=create_time_DESC&p=116
/web/20251006111834/https://www.wnacg.com/search/index.php?q=%E3%83%9E%E3%83%9E&m=&syn=yes&f=_all&s=create_time_DESC&p=118
/web/20251006111820/https://www.wnacg.com/search/index.php?q=%E3%83%9E%E3%83%9E&m=&syn=yes&f=_all&s=create_time_DESC&p=117
/web/20251006111929/https://www.wnacg.com/search/index.php?q=%E3%83%9E%E3%83%9E&m=&syn=yes&f=_all&s=create_time_DESC&p=121
/web/20251006111937/https://www.wnacg.com/search/index.php?q=%E3%83%9E%E3%83%9E&m=&syn=yes&f=_all&s=create_time_DESC&p=122
/web/20251006111947/https://www.wnacg.com/search/index.php?q=%E3%83%9E%E3%83%9E&m=&syn=yes&f=_all&s=create_time_DESC&p=120
/web/20251006111918/https://www.wnacg.com/search/index.php?q=%E3%83%9E%E3%83%9E&m=&syn=yes&f=_all&s=create_time_DESC&p=119
/web/20251006112011/https://www.wnacg.com/search/index.php?q=%E3%83%9E%E3%83%9E&m=&syn=yes&f=_all&s=create_time_DESC&p=125
/web/20251006112042/https://www.wnacg.com/search/index.php?q=%E3%83%9E%E3%83%9E&m=&syn=yes&f=_all&s=create_time_DESC&p=126
/web/20251006112141/https://www.wnacg.com/search/index.php?q=%E3%83%9E%E3%83%9E&m=&syn=yes&f=_all&s=create_time_DESC&p=124
/web/20251006112037/https://www.wnacg.com/search/index.php?q=%E3%83%9E%E3%83%9E&m=&syn=yes&f=_all&s=create_time_DESC&p=123
/web/20251006112202/https://www.wnacg.com/search/index.php?q=%E3%83%9E%E3%83%9E&m=&syn=yes&f=_all&s=create_time_DESC&p=127
/web/20251006112213/https://www.wnacg.com/search/index.php?q=%E3%83%9E%E3%83%9E&m=&syn=yes&f=_all&s=create_time_DESC&p=129
/web/20251006112222/https://www.wnacg.com/search/index.php?q=%E3%83%9E%E3%83%9E&m=&syn=yes&f=_all&s=create_time_DESC&p=130
/web/20251006112231/https://www.wnacg.com/search/index.php?q=%E3%83%9E%E3%83%9E&m=&syn=yes&f=_all&s=create_time_DESC&p=128
/web/20251006112301/https://www.wnacg.com/search/index.php?q=%E3%83%9E%E3%83%9E&m=&syn=yes&f=_all&s=create_time_DESC&p=132
/web/20251006112309/https://www.wnacg.com/search/index.php?q=%E3%83%9E%E3%83%9E&m=&syn=yes&f=_all&s=create_time_DESC&p=131
/web/20251006112322/https://www.wnacg.com/search/index.php?q=%E3%83%9E%E3%83%9E&m=&syn=yes&f=_all&s=create_time_DESC&p=134
/web/20251006112311/https://www.wnacg.com/search/index.php?q=%E3%83%9E%E3%83%9E&m=&syn=yes&f=_all&s=create_time_DESC&p=133
/web/20251006112359/https://www.wnacg.com/search/index.php?q=%E3%83%9E%E3%83%9E&m=&syn=yes&f=_all&s=create_time_DESC&p=135
/web/20251006112409/https://www.wnacg.com/search/index.php?q=%E3%83%9E%E3%83%9E&m=&syn=yes&f=_all&s=create_time_DESC&p=136
/web/20251006112418/https://www.wnacg.com/search/index.php?q=%E3%83%9E%E3%83%9E&m=&syn=yes&f=_all&s=create_time_DESC&p=138
/web/20251006112428/https://www.wnacg.com/search/index.php?q=%E3%83%9E%E3%83%9E&m=&syn=yes&f=_all&s=create_time_DESC&p=137
/web/20251006112458/https://www.wnacg.com/search/index.php?q=%E3%83%9E%E3%83%9E&m=&syn=yes&f=_all&s=create_time_DESC&p=140
/web/20251006112509/https://www.wnacg.com/search/index.php?q=%E3%83%9E%E3%83%9E&m=&syn=yes&f=_all&s=create_time_DESC&p=141
/web/20251006112449/https://www.wnacg.com/search/index.php?q=%E3%83%9E%E3%83%9E&m=&syn=yes&f=_all&s=create_time_DESC&p=139
/web/20251006112535/https://www.wnacg.com/search/index.php?q=%E3%83%9E%E3%83%9E&m=&syn=yes&f=_all&s=create_time_DESC&p=144
/web/20251006112547/https://www.wnacg.com/search/index.php?q=%E3%83%9E%E3%83%9E&m=&syn=yes&f=_all&s=create_time_DESC&p=142
/web/20251006112603/https://www.wnacg.com/search/index.php?q=%E3%83%9E%E3%83%9E&m=&syn=yes&f=_all&s=create_time_DESC&p=143
/web/20251006112611/https://www.wnacg.com/search/index.php?q=%E3%83%9E%E3%83%9E&m=&syn=yes&f=_all&s=create_time_DESC&p=145
/web/20251006112631/https://www.wnacg.com/search/index.php?q=%E3%83%9E%E3%83%9E&m=&syn=yes&f=_all&s=create_time_DESC&p=146
/web/20251006112642/https://www.wnacg.com/search/index.php?q=%E3%83%9E%E3%83%9E&m=&syn=yes&f=_all&s=create_time_DESC&p=147
/web/20251006112711/https://www.wnacg.com/search/index.php?q=%E3%83%9E%E3%83%9E&m=&syn=yes&f=_all&s=create_time_DESC&p=148
/web/20251006112713/https://www.wnacg.com/search/index.php?q=%E3%83%9E%E3%83%9E&m=&syn=yes&f=_all&s=create_time_DESC&p=149
/web/20251006112742/https://www.wnacg.com/search/index.php?q=%E3%83%9E%E3%83%9E&m=&syn=yes&f=_all&s=create_time_DESC&p=151
/web/20251006112739/https://www.wnacg.com/search/index.php?q=%E3%83%9E%E3%83%9E&m=&syn=yes&f=_all&s=create_time_DESC&p=150
/web/20251006112751/https://www.wnacg.com/search/index.php?q=%E3%83%9E%E3%83%9E&m=&syn=yes&f=_all&s=create_time_DESC&p=152
/web/20251006112827/https://www.wnacg.com/search/index.php?q=%E3%83%9E%E3%83%9E&m=&syn=yes&f=_all&s=create_time_DESC&p=153
/web/20251006112852/https://www.wnacg.com/search/index.php?q=%E3%83%9E%E3%83%9E&m=&syn=yes&f=_all&s=create_time_DESC&p=155
/web/20251006112902/https://www.wnacg.com/search/index.php?q=%E3%83%9E%E3%83%9E&m=&syn=yes&f=_all&s=create_time_DESC&p=154
/web/20251006112912/https://www.wnacg.com/search/index.php?q=%E3%83%9E%E3%83%9E&m=&syn=yes&f=_all&s=create_time_DESC&p=156
