https://www.wnacg.com/search/?q=SHUKO&f=_all&s=create_time_DESC&syn=yes
https://www.wnacg.com/search/?q=%E3%82%AC%E3%83%BC%E3%83%AB%E3%82%BA%E3%83%95%E3%82%A9%E3%83%BC%E3%83%A0&f=_all&s=create_time_DESC&syn=yes
https://www.wnacg.com/search/index.php?q=shuko%E3%83%88%E3%83%A9%E3%82%A4%E3%82%A2%E3%83%B3%E3%82%B0%E3%83%AB%E3%82%A2%E3%82%AF%E3%83%A1&f=_all&s=create_time_DESC
https://www.wnacg.com/search/index.php?q=SHUKO&m=&syn=yes&f=_all&s=create_time_DESC&p=2
https://www.wnacg.com/search/index.php?q=%E3%82%AC%E3%83%BC%E3%83%AB%E3%82%BA%E3%83%95%E3%82%A9%E3%83%BC%E3%83%A0&m=&syn=yes&f=_all&s=create_time_DESC&p=3
https://www.wnacg.com/search/index.php?q=%E3%81%8B%E3%81%91%E3%81%AA%E3%81%97+%E3%81%93%E3%81%86%E3%81%90%E3%81%A1%E3%82%82%E3%81%A8shuko&f=_all&s=create_time_DESC
https://www.wnacg.com/search/index.php?q=%E3%82%AC%E3%83%BC%E3%83%AB%E3%82%BA%E3%83%95%E3%82%A9%E3%83%BC%E3%83%A0&m=&syn=yes&f=_all&s=create_time_DESC&p=2
https://www.wnacg.com/search/index.php?q=%E3%82%AC%E3%83%BC%E3%83%AB%E3%82%BA%E3%83%95%E3%82%A9%E3%83%BC%E3%83%A0&m=&syn=yes&f=_all&s=create_time_DESC&p=6
https://www.wnacg.com/search/index.php?q=%E3%82%AC%E3%83%BC%E3%83%AB%E3%82%BA%E3%83%95%E3%82%A9%E3%83%BC%E3%83%A0&m=&syn=yes&f=_all&s=create_time_DESC&p=4
https://www.wnacg.com/search/index.php?q=%E3%83%AD%E3%83%AA&f=_all&s=create_time_DESC
https://www.wnacg.com/search/index.php?q=%E3%83%A1%E3%82%B9&f=_all&s=create_time_DESC
https://www.wnacg.com/search/index.php?q=%E3%83%9E%E3%83%9E&f=_all&s=create_time_DESC
https://www.wnacg.com/search/index.php?q=%E3%82%AC%E3%83%BC%E3%83%AB%E3%82%BA%E3%83%95%E3%82%A9%E3%83%BC%E3%83%A0&m=&syn=yes&f=_all&s=create_time_DESC&p=5
https://www.wnacg.com/search/index.php?q=%E3%83%AD%E3%83%AA&m=&syn=yes&f=_all&s=create_time_DESC&p=3
https://www.wnacg.com/search/index.php?q=%E3%83%AD%E3%83%AA&m=&syn=yes&f=_all&s=create_time_DESC&p=5
https://www.wnacg.com/search/index.php?q=%E3%82%AC%E3%83%BC%E3%83%AB%E3%82%BA%E3%83%95%E3%82%A9%E3%83%BC%E3%83%A0&m=&syn=yes&f=_all&s=create_time_DESC&p=1
https://www.wnacg.com/search/index.php?q=%E3%83%AD%E3%83%AA&m=&syn=yes&f=_all&s=create_time_DESC&p=4
https://www.wnacg.com/search/index.php?q=%E3%83%AD%E3%83%AA&m=&syn=yes&f=_all&s=create_time_DESC&p=2
https://www.wnacg.com/search/index.php?q=SHUKO&m=&syn=yes&f=_all&s=create_time_DESC&p=1
https://www.wnacg.com/search/index.php?q=%E3%83%AD%E3%83%AA&m=&syn=yes&f=_all&s=create_time_DESC&p=6
https://www.wnacg.com/search/index.php?q=%E3%83%AD%E3%83%AA&m=&syn=yes&f=_all&s=create_time_DESC&p=10
https://www.wnacg.com/search/index.php?q=%E3%83%AD%E3%83%AA&m=&syn=yes&f=_all&s=create_time_DESC&p=7
https://www.wnacg.com/search/index.php?q=%E3%83%AD%E3%83%AA&m=&syn=yes&f=_all&s=create_time_DESC&p=9
https://www.wnacg.com/search/index.php?q=%E3%83%AD%E3%83%AA&m=&syn=yes&f=_all&s=create_time_DESC&p=8
https://www.wnacg.com/search/index.php?q=%E3%83%A1%E3%82%B9&m=&syn=yes&f=_all&s=create_time_DESC&p=4
https://www.wnacg.com/search/index.php?q=%E3%83%A1%E3%82%B9&m=&syn=yes&f=_all&s=create_time_DESC&p=8
https://www.wnacg.com/search/index.php?q=%E3%83%A1%E3%82%B9&m=&syn=yes&f=_all&s=create_time_DESC&p=6
https://www.wnacg.com/search/index.php?q=%E3%83%A1%E3%82%B9&m=&syn=yes&f=_all&s=create_time_DESC&p=9
https://www.wnacg.com/search/index.php?q=%E3%83%A1%E3%82%B9&m=&syn=yes&f=_all&s=create_time_DESC&p=3
https://www.wnacg.com/search/index.php?q=%E3%83%A1%E3%82%B9&m=&syn=yes&f=_all&s=create_time_DESC&p=5
https://www.wnacg.com/search/index.php?q=%E3%83%A1%E3%82%B9&m=&syn=yes&f=_all&s=create_time_DESC&p=2
https://www.wnacg.com/search/index.php?q=%E3%83%9E%E3%83%9E&m=&syn=yes&f=_all&s=create_time_DESC&p=7
https://www.wnacg.com/search/index.php?q=%E3%83%A1%E3%82%B9&m=&syn=yes&f=_all&s=create_time_DESC&p=7
https://www.wnacg.com/search/index.php?q=%E3%83%9E%E3%83%9E&m=&syn=yes&f=_all&s=create_time_DESC&p=6
https://www.wnacg.com/search/index.php?q=%E3%83%AD%E3%83%AA&m=&syn=yes&f=_all&s=create_time_DESC&p=1
https://www.wnacg.com/search/index.php?q=%E3%83%AD%E3%83%AA&m=&syn=yes&f=_all&s=create_time_DESC&p=12
https://www.wnacg.com/search/index.php?q=%E3%83%A1%E3%82%B9&m=&syn=yes&f=_all&s=create_time_DESC&p=10
https://www.wnacg.com/search/index.php?q=%E3%83%AD%E3%83%AA&m=&syn=yes&f=_all&s=create_time_DESC&p=13
https://www.wnacg.com/search/index.php?q=%E3%83%AD%E3%83%AA&m=&syn=yes&f=_all&s=create_time_DESC&p=14
https://www.wnacg.com/search/index.php?q=%E3%83%AD%E3%83%AA&m=&syn=yes&f=_all&s=create_time_DESC&p=11
https://www.wnacg.com/search/index.php?q=%E3%83%A1%E3%82%B9&m=&syn=yes&f=_all&s=create_time_DESC&p=1
https://www.wnacg.com/search/index.php?q=%E3%83%A1%E3%82%B9&m=&syn=yes&f=_all&s=create_time_DESC&p=12
https://www.wnacg.com/search/index.php?q=%E3%83%A1%E3%82%B9&m=&syn=yes&f=_all&s=create_time_DESC&p=11
https://www.wnacg.com/search/index.php?q=%E3%83%9E%E3%83%9E&m=&syn=yes&f=_all&s=create_time_DESC&p=11
https://www.wnacg.com/search/index.php?q=%E3%83%9E%E3%83%9E&m=&syn=yes&f=_all&s=create_time_DESC&p=9
https://www.wnacg.com/search/index.php?q=%E3%83%A1%E3%82%B9&m=&syn=yes&f=_all&s=create_time_DESC&p=13
https://www.wnacg.com/search/index.php?q=%E3%83%9E%E3%83%9E&m=&syn=yes&f=_all&s=create_time_DESC&p=3
https://www.wnacg.com/search/index.php?q=%E3%83%9E%E3%83%9E&m=&syn=yes&f=_all&s=create_time_DESC&p=10
https://www.wnacg.com/search/index.php?q=%E3%83%9E%E3%83%9E&m=&syn=yes&f=_all&s=create_time_DESC&p=5
https://www.wnacg.com/search/index.php?q=%E3%83%9E%E3%83%9E&m=&syn=yes&f=_all&s=create_time_DESC&p=2
https://www.wnacg.com/search/index.php?q=%E3%83%9E%E3%83%9E&m=&syn=yes&f=_all&s=create_time_DESC&p=4
https://www.wnacg.com/search/index.php?q=%E3%83%9E%E3%83%9E&m=&syn=yes&f=_all&s=create_time_DESC&p=8
https://www.wnacg.com/search/index.php?q=%E3%83%AD%E3%83%AA&m=&syn=yes&f=_all&s=create_time_DESC&p=16
https://www.wnacg.com/search/index.php?q=%E3%83%9E%E3%83%9E&m=&syn=yes&f=_all&s=create_time_DESC&p=1
https://www.wnacg.com/search/index.php?q=%E3%83%AD%E3%83%AA&m=&syn=yes&f=_all&s=create_time_DESC&p=15
https://www.wnacg.com/search/index.php?q=%E3%83%AD%E3%83%AA&m=&syn=yes&f=_all&s=create_time_DESC&p=17
https://www.wnacg.com/search/index.php?q=%E3%83%AD%E3%83%AA&m=&syn=yes&f=_all&s=create_time_DESC&p=18
https://www.wnacg.com/search/index.php?q=%E3%83%A1%E3%82%B9&m=&syn=yes&f=_all&s=create_time_DESC&p=16
https://www.wnacg.com/search/index.php?q=%E3%83%9E%E3%83%9E&m=&syn=yes&f=_all&s=create_time_DESC&p=15
https://www.wnacg.com/search/index.php?q=%E3%83%A1%E3%82%B9&m=&syn=yes&f=_all&s=create_time_DESC&p=15
https://www.wnacg.com/search/index.php?q=%E3%83%9E%E3%83%9E&m=&syn=yes&f=_all&s=create_time_DESC&p=13
https://www.wnacg.com/search/index.php?q=%E3%83%9E%E3%83%9E&m=&syn=yes&f=_all&s=create_time_DESC&p=12
https://www.wnacg.com/search/index.php?q=%E3%83%A1%E3%82%B9&m=&syn=yes&f=_all&s=create_time_DESC&p=14
https://www.wnacg.com/search/index.php?q=%E3%83%A1%E3%82%B9&m=&syn=yes&f=_all&s=create_time_DESC&p=17
https://www.wnacg.com/search/index.php?q=%E3%83%9E%E3%83%9E&m=&syn=yes&f=_all&s=create_time_DESC&p=14
https://www.wnacg.com/search/index.php?q=%E3%83%AD%E3%83%AA&m=&syn=yes&f=_all&s=create_time_DESC&p=19
https://www.wnacg.com/search/index.php?q=%E3%83%AD%E3%83%AA&m=&syn=yes&f=_all&s=create_time_DESC&p=21
https://www.wnacg.com/search/index.php?q=%E3%83%AD%E3%83%AA&m=&syn=yes&f=_all&s=create_time_DESC&p=20
https://www.wnacg.com/search/index.php?q=%E3%83%A1%E3%82%B9&m=&syn=yes&f=_all&s=create_time_DESC&p=20
https://www.wnacg.com/search/index.php?q=%E3%83%A1%E3%82%B9&m=&syn=yes&f=_all&s=create_time_DESC&p=19
https://www.wnacg.com/search/index.php?q=%E3%83%AD%E3%83%AA&m=&syn=yes&f=_all&s=create_time_DESC&p=22
https://www.wnacg.com/search/index.php?q=%E3%83%9E%E3%83%9E&m=&syn=yes&f=_all&s=create_time_DESC&p=16
https://www.wnacg.com/search/index.php?q=%E3%83%9E%E3%83%9E&m=&syn=yes&f=_all&s=create_time_DESC&p=18
https://www.wnacg.com/search/index.php?q=%E3%83%9E%E3%83%9E&m=&syn=yes&f=_all&s=create_time_DESC&p=17
https://www.wnacg.com/search/index.php?q=%E3%83%9E%E3%83%9E&m=&syn=yes&f=_all&s=create_time_DESC&p=19
https://www.wnacg.com/search/index.php?q=%E3%83%A1%E3%82%B9&m=&syn=yes&f=_all&s=create_time_DESC&p=18
https://www.wnacg.com/search/index.php?q=%E3%83%A1%E3%82%B9&m=&syn=yes&f=_all&s=create_time_DESC&p=21
https://www.wnacg.com/search/index.php?q=%E3%83%AD%E3%83%AA&m=&syn=yes&f=_all&s=create_time_DESC&p=23
https://www.wnacg.com/search/index.php?q=%E3%83%AD%E3%83%AA&m=&syn=yes&f=_all&s=create_time_DESC&p=24
https://www.wnacg.com/search/index.php?q=%E3%83%A1%E3%82%B9&m=&syn=yes&f=_all&s=create_time_DESC&p=24
https://www.wnacg.com/search/index.php?q=%E3%83%A1%E3%82%B9&m=&syn=yes&f=_all&s=create_time_DESC&p=22
https://www.wnacg.com/search/index.php?q=%E3%83%A1%E3%82%B9&m=&syn=yes&f=_all&s=create_time_DESC&p=23
https://www.wnacg.com/search/index.php?q=%E3%83%AD%E3%83%AA&m=&syn=yes&f=_all&s=create_time_DESC&p=26
https://www.wnacg.com/search/index.php?q=%E3%83%9E%E3%83%9E&m=&syn=yes&f=_all&s=create_time_DESC&p=20
https://www.wnacg.com/search/index.php?q=%E3%83%AD%E3%83%AA&m=&syn=yes&f=_all&s=create_time_DESC&p=25
https://www.wnacg.com/search/index.php?q=%E3%83%9E%E3%83%9E&m=&syn=yes&f=_all&s=create_time_DESC&p=21
https://www.wnacg.com/search/index.php?q=%E3%83%9E%E3%83%9E&m=&syn=yes&f=_all&s=create_time_DESC&p=22
https://www.wnacg.com/search/index.php?q=%E3%83%A1%E3%82%B9&m=&syn=yes&f=_all&s=create_time_DESC&p=25
https://www.wnacg.com/search/index.php?q=%E3%83%9E%E3%83%9E&m=&syn=yes&f=_all&s=create_time_DESC&p=23
https://www.wnacg.com/search/index.php?q=%E3%83%AD%E3%83%AA&m=&syn=yes&f=_all&s=create_time_DESC&p=27
https://www.wnacg.com/search/index.php?q=%E3%83%AD%E3%83%AA&m=&syn=yes&f=_all&s=create_time_DESC&p=28
https://www.wnacg.com/search/index.php?q=%E3%83%A1%E3%82%B9&m=&syn=yes&f=_all&s=create_time_DESC&p=26
https://www.wnacg.com/search/index.php?q=%E3%83%A1%E3%82%B9&m=&syn=yes&f=_all&s=create_time_DESC&p=28
https://www.wnacg.com/search/index.php?q=%E3%83%A1%E3%82%B9&m=&syn=yes&f=_all&s=create_time_DESC&p=27
https://www.wnacg.com/search/index.php?q=%E3%83%AD%E3%83%AA&m=&syn=yes&f=_all&s=create_time_DESC&p=30
https://www.wnacg.com/search/index.php?q=%E3%83%9E%E3%83%9E&m=&syn=yes&f=_all&s=create_time_DESC&p=24
https://www.wnacg.com/search/index.php?q=%E3%83%9E%E3%83%9E&m=&syn=yes&f=_all&s=create_time_DESC&p=26
https://www.wnacg.com/search/index.php?q=%E3%83%AD%E3%83%AA&m=&syn=yes&f=_all&s=create_time_DESC&p=29
https://www.wnacg.com/search/index.php?q=%E3%83%9E%E3%83%9E&m=&syn=yes&f=_all&s=create_time_DESC&p=25
https://www.wnacg.com/search/index.php?q=%E3%83%9E%E3%83%9E&m=&syn=yes&f=_all&s=create_time_DESC&p=27
https://www.wnacg.com/search/index.php?q=%E3%83%A1%E3%82%B9&m=&syn=yes&f=_all&s=create_time_DESC&p=29
https://www.wnacg.com/search/index.php?q=%E3%83%AD%E3%83%AA&m=&syn=yes&f=_all&s=create_time_DESC&p=31
https://www.wnacg.com/search/index.php?q=%E3%83%AD%E3%83%AA&m=&syn=yes&f=_all&s=create_time_DESC&p=32
https://www.wnacg.com/search/index.php?q=%E3%83%A1%E3%82%B9&m=&syn=yes&f=_all&s=create_time_DESC&p=32
https://www.wnacg.com/search/index.php?q=%E3%83%A1%E3%82%B9&m=&syn=yes&f=_all&s=create_time_DESC&p=31
https://www.wnacg.com/search/index.php?q=%E3%83%A1%E3%82%B9&m=&syn=yes&f=_all&s=create_time_DESC&p=30
https://www.wnacg.com/search/index.php?q=%E3%83%AD%E3%83%AA&m=&syn=yes&f=_all&s=create_time_DESC&p=33
https://www.wnacg.com/search/index.php?q=%E3%83%AD%E3%83%AA&m=&syn=yes&f=_all&s=create_time_DESC&p=34
https://www.wnacg.com/search/index.php?q=%E3%83%9E%E3%83%9E&m=&syn=yes&f=_all&s=create_time_DESC&p=28
https://www.wnacg.com/search/index.php?q=%E3%83%9E%E3%83%9E&m=&syn=yes&f=_all&s=create_time_DESC&p=30
https://www.wnacg.com/search/index.php?q=%E3%83%9E%E3%83%9E&m=&syn=yes&f=_all&s=create_time_DESC&p=29
https://www.wnacg.com/search/index.php?q=%E3%83%9E%E3%83%9E&m=&syn=yes&f=_all&s=create_time_DESC&p=31
https://www.wnacg.com/search/index.php?q=%E3%83%AD%E3%83%AA&m=&syn=yes&f=_all&s=create_time_DESC&p=36
https://www.wnacg.com/search/index.php?q=%E3%83%A1%E3%82%B9&m=&syn=yes&f=_all&s=create_time_DESC&p=33
https://www.wnacg.com/search/index.php?q=%E3%83%AD%E3%83%AA&m=&syn=yes&f=_all&s=create_time_DESC&p=35
https://www.wnacg.com/search/index.php?q=%E3%83%A1%E3%82%B9&m=&syn=yes&f=_all&s=create_time_DESC&p=35
https://www.wnacg.com/search/index.php?q=%E3%83%9E%E3%83%9E&m=&syn=yes&f=_all&s=create_time_DESC&p=32
https://www.wnacg.com/search/index.php?q=%E3%83%A1%E3%82%B9&m=&syn=yes&f=_all&s=create_time_DESC&p=34
https://www.wnacg.com/search/index.php?q=%E3%83%AD%E3%83%AA&m=&syn=yes&f=_all&s=create_time_DESC&p=37
https://www.wnacg.com/search/index.php?q=%E3%83%AD%E3%83%AA&m=&syn=yes&f=_all&s=create_time_DESC&p=38
https://www.wnacg.com/search/index.php?q=%E3%83%9E%E3%83%9E&m=&syn=yes&f=_all&s=create_time_DESC&p=33
https://www.wnacg.com/search/index.php?q=%E3%83%9E%E3%83%9E&m=&syn=yes&f=_all&s=create_time_DESC&p=35
https://www.wnacg.com/search/index.php?q=%E3%83%9E%E3%83%9E&m=&syn=yes&f=_all&s=create_time_DESC&p=34
https://www.wnacg.com/search/index.php?q=%E3%83%AD%E3%83%AA&m=&syn=yes&f=_all&s=create_time_DESC&p=40
https://www.wnacg.com/search/index.php?q=%E3%83%A1%E3%82%B9&m=&syn=yes&f=_all&s=create_time_DESC&p=37
https://www.wnacg.com/search/index.php?q=%E3%83%A1%E3%82%B9&m=&syn=yes&f=_all&s=create_time_DESC&p=36
https://www.wnacg.com/search/index.php?q=%E3%83%A1%E3%82%B9&m=&syn=yes&f=_all&s=create_time_DESC&p=38
https://www.wnacg.com/search/index.php?q=%E3%83%AD%E3%83%AA&m=&syn=yes&f=_all&s=create_time_DESC&p=39
https://www.wnacg.com/search/index.php?q=%E3%83%AD%E3%83%AA&m=&syn=yes&f=_all&s=create_time_DESC&p=41
https://www.wnacg.com/search/index.php?q=%E3%83%AD%E3%83%AA&m=&syn=yes&f=_all&s=create_time_DESC&p=42
https://www.wnacg.com/search/index.php?q=%E3%83%A1%E3%82%B9&m=&syn=yes&f=_all&s=create_time_DESC&p=39
https://www.wnacg.com/search/index.php?q=%E3%83%9E%E3%83%9E&m=&syn=yes&f=_all&s=create_time_DESC&p=36
https://www.wnacg.com/search/index.php?q=%E3%83%9E%E3%83%9E&m=&syn=yes&f=_all&s=create_time_DESC&p=37
https://www.wnacg.com/search/index.php?q=%E3%83%9E%E3%83%9E&m=&syn=yes&f=_all&s=create_time_DESC&p=39
https://www.wnacg.com/search/index.php?q=%E3%83%9E%E3%83%9E&m=&syn=yes&f=_all&s=create_time_DESC&p=38
https://www.wnacg.com/search/index.php?q=%E3%83%AD%E3%83%AA&m=&syn=yes&f=_all&s=create_time_DESC&p=43
https://www.wnacg.com/search/index.php?q=%E3%83%AD%E3%83%AA&m=&syn=yes&f=_all&s=create_time_DESC&p=44
https://www.wnacg.com/search/index.php?q=%E3%83%A1%E3%82%B9&m=&syn=yes&f=_all&s=create_time_DESC&p=42
https://www.wnacg.com/search/index.php?q=%E3%83%A1%E3%82%B9&m=&syn=yes&f=_all&s=create_time_DESC&p=40
https://www.wnacg.com/search/index.php?q=%E3%83%AD%E3%83%AA&m=&syn=yes&f=_all&s=create_time_DESC&p=45
https://www.wnacg.com/search/index.php?q=%E3%83%AD%E3%83%AA&m=&syn=yes&f=_all&s=create_time_DESC&p=46
https://www.wnacg.com/search/index.php?q=%E3%83%A1%E3%82%B9&m=&syn=yes&f=_all&s=create_time_DESC&p=41
https://www.wnacg.com/search/index.php?q=%E3%83%9E%E3%83%9E&m=&syn=yes&f=_all&s=create_time_DESC&p=40
https://www.wnacg.com/search/index.php?q=%E3%83%A1%E3%82%B9&m=&syn=yes&f=_all&s=create_time_DESC&p=43
https://www.wnacg.com/search/index.php?q=%E3%83%9E%E3%83%9E&m=&syn=yes&f=_all&s=create_time_DESC&p=41
https://www.wnacg.com/search/index.php?q=%E3%83%9E%E3%83%9E&m=&syn=yes&f=_all&s=create_time_DESC&p=42
https://www.wnacg.com/search/index.php?q=%E3%83%9E%E3%83%9E&m=&syn=yes&f=_all&s=create_time_DESC&p=43
https://www.wnacg.com/search/index.php?q=%E3%83%AD%E3%83%AA&m=&syn=yes&f=_all&s=create_time_DESC&p=48
https://www.wnacg.com/search/index.php?q=%E3%83%A1%E3%82%B9&m=&syn=yes&f=_all&s=create_time_DESC&p=45
https://www.wnacg.com/search/index.php?q=%E3%83%AD%E3%83%AA&m=&syn=yes&f=_all&s=create_time_DESC&p=47
https://www.wnacg.com/search/index.php?q=%E3%83%A1%E3%82%B9&m=&syn=yes&f=_all&s=create_time_DESC&p=44
https://www.wnacg.com/search/index.php?q=%E3%83%A1%E3%82%B9&m=&syn=yes&f=_all&s=create_time_DESC&p=46
https://www.wnacg.com/search/index.php?q=%E3%83%A1%E3%82%B9&m=&syn=yes&f=_all&s=create_time_DESC&p=47
https://www.wnacg.com/search/index.php?q=%E3%83%9E%E3%83%9E&m=&syn=yes&f=_all&s=create_time_DESC&p=44
https://www.wnacg.com/search/index.php?q=%E3%83%AD%E3%83%AA&m=&syn=yes&f=_all&s=create_time_DESC&p=50
https://www.wnacg.com/search/index.php?q=%E3%83%AD%E3%83%AA&m=&syn=yes&f=_all&s=create_time_DESC&p=49
https://www.wnacg.com/search/index.php?q=%E3%83%9E%E3%83%9E&m=&syn=yes&f=_all&s=create_time_DESC&p=46
https://www.wnacg.com/search/index.php?q=%E3%83%9E%E3%83%9E&m=&syn=yes&f=_all&s=create_time_DESC&p=45
https://www.wnacg.com/search/index.php?q=%E3%83%AD%E3%83%AA&m=&syn=yes&f=_all&s=create_time_DESC&p=51
https://www.wnacg.com/search/index.php?q=%E3%83%AD%E3%83%AA&m=&syn=yes&f=_all&s=create_time_DESC&p=52
https://www.wnacg.com/search/index.php?q=%E3%83%A1%E3%82%B9&m=&syn=yes&f=_all&s=create_time_DESC&p=49
https://www.wnacg.com/search/index.php?q=%E3%83%A1%E3%82%B9&m=&syn=yes&f=_all&s=create_time_DESC&p=50
https://www.wnacg.com/search/index.php?q=%E3%83%A1%E3%82%B9&m=&syn=yes&f=_all&s=create_time_DESC&p=48
https://www.wnacg.com/search/index.php?q=%E3%83%9E%E3%83%9E&m=&syn=yes&f=_all&s=create_time_DESC&p=47
https://www.wnacg.com/search/index.php?q=%E3%83%9E%E3%83%9E&m=&syn=yes&f=_all&s=create_time_DESC&p=48
https://www.wnacg.com/search/index.php?q=%E3%83%AD%E3%83%AA&m=&syn=yes&f=_all&s=create_time_DESC&p=53
https://www.wnacg.com/search/index.php?q=%E3%83%AD%E3%83%AA&m=&syn=yes&f=_all&s=create_time_DESC&p=54
https://www.wnacg.com/search/index.php?q=%E3%83%9E%E3%83%9E&m=&syn=yes&f=_all&s=create_time_DESC&p=50
https://www.wnacg.com/search/index.php?q=%E3%83%9E%E3%83%9E&m=&syn=yes&f=_all&s=create_time_DESC&p=49
https://www.wnacg.com/search/index.php?q=%E3%83%A1%E3%82%B9&m=&syn=yes&f=_all&s=create_time_DESC&p=51
https://www.wnacg.com/search/index.php?q=%E3%83%AD%E3%83%AA&m=&syn=yes&f=_all&s=create_time_DESC&p=55
https://www.wnacg.com/search/index.php?q=%E3%83%AD%E3%83%AA&m=&syn=yes&f=_all&s=create_time_DESC&p=56
https://www.wnacg.com/search/index.php?q=%E3%83%A1%E3%82%B9&m=&syn=yes&f=_all&s=create_time_DESC&p=52
https://www.wnacg.com/search/index.php?q=%E3%83%A1%E3%82%B9&m=&syn=yes&f=_all&s=create_time_DESC&p=53
https://www.wnacg.com/search/index.php?q=%E3%83%9E%E3%83%9E&m=&syn=yes&f=_all&s=create_time_DESC&p=51
https://www.wnacg.com/search/index.php?q=%E3%83%9E%E3%83%9E&m=&syn=yes&f=_all&s=create_time_DESC&p=52
https://www.wnacg.com/search/index.php?q=%E3%83%A1%E3%82%B9&m=&syn=yes&f=_all&s=create_time_DESC&p=54
https://www.wnacg.com/search/index.php?q=%E3%83%9E%E3%83%9E&m=&syn=yes&f=_all&s=create_time_DESC&p=54
https://www.wnacg.com/search/index.php?q=%E3%83%AD%E3%83%AA&m=&syn=yes&f=_all&s=create_time_DESC&p=57
https://www.wnacg.com/search/index.php?q=%E3%83%9E%E3%83%9E&m=&syn=yes&f=_all&s=create_time_DESC&p=53
https://www.wnacg.com/search/index.php?q=%E3%83%A1%E3%82%B9&m=&syn=yes&f=_all&s=create_time_DESC&p=55
https://www.wnacg.com/search/index.php?q=%E3%83%AD%E3%83%AA&m=&syn=yes&f=_all&s=create_time_DESC&p=59
https://www.wnacg.com/search/index.php?q=%E3%83%AD%E3%83%AA&m=&syn=yes&f=_all&s=create_time_DESC&p=58
https://www.wnacg.com/search/index.php?q=%E3%83%AD%E3%83%AA&m=&syn=yes&f=_all&s=create_time_DESC&p=60
https://www.wnacg.com/search/index.php?q=%E3%83%A1%E3%82%B9&m=&syn=yes&f=_all&s=create_time_DESC&p=57
https://www.wnacg.com/search/index.php?q=%E3%83%9E%E3%83%9E&m=&syn=yes&f=_all&s=create_time_DESC&p=55
https://www.wnacg.com/search/index.php?q=%E3%83%9E%E3%83%9E&m=&syn=yes&f=_all&s=create_time_DESC&p=56
https://www.wnacg.com/search/index.php?q=%E3%83%9E%E3%83%9E&m=&syn=yes&f=_all&s=create_time_DESC&p=58
https://www.wnacg.com/search/index.php?q=%E3%83%A1%E3%82%B9&m=&syn=yes&f=_all&s=create_time_DESC&p=58
https://www.wnacg.com/search/index.php?q=%E3%83%A1%E3%82%B9&m=&syn=yes&f=_all&s=create_time_DESC&p=56
https://www.wnacg.com/search/index.php?q=%E3%83%9E%E3%83%9E&m=&syn=yes&f=_all&s=create_time_DESC&p=57
https://www.wnacg.com/search/index.php?q=%E3%83%AD%E3%83%AA&m=&syn=yes&f=_all&s=create_time_DESC&p=61
https://www.wnacg.com/search/index.php?q=%E3%83%A1%E3%82%B9&m=&syn=yes&f=_all&s=create_time_DESC&p=59
https://www.wnacg.com/search/index.php?q=%E3%83%9E%E3%83%9E&m=&syn=yes&f=_all&s=create_time_DESC&p=59
https://www.wnacg.com/search/index.php?q=%E3%83%A1%E3%82%B9&m=&syn=yes&f=_all&s=create_time_DESC&p=61
https://www.wnacg.com/search/index.php?q=%E3%83%9E%E3%83%9E&m=&syn=yes&f=_all&s=create_time_DESC&p=60
https://www.wnacg.com/search/index.php?q=%E3%83%A1%E3%82%B9&m=&syn=yes&f=_all&s=create_time_DESC&p=60
https://www.wnacg.com/search/index.php?q=%E3%83%9E%E3%83%9E&m=&syn=yes&f=_all&s=create_time_DESC&p=62
https://www.wnacg.com/search/index.php?q=%E3%83%9E%E3%83%9E&m=&syn=yes&f=_all&s=create_time_DESC&p=61
https://www.wnacg.com/search/index.php?q=%E3%83%A1%E3%82%B9&m=&syn=yes&f=_all&s=create_time_DESC&p=63
https://www.wnacg.com/search/index.php?q=%E3%83%A1%E3%82%B9&m=&syn=yes&f=_all&s=create_time_DESC&p=62
https://www.wnacg.com/search/index.php?q=%E3%83%9E%E3%83%9E&m=&syn=yes&f=_all&s=create_time_DESC&p=63
https://www.wnacg.com/search/index.php?q=%E3%83%A1%E3%82%B9&m=&syn=yes&f=_all&s=create_time_DESC&p=64
https://www.wnacg.com/search/index.php?q=%E3%83%9E%E3%83%9E&m=&syn=yes&f=_all&s=create_time_DESC&p=64
https://www.wnacg.com/search/index.php?q=%E3%83%9E%E3%83%9E&m=&syn=yes&f=_all&s=create_time_DESC&p=65
https://www.wnacg.com/search/index.php?q=%E3%83%9E%E3%83%9E&m=&syn=yes&f=_all&s=create_time_DESC&p=66
https://www.wnacg.com/search/index.php?q=%E3%83%A1%E3%82%B9&m=&syn=yes&f=_all&s=create_time_DESC&p=65
https://www.wnacg.com/search/index.php?q=%E3%83%A1%E3%82%B9&m=&syn=yes&f=_all&s=create_time_DESC&p=66
https://www.wnacg.com/search/index.php?q=%E3%83%A1%E3%82%B9&m=&syn=yes&f=_all&s=create_time_DESC&p=67
https://www.wnacg.com/search/index.php?q=%E3%83%9E%E3%83%9E&m=&syn=yes&f=_all&s=create_time_DESC&p=67
https://www.wnacg.com/search/index.php?q=%E3%83%9E%E3%83%9E&m=&syn=yes&f=_all&s=create_time_DESC&p=68
https://www.wnacg.com/search/index.php?q=%E3%83%A1%E3%82%B9&m=&syn=yes&f=_all&s=create_time_DESC&p=68
https://www.wnacg.com/search/index.php?q=%E3%83%9E%E3%83%9E&m=&syn=yes&f=_all&s=create_time_DESC&p=69
https://www.wnacg.com/search/index.php?q=%E3%83%9E%E3%83%9E&m=&syn=yes&f=_all&s=create_time_DESC&p=70
https://www.wnacg.com/search/index.php?q=%E3%83%A1%E3%82%B9&m=&syn=yes&f=_all&s=create_time_DESC&p=70
https://www.wnacg.com/search/index.php?q=%E3%83%A1%E3%82%B9&m=&syn=yes&f=_all&s=create_time_DESC&p=69
https://www.wnacg.com/search/index.php?q=%E3%83%A1%E3%82%B9&m=&syn=yes&f=_all&s=create_time_DESC&p=71
https://www.wnacg.com/search/index.php?q=%E3%83%9E%E3%83%9E&m=&syn=yes&f=_all&s=create_time_DESC&p=72
https://www.wnacg.com/search/index.php?q=%E3%83%9E%E3%83%9E&m=&syn=yes&f=_all&s=create_time_DESC&p=73
https://www.wnacg.com/search/index.php?q=%E3%83%A1%E3%82%B9&m=&syn=yes&f=_all&s=create_time_DESC&p=72
https://www.wnacg.com/search/index.php?q=%E3%83%A1%E3%82%B9&m=&syn=yes&f=_all&s=create_time_DESC&p=74
https://www.wnacg.com/search/index.php?q=%E3%83%9E%E3%83%9E&m=&syn=yes&f=_all&s=create_time_DESC&p=74
https://www.wnacg.com/search/index.php?q=%E3%83%9E%E3%83%9E&m=&syn=yes&f=_all&s=create_time_DESC&p=71
https://www.wnacg.com/search/index.php?q=%E3%83%A1%E3%82%B9&m=&syn=yes&f=_all&s=create_time_DESC&p=73
https://www.wnacg.com/search/index.php?q=%E3%83%A1%E3%82%B9&m=&syn=yes&f=_all&s=create_time_DESC&p=75
https://www.wnacg.com/search/index.php?q=%E3%83%9E%E3%83%9E&m=&syn=yes&f=_all&s=create_time_DESC&p=75
https://www.wnacg.com/search/index.php?q=%E3%83%9E%E3%83%9E&m=&syn=yes&f=_all&s=create_time_DESC&p=76
https://www.wnacg.com/search/index.php?q=%E3%83%A1%E3%82%B9&m=&syn=yes&f=_all&s=create_time_DESC&p=76
https://www.wnacg.com/search/index.php?q=%E3%83%A1%E3%82%B9&m=&syn=yes&f=_all&s=create_time_DESC&p=78
https://www.wnacg.com/search/index.php?q=%E3%83%A1%E3%82%B9&m=&syn=yes&f=_all&s=create_time_DESC&p=77
https://www.wnacg.com/search/index.php?q=%E3%83%9E%E3%83%9E&m=&syn=yes&f=_all&s=create_time_DESC&p=77
https://www.wnacg.com/search/index.php?q=%E3%83%9E%E3%83%9E&m=&syn=yes&f=_all&s=create_time_DESC&p=78
https://www.wnacg.com/search/index.php?q=%E3%83%9E%E3%83%9E&m=&syn=yes&f=_all&s=create_time_DESC&p=79
https://www.wnacg.com/search/index.php?q=%E3%83%9E%E3%83%9E&m=&syn=yes&f=_all&s=create_time_DESC&p=80
https://www.wnacg.com/search/index.php?q=%E3%83%A1%E3%82%B9&m=&syn=yes&f=_all&s=create_time_DESC&p=80
https://www.wnacg.com/search/index.php?q=%E3%83%A1%E3%82%B9&m=&syn=yes&f=_all&s=create_time_DESC&p=79
https://www.wnacg.com/search/index.php?q=%E3%83%A1%E3%82%B9&m=&syn=yes&f=_all&s=create_time_DESC&p=81
https://www.wnacg.com/search/index.php?q=%E3%83%A1%E3%82%B9&m=&syn=yes&f=_all&s=create_time_DESC&p=82
https://www.wnacg.com/search/index.php?q=%E3%83%9E%E3%83%9E&m=&syn=yes&f=_all&s=create_time_DESC&p=81
https://www.wnacg.com/search/index.php?q=%E3%83%9E%E3%83%9E&m=&syn=yes&f=_all&s=create_time_DESC&p=82
https://www.wnacg.com/search/index.php?q=%E3%83%9E%E3%83%9E&m=&syn=yes&f=_all&s=create_time_DESC&p=83
https://www.wnacg.com/search/index.php?q=%E3%83%9E%E3%83%9E&m=&syn=yes&f=_all&s=create_time_DESC&p=84
https://www.wnacg.com/search/index.php?q=%E3%83%A1%E3%82%B9&m=&syn=yes&f=_all&s=create_time_DESC&p=83
https://www.wnacg.com/search/index.php?q=%E3%83%A1%E3%82%B9&m=&syn=yes&f=_all&s=create_time_DESC&p=84
https://www.wnacg.com/search/index.php?q=%E3%83%9E%E3%83%9E&m=&syn=yes&f=_all&s=create_time_DESC&p=86
https://www.wnacg.com/search/index.php?q=%E3%83%9E%E3%83%9E&m=&syn=yes&f=_all&s=create_time_DESC&p=85
https://www.wnacg.com/search/index.php?q=%E3%83%A1%E3%82%B9&m=&syn=yes&f=_all&s=create_time_DESC&p=85
https://www.wnacg.com/search/index.php?q=%E3%83%9E%E3%83%9E&m=&syn=yes&f=_all&s=create_time_DESC&p=87
https://www.wnacg.com/search/index.php?q=%E3%83%9E%E3%83%9E&m=&syn=yes&f=_all&s=create_time_DESC&p=88
https://www.wnacg.com/search/index.php?q=%E3%83%A1%E3%82%B9&m=&syn=yes&f=_all&s=create_time_DESC&p=86
https://www.wnacg.com/search/index.php?q=%E3%83%9E%E3%83%9E&m=&syn=yes&f=_all&s=create_time_DESC&p=90
https://www.wnacg.com/search/index.php?q=%E3%83%A1%E3%82%B9&m=&syn=yes&f=_all&s=create_time_DESC&p=88
https://www.wnacg.com/search/index.php?q=%E3%83%9E%E3%83%9E&m=&syn=yes&f=_all&s=create_time_DESC&p=89
https://www.wnacg.com/search/index.php?q=%E3%83%A1%E3%82%B9&m=&syn=yes&f=_all&s=create_time_DESC&p=87
https://www.wnacg.com/search/index.php?q=%E3%83%9E%E3%83%9E&m=&syn=yes&f=_all&s=create_time_DESC&p=91
https://www.wnacg.com/search/index.php?q=%E3%83%9E%E3%83%9E&m=&syn=yes&f=_all&s=create_time_DESC&p=92
https://www.wnacg.com/search/index.php?q=%E3%83%A1%E3%82%B9&m=&syn=yes&f=_all&s=create_time_DESC&p=89
https://www.wnacg.com/search/index.php?q=%E3%83%A1%E3%82%B9&m=&syn=yes&f=_all&s=create_time_DESC&p=90
https://www.wnacg.com/search/index.php?q=%E3%83%A1%E3%82%B9&m=&syn=yes&f=_all&s=create_time_DESC&p=92
https://www.wnacg.com/search/index.php?q=%E3%83%A1%E3%82%B9&m=&syn=yes&f=_all&s=create_time_DESC&p=91
https://www.wnacg.com/search/index.php?q=%E3%83%9E%E3%83%9E&m=&syn=yes&f=_all&s=create_time_DESC&p=94
https://www.wnacg.com/search/index.php?q=%E3%83%9E%E3%83%9E&m=&syn=yes&f=_all&s=create_time_DESC&p=93
https://www.wnacg.com/search/index.php?q=%E3%83%9E%E3%83%9E&m=&syn=yes&f=_all&s=create_time_DESC&p=95
https://www.wnacg.com/search/index.php?q=%E3%83%9E%E3%83%9E&m=&syn=yes&f=_all&s=create_time_DESC&p=96
https://www.wnacg.com/search/index.php?q=%E3%83%A1%E3%82%B9&m=&syn=yes&f=_all&s=create_time_DESC&p=93
https://www.wnacg.com/search/index.php?q=%E3%83%A1%E3%82%B9&m=&syn=yes&f=_all&s=create_time_DESC&p=96
https://www.wnacg.com/search/index.php?q=%E3%83%9E%E3%83%9E&m=&syn=yes&f=_all&s=create_time_DESC&p=97
https://www.wnacg.com/search/index.php?q=%E3%83%A1%E3%82%B9&m=&syn=yes&f=_all&s=create_time_DESC&p=94
https://www.wnacg.com/search/index.php?q=%E3%83%9E%E3%83%9E&m=&syn=yes&f=_all&s=create_time_DESC&p=98
https://www.wnacg.com/search/index.php?q=%E3%83%9E%E3%83%9E&m=&syn=yes&f=_all&s=create_time_DESC&p=99
https://www.wnacg.com/search/index.php?q=%E3%83%A1%E3%82%B9&m=&syn=yes&f=_all&s=create_time_DESC&p=95
https://www.wnacg.com/search/index.php?q=%E3%83%A1%E3%82%B9&m=&syn=yes&f=_all&s=create_time_DESC&p=97
https://www.wnacg.com/search/index.php?q=%E3%83%A1%E3%82%B9&m=&syn=yes&f=_all&s=create_time_DESC&p=100
https://www.wnacg.com/search/index.php?q=%E3%83%9E%E3%83%9E&m=&syn=yes&f=_all&s=create_time_DESC&p=100
https://www.wnacg.com/search/index.php?q=%E3%83%A1%E3%82%B9&m=&syn=yes&f=_all&s=create_time_DESC&p=99
https://www.wnacg.com/search/index.php?q=%E3%83%9E%E3%83%9E&m=&syn=yes&f=_all&s=create_time_DESC&p=101
https://www.wnacg.com/search/index.php?q=%E3%83%A1%E3%82%B9&m=&syn=yes&f=_all&s=create_time_DESC&p=98
https://www.wnacg.com/search/index.php?q=%E3%83%9E%E3%83%9E&m=&syn=yes&f=_all&s=create_time_DESC&p=102
https://www.wnacg.com/search/index.php?q=%E3%83%9E%E3%83%9E&m=&syn=yes&f=_all&s=create_time_DESC&p=103
https://www.wnacg.com/search/index.php?q=%E3%83%A1%E3%82%B9&m=&syn=yes&f=_all&s=create_time_DESC&p=103
https://www.wnacg.com/search/index.php?q=%E3%83%A1%E3%82%B9&m=&syn=yes&f=_all&s=create_time_DESC&p=101
https://www.wnacg.com/search/index.php?q=%E3%83%A1%E3%82%B9&m=&syn=yes&f=_all&s=create_time_DESC&p=104
https://www.wnacg.com/search/index.php?q=%E3%83%A1%E3%82%B9&m=&syn=yes&f=_all&s=create_time_DESC&p=102
https://www.wnacg.com/search/index.php?q=%E3%83%9E%E3%83%9E&m=&syn=yes&f=_all&s=create_time_DESC&p=105
https://www.wnacg.com/search/index.php?q=%E3%83%9E%E3%83%9E&m=&syn=yes&f=_all&s=create_time_DESC&p=104
https://www.wnacg.com/search/index.php?q=%E3%83%9E%E3%83%9E&m=&syn=yes&f=_all&s=create_time_DESC&p=106
https://www.wnacg.com/search/index.php?q=%E3%83%9E%E3%83%9E&m=&syn=yes&f=_all&s=create_time_DESC&p=107
https://www.wnacg.com/search/index.php?q=%E3%83%A1%E3%82%B9&m=&syn=yes&f=_all&s=create_time_DESC&p=105
https://www.wnacg.com/search/index.php?q=%E3%83%A1%E3%82%B9&m=&syn=yes&f=_all&s=create_time_DESC&p=106
https://www.wnacg.com/search/index.php?q=%E3%83%9E%E3%83%9E&m=&syn=yes&f=_all&s=create_time_DESC&p=109
https://www.wnacg.com/search/index.php?q=%E3%83%9E%E3%83%9E&m=&syn=yes&f=_all&s=create_time_DESC&p=108
https://www.wnacg.com/search/index.php?q=%E3%83%9E%E3%83%9E&m=&syn=yes&f=_all&s=create_time_DESC&p=110
https://www.wnacg.com/search/index.php?q=%E3%83%9E%E3%83%9E&m=&syn=yes&f=_all&s=create_time_DESC&p=113
https://www.wnacg.com/search/index.php?q=%E3%83%9E%E3%83%9E&m=&syn=yes&f=_all&s=create_time_DESC&p=112
https://www.wnacg.com/search/index.php?q=%E3%83%9E%E3%83%9E&m=&syn=yes&f=_all&s=create_time_DESC&p=114
https://www.wnacg.com/search/index.php?q=%E3%83%9E%E3%83%9E&m=&syn=yes&f=_all&s=create_time_DESC&p=111
https://www.wnacg.com/search/index.php?q=%E3%83%9E%E3%83%9E&m=&syn=yes&f=_all&s=create_time_DESC&p=115
https://www.wnacg.com/search/index.php?q=%E3%83%9E%E3%83%9E&m=&syn=yes&f=_all&s=create_time_DESC&p=116
https://www.wnacg.com/search/index.php?q=%E3%83%9E%E3%83%9E&m=&syn=yes&f=_all&s=create_time_DESC&p=118
https://www.wnacg.com/search/index.php?q=%E3%83%9E%E3%83%9E&m=&syn=yes&f=_all&s=create_time_DESC&p=117
https://www.wnacg.com/search/index.php?q=%E3%83%9E%E3%83%9E&m=&syn=yes&f=_all&s=create_time_DESC&p=121
https://www.wnacg.com/search/index.php?q=%E3%83%9E%E3%83%9E&m=&syn=yes&f=_all&s=create_time_DESC&p=122
https://www.wnacg.com/search/index.php?q=%E3%83%9E%E3%83%9E&m=&syn=yes&f=_all&s=create_time_DESC&p=120
https://www.wnacg.com/search/index.php?q=%E3%83%9E%E3%83%9E&m=&syn=yes&f=_all&s=create_time_DESC&p=119
https://www.wnacg.com/search/index.php?q=%E3%83%9E%E3%83%9E&m=&syn=yes&f=_all&s=create_time_DESC&p=125
https://www.wnacg.com/search/index.php?q=%E3%83%9E%E3%83%9E&m=&syn=yes&f=_all&s=create_time_DESC&p=126
https://www.wnacg.com/search/index.php?q=%E3%83%9E%E3%83%9E&m=&syn=yes&f=_all&s=create_time_DESC&p=124
https://www.wnacg.com/search/index.php?q=%E3%83%9E%E3%83%9E&m=&syn=yes&f=_all&s=create_time_DESC&p=123
https://www.wnacg.com/search/index.php?q=%E3%83%9E%E3%83%9E&m=&syn=yes&f=_all&s=create_time_DESC&p=127
https://www.wnacg.com/search/index.php?q=%E3%83%9E%E3%83%9E&m=&syn=yes&f=_all&s=create_time_DESC&p=129
https://www.wnacg.com/search/index.php?q=%E3%83%9E%E3%83%9E&m=&syn=yes&f=_all&s=create_time_DESC&p=130
https://www.wnacg.com/search/index.php?q=%E3%83%9E%E3%83%9E&m=&syn=yes&f=_all&s=create_time_DESC&p=128
https://www.wnacg.com/search/index.php?q=%E3%83%9E%E3%83%9E&m=&syn=yes&f=_all&s=create_time_DESC&p=132
https://www.wnacg.com/search/index.php?q=%E3%83%9E%E3%83%9E&m=&syn=yes&f=_all&s=create_time_DESC&p=131
https://www.wnacg.com/search/index.php?q=%E3%83%9E%E3%83%9E&m=&syn=yes&f=_all&s=create_time_DESC&p=134
https://www.wnacg.com/search/index.php?q=%E3%83%9E%E3%83%9E&m=&syn=yes&f=_all&s=create_time_DESC&p=133
https://www.wnacg.com/search/index.php?q=%E3%83%9E%E3%83%9E&m=&syn=yes&f=_all&s=create_time_DESC&p=135
https://www.wnacg.com/search/index.php?q=%E3%83%9E%E3%83%9E&m=&syn=yes&f=_all&s=create_time_DESC&p=136
https://www.wnacg.com/search/index.php?q=%E3%83%9E%E3%83%9E&m=&syn=yes&f=_all&s=create_time_DESC&p=138
https://www.wnacg.com/search/index.php?q=%E3%83%9E%E3%83%9E&m=&syn=yes&f=_all&s=create_time_DESC&p=137
https://www.wnacg.com/search/index.php?q=%E3%83%9E%E3%83%9E&m=&syn=yes&f=_all&s=create_time_DESC&p=140
https://www.wnacg.com/search/index.php?q=%E3%83%9E%E3%83%9E&m=&syn=yes&f=_all&s=create_time_DESC&p=141
https://www.wnacg.com/search/index.php?q=%E3%83%9E%E3%83%9E&m=&syn=yes&f=_all&s=create_time_DESC&p=139
https://www.wnacg.com/search/index.php?q=%E3%83%9E%E3%83%9E&m=&syn=yes&f=_all&s=create_time_DESC&p=144
https://www.wnacg.com/search/index.php?q=%E3%83%9E%E3%83%9E&m=&syn=yes&f=_all&s=create_time_DESC&p=142
https://www.wnacg.com/search/index.php?q=%E3%83%9E%E3%83%9E&m=&syn=yes&f=_all&s=create_time_DESC&p=143
https://www.wnacg.com/search/index.php?q=%E3%83%9E%E3%83%9E&m=&syn=yes&f=_all&s=create_time_DESC&p=145
https://www.wnacg.com/search/index.php?q=%E3%83%9E%E3%83%9E&m=&syn=yes&f=_all&s=create_time_DESC&p=146
https://www.wnacg.com/search/index.php?q=%E3%83%9E%E3%83%9E&m=&syn=yes&f=_all&s=create_time_DESC&p=147
https://www.wnacg.com/search/index.php?q=%E3%83%9E%E3%83%9E&m=&syn=yes&f=_all&s=create_time_DESC&p=148
https://www.wnacg.com/search/index.php?q=%E3%83%9E%E3%83%9E&m=&syn=yes&f=_all&s=create_time_DESC&p=149
https://www.wnacg.com/search/index.php?q=%E3%83%9E%E3%83%9E&m=&syn=yes&f=_all&s=create_time_DESC&p=151
https://www.wnacg.com/search/index.php?q=%E3%83%9E%E3%83%9E&m=&syn=yes&f=_all&s=create_time_DESC&p=150
https://www.wnacg.com/search/index.php?q=%E3%83%9E%E3%83%9E&m=&syn=yes&f=_all&s=create_time_DESC&p=152
https://www.wnacg.com/search/index.php?q=%E3%83%9E%E3%83%9E&m=&syn=yes&f=_all&s=create_time_DESC&p=153
https://www.wnacg.com/search/index.php?q=%E3%83%9E%E3%83%9E&m=&syn=yes&f=_all&s=create_time_DESC&p=155
https://www.wnacg.com/search/index.php?q=%E3%83%9E%E3%83%9E&m=&syn=yes&f=_all&s=create_time_DESC&p=154
https://www.wnacg.com/search/index.php?q=%E3%83%9E%E3%83%9E&m=&syn=yes&f=_all&s=create_time_DESC&p=156
