/web/20251005123508/https://www.wnacg.com/photos-index-aid-265198.html
/web/20251005123534/https://www.wnacg.com/photos-index-page-3-aid-265198.html
/web/20251005123541/https://www.wnacg.com/photos-view-id-21850426.html
/web/20251005123555/https://www.wnacg.com/photos-view-id-21850434.html
/web/20251005123604/https://www.wnacg.com/photos-view-id-21850433.html
/web/20251005123643/https://www.wnacg.com/photos-index-page-4-aid-265198.html
/web/20251005123636/https://www.wnacg.com/photos-view-id-21850428.html
/web/20251005123608/https://www.wnacg.com/photos-index-page-2-aid-265198.html
/web/20251005123652/https://www.wnacg.com/photos-view-id-21850435.html
/web/20251005123636/https://www.wnacg.com/photos-view-id-21850436.html
/web/20251005123729/https://www.wnacg.com/photos-index-page-5-aid-265198.html
/web/20251005123721/https://www.wnacg.com/photos-view-id-21850432.html
/web/20251005123722/https://www.wnacg.com/photos-view-id-21850431.html
/web/20251005123757/https://www.wnacg.com/photos-index-page-9-aid-265198.html
/web/20251005123757/https://www.wnacg.com/photos-slide-aid-265198.html
/web/20251005123804/https://www.wnacg.com/photos-view-id-21850429.html
/web/20251005123826/https://www.wnacg.com/photos-view-id-21850437.html
/web/20251005123818/https://www.wnacg.com/download-index-aid-265198.html
/web/20251005123811/https://www.wnacg.com/photos-view-id-21850430.html
/web/20251005123916/https://www.wnacg.com/photos-view-id-21850454.html
/web/20251005123923/https://www.wnacg.com/photos-view-id-21850459.html
/web/20251005123937/https://www.wnacg.com/photos-view-id-21850455.html
/web/20251005123930/https://www.wnacg.com/photos-view-id-21850458.html
/web/20251005124013/https://www.wnacg.com/photos-view-id-21850450.html
/web/20251005124027/https://www.wnacg.com/photos-index-page-6-aid-265198.html
/web/20251005124032/https://www.wnacg.com/photos-index-page-1-aid-265198.html
/web/20251005124117/https://www.wnacg.com/photos-view-id-21850452.html
/web/20251005124010/https://www.wnacg.com/photos-view-id-21850451.html
/web/20251005124131/https://www.wnacg.com/photos-view-id-21850461.html
/web/20251005124124/https://www.wnacg.com/photos-index-page-7-aid-265198.html
/web/20251005124207/https://www.wnacg.com/photos-view-id-21850457.html
/web/20251005124234/https://www.wnacg.com/photos-view-id-21850456.html
/web/20251005124236/https://www.wnacg.com/photos-view-id-21850525.html
/web/20251005124250/https://www.wnacg.com/photos-view-id-21850464.html
/web/20251005124243/https://www.wnacg.com/photos-view-id-21850471.html
/web/20251005124253/https://www.wnacg.com/photos-view-id-21850460.html
/web/20251005124337/https://www.wnacg.com/photos-view-id-21850467.html
/web/20251005124115/https://www.wnacg.com/photos-view-id-21850453.html
/web/20251005124357/https://www.wnacg.com/photos-view-id-21850469.html
/web/20251005124413/https://www.wnacg.com/photos-view-id-21850470.html
/web/20251005123910/https://www.wnacg.com/photos-view-id-21850427.html
/web/20251005124412/https://www.wnacg.com/photos-view-id-21850473.html
/web/20251005124435/https://www.wnacg.com/photos-view-id-21850490.html
/web/20251005124503/https://www.wnacg.com/photos-view-id-21850494.html
/web/20251005124501/https://www.wnacg.com/photos-view-id-21850472.html
/web/20251005124426/https://www.wnacg.com/photos-index-page-8-aid-265198.html
/web/20251005124502/https://www.wnacg.com/photos-view-id-21850486.html
/web/20251005124510/https://www.wnacg.com/photos-view-id-21850493.html
/web/20251005124539/https://www.wnacg.com/photos-view-id-21850492.html
/web/20251005124603/https://www.wnacg.com/photos-view-id-21850495.html
/web/20251005124546/https://www.wnacg.com/photos-view-id-21850489.html
/web/20251005124618/https://www.wnacg.com/photos-view-id-21850491.html
/web/20251005124646/https://www.wnacg.com/photos-view-id-21850487.html
/web/20251005124611/https://www.wnacg.com/photos-view-id-21850488.html
/web/20251005124643/https://www.wnacg.com/photos-view-id-21850496.html
/web/20251005124645/https://www.wnacg.com/photos-view-id-21850497.html
/web/20251005124725/https://www.wnacg.com/photos-view-id-21850502.html
/web/20251005124732/https://www.wnacg.com/photos-view-id-21850505.html
/web/20251005124724/https://www.wnacg.com/photos-view-id-21850506.html
/web/20251005124807/https://www.wnacg.com/photos-view-id-21850501.html
/web/20251005124814/https://www.wnacg.com/photos-view-id-21850508.html
/web/20251005124801/https://www.wnacg.com/photos-view-id-21850509.html
/web/20251005124842/https://www.wnacg.com/photos-view-id-21850498.html
/web/20251005124849/https://www.wnacg.com/photos-view-id-21850507.html
/web/20251005124842/https://www.wnacg.com/photos-view-id-21850500.html
/web/20251005124916/https://www.wnacg.com/photos-view-id-21850504.html
/web/20251005124925/https://www.wnacg.com/photos-view-id-21850463.html
/web/20251005124924/https://www.wnacg.com/photos-view-id-21850503.html
/web/20251005124932/https://www.wnacg.com/photos-view-id-21850516.html
/web/20251005124954/https://www.wnacg.com/photos-view-id-21850499.html
/web/20251005125005/https://www.wnacg.com/photos-view-id-21850518.html
/web/20251005124959/https://www.wnacg.com/photos-view-id-21850512.html
/web/20251005125034/https://www.wnacg.com/photos-view-id-21850513.html
/web/20251005125047/https://www.wnacg.com/photos-view-id-21850511.html
/web/20251005125041/https://www.wnacg.com/photos-view-id-21850519.html
/web/20251005125051/https://www.wnacg.com/photos-view-id-21850515.html
/web/20251005125346/https://www.wnacg.com/photos-view-id-21850517.html
/web/20251005125348/https://www.wnacg.com/photos-view-id-21850510.html
/web/20251005125354/https://www.wnacg.com/photos-view-id-21850521.html
/web/20251005125402/https://www.wnacg.com/photos-view-id-21850514.html
/web/20251005125409/https://www.wnacg.com/photos-view-id-21850520.html
/web/20251005125423/https://www.wnacg.com/photos-view-id-21850465.html
/web/20251005125416/https://www.wnacg.com/photos-view-id-21850466.html
/web/20251005125430/https://www.wnacg.com/photos-view-id-21850468.html
/web/20251005125457/https://www.wnacg.com/photos-view-id-21850462.html
/web/20251005125506/https://www.wnacg.com/photos-view-id-21850443.html
/web/20251005125514/https://www.wnacg.com/photos-view-id-21850447.html
/web/20251005125528/https://www.wnacg.com/photos-view-id-21850441.html
/web/20251005125521/https://www.wnacg.com/photos-view-id-21850439.html
/web/20251005125507/https://www.wnacg.com/photos-view-id-21850444.html
/web/20251005125606/https://www.wnacg.com/photos-view-id-21850446.html
/web/20251005125613/https://www.wnacg.com/photos-view-id-21850440.html
/web/20251005125620/https://www.wnacg.com/photos-view-id-21850445.html
/web/20251005125640/https://www.wnacg.com/photos-view-id-21850438.html
/web/20251005125627/https://www.wnacg.com/photos-view-id-21850448.html
/web/20251005125723/https://www.wnacg.com/photos-view-id-21850449.html
/web/20251005125754/https://www.wnacg.com/photos-view-id-21850482.html
/web/20251005125720/https://www.wnacg.com/photos-view-id-21850442.html
/web/20251005125817/https://www.wnacg.com/photos-view-id-21850476.html
/web/20251005125730/https://www.wnacg.com/photos-view-id-21850480.html
/web/20251005125839/https://www.wnacg.com/photos-view-id-21850474.html
/web/20251005125756/https://www.wnacg.com/photos-view-id-21850481.html
/web/20251005125853/https://www.wnacg.com/photos-view-id-21850485.html
/web/20251005125843/https://www.wnacg.com/photos-view-id-21850478.html
/web/20251005125847/https://www.wnacg.com/photos-view-id-21850484.html
/web/20251005125925/https://www.wnacg.com/photos-view-id-21850475.html
/web/20251005125927/https://www.wnacg.com/photos-view-id-21850477.html
/web/20251005125954/https://www.wnacg.com/photos-view-id-21850483.html
/web/20251005125955/https://www.wnacg.com/photos-view-id-21850479.html
/web/20251005130010/https://www.wnacg.com/photos-view-id-21850522.html
/web/20251005130003/https://www.wnacg.com/photos-view-id-21850523.html
/web/20251005130016/https://www.wnacg.com/photos-view-id-21850524.html
/web/20251005130044/https://v1.wzip.date/down/2652/c7bc410f2bb5ed76b1b6dec8ab4e37c7.zip?n=%5B%E3%83%A2%E3%83%96%E3%83%A9%E3%82%A4%E3%83%96%5D%20%E4%BF%BA%E3%81%AF%E7%95%B0%E4%B8%96%E7%95%8C%E3%81%A7%E4%BA%9C%E4%BA%BA%E5%86%92%E9%99%BA%E8%80%85%E3%81%AB%E8%B2%B7%E3%82%8F%E3%82%8C%E3%81%9F2%20%5BDL%E7%89%88%5D
