/web/20251006122349/https://www.wnacg.ru/photos-index-aid-49686.html
/web/20251006122411/https://www.wnacg.ru/photos-view-id-3958786.html
/web/20251006122421/https://www.wnacg.ru/download-index-aid-49686.html
/web/20251006122431/https://www.wnacg.ru/photos-view-id-3958784.html
/web/20251006122447/https://www.wnacg.ru/photos-slide-aid-49686.html
/web/20251006122522/https://www.wnacg.ru/photos-view-id-3958781.html
/web/20251006122534/https://www.wnacg.ru/photos-view-id-3958777.html
/web/20251006122543/https://www.wnacg.ru/photos-view-id-3958788.html
/web/20251006122523/https://www.wnacg.ru/photos-view-id-3958778.html
/web/20251006122502/https://www.wnacg.ru/photos-view-id-3958782.html
/web/20251006122554/https://www.wnacg.ru/photos-view-id-3958785.html
/web/20251006122624/https://www.wnacg.ru/photos-view-id-3958787.html
/web/20251006122629/https://www.wnacg.ru/photos-view-id-3958783.html
/web/20251006122636/https://www.wnacg.ru/photos-view-id-3958780.html
/web/20251006122705/https://www.wnacg.ru/photos-index-page-3-aid-49686.html
/web/20251006122708/https://www.wnacg.ru/photos-view-id-3958779.html
/web/20251006122744/https://www.wnacg.ru/photos-index-page-2-aid-49686.html
/web/20251006122959/https://v1.wzip.date/down/0497/4872b26117e559c366191819b5fb4978.zip?n=(C93)%20%5BKAMINENDO.CORP%20(%E3%81%82%E3%81%8B%E3%81%96%E3%82%8FRED)%5D%20%E3%81%BE%E3%81%93%E3%81%A8%E3%81%AB%20%E3%81%96%E3%82%93%E3%81%AD%E3%82%93%E3%81%A7%E3%81%99%E3%81%8C%20%E3%81%BC%E3%81%86%E3%81%91%E3%82%93%E3%81%AE%E3%81%97%E3%82%872%E3%81%AF%E6%B6%88%E3%81%88%E3%81%A6%E3%81%97%E3%81%BE%E3%81%84%E3%81%BE%E3%81%97%E3%81%9F%E3%80%82(%E5%B0%8F%E4%BB%98%E4%B8%AA%E4%BA%BA%E6%B1%89%E5%8C%96)
/web/20251006123008/https://v1.wzip.download/down/0497/4872b26117e559c366191819b5fb4978.zip?n=(C93)%20%5BKAMINENDO.CORP%20(%E3%81%82%E3%81%8B%E3%81%96%E3%82%8FRED)%5D%20%E3%81%BE%E3%81%93%E3%81%A8%E3%81%AB%20%E3%81%96%E3%82%93%E3%81%AD%E3%82%93%E3%81%A7%E3%81%99%E3%81%8C%20%E3%81%BC%E3%81%86%E3%81%91%E3%82%93%E3%81%AE%E3%81%97%E3%82%872%E3%81%AF%E6%B6%88%E3%81%88%E3%81%A6%E3%81%97%E3%81%BE%E3%81%84%E3%81%BE%E3%81%97%E3%81%9F%E3%80%82(%E5%B0%8F%E4%BB%98%E4%B8%AA%E4%BA%BA%E6%B1%89%E5%8C%96)
/web/20251006123021/https://www.wnacg.ru/photos-view-id-3958776.html
/web/20251006123029/https://www.wnacg.ru/photos-view-id-3958789.html
/web/20251006123038/https://www.wnacg.ru/photos-view-id-3958772.html
/web/20251006123049/https://www.wnacg.ru/photos-index-page-1-aid-49686.html
/web/20251006123130/https://www.wnacg.ru/photos-view-id-3958775.html
/web/20251006123231/https://www.wnacg.ru/photos-view-id-3958768.html
/web/20251006123141/https://www.wnacg.ru/photos-view-id-3958774.html
/web/20251006123150/https://www.wnacg.ru/photos-view-id-3958764.html
/web/20251006123233/https://www.wnacg.ru/photos-view-id-3958767.html
/web/20251006123201/https://www.wnacg.ru/photos-view-id-3958766.html
/web/20251006123306/https://www.wnacg.ru/photos-view-id-3958763.html
/web/20251006123311/https://www.wnacg.ru/photos-view-id-3958769.html
/web/20251006123250/https://www.wnacg.ru/photos-view-id-3958765.html
/web/20251006123244/https://www.wnacg.ru/photos-view-id-3958773.html
/web/20251006123340/https://www.wnacg.ru/photos-view-id-3958762.html
/web/20251006123354/https://www.wnacg.ru/photos-view-id-3958761.html
/web/20251006123405/https://www.wnacg.ru/photos-view-id-3958770.html
/web/20251006123603/https://www.wnacg.ru/photos-view-id-3958771.html
