/web/20251006031237/https://mirror.chromaso.net/thread/1073749371/%2B20
/web/20251006031318/https://mirror.chromaso.net/thread/1073749371?show=1073780719
/web/20251006031337/https://mirror.chromaso.net/thread/1073749371?show=1073743709
/web/20251006031415/https://mirror.chromaso.net/thread/1073749371?show=1073742276
/web/20251006031437/https://mirror.chromaso.net/thread/1073749371?show=1073768139
/web/20251006031522/https://mirror.chromaso.net/thread/1073749371?show=1073746164
/web/20251006031603/https://mirror.chromaso.net/thread/1073749371?show=1073769093
/web/20251006031618/https://mirror.chromaso.net/thread/1073749371?show=50824
/web/20251006031541/https://mirror.chromaso.net/thread/1073749371/+0
/web/20251006031620/https://mirror.chromaso.net/thread/1073749371?show=175265
/web/20251006031623/https://mirror.chromaso.net/thread/1073749371/+40
/web/20251006031733/https://mirror.chromaso.net/thread/1073749371?show=43655
/web/20251006031803/https://mirror.chromaso.net/thread/1073749371/+0?show=1073780719
/web/20251006031810/https://mirror.chromaso.net/thread/1073749371/+0?show=1073743709
/web/20251006030849/https://mirror.chromaso.net/thread/1073749371
/web/20251006031920/https://mirror.chromaso.net/thread/1073749371/+0?show=1073742276
/web/20251006031958/https://mirror.chromaso.net/thread/1073749371/+0?show=1073768139
/web/20251006031941/https://mirror.chromaso.net/thread/1073749371/+0?show=1073746164
/web/20251006031237/https://mirror.chromaso.net/thread/1073749371/%2B20
/web/20251006032133/https://mirror.chromaso.net/thread/1073749371/+0?show=50824
/web/20251006032124/https://mirror.chromaso.net/thread/1073749371?show=1073802647
/web/20251006032127/https://mirror.chromaso.net/thread/1073749371?show=1073795184
/web/20251006032133/https://mirror.chromaso.net/thread/1073749371/+0?show=1073769093
/web/20251006032303/https://mirror.chromaso.net/thread/1073749371/+0?show=175265
/web/20251006032245/https://mirror.chromaso.net/thread/1073749371?show=1073760532
/web/20251006032231/https://mirror.chromaso.net/thread/1073749371?show=1073742261
/web/20251006032235/https://mirror.chromaso.net/thread/1073749371?show=1073760178
/web/20251006032330/https://mirror.chromaso.net/thread/1073749371?show=1073789636
/web/20251006032443/https://mirror.chromaso.net/thread/1073749371?show=195233
/web/20251006032327/https://mirror.chromaso.net/thread/1073749371?show=1073787926
/web/20251006032525/https://mirror.chromaso.net/thread/1073749371/+0?show=43655
/web/20251006032544/https://mirror.chromaso.net/thread/1073749371/+0?show=1073795184
/web/20251006032614/https://mirror.chromaso.net/thread/1073749371/+0?show=1073802647
/web/20251006030849/https://mirror.chromaso.net/thread/1073749371
/web/20251006032632/https://mirror.chromaso.net/thread/1073749371?show=1073780391
/web/20251006032838/https://mirror.chromaso.net/thread/1073749371/+0?show=1073742261
/web/20251006032851/https://mirror.chromaso.net/thread/1073749371/+0?show=195233
/web/20251006032850/https://mirror.chromaso.net/thread/1073749371/+0?show=1073789636
/web/20251006032901/https://mirror.chromaso.net/thread/1073749371/+0?show=1073760532
/web/20251006032946/https://mirror.chromaso.net/thread/1073749371/+0?show=1073760178
/web/20251006032951/https://mirror.chromaso.net/thread/1073749371/+0?show=1073787926
/web/20251006033138/https://mirror.chromaso.net/thread/1073749371/+0?show=1073780391
