https://mirror.chromaso.net/thread/1073749371/%2B20
https://mirror.chromaso.net/thread/1073749371?show=1073780719
https://mirror.chromaso.net/thread/1073749371?show=1073743709
https://mirror.chromaso.net/thread/1073749371?show=1073742276
https://mirror.chromaso.net/thread/1073749371?show=1073768139
https://mirror.chromaso.net/thread/1073749371?show=1073746164
https://mirror.chromaso.net/thread/1073749371?show=1073769093
https://mirror.chromaso.net/thread/1073749371?show=50824
https://mirror.chromaso.net/thread/1073749371/+0
https://mirror.chromaso.net/thread/1073749371?show=175265
https://mirror.chromaso.net/thread/1073749371/+40
https://mirror.chromaso.net/thread/1073749371?show=43655
https://mirror.chromaso.net/thread/1073749371/+0?show=1073780719
https://mirror.chromaso.net/thread/1073749371/+0?show=1073743709
https://mirror.chromaso.net/thread/1073749371
https://mirror.chromaso.net/thread/1073749371/+0?show=1073742276
https://mirror.chromaso.net/thread/1073749371/+0?show=1073768139
https://mirror.chromaso.net/thread/1073749371/+0?show=1073746164
https://mirror.chromaso.net/thread/1073749371/+20
https://mirror.chromaso.net/thread/1073749371/+0?show=50824
https://mirror.chromaso.net/thread/1073749371?show=1073802647
https://mirror.chromaso.net/thread/1073749371?show=1073795184
https://mirror.chromaso.net/thread/1073749371/+0?show=1073769093
https://mirror.chromaso.net/thread/1073749371/+0?show=175265
https://mirror.chromaso.net/thread/1073749371?show=1073760532
https://mirror.chromaso.net/thread/1073749371?show=1073742261
https://mirror.chromaso.net/thread/1073749371?show=1073760178
https://mirror.chromaso.net/thread/1073749371?show=1073789636
https://mirror.chromaso.net/thread/1073749371?show=195233
https://mirror.chromaso.net/thread/1073749371?show=1073787926
https://mirror.chromaso.net/thread/1073749371/+0?show=43655
https://mirror.chromaso.net/thread/1073749371/+0?show=1073795184
https://mirror.chromaso.net/thread/1073749371/+0?show=1073802647
https://mirror.chromaso.net/thread/1073749371#menu
https://mirror.chromaso.net/thread/1073749371?show=1073780391
https://mirror.chromaso.net/thread/1073749371/+0?show=1073742261
https://mirror.chromaso.net/thread/1073749371/+0?show=195233
https://mirror.chromaso.net/thread/1073749371/+0?show=1073789636
https://mirror.chromaso.net/thread/1073749371/+0?show=1073760532
https://mirror.chromaso.net/thread/1073749371/+0?show=1073760178
https://mirror.chromaso.net/thread/1073749371/+0?show=1073787926
https://mirror.chromaso.net/thread/1073749371/+0?show=1073780391
