/web/20251006093516/https://www.wnacg.com/photos-index-aid-35773.html
/web/20251006093710/https://www.wnacg.com/download-index-aid-35773.html
/web/20251006093707/https://www.wnacg.com/photos-view-id-2724628.html
/web/20251006093714/https://www.wnacg.com/photos-view-id-2724617.html
/web/20251006093726/https://www.wnacg.com/photos-view-id-2724618.html
/web/20251006093758/https://www.wnacg.com/photos-index-page-2-aid-35773.html
/web/20251006093800/https://www.wnacg.com/photos-view-id-2724624.html
/web/20251006093812/https://www.wnacg.com/photos-view-id-2724619.html
/web/20251006093827/https://www.wnacg.com/photos-view-id-2724625.html
/web/20251006093852/https://www.wnacg.com/photos-view-id-2724627.html
/web/20251006093951/https://www.wnacg.com/photos-view-id-2724623.html
/web/20251006094013/https://www.wnacg.com/photos-view-id-2724622.html
/web/20251006094020/https://www.wnacg.com/photos-slide-aid-35773.html
/web/20251006094056/https://www.wnacg.com/photos-view-id-2724626.html
/web/20251006094145/https://www.wnacg.com/photos-view-id-2724620.html
/web/20251006094139/https://www.wnacg.com/photos-view-id-2724621.html
/web/20251006094217/https://v1.wzip.download/down/0358/5bf49f26a8bd718bafac9c2aef1ac55d.zip?n=%5B%E6%B2%92%E6%9C%89%E6%BC%A2%E5%8C%96%5D%20%5BSHUKO%5D%20Sacrifice%20(%E3%82%AC%E3%83%BC%E3%83%AB%E3%82%BA%E3%83%95%E3%82%A9%E3%83%BC%E3%83%A0%20Vol.14)
/web/20251006094228/https://v1.wzip.date/down/0358/5bf49f26a8bd718bafac9c2aef1ac55d.zip?n=%5B%E6%B2%92%E6%9C%89%E6%BC%A2%E5%8C%96%5D%20%5BSHUKO%5D%20Sacrifice%20(%E3%82%AC%E3%83%BC%E3%83%AB%E3%82%BA%E3%83%95%E3%82%A9%E3%83%BC%E3%83%A0%20Vol.14)
/web/20251006094310/https://www.wnacg.com/photos-view-id-2724632.html
/web/20251006094410/https://www.wnacg.com/photos-view-id-2724633.html
/web/20251006094418/https://www.wnacg.com/photos-view-id-2724631.html
/web/20251006094441/https://www.wnacg.com/photos-index-page-1-aid-35773.html
/web/20251006094406/https://www.wnacg.com/photos-view-id-2724629.html
/web/20251006094529/https://www.wnacg.com/photos-view-id-2724630.html
