/web/20251005143157/https://www.wnacg.com/photos-index-aid-314807.html
/web/20251005143216/https://www.wnacg.com/photos-view-id-26457162.html
/web/20251005143229/https://www.wnacg.com/photos-view-id-26457160.html
/web/20251005143236/https://www.wnacg.com/photos-view-id-26457165.html
/web/20251005143243/https://www.wnacg.com/photos-index-page-2-aid-314807.html
/web/20251005143223/https://www.wnacg.com/photos-view-id-26457146.html
/web/20251005143629/https://www.wnacg.com/photos-view-id-26457168.html
/web/20251005143633/https://www.wnacg.com/photos-index-page-9-aid-314807.html
/web/20251005143644/https://www.wnacg.com/photos-index-page-3-aid-314807.html
/web/20251005143652/https://www.wnacg.com/photos-view-id-26457139.html
/web/20251005143647/https://www.wnacg.com/photos-index-page-5-aid-314807.html
/web/20251005143738/https://www.wnacg.com/photos-view-id-26457173.html
/web/20251005143746/https://www.wnacg.com/photos-view-id-26457176.html
/web/20251005143731/https://www.wnacg.com/download-index-aid-314807.html
/web/20251005143732/https://www.wnacg.com/photos-view-id-26457191.html
/web/20251005143708/https://www.wnacg.com/photos-view-id-26457158.html
/web/20251005143816/https://www.wnacg.com/photos-index-page-6-aid-314807.html
/web/20251005143809/https://www.wnacg.com/photos-view-id-26457170.html
/web/20251005143823/https://www.wnacg.com/photos-view-id-26457200.html
/web/20251005143850/https://www.wnacg.com/photos-view-id-26457179.html
/web/20251005143851/https://www.wnacg.com/photos-view-id-26457186.html
/web/20251005143908/https://www.wnacg.com/photos-view-id-26457194.html
/web/20251005143916/https://www.wnacg.com/photos-view-id-26457202.html
/web/20251005143926/https://www.wnacg.com/photos-view-id-26457197.html
/web/20251005143920/https://www.wnacg.com/photos-index-page-1-aid-314807.html
/web/20251005143953/https://www.wnacg.com/photos-view-id-26457465.html
/web/20251005144014/https://www.wnacg.com/photos-view-id-26457467.html
/web/20251005144017/https://www.wnacg.com/photos-view-id-26457472.html
/web/20251005144027/https://www.wnacg.com/photos-view-id-26457468.html
/web/20251005144022/https://www.wnacg.com/photos-view-id-26457464.html
/web/20251005144109/https://www.wnacg.com/photos-view-id-26457470.html
/web/20251005144111/https://www.wnacg.com/photos-view-id-26457466.html
/web/20251005144124/https://www.wnacg.com/photos-view-id-26457229.html
/web/20251005144132/https://www.wnacg.com/photos-view-id-26457227.html
/web/20251005144127/https://www.wnacg.com/photos-index-page-8-aid-314807.html
/web/20251005144117/https://www.wnacg.com/photos-view-id-26457471.html
/web/20251005144217/https://www.wnacg.com/photos-view-id-26457205.html
/web/20251005144227/https://www.wnacg.com/photos-view-id-26457241.html
/web/20251005144234/https://www.wnacg.com/photos-view-id-26457211.html
/web/20251005144239/https://www.wnacg.com/photos-view-id-26457224.html
/web/20251005144242/https://www.wnacg.com/photos-view-id-26457245.html
/web/20251005144330/https://www.wnacg.com/photos-index-page-7-aid-314807.html
/web/20251005144339/https://www.wnacg.com/photos-view-id-26457299.html
/web/20251005144332/https://www.wnacg.com/photos-slide-aid-314807.html
/web/20251005144325/https://www.wnacg.com/photos-view-id-26457138.html
/web/20251005144347/https://www.wnacg.com/photos-view-id-26457328.html
/web/20251005144447/https://www.wnacg.com/photos-view-id-26457308.html
/web/20251005144455/https://www.wnacg.com/photos-view-id-26457343.html
/web/20251005144458/https://www.wnacg.com/photos-view-id-26457346.html
/web/20251005144535/https://www.wnacg.com/photos-view-id-26457325.html
/web/20251005144510/https://www.wnacg.com/photos-index-page-4-aid-314807.html
/web/20251005144501/https://www.wnacg.com/photos-view-id-26457321.html
/web/20251005144544/https://www.wnacg.com/photos-view-id-26457304.html
/web/20251005144612/https://www.wnacg.com/photos-view-id-26457337.html
/web/20251005144614/https://www.wnacg.com/photos-view-id-26457332.html
/web/20251005144648/https://www.wnacg.com/photos-view-id-26457189.html
/web/20251005144627/https://v1.wzip.date/down/3149/71b93441ec58880d62e9774badf0e216.zip?n=%5BCOMEX%20(%E7%8F%8D%E7%B7%91)%5D%E5%85%83%E9%AD%94%E6%B3%95%E5%B0%91%E5%A5%B3%E3%81%AE%E5%BC%95%E3%81%8D%E3%81%93%E3%82%82%E3%82%8A%E7%94%9F%E6%B4%BB+%E5%85%83%E9%AD%94%E6%B3%95%E5%B0%91%E5%A5%B3%E3%81%AE%E4%BB%95%E4%BA%8B%E8%A9%B1%20%E9%9D%92&%E5%89%8D%E6%97%A5%E8%B0%88%5B%E4%B8%AD%E5%9B%BD%E7%BF%BB%E8%A8%B3%5D%5B%E7%84%A1%E4%BF%AE%E6%AD%A3%5D%5B%E3%81%AA%E3%81%A4%E3%81%8B%E3%82%8F%E9%A2%A8%E9%9F%B3%E8%81%94%E5%90%88%E6%B1%89%E5%8C%96%5D
/web/20251005144649/https://www.wnacg.com/photos-view-id-26457387.html
/web/20251005144724/https://www.wnacg.com/photos-view-id-26457380.html
/web/20251005144728/https://www.wnacg.com/photos-view-id-26457376.html
/web/20251005144612/https://v1.wzip.download/down/3149/71b93441ec58880d62e9774badf0e216.zip?n=%5BCOMEX%20(%E7%8F%8D%E7%B7%91)%5D%E5%85%83%E9%AD%94%E6%B3%95%E5%B0%91%E5%A5%B3%E3%81%AE%E5%BC%95%E3%81%8D%E3%81%93%E3%82%82%E3%82%8A%E7%94%9F%E6%B4%BB+%E5%85%83%E9%AD%94%E6%B3%95%E5%B0%91%E5%A5%B3%E3%81%AE%E4%BB%95%E4%BA%8B%E8%A9%B1%20%E9%9D%92&%E5%89%8D%E6%97%A5%E8%B0%88%5B%E4%B8%AD%E5%9B%BD%E7%BF%BB%E8%A8%B3%5D%5B%E7%84%A1%E4%BF%AE%E6%AD%A3%5D%5B%E3%81%AA%E3%81%A4%E3%81%8B%E3%82%8F%E9%A2%A8%E9%9F%B3%E8%81%94%E5%90%88%E6%B1%89%E5%8C%96%5D
/web/20251005144736/https://www.wnacg.com/photos-view-id-26457350.html
/web/20251005144811/https://www.wnacg.com/photos-view-id-26457391.html
/web/20251005144803/https://www.wnacg.com/photos-view-id-26457367.html
/web/20251005144804/https://www.wnacg.com/photos-view-id-26457397.html
/web/20251005144838/https://www.wnacg.com/photos-view-id-26457354.html
/web/20251005144922/https://www.wnacg.com/photos-view-id-26457182.html
/web/20251005144916/https://www.wnacg.com/photos-view-id-26457362.html
/web/20251005144936/https://www.wnacg.com/photos-view-id-26457473.html
/web/20251005144920/https://www.wnacg.com/photos-view-id-26457358.html
/web/20251005144929/https://www.wnacg.com/photos-view-id-26457153.html
/web/20251005145006/https://www.wnacg.com/photos-view-id-26457469.html
/web/20251005145058/https://www.wnacg.com/photos-view-id-26457236.html
/web/20251005145116/https://www.wnacg.com/photos-view-id-26457459.html
/web/20251005145117/https://www.wnacg.com/photos-view-id-26457462.html
/web/20251005145154/https://www.wnacg.com/photos-view-id-26457454.html
/web/20251005145038/https://www.wnacg.com/photos-view-id-26457463.html
/web/20251005145151/https://www.wnacg.com/photos-view-id-26457456.html
/web/20251005145153/https://www.wnacg.com/photos-view-id-26457453.html
/web/20251005145219/https://www.wnacg.com/photos-view-id-26457460.html
/web/20251005145215/https://www.wnacg.com/photos-view-id-26457458.html
/web/20251005145303/https://www.wnacg.com/photos-view-id-26457208.html
/web/20251005145248/https://www.wnacg.com/photos-view-id-26457214.html
/web/20251005145302/https://www.wnacg.com/photos-view-id-26457455.html
/web/20251005145230/https://www.wnacg.com/photos-view-id-26457452.html
/web/20251005145335/https://www.wnacg.com/photos-view-id-26457221.html
/web/20251005145343/https://www.wnacg.com/photos-view-id-26457313.html
/web/20251005145403/https://www.wnacg.com/photos-view-id-26457451.html
/web/20251005145431/https://www.wnacg.com/photos-view-id-26457436.html
/web/20251005145337/https://www.wnacg.com/photos-view-id-26457149.html
/web/20251005145452/https://www.wnacg.com/photos-view-id-26457450.html
/web/20251005145457/https://www.wnacg.com/photos-view-id-26457249.html
/web/20251005145514/https://www.wnacg.com/photos-view-id-26457446.html
/web/20251005145532/https://www.wnacg.com/photos-view-id-26457425.html
/web/20251005145535/https://www.wnacg.com/photos-view-id-26457407.html
/web/20251005145544/https://www.wnacg.com/photos-view-id-26457441.html
/web/20251005145536/https://www.wnacg.com/photos-view-id-26457401.html
/web/20251005145618/https://www.wnacg.com/photos-view-id-26457283.html
/web/20251005145610/https://www.wnacg.com/photos-view-id-26457295.html
/web/20251005145614/https://www.wnacg.com/photos-view-id-26457274.html
/web/20251005145709/https://www.wnacg.com/photos-view-id-26457279.html
/web/20251005145726/https://www.wnacg.com/photos-view-id-26457254.html
/web/20251005145722/https://www.wnacg.com/photos-view-id-26457291.html
/web/20251005145736/https://www.wnacg.com/photos-view-id-26457257.html
/web/20251005145646/https://www.wnacg.com/photos-view-id-26457288.html
/web/20251005145817/https://www.wnacg.com/photos-view-id-26457271.html
/web/20251005145759/https://www.wnacg.com/photos-view-id-26457267.html
/web/20251005145816/https://www.wnacg.com/photos-view-id-26457317.html
/web/20251005145847/https://www.wnacg.com/photos-view-id-26457371.html
/web/20251005145840/https://www.wnacg.com/photos-view-id-26457461.html
/web/20251005145907/https://www.wnacg.com/photos-view-id-26457457.html
/web/20251005145940/https://www.wnacg.com/photos-view-id-26457432.html
/web/20251005145927/https://www.wnacg.com/photos-view-id-26457384.html
/web/20251005145951/https://www.wnacg.com/photos-view-id-26457419.html
/web/20251005150036/https://www.wnacg.com/photos-view-id-26457414.html
/web/20251005150032/https://www.wnacg.com/photos-view-id-26457156.html
/web/20251005150032/https://www.wnacg.com/photos-view-id-26457449.html
/web/20251005150050/https://www.wnacg.com/photos-view-id-26457143.html
/web/20251005150043/https://www.wnacg.com/photos-view-id-26457261.html
/web/20251005145908/https://www.wnacg.com/photos-view-id-26457217.html
