/web/20251006110225/https://www.wnacg.com/photos-index-aid-186538.html
/web/20251006110301/https://www.wnacg.com/photos-view-id-16317029.html
/web/20251006110251/https://www.wnacg.com/photos-view-id-16317016.html
/web/20251006110310/https://www.wnacg.com/photos-view-id-16317010.html
/web/20251006110400/https://www.wnacg.com/photos-view-id-16317013.html
/web/20251006110351/https://www.wnacg.com/download-index-aid-186538.html
/web/20251006110413/https://www.wnacg.com/photos-index-page-2-aid-186538.html
/web/20251006110425/https://www.wnacg.com/photos-view-id-16317014.html
/web/20251006110507/https://www.wnacg.com/photos-view-id-16317031.html
/web/20251006110457/https://www.wnacg.com/photos-view-id-16317034.html
/web/20251006110528/https://www.wnacg.com/photos-view-id-16317015.html
/web/20251006110557/https://www.wnacg.com/photos-view-id-16317023.html
/web/20251006110517/https://www.wnacg.com/photos-view-id-16317024.html
/web/20251006110443/https://www.wnacg.com/photos-slide-aid-186538.html
/web/20251006110600/https://www.wnacg.com/photos-view-id-16317028.html
/web/20251006110559/https://www.wnacg.com/photos-view-id-16317018.html
/web/20251006110639/https://v1.wzip.date/down/1866/5aa02fc3b7cb3b61f887e58ec71395a8.zip?n=%E3%83%91%E3%83%BC%E3%83%86%E3%82%A3%E3%83%BC%E3%82%92%E8%BF%BD%E3%81%84%E5%87%BA%E3%81%95%E3%82%8C%E3%81%9F%E9%AD%94%E6%B3%95%E4%BD%BF%E3%81%84%E3%81%AE%E5%83%95%E3%81%8C%E5%8F%AC%E5%96%9A%E9%AD%94%E6%B3%95%E3%82%92%E7%BF%92%E5%BE%97%E3%81%97%E3%81%A6%E6%9C%80%E5%BC%B7(%E3%82%81%E3%81%A1%E3%82%83%E3%81%88%E3%82%8D)%E6%B7%AB%E9%AD%94%E3%81%A8%E5%A5%91%E7%B4%84%E3%81%97%E3%81%9F%E3%81%AE%E3%81%A7%20%E3%82%B3%E3%82%B3%E3%81%8B%E3%82%89%E7%8A%AF%E3%81%95%E3%82%8C%E3%81%A6%E5%BC%B7%E3%81%8F%E3%81%AA%E3%82%8B%E3%83%83%E3%83%83
/web/20251006110649/https://v1.wzip.download/down/1866/5aa02fc3b7cb3b61f887e58ec71395a8.zip?n=%E3%83%91%E3%83%BC%E3%83%86%E3%82%A3%E3%83%BC%E3%82%92%E8%BF%BD%E3%81%84%E5%87%BA%E3%81%95%E3%82%8C%E3%81%9F%E9%AD%94%E6%B3%95%E4%BD%BF%E3%81%84%E3%81%AE%E5%83%95%E3%81%8C%E5%8F%AC%E5%96%9A%E9%AD%94%E6%B3%95%E3%82%92%E7%BF%92%E5%BE%97%E3%81%97%E3%81%A6%E6%9C%80%E5%BC%B7(%E3%82%81%E3%81%A1%E3%82%83%E3%81%88%E3%82%8D)%E6%B7%AB%E9%AD%94%E3%81%A8%E5%A5%91%E7%B4%84%E3%81%97%E3%81%9F%E3%81%AE%E3%81%A7%20%E3%82%B3%E3%82%B3%E3%81%8B%E3%82%89%E7%8A%AF%E3%81%95%E3%82%8C%E3%81%A6%E5%BC%B7%E3%81%8F%E3%81%AA%E3%82%8B%E3%83%83%E3%83%83
/web/20251006110659/https://www.wnacg.com/photos-view-id-16317036.html
/web/20251006110721/https://www.wnacg.com/photos-view-id-16317020.html
/web/20251006110727/https://www.wnacg.com/photos-view-id-16317022.html
/web/20251006110750/https://www.wnacg.com/photos-view-id-16317035.html
/web/20251006110751/https://www.wnacg.com/photos-view-id-16317012.html
/web/20251006110832/https://www.wnacg.com/photos-view-id-16317011.html
/web/20251006110834/https://www.wnacg.com/photos-view-id-16317019.html
/web/20251006110904/https://www.wnacg.com/photos-view-id-16317026.html
/web/20251006110912/https://www.wnacg.com/photos-view-id-16317030.html
/web/20251006110905/https://www.wnacg.com/photos-view-id-16317032.html
/web/20251006110921/https://www.wnacg.com/photos-view-id-16317027.html
/web/20251006110945/https://www.wnacg.com/photos-view-id-16317021.html
/web/20251006110947/https://www.wnacg.com/photos-index-page-1-aid-186538.html
