/web/20251204110320/https://www.wnacg.ru/photos-index-aid-258133.html
/web/20251204110334/https://www.wnacg.ru/photos-index-aid-255558.html
/web/20251204110349/https://www.wnacg.ru/photos-index-aid-255544.html
/web/20251204110404/https://www.wnacg.ru/photos-index-aid-255507.html
/web/20251204110419/https://www.wnacg.ru/photos-index-aid-255412.html
/web/20251204110434/https://www.wnacg.ru/photos-index-aid-255429.html
/web/20251204110541/https://www.wnacg.com/photos-index-aid-255558.html
/web/20251204110539/https://www.wnacg.com/photos-index-aid-258133.html
/web/20251204110603/https://www.wnacg.ru/photos-index-aid-253972.html
/web/20251204110620/https://www.wnacg.com/photos-index-aid-255544.html
/web/20251204110617/https://www.wnacg.ru/photos-index-aid-253696.html
/web/20251204110656/https://www.wnacg.com/photos-index-aid-255507.html
/web/20251204110656/https://www.wnacg.com/photos-index-aid-255412.html
/web/20251204110712/https://www.wnacg.com/photos-index-aid-255429.html
/web/20251204110726/https://www.wnacg.com/photos-index-aid-253972.html
/web/20251204110802/https://www.wnacg.com/photos-index-aid-253696.html
/web/20251204110833/https://www.wnacg.ru/download-index-aid-258133.html
/web/20251204110818/https://www.wnacg.ru/photos-slide-aid-258133.html
/web/20251204110903/https://www.wnacg.ru/download-index-aid-255558.html
/web/20251204110918/https://www.wnacg.ru/download-index-aid-255544.html
/web/20251204110848/https://www.wnacg.ru/photos-slide-aid-255558.html
/web/20251204110954/https://www.wnacg.ru/photos-index-page-3-aid-255507.html
/web/20251204111005/https://www.wnacg.ru/photos-slide-aid-255544.html
/web/20251204111024/https://www.wnacg.ru/photos-index-page-2-aid-255507.html
/web/20251204111111/https://www.wnacg.ru/download-index-aid-255507.html
/web/20251204111216/https://www.wnacg.ru/download-index-aid-255412.html
/web/20251204111120/https://www.wnacg.ru/photos-slide-aid-255507.html
/web/20251204111233/https://www.wnacg.ru/photos-index-page-2-aid-255412.html
/web/20251204111216/https://www.wnacg.ru/photos-slide-aid-255412.html
/web/20251204111336/https://v1.wzip.download/down/2582/5740614487e582867266b0ca88d99e6f.zip?n=%5B%E9%BB%92%E5%B7%9D%E3%83%AA%E3%83%A7%E3%83%BC%E3%82%A4%E3%83%81%5D%20%E5%BD%BC%E5%A5%B3%E3%81%AB%E3%83%9E%E3%82%BE%E3%83%90%E3%83%AC%E3%81%97%E3%81%9F%E3%82%89%E3%82%AC%E3%83%81%E3%82%AC%E3%83%81%E3%81%AB%E6%8B%98%E6%9D%9F%E3%81%95%E3%82%8C%E3%81%A6%E6%90%BE%E7%B2%BE%E3%81%95%E3%82%8C%E3%81%BE%E3%81%8F%E3%82%8B%E8%A9%B1%20%5B%E8%94%A1%E5%BE%90%E5%9D%A4%E4%B8%AA%E4%BA%BA%E6%B1%89%E5%8C%96%5D
/web/20251204111342/https://v1.wzip.date/down/2582/5740614487e582867266b0ca88d99e6f.zip?n=%5B%E9%BB%92%E5%B7%9D%E3%83%AA%E3%83%A7%E3%83%BC%E3%82%A4%E3%83%81%5D%20%E5%BD%BC%E5%A5%B3%E3%81%AB%E3%83%9E%E3%82%BE%E3%83%90%E3%83%AC%E3%81%97%E3%81%9F%E3%82%89%E3%82%AC%E3%83%81%E3%82%AC%E3%83%81%E3%81%AB%E6%8B%98%E6%9D%9F%E3%81%95%E3%82%8C%E3%81%A6%E6%90%BE%E7%B2%BE%E3%81%95%E3%82%8C%E3%81%BE%E3%81%8F%E3%82%8B%E8%A9%B1%20%5B%E8%94%A1%E5%BE%90%E5%9D%A4%E4%B8%AA%E4%BA%BA%E6%B1%89%E5%8C%96%5D
/web/20251204111308/https://www.wnacg.ru/photos-index-page-2-aid-255429.html
/web/20251204111425/https://v1.wzip.date/down/2556/d264bef28d06777ef7b6d9bc535fc93d.zip?n=%5B%E3%81%BB%E4%B9%B3%E3%81%B3%E3%82%93%5D%20%E5%AF%86%E7%9D%80%E6%90%BE%E7%B2%BE%E3%83%9E%E3%83%9E%E6%80%AA%E4%BA%BA%20%5B%E4%B8%AD%E5%9B%BD%E7%BF%BB%E8%A8%B3%5D
/web/20251204111307/https://www.wnacg.ru/photos-slide-aid-255429.html
/web/20251204111452/https://v1.wzip.date/down/2556/3edaf7876e78e09758071dae33c03ff9.zip?n=%5B%E3%81%BB%E4%B9%B3%E3%81%B3%E3%82%93%5D%20%E6%90%BE%E7%B2%BE%E3%83%AD%E3%83%83%E3%82%AB%E3%83%BC%E9%83%A8%EF%BD%9E%E9%83%A8%E6%B4%BB%E8%A6%8B%E5%AD%A6%E7%B7%A8%EF%BD%9E%20%5B%E4%B8%AD%E5%9B%BD%E7%BF%BB%E8%A8%B3%5D
/web/20251204111453/https://v1.wzip.download/down/2556/3edaf7876e78e09758071dae33c03ff9.zip?n=%5B%E3%81%BB%E4%B9%B3%E3%81%B3%E3%82%93%5D%20%E6%90%BE%E7%B2%BE%E3%83%AD%E3%83%83%E3%82%AB%E3%83%BC%E9%83%A8%EF%BD%9E%E9%83%A8%E6%B4%BB%E8%A6%8B%E5%AD%A6%E7%B7%A8%EF%BD%9E%20%5B%E4%B8%AD%E5%9B%BD%E7%BF%BB%E8%A8%B3%5D
/web/20251204111538/https://v1.wzip.date/down/2556/e41a809730fd045f845a17e81393b80c.zip?n=%5B%E3%81%8A%E5%8F%A3%E3%81%AE%E5%A5%A5%E5%9C%B0%20(%E6%B8%A1%E8%96%AB)%5D%20%E6%90%BE%E7%B2%BE%E5%B7%AB%E5%A8%BC%EF%BD%9E%E5%AD%90%E4%BD%9C%E3%82%8A%E3%81%AE%E5%84%80%EF%BD%9E%5B%E4%B8%AD%E5%9B%BD%E7%BF%BB%E8%A8%B3%5D%20%5BDL%E7%89%88%5D
/web/20251204111515/https://www.wnacg.ru/photos-index-page-1-aid-255507.html
/web/20251204111519/https://v1.wzip.download/down/2556/e41a809730fd045f845a17e81393b80c.zip?n=%5B%E3%81%8A%E5%8F%A3%E3%81%AE%E5%A5%A5%E5%9C%B0%20(%E6%B8%A1%E8%96%AB)%5D%20%E6%90%BE%E7%B2%BE%E5%B7%AB%E5%A8%BC%EF%BD%9E%E5%AD%90%E4%BD%9C%E3%82%8A%E3%81%AE%E5%84%80%EF%BD%9E%5B%E4%B8%AD%E5%9B%BD%E7%BF%BB%E8%A8%B3%5D%20%5BDL%E7%89%88%5D
/web/20251204111435/https://v1.wzip.download/down/2556/d264bef28d06777ef7b6d9bc535fc93d.zip?n=%5B%E3%81%BB%E4%B9%B3%E3%81%B3%E3%82%93%5D%20%E5%AF%86%E7%9D%80%E6%90%BE%E7%B2%BE%E3%83%9E%E3%83%9E%E6%80%AA%E4%BA%BA%20%5B%E4%B8%AD%E5%9B%BD%E7%BF%BB%E8%A8%B3%5D
/web/20251204111605/https://v1.wzip.date/down/2555/3d7eec25ebff1321edcba3515425fde5.zip?n=%5B%E3%81%BB%E4%B9%B3%E3%81%B3%E3%82%93%5D%20%E6%8A%BC%E5%85%A5%E6%90%BE%E7%B2%BE%20%5B%E4%B8%AD%E5%9B%BD%E7%BF%BB%E8%A8%B3%5D
/web/20251204111646/https://v1.wzip.download/down/2555/3d7eec25ebff1321edcba3515425fde5.zip?n=%5B%E3%81%BB%E4%B9%B3%E3%81%B3%E3%82%93%5D%20%E6%8A%BC%E5%85%A5%E6%90%BE%E7%B2%BE%20%5B%E4%B8%AD%E5%9B%BD%E7%BF%BB%E8%A8%B3%5D
/web/20251204111707/https://www.wnacg.ru/photos-index-page-1-aid-255412.html
/web/20251204111742/https://www.wnacg.com/download-index-aid-255558.html
/web/20251204111717/https://www.wnacg.com/photos-slide-aid-255558.html
/web/20251204111810/https://www.wnacg.com/photos-index-page-2-aid-258133.html
/web/20251204111806/https://www.wnacg.ru/download-index-aid-255429.html
/web/20251204111808/https://www.wnacg.com/photos-slide-aid-258133.html
/web/20251204111846/https://www.wnacg.com/download-index-aid-258133.html
/web/20251204111845/https://www.wnacg.ru/photos-index-page-1-aid-255429.html
/web/20251204111922/https://www.wnacg.ru/photos-index-page-2-aid-253972.html
/web/20251204111938/https://www.wnacg.ru/download-index-aid-253972.html
/web/20251204111952/https://www.wnacg.com/download-index-aid-255544.html
/web/20251204111920/https://www.wnacg.ru/photos-slide-aid-253972.html
/web/20251204112006/https://www.wnacg.com/photos-slide-aid-255544.html
/web/20251204112021/https://www.wnacg.ru/photos-index-page-3-aid-253696.html
/web/20251204112045/https://www.wnacg.ru/photos-index-page-5-aid-253696.html
/web/20251204112113/https://www.wnacg.ru/photos-index-page-2-aid-253696.html
/web/20251204112112/https://www.wnacg.ru/photos-slide-aid-253696.html
/web/20251204112229/https://www.wnacg.ru/download-index-aid-253696.html
/web/20251204112236/https://www.wnacg.ru/photos-index-page-4-aid-253696.html
/web/20251204112323/https://www.wnacg.com/download-index-aid-255507.html
/web/20251204112324/https://www.wnacg.com/photos-slide-aid-255507.html
/web/20251204112351/https://www.wnacg.com/photos-index-page-2-aid-255507.html
/web/20251204112356/https://www.wnacg.com/photos-index-page-1-aid-258133.html
/web/20251204112356/https://www.wnacg.com/photos-index-page-3-aid-255507.html
/web/20251204112432/https://v1.wzip.date/down/2555/0eb185ebfd961b82670504e809f6ad99.zip?n=%5B%E3%81%BB%E4%B9%B3%E3%81%B3%E3%82%93%20(%E3%83%81%E3%82%AF%E3%83%93%E3%83%B3)%5D%20%E3%82%B5%E3%82%AD%E3%83%A5%E3%83%90%E3%82%B9%E3%83%9E%E3%83%9E%E3%81%AE%E6%90%BE%E7%B2%BE%E6%88%91%E6%85%A2%E3%82%B2%E3%83%BC%E3%83%A0%E3%81%A7%E8%A3%8F%E5%88%87%E3%82%8A%E3%83%9E%E3%82%BE%E5%A0%95%E3%81%A1%E5%B0%84%E7%B2%BE%E3%81%97%E3%81%A1%E3%82%83%E3%81%86%E3%81%8A%E8%A9%B1%20%5B%E4%B8%AD%E5%9B%BD%E7%BF%BB%E8%A8%B3%5D
/web/20251204112439/https://v1.wzip.download/down/2555/0eb185ebfd961b82670504e809f6ad99.zip?n=%5B%E3%81%BB%E4%B9%B3%E3%81%B3%E3%82%93%20(%E3%83%81%E3%82%AF%E3%83%93%E3%83%B3)%5D%20%E3%82%B5%E3%82%AD%E3%83%A5%E3%83%90%E3%82%B9%E3%83%9E%E3%83%9E%E3%81%AE%E6%90%BE%E7%B2%BE%E6%88%91%E6%85%A2%E3%82%B2%E3%83%BC%E3%83%A0%E3%81%A7%E8%A3%8F%E5%88%87%E3%82%8A%E3%83%9E%E3%82%BE%E5%A0%95%E3%81%A1%E5%B0%84%E7%B2%BE%E3%81%97%E3%81%A1%E3%82%83%E3%81%86%E3%81%8A%E8%A9%B1%20%5B%E4%B8%AD%E5%9B%BD%E7%BF%BB%E8%A8%B3%5D
/web/20251204112507/https://v1.wzip.download/down/2540/f447db2100543fb40fb919f06c00afdd.zip?n=(C96)%20%5B%E3%81%8A%E7%A8%B2%E8%8D%B7Summer%20(%E5%A2%97%E5%B3%B6%E6%AC%A1%E9%83%8E)%5D%20%E3%82%B3%E3%83%A4%E3%83%B3%E3%82%B9%E3%82%AB%E3%83%A4%E3%81%95%E3%82%93%E3%81%AB%E6%90%BE%E7%B2%BE%E3%81%95%E3%82%8C%E3%82%8B%E6%9C%AC%20(Fate%EF%BC%8FGrand%20Order)%20%5B%E4%B8%8D%E5%92%95%E9%B8%9F%E6%B1%89%E5%8C%96%E7%BB%84%5D
/web/20251204112507/https://www.wnacg.ru/photos-index-page-1-aid-253972.html
/web/20251204112525/https://v1.wzip.date/down/2540/f447db2100543fb40fb919f06c00afdd.zip?n=(C96)%20%5B%E3%81%8A%E7%A8%B2%E8%8D%B7Summer%20(%E5%A2%97%E5%B3%B6%E6%AC%A1%E9%83%8E)%5D%20%E3%82%B3%E3%83%A4%E3%83%B3%E3%82%B9%E3%82%AB%E3%83%A4%E3%81%95%E3%82%93%E3%81%AB%E6%90%BE%E7%B2%BE%E3%81%95%E3%82%8C%E3%82%8B%E6%9C%AC%20(Fate%EF%BC%8FGrand%20Order)%20%5B%E4%B8%8D%E5%92%95%E9%B8%9F%E6%B1%89%E5%8C%96%E7%BB%84%5D
/web/20251204112538/https://www.wnacg.ru/photos-index-page-1-aid-253696.html
/web/20251204112633/https://v1.wzip.download/down/2537/1c02e1fd5f8cf96ba90924fd4286cc2a.zip?n=%5B%E3%81%86%E3%81%9A%E4%BC%81%E7%94%BB%5D%20%E7%84%A1%E9%99%90%E6%90%BE%E7%B2%BE%E3%83%90%E3%82%A4%E3%83%88%20%E3%80%9C%E6%80%AA%E3%81%97%E3%81%84%E9%AB%98%E9%A1%8D%E3%83%90%E3%82%A4%E3%83%88%E3%81%AB%E5%BF%9C%E5%8B%9F%E3%81%97%E3%81%9F%E3%82%89%E6%8B%98%E6%9D%9F%E6%90%BE%E7%B2%BE%E5%9C%B0%E7%8D%84%E3%81%A0%E3%81%A3%E3%81%9F%E8%A9%B1%E3%80%9C%5B%E4%B8%AD%E5%9B%BD%E7%BF%BB%E8%A8%B3%5D
/web/20251204112638/https://www.wnacg.com/photos-slide-aid-255412.html
/web/20251204112624/https://v1.wzip.date/down/2537/1c02e1fd5f8cf96ba90924fd4286cc2a.zip?n=%5B%E3%81%86%E3%81%9A%E4%BC%81%E7%94%BB%5D%20%E7%84%A1%E9%99%90%E6%90%BE%E7%B2%BE%E3%83%90%E3%82%A4%E3%83%88%20%E3%80%9C%E6%80%AA%E3%81%97%E3%81%84%E9%AB%98%E9%A1%8D%E3%83%90%E3%82%A4%E3%83%88%E3%81%AB%E5%BF%9C%E5%8B%9F%E3%81%97%E3%81%9F%E3%82%89%E6%8B%98%E6%9D%9F%E6%90%BE%E7%B2%BE%E5%9C%B0%E7%8D%84%E3%81%A0%E3%81%A3%E3%81%9F%E8%A9%B1%E3%80%9C%5B%E4%B8%AD%E5%9B%BD%E7%BF%BB%E8%A8%B3%5D
/web/20251204112730/https://www.wnacg.com/download-index-aid-255412.html
/web/20251204112735/https://www.wnacg.com/photos-index-page-2-aid-255412.html
/web/20251204112745/https://www.wnacg.com/download-index-aid-255429.html
/web/20251204112805/https://www.wnacg.com/photos-index-page-2-aid-255429.html
/web/20251204112831/https://www.wnacg.com/photos-slide-aid-255429.html
/web/20251204112836/https://www.wnacg.com/photos-slide-aid-253972.html
/web/20251204112841/https://www.wnacg.com/photos-index-page-2-aid-253972.html
/web/20251204113000/https://www.wnacg.com/photos-index-page-1-aid-255507.html
/web/20251204112957/https://www.wnacg.com/download-index-aid-253972.html
/web/20251204113052/https://www.wnacg.com/photos-index-page-1-aid-255412.html
/web/20251204113053/https://www.wnacg.com/photos-index-page-1-aid-255429.html
/web/20251204113159/https://www.wnacg.com/photos-index-page-4-aid-253696.html
/web/20251204113201/https://www.wnacg.com/photos-slide-aid-253696.html
/web/20251204113247/https://www.wnacg.com/photos-index-page-3-aid-253696.html
/web/20251204113323/https://www.wnacg.com/photos-index-page-2-aid-253696.html
/web/20251204113343/https://www.wnacg.com/photos-index-page-5-aid-253696.html
/web/20251204113348/https://www.wnacg.com/download-index-aid-253696.html
/web/20251204113551/https://www.wnacg.com/photos-index-page-1-aid-253972.html
/web/20251204113632/https://www.wnacg.com/photos-index-page-1-aid-253696.html
