https://www.wnacg.com/photos-index-aid-283141.html
https://www.wnacg.com/photos-slide-aid-283141.html
https://www.wnacg.com/photos-index-page-5-aid-283141.html
https://www.wnacg.com/photos-index-page-18-aid-283141.html
https://www.wnacg.com/photos-index-page-2-aid-283141.html
https://www.wnacg.com/photos-index-page-9-aid-283141.html
https://www.wnacg.com/photos-index-page-1-aid-283141.html
https://www.wnacg.com/photos-index-page-6-aid-283141.html
https://www.wnacg.com/photos-index-page-3-aid-283141.html
https://www.wnacg.com/photos-index-page-4-aid-283141.html
https://www.wnacg.com/photos-index-page-15-aid-283141.html
https://www.wnacg.com/photos-index-page-16-aid-283141.html
https://www.wnacg.com/download-index-aid-283141.html
https://www.wnacg.com/photos-index-page-7-aid-283141.html
https://www.wnacg.com/photos-index-page-10-aid-283141.html
https://www.wnacg.com/photos-index-page-17-aid-283141.html
https://www.wnacg.com/photos-index-page-14-aid-283141.html
https://www.wnacg.com/photos-index-page-8-aid-283141.html
https://v1.wzip.date/down/2832/fb846398e76b54de98653b62e00fc4e1.zip?n=[KAMINENDO.CORP%20(%E3%81%82%E3%81%8B%E3%81%96%E3%82%8FRED)]%20%E3%81%BC%E3%81%86%E3%81%91%E3%82%93%E3%81%AE%E3%81%97%E3%82%87%E3%82%B7%E3%83%AA%E3%83%BC%E3%82%BA%E7%B7%8F%E9%9B%86%E7%B7%A8%20The%20Adventurer%27s%20Book%20has%20Perfect.%20Vol.2%20[%E6%BC%AB%E7%94%BB%E3%81%AE%E8%8C%9C]%20[DL%E7%89%88]
https://www.wnacg.com/photos-index-page-11-aid-283141.html
https://v1.wzip.download/down/2832/fb846398e76b54de98653b62e00fc4e1.zip?n=[KAMINENDO.CORP%20(%E3%81%82%E3%81%8B%E3%81%96%E3%82%8FRED)]%20%E3%81%BC%E3%81%86%E3%81%91%E3%82%93%E3%81%AE%E3%81%97%E3%82%87%E3%82%B7%E3%83%AA%E3%83%BC%E3%82%BA%E7%B7%8F%E9%9B%86%E7%B7%A8%20The%20Adventurer%27s%20Book%20has%20Perfect.%20Vol.2%20[%E6%BC%AB%E7%94%BB%E3%81%AE%E8%8C%9C]%20[DL%E7%89%88]
https://www.wnacg.com/photos-index-page-12-aid-283141.html
https://www.wnacg.com/photos-index-page-13-aid-283141.html
