/web/20251006094842/https://www.wnacg.com/photos-index-aid-19154.html
/web/20251006094920/https://www.wnacg.com/photos-index-page-2-aid-19154.html
/web/20251006095012/https://www.wnacg.com/photos-view-id-1250543.html
/web/20251006094931/https://www.wnacg.com/photos-view-id-1250533.html
/web/20251006095058/https://www.wnacg.com/photos-view-id-1250539.html
/web/20251006095103/https://www.wnacg.com/photos-view-id-1250541.html
/web/20251006095107/https://www.wnacg.com/photos-view-id-1250540.html
/web/20251006095142/https://www.wnacg.com/photos-slide-aid-19154.html
/web/20251006095222/https://www.wnacg.com/photos-view-id-1250536.html
/web/20251006095152/https://www.wnacg.com/download-index-aid-19154.html
/web/20251006095239/https://www.wnacg.com/photos-view-id-1250535.html
/web/20251006095237/https://www.wnacg.com/photos-view-id-1250538.html
/web/20251006095311/https://www.wnacg.com/photos-view-id-1250542.html
/web/20251006095311/https://www.wnacg.com/photos-view-id-1250532.html
/web/20251006095355/https://www.wnacg.com/photos-view-id-1250544.html
/web/20251006095404/https://www.wnacg.com/photos-view-id-1250547.html
/web/20251006095519/https://v1.wzip.date/down/0192/feba9472781effa911a5e36e10859041.zip?n=%5B%E5%A4%8F%E6%B4%9B%E7%89%B9%E5%80%8B%E4%BA%BA%E6%BC%A2%E5%8C%96%20+%20%E6%BC%A2%E9%AF%96%20%E5%9C%96%E6%BA%90%5D%20%5Batahuta%5D%20%E5%8B%83%E8%B5%B7%E7%A6%81%E6%AD%A2%E8%BB%8A%E4%B8%A1%20(%E3%82%AC%E3%83%BC%E3%83%AB%E3%82%BA%E3%83%95%E3%82%A9%E3%83%BC%E3%83%A0%20Vol.07)
/web/20251006095425/https://www.wnacg.com/photos-index-page-1-aid-19154.html
/web/20251006095516/https://www.wnacg.com/photos-view-id-1250534.html
/web/20251006095519/https://www.wnacg.com/photos-view-id-1250545.html
/web/20251006095507/https://www.wnacg.com/photos-view-id-1250537.html
/web/20251006095525/https://www.wnacg.com/photos-view-id-1250546.html
/web/20251006095540/https://v1.wzip.download/down/0192/feba9472781effa911a5e36e10859041.zip?n=%5B%E5%A4%8F%E6%B4%9B%E7%89%B9%E5%80%8B%E4%BA%BA%E6%BC%A2%E5%8C%96%20+%20%E6%BC%A2%E9%AF%96%20%E5%9C%96%E6%BA%90%5D%20%5Batahuta%5D%20%E5%8B%83%E8%B5%B7%E7%A6%81%E6%AD%A2%E8%BB%8A%E4%B8%A1%20(%E3%82%AC%E3%83%BC%E3%83%AB%E3%82%BA%E3%83%95%E3%82%A9%E3%83%BC%E3%83%A0%20Vol.07)
