/web/20251107125408/https://www.wnacg.com/photos-index-aid-52632.html
/web/20251107125529/https://www.wnacg.com/download-index-aid-52632.html
/web/20251107125559/https://www.wnacg.com/photos-index-page-4-aid-52632.html
/web/20251107125534/https://www.wnacg.com/photos-index-page-34-aid-52632.html
/web/20251107125605/https://www.wnacg.com/photos-index-page-2-aid-52632.html
/web/20251107125600/https://www.wnacg.com/photos-slide-aid-52632.html
/web/20251107125807/https://www.wnacg.com/photos-index-page-5-aid-52632.html
/web/20251107125835/https://v1.wzip.date/down/0527/6d19acbbbec54f73047ad05296a426c2.zip?n=%5B%E3%82%A2%E3%83%B3%E3%82%BD%E3%83%AD%E3%82%B8%E3%83%BC%5D%20Girls%20forM%20%E3%82%AC%E3%83%BC%E3%83%AB%E3%82%BA%E3%83%95%E3%82%A9%E3%83%BC%E3%83%A0%20VOL.01%20%5B%E4%B8%AD%5D
/web/20251107125844/https://v1.wzip.download/down/0527/6d19acbbbec54f73047ad05296a426c2.zip?n=%5B%E3%82%A2%E3%83%B3%E3%82%BD%E3%83%AD%E3%82%B8%E3%83%BC%5D%20Girls%20forM%20%E3%82%AC%E3%83%BC%E3%83%AB%E3%82%BA%E3%83%95%E3%82%A9%E3%83%BC%E3%83%A0%20VOL.01%20%5B%E4%B8%AD%5D
/web/20251107125905/https://www.wnacg.com/photos-index-page-1-aid-52632.html
/web/20251107125944/https://www.wnacg.com/photos-index-page-31-aid-52632.html
/web/20251107130007/https://www.wnacg.com/photos-index-page-33-aid-52632.html
/web/20251107130009/https://www.wnacg.com/photos-index-page-8-aid-52632.html
/web/20251107130010/https://www.wnacg.com/photos-index-page-3-aid-52632.html
/web/20251107130055/https://www.wnacg.com/photos-index-page-32-aid-52632.html
/web/20251107130050/https://www.wnacg.com/photos-index-page-6-aid-52632.html
/web/20251107130130/https://www.wnacg.com/photos-index-page-27-aid-52632.html
/web/20251107130134/https://www.wnacg.com/photos-index-page-30-aid-52632.html
/web/20251107130145/https://www.wnacg.com/photos-index-page-7-aid-52632.html
/web/20251107130208/https://www.wnacg.com/photos-index-page-11-aid-52632.html
/web/20251107130218/https://www.wnacg.com/photos-index-page-9-aid-52632.html
/web/20251107130340/https://www.wnacg.com/photos-index-page-10-aid-52632.html
/web/20251107130445/https://www.wnacg.com/photos-index-page-24-aid-52632.html
/web/20251107130454/https://www.wnacg.com/photos-index-page-23-aid-52632.html
/web/20251107130504/https://www.wnacg.com/photos-index-page-26-aid-52632.html
/web/20251107130514/https://www.wnacg.com/photos-index-page-28-aid-52632.html
/web/20251107130608/https://www.wnacg.com/photos-index-page-12-aid-52632.html
/web/20251107130609/https://www.wnacg.com/photos-index-page-13-aid-52632.html
/web/20251107130707/https://www.wnacg.com/photos-index-page-25-aid-52632.html
/web/20251107130727/https://www.wnacg.com/photos-index-page-21-aid-52632.html
/web/20251107130731/https://www.wnacg.com/photos-index-page-20-aid-52632.html
/web/20251107130803/https://www.wnacg.com/photos-index-page-19-aid-52632.html
/web/20251107130825/https://www.wnacg.com/photos-index-page-22-aid-52632.html
/web/20251107130846/https://www.wnacg.com/photos-index-page-16-aid-52632.html
/web/20251107130906/https://www.wnacg.com/photos-index-page-15-aid-52632.html
/web/20251107130627/https://www.wnacg.com/photos-index-page-14-aid-52632.html
/web/20251107130935/https://www.wnacg.com/photos-index-page-29-aid-52632.html
/web/20251107130946/https://www.wnacg.com/photos-index-page-17-aid-52632.html
/web/20251107131042/https://www.wnacg.com/photos-index-page-18-aid-52632.html
