/web/20251006073109/https://www.wnacg.com/photos-index-aid-226131.html
/web/20251006073208/https://www.wnacg.com/photos-view-id-19120272.html
/web/20251006073239/https://www.wnacg.com/photos-index-page-5-aid-226131.html
/web/20251006073257/https://www.wnacg.com/photos-view-id-19120241.html
/web/20251006073323/https://www.wnacg.com/photos-view-id-19120279.html
/web/20251006073356/https://www.wnacg.com/photos-view-id-19120265.html
/web/20251006073401/https://www.wnacg.com/photos-index-page-2-aid-226131.html
/web/20251006073338/https://www.wnacg.com/photos-view-id-19120252.html
/web/20251006073438/https://www.wnacg.com/photos-view-id-19120255.html
/web/20251006073445/https://www.wnacg.com/download-index-aid-226131.html
/web/20251006073452/https://www.wnacg.com/photos-view-id-19120247.html
/web/20251006073447/https://www.wnacg.com/photos-view-id-19120266.html
/web/20251006073538/https://www.wnacg.com/photos-slide-aid-226131.html
/web/20251006073624/https://www.wnacg.com/photos-view-id-19120275.html
/web/20251006073635/https://www.wnacg.com/photos-view-id-19120251.html
/web/20251006073659/https://www.wnacg.com/photos-view-id-19120260.html
/web/20251006073804/https://www.wnacg.com/photos-index-page-1-aid-226131.html
/web/20251006073818/https://www.wnacg.com/photos-view-id-19120296.html
/web/20251006073853/https://www.wnacg.com/photos-view-id-19120262.html
/web/20251006073916/https://www.wnacg.com/photos-view-id-19120245.html
/web/20251006073908/https://www.wnacg.com/photos-view-id-19120283.html
/web/20251006073910/https://www.wnacg.com/photos-view-id-19120274.html
/web/20251006073947/https://www.wnacg.com/photos-view-id-19120284.html
/web/20251006074026/https://www.wnacg.com/photos-view-id-19120248.html
/web/20251006074027/https://www.wnacg.com/photos-view-id-19120254.html
/web/20251006074140/https://www.wnacg.com/photos-view-id-19120280.html
/web/20251006074103/https://www.wnacg.com/photos-view-id-19120243.html
/web/20251006074137/https://www.wnacg.com/photos-index-page-4-aid-226131.html
/web/20251006074133/https://www.wnacg.com/photos-view-id-19120285.html
/web/20251006074212/https://www.wnacg.com/photos-view-id-19120242.html
/web/20251006074223/https://www.wnacg.com/photos-view-id-19120287.html
/web/20251006074236/https://www.wnacg.com/photos-index-page-3-aid-226131.html
/web/20251006074243/https://www.wnacg.com/photos-view-id-19120271.html
/web/20251006074254/https://www.wnacg.com/photos-view-id-19120269.html
/web/20251006074311/https://www.wnacg.com/photos-view-id-19120292.html
/web/20251006074330/https://www.wnacg.com/photos-view-id-19120267.html
/web/20251006074354/https://www.wnacg.com/photos-view-id-19120263.html
/web/20251006074340/https://www.wnacg.com/photos-view-id-19120276.html
/web/20251006074451/https://www.wnacg.com/photos-view-id-19120256.html
/web/20251006074506/https://v1.wzip.date/down/2262/bd089d62a015d6f82c3e5ed7823e5615.zip?n=%5B%E7%8C%BF%E7%8C%B4%5D%20%E6%90%BE%E7%B2%BE%E6%8B%85%E5%BD%93%E3%81%8A%E5%A7%89%E3%81%95%E3%82%93%20%5B%E6%BD%87%E6%B4%92%E4%B8%AA%E4%BA%BA%E6%B1%89%E5%8C%96%5D
/web/20251006074432/https://www.wnacg.com/photos-view-id-19120288.html
/web/20251006074507/https://v1.wzip.download/down/2262/bd089d62a015d6f82c3e5ed7823e5615.zip?n=%5B%E7%8C%BF%E7%8C%B4%5D%20%E6%90%BE%E7%B2%BE%E6%8B%85%E5%BD%93%E3%81%8A%E5%A7%89%E3%81%95%E3%82%93%20%5B%E6%BD%87%E6%B4%92%E4%B8%AA%E4%BA%BA%E6%B1%89%E5%8C%96%5D
/web/20251006074541/https://www.wnacg.com/photos-view-id-19120257.html
/web/20251006074625/https://www.wnacg.com/photos-view-id-19120253.html
/web/20251006074715/https://www.wnacg.com/photos-view-id-19120278.html
/web/20251006074649/https://www.wnacg.com/photos-view-id-19120249.html
/web/20251006074756/https://www.wnacg.com/photos-view-id-19120281.html
/web/20251006074756/https://www.wnacg.com/photos-view-id-19120270.html
/web/20251006074801/https://www.wnacg.com/photos-view-id-19120282.html
/web/20251006074827/https://www.wnacg.com/photos-view-id-19120258.html
/web/20251006074832/https://www.wnacg.com/photos-view-id-19120244.html
/web/20251006074840/https://www.wnacg.com/photos-view-id-19120289.html
/web/20251006074914/https://www.wnacg.com/photos-view-id-19120261.html
/web/20251006074939/https://www.wnacg.com/photos-view-id-19120294.html
/web/20251006074942/https://www.wnacg.com/photos-view-id-19120273.html
/web/20251006074941/https://www.wnacg.com/photos-view-id-19120250.html
/web/20251006075024/https://www.wnacg.com/photos-view-id-19120240.html
/web/20251006075029/https://www.wnacg.com/photos-view-id-19120246.html
/web/20251006075044/https://www.wnacg.com/photos-view-id-19120259.html
/web/20251006075100/https://www.wnacg.com/photos-view-id-19120264.html
/web/20251006075134/https://www.wnacg.com/photos-view-id-19120277.html
/web/20251006075144/https://www.wnacg.com/photos-view-id-19120290.html
/web/20251006075224/https://www.wnacg.com/photos-view-id-19120295.html
/web/20251006075232/https://www.wnacg.com/photos-view-id-19120291.html
/web/20251006075341/https://www.wnacg.com/photos-view-id-19120293.html
/web/20251006075444/https://www.wnacg.com/photos-view-id-19120268.html
/web/20251006075529/https://www.wnacg.com/photos-view-id-19120286.html
