/web/20251005115953/https://www.wnacg.com/photos-index-aid-311279.html
/web/20251005120019/https://www.wnacg.com/photos-view-id-26026376.html
/web/20251005120033/https://www.wnacg.com/photos-view-id-26026370.html
/web/20251005120026/https://www.wnacg.com/photos-view-id-26026377.html
/web/20251005120049/https://www.wnacg.com/download-index-aid-311279.html
/web/20251005120039/https://www.wnacg.com/photos-view-id-26026374.html
/web/20251005120223/https://www.wnacg.com/photos-index-page-2-aid-311279.html
/web/20251005120258/https://www.wnacg.com/photos-view-id-26026375.html
/web/20251005120256/https://www.wnacg.com/photos-view-id-26026372.html
/web/20251005120347/https://www.wnacg.com/photos-view-id-26026371.html
/web/20251005120457/https://www.wnacg.com/photos-view-id-26026369.html
/web/20251005122234/https://www.wnacg.com/photos-view-id-26026373.html
/web/20251005122248/https://www.wnacg.com/photos-view-id-26026378.html
/web/20251005122242/https://www.wnacg.com/photos-view-id-26026379.html
/web/20251005122255/https://www.wnacg.com/photos-view-id-26026368.html
/web/20251005122337/https://v1.wzip.date/down/3113/bf588a21f4cfa578fa22ed48994a630d.zip?n=%5BXTER%5D%203P%20nont%20x%20nush%20x%20nina%20%5B%E4%B8%AD%E5%9B%BD%E7%BF%BB%E8%A8%B3%5D%20%5B%E7%84%A1%E4%BF%AE%E6%AD%A3%5D
/web/20251005122309/https://v1.wzip.download/down/3113/bf588a21f4cfa578fa22ed48994a630d.zip?n=%5BXTER%5D%203P%20nont%20x%20nush%20x%20nina%20%5B%E4%B8%AD%E5%9B%BD%E7%BF%BB%E8%A8%B3%5D%20%5B%E7%84%A1%E4%BF%AE%E6%AD%A3%5D
/web/20251005122344/https://www.wnacg.com/photos-view-id-26026381.html
/web/20251005122346/https://www.wnacg.com/photos-view-id-26026380.html
/web/20251005122307/https://www.wnacg.com/photos-slide-aid-311279.html
/web/20251005122351/https://www.wnacg.com/photos-index-page-1-aid-311279.html
