/web/20251130064603/https://www.wnacg.ru/photos-index-aid-332272.html
/web/20251130064623/https://www.wnacg.ru/photos-index-page-2-aid-332272.html
/web/20251130064643/https://www.wnacg.ru/photos-view-id-27883080.html
/web/20251130064713/https://www.wnacg.ru/photos-slide-aid-332272.html
/web/20251130064755/https://www.wnacg.ru/photos-view-id-27883085.html
/web/20251130064913/https://www.wnacg.ru/photos-view-id-27883087.html
/web/20251130064911/https://www.wnacg.ru/photos-view-id-27883077.html
/web/20251130064941/https://www.wnacg.ru/photos-view-id-27883076.html
/web/20251130064842/https://www.wnacg.ru/photos-view-id-27883086.html
/web/20251130065029/https://www.wnacg.ru/photos-view-id-27883083.html
/web/20251130065105/https://www.wnacg.ru/photos-view-id-27883078.html
/web/20251130065104/https://www.wnacg.ru/photos-view-id-27883084.html
/web/20251130065147/https://www.wnacg.ru/photos-view-id-27883082.html
/web/20251130065222/https://www.wnacg.ru/download-index-aid-332272.html
/web/20251130065246/https://www.wnacg.ru/photos-view-id-27883089.html
/web/20251130065356/https://www.wnacg.ru/photos-view-id-27883090.html
/web/20251130065453/https://www.wnacg.ru/photos-view-id-27883095.html
/web/20251130065504/https://www.wnacg.ru/photos-view-id-27883092.html
/web/20251130065452/https://www.wnacg.ru/photos-view-id-27883091.html
/web/20251130065606/https://www.wnacg.ru/photos-view-id-27883094.html
/web/20251130065612/https://www.wnacg.ru/photos-view-id-27883088.html
/web/20251130065644/https://www.wnacg.ru/photos-view-id-27883093.html
/web/20251130065636/https://www.wnacg.ru/photos-index-page-1-aid-332272.html
/web/20251130065709/https://www.wnacg.ru/photos-view-id-27883096.html
/web/20251130065307/https://www.wnacg.ru/photos-view-id-27883079.html
/web/20251130065832/https://v1.wzip.date/down/3323/c9d270f191aaea6afb094840c7c8da57.zip?n=%5B%E3%81%B2%E3%82%89%E3%82%8A%E3%81%AF%5D%20%E8%A2%AB%E8%88%8A%E6%9B%B8%E5%BA%97%E7%9A%84%E5%A4%A7%E5%A7%90%E5%A7%90%E7%9C%8B%E7%A9%BF%E6%88%91%E6%9C%89%E5%8F%97%E8%99%90%E5%82%BE%E5%90%91%E8%80%8C%E8%A2%AB%E8%AA%BF%E6%95%99%E7%9A%84%E6%95%85%E4%BA%8B
/web/20251130065835/https://v1.wzip.download/down/3323/c9d270f191aaea6afb094840c7c8da57.zip?n=%5B%E3%81%B2%E3%82%89%E3%82%8A%E3%81%AF%5D%20%E8%A2%AB%E8%88%8A%E6%9B%B8%E5%BA%97%E7%9A%84%E5%A4%A7%E5%A7%90%E5%A7%90%E7%9C%8B%E7%A9%BF%E6%88%91%E6%9C%89%E5%8F%97%E8%99%90%E5%82%BE%E5%90%91%E8%80%8C%E8%A2%AB%E8%AA%BF%E6%95%99%E7%9A%84%E6%95%85%E4%BA%8B
