https://www.wnacg.ru/photos-index-aid-332272.html
https://www.wnacg.ru/photos-index-page-2-aid-332272.html
https://www.wnacg.ru/photos-view-id-27883080.html
https://www.wnacg.ru/photos-slide-aid-332272.html
https://www.wnacg.ru/photos-view-id-27883085.html
https://www.wnacg.ru/photos-view-id-27883087.html
https://www.wnacg.ru/photos-view-id-27883077.html
https://www.wnacg.ru/photos-view-id-27883076.html
https://www.wnacg.ru/photos-view-id-27883086.html
https://www.wnacg.ru/photos-view-id-27883083.html
https://www.wnacg.ru/photos-view-id-27883078.html
https://www.wnacg.ru/photos-view-id-27883084.html
https://www.wnacg.ru/photos-view-id-27883082.html
https://www.wnacg.ru/download-index-aid-332272.html
https://www.wnacg.ru/photos-view-id-27883089.html
https://www.wnacg.ru/photos-view-id-27883090.html
https://www.wnacg.ru/photos-view-id-27883095.html
https://www.wnacg.ru/photos-view-id-27883092.html
https://www.wnacg.ru/photos-view-id-27883091.html
https://www.wnacg.ru/photos-view-id-27883094.html
https://www.wnacg.ru/photos-view-id-27883088.html
https://www.wnacg.ru/photos-view-id-27883093.html
https://www.wnacg.ru/photos-index-page-1-aid-332272.html
https://www.wnacg.ru/photos-view-id-27883096.html
https://www.wnacg.ru/photos-view-id-27883079.html
https://v1.wzip.date/down/3323/c9d270f191aaea6afb094840c7c8da57.zip?n=[%E3%81%B2%E3%82%89%E3%82%8A%E3%81%AF]%20%E8%A2%AB%E8%88%8A%E6%9B%B8%E5%BA%97%E7%9A%84%E5%A4%A7%E5%A7%90%E5%A7%90%E7%9C%8B%E7%A9%BF%E6%88%91%E6%9C%89%E5%8F%97%E8%99%90%E5%82%BE%E5%90%91%E8%80%8C%E8%A2%AB%E8%AA%BF%E6%95%99%E7%9A%84%E6%95%85%E4%BA%8B
https://v1.wzip.download/down/3323/c9d270f191aaea6afb094840c7c8da57.zip?n=[%E3%81%B2%E3%82%89%E3%82%8A%E3%81%AF]%20%E8%A2%AB%E8%88%8A%E6%9B%B8%E5%BA%97%E7%9A%84%E5%A4%A7%E5%A7%90%E5%A7%90%E7%9C%8B%E7%A9%BF%E6%88%91%E6%9C%89%E5%8F%97%E8%99%90%E5%82%BE%E5%90%91%E8%80%8C%E8%A2%AB%E8%AA%BF%E6%95%99%E7%9A%84%E6%95%85%E4%BA%8B
