/web/20251005052628/https://www.wnacg.com/photos-index-aid-264133.html
/web/20251005052714/https://www.wnacg.com/download-index-aid-264133.html
/web/20251005052803/https://www.wnacg.com/photos-view-id-21766746.html
/web/20251005052814/https://www.wnacg.com/photos-view-id-21766711.html
/web/20251005052807/https://www.wnacg.com/photos-view-id-21766762.html
/web/20251005052827/https://www.wnacg.com/photos-view-id-21766774.html
/web/20251005052853/https://www.wnacg.com/photos-index-page-3-aid-264133.html
/web/20251005052928/https://www.wnacg.com/photos-view-id-21766713.html
/web/20251005052804/https://www.wnacg.com/photos-view-id-21766763.html
/web/20251005052949/https://www.wnacg.com/photos-index-page-7-aid-264133.html
/web/20251005052839/https://www.wnacg.com/photos-view-id-21766745.html
/web/20251005053008/https://www.wnacg.com/photos-index-page-2-aid-264133.html
/web/20251005052952/https://www.wnacg.com/photos-view-id-21766767.html
/web/20251005053014/https://www.wnacg.com/photos-view-id-21766732.html
/web/20251005053043/https://www.wnacg.com/photos-view-id-21766705.html
/web/20251005053043/https://www.wnacg.com/photos-slide-aid-264133.html
/web/20251005053115/https://www.wnacg.com/photos-view-id-21766777.html
/web/20251005053115/https://www.wnacg.com/photos-index-page-4-aid-264133.html
/web/20251005053136/https://www.wnacg.com/photos-index-page-5-aid-264133.html
/web/20251005052743/https://www.wnacg.com/photos-view-id-21766717.html
/web/20251005053210/https://v1.wzip.download/down/2642/2b9afc3911278f11655c53afb74baf4d.zip?n=%5B2vs%20(%E6%A4%8E%E5%90%8D%E9%AF%9B)%5D%20H%E9%85%8D%E4%BF%A1%E8%80%85%E6%97%A5%E5%B8%B8%E6%80%A7%E6%B4%BB%EF%BD%9E%E5%81%B6%E7%84%B6%E5%87%BA%E4%BC%9A%E3%81%A3%E3%81%9F%E6%8E%A8%E3%81%97%E3%81%AB%E9%80%86%E3%83%8A%E3%83%B3%E3%81%95%E3%82%8C%E3%81%A6%E6%90%BE%E7%B2%BE%E3%82%89%E3%82%8C%E3%81%9F%E8%A9%B1%EF%BD%9E%20%5BDL%E7%89%88%5D
/web/20251005053216/https://v1.wzip.date/down/2642/2b9afc3911278f11655c53afb74baf4d.zip?n=%5B2vs%20(%E6%A4%8E%E5%90%8D%E9%AF%9B)%5D%20H%E9%85%8D%E4%BF%A1%E8%80%85%E6%97%A5%E5%B8%B8%E6%80%A7%E6%B4%BB%EF%BD%9E%E5%81%B6%E7%84%B6%E5%87%BA%E4%BC%9A%E3%81%A3%E3%81%9F%E6%8E%A8%E3%81%97%E3%81%AB%E9%80%86%E3%83%8A%E3%83%B3%E3%81%95%E3%82%8C%E3%81%A6%E6%90%BE%E7%B2%BE%E3%82%89%E3%82%8C%E3%81%9F%E8%A9%B1%EF%BD%9E%20%5BDL%E7%89%88%5D
/web/20251005053232/https://www.wnacg.com/photos-view-id-21766715.html
/web/20251005053401/https://www.wnacg.com/photos-index-page-1-aid-264133.html
/web/20251005053429/https://www.wnacg.com/photos-view-id-21766734.html
/web/20251005053433/https://www.wnacg.com/photos-view-id-21766755.html
/web/20251005053341/https://www.wnacg.com/photos-view-id-21766748.html
/web/20251005053436/https://www.wnacg.com/photos-view-id-21766776.html
/web/20251005053447/https://www.wnacg.com/photos-view-id-21766758.html
/web/20251005053529/https://www.wnacg.com/photos-view-id-21766760.html
/web/20251005053531/https://www.wnacg.com/photos-view-id-21766780.html
/web/20251005053526/https://www.wnacg.com/photos-view-id-21766735.html
/web/20251005053528/https://www.wnacg.com/photos-view-id-21766721.html
/web/20251005053606/https://www.wnacg.com/photos-view-id-21766769.html
/web/20251005053608/https://www.wnacg.com/photos-index-page-6-aid-264133.html
/web/20251005053625/https://www.wnacg.com/photos-view-id-21766737.html
/web/20251005053639/https://www.wnacg.com/photos-view-id-21766730.html
/web/20251005053613/https://www.wnacg.com/photos-view-id-21766744.html
/web/20251005053641/https://www.wnacg.com/photos-view-id-21766768.html
/web/20251005053739/https://www.wnacg.com/photos-view-id-21766707.html
/web/20251005053749/https://www.wnacg.com/photos-view-id-21766775.html
/web/20251005053811/https://www.wnacg.com/photos-view-id-21766771.html
/web/20251005053806/https://www.wnacg.com/photos-view-id-21766728.html
/web/20251005053823/https://www.wnacg.com/photos-view-id-21766704.html
/web/20251005053759/https://www.wnacg.com/photos-view-id-21766736.html
/web/20251005053824/https://www.wnacg.com/photos-view-id-21766751.html
/web/20251005053851/https://www.wnacg.com/photos-view-id-21766752.html
/web/20251005053900/https://www.wnacg.com/photos-view-id-21766726.html
/web/20251005053921/https://www.wnacg.com/photos-view-id-21766739.html
/web/20251005053950/https://www.wnacg.com/photos-view-id-21766727.html
/web/20251005053927/https://www.wnacg.com/photos-view-id-21766782.html
/web/20251005053949/https://www.wnacg.com/photos-view-id-21766714.html
/web/20251005053957/https://www.wnacg.com/photos-view-id-21766725.html
/web/20251005053956/https://www.wnacg.com/photos-view-id-21766750.html
/web/20251005054021/https://www.wnacg.com/photos-view-id-21766757.html
/web/20251005054040/https://www.wnacg.com/photos-view-id-21766770.html
/web/20251005054039/https://www.wnacg.com/photos-view-id-21766764.html
/web/20251005054113/https://www.wnacg.com/photos-view-id-21766743.html
/web/20251005054114/https://www.wnacg.com/photos-view-id-21766706.html
/web/20251005054141/https://www.wnacg.com/photos-view-id-21766747.html
/web/20251005054150/https://www.wnacg.com/photos-view-id-21766773.html
/web/20251005054204/https://www.wnacg.com/photos-view-id-21766731.html
/web/20251005054225/https://www.wnacg.com/photos-view-id-21766779.html
/web/20251005054226/https://www.wnacg.com/photos-view-id-21766733.html
/web/20251005054255/https://www.wnacg.com/photos-view-id-21766741.html
/web/20251005054350/https://www.wnacg.com/photos-view-id-21766719.html
/web/20251005054350/https://www.wnacg.com/photos-view-id-21766712.html
/web/20251005054418/https://www.wnacg.com/photos-view-id-21766708.html
/web/20251005054417/https://www.wnacg.com/photos-view-id-21766710.html
/web/20251005054423/https://www.wnacg.com/photos-view-id-21766754.html
/web/20251005054503/https://www.wnacg.com/photos-view-id-21766753.html
/web/20251005054533/https://www.wnacg.com/photos-view-id-21766759.html
/web/20251005054633/https://www.wnacg.com/photos-view-id-21766765.html
/web/20251005054638/https://www.wnacg.com/photos-view-id-21766716.html
/web/20251005054627/https://www.wnacg.com/photos-view-id-21766749.html
/web/20251005054633/https://www.wnacg.com/photos-view-id-21766722.html
/web/20251005054647/https://www.wnacg.com/photos-view-id-21766766.html
/web/20251005054739/https://www.wnacg.com/photos-view-id-21766724.html
/web/20251005054723/https://www.wnacg.com/photos-view-id-21766781.html
/web/20251005054702/https://www.wnacg.com/photos-view-id-21766709.html
/web/20251005054804/https://www.wnacg.com/photos-view-id-21766742.html
/web/20251005054807/https://www.wnacg.com/photos-view-id-21766738.html
/web/20251005054854/https://www.wnacg.com/photos-view-id-21766772.html
/web/20251005054856/https://www.wnacg.com/photos-view-id-21766723.html
/web/20251005054835/https://www.wnacg.com/photos-view-id-21766761.html
/web/20251005054904/https://www.wnacg.com/photos-view-id-21766718.html
/web/20251005054933/https://www.wnacg.com/photos-view-id-21766778.html
/web/20251005054950/https://www.wnacg.com/photos-view-id-21766740.html
/web/20251005055006/https://www.wnacg.com/photos-view-id-21766756.html
/web/20251005054944/https://www.wnacg.com/photos-view-id-21766720.html
/web/20251005055021/https://www.wnacg.com/photos-view-id-21766703.html
/web/20251005055058/https://www.wnacg.com/photos-view-id-21766729.html
