/web/20251005040930/https://www.wnacg.com/photos-index-aid-89269.html
/web/20251005041031/https://www.wnacg.com/photos-view-id-7030434.html
/web/20251005041026/https://www.wnacg.com/photos-view-id-7030442.html
/web/20251005041031/https://www.wnacg.com/download-index-aid-89269.html
/web/20251005041122/https://www.wnacg.com/photos-view-id-7030438.html
/web/20251005041119/https://www.wnacg.com/photos-view-id-7030440.html
/web/20251005041044/https://www.wnacg.com/photos-view-id-7030433.html
/web/20251005041153/https://www.wnacg.com/photos-view-id-7030437.html
/web/20251005041244/https://www.wnacg.com/photos-view-id-7030436.html
/web/20251005041211/https://www.wnacg.com/photos-view-id-7030441.html
/web/20251005041226/https://www.wnacg.com/photos-index-page-3-aid-89269.html
/web/20251005041326/https://www.wnacg.com/photos-index-page-2-aid-89269.html
/web/20251005041329/https://www.wnacg.com/photos-view-id-7030444.html
/web/20251005041343/https://www.wnacg.com/photos-view-id-7030435.html
/web/20251005041347/https://www.wnacg.com/photos-slide-aid-89269.html
/web/20251005041447/https://www.wnacg.com/photos-view-id-7030439.html
/web/20251005041448/https://www.wnacg.com/photos-view-id-7030443.html
/web/20251005041513/https://v1.wzip.download/down/0893/5e03623b6edca7128625499e1935c3fc.zip?n=%5B%E7%93%9C%E7%9A%AE%E4%B8%AA%E4%BA%BA%E6%B1%89%E5%8C%96%5D%20%5BDigital%5D%20%5B%E3%82%86%E3%81%AB%E3%81%8A%E3%81%97%5D%20%E4%BA%A1%E5%9B%BD%E3%81%AE%E6%AE%BF%E4%B8%8B%20(%E3%82%B3%E3%83%9F%E3%83%83%E3%82%AF%20%E3%82%A8%E3%82%B0%E3%82%BC%2021)%20%5B%E4%B8%AD%E5%9B%BD%E7%BF%BB%E8%A8%B3%5D%20%5BDL%E7%89%88%5D
/web/20251005041522/https://v1.wzip.date/down/0893/5e03623b6edca7128625499e1935c3fc.zip?n=%5B%E7%93%9C%E7%9A%AE%E4%B8%AA%E4%BA%BA%E6%B1%89%E5%8C%96%5D%20%5BDigital%5D%20%5B%E3%82%86%E3%81%AB%E3%81%8A%E3%81%97%5D%20%E4%BA%A1%E5%9B%BD%E3%81%AE%E6%AE%BF%E4%B8%8B%20(%E3%82%B3%E3%83%9F%E3%83%83%E3%82%AF%20%E3%82%A8%E3%82%B0%E3%82%BC%2021)%20%5B%E4%B8%AD%E5%9B%BD%E7%BF%BB%E8%A8%B3%5D%20%5BDL%E7%89%88%5D
/web/20251005041534/https://www.wnacg.com/photos-index-page-1-aid-89269.html
/web/20251005041527/https://www.wnacg.com/photos-view-id-7030459.html
/web/20251005041623/https://www.wnacg.com/photos-view-id-7030457.html
/web/20251005041625/https://www.wnacg.com/photos-view-id-7030451.html
/web/20251005041652/https://www.wnacg.com/photos-view-id-7030455.html
/web/20251005041658/https://www.wnacg.com/photos-view-id-7030458.html
/web/20251005041704/https://www.wnacg.com/photos-view-id-7030449.html
/web/20251005041803/https://www.wnacg.com/photos-view-id-7030454.html
/web/20251005041735/https://www.wnacg.com/photos-view-id-7030450.html
/web/20251005041804/https://www.wnacg.com/photos-view-id-7030452.html
/web/20251005041747/https://www.wnacg.com/photos-view-id-7030448.html
/web/20251005041808/https://www.wnacg.com/photos-view-id-7030456.html
/web/20251005041841/https://www.wnacg.com/photos-view-id-7030446.html
/web/20251005041756/https://www.wnacg.com/photos-view-id-7030447.html
/web/20251005041912/https://www.wnacg.com/photos-view-id-7030445.html
/web/20251005041951/https://www.wnacg.com/photos-view-id-7030453.html
