https://www.wnacg.com/photos-index-aid-89269.html
https://www.wnacg.com/photos-view-id-7030434.html
https://www.wnacg.com/photos-view-id-7030442.html
https://www.wnacg.com/download-index-aid-89269.html
https://www.wnacg.com/photos-view-id-7030438.html
https://www.wnacg.com/photos-view-id-7030440.html
https://www.wnacg.com/photos-view-id-7030433.html
https://www.wnacg.com/photos-view-id-7030437.html
https://www.wnacg.com/photos-view-id-7030436.html
https://www.wnacg.com/photos-view-id-7030441.html
https://www.wnacg.com/photos-index-page-3-aid-89269.html
https://www.wnacg.com/photos-index-page-2-aid-89269.html
https://www.wnacg.com/photos-view-id-7030444.html
https://www.wnacg.com/photos-view-id-7030435.html
https://www.wnacg.com/photos-slide-aid-89269.html
https://www.wnacg.com/photos-view-id-7030439.html
https://www.wnacg.com/photos-view-id-7030443.html
https://v1.wzip.download/down/0893/5e03623b6edca7128625499e1935c3fc.zip?n=[%E7%93%9C%E7%9A%AE%E4%B8%AA%E4%BA%BA%E6%B1%89%E5%8C%96]%20[Digital]%20[%E3%82%86%E3%81%AB%E3%81%8A%E3%81%97]%20%E4%BA%A1%E5%9B%BD%E3%81%AE%E6%AE%BF%E4%B8%8B%20(%E3%82%B3%E3%83%9F%E3%83%83%E3%82%AF%20%E3%82%A8%E3%82%B0%E3%82%BC%2021)%20[%E4%B8%AD%E5%9B%BD%E7%BF%BB%E8%A8%B3]%20[DL%E7%89%88]
https://v1.wzip.date/down/0893/5e03623b6edca7128625499e1935c3fc.zip?n=[%E7%93%9C%E7%9A%AE%E4%B8%AA%E4%BA%BA%E6%B1%89%E5%8C%96]%20[Digital]%20[%E3%82%86%E3%81%AB%E3%81%8A%E3%81%97]%20%E4%BA%A1%E5%9B%BD%E3%81%AE%E6%AE%BF%E4%B8%8B%20(%E3%82%B3%E3%83%9F%E3%83%83%E3%82%AF%20%E3%82%A8%E3%82%B0%E3%82%BC%2021)%20[%E4%B8%AD%E5%9B%BD%E7%BF%BB%E8%A8%B3]%20[DL%E7%89%88]
https://www.wnacg.com/photos-index-page-1-aid-89269.html
https://www.wnacg.com/photos-view-id-7030459.html
https://www.wnacg.com/photos-view-id-7030457.html
https://www.wnacg.com/photos-view-id-7030451.html
https://www.wnacg.com/photos-view-id-7030455.html
https://www.wnacg.com/photos-view-id-7030458.html
https://www.wnacg.com/photos-view-id-7030449.html
https://www.wnacg.com/photos-view-id-7030454.html
https://www.wnacg.com/photos-view-id-7030450.html
https://www.wnacg.com/photos-view-id-7030452.html
https://www.wnacg.com/photos-view-id-7030448.html
https://www.wnacg.com/photos-view-id-7030456.html
https://www.wnacg.com/photos-view-id-7030446.html
https://www.wnacg.com/photos-view-id-7030447.html
https://www.wnacg.com/photos-view-id-7030445.html
https://www.wnacg.com/photos-view-id-7030453.html
