/web/20251006092939/https://www.wnacg.com/photos-index-aid-93250.html
/web/20251006093103/https://www.wnacg.com/photos-index-page-2-aid-93250.html
/web/20251006093138/https://www.wnacg.com/photos-view-id-7461299.html
/web/20251006093133/https://www.wnacg.com/photos-view-id-7461291.html
/web/20251006093149/https://www.wnacg.com/photos-view-id-7461307.html
/web/20251006093220/https://www.wnacg.com/photos-view-id-7461295.html
/web/20251006093316/https://www.wnacg.com/photos-view-id-7461309.html
/web/20251006093235/https://www.wnacg.com/photos-view-id-7461302.html
/web/20251006093401/https://www.wnacg.com/photos-view-id-7461329.html
/web/20251006093402/https://www.wnacg.com/photos-view-id-7461304.html
/web/20251006093433/https://www.wnacg.com/download-index-aid-93250.html
/web/20251006093459/https://www.wnacg.com/photos-view-id-7461297.html
/web/20251006093507/https://www.wnacg.com/photos-view-id-7461293.html
/web/20251006093524/https://www.wnacg.com/photos-view-id-7461289.html
/web/20251006093556/https://www.wnacg.com/photos-view-id-7461323.html
/web/20251006093608/https://www.wnacg.com/photos-view-id-7461312.html
/web/20251006093637/https://www.wnacg.com/photos-slide-aid-93250.html
/web/20251006093643/https://www.wnacg.com/photos-view-id-7461328.html
/web/20251006093706/https://www.wnacg.com/photos-view-id-7461325.html
/web/20251006093742/https://www.wnacg.com/photos-view-id-7461317.html
/web/20251006093758/https://www.wnacg.com/photos-view-id-7461318.html
/web/20251006093824/https://v1.wzip.date/down/0933/ad0cb37a098054540a5714301eb781ff.zip?n=%5B%E6%B2%92%E6%9C%89%E6%BC%A2%E5%8C%96%5D%20(%E3%81%93%E3%81%BF%E3%83%88%E3%83%AC34)%20%5B%E5%A1%A9%E3%81%A1%E3%82%87%E3%81%93%20(%E4%B8%83G)%5D%20%E9%83%A1%E9%81%93%E5%85%88%E7%94%9F%E3%81%AE%E8%B6%B3%E3%81%A7%E5%A4%A2%E6%83%B3%E3%81%99%E3%82%8B%20(%E3%81%AB%E3%81%98%E3%81%95%E3%82%93%E3%81%98)
/web/20251006093816/https://www.wnacg.com/photos-view-id-7461320.html
/web/20251006093835/https://www.wnacg.com/photos-view-id-7461326.html
/web/20251006093830/https://www.wnacg.com/photos-index-page-1-aid-93250.html
/web/20251006093915/https://www.wnacg.com/photos-view-id-7461314.html
/web/20251006093833/https://v1.wzip.download/down/0933/ad0cb37a098054540a5714301eb781ff.zip?n=%5B%E6%B2%92%E6%9C%89%E6%BC%A2%E5%8C%96%5D%20(%E3%81%93%E3%81%BF%E3%83%88%E3%83%AC34)%20%5B%E5%A1%A9%E3%81%A1%E3%82%87%E3%81%93%20(%E4%B8%83G)%5D%20%E9%83%A1%E9%81%93%E5%85%88%E7%94%9F%E3%81%AE%E8%B6%B3%E3%81%A7%E5%A4%A2%E6%83%B3%E3%81%99%E3%82%8B%20(%E3%81%AB%E3%81%98%E3%81%95%E3%82%93%E3%81%98)
/web/20251006093903/https://www.wnacg.com/photos-view-id-7461301.html
