/web/20251112162740/https://www.wnacg.com/photos-index-aid-157326.html
/web/20251112162755/https://www.wnacg.ru/photos-index-aid-157326.html
/web/20251112162831/https://www.wnacg.com/photos-view-id-13903395.html
/web/20251112162835/https://www.wnacg.com/photos-view-id-13903392.html
/web/20251112162901/https://www.wnacg.com/photos-view-id-13903386.html
/web/20251112162925/https://www.wnacg.com/photos-view-id-13903373.html
/web/20251112162910/https://www.wnacg.com/photos-slide-aid-157326.html
/web/20251112163007/https://www.wnacg.com/photos-view-id-13903371.html
/web/20251112163040/https://www.wnacg.com/photos-index-page-2-aid-157326.html
/web/20251112163027/https://www.wnacg.com/photos-view-id-13903368.html
/web/20251112163058/https://www.wnacg.com/photos-view-id-13903387.html
/web/20251112163116/https://www.wnacg.com/download-index-aid-157326.html
/web/20251112163141/https://www.wnacg.com/photos-index-page-3-aid-157326.html
/web/20251112163145/https://www.wnacg.com/photos-view-id-13903396.html
/web/20251112163200/https://www.wnacg.com/photos-view-id-13903390.html
/web/20251112163213/https://www.wnacg.com/photos-view-id-13903394.html
/web/20251112163249/https://www.wnacg.ru/photos-view-id-13903390.html
/web/20251112163256/https://www.wnacg.ru/photos-view-id-13903386.html
/web/20251112163311/https://www.wnacg.com/photos-view-id-13903375.html
/web/20251112163304/https://www.wnacg.ru/photos-view-id-13903394.html
/web/20251112163326/https://www.wnacg.com/photos-view-id-13903380.html
/web/20251112163341/https://www.wnacg.com/photos-view-id-13903369.html
/web/20251112163404/https://www.wnacg.com/photos-index-page-1-aid-157326.html
/web/20251112163417/https://www.wnacg.com/photos-view-id-13903379.html
/web/20251112163444/https://www.wnacg.com/photos-view-id-13903385.html
/web/20251112163518/https://www.wnacg.com/photos-view-id-13903378.html
/web/20251112163516/https://www.wnacg.com/photos-view-id-13903367.html
/web/20251112163517/https://www.wnacg.com/photos-view-id-13903391.html
/web/20251112163553/https://www.wnacg.com/photos-view-id-13903377.html
/web/20251112163638/https://www.wnacg.com/photos-view-id-13903389.html
/web/20251112163715/https://www.wnacg.com/photos-view-id-13903381.html
/web/20251112163711/https://www.wnacg.com/photos-view-id-13903397.html
/web/20251112163707/https://v1.wzip.download/down/1574/cc9fc4318720ce293354efed31592b20.zip?n=%5B%E3%83%86%E3%83%B3%E3%83%91%E3%82%8A%E3%82%93%E3%81%90%20(%E3%83%88%E3%82%AD%E3%83%9E%E3%83%81%E2%98%85%E3%82%A8%E3%82%A4%E3%82%BB%E3%82%A4)%5D%20%E7%A7%81%E3%81%AB%E8%A9%B0%E3%82%81%E5%AF%84%E3%82%8B%E3%81%A8%E3%80%87%E3%80%87%E3%80%87%E3%81%8C%E3%82%A4%E3%81%8F%E3%82%8F%E3%82%88%E2%80%A6!%20(%E3%83%86%E3%82%A4%E3%83%AB%E3%82%BA%E3%82%AA%E3%83%96%E3%82%A2%E3%83%A9%E3%82%A4%E3%82%BA)%20%5B%E4%B8%AD%E5%9B%BD%E7%BF%BB%E8%A8%B3%5D%20%5BDL%E7%89%88%5D
/web/20251112163804/https://v1.wzip.date/down/1574/cc9fc4318720ce293354efed31592b20.zip?n=%5B%E3%83%86%E3%83%B3%E3%83%91%E3%82%8A%E3%82%93%E3%81%90%20(%E3%83%88%E3%82%AD%E3%83%9E%E3%83%81%E2%98%85%E3%82%A8%E3%82%A4%E3%82%BB%E3%82%A4)%5D%20%E7%A7%81%E3%81%AB%E8%A9%B0%E3%82%81%E5%AF%84%E3%82%8B%E3%81%A8%E3%80%87%E3%80%87%E3%80%87%E3%81%8C%E3%82%A4%E3%81%8F%E3%82%8F%E3%82%88%E2%80%A6!%20(%E3%83%86%E3%82%A4%E3%83%AB%E3%82%BA%E3%82%AA%E3%83%96%E3%82%A2%E3%83%A9%E3%82%A4%E3%82%BA)%20%5B%E4%B8%AD%E5%9B%BD%E7%BF%BB%E8%A8%B3%5D%20%5BDL%E7%89%88%5D
/web/20251112163745/https://www.wnacg.com/photos-view-id-13903372.html
/web/20251112163822/https://www.wnacg.com/photos-view-id-13903384.html
/web/20251112163823/https://www.wnacg.com/photos-view-id-13903398.html
/web/20251112163858/https://www.wnacg.com/photos-view-id-13903382.html
/web/20251112163859/https://www.wnacg.com/photos-view-id-13903393.html
/web/20251112163914/https://www.wnacg.com/photos-view-id-13903374.html
/web/20251112163929/https://www.wnacg.com/photos-view-id-13903383.html
/web/20251112163949/https://www.wnacg.com/photos-view-id-13903376.html
/web/20251112164001/https://www.wnacg.com/photos-view-id-13903388.html
/web/20251112164014/https://www.wnacg.ru/photos-view-id-13903396.html
/web/20251112164044/https://www.wnacg.ru/photos-slide-aid-157326.html
/web/20251112164135/https://www.wnacg.ru/photos-view-id-13903375.html
/web/20251112164139/https://www.wnacg.ru/photos-view-id-13903388.html
/web/20251112164124/https://www.wnacg.ru/photos-view-id-13903395.html
/web/20251112164121/https://www.wnacg.ru/photos-index-page-2-aid-157326.html
/web/20251112164224/https://www.wnacg.ru/photos-view-id-13903368.html
/web/20251112164236/https://www.wnacg.ru/download-index-aid-157326.html
/web/20251112164233/https://www.wnacg.ru/photos-view-id-13903371.html
/web/20251112164332/https://www.wnacg.ru/photos-index-page-3-aid-157326.html
/web/20251112164332/https://www.wnacg.ru/photos-view-id-13903373.html
/web/20251112164347/https://www.wnacg.ru/photos-view-id-13903387.html
/web/20251112164412/https://www.wnacg.ru/photos-view-id-13903393.html
/web/20251112164448/https://www.wnacg.ru/photos-view-id-13903392.html
/web/20251112164447/https://www.wnacg.ru/photos-view-id-13903370.html
/web/20251112164518/https://www.wnacg.ru/photos-view-id-13903377.html
/web/20251112164553/https://www.wnacg.ru/photos-view-id-13903381.html
/web/20251112164555/https://www.wnacg.ru/photos-view-id-13903378.html
/web/20251112164604/https://www.wnacg.ru/photos-view-id-13903367.html
/web/20251112164624/https://www.wnacg.ru/photos-view-id-13903391.html
/web/20251112164612/https://www.wnacg.ru/photos-view-id-13903385.html
/web/20251112164659/https://www.wnacg.ru/photos-view-id-13903380.html
/web/20251112164700/https://www.wnacg.ru/photos-index-page-1-aid-157326.html
/web/20251112164715/https://www.wnacg.ru/photos-view-id-13903397.html
/web/20251112164730/https://www.wnacg.ru/photos-view-id-13903369.html
/web/20251112164806/https://www.wnacg.ru/photos-view-id-13903382.html
/web/20251112164839/https://www.wnacg.ru/photos-view-id-13903374.html
/web/20251112164823/https://www.wnacg.ru/photos-view-id-13903372.html
/web/20251112164828/https://www.wnacg.ru/photos-view-id-13903379.html
/web/20251112164911/https://www.wnacg.ru/photos-view-id-13903376.html
/web/20251112164914/https://www.wnacg.ru/photos-view-id-13903398.html
/web/20251112164949/https://www.wnacg.ru/photos-view-id-13903383.html
/web/20251112165037/https://www.wnacg.ru/photos-view-id-13903384.html
/web/20251112165043/https://www.wnacg.ru/photos-view-id-13903389.html
