/web/20251006102059/https://www.wnacg.com/photos-index-aid-195453.html
/web/20251006102118/https://www.wnacg.com/photos-index-page-2-aid-195453.html
/web/20251006102130/https://www.wnacg.com/photos-view-id-16993126.html
/web/20251006102148/https://www.wnacg.com/photos-view-id-16993106.html
/web/20251006102219/https://www.wnacg.com/photos-view-id-16993096.html
/web/20251006102231/https://www.wnacg.com/photos-view-id-16993122.html
/web/20251006102140/https://www.wnacg.com/photos-view-id-16993103.html
/web/20251006102238/https://www.wnacg.com/photos-view-id-16993118.html
/web/20251006102241/https://www.wnacg.com/download-index-aid-195453.html
/web/20251006102322/https://www.wnacg.com/photos-view-id-16993100.html
/web/20251006102342/https://www.wnacg.com/photos-view-id-16993121.html
/web/20251006102323/https://www.wnacg.com/photos-view-id-16993109.html
/web/20251006102343/https://www.wnacg.com/photos-view-id-16993124.html
/web/20251006102252/https://www.wnacg.com/photos-slide-aid-195453.html
/web/20251006102425/https://www.wnacg.com/photos-view-id-16993123.html
/web/20251006102413/https://www.wnacg.com/photos-view-id-16993113.html
/web/20251006102415/https://www.wnacg.com/photos-index-page-3-aid-195453.html
/web/20251006102448/https://www.wnacg.com/photos-view-id-16993137.html
/web/20251006102458/https://www.wnacg.com/photos-view-id-16993131.html
/web/20251006102508/https://www.wnacg.com/photos-view-id-16993132.html
/web/20251006102528/https://www.wnacg.com/photos-view-id-16993140.html
/web/20251006102518/https://www.wnacg.com/photos-view-id-16993144.html
/web/20251006102557/https://www.wnacg.com/photos-view-id-16993149.html
/web/20251006102600/https://www.wnacg.com/photos-view-id-16993135.html
/web/20251006102614/https://www.wnacg.com/photos-view-id-16993133.html
/web/20251006102619/https://www.wnacg.com/photos-view-id-16993127.html
/web/20251006102644/https://www.wnacg.com/photos-index-page-1-aid-195453.html
/web/20251006102711/https://www.wnacg.com/photos-view-id-16993146.html
/web/20251006102731/https://v1.wzip.download/down/1955/410e8200150e987d0c8f524c6b77e930.zip?n=%5BM%E7%B3%BB%E8%B5%84%E6%BA%90%E8%AE%BA%E5%9D%9B%E6%B1%89%E5%8C%96%5D%20(C81)%20%5BSOUND%20MILK%20(%E9%9F%B3%E4%B9%B3)%5D%20%E3%82%A4%E3%83%BC%E3%82%B9%E6%A7%98%E3%81%AE%E6%90%BE%E7%B2%BE%E5%9C%B0%E7%8D%84%20(%E3%83%95%E3%83%AC%E3%83%83%E3%82%B7%E3%83%A5%E3%83%97%E3%83%AA%E3%82%AD%E3%83%A5%E3%82%A2!)
/web/20251006102723/https://www.wnacg.com/photos-view-id-16993161.html
/web/20251006102730/https://www.wnacg.com/photos-view-id-16993151.html
/web/20251006102800/https://v1.wzip.date/down/1955/410e8200150e987d0c8f524c6b77e930.zip?n=%5BM%E7%B3%BB%E8%B5%84%E6%BA%90%E8%AE%BA%E5%9D%9B%E6%B1%89%E5%8C%96%5D%20(C81)%20%5BSOUND%20MILK%20(%E9%9F%B3%E4%B9%B3)%5D%20%E3%82%A4%E3%83%BC%E3%82%B9%E6%A7%98%E3%81%AE%E6%90%BE%E7%B2%BE%E5%9C%B0%E7%8D%84%20(%E3%83%95%E3%83%AC%E3%83%83%E3%82%B7%E3%83%A5%E3%83%97%E3%83%AA%E3%82%AD%E3%83%A5%E3%82%A2!)
/web/20251006102817/https://www.wnacg.com/photos-view-id-16993155.html
/web/20251006102802/https://www.wnacg.com/photos-view-id-16993129.html
/web/20251006102818/https://www.wnacg.com/photos-view-id-16993158.html
