/web/20251102135407/https://www.wnacg.ru/photos-index-aid-213527.html
/web/20251102135426/https://www.wnacg.ru/photos-index-page-2-aid-213527.html
/web/20251102135553/https://www.wnacg.ru/photos-view-id-18228780.html
/web/20251102135621/https://www.wnacg.ru/photos-view-id-18228785.html
/web/20251102135622/https://www.wnacg.ru/photos-index-page-4-aid-213527.html
/web/20251102135648/https://www.wnacg.ru/photos-view-id-18228791.html
/web/20251102135704/https://www.wnacg.ru/photos-view-id-18228789.html
/web/20251102135749/https://www.wnacg.ru/photos-view-id-18228782.html
/web/20251102135834/https://www.wnacg.ru/download-index-aid-213527.html
/web/20251102135855/https://www.wnacg.ru/photos-view-id-18228781.html
/web/20251102135928/https://www.wnacg.ru/photos-view-id-18228783.html
/web/20251102135929/https://www.wnacg.ru/photos-view-id-18228787.html
/web/20251102135947/https://www.wnacg.ru/photos-view-id-18228786.html
/web/20251102140027/https://www.wnacg.ru/photos-view-id-18228788.html
/web/20251102140053/https://www.wnacg.ru/photos-index-page-3-aid-213527.html
/web/20251102140115/https://www.wnacg.ru/photos-view-id-18228832.html
/web/20251102140023/https://www.wnacg.ru/photos-view-id-18228811.html
/web/20251102140028/https://www.wnacg.ru/photos-view-id-18228790.html
/web/20251102140132/https://www.wnacg.ru/photos-view-id-18228807.html
/web/20251102140134/https://www.wnacg.ru/photos-view-id-18228819.html
/web/20251102140235/https://www.wnacg.ru/photos-index-page-1-aid-213527.html
/web/20251102140212/https://www.wnacg.ru/photos-slide-aid-213527.html
/web/20251102140314/https://www.wnacg.ru/photos-view-id-18228793.html
/web/20251102140315/https://www.wnacg.ru/photos-view-id-18228814.html
/web/20251102140335/https://www.wnacg.ru/photos-view-id-18228792.html
/web/20251102140324/https://www.wnacg.ru/photos-view-id-18228796.html
/web/20251102140440/https://www.wnacg.ru/photos-view-id-18228856.html
/web/20251102140511/https://www.wnacg.ru/photos-view-id-18228851.html
/web/20251102140523/https://www.wnacg.ru/photos-view-id-18228860.html
/web/20251102140509/https://www.wnacg.ru/photos-view-id-18228848.html
/web/20251102140714/https://www.wnacg.ru/photos-view-id-18228852.html
/web/20251102140713/https://www.wnacg.ru/photos-view-id-18228839.html
/web/20251102140730/https://www.wnacg.ru/photos-view-id-18228855.html
/web/20251102140751/https://www.wnacg.ru/photos-view-id-18228834.html
/web/20251102140813/https://www.wnacg.ru/photos-index-page-5-aid-213527.html
/web/20251102140834/https://www.wnacg.ru/photos-view-id-18228835.html
/web/20251102140859/https://www.wnacg.ru/photos-view-id-18228842.html
/web/20251102140901/https://www.wnacg.ru/photos-view-id-18228836.html
/web/20251102140934/https://www.wnacg.ru/photos-view-id-18228840.html
/web/20251102140941/https://www.wnacg.ru/photos-view-id-18228843.html
/web/20251102140943/https://www.wnacg.ru/photos-view-id-18228833.html
/web/20251102141006/https://www.wnacg.ru/photos-view-id-18228827.html
/web/20251102141007/https://www.wnacg.ru/photos-view-id-18228806.html
/web/20251102141016/https://www.wnacg.ru/photos-view-id-18228837.html
/web/20251102141058/https://www.wnacg.ru/photos-view-id-18228823.html
/web/20251102141122/https://www.wnacg.ru/photos-view-id-18228857.html
/web/20251102141119/https://www.wnacg.ru/photos-view-id-18228850.html
/web/20251102141207/https://www.wnacg.ru/photos-view-id-18228859.html
/web/20251102141219/https://www.wnacg.ru/photos-view-id-18228849.html
/web/20251102141231/https://www.wnacg.ru/photos-view-id-18228805.html
/web/20251102141229/https://www.wnacg.ru/photos-view-id-18228847.html
/web/20251102141405/https://www.wnacg.ru/photos-view-id-18228854.html
/web/20251102141405/https://www.wnacg.ru/photos-view-id-18228858.html
/web/20251102141355/https://www.wnacg.ru/photos-view-id-18228784.html
/web/20251102141327/https://www.wnacg.ru/photos-view-id-18228853.html
/web/20251102141337/https://www.wnacg.ru/photos-view-id-18228838.html
/web/20251102141513/https://www.wnacg.ru/photos-view-id-18228845.html
/web/20251102141552/https://www.wnacg.ru/photos-view-id-18228841.html
/web/20251102141610/https://www.wnacg.ru/photos-view-id-18228844.html
