/web/20251005112104/https://www.wnacg.com/photos-index-aid-276787.html
/web/20251005112129/https://www.wnacg.com/photos-view-id-22718518.html
/web/20251005112137/https://www.wnacg.com/photos-index-page-4-aid-276787.html
/web/20251005112213/https://www.wnacg.com/photos-view-id-22718513.html
/web/20251005112151/https://www.wnacg.com/photos-view-id-22710415.html
/web/20251005112241/https://www.wnacg.com/photos-view-id-22718511.html
/web/20251005112143/https://www.wnacg.com/photos-view-id-22710414.html
/web/20251005112206/https://www.wnacg.com/photos-view-id-22718517.html
/web/20251005112207/https://www.wnacg.com/photos-view-id-22718512.html
/web/20251005112302/https://www.wnacg.com/photos-view-id-22718510.html
/web/20251005112317/https://www.wnacg.com/photos-view-id-22718515.html
/web/20251005112322/https://www.wnacg.com/photos-index-page-2-aid-276787.html
/web/20251005112303/https://www.wnacg.com/photos-view-id-22718514.html
/web/20251005112325/https://www.wnacg.com/photos-index-page-5-aid-276787.html
/web/20251005112427/https://www.wnacg.com/photos-index-page-3-aid-276787.html
/web/20251005112441/https://www.wnacg.com/photos-view-id-22710413.html
/web/20251005112424/https://www.wnacg.com/photos-slide-aid-276787.html
/web/20251005112435/https://www.wnacg.com/photos-view-id-22718516.html
/web/20251005112530/https://www.wnacg.com/download-index-aid-276787.html
/web/20251005112450/https://www.wnacg.com/photos-index-page-12-aid-276787.html
/web/20251005112734/https://www.wnacg.com/photos-view-id-22718553.html
/web/20251005112740/https://www.wnacg.com/photos-index-page-7-aid-276787.html
/web/20251005112742/https://www.wnacg.com/photos-view-id-22718552.html
/web/20251005112733/https://www.wnacg.com/photos-view-id-22718519.html
/web/20251005112833/https://www.wnacg.com/photos-view-id-22718543.html
/web/20251005112938/https://www.wnacg.com/photos-view-id-22718550.html
/web/20251005112834/https://www.wnacg.com/photos-view-id-22718546.html
/web/20251005112853/https://www.wnacg.com/photos-view-id-22718544.html
/web/20251005112905/https://www.wnacg.com/photos-index-page-6-aid-276787.html
/web/20251005112905/https://www.wnacg.com/photos-view-id-22718548.html
/web/20251005113006/https://www.wnacg.com/photos-index-page-1-aid-276787.html
/web/20251005112748/https://www.wnacg.com/photos-view-id-22718549.html
/web/20251005112940/https://www.wnacg.com/photos-view-id-22718551.html
/web/20251005113034/https://www.wnacg.com/photos-index-page-8-aid-276787.html
/web/20251005113007/https://www.wnacg.com/photos-view-id-22718554.html
/web/20251005112959/https://www.wnacg.com/photos-view-id-22718547.html
/web/20251005113111/https://www.wnacg.com/photos-view-id-22718524.html
/web/20251005113109/https://www.wnacg.com/photos-view-id-22718522.html
/web/20251005113150/https://www.wnacg.com/photos-view-id-22718525.html
/web/20251005113157/https://www.wnacg.com/photos-view-id-22718523.html
/web/20251005113120/https://www.wnacg.com/photos-view-id-22718527.html
/web/20251005113151/https://www.wnacg.com/photos-view-id-22718521.html
/web/20251005113147/https://www.wnacg.com/photos-view-id-22718528.html
/web/20251005113236/https://www.wnacg.com/photos-view-id-22718582.html
/web/20251005113244/https://www.wnacg.com/photos-view-id-22718586.html
/web/20251005113303/https://www.wnacg.com/photos-view-id-22718588.html
/web/20251005113312/https://www.wnacg.com/photos-view-id-22718520.html
/web/20251005113216/https://www.wnacg.com/photos-view-id-22718529.html
/web/20251005113333/https://www.wnacg.com/photos-view-id-22718581.html
/web/20251005113414/https://www.wnacg.com/photos-view-id-22718585.html
/web/20251005113347/https://www.wnacg.com/photos-view-id-22718584.html
/web/20251005113426/https://www.wnacg.com/photos-view-id-22718579.html
/web/20251005113340/https://www.wnacg.com/photos-view-id-22718589.html
/web/20251005113343/https://www.wnacg.com/photos-view-id-22718587.html
/web/20251005113420/https://www.wnacg.com/photos-view-id-22718590.html
/web/20251005113443/https://www.wnacg.com/photos-view-id-22718583.html
/web/20251005113445/https://www.wnacg.com/photos-view-id-22718580.html
/web/20251005113500/https://www.wnacg.com/photos-view-id-22718545.html
/web/20251005113525/https://www.wnacg.com/photos-view-id-22718577.html
/web/20251005113526/https://www.wnacg.com/photos-view-id-22718578.html
/web/20251005113554/https://www.wnacg.com/photos-view-id-22718572.html
/web/20251005113555/https://www.wnacg.com/photos-view-id-22718573.html
/web/20251005113601/https://www.wnacg.com/photos-view-id-22718569.html
/web/20251005113608/https://www.wnacg.com/photos-view-id-22718570.html
/web/20251005113625/https://www.wnacg.com/photos-view-id-22718575.html
/web/20251005113636/https://www.wnacg.com/photos-view-id-22718568.html
/web/20251005113632/https://www.wnacg.com/photos-view-id-22718567.html
/web/20251005113615/https://www.wnacg.com/photos-view-id-22718576.html
/web/20251005113726/https://www.wnacg.com/photos-view-id-22718591.html
/web/20251005113705/https://www.wnacg.com/photos-view-id-22718571.html
/web/20251005113704/https://www.wnacg.com/photos-view-id-22718574.html
/web/20251005113713/https://www.wnacg.com/photos-view-id-22718600.html
/web/20251005113832/https://www.wnacg.com/photos-view-id-22718601.html
/web/20251005113825/https://www.wnacg.com/photos-view-id-22718592.html
/web/20251005113825/https://www.wnacg.com/photos-view-id-22718598.html
/web/20251005113918/https://www.wnacg.com/photos-view-id-22718594.html
/web/20251005113855/https://www.wnacg.com/photos-view-id-22718602.html
/web/20251005113839/https://www.wnacg.com/photos-view-id-22718593.html
/web/20251005114005/https://www.wnacg.com/photos-view-id-22718599.html
/web/20251005113941/https://www.wnacg.com/photos-view-id-22718595.html
/web/20251005113956/https://www.wnacg.com/photos-view-id-22718530.html
/web/20251005114100/https://www.wnacg.com/photos-view-id-22718566.html
/web/20251005114111/https://www.wnacg.com/photos-view-id-22718597.html
/web/20251005114142/https://www.wnacg.com/photos-view-id-22718603.html
/web/20251005114048/https://www.wnacg.com/photos-view-id-22718596.html
/web/20251005114135/https://www.wnacg.com/photos-view-id-22718558.html
/web/20251005114108/https://www.wnacg.com/photos-view-id-22718555.html
/web/20251005114100/https://www.wnacg.com/photos-view-id-22718562.html
/web/20251005114138/https://www.wnacg.com/photos-view-id-22718565.html
/web/20251005114206/https://www.wnacg.com/photos-view-id-22718556.html
/web/20251005114209/https://www.wnacg.com/photos-view-id-22718560.html
/web/20251005114214/https://www.wnacg.com/photos-view-id-22718563.html
/web/20251005114154/https://www.wnacg.com/photos-view-id-22718526.html
/web/20251005114241/https://www.wnacg.com/photos-index-page-9-aid-276787.html
/web/20251005114242/https://www.wnacg.com/photos-view-id-22718557.html
/web/20251005114309/https://www.wnacg.com/photos-view-id-22718559.html
/web/20251005114424/https://www.wnacg.com/photos-view-id-22718564.html
/web/20251005114434/https://www.wnacg.com/photos-view-id-22718561.html
/web/20251005114436/https://www.wnacg.com/photos-view-id-22718534.html
/web/20251005114429/https://www.wnacg.com/photos-view-id-22718537.html
/web/20251005114503/https://www.wnacg.com/photos-view-id-22718535.html
/web/20251005114507/https://www.wnacg.com/photos-view-id-22718540.html
/web/20251005114527/https://www.wnacg.com/photos-view-id-22718604.html
/web/20251005114546/https://www.wnacg.com/photos-view-id-22718607.html
/web/20251005114600/https://www.wnacg.com/photos-view-id-22718605.html
/web/20251005114604/https://www.wnacg.com/photos-view-id-22718612.html
/web/20251005114636/https://www.wnacg.com/photos-view-id-22718609.html
/web/20251005114608/https://www.wnacg.com/photos-view-id-22718608.html
/web/20251005114649/https://www.wnacg.com/photos-view-id-22718613.html
/web/20251005114732/https://www.wnacg.com/photos-view-id-22718614.html
/web/20251005114717/https://www.wnacg.com/photos-view-id-22718606.html
/web/20251005114720/https://www.wnacg.com/photos-view-id-22718611.html
/web/20251005114739/https://www.wnacg.com/photos-view-id-22718610.html
/web/20251005114753/https://www.wnacg.com/photos-view-id-22718539.html
/web/20251005114747/https://www.wnacg.com/photos-view-id-22718531.html
/web/20251005114828/https://www.wnacg.com/photos-view-id-22718542.html
/web/20251005114835/https://www.wnacg.com/photos-view-id-22718532.html
/web/20251005114826/https://www.wnacg.com/photos-view-id-22718538.html
/web/20251005114856/https://www.wnacg.com/photos-view-id-22718536.html
/web/20251005114910/https://www.wnacg.com/photos-view-id-22710548.html
/web/20251005114940/https://www.wnacg.com/photos-view-id-22718541.html
/web/20251005114936/https://www.wnacg.com/photos-view-id-22718533.html
/web/20251005115013/https://www.wnacg.com/photos-view-id-22710545.html
/web/20251005114938/https://v1.wzip.download/down/2768/ced2583c8e78c353838d02e7057b5345.zip?n=%5B%E3%81%99%E3%81%BE%E3%81%84%E3%82%8B%E3%81%B5%E3%81%89%E3%82%89%E3%82%93%E3%81%8B%E3%82%93%E3%81%B1%E3%81%AB%E3%81%83%20(%E3%82%80%E3%81%86%E3%81%A4%E3%81%8D%E3%80%81%E9%9B%AA%E4%BB%81)%5D%20%E3%83%AF%E3%82%AB%E3%83%A9%E3%82%BB%E7%B7%8F%E9%9B%86%E7%B7%A8%E3%80%9C%E7%B5%82%E3%82%8F%E3%82%89%E3%81%AA%E3%81%84%E6%82%AA%E5%A4%A2%E3%81%A8%E6%BA%BA%E3%82%8C%E3%82%8B%E3%82%AA%E3%83%B3%E3%83%8A%E3%81%9F%E3%81%A1%E3%80%9C%5B%E4%B8%AD%E6%96%87%5D%20%5B%E7%84%A1%E4%BF%AE%E6%AD%A3%5D(%E6%95%99%E8%82%B2%E5%B1%88%E5%BE%9E%20%E7%9F%AD%E7%AF%87%E6%97%A5%E6%96%87%E6%9C%89%E6%9C%89%E4%BF%AE%E6%AD%A3)
/web/20251005114955/https://v1.wzip.date/down/2768/ced2583c8e78c353838d02e7057b5345.zip?n=%5B%E3%81%99%E3%81%BE%E3%81%84%E3%82%8B%E3%81%B5%E3%81%89%E3%82%89%E3%82%93%E3%81%8B%E3%82%93%E3%81%B1%E3%81%AB%E3%81%83%20(%E3%82%80%E3%81%86%E3%81%A4%E3%81%8D%E3%80%81%E9%9B%AA%E4%BB%81)%5D%20%E3%83%AF%E3%82%AB%E3%83%A9%E3%82%BB%E7%B7%8F%E9%9B%86%E7%B7%A8%E3%80%9C%E7%B5%82%E3%82%8F%E3%82%89%E3%81%AA%E3%81%84%E6%82%AA%E5%A4%A2%E3%81%A8%E6%BA%BA%E3%82%8C%E3%82%8B%E3%82%AA%E3%83%B3%E3%83%8A%E3%81%9F%E3%81%A1%E3%80%9C%5B%E4%B8%AD%E6%96%87%5D%20%5B%E7%84%A1%E4%BF%AE%E6%AD%A3%5D(%E6%95%99%E8%82%B2%E5%B1%88%E5%BE%9E%20%E7%9F%AD%E7%AF%87%E6%97%A5%E6%96%87%E6%9C%89%E6%9C%89%E4%BF%AE%E6%AD%A3)
/web/20251005115044/https://www.wnacg.com/photos-view-id-22710547.html
/web/20251005115046/https://www.wnacg.com/photos-view-id-22710546.html
/web/20251005115022/https://www.wnacg.com/photos-index-page-10-aid-276787.html
/web/20251005115014/https://www.wnacg.com/photos-view-id-22710521.html
/web/20251005115113/https://www.wnacg.com/photos-index-page-11-aid-276787.html
/web/20251005115138/https://www.wnacg.com/photos-view-id-22710544.html
/web/20251005115146/https://www.wnacg.com/photos-view-id-22710532.html
/web/20251005115159/https://www.wnacg.com/photos-view-id-22710526.html
/web/20251005115209/https://www.wnacg.com/photos-view-id-22710523.html
/web/20251005115250/https://www.wnacg.com/photos-view-id-22710522.html
/web/20251005115308/https://www.wnacg.com/photos-view-id-22710528.html
/web/20251005115234/https://www.wnacg.com/photos-view-id-22710531.html
/web/20251005115243/https://www.wnacg.com/photos-view-id-22710524.html
/web/20251005115234/https://www.wnacg.com/photos-view-id-22710525.html
/web/20251005115333/https://www.wnacg.com/photos-view-id-22710530.html
/web/20251005115228/https://www.wnacg.com/photos-view-id-22710527.html
/web/20251005115355/https://www.wnacg.com/photos-view-id-22710529.html
/web/20251005115355/https://www.wnacg.com/photos-view-id-22710541.html
/web/20251005115408/https://www.wnacg.com/photos-view-id-22710539.html
/web/20251005115404/https://www.wnacg.com/photos-view-id-22710540.html
/web/20251005115437/https://www.wnacg.com/photos-view-id-22710543.html
/web/20251005115503/https://www.wnacg.com/photos-view-id-22710542.html
/web/20251005115541/https://www.wnacg.com/photos-view-id-22710535.html
/web/20251005115545/https://www.wnacg.com/photos-view-id-22710538.html
/web/20251005115534/https://www.wnacg.com/photos-view-id-22710534.html
/web/20251005115527/https://www.wnacg.com/photos-view-id-22710536.html
/web/20251005115620/https://www.wnacg.com/photos-view-id-22710537.html
/web/20251005115638/https://www.wnacg.com/photos-view-id-22710533.html
