https://www.wnacg.com/photos-index-aid-276787.html
https://www.wnacg.com/photos-view-id-22718518.html
https://www.wnacg.com/photos-index-page-4-aid-276787.html
https://www.wnacg.com/photos-view-id-22718513.html
https://www.wnacg.com/photos-view-id-22710415.html
https://www.wnacg.com/photos-view-id-22718511.html
https://www.wnacg.com/photos-view-id-22710414.html
https://www.wnacg.com/photos-view-id-22718517.html
https://www.wnacg.com/photos-view-id-22718512.html
https://www.wnacg.com/photos-view-id-22718510.html
https://www.wnacg.com/photos-view-id-22718515.html
https://www.wnacg.com/photos-index-page-2-aid-276787.html
https://www.wnacg.com/photos-view-id-22718514.html
https://www.wnacg.com/photos-index-page-5-aid-276787.html
https://www.wnacg.com/photos-index-page-3-aid-276787.html
https://www.wnacg.com/photos-view-id-22710413.html
https://www.wnacg.com/photos-slide-aid-276787.html
https://www.wnacg.com/photos-view-id-22718516.html
https://www.wnacg.com/download-index-aid-276787.html
https://www.wnacg.com/photos-index-page-12-aid-276787.html
https://www.wnacg.com/photos-view-id-22718553.html
https://www.wnacg.com/photos-index-page-7-aid-276787.html
https://www.wnacg.com/photos-view-id-22718552.html
https://www.wnacg.com/photos-view-id-22718519.html
https://www.wnacg.com/photos-view-id-22718543.html
https://www.wnacg.com/photos-view-id-22718550.html
https://www.wnacg.com/photos-view-id-22718546.html
https://www.wnacg.com/photos-view-id-22718544.html
https://www.wnacg.com/photos-index-page-6-aid-276787.html
https://www.wnacg.com/photos-view-id-22718548.html
https://www.wnacg.com/photos-index-page-1-aid-276787.html
https://www.wnacg.com/photos-view-id-22718549.html
https://www.wnacg.com/photos-view-id-22718551.html
https://www.wnacg.com/photos-index-page-8-aid-276787.html
https://www.wnacg.com/photos-view-id-22718554.html
https://www.wnacg.com/photos-view-id-22718547.html
https://www.wnacg.com/photos-view-id-22718524.html
https://www.wnacg.com/photos-view-id-22718522.html
https://www.wnacg.com/photos-view-id-22718525.html
https://www.wnacg.com/photos-view-id-22718523.html
https://www.wnacg.com/photos-view-id-22718527.html
https://www.wnacg.com/photos-view-id-22718521.html
https://www.wnacg.com/photos-view-id-22718528.html
https://www.wnacg.com/photos-view-id-22718582.html
https://www.wnacg.com/photos-view-id-22718586.html
https://www.wnacg.com/photos-view-id-22718588.html
https://www.wnacg.com/photos-view-id-22718520.html
https://www.wnacg.com/photos-view-id-22718529.html
https://www.wnacg.com/photos-view-id-22718581.html
https://www.wnacg.com/photos-view-id-22718585.html
https://www.wnacg.com/photos-view-id-22718584.html
https://www.wnacg.com/photos-view-id-22718579.html
https://www.wnacg.com/photos-view-id-22718589.html
https://www.wnacg.com/photos-view-id-22718587.html
https://www.wnacg.com/photos-view-id-22718590.html
https://www.wnacg.com/photos-view-id-22718583.html
https://www.wnacg.com/photos-view-id-22718580.html
https://www.wnacg.com/photos-view-id-22718545.html
https://www.wnacg.com/photos-view-id-22718577.html
https://www.wnacg.com/photos-view-id-22718578.html
https://www.wnacg.com/photos-view-id-22718572.html
https://www.wnacg.com/photos-view-id-22718573.html
https://www.wnacg.com/photos-view-id-22718569.html
https://www.wnacg.com/photos-view-id-22718570.html
https://www.wnacg.com/photos-view-id-22718575.html
https://www.wnacg.com/photos-view-id-22718568.html
https://www.wnacg.com/photos-view-id-22718567.html
https://www.wnacg.com/photos-view-id-22718576.html
https://www.wnacg.com/photos-view-id-22718591.html
https://www.wnacg.com/photos-view-id-22718571.html
https://www.wnacg.com/photos-view-id-22718574.html
https://www.wnacg.com/photos-view-id-22718600.html
https://www.wnacg.com/photos-view-id-22718601.html
https://www.wnacg.com/photos-view-id-22718592.html
https://www.wnacg.com/photos-view-id-22718598.html
https://www.wnacg.com/photos-view-id-22718594.html
https://www.wnacg.com/photos-view-id-22718602.html
https://www.wnacg.com/photos-view-id-22718593.html
https://www.wnacg.com/photos-view-id-22718599.html
https://www.wnacg.com/photos-view-id-22718595.html
https://www.wnacg.com/photos-view-id-22718530.html
https://www.wnacg.com/photos-view-id-22718566.html
https://www.wnacg.com/photos-view-id-22718597.html
https://www.wnacg.com/photos-view-id-22718603.html
https://www.wnacg.com/photos-view-id-22718596.html
https://www.wnacg.com/photos-view-id-22718558.html
https://www.wnacg.com/photos-view-id-22718555.html
https://www.wnacg.com/photos-view-id-22718562.html
https://www.wnacg.com/photos-view-id-22718565.html
https://www.wnacg.com/photos-view-id-22718556.html
https://www.wnacg.com/photos-view-id-22718560.html
https://www.wnacg.com/photos-view-id-22718563.html
https://www.wnacg.com/photos-view-id-22718526.html
https://www.wnacg.com/photos-index-page-9-aid-276787.html
https://www.wnacg.com/photos-view-id-22718557.html
https://www.wnacg.com/photos-view-id-22718559.html
https://www.wnacg.com/photos-view-id-22718564.html
https://www.wnacg.com/photos-view-id-22718561.html
https://www.wnacg.com/photos-view-id-22718534.html
https://www.wnacg.com/photos-view-id-22718537.html
https://www.wnacg.com/photos-view-id-22718535.html
https://www.wnacg.com/photos-view-id-22718540.html
https://www.wnacg.com/photos-view-id-22718604.html
https://www.wnacg.com/photos-view-id-22718607.html
https://www.wnacg.com/photos-view-id-22718605.html
https://www.wnacg.com/photos-view-id-22718612.html
https://www.wnacg.com/photos-view-id-22718609.html
https://www.wnacg.com/photos-view-id-22718608.html
https://www.wnacg.com/photos-view-id-22718613.html
https://www.wnacg.com/photos-view-id-22718614.html
https://www.wnacg.com/photos-view-id-22718606.html
https://www.wnacg.com/photos-view-id-22718611.html
https://www.wnacg.com/photos-view-id-22718610.html
https://www.wnacg.com/photos-view-id-22718539.html
https://www.wnacg.com/photos-view-id-22718531.html
https://www.wnacg.com/photos-view-id-22718542.html
https://www.wnacg.com/photos-view-id-22718532.html
https://www.wnacg.com/photos-view-id-22718538.html
https://www.wnacg.com/photos-view-id-22718536.html
https://www.wnacg.com/photos-view-id-22710548.html
https://www.wnacg.com/photos-view-id-22718541.html
https://www.wnacg.com/photos-view-id-22718533.html
https://www.wnacg.com/photos-view-id-22710545.html
https://v1.wzip.download/down/2768/ced2583c8e78c353838d02e7057b5345.zip?n=[%E3%81%99%E3%81%BE%E3%81%84%E3%82%8B%E3%81%B5%E3%81%89%E3%82%89%E3%82%93%E3%81%8B%E3%82%93%E3%81%B1%E3%81%AB%E3%81%83%20(%E3%82%80%E3%81%86%E3%81%A4%E3%81%8D%E3%80%81%E9%9B%AA%E4%BB%81)]%20%E3%83%AF%E3%82%AB%E3%83%A9%E3%82%BB%E7%B7%8F%E9%9B%86%E7%B7%A8%E3%80%9C%E7%B5%82%E3%82%8F%E3%82%89%E3%81%AA%E3%81%84%E6%82%AA%E5%A4%A2%E3%81%A8%E6%BA%BA%E3%82%8C%E3%82%8B%E3%82%AA%E3%83%B3%E3%83%8A%E3%81%9F%E3%81%A1%E3%80%9C[%E4%B8%AD%E6%96%87]%20[%E7%84%A1%E4%BF%AE%E6%AD%A3](%E6%95%99%E8%82%B2%E5%B1%88%E5%BE%9E%20%E7%9F%AD%E7%AF%87%E6%97%A5%E6%96%87%E6%9C%89%E6%9C%89%E4%BF%AE%E6%AD%A3)
https://v1.wzip.date/down/2768/ced2583c8e78c353838d02e7057b5345.zip?n=[%E3%81%99%E3%81%BE%E3%81%84%E3%82%8B%E3%81%B5%E3%81%89%E3%82%89%E3%82%93%E3%81%8B%E3%82%93%E3%81%B1%E3%81%AB%E3%81%83%20(%E3%82%80%E3%81%86%E3%81%A4%E3%81%8D%E3%80%81%E9%9B%AA%E4%BB%81)]%20%E3%83%AF%E3%82%AB%E3%83%A9%E3%82%BB%E7%B7%8F%E9%9B%86%E7%B7%A8%E3%80%9C%E7%B5%82%E3%82%8F%E3%82%89%E3%81%AA%E3%81%84%E6%82%AA%E5%A4%A2%E3%81%A8%E6%BA%BA%E3%82%8C%E3%82%8B%E3%82%AA%E3%83%B3%E3%83%8A%E3%81%9F%E3%81%A1%E3%80%9C[%E4%B8%AD%E6%96%87]%20[%E7%84%A1%E4%BF%AE%E6%AD%A3](%E6%95%99%E8%82%B2%E5%B1%88%E5%BE%9E%20%E7%9F%AD%E7%AF%87%E6%97%A5%E6%96%87%E6%9C%89%E6%9C%89%E4%BF%AE%E6%AD%A3)
https://www.wnacg.com/photos-view-id-22710547.html
https://www.wnacg.com/photos-view-id-22710546.html
https://www.wnacg.com/photos-index-page-10-aid-276787.html
https://www.wnacg.com/photos-view-id-22710521.html
https://www.wnacg.com/photos-index-page-11-aid-276787.html
https://www.wnacg.com/photos-view-id-22710544.html
https://www.wnacg.com/photos-view-id-22710532.html
https://www.wnacg.com/photos-view-id-22710526.html
https://www.wnacg.com/photos-view-id-22710523.html
https://www.wnacg.com/photos-view-id-22710522.html
https://www.wnacg.com/photos-view-id-22710528.html
https://www.wnacg.com/photos-view-id-22710531.html
https://www.wnacg.com/photos-view-id-22710524.html
https://www.wnacg.com/photos-view-id-22710525.html
https://www.wnacg.com/photos-view-id-22710530.html
https://www.wnacg.com/photos-view-id-22710527.html
https://www.wnacg.com/photos-view-id-22710529.html
https://www.wnacg.com/photos-view-id-22710541.html
https://www.wnacg.com/photos-view-id-22710539.html
https://www.wnacg.com/photos-view-id-22710540.html
https://www.wnacg.com/photos-view-id-22710543.html
https://www.wnacg.com/photos-view-id-22710542.html
https://www.wnacg.com/photos-view-id-22710535.html
https://www.wnacg.com/photos-view-id-22710538.html
https://www.wnacg.com/photos-view-id-22710534.html
https://www.wnacg.com/photos-view-id-22710536.html
https://www.wnacg.com/photos-view-id-22710537.html
https://www.wnacg.com/photos-view-id-22710533.html
