/web/20251006082329/https://www.wnacg.com/photos-index-aid-195058.html
/web/20251006082406/https://www.wnacg.com/photos-view-id-16966396.html
/web/20251006082432/https://www.wnacg.com/photos-view-id-16966402.html
/web/20251006082507/https://www.wnacg.com/photos-view-id-16966400.html
/web/20251006082436/https://www.wnacg.com/photos-view-id-16966390.html
/web/20251006082525/https://www.wnacg.com/photos-view-id-16966386.html
/web/20251006082605/https://www.wnacg.com/photos-view-id-16966388.html
/web/20251006082638/https://www.wnacg.com/download-index-aid-195058.html
/web/20251006082619/https://www.wnacg.com/photos-view-id-16966404.html
/web/20251006082653/https://www.wnacg.com/photos-view-id-16966406.html
/web/20251006082743/https://www.wnacg.com/photos-view-id-16966389.html
/web/20251006082708/https://www.wnacg.com/photos-slide-aid-195058.html
/web/20251006082849/https://www.wnacg.com/photos-view-id-16966397.html
/web/20251006082900/https://www.wnacg.com/photos-index-page-2-aid-195058.html
/web/20251006082910/https://www.wnacg.com/photos-index-page-3-aid-195058.html
/web/20251006082847/https://www.wnacg.com/photos-view-id-16966383.html
/web/20251006082915/https://www.wnacg.com/photos-view-id-16966387.html
/web/20251006083104/https://v1.wzip.date/down/1951/065e8f326d10ea08b1d41c7aacb60e16.zip?n=%5B%E6%B3%A2%E6%AD%A2%E5%A0%B4%E8%8C%9C%5D%20%E3%82%88%E3%81%86%E3%81%93%E3%81%9D%EF%BC%81%E6%B7%AB%E9%AD%94%E5%A8%BC%E9%A4%A8%20%E3%82%A2%E3%83%AB%E3%82%AB%E3%83%87%E3%82%A3%E3%82%A2%E3%83%BB%E3%82%A8%E3%82%B4%20%E7%AC%AC1%E8%A9%B1
/web/20251006083108/https://www.wnacg.com/photos-view-id-16966392.html
/web/20251006083113/https://v1.wzip.download/down/1951/065e8f326d10ea08b1d41c7aacb60e16.zip?n=%5B%E6%B3%A2%E6%AD%A2%E5%A0%B4%E8%8C%9C%5D%20%E3%82%88%E3%81%86%E3%81%93%E3%81%9D%EF%BC%81%E6%B7%AB%E9%AD%94%E5%A8%BC%E9%A4%A8%20%E3%82%A2%E3%83%AB%E3%82%AB%E3%83%87%E3%82%A3%E3%82%A2%E3%83%BB%E3%82%A8%E3%82%B4%20%E7%AC%AC1%E8%A9%B1
/web/20251006083217/https://www.wnacg.com/photos-view-id-16966410.html
/web/20251006083226/https://www.wnacg.com/photos-view-id-16966391.html
/web/20251006083205/https://www.wnacg.com/photos-view-id-16966385.html
/web/20251006083215/https://www.wnacg.com/photos-index-page-1-aid-195058.html
/web/20251006083311/https://www.wnacg.com/photos-view-id-16966403.html
/web/20251006083324/https://www.wnacg.com/photos-view-id-16966405.html
/web/20251006083326/https://www.wnacg.com/photos-view-id-16966395.html
/web/20251006083420/https://www.wnacg.com/photos-view-id-16966398.html
/web/20251006083430/https://www.wnacg.com/photos-view-id-16966408.html
/web/20251006083422/https://www.wnacg.com/photos-view-id-16966384.html
/web/20251006083453/https://www.wnacg.com/photos-view-id-16966407.html
/web/20251006083441/https://www.wnacg.com/photos-view-id-16966394.html
/web/20251006083522/https://www.wnacg.com/photos-view-id-16966399.html
/web/20251006083539/https://www.wnacg.com/photos-view-id-16966393.html
/web/20251006083546/https://www.wnacg.com/photos-view-id-16966409.html
/web/20251006083704/https://www.wnacg.com/photos-view-id-16966401.html
