/web/20251007071006/https://www.wnacg.ru/albums-index-tag-%E3%83%88%E3%83%83%E3%83%9D%E3%82%AE.html
/web/20251007071015/https://www.wnacg.ru/albums-index-tag-%E9%80%86%E7%8B%A9%E7%8D%B5.html
/web/20251007071026/https://www.wnacg.ru/albums-index-tag-%E5%BD%A9%E8%99%B9%E7%A4%BE.html
/web/20251007071046/https://www.wnacg.ru/albums-index-tag-%E3%83%8A%E3%83%8F78.html
/web/20251007071131/https://www.wnacg.ru/albums-index-tag-%E3%83%88%E3%82%AD%E3%83%9E%E3%83%81%E2%98%86%E3%82%A8%E3%82%A4%E3%82%BB%E3%82%A4.html
/web/20251007071153/https://www.wnacg.ru/albums-index-tag-%E3%82%82.html
/web/20251007071128/https://www.wnacg.ru/albums-index-tag-%E3%82%A2%E3%82%BA%E3%83%BC%E3%83%AB%E3%83%AC%E3%83%BC%E3%83%B3.html
/web/20251007071237/https://www.wnacg.ru/albums-index-page-2-tag-%E3%83%88%E3%83%83%E3%83%9D%E3%82%AE.html
/web/20251007071301/https://www.wnacg.ru/albums-index-page-9-tag-%E9%80%86%E7%8B%A9%E7%8D%B5.html
/web/20251007071316/https://www.wnacg.ru/albums-index-page-2-tag-%E9%80%86%E7%8B%A9%E7%8D%B5.html
/web/20251007071328/https://www.wnacg.ru/albums-index-page-4-tag-%E9%80%86%E7%8B%A9%E7%8D%B5.html
/web/20251007071359/https://www.wnacg.ru/albums-index-page-5-tag-%E9%80%86%E7%8B%A9%E7%8D%B5.html
/web/20251007071321/https://www.wnacg.ru/albums-index-page-3-tag-%E9%80%86%E7%8B%A9%E7%8D%B5.html
/web/20251007071440/https://www.wnacg.ru/albums-index-page-14-tag-%E5%BD%A9%E8%99%B9%E7%A4%BE.html
/web/20251007071444/https://www.wnacg.ru/albums-index-page-3-tag-%E5%BD%A9%E8%99%B9%E7%A4%BE.html
/web/20251007071433/https://www.wnacg.ru/albums-index-page-5-tag-%E5%BD%A9%E8%99%B9%E7%A4%BE.html
/web/20251007071434/https://www.wnacg.ru/albums-index-page-2-tag-%E5%BD%A9%E8%99%B9%E7%A4%BE.html
/web/20251007071516/https://www.wnacg.ru/albums-index-page-2-tag-%E3%82%82.html
/web/20251007071529/https://www.wnacg.ru/albums-index-page-4-tag-%E5%BD%A9%E8%99%B9%E7%A4%BE.html
/web/20251007071536/https://www.wnacg.ru/albums-index-page-4-tag-%E3%82%A2%E3%82%BA%E3%83%BC%E3%83%AB%E3%83%AC%E3%83%BC%E3%83%B3.html
/web/20251007071524/https://www.wnacg.ru/albums-index-page-3-tag-%E3%82%82.html
/web/20251007071546/https://www.wnacg.ru/albums-index-page-2-tag-%E3%82%A2%E3%82%BA%E3%83%BC%E3%83%AB%E3%83%AC%E3%83%BC%E3%83%B3.html
/web/20251007071614/https://www.wnacg.ru/albums-index-page-2-tag-%E3%83%8A%E3%83%8F78.html
/web/20251007071749/https://www.wnacg.ru/albums-index-page-3-tag-%E3%82%A2%E3%82%BA%E3%83%BC%E3%83%AB%E3%83%AC%E3%83%BC%E3%83%B3.html
/web/20251007071816/https://www.wnacg.ru/albums-index-page-1-tag-%E3%83%88%E3%83%83%E3%83%9D%E3%82%AE.html
/web/20251007071819/https://www.wnacg.ru/albums-index-page-8-tag-%E9%80%86%E7%8B%A9%E7%8D%B5.html
/web/20251007071836/https://www.wnacg.ru/albums-index-page-1-tag-%E9%80%86%E7%8B%A9%E7%8D%B5.html
/web/20251007071907/https://www.wnacg.ru/albums-index-page-6-tag-%E9%80%86%E7%8B%A9%E7%8D%B5.html
/web/20251007071931/https://www.wnacg.ru/albums-index-page-13-tag-%E5%BD%A9%E8%99%B9%E7%A4%BE.html
/web/20251007071934/https://www.wnacg.ru/albums-index-page-11-tag-%E5%BD%A9%E8%99%B9%E7%A4%BE.html
/web/20251007071941/https://www.wnacg.ru/albums-index-page-10-tag-%E5%BD%A9%E8%99%B9%E7%A4%BE.html
/web/20251007071941/https://www.wnacg.ru/albums-index-page-7-tag-%E9%80%86%E7%8B%A9%E7%8D%B5.html
/web/20251007072043/https://www.wnacg.ru/albums-index-page-7-tag-%E5%BD%A9%E8%99%B9%E7%A4%BE.html
/web/20251007072100/https://www.wnacg.ru/albums-index-page-12-tag-%E5%BD%A9%E8%99%B9%E7%A4%BE.html
/web/20251007072150/https://www.wnacg.ru/albums-index-page-1-tag-%E5%BD%A9%E8%99%B9%E7%A4%BE.html
/web/20251007072155/https://www.wnacg.ru/albums-index-page-1-tag-%E3%82%82.html
/web/20251007072207/https://www.wnacg.ru/albums-index-page-8-tag-%E5%BD%A9%E8%99%B9%E7%A4%BE.html
/web/20251007072206/https://www.wnacg.ru/albums-index-page-1-tag-%E3%82%A2%E3%82%BA%E3%83%BC%E3%83%AB%E3%83%AC%E3%83%BC%E3%83%B3.html
/web/20251007072216/https://www.wnacg.ru/albums-index-page-1-tag-%E3%83%8A%E3%83%8F78.html
/web/20251007072308/https://www.wnacg.ru/albums-index-page-9-tag-%E5%BD%A9%E8%99%B9%E7%A4%BE.html
/web/20251007072053/https://www.wnacg.ru/albums-index-page-6-tag-%E5%BD%A9%E8%99%B9%E7%A4%BE.html
