https://www.wnacg.ru/albums-index-tag-%E3%83%88%E3%83%83%E3%83%9D%E3%82%AE.html
https://www.wnacg.ru/albums-index-tag-%E9%80%86%E7%8B%A9%E7%8D%B5.html
https://www.wnacg.ru/albums-index-tag-%E5%BD%A9%E8%99%B9%E7%A4%BE.html
https://www.wnacg.ru/albums-index-tag-%E3%83%8A%E3%83%8F78.html
https://www.wnacg.ru/albums-index-tag-%E3%83%88%E3%82%AD%E3%83%9E%E3%83%81%E2%98%86%E3%82%A8%E3%82%A4%E3%82%BB%E3%82%A4.html
https://www.wnacg.ru/albums-index-tag-%E3%82%82.html
https://www.wnacg.ru/albums-index-tag-%E3%82%A2%E3%82%BA%E3%83%BC%E3%83%AB%E3%83%AC%E3%83%BC%E3%83%B3.html
https://www.wnacg.ru/albums-index-page-2-tag-%E3%83%88%E3%83%83%E3%83%9D%E3%82%AE.html
https://www.wnacg.ru/albums-index-page-9-tag-%E9%80%86%E7%8B%A9%E7%8D%B5.html
https://www.wnacg.ru/albums-index-page-2-tag-%E9%80%86%E7%8B%A9%E7%8D%B5.html
https://www.wnacg.ru/albums-index-page-4-tag-%E9%80%86%E7%8B%A9%E7%8D%B5.html
https://www.wnacg.ru/albums-index-page-5-tag-%E9%80%86%E7%8B%A9%E7%8D%B5.html
https://www.wnacg.ru/albums-index-page-3-tag-%E9%80%86%E7%8B%A9%E7%8D%B5.html
https://www.wnacg.ru/albums-index-page-14-tag-%E5%BD%A9%E8%99%B9%E7%A4%BE.html
https://www.wnacg.ru/albums-index-page-3-tag-%E5%BD%A9%E8%99%B9%E7%A4%BE.html
https://www.wnacg.ru/albums-index-page-5-tag-%E5%BD%A9%E8%99%B9%E7%A4%BE.html
https://www.wnacg.ru/albums-index-page-2-tag-%E5%BD%A9%E8%99%B9%E7%A4%BE.html
https://www.wnacg.ru/albums-index-page-2-tag-%E3%82%82.html
https://www.wnacg.ru/albums-index-page-4-tag-%E5%BD%A9%E8%99%B9%E7%A4%BE.html
https://www.wnacg.ru/albums-index-page-4-tag-%E3%82%A2%E3%82%BA%E3%83%BC%E3%83%AB%E3%83%AC%E3%83%BC%E3%83%B3.html
https://www.wnacg.ru/albums-index-page-3-tag-%E3%82%82.html
https://www.wnacg.ru/albums-index-page-2-tag-%E3%82%A2%E3%82%BA%E3%83%BC%E3%83%AB%E3%83%AC%E3%83%BC%E3%83%B3.html
https://www.wnacg.ru/albums-index-page-2-tag-%E3%83%8A%E3%83%8F78.html
https://www.wnacg.ru/albums-index-page-3-tag-%E3%82%A2%E3%82%BA%E3%83%BC%E3%83%AB%E3%83%AC%E3%83%BC%E3%83%B3.html
https://www.wnacg.ru/albums-index-page-1-tag-%E3%83%88%E3%83%83%E3%83%9D%E3%82%AE.html
https://www.wnacg.ru/albums-index-page-8-tag-%E9%80%86%E7%8B%A9%E7%8D%B5.html
https://www.wnacg.ru/albums-index-page-1-tag-%E9%80%86%E7%8B%A9%E7%8D%B5.html
https://www.wnacg.ru/albums-index-page-6-tag-%E9%80%86%E7%8B%A9%E7%8D%B5.html
https://www.wnacg.ru/albums-index-page-13-tag-%E5%BD%A9%E8%99%B9%E7%A4%BE.html
https://www.wnacg.ru/albums-index-page-11-tag-%E5%BD%A9%E8%99%B9%E7%A4%BE.html
https://www.wnacg.ru/albums-index-page-10-tag-%E5%BD%A9%E8%99%B9%E7%A4%BE.html
https://www.wnacg.ru/albums-index-page-7-tag-%E9%80%86%E7%8B%A9%E7%8D%B5.html
https://www.wnacg.ru/albums-index-page-7-tag-%E5%BD%A9%E8%99%B9%E7%A4%BE.html
https://www.wnacg.ru/albums-index-page-12-tag-%E5%BD%A9%E8%99%B9%E7%A4%BE.html
https://www.wnacg.ru/albums-index-page-1-tag-%E5%BD%A9%E8%99%B9%E7%A4%BE.html
https://www.wnacg.ru/albums-index-page-1-tag-%E3%82%82.html
https://www.wnacg.ru/albums-index-page-8-tag-%E5%BD%A9%E8%99%B9%E7%A4%BE.html
https://www.wnacg.ru/albums-index-page-1-tag-%E3%82%A2%E3%82%BA%E3%83%BC%E3%83%AB%E3%83%AC%E3%83%BC%E3%83%B3.html
https://www.wnacg.ru/albums-index-page-1-tag-%E3%83%8A%E3%83%8F78.html
https://www.wnacg.ru/albums-index-page-9-tag-%E5%BD%A9%E8%99%B9%E7%A4%BE.html
https://www.wnacg.ru/albums-index-page-6-tag-%E5%BD%A9%E8%99%B9%E7%A4%BE.html
