/web/20251005050922/https://www.wnacg.com/photos-index-aid-277754.html
/web/20251005051012/https://www.wnacg.com/photos-view-id-22780619.html
/web/20251005051033/https://www.wnacg.com/photos-view-id-22780624.html
/web/20251005051007/https://www.wnacg.com/photos-view-id-22780622.html
/web/20251005051041/https://www.wnacg.com/photos-view-id-22780614.html
/web/20251005051129/https://www.wnacg.com/photos-index-page-2-aid-277754.html
/web/20251005051100/https://www.wnacg.com/photos-view-id-22780623.html
/web/20251005051000/https://www.wnacg.com/photos-view-id-22780612.html
/web/20251005051206/https://www.wnacg.com/photos-view-id-22780604.html
/web/20251005051211/https://www.wnacg.com/photos-view-id-22780618.html
/web/20251005051253/https://www.wnacg.com/download-index-aid-277754.html
/web/20251005051213/https://www.wnacg.com/photos-slide-aid-277754.html
/web/20251005051256/https://www.wnacg.com/photos-index-page-3-aid-277754.html
/web/20251005051235/https://www.wnacg.com/photos-view-id-22780628.html
/web/20251005051251/https://www.wnacg.com/photos-view-id-22780609.html
/web/20251005051252/https://www.wnacg.com/photos-view-id-22780626.html
/web/20251005051319/https://www.wnacg.com/photos-view-id-22780625.html
/web/20251005051350/https://www.wnacg.com/photos-view-id-22780616.html
/web/20251005051443/https://www.wnacg.com/photos-view-id-22780621.html
/web/20251005051357/https://www.wnacg.com/photos-view-id-22780629.html
/web/20251005051458/https://www.wnacg.com/photos-view-id-22780599.html
/web/20251005051528/https://www.wnacg.com/photos-view-id-22780607.html
/web/20251005051528/https://www.wnacg.com/photos-view-id-22780598.html
/web/20251005051507/https://www.wnacg.com/photos-view-id-22780620.html
/web/20251005051604/https://www.wnacg.com/photos-view-id-22780606.html
/web/20251005051557/https://www.wnacg.com/photos-view-id-22780617.html
/web/20251005051627/https://www.wnacg.com/photos-view-id-22780600.html
/web/20251005051628/https://www.wnacg.com/photos-view-id-22780603.html
/web/20251005051634/https://www.wnacg.com/photos-index-page-1-aid-277754.html
/web/20251005051656/https://v1.wzip.date/down/2778/6cd8e8b9d7724941976ce8d4bb75af55.zip?n=%5B%E3%81%82%E3%81%BE%E3%81%8E%E3%82%83%E3%81%A3%E3%81%B1%20(%E3%81%82%E3%81%BE%E3%81%AD%E3%81%95%E3%82%93)%5D%20%E3%83%88%E3%82%A4%E3%83%AC%E3%81%AE%E5%9C%B0%E9%9B%B7%E3%81%A1%E3%82%83%E3%82%93
/web/20251005051651/https://www.wnacg.com/photos-view-id-22780627.html
/web/20251005051754/https://v1.wzip.download/down/2778/6cd8e8b9d7724941976ce8d4bb75af55.zip?n=%5B%E3%81%82%E3%81%BE%E3%81%8E%E3%82%83%E3%81%A3%E3%81%B1%20(%E3%81%82%E3%81%BE%E3%81%AD%E3%81%95%E3%82%93)%5D%20%E3%83%88%E3%82%A4%E3%83%AC%E3%81%AE%E5%9C%B0%E9%9B%B7%E3%81%A1%E3%82%83%E3%82%93
/web/20251005051756/https://www.wnacg.com/photos-view-id-22780608.html
/web/20251005051825/https://www.wnacg.com/photos-view-id-22780602.html
/web/20251005051859/https://www.wnacg.com/photos-view-id-22780630.html
/web/20251005051900/https://www.wnacg.com/photos-view-id-22780631.html
/web/20251005051911/https://www.wnacg.com/photos-view-id-22780613.html
/web/20251005051913/https://www.wnacg.com/photos-view-id-22780605.html
/web/20251005051927/https://www.wnacg.com/photos-view-id-22780611.html
/web/20251005051945/https://www.wnacg.com/photos-view-id-22780601.html
/web/20251005051947/https://www.wnacg.com/photos-view-id-22780610.html
