/web/20251006054018/https://www.wnacg.com/photos-index-aid-286411.html
/web/20251006054038/https://www.wnacg.com/photos-view-id-23626587.html
/web/20251006054048/https://www.wnacg.com/photos-view-id-23626584.html
/web/20251006054118/https://www.wnacg.com/photos-view-id-23626581.html
/web/20251006054152/https://www.wnacg.com/photos-index-page-2-aid-286411.html
/web/20251006054202/https://www.wnacg.com/photos-view-id-23626583.html
/web/20251006054223/https://www.wnacg.com/photos-index-page-10-aid-286411.html
/web/20251006054206/https://www.wnacg.com/photos-view-id-23626590.html
/web/20251006054219/https://www.wnacg.com/photos-view-id-23626589.html
/web/20251006054220/https://www.wnacg.com/photos-view-id-23626592.html
/web/20251006054253/https://www.wnacg.com/photos-index-page-3-aid-286411.html
/web/20251006054255/https://www.wnacg.com/photos-slide-aid-286411.html
/web/20251006054343/https://www.wnacg.com/photos-index-page-5-aid-286411.html
/web/20251006054331/https://www.wnacg.com/download-index-aid-286411.html
/web/20251006054316/https://www.wnacg.com/photos-view-id-23626588.html
/web/20251006054442/https://www.wnacg.com/photos-index-page-4-aid-286411.html
/web/20251006054526/https://www.wnacg.com/photos-view-id-23626586.html
/web/20251006054532/https://www.wnacg.com/photos-view-id-23626585.html
/web/20251006054547/https://www.wnacg.com/photos-view-id-23626582.html
/web/20251006054640/https://www.wnacg.com/photos-view-id-23626593.html
/web/20251006054629/https://www.wnacg.com/photos-view-id-23626595.html
/web/20251006054710/https://www.wnacg.com/photos-view-id-23626600.html
/web/20251006054710/https://www.wnacg.com/photos-view-id-23626602.html
/web/20251006054733/https://www.wnacg.com/photos-view-id-23626604.html
/web/20251006054732/https://www.wnacg.com/photos-view-id-23626603.html
/web/20251006054645/https://www.wnacg.com/photos-view-id-23626697.html
/web/20251006054754/https://www.wnacg.com/photos-view-id-23626599.html
/web/20251006054756/https://www.wnacg.com/photos-view-id-23626596.html
/web/20251006054807/https://www.wnacg.com/photos-index-page-1-aid-286411.html
/web/20251006054838/https://www.wnacg.com/photos-index-page-9-aid-286411.html
/web/20251006054836/https://www.wnacg.com/photos-view-id-23626594.html
/web/20251006054848/https://www.wnacg.com/photos-index-page-8-aid-286411.html
/web/20251006054920/https://www.wnacg.com/photos-index-page-7-aid-286411.html
/web/20251006054950/https://www.wnacg.com/photos-view-id-23626691.html
/web/20251006054952/https://www.wnacg.com/photos-view-id-23626695.html
/web/20251006055032/https://www.wnacg.com/photos-view-id-23626601.html
/web/20251006055035/https://www.wnacg.com/photos-view-id-23626696.html
/web/20251006055031/https://www.wnacg.com/photos-index-page-6-aid-286411.html
/web/20251006055116/https://www.wnacg.com/photos-view-id-23626677.html
/web/20251006055104/https://www.wnacg.com/photos-view-id-23626598.html
/web/20251006055103/https://www.wnacg.com/photos-view-id-23626693.html
/web/20251006055130/https://www.wnacg.com/photos-view-id-23626597.html
/web/20251006055221/https://www.wnacg.com/photos-view-id-23626688.html
/web/20251006055223/https://www.wnacg.com/photos-view-id-23626683.html
/web/20251006055303/https://www.wnacg.com/photos-view-id-23626680.html
/web/20251006055305/https://www.wnacg.com/photos-view-id-23626687.html
/web/20251006055234/https://www.wnacg.com/photos-view-id-23626679.html
/web/20251006055303/https://www.wnacg.com/photos-view-id-23626681.html
/web/20251006055332/https://www.wnacg.com/photos-view-id-23626685.html
/web/20251006055412/https://www.wnacg.com/photos-view-id-23626670.html
/web/20251006055350/https://www.wnacg.com/photos-view-id-23626678.html
/web/20251006055401/https://www.wnacg.com/photos-view-id-23626667.html
/web/20251006055351/https://www.wnacg.com/photos-view-id-23626676.html
/web/20251006055456/https://www.wnacg.com/photos-view-id-23626668.html
/web/20251006055445/https://www.wnacg.com/photos-view-id-23626672.html
/web/20251006055446/https://www.wnacg.com/photos-view-id-23626665.html
/web/20251006055529/https://www.wnacg.com/photos-view-id-23626653.html
/web/20251006055445/https://www.wnacg.com/photos-view-id-23626674.html
/web/20251006055547/https://www.wnacg.com/photos-view-id-23626663.html
/web/20251006055550/https://www.wnacg.com/photos-view-id-23626664.html
/web/20251006055559/https://www.wnacg.com/photos-view-id-23626656.html
/web/20251006055640/https://www.wnacg.com/photos-view-id-23626661.html
/web/20251006055702/https://www.wnacg.com/photos-view-id-23626655.html
/web/20251006055714/https://www.wnacg.com/photos-view-id-23626690.html
/web/20251006055756/https://www.wnacg.com/photos-view-id-23626647.html
/web/20251006055723/https://www.wnacg.com/photos-view-id-23626694.html
/web/20251006055729/https://www.wnacg.com/photos-view-id-23626657.html
/web/20251006055818/https://www.wnacg.com/photos-view-id-23626649.html
/web/20251006055816/https://www.wnacg.com/photos-view-id-23626692.html
/web/20251006055858/https://www.wnacg.com/photos-view-id-23626644.html
/web/20251006055828/https://www.wnacg.com/photos-view-id-23626646.html
/web/20251006055816/https://www.wnacg.com/photos-view-id-23626648.html
/web/20251006055921/https://www.wnacg.com/photos-view-id-23626645.html
/web/20251006055922/https://www.wnacg.com/photos-view-id-23626684.html
/web/20251006055942/https://www.wnacg.com/photos-view-id-23626686.html
/web/20251006055932/https://www.wnacg.com/photos-view-id-23626682.html
/web/20251006060014/https://www.wnacg.com/photos-view-id-23626671.html
/web/20251006060015/https://www.wnacg.com/photos-view-id-23626669.html
/web/20251006060034/https://www.wnacg.com/photos-view-id-23626675.html
/web/20251006060034/https://www.wnacg.com/photos-view-id-23626666.html
/web/20251006060114/https://www.wnacg.com/photos-view-id-23626652.html
/web/20251006060119/https://www.wnacg.com/photos-view-id-23626654.html
/web/20251006060136/https://www.wnacg.com/photos-view-id-23626660.html
/web/20251006060057/https://www.wnacg.com/photos-view-id-23626673.html
/web/20251006060153/https://www.wnacg.com/photos-view-id-23626662.html
/web/20251006060206/https://www.wnacg.com/photos-view-id-23626689.html
/web/20251006060309/https://www.wnacg.com/photos-view-id-23626591.html
/web/20251006060301/https://www.wnacg.com/photos-view-id-23626643.html
/web/20251006060331/https://www.wnacg.com/photos-view-id-23626613.html
/web/20251006060331/https://www.wnacg.com/photos-view-id-23626651.html
/web/20251006060333/https://www.wnacg.com/photos-view-id-23626659.html
/web/20251006060249/https://www.wnacg.com/photos-view-id-23626658.html
/web/20251006060356/https://www.wnacg.com/photos-view-id-23626650.html
/web/20251006060419/https://www.wnacg.com/photos-view-id-23626610.html
/web/20251006060435/https://www.wnacg.com/photos-view-id-23626611.html
/web/20251006060515/https://www.wnacg.com/photos-view-id-23626607.html
/web/20251006060517/https://www.wnacg.com/photos-view-id-23626612.html
/web/20251006060505/https://www.wnacg.com/photos-view-id-23626605.html
/web/20251006060527/https://www.wnacg.com/photos-view-id-23626616.html
/web/20251006060604/https://www.wnacg.com/photos-view-id-23626606.html
/web/20251006060557/https://www.wnacg.com/photos-view-id-23626608.html
/web/20251006060641/https://www.wnacg.com/photos-view-id-23626631.html
/web/20251006060649/https://www.wnacg.com/photos-view-id-23626614.html
/web/20251006060657/https://www.wnacg.com/photos-view-id-23626633.html
/web/20251006060730/https://www.wnacg.com/photos-view-id-23626630.html
/web/20251006060638/https://www.wnacg.com/photos-view-id-23626636.html
/web/20251006060744/https://www.wnacg.com/photos-view-id-23626632.html
/web/20251006060745/https://www.wnacg.com/photos-view-id-23626642.html
/web/20251006060833/https://www.wnacg.com/photos-view-id-23626637.html
/web/20251006060839/https://www.wnacg.com/photos-view-id-23626615.html
/web/20251006060834/https://www.wnacg.com/photos-view-id-23626609.html
/web/20251006060852/https://www.wnacg.com/photos-view-id-23626617.html
/web/20251006060927/https://www.wnacg.com/photos-view-id-23626629.html
/web/20251006060940/https://www.wnacg.com/photos-view-id-23626635.html
/web/20251006060947/https://www.wnacg.com/photos-view-id-23626634.html
/web/20251006060944/https://v1.wzip.download/down/2865/bffb9e18ef934bfa43ce5b2ea1490efd.zip?n=%5B%E5%A1%A9%E3%81%A1%E3%82%87%E3%81%93%20(%E3%83%8A%E3%83%8F78)%5D%20%E3%83%92%E3%83%83%E3%83%91%E3%83%BC%E5%A7%89%E5%A6%B9%E3%81%AE%E3%82%B7%E3%83%A7%E3%82%BF%E6%90%BE%E7%B2%BE%E5%B0%8B%E5%95%8F+%E3%83%AD%E3%83%BC%E3%83%B3%E3%81%AE%E3%82%B7%E3%83%A7%E3%82%BF%E5%81%8F%E6%84%9B%E6%94%BE%E7%94%9F+%E3%83%95%E3%83%AA%E3%83%BC%E3%83%89%E3%83%AA%E3%83%92%E3%81%AE%E3%82%B7%E3%83%A7%E3%82%BF%E7%94%98%E6%AF%8D%E6%B7%AB%E6%BA%BA%20(%E3%82%A2%E3%82%BA%E3%83%BC%E3%83%AB%E3%83%AC%E3%83%BC%E3%83%B3)%20%5BDL%E7%89%88%5D%5B%E4%B8%AD%E5%9B%BD%E7%BF%BB%E8%A8%B3%5D
/web/20251006061014/https://v1.wzip.date/down/2865/bffb9e18ef934bfa43ce5b2ea1490efd.zip?n=%5B%E5%A1%A9%E3%81%A1%E3%82%87%E3%81%93%20(%E3%83%8A%E3%83%8F78)%5D%20%E3%83%92%E3%83%83%E3%83%91%E3%83%BC%E5%A7%89%E5%A6%B9%E3%81%AE%E3%82%B7%E3%83%A7%E3%82%BF%E6%90%BE%E7%B2%BE%E5%B0%8B%E5%95%8F+%E3%83%AD%E3%83%BC%E3%83%B3%E3%81%AE%E3%82%B7%E3%83%A7%E3%82%BF%E5%81%8F%E6%84%9B%E6%94%BE%E7%94%9F+%E3%83%95%E3%83%AA%E3%83%BC%E3%83%89%E3%83%AA%E3%83%92%E3%81%AE%E3%82%B7%E3%83%A7%E3%82%BF%E7%94%98%E6%AF%8D%E6%B7%AB%E6%BA%BA%20(%E3%82%A2%E3%82%BA%E3%83%BC%E3%83%AB%E3%83%AC%E3%83%BC%E3%83%B3)%20%5BDL%E7%89%88%5D%5B%E4%B8%AD%E5%9B%BD%E7%BF%BB%E8%A8%B3%5D
/web/20251006061015/https://www.wnacg.com/photos-view-id-23626620.html
/web/20251006061108/https://www.wnacg.com/photos-view-id-23626624.html
/web/20251006061104/https://www.wnacg.com/photos-view-id-23626628.html
/web/20251006061110/https://www.wnacg.com/photos-view-id-23626640.html
/web/20251006061128/https://www.wnacg.com/photos-view-id-23626621.html
/web/20251006061155/https://www.wnacg.com/photos-view-id-23626622.html
/web/20251006061207/https://www.wnacg.com/photos-view-id-23626623.html
/web/20251006061312/https://www.wnacg.com/photos-view-id-23626638.html
/web/20251006061319/https://www.wnacg.com/photos-view-id-23626618.html
/web/20251006061336/https://www.wnacg.com/photos-view-id-23626625.html
/web/20251006061342/https://www.wnacg.com/photos-view-id-23626641.html
/web/20251006061426/https://www.wnacg.com/photos-view-id-23626619.html
/web/20251006061516/https://www.wnacg.com/photos-view-id-23626627.html
/web/20251006061549/https://www.wnacg.com/photos-view-id-23626639.html
/web/20251006061735/https://www.wnacg.com/photos-view-id-23626626.html
