https://www.wnacg.com/photos-index-aid-286411.html
https://www.wnacg.com/photos-view-id-23626587.html
https://www.wnacg.com/photos-view-id-23626584.html
https://www.wnacg.com/photos-view-id-23626581.html
https://www.wnacg.com/photos-index-page-2-aid-286411.html
https://www.wnacg.com/photos-view-id-23626583.html
https://www.wnacg.com/photos-index-page-10-aid-286411.html
https://www.wnacg.com/photos-view-id-23626590.html
https://www.wnacg.com/photos-view-id-23626589.html
https://www.wnacg.com/photos-view-id-23626592.html
https://www.wnacg.com/photos-index-page-3-aid-286411.html
https://www.wnacg.com/photos-slide-aid-286411.html
https://www.wnacg.com/photos-index-page-5-aid-286411.html
https://www.wnacg.com/download-index-aid-286411.html
https://www.wnacg.com/photos-view-id-23626588.html
https://www.wnacg.com/photos-index-page-4-aid-286411.html
https://www.wnacg.com/photos-view-id-23626586.html
https://www.wnacg.com/photos-view-id-23626585.html
https://www.wnacg.com/photos-view-id-23626582.html
https://www.wnacg.com/photos-view-id-23626593.html
https://www.wnacg.com/photos-view-id-23626595.html
https://www.wnacg.com/photos-view-id-23626600.html
https://www.wnacg.com/photos-view-id-23626602.html
https://www.wnacg.com/photos-view-id-23626604.html
https://www.wnacg.com/photos-view-id-23626603.html
https://www.wnacg.com/photos-view-id-23626697.html
https://www.wnacg.com/photos-view-id-23626599.html
https://www.wnacg.com/photos-view-id-23626596.html
https://www.wnacg.com/photos-index-page-1-aid-286411.html
https://www.wnacg.com/photos-index-page-9-aid-286411.html
https://www.wnacg.com/photos-view-id-23626594.html
https://www.wnacg.com/photos-index-page-8-aid-286411.html
https://www.wnacg.com/photos-index-page-7-aid-286411.html
https://www.wnacg.com/photos-view-id-23626691.html
https://www.wnacg.com/photos-view-id-23626695.html
https://www.wnacg.com/photos-view-id-23626601.html
https://www.wnacg.com/photos-view-id-23626696.html
https://www.wnacg.com/photos-index-page-6-aid-286411.html
https://www.wnacg.com/photos-view-id-23626677.html
https://www.wnacg.com/photos-view-id-23626598.html
https://www.wnacg.com/photos-view-id-23626693.html
https://www.wnacg.com/photos-view-id-23626597.html
https://www.wnacg.com/photos-view-id-23626688.html
https://www.wnacg.com/photos-view-id-23626683.html
https://www.wnacg.com/photos-view-id-23626680.html
https://www.wnacg.com/photos-view-id-23626687.html
https://www.wnacg.com/photos-view-id-23626679.html
https://www.wnacg.com/photos-view-id-23626681.html
https://www.wnacg.com/photos-view-id-23626685.html
https://www.wnacg.com/photos-view-id-23626670.html
https://www.wnacg.com/photos-view-id-23626678.html
https://www.wnacg.com/photos-view-id-23626667.html
https://www.wnacg.com/photos-view-id-23626676.html
https://www.wnacg.com/photos-view-id-23626668.html
https://www.wnacg.com/photos-view-id-23626672.html
https://www.wnacg.com/photos-view-id-23626665.html
https://www.wnacg.com/photos-view-id-23626653.html
https://www.wnacg.com/photos-view-id-23626674.html
https://www.wnacg.com/photos-view-id-23626663.html
https://www.wnacg.com/photos-view-id-23626664.html
https://www.wnacg.com/photos-view-id-23626656.html
https://www.wnacg.com/photos-view-id-23626661.html
https://www.wnacg.com/photos-view-id-23626655.html
https://www.wnacg.com/photos-view-id-23626690.html
https://www.wnacg.com/photos-view-id-23626647.html
https://www.wnacg.com/photos-view-id-23626694.html
https://www.wnacg.com/photos-view-id-23626657.html
https://www.wnacg.com/photos-view-id-23626649.html
https://www.wnacg.com/photos-view-id-23626692.html
https://www.wnacg.com/photos-view-id-23626644.html
https://www.wnacg.com/photos-view-id-23626646.html
https://www.wnacg.com/photos-view-id-23626648.html
https://www.wnacg.com/photos-view-id-23626645.html
https://www.wnacg.com/photos-view-id-23626684.html
https://www.wnacg.com/photos-view-id-23626686.html
https://www.wnacg.com/photos-view-id-23626682.html
https://www.wnacg.com/photos-view-id-23626671.html
https://www.wnacg.com/photos-view-id-23626669.html
https://www.wnacg.com/photos-view-id-23626675.html
https://www.wnacg.com/photos-view-id-23626666.html
https://www.wnacg.com/photos-view-id-23626652.html
https://www.wnacg.com/photos-view-id-23626654.html
https://www.wnacg.com/photos-view-id-23626660.html
https://www.wnacg.com/photos-view-id-23626673.html
https://www.wnacg.com/photos-view-id-23626662.html
https://www.wnacg.com/photos-view-id-23626689.html
https://www.wnacg.com/photos-view-id-23626591.html
https://www.wnacg.com/photos-view-id-23626643.html
https://www.wnacg.com/photos-view-id-23626613.html
https://www.wnacg.com/photos-view-id-23626651.html
https://www.wnacg.com/photos-view-id-23626659.html
https://www.wnacg.com/photos-view-id-23626658.html
https://www.wnacg.com/photos-view-id-23626650.html
https://www.wnacg.com/photos-view-id-23626610.html
https://www.wnacg.com/photos-view-id-23626611.html
https://www.wnacg.com/photos-view-id-23626607.html
https://www.wnacg.com/photos-view-id-23626612.html
https://www.wnacg.com/photos-view-id-23626605.html
https://www.wnacg.com/photos-view-id-23626616.html
https://www.wnacg.com/photos-view-id-23626606.html
https://www.wnacg.com/photos-view-id-23626608.html
https://www.wnacg.com/photos-view-id-23626631.html
https://www.wnacg.com/photos-view-id-23626614.html
https://www.wnacg.com/photos-view-id-23626633.html
https://www.wnacg.com/photos-view-id-23626630.html
https://www.wnacg.com/photos-view-id-23626636.html
https://www.wnacg.com/photos-view-id-23626632.html
https://www.wnacg.com/photos-view-id-23626642.html
https://www.wnacg.com/photos-view-id-23626637.html
https://www.wnacg.com/photos-view-id-23626615.html
https://www.wnacg.com/photos-view-id-23626609.html
https://www.wnacg.com/photos-view-id-23626617.html
https://www.wnacg.com/photos-view-id-23626629.html
https://www.wnacg.com/photos-view-id-23626635.html
https://www.wnacg.com/photos-view-id-23626634.html
https://v1.wzip.download/down/2865/bffb9e18ef934bfa43ce5b2ea1490efd.zip?n=[%E5%A1%A9%E3%81%A1%E3%82%87%E3%81%93%20(%E3%83%8A%E3%83%8F78)]%20%E3%83%92%E3%83%83%E3%83%91%E3%83%BC%E5%A7%89%E5%A6%B9%E3%81%AE%E3%82%B7%E3%83%A7%E3%82%BF%E6%90%BE%E7%B2%BE%E5%B0%8B%E5%95%8F+%E3%83%AD%E3%83%BC%E3%83%B3%E3%81%AE%E3%82%B7%E3%83%A7%E3%82%BF%E5%81%8F%E6%84%9B%E6%94%BE%E7%94%9F+%E3%83%95%E3%83%AA%E3%83%BC%E3%83%89%E3%83%AA%E3%83%92%E3%81%AE%E3%82%B7%E3%83%A7%E3%82%BF%E7%94%98%E6%AF%8D%E6%B7%AB%E6%BA%BA%20(%E3%82%A2%E3%82%BA%E3%83%BC%E3%83%AB%E3%83%AC%E3%83%BC%E3%83%B3)%20[DL%E7%89%88][%E4%B8%AD%E5%9B%BD%E7%BF%BB%E8%A8%B3]
https://v1.wzip.date/down/2865/bffb9e18ef934bfa43ce5b2ea1490efd.zip?n=[%E5%A1%A9%E3%81%A1%E3%82%87%E3%81%93%20(%E3%83%8A%E3%83%8F78)]%20%E3%83%92%E3%83%83%E3%83%91%E3%83%BC%E5%A7%89%E5%A6%B9%E3%81%AE%E3%82%B7%E3%83%A7%E3%82%BF%E6%90%BE%E7%B2%BE%E5%B0%8B%E5%95%8F+%E3%83%AD%E3%83%BC%E3%83%B3%E3%81%AE%E3%82%B7%E3%83%A7%E3%82%BF%E5%81%8F%E6%84%9B%E6%94%BE%E7%94%9F+%E3%83%95%E3%83%AA%E3%83%BC%E3%83%89%E3%83%AA%E3%83%92%E3%81%AE%E3%82%B7%E3%83%A7%E3%82%BF%E7%94%98%E6%AF%8D%E6%B7%AB%E6%BA%BA%20(%E3%82%A2%E3%82%BA%E3%83%BC%E3%83%AB%E3%83%AC%E3%83%BC%E3%83%B3)%20[DL%E7%89%88][%E4%B8%AD%E5%9B%BD%E7%BF%BB%E8%A8%B3]
https://www.wnacg.com/photos-view-id-23626620.html
https://www.wnacg.com/photos-view-id-23626624.html
https://www.wnacg.com/photos-view-id-23626628.html
https://www.wnacg.com/photos-view-id-23626640.html
https://www.wnacg.com/photos-view-id-23626621.html
https://www.wnacg.com/photos-view-id-23626622.html
https://www.wnacg.com/photos-view-id-23626623.html
https://www.wnacg.com/photos-view-id-23626638.html
https://www.wnacg.com/photos-view-id-23626618.html
https://www.wnacg.com/photos-view-id-23626625.html
https://www.wnacg.com/photos-view-id-23626641.html
https://www.wnacg.com/photos-view-id-23626619.html
https://www.wnacg.com/photos-view-id-23626627.html
https://www.wnacg.com/photos-view-id-23626639.html
https://www.wnacg.com/photos-view-id-23626626.html
