/web/20251005062734/https://wnacg.com/photos-index-aid-112679.html
/web/20251005062759/https://wnacg.com/photos-view-id-9416731.html
/web/20251005062752/https://wnacg.com/photos-view-id-9416730.html
/web/20251005062819/https://wnacg.com/photos-index-page-3-aid-112679.html
/web/20251005062805/https://wnacg.com/photos-view-id-9416725.html
/web/20251005062908/https://wnacg.com/photos-view-id-9416732.html
/web/20251005062826/https://wnacg.com/photos-view-id-9416735.html
/web/20251005062813/https://wnacg.com/photos-slide-aid-112679.html
/web/20251005062938/https://wnacg.com/photos-view-id-9416727.html
/web/20251005062930/https://wnacg.com/photos-index-page-2-aid-112679.html
/web/20251005062932/https://wnacg.com/photos-view-id-9416870.html
/web/20251005063033/https://wnacg.com/photos-view-id-9416729.html
/web/20251005063023/https://wnacg.com/photos-view-id-9416753.html
/web/20251005063018/https://wnacg.com/photos-view-id-9416734.html
/web/20251005063012/https://wnacg.com/photos-view-id-9416869.html
/web/20251005063021/https://wnacg.com/photos-view-id-9416733.html
/web/20251005063104/https://wnacg.com/photos-view-id-9416864.html
/web/20251005063111/https://wnacg.com/photos-view-id-9416857.html
/web/20251005063152/https://wnacg.com/photos-view-id-9416862.html
/web/20251005063215/https://wnacg.com/photos-view-id-9416856.html
/web/20251005063152/https://wnacg.com/photos-index-page-1-aid-112679.html
/web/20251005063230/https://wnacg.com/photos-view-id-9416865.html
/web/20251005063223/https://wnacg.com/photos-view-id-9416863.html
/web/20251005063301/https://wnacg.com/download-index-aid-112679.html
/web/20251005063238/https://wnacg.com/photos-view-id-9416861.html
/web/20251005063312/https://wnacg.com/photos-view-id-9416854.html
/web/20251005063324/https://wnacg.com/photos-view-id-9416746.html
/web/20251005063342/https://wnacg.com/photos-view-id-9416873.html
/web/20251005063333/https://wnacg.com/photos-view-id-9416744.html
/web/20251005063409/https://wnacg.com/photos-view-id-9416868.html
/web/20251005063402/https://wnacg.com/photos-view-id-9416851.html
/web/20251005063306/https://wnacg.com/photos-view-id-9416859.html
/web/20251005063417/https://wnacg.com/photos-view-id-9416852.html
/web/20251005063446/https://wnacg.com/photos-view-id-9416872.html
/web/20251005063453/https://wnacg.com/photos-view-id-9416853.html
/web/20251005063445/https://wnacg.com/photos-view-id-9416876.html
/web/20251005063520/https://wnacg.com/photos-view-id-9416849.html
/web/20251005063534/https://wnacg.com/photos-view-id-9416874.html
/web/20251005063527/https://wnacg.com/photos-view-id-9416871.html
/web/20251005063618/https://wnacg.com/photos-view-id-9416875.html
/web/20251005063633/https://v1.wzip.download/down/1127/eca8e66d244dd527c84468849fbb56e9.zip?n=%E6%B7%AB%E9%AD%94%E8%BB%A2%E7%94%9F%E7%B7%A8%20%E5%A0%95%E8%90%BD%E3%81%AE%E6%B7%AB%E9%AD%94%E5%B0%86%E3%82%A4%E3%82%B9%E3%82%AD%E3%82%A2
/web/20251005063608/https://wnacg.com/photos-view-id-9416858.html
/web/20251005063634/https://v1.wzip.date/down/1127/eca8e66d244dd527c84468849fbb56e9.zip?n=%E6%B7%AB%E9%AD%94%E8%BB%A2%E7%94%9F%E7%B7%A8%20%E5%A0%95%E8%90%BD%E3%81%AE%E6%B7%AB%E9%AD%94%E5%B0%86%E3%82%A4%E3%82%B9%E3%82%AD%E3%82%A2
/web/20251005063601/https://wnacg.com/photos-view-id-9416877.html
