/web/20251005104027/https://www.wnacg.com/photos-index-aid-267992.html
/web/20251005104045/https://www.wnacg.com/photos-view-id-22040266.html
/web/20251005104052/https://www.wnacg.com/photos-index-page-3-aid-267992.html
/web/20251005104059/https://www.wnacg.com/photos-view-id-22040229.html
/web/20251005104147/https://www.wnacg.com/download-index-aid-267992.html
/web/20251005104120/https://www.wnacg.com/photos-view-id-22040262.html
/web/20251005104220/https://www.wnacg.com/photos-view-id-22040236.html
/web/20251005104210/https://www.wnacg.com/photos-view-id-22040233.html
/web/20251005104209/https://www.wnacg.com/photos-view-id-22040231.html
/web/20251005104217/https://www.wnacg.com/photos-slide-aid-267992.html
/web/20251005104112/https://www.wnacg.com/photos-index-page-2-aid-267992.html
/web/20251005104226/https://www.wnacg.com/photos-view-id-22040272.html
/web/20251005104310/https://www.wnacg.com/photos-view-id-22040243.html
/web/20251005104337/https://www.wnacg.com/photos-view-id-22040263.html
/web/20251005104311/https://www.wnacg.com/photos-view-id-22040251.html
/web/20251005104350/https://www.wnacg.com/photos-index-page-4-aid-267992.html
/web/20251005104343/https://www.wnacg.com/photos-view-id-22040252.html
/web/20251005104422/https://www.wnacg.com/photos-view-id-22040270.html
/web/20251005104453/https://www.wnacg.com/photos-view-id-22040259.html
/web/20251005104447/https://www.wnacg.com/photos-view-id-22040258.html
/web/20251005104507/https://www.wnacg.com/photos-view-id-22040271.html
/web/20251005104514/https://www.wnacg.com/photos-view-id-22040238.html
/web/20251005104549/https://www.wnacg.com/photos-view-id-22040267.html
/web/20251005104500/https://www.wnacg.com/photos-view-id-22040274.html
/web/20251005104542/https://www.wnacg.com/photos-view-id-22040245.html
/web/20251005104641/https://www.wnacg.com/photos-view-id-22040234.html
/web/20251005104724/https://v1.wzip.download/down/2680/5f9099ebf780550f7a14ca2a8f8a73f1.zip?n=%5B%E3%81%99%E3%81%BE%E3%81%84%E3%82%8B%E3%81%B5%E3%81%89%E3%82%89%E3%82%93%E3%81%8B%E3%82%93%E3%81%B1%E3%81%AB%E3%81%83%E3%80%82%20(%E3%82%80%E3%81%86%E3%81%A4%E3%81%8D%E3%80%81%E9%9B%AA%E4%BB%81)%5D%20%E7%B6%9A%E3%80%85%E3%83%AF%E3%82%AB%E3%83%A9%E3%82%BB%EF%BD%9E%E3%83%8F%E3%82%A4%E3%82%B9%E3%81%BAOL%E3%81%AF%E3%81%82%E3%82%86%E3%81%BF%E3%81%AE%E7%8E%A9%E5%85%B7%EF%BD%9E%EF%BD%9C%E5%86%8D%E7%BA%8C%E6%95%99%E8%82%B2%E5%B1%88%E5%BE%9E%EF%BD%9E%E7%B2%BE%E8%8B%B1%E7%BE%8E%E5%A5%B3OL%E6%B7%AA%E8%90%BD%E7%82%BA%E6%AD%A5%E7%BE%8E%E7%9A%84%E7%8E%A9%E5%85%B7%EF%BD%9E%20%5B%E4%B8%AD%E5%9B%BD%E7%BF%BB%E8%A8%B3%5D%20%5B%E7%84%A1%E4%BF%AE%E6%AD%A3%5D%20%5BDL%E7%89%88%5D
/web/20251005104629/https://www.wnacg.com/photos-view-id-22040261.html
/web/20251005104621/https://www.wnacg.com/photos-view-id-22040241.html
/web/20251005104724/https://v1.wzip.date/down/2680/5f9099ebf780550f7a14ca2a8f8a73f1.zip?n=%5B%E3%81%99%E3%81%BE%E3%81%84%E3%82%8B%E3%81%B5%E3%81%89%E3%82%89%E3%82%93%E3%81%8B%E3%82%93%E3%81%B1%E3%81%AB%E3%81%83%E3%80%82%20(%E3%82%80%E3%81%86%E3%81%A4%E3%81%8D%E3%80%81%E9%9B%AA%E4%BB%81)%5D%20%E7%B6%9A%E3%80%85%E3%83%AF%E3%82%AB%E3%83%A9%E3%82%BB%EF%BD%9E%E3%83%8F%E3%82%A4%E3%82%B9%E3%81%BAOL%E3%81%AF%E3%81%82%E3%82%86%E3%81%BF%E3%81%AE%E7%8E%A9%E5%85%B7%EF%BD%9E%EF%BD%9C%E5%86%8D%E7%BA%8C%E6%95%99%E8%82%B2%E5%B1%88%E5%BE%9E%EF%BD%9E%E7%B2%BE%E8%8B%B1%E7%BE%8E%E5%A5%B3OL%E6%B7%AA%E8%90%BD%E7%82%BA%E6%AD%A5%E7%BE%8E%E7%9A%84%E7%8E%A9%E5%85%B7%EF%BD%9E%20%5B%E4%B8%AD%E5%9B%BD%E7%BF%BB%E8%A8%B3%5D%20%5B%E7%84%A1%E4%BF%AE%E6%AD%A3%5D%20%5BDL%E7%89%88%5D
/web/20251005104622/https://www.wnacg.com/photos-view-id-22040247.html
/web/20251005104732/https://www.wnacg.com/photos-view-id-22040273.html
/web/20251005104731/https://www.wnacg.com/photos-view-id-22040246.html
/web/20251005104751/https://www.wnacg.com/photos-index-page-1-aid-267992.html
/web/20251005104739/https://www.wnacg.com/photos-view-id-22040237.html
/web/20251005104810/https://www.wnacg.com/photos-view-id-22040244.html
/web/20251005104811/https://www.wnacg.com/photos-view-id-22040242.html
/web/20251005104906/https://www.wnacg.com/photos-view-id-22040248.html
/web/20251005104838/https://www.wnacg.com/photos-view-id-22040232.html
/web/20251005104846/https://www.wnacg.com/photos-view-id-22040254.html
/web/20251005104939/https://www.wnacg.com/photos-view-id-22040253.html
/web/20251005104924/https://www.wnacg.com/photos-view-id-22040250.html
/web/20251005104959/https://www.wnacg.com/photos-view-id-22040230.html
/web/20251005105009/https://www.wnacg.com/photos-view-id-22040268.html
/web/20251005105009/https://www.wnacg.com/photos-view-id-22040269.html
/web/20251005105020/https://www.wnacg.com/photos-view-id-22040260.html
/web/20251005105028/https://www.wnacg.com/photos-view-id-22040249.html
/web/20251005105013/https://www.wnacg.com/photos-view-id-22040265.html
/web/20251005105012/https://www.wnacg.com/photos-view-id-22040257.html
/web/20251005105133/https://www.wnacg.com/photos-view-id-22040256.html
/web/20251005105126/https://www.wnacg.com/photos-view-id-22040264.html
/web/20251005105120/https://www.wnacg.com/photos-view-id-22040240.html
/web/20251005105140/https://www.wnacg.com/photos-view-id-22040239.html
/web/20251005105137/https://www.wnacg.com/photos-view-id-22040255.html
/web/20251005105217/https://www.wnacg.com/photos-view-id-22040235.html
