/web/20251005071443/https://www.wnacg.com/photos-index-aid-251954.html
/web/20251005071513/https://www.wnacg.com/photos-index-page-2-aid-251954.html
/web/20251005071520/https://www.wnacg.com/photos-view-id-20859822.html
/web/20251005071641/https://www.wnacg.com/photos-index-page-5-aid-251954.html
/web/20251005071655/https://www.wnacg.com/photos-view-id-20860182.html
/web/20251005071634/https://www.wnacg.com/photos-view-id-20859873.html
/web/20251005071603/https://www.wnacg.com/photos-slide-aid-251954.html
/web/20251005071652/https://www.wnacg.com/photos-view-id-20860221.html
/web/20251005071726/https://www.wnacg.com/photos-view-id-20860206.html
/web/20251005071738/https://www.wnacg.com/photos-view-id-20859769.html
/web/20251005071809/https://www.wnacg.com/photos-view-id-20859799.html
/web/20251005071801/https://www.wnacg.com/photos-index-page-49-aid-251954.html
/web/20251005071812/https://www.wnacg.com/photos-view-id-20860073.html
/web/20251005071824/https://www.wnacg.com/photos-view-id-20859765.html
/web/20251005071759/https://www.wnacg.com/photos-index-page-3-aid-251954.html
/web/20251005071849/https://www.wnacg.com/photos-view-id-20859760.html
/web/20251005071901/https://www.wnacg.com/photos-index-page-4-aid-251954.html
/web/20251005071905/https://www.wnacg.com/photos-view-id-20859958.html
/web/20251005071907/https://www.wnacg.com/photos-view-id-20859718.html
/web/20251005071944/https://www.wnacg.com/download-index-aid-251954.html
/web/20251005072004/https://www.wnacg.com/photos-index-page-6-aid-251954.html
/web/20251005072003/https://www.wnacg.com/photos-view-id-20860102.html
/web/20251005072022/https://www.wnacg.com/photos-view-id-20859779.html
/web/20251005072052/https://www.wnacg.com/photos-view-id-20859853.html
/web/20251005072026/https://www.wnacg.com/photos-view-id-20860169.html
/web/20251005072112/https://www.wnacg.com/photos-index-page-1-aid-251954.html
/web/20251005072143/https://www.wnacg.com/photos-view-id-20859784.html
/web/20251005072124/https://www.wnacg.com/photos-view-id-20859946.html
/web/20251005072125/https://www.wnacg.com/photos-view-id-20859951.html
/web/20251005072139/https://www.wnacg.com/photos-view-id-20860189.html
/web/20251005072208/https://www.wnacg.com/photos-view-id-20859877.html
/web/20251005072132/https://www.wnacg.com/photos-view-id-20859727.html
/web/20251005072229/https://www.wnacg.com/photos-view-id-20860260.html
/web/20251005072215/https://www.wnacg.com/photos-view-id-20860245.html
/web/20251005072206/https://www.wnacg.com/photos-view-id-20860108.html
/web/20251005072327/https://www.wnacg.com/photos-view-id-20859691.html
/web/20251005072334/https://www.wnacg.com/photos-index-page-7-aid-251954.html
/web/20251005072339/https://www.wnacg.com/photos-view-id-20860080.html
/web/20251005072342/https://www.wnacg.com/photos-view-id-20860242.html
/web/20251005072347/https://www.wnacg.com/photos-view-id-20860050.html
/web/20251005072501/https://www.wnacg.com/photos-view-id-20860233.html
/web/20251005072523/https://www.wnacg.com/photos-view-id-20860250.html
/web/20251005072539/https://www.wnacg.com/photos-view-id-20859723.html
/web/20251005072534/https://v1.wzip.download/down/2520/6974658fd5480789aae88c209f395cab.zip?n=%5B%E3%81%BD%E3%82%8B%E3%81%A1%E3%83%BC%E3%81%AB%5D%20%E7%88%86%E4%B9%B3%E3%83%91%E3%83%BC%E3%83%86%E3%82%A3%E3%83%BC%E3%81%AF%E7%99%BA%E6%83%85%E3%81%97%E3%81%A6%E3%81%84%E3%82%8B!%20%E7%97%B4%E7%9A%84%E5%A5%BD%E5%A5%87%E5%BF%83%E6%97%BA%E7%9B%9B%E3%81%AA%E3%82%A8%E3%83%AD%E5%86%92%E9%99%BA%E8%80%85%E3%81%AE%E9%9B%91%E9%AD%9A%E3%83%9E%E3%83%B3%E3%82%B3%E3%81%8C%E3%82%AB%E3%83%B3%E3%82%B9%E3%83%88%E3%83%81%E3%83%B3%E3%83%9D%E3%81%AE%E6%BF%80%E6%9A%B4%E8%B5%B0%E3%81%A7%E9%80%A3%E7%B6%9A%E7%B5%B6%E9%A0%82%E5%AD%95%E3%81%BF%E5%A0%95%E3%81%A1!
/web/20251005072629/https://www.wnacg.com/photos-view-id-20860194.html
/web/20251005072651/https://www.wnacg.com/photos-view-id-20859901.html
/web/20251005072648/https://www.wnacg.com/photos-view-id-20860082.html
/web/20251005072528/https://v1.wzip.date/down/2520/6974658fd5480789aae88c209f395cab.zip?n=%5B%E3%81%BD%E3%82%8B%E3%81%A1%E3%83%BC%E3%81%AB%5D%20%E7%88%86%E4%B9%B3%E3%83%91%E3%83%BC%E3%83%86%E3%82%A3%E3%83%BC%E3%81%AF%E7%99%BA%E6%83%85%E3%81%97%E3%81%A6%E3%81%84%E3%82%8B!%20%E7%97%B4%E7%9A%84%E5%A5%BD%E5%A5%87%E5%BF%83%E6%97%BA%E7%9B%9B%E3%81%AA%E3%82%A8%E3%83%AD%E5%86%92%E9%99%BA%E8%80%85%E3%81%AE%E9%9B%91%E9%AD%9A%E3%83%9E%E3%83%B3%E3%82%B3%E3%81%8C%E3%82%AB%E3%83%B3%E3%82%B9%E3%83%88%E3%83%81%E3%83%B3%E3%83%9D%E3%81%AE%E6%BF%80%E6%9A%B4%E8%B5%B0%E3%81%A7%E9%80%A3%E7%B6%9A%E7%B5%B6%E9%A0%82%E5%AD%95%E3%81%BF%E5%A0%95%E3%81%A1!
/web/20251005072712/https://www.wnacg.com/photos-view-id-20859876.html
/web/20251005072713/https://www.wnacg.com/photos-view-id-20859940.html
/web/20251005072740/https://www.wnacg.com/photos-view-id-20860093.html
/web/20251005072748/https://www.wnacg.com/photos-view-id-20860211.html
/web/20251005072742/https://www.wnacg.com/photos-view-id-20859994.html
/web/20251005072836/https://www.wnacg.com/photos-view-id-20860174.html
/web/20251005072843/https://www.wnacg.com/photos-view-id-20860029.html
/web/20251005072829/https://www.wnacg.com/photos-view-id-20859963.html
/web/20251005072950/https://www.wnacg.com/photos-index-page-10-aid-251954.html
/web/20251005072906/https://www.wnacg.com/photos-view-id-20860168.html
/web/20251005072935/https://www.wnacg.com/photos-view-id-20859713.html
/web/20251005072927/https://www.wnacg.com/photos-view-id-20859821.html
/web/20251005073007/https://www.wnacg.com/photos-index-page-11-aid-251954.html
/web/20251005072925/https://www.wnacg.com/photos-view-id-20859749.html
/web/20251005072934/https://www.wnacg.com/photos-view-id-20859947.html
/web/20251005072942/https://www.wnacg.com/photos-view-id-20859938.html
/web/20251005073051/https://www.wnacg.com/photos-view-id-20859694.html
/web/20251005073034/https://www.wnacg.com/photos-view-id-20860166.html
/web/20251005073043/https://www.wnacg.com/photos-view-id-20859902.html
/web/20251005073036/https://www.wnacg.com/photos-view-id-20859835.html
/web/20251005073144/https://www.wnacg.com/photos-view-id-20859956.html
/web/20251005073145/https://www.wnacg.com/photos-view-id-20860078.html
/web/20251005073151/https://www.wnacg.com/photos-view-id-20859793.html
/web/20251005073158/https://www.wnacg.com/photos-view-id-20859767.html
/web/20251005073212/https://www.wnacg.com/photos-view-id-20859879.html
/web/20251005073227/https://www.wnacg.com/photos-index-page-12-aid-251954.html
/web/20251005073220/https://www.wnacg.com/photos-view-id-20859894.html
/web/20251005073206/https://www.wnacg.com/photos-index-page-14-aid-251954.html
/web/20251005073253/https://www.wnacg.com/photos-view-id-20859717.html
/web/20251005073307/https://www.wnacg.com/photos-view-id-20859766.html
/web/20251005073326/https://www.wnacg.com/photos-view-id-20859688.html
/web/20251005073323/https://www.wnacg.com/photos-view-id-20859734.html
/web/20251005073312/https://www.wnacg.com/photos-index-page-13-aid-251954.html
/web/20251005073415/https://www.wnacg.com/photos-view-id-20859710.html
/web/20251005073414/https://www.wnacg.com/photos-view-id-20860170.html
/web/20251005073437/https://www.wnacg.com/photos-view-id-20859721.html
/web/20251005073513/https://www.wnacg.com/photos-view-id-20860004.html
/web/20251005073429/https://www.wnacg.com/photos-view-id-20859827.html
/web/20251005073514/https://www.wnacg.com/photos-view-id-20859864.html
/web/20251005073541/https://www.wnacg.com/photos-view-id-20860264.html
/web/20251005073549/https://www.wnacg.com/photos-view-id-20859778.html
/web/20251005073617/https://www.wnacg.com/photos-view-id-20859978.html
/web/20251005073542/https://www.wnacg.com/photos-view-id-20860112.html
/web/20251005073604/https://www.wnacg.com/photos-view-id-20860140.html
/web/20251005073616/https://www.wnacg.com/photos-view-id-20859819.html
/web/20251005073634/https://www.wnacg.com/photos-view-id-20859854.html
/web/20251005073652/https://www.wnacg.com/photos-view-id-20860249.html
/web/20251005073655/https://www.wnacg.com/photos-view-id-20859750.html
/web/20251005073735/https://www.wnacg.com/photos-index-page-15-aid-251954.html
/web/20251005073728/https://www.wnacg.com/photos-view-id-20860024.html
/web/20251005073802/https://www.wnacg.com/photos-view-id-20859776.html
/web/20251005073818/https://www.wnacg.com/photos-view-id-20860201.html
/web/20251005073811/https://www.wnacg.com/photos-view-id-20859885.html
/web/20251005073804/https://www.wnacg.com/photos-view-id-20859971.html
/web/20251005073846/https://www.wnacg.com/photos-view-id-20860258.html
/web/20251005073851/https://www.wnacg.com/photos-view-id-20860025.html
/web/20251005073914/https://www.wnacg.com/photos-view-id-20860183.html
/web/20251005073920/https://www.wnacg.com/photos-view-id-20859746.html
/web/20251005073958/https://www.wnacg.com/photos-view-id-20860017.html
/web/20251005073932/https://www.wnacg.com/photos-index-page-16-aid-251954.html
/web/20251005073925/https://www.wnacg.com/photos-view-id-20860148.html
/web/20251005074016/https://www.wnacg.com/photos-view-id-20859911.html
/web/20251005074047/https://www.wnacg.com/photos-view-id-20860255.html
/web/20251005074040/https://www.wnacg.com/photos-view-id-20860161.html
/web/20251005074033/https://www.wnacg.com/photos-view-id-20860224.html
/web/20251005074114/https://www.wnacg.com/photos-view-id-20859893.html
/web/20251005074137/https://www.wnacg.com/photos-view-id-20860187.html
/web/20251005074137/https://www.wnacg.com/photos-index-page-18-aid-251954.html
/web/20251005074140/https://www.wnacg.com/photos-view-id-20859844.html
/web/20251005074146/https://www.wnacg.com/photos-view-id-20859862.html
/web/20251005074151/https://www.wnacg.com/photos-view-id-20859959.html
/web/20251005074144/https://www.wnacg.com/photos-view-id-20860105.html
/web/20251005074244/https://www.wnacg.com/photos-view-id-20859787.html
/web/20251005074245/https://www.wnacg.com/photos-index-page-17-aid-251954.html
/web/20251005074320/https://www.wnacg.com/photos-view-id-20860006.html
/web/20251005074333/https://www.wnacg.com/photos-view-id-20860188.html
/web/20251005074334/https://www.wnacg.com/photos-view-id-20859733.html
/web/20251005074306/https://www.wnacg.com/photos-view-id-20860138.html
/web/20251005074259/https://www.wnacg.com/photos-view-id-20859861.html
/web/20251005074402/https://www.wnacg.com/photos-view-id-20859775.html
/web/20251005074417/https://www.wnacg.com/photos-view-id-20860251.html
/web/20251005074410/https://www.wnacg.com/photos-view-id-20859726.html
/web/20251005074451/https://www.wnacg.com/photos-view-id-20859923.html
/web/20251005074424/https://www.wnacg.com/photos-view-id-20859828.html
/web/20251005074518/https://www.wnacg.com/photos-view-id-20859737.html
/web/20251005074519/https://www.wnacg.com/photos-view-id-20860262.html
/web/20251005074545/https://www.wnacg.com/photos-view-id-20859867.html
/web/20251005074607/https://www.wnacg.com/photos-view-id-20859706.html
/web/20251005074551/https://www.wnacg.com/photos-view-id-20860136.html
/web/20251005074533/https://www.wnacg.com/photos-view-id-20860234.html
/web/20251005074624/https://www.wnacg.com/photos-view-id-20860113.html
/web/20251005074637/https://www.wnacg.com/photos-index-page-8-aid-251954.html
/web/20251005074716/https://www.wnacg.com/photos-view-id-20860094.html
/web/20251005074653/https://www.wnacg.com/photos-view-id-20859771.html
/web/20251005074718/https://www.wnacg.com/photos-view-id-20859982.html
/web/20251005074705/https://www.wnacg.com/photos-view-id-20860049.html
/web/20251005074745/https://www.wnacg.com/photos-view-id-20860039.html
/web/20251005074747/https://www.wnacg.com/photos-view-id-20860118.html
/web/20251005074802/https://www.wnacg.com/photos-view-id-20860101.html
/web/20251005074827/https://www.wnacg.com/photos-view-id-20860045.html
/web/20251005074754/https://www.wnacg.com/photos-view-id-20859709.html
/web/20251005074855/https://www.wnacg.com/photos-view-id-20859823.html
/web/20251005074856/https://www.wnacg.com/photos-view-id-20860096.html
/web/20251005074918/https://www.wnacg.com/photos-view-id-20860074.html
/web/20251005074910/https://www.wnacg.com/photos-index-page-19-aid-251954.html
/web/20251005074903/https://www.wnacg.com/photos-view-id-20860173.html
/web/20251005074954/https://www.wnacg.com/photos-view-id-20860072.html
/web/20251005074944/https://www.wnacg.com/photos-view-id-20859921.html
/web/20251005075006/https://www.wnacg.com/photos-view-id-20860114.html
/web/20251005075007/https://www.wnacg.com/photos-view-id-20859910.html
/web/20251005075038/https://www.wnacg.com/photos-view-id-20859762.html
/web/20251005075021/https://www.wnacg.com/photos-view-id-20859708.html
/web/20251005075128/https://www.wnacg.com/photos-view-id-20860002.html
/web/20251005075130/https://www.wnacg.com/photos-view-id-20860263.html
/web/20251005075130/https://www.wnacg.com/photos-view-id-20860119.html
/web/20251005075137/https://www.wnacg.com/photos-view-id-20859860.html
/web/20251005075229/https://www.wnacg.com/photos-view-id-20860146.html
/web/20251005075233/https://www.wnacg.com/photos-view-id-20859842.html
/web/20251005075151/https://www.wnacg.com/photos-view-id-20860139.html
/web/20251005075250/https://www.wnacg.com/photos-view-id-20860149.html
/web/20251005075257/https://www.wnacg.com/photos-view-id-20860011.html
/web/20251005075304/https://www.wnacg.com/photos-index-page-21-aid-251954.html
/web/20251005075339/https://www.wnacg.com/photos-view-id-20859698.html
/web/20251005075312/https://www.wnacg.com/photos-index-page-22-aid-251954.html
/web/20251005075404/https://www.wnacg.com/photos-view-id-20860180.html
/web/20251005075346/https://www.wnacg.com/photos-view-id-20859790.html
/web/20251005075339/https://www.wnacg.com/photos-view-id-20860193.html
/web/20251005075439/https://www.wnacg.com/photos-view-id-20859818.html
/web/20251005075501/https://www.wnacg.com/photos-view-id-20859730.html
/web/20251005075402/https://www.wnacg.com/photos-view-id-20859939.html
/web/20251005075502/https://www.wnacg.com/photos-view-id-20859979.html
/web/20251005075537/https://www.wnacg.com/photos-view-id-20860016.html
/web/20251005075530/https://www.wnacg.com/photos-view-id-20859833.html
/web/20251005075522/https://www.wnacg.com/photos-view-id-20860232.html
/web/20251005075523/https://www.wnacg.com/photos-index-page-20-aid-251954.html
/web/20251005075544/https://www.wnacg.com/photos-view-id-20859913.html
/web/20251005075628/https://www.wnacg.com/photos-view-id-20859724.html
/web/20251005075627/https://www.wnacg.com/photos-view-id-20859895.html
/web/20251005075635/https://www.wnacg.com/photos-view-id-20859786.html
/web/20251005075649/https://www.wnacg.com/photos-view-id-20860231.html
/web/20251005075642/https://www.wnacg.com/photos-view-id-20859761.html
/web/20251005075801/https://www.wnacg.com/photos-view-id-20859824.html
/web/20251005075836/https://www.wnacg.com/photos-view-id-20860195.html
/web/20251005075801/https://www.wnacg.com/photos-view-id-20860130.html
/web/20251005075754/https://www.wnacg.com/photos-view-id-20859714.html
/web/20251005075746/https://www.wnacg.com/photos-view-id-20860261.html
/web/20251005075808/https://www.wnacg.com/photos-view-id-20859983.html
/web/20251005075900/https://www.wnacg.com/photos-view-id-20860235.html
/web/20251005075914/https://www.wnacg.com/photos-view-id-20859847.html
/web/20251005075900/https://www.wnacg.com/photos-view-id-20860028.html
/web/20251005075941/https://www.wnacg.com/photos-view-id-20860047.html
/web/20251005075859/https://www.wnacg.com/photos-view-id-20860117.html
/web/20251005080002/https://www.wnacg.com/photos-view-id-20859889.html
/web/20251005075907/https://www.wnacg.com/photos-view-id-20860079.html
/web/20251005080018/https://www.wnacg.com/photos-view-id-20860163.html
/web/20251005080046/https://www.wnacg.com/photos-view-id-20860097.html
/web/20251005080011/https://www.wnacg.com/photos-view-id-20860207.html
/web/20251005080032/https://www.wnacg.com/photos-view-id-20859772.html
/web/20251005080117/https://www.wnacg.com/photos-view-id-20859920.html
/web/20251005080201/https://www.wnacg.com/photos-view-id-20860181.html
/web/20251005080140/https://www.wnacg.com/photos-view-id-20859830.html
/web/20251005080221/https://www.wnacg.com/photos-view-id-20859914.html
/web/20251005080123/https://www.wnacg.com/photos-view-id-20860150.html
/web/20251005080123/https://www.wnacg.com/photos-view-id-20860197.html
/web/20251005080236/https://www.wnacg.com/photos-index-page-23-aid-251954.html
/web/20251005080322/https://www.wnacg.com/photos-view-id-20860178.html
/web/20251005080250/https://www.wnacg.com/photos-view-id-20860120.html
/web/20251005080328/https://www.wnacg.com/photos-view-id-20859707.html
/web/20251005080247/https://www.wnacg.com/photos-view-id-20860240.html
/web/20251005080242/https://www.wnacg.com/photos-view-id-20860106.html
/web/20251005080411/https://www.wnacg.com/photos-index-page-24-aid-251954.html
/web/20251005080344/https://www.wnacg.com/photos-view-id-20860144.html
/web/20251005080436/https://www.wnacg.com/photos-view-id-20860089.html
/web/20251005080430/https://www.wnacg.com/photos-view-id-20860164.html
/web/20251005080355/https://www.wnacg.com/photos-view-id-20860095.html
/web/20251005080400/https://www.wnacg.com/photos-index-page-25-aid-251954.html
/web/20251005080458/https://www.wnacg.com/photos-view-id-20860027.html
/web/20251005080539/https://www.wnacg.com/photos-view-id-20860122.html
/web/20251005080531/https://www.wnacg.com/photos-view-id-20859763.html
/web/20251005080540/https://www.wnacg.com/photos-view-id-20860034.html
/web/20251005080506/https://www.wnacg.com/photos-view-id-20860175.html
/web/20251005080534/https://www.wnacg.com/photos-view-id-20859882.html
/web/20251005080608/https://www.wnacg.com/photos-view-id-20859918.html
/web/20251005080609/https://www.wnacg.com/photos-view-id-20859953.html
/web/20251005080624/https://www.wnacg.com/photos-view-id-20859986.html
/web/20251005080616/https://www.wnacg.com/photos-index-page-26-aid-251954.html
/web/20251005080708/https://www.wnacg.com/photos-view-id-20860228.html
/web/20251005080729/https://www.wnacg.com/photos-view-id-20859768.html
/web/20251005080813/https://www.wnacg.com/photos-view-id-20860021.html
/web/20251005080722/https://www.wnacg.com/photos-view-id-20859683.html
/web/20251005080759/https://www.wnacg.com/photos-view-id-20860217.html
/web/20251005080832/https://www.wnacg.com/photos-view-id-20859809.html
/web/20251005080846/https://www.wnacg.com/photos-view-id-20860087.html
/web/20251005080829/https://www.wnacg.com/photos-view-id-20860046.html
/web/20251005080933/https://www.wnacg.com/photos-view-id-20859744.html
/web/20251005080934/https://www.wnacg.com/photos-view-id-20859960.html
/web/20251005080921/https://www.wnacg.com/photos-view-id-20859900.html
/web/20251005080843/https://www.wnacg.com/photos-view-id-20860186.html
/web/20251005081003/https://www.wnacg.com/photos-view-id-20859932.html
/web/20251005080956/https://www.wnacg.com/photos-view-id-20859871.html
/web/20251005081028/https://www.wnacg.com/photos-view-id-20859945.html
/web/20251005080949/https://www.wnacg.com/photos-view-id-20860127.html
/web/20251005081050/https://www.wnacg.com/photos-view-id-20860131.html
/web/20251005081051/https://www.wnacg.com/photos-view-id-20859805.html
/web/20251005081059/https://www.wnacg.com/photos-view-id-20860124.html
/web/20251005081105/https://www.wnacg.com/photos-view-id-20859849.html
/web/20251005081122/https://www.wnacg.com/photos-view-id-20860159.html
/web/20251005081148/https://www.wnacg.com/photos-view-id-20860041.html
/web/20251005081113/https://www.wnacg.com/photos-view-id-20859903.html
/web/20251005081221/https://www.wnacg.com/photos-view-id-20859855.html
/web/20251005081219/https://www.wnacg.com/photos-view-id-20860023.html
/web/20251005081230/https://www.wnacg.com/photos-view-id-20860091.html
/web/20251005081256/https://www.wnacg.com/photos-view-id-20859751.html
/web/20251005081307/https://www.wnacg.com/photos-view-id-20859836.html
/web/20251005081304/https://www.wnacg.com/photos-view-id-20859699.html
/web/20251005081319/https://www.wnacg.com/photos-view-id-20860018.html
/web/20251005081339/https://www.wnacg.com/photos-view-id-20860266.html
/web/20251005081332/https://www.wnacg.com/photos-view-id-20859886.html
/web/20251005081353/https://www.wnacg.com/photos-view-id-20860253.html
/web/20251005081408/https://www.wnacg.com/photos-view-id-20859999.html
/web/20251005081434/https://www.wnacg.com/photos-index-page-27-aid-251954.html
/web/20251005081503/https://www.wnacg.com/photos-view-id-20859890.html
/web/20251005081407/https://www.wnacg.com/photos-view-id-20860236.html
/web/20251005081513/https://www.wnacg.com/photos-view-id-20860246.html
/web/20251005081520/https://www.wnacg.com/photos-view-id-20859816.html
/web/20251005081536/https://www.wnacg.com/photos-view-id-20860116.html
/web/20251005081529/https://www.wnacg.com/photos-view-id-20860054.html
/web/20251005081542/https://www.wnacg.com/photos-index-page-28-aid-251954.html
/web/20251005081557/https://www.wnacg.com/photos-view-id-20860185.html
/web/20251005081622/https://www.wnacg.com/photos-view-id-20860220.html
/web/20251005081652/https://www.wnacg.com/photos-view-id-20859770.html
/web/20251005081706/https://www.wnacg.com/photos-view-id-20859988.html
/web/20251005081749/https://www.wnacg.com/photos-view-id-20859756.html
/web/20251005081751/https://www.wnacg.com/photos-view-id-20859804.html
/web/20251005081740/https://www.wnacg.com/photos-view-id-20860191.html
/web/20251005081741/https://www.wnacg.com/photos-view-id-20860238.html
/web/20251005081716/https://www.wnacg.com/photos-view-id-20859840.html
/web/20251005081809/https://www.wnacg.com/photos-view-id-20859915.html
/web/20251005081802/https://www.wnacg.com/photos-view-id-20860019.html
/web/20251005081844/https://www.wnacg.com/photos-index-page-29-aid-251954.html
/web/20251005081808/https://www.wnacg.com/photos-view-id-20860227.html
/web/20251005081817/https://www.wnacg.com/photos-view-id-20859695.html
/web/20251005081845/https://www.wnacg.com/photos-view-id-20860209.html
/web/20251005081912/https://www.wnacg.com/photos-view-id-20859891.html
/web/20251005081921/https://www.wnacg.com/photos-view-id-20860223.html
/web/20251005081914/https://www.wnacg.com/photos-view-id-20859852.html
/web/20251005081928/https://www.wnacg.com/photos-view-id-20859942.html
/web/20251005081955/https://www.wnacg.com/photos-view-id-20859976.html
/web/20251005082026/https://www.wnacg.com/photos-view-id-20860014.html
/web/20251005082048/https://www.wnacg.com/photos-view-id-20859922.html
/web/20251005082041/https://www.wnacg.com/photos-view-id-20860055.html
/web/20251005082034/https://www.wnacg.com/photos-view-id-20860085.html
/web/20251005082027/https://www.wnacg.com/photos-view-id-20859702.html
/web/20251005082115/https://www.wnacg.com/photos-view-id-20859831.html
/web/20251005082116/https://www.wnacg.com/photos-view-id-20859812.html
/web/20251005082143/https://www.wnacg.com/photos-view-id-20859687.html
/web/20251005082144/https://www.wnacg.com/photos-view-id-20859846.html
/web/20251005082152/https://www.wnacg.com/photos-view-id-20859782.html
/web/20251005082235/https://www.wnacg.com/photos-view-id-20860067.html
/web/20251005082228/https://www.wnacg.com/photos-index-page-9-aid-251954.html
/web/20251005082230/https://www.wnacg.com/photos-view-id-20859832.html
/web/20251005082227/https://www.wnacg.com/photos-view-id-20860043.html
/web/20251005082347/https://www.wnacg.com/photos-view-id-20859741.html
/web/20251005082401/https://www.wnacg.com/photos-view-id-20859865.html
/web/20251005082302/https://www.wnacg.com/photos-view-id-20860081.html
/web/20251005082311/https://www.wnacg.com/photos-view-id-20860153.html
/web/20251005082434/https://www.wnacg.com/photos-view-id-20859703.html
/web/20251005082454/https://www.wnacg.com/photos-view-id-20859735.html
/web/20251005082455/https://www.wnacg.com/photos-view-id-20859972.html
/web/20251005082425/https://www.wnacg.com/photos-view-id-20860038.html
/web/20251005082425/https://www.wnacg.com/photos-view-id-20860204.html
/web/20251005082430/https://www.wnacg.com/photos-view-id-20859783.html
/web/20251005082452/https://www.wnacg.com/photos-view-id-20859814.html
/web/20251005082523/https://www.wnacg.com/photos-index-page-31-aid-251954.html
/web/20251005082539/https://www.wnacg.com/photos-index-page-30-aid-251954.html
/web/20251005082526/https://www.wnacg.com/photos-view-id-20859863.html
/web/20251005082606/https://www.wnacg.com/photos-view-id-20860030.html
/web/20251005082607/https://www.wnacg.com/photos-view-id-20860099.html
/web/20251005082634/https://www.wnacg.com/photos-view-id-20860090.html
/web/20251005082640/https://www.wnacg.com/photos-view-id-20860132.html
/web/20251005082707/https://www.wnacg.com/photos-view-id-20859850.html
/web/20251005082747/https://www.wnacg.com/photos-index-page-32-aid-251954.html
/web/20251005082744/https://www.wnacg.com/photos-view-id-20859866.html
/web/20251005082748/https://www.wnacg.com/photos-view-id-20859887.html
/web/20251005082756/https://www.wnacg.com/photos-view-id-20860248.html
/web/20251005082823/https://www.wnacg.com/photos-view-id-20859764.html
/web/20251005082824/https://www.wnacg.com/photos-view-id-20859970.html
/web/20251005082820/https://www.wnacg.com/photos-view-id-20859839.html
/web/20251005082831/https://www.wnacg.com/photos-view-id-20859791.html
/web/20251005082810/https://www.wnacg.com/photos-view-id-20860142.html
/web/20251005082906/https://www.wnacg.com/photos-view-id-20859874.html
/web/20251005082914/https://www.wnacg.com/photos-view-id-20860044.html
/web/20251005082931/https://www.wnacg.com/photos-view-id-20859869.html
/web/20251005083013/https://www.wnacg.com/photos-view-id-20860068.html
/web/20251005083025/https://www.wnacg.com/photos-view-id-20860147.html
/web/20251005083038/https://www.wnacg.com/photos-view-id-20859759.html
/web/20251005083105/https://www.wnacg.com/photos-view-id-20860126.html
/web/20251005083027/https://www.wnacg.com/photos-view-id-20860063.html
/web/20251005083039/https://www.wnacg.com/photos-view-id-20860033.html
/web/20251005083107/https://www.wnacg.com/photos-index-page-33-aid-251954.html
/web/20251005083031/https://www.wnacg.com/photos-view-id-20859689.html
/web/20251005083134/https://www.wnacg.com/photos-view-id-20860066.html
/web/20251005083135/https://www.wnacg.com/photos-view-id-20860026.html
/web/20251005083216/https://www.wnacg.com/photos-view-id-20860037.html
/web/20251005083142/https://www.wnacg.com/photos-view-id-20859996.html
/web/20251005083218/https://www.wnacg.com/photos-view-id-20860239.html
/web/20251005083243/https://www.wnacg.com/photos-view-id-20859949.html
/web/20251005083244/https://www.wnacg.com/photos-view-id-20859857.html
/web/20251005083252/https://www.wnacg.com/photos-view-id-20859961.html
/web/20251005083330/https://www.wnacg.com/photos-view-id-20860076.html
/web/20251005083332/https://www.wnacg.com/photos-view-id-20859795.html
/web/20251005083400/https://www.wnacg.com/photos-view-id-20859998.html
/web/20251005083425/https://www.wnacg.com/photos-view-id-20860040.html
/web/20251005083421/https://www.wnacg.com/photos-view-id-20860110.html
/web/20251005083451/https://www.wnacg.com/photos-view-id-20859815.html
/web/20251005083549/https://www.wnacg.com/photos-index-page-34-aid-251954.html
/web/20251005083441/https://www.wnacg.com/photos-view-id-20860069.html
/web/20251005083635/https://www.wnacg.com/photos-view-id-20860056.html
/web/20251005083607/https://www.wnacg.com/photos-view-id-20859736.html
/web/20251005083607/https://www.wnacg.com/photos-view-id-20859967.html
/web/20251005083650/https://www.wnacg.com/photos-view-id-20859993.html
/web/20251005083608/https://www.wnacg.com/photos-view-id-20859773.html
/web/20251005083802/https://www.wnacg.com/photos-view-id-20860065.html
/web/20251005083820/https://www.wnacg.com/photos-view-id-20859785.html
/web/20251005083827/https://www.wnacg.com/photos-view-id-20860202.html
/web/20251005083834/https://www.wnacg.com/photos-view-id-20859984.html
/web/20251005083848/https://www.wnacg.com/photos-view-id-20860176.html
/web/20251005083841/https://www.wnacg.com/photos-view-id-20859916.html
/web/20251005083920/https://www.wnacg.com/photos-view-id-20859884.html
/web/20251005083935/https://www.wnacg.com/photos-view-id-20859711.html
/web/20251005083942/https://www.wnacg.com/photos-view-id-20860222.html
/web/20251005083936/https://www.wnacg.com/photos-view-id-20859753.html
/web/20251005083943/https://www.wnacg.com/photos-view-id-20859974.html
/web/20251005084038/https://www.wnacg.com/photos-view-id-20859843.html
/web/20251005084054/https://www.wnacg.com/photos-view-id-20859981.html
/web/20251005084108/https://www.wnacg.com/photos-view-id-20859906.html
/web/20251005084052/https://www.wnacg.com/photos-view-id-20859686.html
/web/20251005084039/https://www.wnacg.com/photos-view-id-20859696.html
/web/20251005084101/https://www.wnacg.com/photos-view-id-20860060.html
/web/20251005084155/https://www.wnacg.com/photos-view-id-20859715.html
/web/20251005084156/https://www.wnacg.com/photos-view-id-20860012.html
/web/20251005084203/https://www.wnacg.com/photos-view-id-20860061.html
/web/20251005084210/https://www.wnacg.com/photos-view-id-20860104.html
/web/20251005084223/https://www.wnacg.com/photos-view-id-20860216.html
/web/20251005084217/https://www.wnacg.com/photos-index-page-36-aid-251954.html
/web/20251005084311/https://www.wnacg.com/photos-view-id-20859997.html
/web/20251005084231/https://www.wnacg.com/photos-view-id-20860162.html
/web/20251005084310/https://www.wnacg.com/photos-view-id-20859880.html
/web/20251005084318/https://www.wnacg.com/photos-view-id-20859957.html
/web/20251005084332/https://www.wnacg.com/photos-view-id-20860184.html
/web/20251005084410/https://www.wnacg.com/photos-view-id-20859796.html
/web/20251005084325/https://www.wnacg.com/photos-view-id-20859801.html
/web/20251005084432/https://www.wnacg.com/photos-view-id-20859990.html
/web/20251005084441/https://www.wnacg.com/photos-view-id-20859813.html
/web/20251005084453/https://www.wnacg.com/photos-view-id-20860160.html
/web/20251005084534/https://www.wnacg.com/photos-view-id-20860256.html
/web/20251005084548/https://www.wnacg.com/photos-view-id-20859743.html
/web/20251005084526/https://www.wnacg.com/photos-view-id-20860015.html
/web/20251005084541/https://www.wnacg.com/photos-view-id-20859720.html
/web/20251005084620/https://www.wnacg.com/photos-view-id-20859794.html
/web/20251005084625/https://www.wnacg.com/photos-index-page-37-aid-251954.html
/web/20251005083425/https://www.wnacg.com/photos-view-id-20859754.html
/web/20251005084643/https://www.wnacg.com/photos-view-id-20860103.html
/web/20251005083435/https://www.wnacg.com/photos-index-page-35-aid-251954.html
/web/20251005084453/https://www.wnacg.com/photos-view-id-20860077.html
/web/20251005084642/https://www.wnacg.com/photos-view-id-20859954.html
/web/20251005083726/https://www.wnacg.com/photos-view-id-20859859.html
/web/20251005084746/https://www.wnacg.com/photos-view-id-20860005.html
/web/20251005084739/https://www.wnacg.com/photos-index-page-38-aid-251954.html
/web/20251005084753/https://www.wnacg.com/photos-view-id-20859748.html
/web/20251005084835/https://www.wnacg.com/photos-view-id-20860155.html
/web/20251005084732/https://www.wnacg.com/photos-view-id-20859872.html
/web/20251005084800/https://www.wnacg.com/photos-view-id-20860214.html
/web/20251005084849/https://www.wnacg.com/photos-view-id-20860230.html
/web/20251005084842/https://www.wnacg.com/photos-view-id-20860009.html
/web/20251005084913/https://www.wnacg.com/photos-view-id-20859851.html
/web/20251005084826/https://www.wnacg.com/photos-view-id-20860088.html
/web/20251005084942/https://www.wnacg.com/photos-view-id-20859896.html
/web/20251005084957/https://www.wnacg.com/photos-view-id-20860010.html
/web/20251005084947/https://www.wnacg.com/photos-view-id-20859936.html
/web/20251005085004/https://www.wnacg.com/photos-view-id-20859705.html
/web/20251005084950/https://www.wnacg.com/photos-view-id-20860075.html
/web/20251005085052/https://www.wnacg.com/photos-view-id-20859989.html
/web/20251005085054/https://www.wnacg.com/photos-view-id-20859941.html
/web/20251005085123/https://www.wnacg.com/photos-view-id-20860057.html
/web/20251005085113/https://www.wnacg.com/photos-view-id-20860212.html
/web/20251005085108/https://www.wnacg.com/photos-view-id-20860007.html
/web/20251005085128/https://www.wnacg.com/photos-view-id-20859837.html
/web/20251005085155/https://www.wnacg.com/photos-view-id-20860092.html
/web/20251005085112/https://www.wnacg.com/photos-view-id-20859712.html
/web/20251005085227/https://www.wnacg.com/photos-index-page-40-aid-251954.html
/web/20251005085249/https://www.wnacg.com/photos-view-id-20859977.html
/web/20251005085304/https://www.wnacg.com/photos-view-id-20860165.html
/web/20251005085305/https://www.wnacg.com/photos-view-id-20859928.html
/web/20251005085241/https://www.wnacg.com/photos-view-id-20860259.html
/web/20251005085234/https://www.wnacg.com/photos-index-page-39-aid-251954.html
/web/20251005085332/https://www.wnacg.com/photos-view-id-20859995.html
/web/20251005085227/https://www.wnacg.com/photos-view-id-20860008.html
/web/20251005085354/https://www.wnacg.com/photos-view-id-20859904.html
/web/20251005085416/https://www.wnacg.com/photos-index-page-41-aid-251954.html
/web/20251005085427/https://www.wnacg.com/photos-view-id-20860267.html
/web/20251005085414/https://www.wnacg.com/photos-view-id-20860020.html
/web/20251005085449/https://www.wnacg.com/photos-view-id-20859935.html
/web/20251005085506/https://www.wnacg.com/photos-view-id-20860244.html
/web/20251005085451/https://www.wnacg.com/photos-view-id-20859738.html
/web/20251005085534/https://www.wnacg.com/photos-view-id-20859898.html
/web/20251005085541/https://www.wnacg.com/photos-view-id-20859690.html
/web/20251005085546/https://www.wnacg.com/photos-view-id-20859697.html
/web/20251005085623/https://www.wnacg.com/photos-view-id-20860125.html
/web/20251005085625/https://www.wnacg.com/photos-view-id-20859700.html
/web/20251005085615/https://www.wnacg.com/photos-view-id-20859777.html
/web/20251005085649/https://www.wnacg.com/photos-view-id-20859810.html
/web/20251005085617/https://www.wnacg.com/photos-view-id-20859944.html
/web/20251005085529/https://www.wnacg.com/photos-view-id-20860022.html
/web/20251005085721/https://www.wnacg.com/photos-view-id-20860198.html
/web/20251005085737/https://www.wnacg.com/photos-view-id-20859692.html
/web/20251005085744/https://www.wnacg.com/photos-view-id-20859807.html
/web/20251005085723/https://www.wnacg.com/photos-view-id-20860218.html
/web/20251005085730/https://www.wnacg.com/photos-view-id-20859881.html
/web/20251005085828/https://www.wnacg.com/photos-view-id-20860152.html
/web/20251005085836/https://www.wnacg.com/photos-index-page-42-aid-251954.html
/web/20251005085829/https://www.wnacg.com/photos-view-id-20859792.html
/web/20251005085849/https://www.wnacg.com/photos-view-id-20859745.html
/web/20251005085842/https://www.wnacg.com/photos-view-id-20860083.html
/web/20251005085950/https://www.wnacg.com/photos-view-id-20859797.html
/web/20251005085951/https://www.wnacg.com/photos-view-id-20860133.html
/web/20251005085959/https://www.wnacg.com/photos-view-id-20859929.html
/web/20251005090011/https://www.wnacg.com/photos-view-id-20860241.html
/web/20251005090020/https://www.wnacg.com/photos-view-id-20860036.html
/web/20251005090012/https://www.wnacg.com/photos-view-id-20860199.html
/web/20251005090026/https://www.wnacg.com/photos-view-id-20859757.html
/web/20251005090109/https://www.wnacg.com/photos-view-id-20860210.html
/web/20251005090108/https://www.wnacg.com/photos-view-id-20860247.html
/web/20251005090122/https://www.wnacg.com/photos-view-id-20859933.html
/web/20251005090053/https://www.wnacg.com/photos-view-id-20859820.html
/web/20251005090130/https://www.wnacg.com/photos-view-id-20859729.html
/web/20251005090218/https://www.wnacg.com/photos-view-id-20859798.html
/web/20251005090131/https://www.wnacg.com/photos-view-id-20859952.html
/web/20251005090204/https://www.wnacg.com/photos-view-id-20860121.html
/web/20251005090226/https://www.wnacg.com/photos-view-id-20860213.html
/web/20251005090204/https://www.wnacg.com/photos-view-id-20859856.html
/web/20251005090320/https://www.wnacg.com/photos-index-page-43-aid-251954.html
/web/20251005090328/https://www.wnacg.com/photos-view-id-20860257.html
/web/20251005090327/https://www.wnacg.com/photos-view-id-20859781.html
/web/20251005090417/https://www.wnacg.com/photos-view-id-20859742.html
/web/20251005090341/https://www.wnacg.com/photos-view-id-20859966.html
/web/20251005090410/https://www.wnacg.com/photos-index-page-47-aid-251954.html
/web/20251005090334/https://www.wnacg.com/photos-view-id-20859991.html
/web/20251005090408/https://www.wnacg.com/photos-index-page-44-aid-251954.html
/web/20251005090444/https://www.wnacg.com/photos-view-id-20860254.html
/web/20251005090445/https://www.wnacg.com/photos-view-id-20859684.html
/web/20251005090517/https://www.wnacg.com/photos-view-id-20859925.html
/web/20251005090519/https://www.wnacg.com/photos-view-id-20859992.html
/web/20251005090533/https://www.wnacg.com/photos-view-id-20859740.html
/web/20251005090526/https://www.wnacg.com/photos-view-id-20860111.html
/web/20251005090614/https://www.wnacg.com/photos-view-id-20859934.html
/web/20251005090621/https://www.wnacg.com/photos-view-id-20860196.html
/web/20251005090607/https://www.wnacg.com/photos-view-id-20859747.html
/web/20251005090628/https://www.wnacg.com/photos-view-id-20860071.html
/web/20251005090600/https://www.wnacg.com/photos-view-id-20860137.html
/web/20251005090707/https://www.wnacg.com/photos-view-id-20859964.html
/web/20251005090731/https://www.wnacg.com/photos-view-id-20860192.html
/web/20251005090635/https://www.wnacg.com/photos-view-id-20859943.html
/web/20251005090716/https://www.wnacg.com/photos-view-id-20859752.html
/web/20251005090709/https://www.wnacg.com/photos-view-id-20860156.html
/web/20251005090810/https://www.wnacg.com/photos-view-id-20859908.html
/web/20251005090817/https://www.wnacg.com/photos-view-id-20859826.html
/web/20251005090725/https://www.wnacg.com/photos-view-id-20859917.html
/web/20251005090908/https://www.wnacg.com/photos-view-id-20859969.html
/web/20251005090900/https://www.wnacg.com/photos-view-id-20860219.html
/web/20251005090832/https://www.wnacg.com/photos-view-id-20859701.html
/web/20251005090926/https://www.wnacg.com/photos-view-id-20860154.html
/web/20251005090919/https://www.wnacg.com/photos-view-id-20859987.html
/web/20251005090934/https://www.wnacg.com/photos-view-id-20860059.html
/web/20251005090940/https://www.wnacg.com/photos-view-id-20860048.html
/web/20251005090925/https://www.wnacg.com/photos-view-id-20859829.html
/web/20251005091028/https://www.wnacg.com/photos-view-id-20859845.html
/web/20251005091028/https://www.wnacg.com/photos-view-id-20859926.html
/web/20251005091035/https://www.wnacg.com/photos-view-id-20859897.html
/web/20251005091106/https://www.wnacg.com/photos-view-id-20860052.html
/web/20251005091108/https://www.wnacg.com/photos-view-id-20859838.html
/web/20251005091050/https://www.wnacg.com/photos-view-id-20860177.html
/web/20251005091133/https://www.wnacg.com/photos-view-id-20859965.html
/web/20251005091143/https://www.wnacg.com/photos-view-id-20859907.html
/web/20251005091105/https://www.wnacg.com/photos-view-id-20859811.html
/web/20251005091142/https://www.wnacg.com/photos-view-id-20859739.html
/web/20251005091226/https://www.wnacg.com/photos-view-id-20860237.html
/web/20251005091217/https://www.wnacg.com/photos-view-id-20860109.html
/web/20251005091253/https://www.wnacg.com/photos-view-id-20859973.html
/web/20251005091254/https://www.wnacg.com/photos-view-id-20859825.html
/web/20251005091219/https://www.wnacg.com/photos-view-id-20860003.html
/web/20251005091308/https://www.wnacg.com/photos-view-id-20859905.html
/web/20251005091335/https://www.wnacg.com/photos-index-page-48-aid-251954.html
/web/20251005091348/https://www.wnacg.com/photos-view-id-20859888.html
/web/20251005091404/https://www.wnacg.com/photos-view-id-20859774.html
/web/20251005091415/https://www.wnacg.com/photos-view-id-20860157.html
/web/20251005091434/https://www.wnacg.com/photos-view-id-20859780.html
/web/20251005091417/https://www.wnacg.com/photos-view-id-20859975.html
/web/20251005091500/https://www.wnacg.com/photos-view-id-20859912.html
/web/20251005091304/https://www.wnacg.com/photos-view-id-20860123.html
/web/20251005091432/https://www.wnacg.com/photos-view-id-20859722.html
/web/20251005091525/https://www.wnacg.com/photos-view-id-20860172.html
/web/20251005091541/https://www.wnacg.com/photos-view-id-20859919.html
/web/20251005091538/https://www.wnacg.com/photos-view-id-20860203.html
/web/20251005091543/https://www.wnacg.com/photos-view-id-20859758.html
/web/20251005091630/https://www.wnacg.com/photos-view-id-20859731.html
/web/20251005091548/https://www.wnacg.com/photos-view-id-20860226.html
/web/20251005091616/https://www.wnacg.com/photos-view-id-20859909.html
/web/20251005091643/https://www.wnacg.com/photos-view-id-20860031.html
/web/20251005091645/https://www.wnacg.com/photos-view-id-20860190.html
/web/20251005091652/https://www.wnacg.com/photos-view-id-20860143.html
/web/20251005091729/https://www.wnacg.com/photos-view-id-20859899.html
/web/20251005091730/https://www.wnacg.com/photos-view-id-20860225.html
/web/20251005091757/https://www.wnacg.com/photos-view-id-20860058.html
/web/20251005091758/https://www.wnacg.com/photos-view-id-20859704.html
/web/20251005091805/https://www.wnacg.com/photos-view-id-20860053.html
/web/20251005091846/https://www.wnacg.com/photos-view-id-20859948.html
/web/20251005091819/https://www.wnacg.com/photos-view-id-20860051.html
/web/20251005091848/https://www.wnacg.com/photos-view-id-20859875.html
/web/20251005091812/https://www.wnacg.com/photos-view-id-20860200.html
/web/20251005091919/https://www.wnacg.com/photos-index-page-45-aid-251954.html
/web/20251005091922/https://www.wnacg.com/photos-view-id-20859870.html
/web/20251005091943/https://www.wnacg.com/photos-view-id-20859962.html
/web/20251005091936/https://www.wnacg.com/photos-view-id-20859806.html
/web/20251005091929/https://www.wnacg.com/photos-view-id-20860171.html
/web/20251005092038/https://www.wnacg.com/photos-view-id-20860265.html
/web/20251005092037/https://www.wnacg.com/photos-view-id-20859834.html
/web/20251005092045/https://www.wnacg.com/photos-view-id-20860208.html
/web/20251005092114/https://www.wnacg.com/photos-view-id-20859755.html
/web/20251005092141/https://www.wnacg.com/photos-view-id-20860035.html
/web/20251005092149/https://www.wnacg.com/photos-view-id-20859955.html
/web/20251005092059/https://www.wnacg.com/photos-view-id-20859808.html
/web/20251005092211/https://www.wnacg.com/photos-view-id-20859693.html
/web/20251005092246/https://www.wnacg.com/photos-view-id-20859924.html
/web/20251005092107/https://www.wnacg.com/photos-view-id-20859931.html
/web/20251005092209/https://www.wnacg.com/photos-view-id-20860084.html
/web/20251005092304/https://www.wnacg.com/photos-view-id-20860179.html
/web/20251005092218/https://www.wnacg.com/photos-view-id-20860205.html
/web/20251005092328/https://www.wnacg.com/photos-view-id-20859841.html
/web/20251005092311/https://www.wnacg.com/photos-index-page-46-aid-251954.html
/web/20251005092208/https://www.wnacg.com/photos-view-id-20859716.html
/web/20251005092406/https://www.wnacg.com/photos-view-id-20860013.html
/web/20251005092352/https://www.wnacg.com/photos-view-id-20860158.html
/web/20251005092414/https://www.wnacg.com/photos-view-id-20859848.html
/web/20251005092421/https://www.wnacg.com/photos-view-id-20860229.html
/web/20251005092346/https://www.wnacg.com/photos-view-id-20860086.html
/web/20251005092448/https://www.wnacg.com/photos-view-id-20860100.html
/web/20251005092254/https://www.wnacg.com/photos-view-id-20860032.html
/web/20251005092510/https://www.wnacg.com/photos-view-id-20859817.html
/web/20251005092529/https://www.wnacg.com/photos-view-id-20859685.html
/web/20251005092536/https://www.wnacg.com/photos-view-id-20860167.html
/web/20251005092543/https://www.wnacg.com/photos-view-id-20860252.html
/web/20251005092550/https://www.wnacg.com/photos-view-id-20860070.html
/web/20251005092727/https://www.wnacg.com/photos-view-id-20859868.html
/web/20251005092735/https://www.wnacg.com/photos-view-id-20860042.html
/web/20251005092730/https://www.wnacg.com/photos-view-id-20860243.html
/web/20251005092742/https://www.wnacg.com/photos-view-id-20860001.html
/web/20251005092749/https://www.wnacg.com/photos-view-id-20859985.html
/web/20251005092849/https://www.wnacg.com/photos-view-id-20860000.html
/web/20251005092851/https://www.wnacg.com/photos-view-id-20859883.html
/web/20251005092858/https://www.wnacg.com/photos-view-id-20859719.html
/web/20251005092912/https://www.wnacg.com/photos-view-id-20859980.html
/web/20251005092919/https://www.wnacg.com/photos-view-id-20860064.html
/web/20251005092934/https://www.wnacg.com/photos-view-id-20860129.html
/web/20251005092926/https://www.wnacg.com/photos-view-id-20859930.html
/web/20251005093003/https://www.wnacg.com/photos-view-id-20859789.html
/web/20251005093005/https://www.wnacg.com/photos-view-id-20860135.html
/web/20251005093019/https://www.wnacg.com/photos-view-id-20860107.html
/web/20251005093026/https://www.wnacg.com/photos-view-id-20859732.html
/web/20251005093103/https://www.wnacg.com/photos-view-id-20859927.html
/web/20251005093104/https://www.wnacg.com/photos-view-id-20859788.html
/web/20251005093119/https://www.wnacg.com/photos-view-id-20859800.html
/web/20251005093111/https://www.wnacg.com/photos-view-id-20860062.html
/web/20251005093208/https://www.wnacg.com/photos-view-id-20859878.html
/web/20251005093209/https://www.wnacg.com/photos-view-id-20860141.html
/web/20251005093216/https://www.wnacg.com/photos-view-id-20859937.html
/web/20251005093125/https://www.wnacg.com/photos-view-id-20859968.html
/web/20251005093223/https://www.wnacg.com/photos-view-id-20860145.html
/web/20251005093230/https://www.wnacg.com/photos-view-id-20859858.html
/web/20251005093314/https://www.wnacg.com/photos-view-id-20860128.html
/web/20251005093316/https://www.wnacg.com/photos-view-id-20860215.html
/web/20251005093323/https://www.wnacg.com/photos-view-id-20859803.html
/web/20251005093330/https://www.wnacg.com/photos-view-id-20860151.html
/web/20251005093337/https://www.wnacg.com/photos-view-id-20860115.html
/web/20251005093425/https://www.wnacg.com/photos-view-id-20859725.html
/web/20251005093427/https://www.wnacg.com/photos-view-id-20859950.html
/web/20251005093441/https://www.wnacg.com/photos-view-id-20860134.html
/web/20251005093434/https://www.wnacg.com/photos-view-id-20860098.html
/web/20251005093448/https://www.wnacg.com/photos-view-id-20859728.html
