/web/20251005063337/https://www.wnacg.com/photos-index-aid-266904.html
/web/20251005063432/https://www.wnacg.com/photos-view-id-21970556.html
/web/20251005063519/https://www.wnacg.com/photos-index-page-3-aid-266904.html
/web/20251005063417/https://www.wnacg.com/photos-slide-aid-266904.html
/web/20251005063504/https://www.wnacg.com/download-index-aid-266904.html
/web/20251005063424/https://www.wnacg.com/photos-view-id-21970562.html
/web/20251005063505/https://www.wnacg.com/photos-view-id-21970555.html
/web/20251005063533/https://www.wnacg.com/photos-view-id-21970554.html
/web/20251005063611/https://www.wnacg.com/photos-view-id-21970557.html
/web/20251005063607/https://www.wnacg.com/photos-view-id-21970559.html
/web/20251005063514/https://www.wnacg.com/photos-view-id-21970552.html
/web/20251005063540/https://www.wnacg.com/photos-view-id-21970551.html
/web/20251005063608/https://www.wnacg.com/photos-index-page-4-aid-266904.html
/web/20251005063635/https://www.wnacg.com/photos-view-id-21970558.html
/web/20251005063639/https://www.wnacg.com/photos-view-id-21970561.html
/web/20251005063716/https://www.wnacg.com/photos-view-id-21970577.html
/web/20251005063724/https://www.wnacg.com/photos-view-id-21970575.html
/web/20251005063731/https://www.wnacg.com/photos-view-id-21970586.html
/web/20251005063738/https://www.wnacg.com/photos-view-id-21970576.html
/web/20251005063717/https://www.wnacg.com/photos-index-page-2-aid-266904.html
/web/20251005063828/https://www.wnacg.com/photos-view-id-21970582.html
/web/20251005063826/https://www.wnacg.com/photos-view-id-21970578.html
/web/20251005063835/https://www.wnacg.com/photos-index-page-1-aid-266904.html
/web/20251005063842/https://www.wnacg.com/photos-view-id-21970580.html
/web/20251005063849/https://www.wnacg.com/photos-view-id-21970579.html
/web/20251005063904/https://www.wnacg.com/photos-view-id-21970581.html
/web/20251005063941/https://www.wnacg.com/photos-view-id-21970563.html
/web/20251005063947/https://www.wnacg.com/photos-view-id-21970553.html
/web/20251005063940/https://www.wnacg.com/photos-view-id-21970583.html
/web/20251005064003/https://v1.wzip.date/down/2670/84a690b07a22d1aa5b688176415d16d9.zip?n=%5B%E3%83%9B%E3%83%BC%E3%82%AF%E3%83%93%E3%83%83%E3%83%88%20(%E5%AD%9D%E8%87%B3)%5D%20%E6%80%A7%E5%99%A8%E3%83%9E%E3%83%83%E3%83%81%E3%83%B3%E3%82%B0%E3%82%A2%E3%83%97%E3%83%AA%E3%81%A7%E5%87%BA%E4%BC%9A%E3%81%A3%E3%81%9F%E4%BD%93%E3%81%AE%E7%9B%B8%E6%80%A7%E3%81%A0%E3%81%91%E3%81%AF%E6%9C%80%E9%AB%98%E3%81%AE%E5%A5%B3%EF%BD%9C%E4%BD%BF%E7%94%A8%E6%80%A7%E5%99%A8%E9%85%8D%E5%B0%8DAPP%E7%B5%90%E6%9E%9C%E4%BE%86%E4%BA%86%E5%80%8B%E5%8F%AA%E6%9C%89%E8%82%89%E9%AB%94%E5%A5%91%E5%90%88%E5%BA%A6%E6%BB%BF%E5%88%86%E7%9A%84%E5%A5%B3%E4%BA%BA%C2%A0%C2%A0%5B%E4%B8%AD%E6%96%87%5D%20%5B%E7%84%A1%E4%BF%AE%E6%AD%A3%5D
/web/20251005064014/https://www.wnacg.com/photos-view-id-21970589.html
/web/20251005064041/https://www.wnacg.com/photos-view-id-21970560.html
/web/20251005064320/https://www.wnacg.com/photos-view-id-21970587.html
/web/20251005063936/https://v1.wzip.download/down/2670/84a690b07a22d1aa5b688176415d16d9.zip?n=%5B%E3%83%9B%E3%83%BC%E3%82%AF%E3%83%93%E3%83%83%E3%83%88%20(%E5%AD%9D%E8%87%B3)%5D%20%E6%80%A7%E5%99%A8%E3%83%9E%E3%83%83%E3%83%81%E3%83%B3%E3%82%B0%E3%82%A2%E3%83%97%E3%83%AA%E3%81%A7%E5%87%BA%E4%BC%9A%E3%81%A3%E3%81%9F%E4%BD%93%E3%81%AE%E7%9B%B8%E6%80%A7%E3%81%A0%E3%81%91%E3%81%AF%E6%9C%80%E9%AB%98%E3%81%AE%E5%A5%B3%EF%BD%9C%E4%BD%BF%E7%94%A8%E6%80%A7%E5%99%A8%E9%85%8D%E5%B0%8DAPP%E7%B5%90%E6%9E%9C%E4%BE%86%E4%BA%86%E5%80%8B%E5%8F%AA%E6%9C%89%E8%82%89%E9%AB%94%E5%A5%91%E5%90%88%E5%BA%A6%E6%BB%BF%E5%88%86%E7%9A%84%E5%A5%B3%E4%BA%BA%C2%A0%C2%A0%5B%E4%B8%AD%E6%96%87%5D%20%5B%E7%84%A1%E4%BF%AE%E6%AD%A3%5D
/web/20251005064345/https://www.wnacg.com/photos-view-id-21970574.html
/web/20251005064352/https://www.wnacg.com/photos-view-id-21970585.html
/web/20251005064359/https://www.wnacg.com/photos-view-id-21970571.html
/web/20251005064413/https://www.wnacg.com/photos-view-id-21970567.html
/web/20251005064420/https://www.wnacg.com/photos-view-id-21970573.html
/web/20251005064406/https://www.wnacg.com/photos-view-id-21970570.html
/web/20251005064427/https://www.wnacg.com/photos-view-id-21970565.html
/web/20251005064454/https://www.wnacg.com/photos-view-id-21970564.html
/web/20251005064504/https://www.wnacg.com/photos-view-id-21970568.html
/web/20251005064529/https://www.wnacg.com/photos-view-id-21970584.html
/web/20251005064534/https://www.wnacg.com/photos-view-id-21970588.html
/web/20251005064533/https://www.wnacg.com/photos-view-id-21970569.html
/web/20251005064619/https://www.wnacg.com/photos-view-id-21970572.html
/web/20251005064627/https://www.wnacg.com/photos-view-id-21970566.html
