/web/20251005050951/https://www.wnacg.com/photos-index-aid-142483.html
/web/20251005051018/https://www.wnacg.com/photos-index-page-5-aid-142483.html
/web/20251005051110/https://www.wnacg.com/photos-view-id-12536475.html
/web/20251005051146/https://www.wnacg.com/photos-view-id-12536477.html
/web/20251005051154/https://www.wnacg.com/photos-view-id-12536432.html
/web/20251005051149/https://www.wnacg.com/photos-view-id-12536461.html
/web/20251005051233/https://www.wnacg.com/download-index-aid-142483.html
/web/20251005051315/https://www.wnacg.com/photos-view-id-12536473.html
/web/20251005051246/https://www.wnacg.com/photos-view-id-12536440.html
/web/20251005051337/https://www.wnacg.com/photos-index-page-3-aid-142483.html
/web/20251005051305/https://www.wnacg.com/photos-slide-aid-142483.html
/web/20251005051442/https://www.wnacg.com/photos-view-id-12536471.html
/web/20251005051450/https://www.wnacg.com/photos-view-id-12536442.html
/web/20251005051441/https://www.wnacg.com/photos-view-id-12536465.html
/web/20251005051501/https://www.wnacg.com/photos-index-page-4-aid-142483.html
/web/20251005051448/https://www.wnacg.com/photos-view-id-12536469.html
/web/20251005051457/https://www.wnacg.com/photos-view-id-12536445.html
/web/20251005051458/https://www.wnacg.com/photos-index-page-2-aid-142483.html
/web/20251005051545/https://www.wnacg.com/photos-view-id-12536431.html
/web/20251005051705/https://www.wnacg.com/photos-view-id-12536462.html
/web/20251005051731/https://www.wnacg.com/photos-view-id-12536482.html
/web/20251005051726/https://www.wnacg.com/photos-view-id-12536444.html
/web/20251005051827/https://www.wnacg.com/photos-index-page-1-aid-142483.html
/web/20251005051804/https://v1.wzip.date/down/1425/7c98f304fa3c909884d4b151dccd71bc.zip?n=%5BKOMOTA%20(KOMOTA)%5DMILK%20%EF%BC%8D%E3%82%B7%E3%83%A7%E3%82%BF%E6%B7%AB%E9%AD%94%E3%81%8C%E3%81%8A%E5%A7%89%E3%81%95%E3%82%93%E3%81%9F%E3%81%A1%E3%81%AB%E6%8C%9F%E3%81%BE%E3%82%8C%E3%82%8B%E8%A9%B1%EF%BC%8D%5B%E5%B1%B1%E7%8C%AB%E4%BA%AD%E4%B8%AA%E4%BA%BA%E6%B1%89%E5%8C%96%5D
/web/20251005051909/https://www.wnacg.com/photos-view-id-12536476.html
/web/20251005051933/https://www.wnacg.com/photos-view-id-12536463.html
/web/20251005051859/https://www.wnacg.com/photos-view-id-12536481.html
/web/20251005051831/https://v1.wzip.download/down/1425/7c98f304fa3c909884d4b151dccd71bc.zip?n=%5BKOMOTA%20(KOMOTA)%5DMILK%20%EF%BC%8D%E3%82%B7%E3%83%A7%E3%82%BF%E6%B7%AB%E9%AD%94%E3%81%8C%E3%81%8A%E5%A7%89%E3%81%95%E3%82%93%E3%81%9F%E3%81%A1%E3%81%AB%E6%8C%9F%E3%81%BE%E3%82%8C%E3%82%8B%E8%A9%B1%EF%BC%8D%5B%E5%B1%B1%E7%8C%AB%E4%BA%AD%E4%B8%AA%E4%BA%BA%E6%B1%89%E5%8C%96%5D
/web/20251005052041/https://www.wnacg.com/photos-view-id-12536456.html
/web/20251005052104/https://www.wnacg.com/photos-view-id-12536453.html
/web/20251005052051/https://www.wnacg.com/photos-view-id-12536443.html
/web/20251005052104/https://www.wnacg.com/photos-view-id-12536441.html
/web/20251005052109/https://www.wnacg.com/photos-view-id-12536457.html
/web/20251005052137/https://www.wnacg.com/photos-view-id-12536455.html
/web/20251005052146/https://www.wnacg.com/photos-view-id-12536472.html
/web/20251005052130/https://www.wnacg.com/photos-view-id-12536466.html
/web/20251005052134/https://www.wnacg.com/photos-view-id-12536447.html
/web/20251005052134/https://www.wnacg.com/photos-view-id-12536479.html
/web/20251005052247/https://www.wnacg.com/photos-view-id-12536460.html
/web/20251005052302/https://www.wnacg.com/photos-view-id-12536436.html
/web/20251005052340/https://www.wnacg.com/photos-view-id-12536430.html
/web/20251005052346/https://www.wnacg.com/photos-view-id-12536446.html
/web/20251005052442/https://www.wnacg.com/photos-view-id-12536464.html
/web/20251005052443/https://www.wnacg.com/photos-view-id-12536459.html
/web/20251005052502/https://www.wnacg.com/photos-view-id-12536434.html
/web/20251005052454/https://www.wnacg.com/photos-view-id-12536439.html
/web/20251005052614/https://www.wnacg.com/photos-view-id-12536474.html
/web/20251005052654/https://www.wnacg.com/photos-view-id-12536467.html
/web/20251005052608/https://www.wnacg.com/photos-view-id-12536451.html
/web/20251005052632/https://www.wnacg.com/photos-view-id-12536433.html
/web/20251005052655/https://www.wnacg.com/photos-view-id-12536468.html
/web/20251005052644/https://www.wnacg.com/photos-view-id-12536438.html
/web/20251005052708/https://www.wnacg.com/photos-view-id-12536478.html
/web/20251005052712/https://www.wnacg.com/photos-view-id-12536437.html
/web/20251005052810/https://www.wnacg.com/photos-view-id-12536454.html
/web/20251005052811/https://www.wnacg.com/photos-view-id-12536429.html
/web/20251005052805/https://www.wnacg.com/photos-view-id-12536448.html
/web/20251005052838/https://www.wnacg.com/photos-view-id-12536470.html
/web/20251005052859/https://www.wnacg.com/photos-view-id-12536449.html
/web/20251005052847/https://www.wnacg.com/photos-view-id-12536452.html
/web/20251005052850/https://www.wnacg.com/photos-view-id-12536458.html
/web/20251005052855/https://www.wnacg.com/photos-view-id-12536480.html
/web/20251005052915/https://www.wnacg.com/photos-view-id-12536450.html
/web/20251005052953/https://www.wnacg.com/photos-view-id-12536435.html
