https://www.wnacg.com/photos-index-aid-142483.html
https://www.wnacg.com/photos-index-page-5-aid-142483.html
https://www.wnacg.com/photos-view-id-12536475.html
https://www.wnacg.com/photos-view-id-12536477.html
https://www.wnacg.com/photos-view-id-12536432.html
https://www.wnacg.com/photos-view-id-12536461.html
https://www.wnacg.com/download-index-aid-142483.html
https://www.wnacg.com/photos-view-id-12536473.html
https://www.wnacg.com/photos-view-id-12536440.html
https://www.wnacg.com/photos-index-page-3-aid-142483.html
https://www.wnacg.com/photos-slide-aid-142483.html
https://www.wnacg.com/photos-view-id-12536471.html
https://www.wnacg.com/photos-view-id-12536442.html
https://www.wnacg.com/photos-view-id-12536465.html
https://www.wnacg.com/photos-index-page-4-aid-142483.html
https://www.wnacg.com/photos-view-id-12536469.html
https://www.wnacg.com/photos-view-id-12536445.html
https://www.wnacg.com/photos-index-page-2-aid-142483.html
https://www.wnacg.com/photos-view-id-12536431.html
https://www.wnacg.com/photos-view-id-12536462.html
https://www.wnacg.com/photos-view-id-12536482.html
https://www.wnacg.com/photos-view-id-12536444.html
https://www.wnacg.com/photos-index-page-1-aid-142483.html
https://v1.wzip.date/down/1425/7c98f304fa3c909884d4b151dccd71bc.zip?n=[KOMOTA%20(KOMOTA)]MILK%20%EF%BC%8D%E3%82%B7%E3%83%A7%E3%82%BF%E6%B7%AB%E9%AD%94%E3%81%8C%E3%81%8A%E5%A7%89%E3%81%95%E3%82%93%E3%81%9F%E3%81%A1%E3%81%AB%E6%8C%9F%E3%81%BE%E3%82%8C%E3%82%8B%E8%A9%B1%EF%BC%8D[%E5%B1%B1%E7%8C%AB%E4%BA%AD%E4%B8%AA%E4%BA%BA%E6%B1%89%E5%8C%96]
https://www.wnacg.com/photos-view-id-12536476.html
https://www.wnacg.com/photos-view-id-12536463.html
https://www.wnacg.com/photos-view-id-12536481.html
https://v1.wzip.download/down/1425/7c98f304fa3c909884d4b151dccd71bc.zip?n=[KOMOTA%20(KOMOTA)]MILK%20%EF%BC%8D%E3%82%B7%E3%83%A7%E3%82%BF%E6%B7%AB%E9%AD%94%E3%81%8C%E3%81%8A%E5%A7%89%E3%81%95%E3%82%93%E3%81%9F%E3%81%A1%E3%81%AB%E6%8C%9F%E3%81%BE%E3%82%8C%E3%82%8B%E8%A9%B1%EF%BC%8D[%E5%B1%B1%E7%8C%AB%E4%BA%AD%E4%B8%AA%E4%BA%BA%E6%B1%89%E5%8C%96]
https://www.wnacg.com/photos-view-id-12536456.html
https://www.wnacg.com/photos-view-id-12536453.html
https://www.wnacg.com/photos-view-id-12536443.html
https://www.wnacg.com/photos-view-id-12536441.html
https://www.wnacg.com/photos-view-id-12536457.html
https://www.wnacg.com/photos-view-id-12536455.html
https://www.wnacg.com/photos-view-id-12536472.html
https://www.wnacg.com/photos-view-id-12536466.html
https://www.wnacg.com/photos-view-id-12536447.html
https://www.wnacg.com/photos-view-id-12536479.html
https://www.wnacg.com/photos-view-id-12536460.html
https://www.wnacg.com/photos-view-id-12536436.html
https://www.wnacg.com/photos-view-id-12536430.html
https://www.wnacg.com/photos-view-id-12536446.html
https://www.wnacg.com/photos-view-id-12536464.html
https://www.wnacg.com/photos-view-id-12536459.html
https://www.wnacg.com/photos-view-id-12536434.html
https://www.wnacg.com/photos-view-id-12536439.html
https://www.wnacg.com/photos-view-id-12536474.html
https://www.wnacg.com/photos-view-id-12536467.html
https://www.wnacg.com/photos-view-id-12536451.html
https://www.wnacg.com/photos-view-id-12536433.html
https://www.wnacg.com/photos-view-id-12536468.html
https://www.wnacg.com/photos-view-id-12536438.html
https://www.wnacg.com/photos-view-id-12536478.html
https://www.wnacg.com/photos-view-id-12536437.html
https://www.wnacg.com/photos-view-id-12536454.html
https://www.wnacg.com/photos-view-id-12536429.html
https://www.wnacg.com/photos-view-id-12536448.html
https://www.wnacg.com/photos-view-id-12536470.html
https://www.wnacg.com/photos-view-id-12536449.html
https://www.wnacg.com/photos-view-id-12536452.html
https://www.wnacg.com/photos-view-id-12536458.html
https://www.wnacg.com/photos-view-id-12536480.html
https://www.wnacg.com/photos-view-id-12536450.html
https://www.wnacg.com/photos-view-id-12536435.html
