/web/20251005075929/https://www.wnacg.com/photos-index-aid-298929.html
/web/20251005075953/https://www.wnacg.com/photos-index-page-8-aid-298929.html
/web/20251005075946/https://www.wnacg.com/photos-index-page-4-aid-298929.html
/web/20251005080007/https://www.wnacg.com/photos-view-id-24802508.html
/web/20251005080000/https://www.wnacg.com/photos-view-id-24802514.html
/web/20251005080022/https://www.wnacg.com/photos-view-id-24802515.html
/web/20251005080048/https://www.wnacg.com/photos-view-id-24802516.html
/web/20251005080014/https://www.wnacg.com/photos-view-id-24802517.html
/web/20251005080120/https://www.wnacg.com/photos-slide-aid-298929.html
/web/20251005080205/https://www.wnacg.com/photos-index-page-5-aid-298929.html
/web/20251005080123/https://www.wnacg.com/photos-index-page-3-aid-298929.html
/web/20251005080206/https://www.wnacg.com/photos-view-id-24802510.html
/web/20251005080212/https://www.wnacg.com/photos-view-id-24802511.html
/web/20251005080227/https://www.wnacg.com/photos-index-page-2-aid-298929.html
/web/20251005080242/https://www.wnacg.com/photos-view-id-24802512.html
/web/20251005080233/https://www.wnacg.com/download-index-aid-298929.html
/web/20251005080238/https://www.wnacg.com/photos-view-id-24802520.html
/web/20251005080334/https://www.wnacg.com/photos-view-id-24802640.html
/web/20251005080327/https://www.wnacg.com/photos-view-id-24802644.html
/web/20251005080439/https://www.wnacg.com/photos-index-page-7-aid-298929.html
/web/20251005080346/https://www.wnacg.com/photos-index-page-1-aid-298929.html
/web/20251005080405/https://www.wnacg.com/photos-view-id-24802642.html
/web/20251005080404/https://www.wnacg.com/photos-index-page-6-aid-298929.html
/web/20251005080533/https://www.wnacg.com/photos-view-id-24802556.html
/web/20251005080506/https://www.wnacg.com/photos-view-id-24802646.html
/web/20251005080506/https://www.wnacg.com/photos-view-id-24802566.html
/web/20251005080534/https://www.wnacg.com/photos-view-id-24802558.html
/web/20251005080503/https://www.wnacg.com/photos-view-id-24802638.html
/web/20251005080529/https://www.wnacg.com/photos-view-id-24802635.html
/web/20251005080458/https://www.wnacg.com/photos-view-id-24802637.html
/web/20251005080601/https://www.wnacg.com/photos-view-id-24802569.html
/web/20251005080611/https://www.wnacg.com/photos-view-id-24802559.html
/web/20251005080645/https://www.wnacg.com/photos-view-id-24802554.html
/web/20251005080650/https://www.wnacg.com/photos-view-id-24802562.html
/web/20251005080603/https://www.wnacg.com/photos-view-id-24802573.html
/web/20251005080718/https://www.wnacg.com/photos-view-id-24802571.html
/web/20251005080717/https://www.wnacg.com/photos-view-id-24802560.html
/web/20251005080734/https://www.wnacg.com/photos-view-id-24802584.html
/web/20251005080804/https://www.wnacg.com/photos-view-id-24802518.html
/web/20251005080757/https://www.wnacg.com/photos-view-id-24802513.html
/web/20251005080827/https://www.wnacg.com/photos-view-id-24802591.html
/web/20251005080829/https://www.wnacg.com/photos-view-id-24802624.html
/web/20251005080842/https://www.wnacg.com/photos-view-id-24802630.html
/web/20251005080912/https://www.wnacg.com/photos-view-id-24802633.html
/web/20251005080836/https://www.wnacg.com/photos-view-id-24802618.html
/web/20251005080947/https://www.wnacg.com/photos-view-id-24802632.html
/web/20251005080940/https://www.wnacg.com/photos-view-id-24802623.html
/web/20251005080940/https://www.wnacg.com/photos-view-id-24802620.html
/web/20251005081021/https://www.wnacg.com/photos-view-id-24802626.html
/web/20251005080850/https://www.wnacg.com/photos-view-id-24802578.html
/web/20251005081020/https://www.wnacg.com/photos-view-id-24802615.html
/web/20251005081003/https://www.wnacg.com/photos-view-id-24802616.html
/web/20251005081049/https://www.wnacg.com/photos-view-id-24802608.html
/web/20251005081105/https://www.wnacg.com/photos-view-id-24802596.html
/web/20251005081106/https://www.wnacg.com/photos-view-id-24802611.html
/web/20251005081131/https://www.wnacg.com/photos-view-id-24802609.html
/web/20251005081137/https://www.wnacg.com/photos-view-id-24802603.html
/web/20251005081204/https://www.wnacg.com/photos-view-id-24802600.html
/web/20251005081231/https://www.wnacg.com/photos-view-id-24802594.html
/web/20251005081246/https://www.wnacg.com/photos-view-id-24802613.html
/web/20251005081219/https://www.wnacg.com/photos-view-id-24802607.html
/web/20251005081211/https://www.wnacg.com/photos-view-id-24802597.html
/web/20251005081312/https://www.wnacg.com/photos-view-id-24802564.html
/web/20251005081328/https://www.wnacg.com/photos-view-id-24802585.html
/web/20251005081344/https://www.wnacg.com/photos-view-id-24802567.html
/web/20251005081217/https://www.wnacg.com/photos-view-id-24802601.html
/web/20251005081335/https://www.wnacg.com/photos-view-id-24802582.html
/web/20251005081427/https://www.wnacg.com/photos-view-id-24802590.html
/web/20251005081448/https://www.wnacg.com/photos-view-id-24802628.html
/web/20251005081432/https://www.wnacg.com/photos-view-id-24802593.html
/web/20251005081510/https://www.wnacg.com/photos-view-id-24802580.html
/web/20251005081516/https://www.wnacg.com/photos-view-id-24802575.html
/web/20251005081457/https://www.wnacg.com/photos-view-id-24802605.html
/web/20251005081436/https://www.wnacg.com/photos-view-id-24802621.html
/web/20251005081540/https://www.wnacg.com/photos-view-id-24802552.html
/web/20251005081547/https://www.wnacg.com/photos-view-id-24802551.html
/web/20251005081743/https://www.wnacg.com/photos-view-id-24802538.html
/web/20251005081758/https://www.wnacg.com/photos-view-id-24802536.html
/web/20251005081802/https://www.wnacg.com/photos-view-id-24802548.html
/web/20251005081820/https://www.wnacg.com/photos-view-id-24802546.html
/web/20251005081811/https://www.wnacg.com/photos-view-id-24802542.html
/web/20251005081825/https://www.wnacg.com/photos-view-id-24802530.html
/web/20251005081853/https://www.wnacg.com/photos-view-id-24802543.html
/web/20251005081910/https://www.wnacg.com/photos-view-id-24802549.html
/web/20251005081924/https://www.wnacg.com/photos-view-id-24802545.html
/web/20251005081925/https://www.wnacg.com/photos-view-id-24802588.html
/web/20251005081959/https://www.wnacg.com/photos-view-id-24802524.html
/web/20251005082013/https://www.wnacg.com/photos-view-id-24802577.html
/web/20251005082014/https://www.wnacg.com/photos-view-id-24802541.html
/web/20251005082028/https://www.wnacg.com/photos-view-id-24802526.html
/web/20251005082109/https://www.wnacg.com/photos-view-id-24802547.html
/web/20251005082123/https://www.wnacg.com/photos-view-id-24802531.html
/web/20251005082109/https://www.wnacg.com/photos-view-id-24802533.html
/web/20251005082130/https://www.wnacg.com/photos-view-id-24802522.html
/web/20251005082106/https://www.wnacg.com/photos-view-id-24802527.html
/web/20251005082116/https://www.wnacg.com/photos-view-id-24802521.html
/web/20251005082124/https://www.wnacg.com/photos-view-id-24802529.html
/web/20251005082208/https://www.wnacg.com/photos-view-id-24802523.html
/web/20251005082229/https://www.wnacg.com/photos-view-id-24802534.html
/web/20251005082230/https://www.wnacg.com/photos-view-id-24802528.html
/web/20251005082316/https://www.wnacg.com/photos-view-id-24802519.html
/web/20251005082240/https://v1.wzip.date/down/2990/69cffca1b40e01ae06f7060e59ff65d9.zip?n=%5B%E3%83%87%E3%82%A3%E3%83%93%E6%9B%B8%E5%BA%97%20(%E3%83%87%E3%82%A3%E3%83%93)%5D%20%E8%91%89%E6%9C%88%E5%85%88%E7%94%9F%E3%81%AE%E7%99%BA%E6%83%85%E6%9C%9F1~2%20%5B%E4%B8%AD%E5%9B%BD%E7%BF%BB%E8%A8%B3%5D
/web/20251005082301/https://v1.wzip.download/down/2990/69cffca1b40e01ae06f7060e59ff65d9.zip?n=%5B%E3%83%87%E3%82%A3%E3%83%93%E6%9B%B8%E5%BA%97%20(%E3%83%87%E3%82%A3%E3%83%93)%5D%20%E8%91%89%E6%9C%88%E5%85%88%E7%94%9F%E3%81%AE%E7%99%BA%E6%83%85%E6%9C%9F1~2%20%5B%E4%B8%AD%E5%9B%BD%E7%BF%BB%E8%A8%B3%5D
