/web/20251005035833/https://www.wnacg.com/photos-index-aid-219501.html
/web/20251005040027/https://www.wnacg.com/photos-slide-aid-219501.html
/web/20251005040012/https://www.wnacg.com/photos-view-id-18654294.html
/web/20251005040152/https://www.wnacg.com/photos-view-id-18654292.html
/web/20251005040141/https://www.wnacg.com/photos-view-id-18654293.html
/web/20251005040144/https://www.wnacg.com/photos-index-page-2-aid-219501.html
/web/20251005040300/https://www.wnacg.com/photos-view-id-18654291.html
/web/20251005040240/https://www.wnacg.com/photos-view-id-18654307.html
/web/20251005040321/https://www.wnacg.com/photos-view-id-18654304.html
/web/20251005040315/https://www.wnacg.com/photos-view-id-18654301.html
/web/20251005040335/https://www.wnacg.com/photos-view-id-18654300.html
/web/20251005040359/https://www.wnacg.com/photos-view-id-18654303.html
/web/20251005040448/https://www.wnacg.com/photos-index-page-1-aid-219501.html
/web/20251005040416/https://www.wnacg.com/photos-view-id-18654289.html
/web/20251005040418/https://www.wnacg.com/photos-view-id-18654296.html
/web/20251005040542/https://www.wnacg.com/photos-view-id-18654302.html
/web/20251005040535/https://www.wnacg.com/photos-view-id-18654306.html
/web/20251005040541/https://www.wnacg.com/photos-view-id-18654298.html
/web/20251005040649/https://www.wnacg.com/photos-view-id-18654309.html
/web/20251005040622/https://www.wnacg.com/photos-view-id-18654287.html
/web/20251005040646/https://www.wnacg.com/photos-view-id-18654308.html
/web/20251005040646/https://www.wnacg.com/photos-view-id-18654288.html
/web/20251005040617/https://www.wnacg.com/photos-view-id-18654295.html
/web/20251005040733/https://www.wnacg.com/photos-view-id-18654305.html
/web/20251005040834/https://www.wnacg.com/photos-view-id-18654299.html
/web/20251005040853/https://www.wnacg.com/download-index-aid-219501.html
/web/20251005041932/https://www.wnacg.com/photos-view-id-18654286.html
/web/20251005041937/https://v1.wzip.date/down/2196/130a00fb6d363396e081f3e257aec343.zip?n=%5B%E7%84%A1%E4%BA%8B%E3%81%93%E3%82%8C%E3%82%A2%E3%83%A1%E3%83%BC%E3%83%90%5D%20%E5%90%B8%E8%A1%80%E9%AC%BC%E3%81%8A%E5%A7%89%E3%81%95%E3%82%93%E3%81%AB%E8%B5%A4%E7%8E%89%E5%87%BA%E3%82%8B%E3%81%BE%E3%81%A7%E6%90%BE%E3%82%8A%E5%8F%96%E3%82%89%E3%82%8C%E3%82%8B%E5%B0%91%E5%B9%B4%E3%81%AE%E8%A9%B1
/web/20251005041945/https://v1.wzip.download/down/2196/130a00fb6d363396e081f3e257aec343.zip?n=%5B%E7%84%A1%E4%BA%8B%E3%81%93%E3%82%8C%E3%82%A2%E3%83%A1%E3%83%BC%E3%83%90%5D%20%E5%90%B8%E8%A1%80%E9%AC%BC%E3%81%8A%E5%A7%89%E3%81%95%E3%82%93%E3%81%AB%E8%B5%A4%E7%8E%89%E5%87%BA%E3%82%8B%E3%81%BE%E3%81%A7%E6%90%BE%E3%82%8A%E5%8F%96%E3%82%89%E3%82%8C%E3%82%8B%E5%B0%91%E5%B9%B4%E3%81%AE%E8%A9%B1
