/web/20251006105036/https://www.wnacg.com/photos-index-aid-318194.html
/web/20251006105055/https://www.wnacg.com/photos-view-id-26706242.html
/web/20251006105104/https://www.wnacg.com/photos-view-id-26706241.html
/web/20251006105125/https://www.wnacg.com/photos-view-id-26706240.html
/web/20251006105114/https://www.wnacg.com/photos-index-page-3-aid-318194.html
/web/20251006105134/https://www.wnacg.com/photos-view-id-26706237.html
/web/20251006105226/https://www.wnacg.com/photos-view-id-26706235.html
/web/20251006105217/https://www.wnacg.com/photos-slide-aid-318194.html
/web/20251006105238/https://www.wnacg.com/download-index-aid-318194.html
/web/20251006105239/https://www.wnacg.com/photos-view-id-26706239.html
/web/20251006105302/https://www.wnacg.com/photos-view-id-26706236.html
/web/20251006105346/https://www.wnacg.com/photos-view-id-26706238.html
/web/20251006105349/https://www.wnacg.com/photos-view-id-26706234.html
/web/20251006105359/https://www.wnacg.com/photos-view-id-26706243.html
/web/20251006105409/https://www.wnacg.com/photos-view-id-26706245.html
/web/20251006105423/https://www.wnacg.com/photos-index-page-4-aid-318194.html
/web/20251006105448/https://www.wnacg.com/photos-view-id-26706244.html
/web/20251006105450/https://www.wnacg.com/photos-index-page-2-aid-318194.html
/web/20251006105509/https://www.wnacg.com/photos-view-id-26706259.html
/web/20251006105530/https://www.wnacg.com/photos-view-id-26706266.html
/web/20251006105550/https://www.wnacg.com/photos-view-id-26706265.html
/web/20251006105519/https://www.wnacg.com/photos-view-id-26706268.html
/web/20251006105603/https://www.wnacg.com/photos-view-id-26706262.html
/web/20251006105619/https://www.wnacg.com/photos-index-page-1-aid-318194.html
/web/20251006105540/https://www.wnacg.com/photos-view-id-26706264.html
/web/20251006105611/https://www.wnacg.com/photos-view-id-26706261.html
/web/20251006105642/https://www.wnacg.com/photos-view-id-26706263.html
/web/20251006105710/https://www.wnacg.com/photos-view-id-26706258.html
/web/20251006105711/https://www.wnacg.com/photos-view-id-26706269.html
/web/20251006105727/https://www.wnacg.com/photos-view-id-26706260.html
/web/20251006105710/https://www.wnacg.com/photos-view-id-26706267.html
/web/20251006105803/https://www.wnacg.com/photos-view-id-26706271.html
/web/20251006105753/https://v1.wzip.date/down/3182/1f3e69514da08d0d1b1c247c3b7289b6.zip?n=%5BNOSEBLEED%20(%E5%AE%AE%E5%85%83%E4%B8%80%E4%BD%90)%5D%20%E9%BB%92%E3%82%AE%E3%83%A3%E3%83%AB%E3%83%A1%E3%82%A4%E3%83%89%E6%B7%AB%E9%AD%94%E3%80%81%E3%81%94%E3%81%97%E3%82%85%E3%82%92%E5%96%B0%E3%81%86%E3%80%824%20%5B%E4%B8%AD%E5%9B%BD%E7%BF%BB%E8%A8%B3%5D%20%5BDL%E7%89%88%5D
/web/20251006105813/https://www.wnacg.com/photos-view-id-26706246.html
/web/20251006105754/https://v1.wzip.download/down/3182/1f3e69514da08d0d1b1c247c3b7289b6.zip?n=%5BNOSEBLEED%20(%E5%AE%AE%E5%85%83%E4%B8%80%E4%BD%90)%5D%20%E9%BB%92%E3%82%AE%E3%83%A3%E3%83%AB%E3%83%A1%E3%82%A4%E3%83%89%E6%B7%AB%E9%AD%94%E3%80%81%E3%81%94%E3%81%97%E3%82%85%E3%82%92%E5%96%B0%E3%81%86%E3%80%824%20%5B%E4%B8%AD%E5%9B%BD%E7%BF%BB%E8%A8%B3%5D%20%5BDL%E7%89%88%5D
/web/20251006105904/https://www.wnacg.com/photos-view-id-26706256.html
/web/20251006105905/https://www.wnacg.com/photos-view-id-26706270.html
/web/20251006105906/https://www.wnacg.com/photos-view-id-26706252.html
/web/20251006105914/https://www.wnacg.com/photos-view-id-26706254.html
/web/20251006105915/https://www.wnacg.com/photos-view-id-26706251.html
/web/20251006105935/https://www.wnacg.com/photos-view-id-26706257.html
/web/20251006110008/https://www.wnacg.com/photos-view-id-26706255.html
/web/20251006110027/https://www.wnacg.com/photos-view-id-26706249.html
/web/20251006110018/https://www.wnacg.com/photos-view-id-26706253.html
/web/20251006110051/https://www.wnacg.com/photos-view-id-26706250.html
/web/20251006110009/https://www.wnacg.com/photos-view-id-26706248.html
/web/20251006110044/https://www.wnacg.com/photos-view-id-26706247.html
