/web/20251007070853/https://www.wnacg.ru/search/?q=%E3%82%AC%E3%83%BC%E3%83%AB%E3%82%BA%E3%83%95%E3%82%A9%E3%83%BC%E3%83%A0&f=_all&s=create_time_DESC&syn=yes
/web/20251007071008/https://www.wnacg.ru/search/index.php?q=%E6%90%BE%E7%B2%BE&m=&syn=yes&f=_all&s=create_time_DESC&p=6
/web/20251007071031/https://www.wnacg.ru/search/index.php?q=%E3%83%9E%E3%83%9E&f=_all&s=create_time_DESC
/web/20251007071041/https://www.wnacg.ru/search/index.php?q=%E3%82%AC%E3%83%BC%E3%83%AB%E3%82%BA%E3%83%95%E3%82%A9%E3%83%BC%E3%83%A0&m=&syn=yes&f=_all&s=create_time_DESC&p=3
/web/20251007071100/https://www.wnacg.ru/search/index.php?q=%E3%82%AC%E3%83%BC%E3%83%AB%E3%82%BA%E3%83%95%E3%82%A9%E3%83%BC%E3%83%A0&m=&syn=yes&f=_all&s=create_time_DESC&p=5
/web/20251007071112/https://www.wnacg.ru/search/index.php?q=%E3%83%AD%E3%83%AA&f=_all&s=create_time_DESC
/web/20251007071050/https://www.wnacg.ru/search/index.php?q=%E3%82%AC%E3%83%BC%E3%83%AB%E3%82%BA%E3%83%95%E3%82%A9%E3%83%BC%E3%83%A0&m=&syn=yes&f=_all&s=create_time_DESC&p=2
/web/20251007071148/https://www.wnacg.ru/search/index.php?q=%E3%82%AC%E3%83%BC%E3%83%AB%E3%82%BA%E3%83%95%E3%82%A9%E3%83%BC%E3%83%A0&m=&syn=yes&f=_all&s=create_time_DESC&p=4
/web/20251007071216/https://www.wnacg.ru/search/index.php?q=%E6%90%BE%E7%B2%BE&m=&syn=yes&f=_all&s=create_time_DESC&p=4
/web/20251007071202/https://www.wnacg.ru/search/index.php?q=%E6%90%BE%E7%B2%BE&m=&syn=yes&f=_all&s=create_time_DESC&p=8
/web/20251007071245/https://www.wnacg.ru/search/index.php?q=%E6%90%BE%E7%B2%BE&m=&syn=yes&f=_all&s=create_time_DESC&p=1
/web/20251007071245/https://www.wnacg.ru/search/index.php?q=%E6%90%BE%E7%B2%BE&m=&syn=yes&f=_all&s=create_time_DESC&p=7
/web/20251007071155/https://www.wnacg.ru/search/index.php?q=%E6%90%BE%E7%B2%BE&m=&syn=yes&f=_all&s=create_time_DESC&p=9
/web/20251007071305/https://www.wnacg.ru/search/index.php?q=%E6%90%BE%E7%B2%BE&m=&syn=yes&f=_all&s=create_time_DESC&p=5
/web/20251007071312/https://www.wnacg.ru/search/index.php?q=%E6%90%BE%E7%B2%BE&m=&syn=yes&f=_all&s=create_time_DESC&p=10
/web/20251007071255/https://www.wnacg.ru/search/index.php?q=%E6%90%BE%E7%B2%BE&m=&syn=yes&f=_all&s=create_time_DESC&p=2
/web/20251007071527/https://www.wnacg.ru/search/index.php?q=%E3%83%9E%E3%83%9E&m=&syn=yes&f=_all&s=create_time_DESC&p=4
/web/20251007071538/https://www.wnacg.ru/search/index.php?q=%E3%83%9E%E3%83%9E&m=&syn=yes&f=_all&s=create_time_DESC&p=10
/web/20251007071545/https://www.wnacg.ru/search/index.php?q=%E3%83%9E%E3%83%9E&m=&syn=yes&f=_all&s=create_time_DESC&p=7
/web/20251007071555/https://www.wnacg.ru/search/index.php?q=%E3%83%9E%E3%83%9E&m=&syn=yes&f=_all&s=create_time_DESC&p=6
/web/20251007071617/https://www.wnacg.ru/search/index.php?q=%E3%83%9E%E3%83%9E&m=&syn=yes&f=_all&s=create_time_DESC&p=3
/web/20251007071635/https://www.wnacg.ru/search/index.php?q=%E3%83%9E%E3%83%9E&m=&syn=yes&f=_all&s=create_time_DESC&p=9
/web/20251007071647/https://www.wnacg.ru/search/index.php?q=%E3%82%AC%E3%83%BC%E3%83%AB%E3%82%BA%E3%83%95%E3%82%A9%E3%83%BC%E3%83%A0&m=&syn=yes&f=_all&s=create_time_DESC&p=6
/web/20251007071658/https://www.wnacg.ru/search/index.php?q=%E3%82%AC%E3%83%BC%E3%83%AB%E3%82%BA%E3%83%95%E3%82%A9%E3%83%BC%E3%83%A0&m=&syn=yes&f=_all&s=create_time_DESC&p=1
/web/20251007071758/https://www.wnacg.ru/search/index.php?q=%E3%83%AD%E3%83%AA&m=&syn=yes&f=_all&s=create_time_DESC&p=5
/web/20251007071740/https://www.wnacg.ru/search/index.php?q=%E3%83%A1%E3%82%B9&f=_all&s=create_time_DESC
/web/20251007071800/https://www.wnacg.ru/search/index.php?q=%E3%83%AD%E3%83%AA&m=&syn=yes&f=_all&s=create_time_DESC&p=4
/web/20251007071801/https://www.wnacg.ru/search/index.php?q=%E3%83%9E%E3%83%9E&m=&syn=yes&f=_all&s=create_time_DESC&p=5
/web/20251007071846/https://www.wnacg.ru/search/index.php?q=%E3%83%AD%E3%83%AA&m=&syn=yes&f=_all&s=create_time_DESC&p=10
/web/20251007071914/https://www.wnacg.ru/search/index.php?q=%E3%83%AD%E3%83%AA&m=&syn=yes&f=_all&s=create_time_DESC&p=8
/web/20251007071921/https://www.wnacg.ru/search/index.php?q=%E3%83%AD%E3%83%AA&m=&syn=yes&f=_all&s=create_time_DESC&p=9
/web/20251007071924/https://www.wnacg.ru/search/index.php?q=%E3%83%AD%E3%83%AA&m=&syn=yes&f=_all&s=create_time_DESC&p=6
/web/20251007071916/https://www.wnacg.ru/search/index.php?q=%E3%83%AD%E3%83%AA&m=&syn=yes&f=_all&s=create_time_DESC&p=2
/web/20251007071911/https://www.wnacg.ru/search/index.php?q=%E3%83%AD%E3%83%AA&m=&syn=yes&f=_all&s=create_time_DESC&p=7
/web/20251007071952/https://www.wnacg.ru/search/index.php?q=%E6%90%BE%E7%B2%BE&m=&syn=yes&f=_all&s=create_time_DESC&p=3
/web/20251007072040/https://www.wnacg.ru/search/index.php?q=%E3%83%9E%E3%83%9E&m=&syn=yes&f=_all&s=create_time_DESC&p=2
/web/20251007072035/https://www.wnacg.ru/search/index.php?q=%E6%90%BE%E7%B2%BE&m=&syn=yes&f=_all&s=create_time_DESC&p=12
/web/20251007072028/https://www.wnacg.ru/search/index.php?q=%E3%83%9E%E3%83%9E&m=&syn=yes&f=_all&s=create_time_DESC&p=1
/web/20251007072108/https://www.wnacg.ru/search/index.php?q=%E3%83%9E%E3%83%9E&m=&syn=yes&f=_all&s=create_time_DESC&p=8
/web/20251007072120/https://www.wnacg.ru/search/index.php?q=%E3%83%9E%E3%83%9E&m=&syn=yes&f=_all&s=create_time_DESC&p=14
/web/20251007072130/https://www.wnacg.ru/search/index.php?q=%E3%83%9E%E3%83%9E&m=&syn=yes&f=_all&s=create_time_DESC&p=13
/web/20251007072140/https://www.wnacg.ru/search/index.php?q=%E3%83%9E%E3%83%9E&m=&syn=yes&f=_all&s=create_time_DESC&p=12
/web/20251007072110/https://www.wnacg.ru/search/index.php?q=%E3%83%9E%E3%83%9E&m=&syn=yes&f=_all&s=create_time_DESC&p=11
/web/20251007072210/https://www.wnacg.ru/search/index.php?q=%E3%83%AD%E3%83%AA&m=&syn=yes&f=_all&s=create_time_DESC&p=3
/web/20251007072222/https://www.wnacg.ru/search/index.php?q=%E3%83%A1%E3%82%B9&m=&syn=yes&f=_all&s=create_time_DESC&p=3
/web/20251007072242/https://www.wnacg.ru/search/index.php?q=%E3%83%A1%E3%82%B9&m=&syn=yes&f=_all&s=create_time_DESC&p=10
/web/20251007072213/https://www.wnacg.ru/search/index.php?q=%E3%83%AD%E3%83%AA&m=&syn=yes&f=_all&s=create_time_DESC&p=1
/web/20251007072324/https://www.wnacg.ru/search/index.php?q=%E3%83%A1%E3%82%B9&m=&syn=yes&f=_all&s=create_time_DESC&p=2
/web/20251007072330/https://www.wnacg.ru/search/index.php?q=%E3%83%A1%E3%82%B9&m=&syn=yes&f=_all&s=create_time_DESC&p=6
/web/20251007072341/https://www.wnacg.ru/search/index.php?q=%E3%83%A1%E3%82%B9&m=&syn=yes&f=_all&s=create_time_DESC&p=8
/web/20251007072415/https://www.wnacg.ru/search/index.php?q=%E3%83%A1%E3%82%B9&m=&syn=yes&f=_all&s=create_time_DESC&p=7
/web/20251007072430/https://www.wnacg.ru/search/index.php?q=%E3%83%A1%E3%82%B9&m=&syn=yes&f=_all&s=create_time_DESC&p=5
/web/20251007072433/https://www.wnacg.ru/search/index.php?q=%E3%83%A1%E3%82%B9&m=&syn=yes&f=_all&s=create_time_DESC&p=4
/web/20251007072452/https://www.wnacg.ru/search/index.php?q=%E3%83%AD%E3%83%AA&m=&syn=yes&f=_all&s=create_time_DESC&p=12
/web/20251007072443/https://www.wnacg.ru/search/index.php?q=%E3%83%AD%E3%83%AA&m=&syn=yes&f=_all&s=create_time_DESC&p=14
/web/20251007072532/https://www.wnacg.ru/search/index.php?q=%E3%83%AD%E3%83%AA&m=&syn=yes&f=_all&s=create_time_DESC&p=13
/web/20251007072554/https://www.wnacg.ru/search/index.php?q=%E6%90%BE%E7%B2%BE&m=&syn=yes&f=_all&s=create_time_DESC&p=16
/web/20251007072502/https://www.wnacg.ru/search/index.php?q=%E3%83%AD%E3%83%AA&m=&syn=yes&f=_all&s=create_time_DESC&p=11
/web/20251007072604/https://www.wnacg.ru/search/index.php?q=%E3%83%9E%E3%83%9E&m=&syn=yes&f=_all&s=create_time_DESC&p=15
/web/20251007072538/https://www.wnacg.ru/search/index.php?q=%E6%90%BE%E7%B2%BE&m=&syn=yes&f=_all&s=create_time_DESC&p=11
/web/20251007072656/https://www.wnacg.ru/search/index.php?q=%E3%83%9E%E3%83%9E&m=&syn=yes&f=_all&s=create_time_DESC&p=16
/web/20251007072657/https://www.wnacg.ru/search/index.php?q=%E3%83%9E%E3%83%9E&m=&syn=yes&f=_all&s=create_time_DESC&p=18
/web/20251007072715/https://www.wnacg.ru/search/index.php?q=%E6%90%BE%E7%B2%BE&m=&syn=yes&f=_all&s=create_time_DESC&p=15
/web/20251007072712/https://www.wnacg.ru/search/index.php?q=%E3%83%9E%E3%83%9E&m=&syn=yes&f=_all&s=create_time_DESC&p=17
/web/20251007072742/https://www.wnacg.ru/search/index.php?q=%E3%83%A1%E3%82%B9&m=&syn=yes&f=_all&s=create_time_DESC&p=9
/web/20251007072837/https://www.wnacg.ru/search/index.php?q=%E3%83%A1%E3%82%B9&m=&syn=yes&f=_all&s=create_time_DESC&p=11
/web/20251007072810/https://www.wnacg.ru/search/index.php?q=%E3%83%A1%E3%82%B9&m=&syn=yes&f=_all&s=create_time_DESC&p=12
/web/20251007072813/https://www.wnacg.ru/search/index.php?q=%E3%83%A1%E3%82%B9&m=&syn=yes&f=_all&s=create_time_DESC&p=1
/web/20251007072914/https://www.wnacg.ru/search/index.php?q=%E3%83%AD%E3%83%AA&m=&syn=yes&f=_all&s=create_time_DESC&p=15
/web/20251007072925/https://www.wnacg.ru/search/index.php?q=%E3%83%A1%E3%82%B9&m=&syn=yes&f=_all&s=create_time_DESC&p=14
/web/20251007072955/https://www.wnacg.ru/search/index.php?q=%E6%90%BE%E7%B2%BE&m=&syn=yes&f=_all&s=create_time_DESC&p=14
/web/20251007073009/https://www.wnacg.ru/search/index.php?q=%E3%83%AD%E3%83%AA&m=&syn=yes&f=_all&s=create_time_DESC&p=16
/web/20251007072924/https://www.wnacg.ru/search/index.php?q=%E3%83%AD%E3%83%AA&m=&syn=yes&f=_all&s=create_time_DESC&p=18
/web/20251007073019/https://www.wnacg.ru/search/index.php?q=%E6%90%BE%E7%B2%BE&m=&syn=yes&f=_all&s=create_time_DESC&p=13
/web/20251007072914/https://www.wnacg.ru/search/index.php?q=%E3%83%AD%E3%83%AA&m=&syn=yes&f=_all&s=create_time_DESC&p=17
/web/20251007073114/https://www.wnacg.ru/search/index.php?q=%E6%90%BE%E7%B2%BE&m=&syn=yes&f=_all&s=create_time_DESC&p=17
/web/20251007073124/https://www.wnacg.ru/search/index.php?q=%E6%90%BE%E7%B2%BE&m=&syn=yes&f=_all&s=create_time_DESC&p=19
/web/20251007073133/https://www.wnacg.ru/search/index.php?q=%E3%83%9E%E3%83%9E&m=&syn=yes&f=_all&s=create_time_DESC&p=19
/web/20251007073206/https://www.wnacg.ru/search/index.php?q=%E3%83%9E%E3%83%9E&m=&syn=yes&f=_all&s=create_time_DESC&p=21
/web/20251007073216/https://www.wnacg.ru/search/index.php?q=%E3%83%9E%E3%83%9E&m=&syn=yes&f=_all&s=create_time_DESC&p=22
/web/20251007073210/https://www.wnacg.ru/search/index.php?q=%E6%90%BE%E7%B2%BE&m=&syn=yes&f=_all&s=create_time_DESC&p=20
/web/20251007073203/https://www.wnacg.ru/search/index.php?q=%E3%83%9E%E3%83%9E&m=&syn=yes&f=_all&s=create_time_DESC&p=20
/web/20251007073226/https://www.wnacg.ru/search/index.php?q=%E6%90%BE%E7%B2%BE&m=&syn=yes&f=_all&s=create_time_DESC&p=18
/web/20251007073306/https://www.wnacg.ru/search/index.php?q=%E3%83%A1%E3%82%B9&m=&syn=yes&f=_all&s=create_time_DESC&p=13
/web/20251007073316/https://www.wnacg.ru/search/index.php?q=%E3%83%A1%E3%82%B9&m=&syn=yes&f=_all&s=create_time_DESC&p=15
/web/20251007073325/https://www.wnacg.ru/search/index.php?q=%E3%83%A1%E3%82%B9&m=&syn=yes&f=_all&s=create_time_DESC&p=16
/web/20251007073331/https://www.wnacg.ru/search/index.php?q=%E3%83%AD%E3%83%AA&m=&syn=yes&f=_all&s=create_time_DESC&p=19
/web/20251007073342/https://www.wnacg.ru/search/index.php?q=%E3%83%A1%E3%82%B9&m=&syn=yes&f=_all&s=create_time_DESC&p=18
/web/20251007073424/https://www.wnacg.ru/search/index.php?q=%E3%83%AD%E3%83%AA&m=&syn=yes&f=_all&s=create_time_DESC&p=21
/web/20251007073410/https://www.wnacg.ru/search/index.php?q=%E3%83%A1%E3%82%B9&m=&syn=yes&f=_all&s=create_time_DESC&p=17
/web/20251007073427/https://www.wnacg.ru/search/index.php?q=%E3%83%AD%E3%83%AA&m=&syn=yes&f=_all&s=create_time_DESC&p=20
/web/20251007073445/https://www.wnacg.ru/search/index.php?q=%E3%83%AD%E3%83%AA&m=&syn=yes&f=_all&s=create_time_DESC&p=22
/web/20251007073523/https://www.wnacg.ru/search/index.php?q=%E6%90%BE%E7%B2%BE&m=&syn=yes&f=_all&s=create_time_DESC&p=21
/web/20251007073525/https://www.wnacg.ru/search/index.php?q=%E6%90%BE%E7%B2%BE&m=&syn=yes&f=_all&s=create_time_DESC&p=22
/web/20251007073535/https://www.wnacg.ru/search/index.php?q=%E6%90%BE%E7%B2%BE&m=&syn=yes&f=_all&s=create_time_DESC&p=23
/web/20251007073607/https://www.wnacg.ru/search/index.php?q=%E3%83%9E%E3%83%9E&m=&syn=yes&f=_all&s=create_time_DESC&p=25
/web/20251007073616/https://www.wnacg.ru/search/index.php?q=%E3%83%9E%E3%83%9E&m=&syn=yes&f=_all&s=create_time_DESC&p=24
/web/20251007073658/https://www.wnacg.ru/search/index.php?q=%E3%83%9E%E3%83%9E&m=&syn=yes&f=_all&s=create_time_DESC&p=26
/web/20251007073727/https://www.wnacg.ru/search/index.php?q=%E3%83%9E%E3%83%9E&m=&syn=yes&f=_all&s=create_time_DESC&p=23
/web/20251007073738/https://www.wnacg.ru/search/index.php?q=%E3%83%AD%E3%83%AA&m=&syn=yes&f=_all&s=create_time_DESC&p=23
/web/20251007073717/https://www.wnacg.ru/search/index.php?q=%E3%83%A1%E3%82%B9&m=&syn=yes&f=_all&s=create_time_DESC&p=20
/web/20251007073750/https://www.wnacg.ru/search/index.php?q=%E3%83%A1%E3%82%B9&m=&syn=yes&f=_all&s=create_time_DESC&p=21
/web/20251007073801/https://www.wnacg.ru/search/index.php?q=%E3%83%A1%E3%82%B9&m=&syn=yes&f=_all&s=create_time_DESC&p=22
/web/20251007073821/https://www.wnacg.ru/search/index.php?q=%E6%90%BE%E7%B2%BE&m=&syn=yes&f=_all&s=create_time_DESC&p=24
/web/20251007073851/https://www.wnacg.ru/search/index.php?q=%E3%83%AD%E3%83%AA&m=&syn=yes&f=_all&s=create_time_DESC&p=24
/web/20251007073921/https://www.wnacg.ru/search/index.php?q=%E3%83%A1%E3%82%B9&m=&syn=yes&f=_all&s=create_time_DESC&p=19
/web/20251007073904/https://www.wnacg.ru/search/index.php?q=%E3%83%AD%E3%83%AA&m=&syn=yes&f=_all&s=create_time_DESC&p=26
/web/20251007073958/https://www.wnacg.ru/search/index.php?q=%E3%83%AD%E3%83%AA&m=&syn=yes&f=_all&s=create_time_DESC&p=25
/web/20251007074021/https://www.wnacg.ru/search/index.php?q=%E6%90%BE%E7%B2%BE&m=&syn=yes&f=_all&s=create_time_DESC&p=25
/web/20251007074028/https://www.wnacg.ru/search/index.php?q=%E6%90%BE%E7%B2%BE&m=&syn=yes&f=_all&s=create_time_DESC&p=26
/web/20251007074038/https://www.wnacg.ru/search/index.php?q=%E3%83%9E%E3%83%9E&m=&syn=yes&f=_all&s=create_time_DESC&p=27
/web/20251007074120/https://www.wnacg.ru/search/index.php?q=%E3%83%AD%E3%83%AA&m=&syn=yes&f=_all&s=create_time_DESC&p=27
/web/20251007074129/https://www.wnacg.ru/search/index.php?q=%E3%83%9E%E3%83%9E&m=&syn=yes&f=_all&s=create_time_DESC&p=28
/web/20251007074129/https://www.wnacg.ru/search/index.php?q=%E3%83%A1%E3%82%B9&m=&syn=yes&f=_all&s=create_time_DESC&p=24
/web/20251007074058/https://www.wnacg.ru/search/index.php?q=%E3%83%9E%E3%83%9E&m=&syn=yes&f=_all&s=create_time_DESC&p=29
/web/20251007074108/https://www.wnacg.ru/search/index.php?q=%E3%83%9E%E3%83%9E&m=&syn=yes&f=_all&s=create_time_DESC&p=30
/web/20251007074200/https://www.wnacg.ru/search/index.php?q=%E3%83%A1%E3%82%B9&m=&syn=yes&f=_all&s=create_time_DESC&p=26
/web/20251007074158/https://www.wnacg.ru/search/index.php?q=%E3%83%A1%E3%82%B9&m=&syn=yes&f=_all&s=create_time_DESC&p=25
/web/20251007074240/https://www.wnacg.ru/search/index.php?q=%E6%90%BE%E7%B2%BE&m=&syn=yes&f=_all&s=create_time_DESC&p=28
/web/20251007074240/https://www.wnacg.ru/search/index.php?q=%E3%83%A1%E3%82%B9&m=&syn=yes&f=_all&s=create_time_DESC&p=23
/web/20251007074243/https://www.wnacg.ru/search/index.php?q=%E3%83%AD%E3%83%AA&m=&syn=yes&f=_all&s=create_time_DESC&p=28
/web/20251007074315/https://www.wnacg.ru/search/index.php?q=%E3%83%AD%E3%83%AA&m=&syn=yes&f=_all&s=create_time_DESC&p=29
/web/20251007074313/https://www.wnacg.ru/search/index.php?q=%E3%83%AD%E3%83%AA&m=&syn=yes&f=_all&s=create_time_DESC&p=30
/web/20251007074403/https://www.wnacg.ru/search/index.php?q=%E6%90%BE%E7%B2%BE&m=&syn=yes&f=_all&s=create_time_DESC&p=29
/web/20251007074417/https://www.wnacg.ru/search/index.php?q=%E6%90%BE%E7%B2%BE&m=&syn=yes&f=_all&s=create_time_DESC&p=27
/web/20251007074425/https://www.wnacg.ru/search/index.php?q=%E6%90%BE%E7%B2%BE&m=&syn=yes&f=_all&s=create_time_DESC&p=30
/web/20251007074433/https://www.wnacg.ru/search/index.php?q=%E3%83%9E%E3%83%9E&m=&syn=yes&f=_all&s=create_time_DESC&p=31
/web/20251007074452/https://www.wnacg.ru/search/index.php?q=%E3%83%AD%E3%83%AA&m=&syn=yes&f=_all&s=create_time_DESC&p=31
/web/20251007074514/https://www.wnacg.ru/search/index.php?q=%E3%83%9E%E3%83%9E&m=&syn=yes&f=_all&s=create_time_DESC&p=32
/web/20251007074515/https://www.wnacg.ru/search/index.php?q=%E3%83%A1%E3%82%B9&m=&syn=yes&f=_all&s=create_time_DESC&p=27
/web/20251007074526/https://www.wnacg.ru/search/index.php?q=%E3%83%A1%E3%82%B9&m=&syn=yes&f=_all&s=create_time_DESC&p=28
/web/20251007074546/https://www.wnacg.ru/search/index.php?q=%E3%83%9E%E3%83%9E&m=&syn=yes&f=_all&s=create_time_DESC&p=33
/web/20251007074537/https://www.wnacg.ru/search/index.php?q=%E3%83%9E%E3%83%9E&m=&syn=yes&f=_all&s=create_time_DESC&p=34
/web/20251007074626/https://www.wnacg.ru/search/index.php?q=%E3%83%A1%E3%82%B9&m=&syn=yes&f=_all&s=create_time_DESC&p=30
/web/20251007074636/https://www.wnacg.ru/search/index.php?q=%E6%90%BE%E7%B2%BE&m=&syn=yes&f=_all&s=create_time_DESC&p=32
/web/20251007074647/https://www.wnacg.ru/search/index.php?q=%E3%83%AD%E3%83%AA&m=&syn=yes&f=_all&s=create_time_DESC&p=32
/web/20251007074631/https://www.wnacg.ru/search/index.php?q=%E3%83%A1%E3%82%B9&m=&syn=yes&f=_all&s=create_time_DESC&p=29
/web/20251007074738/https://www.wnacg.ru/search/index.php?q=%E3%83%AD%E3%83%AA&m=&syn=yes&f=_all&s=create_time_DESC&p=33
/web/20251007074805/https://www.wnacg.ru/search/index.php?q=%E3%83%AD%E3%83%AA&m=&syn=yes&f=_all&s=create_time_DESC&p=34
/web/20251007074911/https://www.wnacg.ru/search/index.php?q=%E6%90%BE%E7%B2%BE&m=&syn=yes&f=_all&s=create_time_DESC&p=31
/web/20251007074912/https://www.wnacg.ru/search/index.php?q=%E6%90%BE%E7%B2%BE&m=&syn=yes&f=_all&s=create_time_DESC&p=33
/web/20251007074917/https://www.wnacg.ru/search/index.php?q=%E6%90%BE%E7%B2%BE&m=&syn=yes&f=_all&s=create_time_DESC&p=34
/web/20251007075000/https://www.wnacg.ru/search/index.php?q=%E3%83%A1%E3%82%B9&m=&syn=yes&f=_all&s=create_time_DESC&p=31
/web/20251007074941/https://www.wnacg.ru/search/index.php?q=%E3%83%9E%E3%83%9E&m=&syn=yes&f=_all&s=create_time_DESC&p=35
/web/20251007075006/https://www.wnacg.ru/search/index.php?q=%E3%83%AD%E3%83%AA&m=&syn=yes&f=_all&s=create_time_DESC&p=35
/web/20251007075103/https://www.wnacg.ru/search/index.php?q=%E3%83%9E%E3%83%9E&m=&syn=yes&f=_all&s=create_time_DESC&p=37
/web/20251007075133/https://www.wnacg.ru/search/index.php?q=%E3%83%9E%E3%83%9E&m=&syn=yes&f=_all&s=create_time_DESC&p=36
/web/20251007075115/https://www.wnacg.ru/search/index.php?q=%E3%83%A1%E3%82%B9&m=&syn=yes&f=_all&s=create_time_DESC&p=34
/web/20251007075102/https://www.wnacg.ru/search/index.php?q=%E3%83%9E%E3%83%9E&m=&syn=yes&f=_all&s=create_time_DESC&p=38
/web/20251007075140/https://www.wnacg.ru/search/index.php?q=%E6%90%BE%E7%B2%BE&m=&syn=yes&f=_all&s=create_time_DESC&p=35
/web/20251007075036/https://www.wnacg.ru/search/index.php?q=%E3%83%A1%E3%82%B9&m=&syn=yes&f=_all&s=create_time_DESC&p=32
/web/20251007075112/https://www.wnacg.ru/search/index.php?q=%E3%83%A1%E3%82%B9&m=&syn=yes&f=_all&s=create_time_DESC&p=33
/web/20251007075200/https://www.wnacg.ru/search/index.php?q=%E3%83%AD%E3%83%AA&m=&syn=yes&f=_all&s=create_time_DESC&p=36
/web/20251007075224/https://www.wnacg.ru/search/index.php?q=%E3%83%AD%E3%83%AA&m=&syn=yes&f=_all&s=create_time_DESC&p=38
/web/20251007075235/https://www.wnacg.ru/search/index.php?q=%E3%83%AD%E3%83%AA&m=&syn=yes&f=_all&s=create_time_DESC&p=37
/web/20251007075342/https://www.wnacg.ru/search/index.php?q=%E3%83%AD%E3%83%AA&m=&syn=yes&f=_all&s=create_time_DESC&p=39
/web/20251007075342/https://www.wnacg.ru/search/index.php?q=%E3%83%9E%E3%83%9E&m=&syn=yes&f=_all&s=create_time_DESC&p=40
/web/20251007075352/https://www.wnacg.ru/search/index.php?q=%E3%83%9E%E3%83%9E&m=&syn=yes&f=_all&s=create_time_DESC&p=41
/web/20251007075427/https://www.wnacg.ru/search/index.php?q=%E3%83%9E%E3%83%9E&m=&syn=yes&f=_all&s=create_time_DESC&p=39
/web/20251007075352/https://www.wnacg.ru/search/index.php?q=%E3%83%A1%E3%82%B9&m=&syn=yes&f=_all&s=create_time_DESC&p=35
/web/20251007075442/https://www.wnacg.ru/search/index.php?q=%E3%83%A1%E3%82%B9&m=&syn=yes&f=_all&s=create_time_DESC&p=37
/web/20251007075454/https://www.wnacg.ru/search/index.php?q=%E3%83%9E%E3%83%9E&m=&syn=yes&f=_all&s=create_time_DESC&p=42
/web/20251007075536/https://www.wnacg.ru/search/index.php?q=%E3%83%AD%E3%83%AA&m=&syn=yes&f=_all&s=create_time_DESC&p=41
/web/20251007075609/https://www.wnacg.ru/search/index.php?q=%E3%83%A1%E3%82%B9&m=&syn=yes&f=_all&s=create_time_DESC&p=38
/web/20251007075628/https://www.wnacg.ru/search/index.php?q=%E3%83%A1%E3%82%B9&m=&syn=yes&f=_all&s=create_time_DESC&p=36
/web/20251007075654/https://www.wnacg.ru/search/index.php?q=%E3%83%AD%E3%83%AA&m=&syn=yes&f=_all&s=create_time_DESC&p=42
/web/20251007075702/https://www.wnacg.ru/search/index.php?q=%E3%83%AD%E3%83%AA&m=&syn=yes&f=_all&s=create_time_DESC&p=40
/web/20251007075743/https://www.wnacg.ru/search/index.php?q=%E3%83%9E%E3%83%9E&m=&syn=yes&f=_all&s=create_time_DESC&p=43
/web/20251007075745/https://www.wnacg.ru/search/index.php?q=%E3%83%9E%E3%83%9E&m=&syn=yes&f=_all&s=create_time_DESC&p=44
/web/20251007075815/https://www.wnacg.ru/search/index.php?q=%E3%83%A1%E3%82%B9&m=&syn=yes&f=_all&s=create_time_DESC&p=41
/web/20251007075844/https://www.wnacg.ru/search/index.php?q=%E3%83%9E%E3%83%9E&m=&syn=yes&f=_all&s=create_time_DESC&p=45
/web/20251007075825/https://www.wnacg.ru/search/index.php?q=%E3%83%A1%E3%82%B9&m=&syn=yes&f=_all&s=create_time_DESC&p=40
/web/20251007075907/https://www.wnacg.ru/search/index.php?q=%E3%83%AD%E3%83%AA&m=&syn=yes&f=_all&s=create_time_DESC&p=44
/web/20251007075911/https://www.wnacg.ru/search/index.php?q=%E3%83%AD%E3%83%AA&m=&syn=yes&f=_all&s=create_time_DESC&p=43
/web/20251007075926/https://www.wnacg.ru/search/index.php?q=%E3%83%AD%E3%83%AA&m=&syn=yes&f=_all&s=create_time_DESC&p=45
/web/20251007075857/https://www.wnacg.ru/search/index.php?q=%E3%83%A1%E3%82%B9&m=&syn=yes&f=_all&s=create_time_DESC&p=39
/web/20251007080003/https://www.wnacg.ru/search/index.php?q=%E3%83%9E%E3%83%9E&m=&syn=yes&f=_all&s=create_time_DESC&p=46
/web/20251007080009/https://www.wnacg.ru/search/index.php?q=%E3%83%A1%E3%82%B9&m=&syn=yes&f=_all&s=create_time_DESC&p=42
/web/20251007080010/https://www.wnacg.ru/search/index.php?q=%E3%83%AD%E3%83%AA&m=&syn=yes&f=_all&s=create_time_DESC&p=46
/web/20251007080100/https://www.wnacg.ru/search/index.php?q=%E3%83%9E%E3%83%9E&m=&syn=yes&f=_all&s=create_time_DESC&p=48
/web/20251007080102/https://www.wnacg.ru/search/index.php?q=%E3%83%A1%E3%82%B9&m=&syn=yes&f=_all&s=create_time_DESC&p=43
/web/20251007080112/https://www.wnacg.ru/search/index.php?q=%E3%83%A1%E3%82%B9&m=&syn=yes&f=_all&s=create_time_DESC&p=44
/web/20251007080121/https://www.wnacg.ru/search/index.php?q=%E3%83%A1%E3%82%B9&m=&syn=yes&f=_all&s=create_time_DESC&p=45
/web/20251007080150/https://www.wnacg.ru/search/index.php?q=%E3%83%9E%E3%83%9E&m=&syn=yes&f=_all&s=create_time_DESC&p=47
/web/20251007080215/https://www.wnacg.ru/search/index.php?q=%E3%83%AD%E3%83%AA&m=&syn=yes&f=_all&s=create_time_DESC&p=47
/web/20251007080212/https://www.wnacg.ru/search/index.php?q=%E3%83%9E%E3%83%9E&m=&syn=yes&f=_all&s=create_time_DESC&p=49
/web/20251007080224/https://www.wnacg.ru/search/index.php?q=%E3%83%AD%E3%83%AA&m=&syn=yes&f=_all&s=create_time_DESC&p=48
/web/20251007080235/https://www.wnacg.ru/search/index.php?q=%E3%83%AD%E3%83%AA&m=&syn=yes&f=_all&s=create_time_DESC&p=49
/web/20251007080244/https://www.wnacg.ru/search/index.php?q=%E3%83%9E%E3%83%9E&m=&syn=yes&f=_all&s=create_time_DESC&p=50
/web/20251007080323/https://www.wnacg.ru/search/index.php?q=%E3%83%A1%E3%82%B9&m=&syn=yes&f=_all&s=create_time_DESC&p=46
/web/20251007080341/https://www.wnacg.ru/search/index.php?q=%E3%83%9E%E3%83%9E&m=&syn=yes&f=_all&s=create_time_DESC&p=51
/web/20251007080350/https://www.wnacg.ru/search/index.php?q=%E3%83%A1%E3%82%B9&m=&syn=yes&f=_all&s=create_time_DESC&p=47
/web/20251007080401/https://www.wnacg.ru/search/index.php?q=%E3%83%A1%E3%82%B9&m=&syn=yes&f=_all&s=create_time_DESC&p=48
/web/20251007080421/https://www.wnacg.ru/search/index.php?q=%E3%83%AD%E3%83%AA&m=&syn=yes&f=_all&s=create_time_DESC&p=50
/web/20251007080410/https://www.wnacg.ru/search/index.php?q=%E3%83%A1%E3%82%B9&m=&syn=yes&f=_all&s=create_time_DESC&p=49
/web/20251007080454/https://www.wnacg.ru/search/index.php?q=%E3%83%9E%E3%83%9E&m=&syn=yes&f=_all&s=create_time_DESC&p=52
/web/20251007080453/https://www.wnacg.ru/search/index.php?q=%E3%83%9E%E3%83%9E&m=&syn=yes&f=_all&s=create_time_DESC&p=53
/web/20251007080505/https://www.wnacg.ru/search/index.php?q=%E3%83%AD%E3%83%AA&m=&syn=yes&f=_all&s=create_time_DESC&p=52
/web/20251007080534/https://www.wnacg.ru/search/index.php?q=%E3%83%AD%E3%83%AA&m=&syn=yes&f=_all&s=create_time_DESC&p=53
/web/20251007080545/https://www.wnacg.ru/search/index.php?q=%E3%83%9E%E3%83%9E&m=&syn=yes&f=_all&s=create_time_DESC&p=54
/web/20251007080533/https://www.wnacg.ru/search/index.php?q=%E3%83%AD%E3%83%AA&m=&syn=yes&f=_all&s=create_time_DESC&p=51
/web/20251007080621/https://www.wnacg.ru/search/index.php?q=%E3%83%A1%E3%82%B9&m=&syn=yes&f=_all&s=create_time_DESC&p=50
/web/20251007080650/https://www.wnacg.ru/search/index.php?q=%E3%83%A1%E3%82%B9&m=&syn=yes&f=_all&s=create_time_DESC&p=51
/web/20251007080650/https://www.wnacg.ru/search/index.php?q=%E3%83%9E%E3%83%9E&m=&syn=yes&f=_all&s=create_time_DESC&p=55
/web/20251007080706/https://www.wnacg.ru/search/index.php?q=%E3%83%AD%E3%83%AA&m=&syn=yes&f=_all&s=create_time_DESC&p=54
/web/20251007080725/https://www.wnacg.ru/search/index.php?q=%E3%83%A1%E3%82%B9&m=&syn=yes&f=_all&s=create_time_DESC&p=53
/web/20251007080720/https://www.wnacg.ru/search/index.php?q=%E3%83%A1%E3%82%B9&m=&syn=yes&f=_all&s=create_time_DESC&p=52
/web/20251007080818/https://www.wnacg.ru/search/index.php?q=%E3%83%9E%E3%83%9E&m=&syn=yes&f=_all&s=create_time_DESC&p=56
/web/20251007080822/https://www.wnacg.ru/search/index.php?q=%E3%83%AD%E3%83%AA&m=&syn=yes&f=_all&s=create_time_DESC&p=55
/web/20251007080842/https://www.wnacg.ru/search/index.php?q=%E3%83%9E%E3%83%9E&m=&syn=yes&f=_all&s=create_time_DESC&p=57
/web/20251007080902/https://www.wnacg.ru/search/index.php?q=%E3%83%AD%E3%83%AA&m=&syn=yes&f=_all&s=create_time_DESC&p=57
/web/20251007080832/https://www.wnacg.ru/search/index.php?q=%E3%83%AD%E3%83%AA&m=&syn=yes&f=_all&s=create_time_DESC&p=56
/web/20251007080924/https://www.wnacg.ru/search/index.php?q=%E3%83%9E%E3%83%9E&m=&syn=yes&f=_all&s=create_time_DESC&p=58
/web/20251007080931/https://www.wnacg.ru/search/index.php?q=%E3%83%A1%E3%82%B9&m=&syn=yes&f=_all&s=create_time_DESC&p=54
/web/20251007081004/https://www.wnacg.ru/search/index.php?q=%E3%83%A1%E3%82%B9&m=&syn=yes&f=_all&s=create_time_DESC&p=55
/web/20251007081024/https://www.wnacg.ru/search/index.php?q=%E3%83%AD%E3%83%AA&m=&syn=yes&f=_all&s=create_time_DESC&p=58
/web/20251007081014/https://www.wnacg.ru/search/index.php?q=%E3%83%9E%E3%83%9E&m=&syn=yes&f=_all&s=create_time_DESC&p=59
/web/20251007081114/https://www.wnacg.ru/search/index.php?q=%E3%83%9E%E3%83%9E&m=&syn=yes&f=_all&s=create_time_DESC&p=60
/web/20251007081116/https://www.wnacg.ru/search/index.php?q=%E3%83%AD%E3%83%AA&m=&syn=yes&f=_all&s=create_time_DESC&p=59
/web/20251007081148/https://www.wnacg.ru/search/index.php?q=%E3%83%A1%E3%82%B9&m=&syn=yes&f=_all&s=create_time_DESC&p=57
/web/20251007081135/https://www.wnacg.ru/search/index.php?q=%E3%83%A1%E3%82%B9&m=&syn=yes&f=_all&s=create_time_DESC&p=56
/web/20251007081146/https://www.wnacg.ru/search/index.php?q=%E3%83%9E%E3%83%9E&m=&syn=yes&f=_all&s=create_time_DESC&p=61
/web/20251007081221/https://www.wnacg.ru/search/index.php?q=%E3%83%9E%E3%83%9E&m=&syn=yes&f=_all&s=create_time_DESC&p=62
/web/20251007081256/https://www.wnacg.ru/search/index.php?q=%E3%83%A1%E3%82%B9&m=&syn=yes&f=_all&s=create_time_DESC&p=58
/web/20251007081311/https://www.wnacg.ru/search/index.php?q=%E3%83%AD%E3%83%AA&m=&syn=yes&f=_all&s=create_time_DESC&p=60
/web/20251007081330/https://www.wnacg.ru/search/index.php?q=%E3%83%A1%E3%82%B9&m=&syn=yes&f=_all&s=create_time_DESC&p=59
/web/20251007081340/https://www.wnacg.ru/search/index.php?q=%E3%83%AD%E3%83%AA&m=&syn=yes&f=_all&s=create_time_DESC&p=61
/web/20251007081410/https://www.wnacg.ru/search/index.php?q=%E3%83%A1%E3%82%B9&m=&syn=yes&f=_all&s=create_time_DESC&p=60
/web/20251007081420/https://www.wnacg.ru/search/index.php?q=%E3%83%A1%E3%82%B9&m=&syn=yes&f=_all&s=create_time_DESC&p=61
/web/20251007081444/https://www.wnacg.ru/search/index.php?q=%E3%83%9E%E3%83%9E&m=&syn=yes&f=_all&s=create_time_DESC&p=63
/web/20251007081432/https://www.wnacg.ru/search/index.php?q=%E3%83%9E%E3%83%9E&m=&syn=yes&f=_all&s=create_time_DESC&p=65
/web/20251007081500/https://www.wnacg.ru/search/index.php?q=%E3%83%9E%E3%83%9E&m=&syn=yes&f=_all&s=create_time_DESC&p=66
/web/20251007081451/https://www.wnacg.ru/search/index.php?q=%E3%83%9E%E3%83%9E&m=&syn=yes&f=_all&s=create_time_DESC&p=64
/web/20251007081530/https://www.wnacg.ru/search/index.php?q=%E3%83%A1%E3%82%B9&m=&syn=yes&f=_all&s=create_time_DESC&p=63
/web/20251007081539/https://www.wnacg.ru/search/index.php?q=%E3%83%A1%E3%82%B9&m=&syn=yes&f=_all&s=create_time_DESC&p=62
/web/20251007081549/https://www.wnacg.ru/search/index.php?q=%E3%83%A1%E3%82%B9&m=&syn=yes&f=_all&s=create_time_DESC&p=64
/web/20251007081559/https://www.wnacg.ru/search/index.php?q=%E3%83%A1%E3%82%B9&m=&syn=yes&f=_all&s=create_time_DESC&p=65
/web/20251007081609/https://www.wnacg.ru/search/index.php?q=%E3%83%9E%E3%83%9E&m=&syn=yes&f=_all&s=create_time_DESC&p=67
/web/20251007081639/https://www.wnacg.ru/search/index.php?q=%E3%83%9E%E3%83%9E&m=&syn=yes&f=_all&s=create_time_DESC&p=69
/web/20251007081644/https://www.wnacg.ru/search/index.php?q=%E3%83%9E%E3%83%9E&m=&syn=yes&f=_all&s=create_time_DESC&p=70
/web/20251007081652/https://www.wnacg.ru/search/index.php?q=%E3%83%9E%E3%83%9E&m=&syn=yes&f=_all&s=create_time_DESC&p=68
/web/20251007081716/https://www.wnacg.ru/search/index.php?q=%E3%83%A1%E3%82%B9&m=&syn=yes&f=_all&s=create_time_DESC&p=66
/web/20251007081724/https://www.wnacg.ru/search/index.php?q=%E3%83%A1%E3%82%B9&m=&syn=yes&f=_all&s=create_time_DESC&p=67
/web/20251007081752/https://www.wnacg.ru/search/index.php?q=%E3%83%A1%E3%82%B9&m=&syn=yes&f=_all&s=create_time_DESC&p=68
/web/20251007081755/https://www.wnacg.ru/search/index.php?q=%E3%83%A1%E3%82%B9&m=&syn=yes&f=_all&s=create_time_DESC&p=69
/web/20251007081803/https://www.wnacg.ru/search/index.php?q=%E3%83%9E%E3%83%9E&m=&syn=yes&f=_all&s=create_time_DESC&p=71
/web/20251007081839/https://www.wnacg.ru/search/index.php?q=%E3%83%9E%E3%83%9E&m=&syn=yes&f=_all&s=create_time_DESC&p=73
/web/20251007081906/https://www.wnacg.ru/search/index.php?q=%E3%83%9E%E3%83%9E&m=&syn=yes&f=_all&s=create_time_DESC&p=74
/web/20251007081910/https://www.wnacg.ru/search/index.php?q=%E3%83%9E%E3%83%9E&m=&syn=yes&f=_all&s=create_time_DESC&p=72
/web/20251007081936/https://www.wnacg.ru/search/index.php?q=%E3%83%A1%E3%82%B9&m=&syn=yes&f=_all&s=create_time_DESC&p=70
/web/20251007081940/https://www.wnacg.ru/search/index.php?q=%E3%83%A1%E3%82%B9&m=&syn=yes&f=_all&s=create_time_DESC&p=71
/web/20251007081950/https://www.wnacg.ru/search/index.php?q=%E3%83%A1%E3%82%B9&m=&syn=yes&f=_all&s=create_time_DESC&p=72
/web/20251007082020/https://www.wnacg.ru/search/index.php?q=%E3%83%A1%E3%82%B9&m=&syn=yes&f=_all&s=create_time_DESC&p=73
/web/20251007082032/https://www.wnacg.ru/search/index.php?q=%E3%83%9E%E3%83%9E&m=&syn=yes&f=_all&s=create_time_DESC&p=77
/web/20251007082043/https://www.wnacg.ru/search/index.php?q=%E3%83%9E%E3%83%9E&m=&syn=yes&f=_all&s=create_time_DESC&p=76
/web/20251007082147/https://www.wnacg.ru/search/index.php?q=%E3%83%9E%E3%83%9E&m=&syn=yes&f=_all&s=create_time_DESC&p=75
/web/20251007082224/https://www.wnacg.ru/search/index.php?q=%E3%83%A1%E3%82%B9&m=&syn=yes&f=_all&s=create_time_DESC&p=76
/web/20251007082240/https://www.wnacg.ru/search/index.php?q=%E3%83%9E%E3%83%9E&m=&syn=yes&f=_all&s=create_time_DESC&p=78
/web/20251007082323/https://www.wnacg.ru/search/index.php?q=%E3%83%A1%E3%82%B9&m=&syn=yes&f=_all&s=create_time_DESC&p=74
/web/20251007082329/https://www.wnacg.ru/search/index.php?q=%E3%83%9E%E3%83%9E&m=&syn=yes&f=_all&s=create_time_DESC&p=80
/web/20251007082324/https://www.wnacg.ru/search/index.php?q=%E3%83%9E%E3%83%9E&m=&syn=yes&f=_all&s=create_time_DESC&p=81
/web/20251007082336/https://www.wnacg.ru/search/index.php?q=%E3%83%A1%E3%82%B9&m=&syn=yes&f=_all&s=create_time_DESC&p=75
/web/20251007082412/https://www.wnacg.ru/search/index.php?q=%E3%83%9E%E3%83%9E&m=&syn=yes&f=_all&s=create_time_DESC&p=79
/web/20251007082442/https://www.wnacg.ru/search/index.php?q=%E3%83%A1%E3%82%B9&m=&syn=yes&f=_all&s=create_time_DESC&p=80
/web/20251007082457/https://www.wnacg.ru/search/index.php?q=%E3%83%A1%E3%82%B9&m=&syn=yes&f=_all&s=create_time_DESC&p=77
/web/20251007082514/https://www.wnacg.ru/search/index.php?q=%E3%83%A1%E3%82%B9&m=&syn=yes&f=_all&s=create_time_DESC&p=78
/web/20251007082547/https://www.wnacg.ru/search/index.php?q=%E3%83%9E%E3%83%9E&m=&syn=yes&f=_all&s=create_time_DESC&p=83
/web/20251007082530/https://www.wnacg.ru/search/index.php?q=%E3%83%A1%E3%82%B9&m=&syn=yes&f=_all&s=create_time_DESC&p=79
/web/20251007082600/https://www.wnacg.ru/search/index.php?q=%E3%83%9E%E3%83%9E&m=&syn=yes&f=_all&s=create_time_DESC&p=84
/web/20251007082606/https://www.wnacg.ru/search/index.php?q=%E3%83%9E%E3%83%9E&m=&syn=yes&f=_all&s=create_time_DESC&p=85
/web/20251007082624/https://www.wnacg.ru/search/index.php?q=%E3%83%9E%E3%83%9E&m=&syn=yes&f=_all&s=create_time_DESC&p=82
/web/20251007082641/https://www.wnacg.ru/search/index.php?q=%E3%83%A1%E3%82%B9&m=&syn=yes&f=_all&s=create_time_DESC&p=84
/web/20251007082711/https://www.wnacg.ru/search/index.php?q=%E3%83%A1%E3%82%B9&m=&syn=yes&f=_all&s=create_time_DESC&p=83
/web/20251007082732/https://www.wnacg.ru/search/index.php?q=%E3%83%9E%E3%83%9E&m=&syn=yes&f=_all&s=create_time_DESC&p=86
/web/20251007082702/https://www.wnacg.ru/search/index.php?q=%E3%83%A1%E3%82%B9&m=&syn=yes&f=_all&s=create_time_DESC&p=81
/web/20251007082811/https://www.wnacg.ru/search/index.php?q=%E3%83%9E%E3%83%9E&m=&syn=yes&f=_all&s=create_time_DESC&p=89
/web/20251007082751/https://www.wnacg.ru/search/index.php?q=%E3%83%A1%E3%82%B9&m=&syn=yes&f=_all&s=create_time_DESC&p=82
/web/20251007082741/https://www.wnacg.ru/search/index.php?q=%E3%83%9E%E3%83%9E&m=&syn=yes&f=_all&s=create_time_DESC&p=88
/web/20251007082825/https://www.wnacg.ru/search/index.php?q=%E3%83%9E%E3%83%9E&m=&syn=yes&f=_all&s=create_time_DESC&p=87
/web/20251007082845/https://www.wnacg.ru/search/index.php?q=%E3%83%A1%E3%82%B9&m=&syn=yes&f=_all&s=create_time_DESC&p=87
/web/20251007082855/https://www.wnacg.ru/search/index.php?q=%E3%83%A1%E3%82%B9&m=&syn=yes&f=_all&s=create_time_DESC&p=88
/web/20251007082906/https://www.wnacg.ru/search/index.php?q=%E3%83%A1%E3%82%B9&m=&syn=yes&f=_all&s=create_time_DESC&p=85
/web/20251007082936/https://www.wnacg.ru/search/index.php?q=%E3%83%9E%E3%83%9E&m=&syn=yes&f=_all&s=create_time_DESC&p=92
/web/20251007082924/https://www.wnacg.ru/search/index.php?q=%E3%83%A1%E3%82%B9&m=&syn=yes&f=_all&s=create_time_DESC&p=86
/web/20251007082925/https://www.wnacg.ru/search/index.php?q=%E3%83%9E%E3%83%9E&m=&syn=yes&f=_all&s=create_time_DESC&p=90
/web/20251007083019/https://www.wnacg.ru/search/index.php?q=%E3%83%9E%E3%83%9E&m=&syn=yes&f=_all&s=create_time_DESC&p=91
/web/20251007083036/https://www.wnacg.ru/search/index.php?q=%E3%83%A1%E3%82%B9&m=&syn=yes&f=_all&s=create_time_DESC&p=91
/web/20251007083052/https://www.wnacg.ru/search/index.php?q=%E3%83%A1%E3%82%B9&m=&syn=yes&f=_all&s=create_time_DESC&p=90
/web/20251007083106/https://www.wnacg.ru/search/index.php?q=%E3%83%9E%E3%83%9E&m=&syn=yes&f=_all&s=create_time_DESC&p=93
/web/20251007083117/https://www.wnacg.ru/search/index.php?q=%E3%83%9E%E3%83%9E&m=&syn=yes&f=_all&s=create_time_DESC&p=94
/web/20251007083056/https://www.wnacg.ru/search/index.php?q=%E3%83%A1%E3%82%B9&m=&syn=yes&f=_all&s=create_time_DESC&p=89
/web/20251007083149/https://www.wnacg.ru/search/index.php?q=%E3%83%9E%E3%83%9E&m=&syn=yes&f=_all&s=create_time_DESC&p=95
/web/20251007083149/https://www.wnacg.ru/search/index.php?q=%E3%83%9E%E3%83%9E&m=&syn=yes&f=_all&s=create_time_DESC&p=96
/web/20251007083211/https://www.wnacg.ru/search/index.php?q=%E3%83%A1%E3%82%B9&m=&syn=yes&f=_all&s=create_time_DESC&p=95
/web/20251007083229/https://www.wnacg.ru/search/index.php?q=%E3%83%A1%E3%82%B9&m=&syn=yes&f=_all&s=create_time_DESC&p=92
/web/20251007083301/https://www.wnacg.ru/search/index.php?q=%E3%83%9E%E3%83%9E&m=&syn=yes&f=_all&s=create_time_DESC&p=97
/web/20251007083321/https://www.wnacg.ru/search/index.php?q=%E3%83%9E%E3%83%9E&m=&syn=yes&f=_all&s=create_time_DESC&p=99
/web/20251007083259/https://www.wnacg.ru/search/index.php?q=%E3%83%A1%E3%82%B9&m=&syn=yes&f=_all&s=create_time_DESC&p=93
/web/20251007083322/https://www.wnacg.ru/search/index.php?q=%E3%83%A1%E3%82%B9&m=&syn=yes&f=_all&s=create_time_DESC&p=94
/web/20251007083311/https://www.wnacg.ru/search/index.php?q=%E3%83%9E%E3%83%9E&m=&syn=yes&f=_all&s=create_time_DESC&p=98
/web/20251007083331/https://www.wnacg.ru/search/index.php?q=%E3%83%9E%E3%83%9E&m=&syn=yes&f=_all&s=create_time_DESC&p=100
/web/20251007083417/https://www.wnacg.ru/search/index.php?q=%E3%83%A1%E3%82%B9&m=&syn=yes&f=_all&s=create_time_DESC&p=96
/web/20251007083427/https://www.wnacg.ru/search/index.php?q=%E3%83%A1%E3%82%B9&m=&syn=yes&f=_all&s=create_time_DESC&p=99
/web/20251007083439/https://www.wnacg.ru/search/index.php?q=%E3%83%A1%E3%82%B9&m=&syn=yes&f=_all&s=create_time_DESC&p=97
/web/20251007083457/https://www.wnacg.ru/search/index.php?q=%E3%83%9E%E3%83%9E&m=&syn=yes&f=_all&s=create_time_DESC&p=103
/web/20251007083448/https://www.wnacg.ru/search/index.php?q=%E3%83%9E%E3%83%9E&m=&syn=yes&f=_all&s=create_time_DESC&p=102
/web/20251007083527/https://www.wnacg.ru/search/index.php?q=%E3%83%9E%E3%83%9E&m=&syn=yes&f=_all&s=create_time_DESC&p=101
/web/20251007083529/https://www.wnacg.ru/search/index.php?q=%E3%83%A1%E3%82%B9&m=&syn=yes&f=_all&s=create_time_DESC&p=98
/web/20251007083539/https://www.wnacg.ru/search/index.php?q=%E3%83%9E%E3%83%9E&m=&syn=yes&f=_all&s=create_time_DESC&p=104
/web/20251007083558/https://www.wnacg.ru/search/index.php?q=%E3%83%A1%E3%82%B9&m=&syn=yes&f=_all&s=create_time_DESC&p=100
/web/20251007083639/https://www.wnacg.ru/search/index.php?q=%E3%83%A1%E3%82%B9&m=&syn=yes&f=_all&s=create_time_DESC&p=101
/web/20251007083641/https://www.wnacg.ru/search/index.php?q=%E3%83%A1%E3%82%B9&m=&syn=yes&f=_all&s=create_time_DESC&p=103
/web/20251007083713/https://www.wnacg.ru/search/index.php?q=%E3%83%9E%E3%83%9E&m=&syn=yes&f=_all&s=create_time_DESC&p=106
/web/20251007083724/https://www.wnacg.ru/search/index.php?q=%E3%83%A1%E3%82%B9&m=&syn=yes&f=_all&s=create_time_DESC&p=102
/web/20251007083701/https://www.wnacg.ru/search/index.php?q=%E3%83%9E%E3%83%9E&m=&syn=yes&f=_all&s=create_time_DESC&p=105
/web/20251007083741/https://www.wnacg.ru/search/index.php?q=%E3%83%9E%E3%83%9E&m=&syn=yes&f=_all&s=create_time_DESC&p=108
/web/20251007083709/https://www.wnacg.ru/search/index.php?q=%E3%83%9E%E3%83%9E&m=&syn=yes&f=_all&s=create_time_DESC&p=107
/web/20251007083803/https://www.wnacg.ru/search/index.php?q=%E3%83%A1%E3%82%B9&m=&syn=yes&f=_all&s=create_time_DESC&p=105
/web/20251007083815/https://www.wnacg.ru/search/index.php?q=%E3%83%A1%E3%82%B9&m=&syn=yes&f=_all&s=create_time_DESC&p=104
/web/20251007083843/https://www.wnacg.ru/search/index.php?q=%E3%83%9E%E3%83%9E&m=&syn=yes&f=_all&s=create_time_DESC&p=110
/web/20251007083833/https://www.wnacg.ru/search/index.php?q=%E3%83%9E%E3%83%9E&m=&syn=yes&f=_all&s=create_time_DESC&p=109
/web/20251007083827/https://www.wnacg.ru/search/index.php?q=%E3%83%A1%E3%82%B9&m=&syn=yes&f=_all&s=create_time_DESC&p=106
/web/20251007083903/https://www.wnacg.ru/search/index.php?q=%E3%83%9E%E3%83%9E&m=&syn=yes&f=_all&s=create_time_DESC&p=111
/web/20251007083853/https://www.wnacg.ru/search/index.php?q=%E3%83%9E%E3%83%9E&m=&syn=yes&f=_all&s=create_time_DESC&p=112
/web/20251007083939/https://www.wnacg.ru/search/index.php?q=%E3%83%9E%E3%83%9E&m=&syn=yes&f=_all&s=create_time_DESC&p=113
/web/20251007083952/https://www.wnacg.ru/search/index.php?q=%E3%83%9E%E3%83%9E&m=&syn=yes&f=_all&s=create_time_DESC&p=114
/web/20251007083959/https://www.wnacg.ru/search/index.php?q=%E3%83%9E%E3%83%9E&m=&syn=yes&f=_all&s=create_time_DESC&p=115
/web/20251007084009/https://www.wnacg.ru/search/index.php?q=%E3%83%9E%E3%83%9E&m=&syn=yes&f=_all&s=create_time_DESC&p=116
/web/20251007084029/https://www.wnacg.ru/search/index.php?q=%E3%83%9E%E3%83%9E&m=&syn=yes&f=_all&s=create_time_DESC&p=117
/web/20251007084038/https://www.wnacg.ru/search/index.php?q=%E3%83%9E%E3%83%9E&m=&syn=yes&f=_all&s=create_time_DESC&p=118
/web/20251007084109/https://www.wnacg.ru/search/index.php?q=%E3%83%9E%E3%83%9E&m=&syn=yes&f=_all&s=create_time_DESC&p=120
/web/20251007084110/https://www.wnacg.ru/search/index.php?q=%E3%83%9E%E3%83%9E&m=&syn=yes&f=_all&s=create_time_DESC&p=119
/web/20251007084130/https://www.wnacg.ru/search/index.php?q=%E3%83%9E%E3%83%9E&m=&syn=yes&f=_all&s=create_time_DESC&p=121
/web/20251007084150/https://www.wnacg.ru/search/index.php?q=%E3%83%9E%E3%83%9E&m=&syn=yes&f=_all&s=create_time_DESC&p=124
/web/20251007084146/https://www.wnacg.ru/search/index.php?q=%E3%83%9E%E3%83%9E&m=&syn=yes&f=_all&s=create_time_DESC&p=122
/web/20251007084227/https://www.wnacg.ru/search/index.php?q=%E3%83%9E%E3%83%9E&m=&syn=yes&f=_all&s=create_time_DESC&p=123
/web/20251007084246/https://www.wnacg.ru/search/index.php?q=%E3%83%9E%E3%83%9E&m=&syn=yes&f=_all&s=create_time_DESC&p=125
/web/20251007084307/https://www.wnacg.ru/search/index.php?q=%E3%83%9E%E3%83%9E&m=&syn=yes&f=_all&s=create_time_DESC&p=128
/web/20251007084257/https://www.wnacg.ru/search/index.php?q=%E3%83%9E%E3%83%9E&m=&syn=yes&f=_all&s=create_time_DESC&p=127
/web/20251007084317/https://www.wnacg.ru/search/index.php?q=%E3%83%9E%E3%83%9E&m=&syn=yes&f=_all&s=create_time_DESC&p=126
/web/20251007084401/https://www.wnacg.ru/search/index.php?q=%E3%83%9E%E3%83%9E&m=&syn=yes&f=_all&s=create_time_DESC&p=131
/web/20251007084417/https://www.wnacg.ru/search/index.php?q=%E3%83%9E%E3%83%9E&m=&syn=yes&f=_all&s=create_time_DESC&p=130
/web/20251007084430/https://www.wnacg.ru/search/index.php?q=%E3%83%9E%E3%83%9E&m=&syn=yes&f=_all&s=create_time_DESC&p=132
/web/20251007084350/https://www.wnacg.ru/search/index.php?q=%E3%83%9E%E3%83%9E&m=&syn=yes&f=_all&s=create_time_DESC&p=129
/web/20251007084508/https://www.wnacg.ru/search/index.php?q=%E3%83%9E%E3%83%9E&m=&syn=yes&f=_all&s=create_time_DESC&p=134
/web/20251007084518/https://www.wnacg.ru/search/index.php?q=%E3%83%9E%E3%83%9E&m=&syn=yes&f=_all&s=create_time_DESC&p=135
/web/20251007084529/https://www.wnacg.ru/search/index.php?q=%E3%83%9E%E3%83%9E&m=&syn=yes&f=_all&s=create_time_DESC&p=133
/web/20251007084537/https://www.wnacg.ru/search/index.php?q=%E3%83%9E%E3%83%9E&m=&syn=yes&f=_all&s=create_time_DESC&p=136
/web/20251007084635/https://www.wnacg.ru/search/index.php?q=%E3%83%9E%E3%83%9E&m=&syn=yes&f=_all&s=create_time_DESC&p=138
/web/20251007084644/https://www.wnacg.ru/search/index.php?q=%E3%83%9E%E3%83%9E&m=&syn=yes&f=_all&s=create_time_DESC&p=137
/web/20251007084655/https://www.wnacg.ru/search/index.php?q=%E3%83%9E%E3%83%9E&m=&syn=yes&f=_all&s=create_time_DESC&p=139
/web/20251007084709/https://www.wnacg.ru/search/index.php?q=%E3%83%9E%E3%83%9E&m=&syn=yes&f=_all&s=create_time_DESC&p=140
/web/20251007084730/https://www.wnacg.ru/search/index.php?q=%E3%83%9E%E3%83%9E&m=&syn=yes&f=_all&s=create_time_DESC&p=142
/web/20251007084740/https://www.wnacg.ru/search/index.php?q=%E3%83%9E%E3%83%9E&m=&syn=yes&f=_all&s=create_time_DESC&p=141
/web/20251007084811/https://www.wnacg.ru/search/index.php?q=%E3%83%9E%E3%83%9E&m=&syn=yes&f=_all&s=create_time_DESC&p=144
/web/20251007084837/https://www.wnacg.ru/search/index.php?q=%E3%83%9E%E3%83%9E&m=&syn=yes&f=_all&s=create_time_DESC&p=146
/web/20251007084847/https://www.wnacg.ru/search/index.php?q=%E3%83%9E%E3%83%9E&m=&syn=yes&f=_all&s=create_time_DESC&p=143
/web/20251007084857/https://www.wnacg.ru/search/index.php?q=%E3%83%9E%E3%83%9E&m=&syn=yes&f=_all&s=create_time_DESC&p=145
/web/20251007084907/https://www.wnacg.ru/search/index.php?q=%E3%83%9E%E3%83%9E&m=&syn=yes&f=_all&s=create_time_DESC&p=147
/web/20251007085027/https://www.wnacg.ru/search/index.php?q=%E3%83%9E%E3%83%9E&m=&syn=yes&f=_all&s=create_time_DESC&p=148
/web/20251007085056/https://www.wnacg.ru/search/index.php?q=%E3%83%9E%E3%83%9E&m=&syn=yes&f=_all&s=create_time_DESC&p=149
/web/20251007085115/https://www.wnacg.ru/search/index.php?q=%E3%83%9E%E3%83%9E&m=&syn=yes&f=_all&s=create_time_DESC&p=152
/web/20251007085125/https://www.wnacg.ru/search/index.php?q=%E3%83%9E%E3%83%9E&m=&syn=yes&f=_all&s=create_time_DESC&p=151
/web/20251007085108/https://www.wnacg.ru/search/index.php?q=%E3%83%9E%E3%83%9E&m=&syn=yes&f=_all&s=create_time_DESC&p=150
/web/20251007085156/https://www.wnacg.ru/search/index.php?q=%E3%83%9E%E3%83%9E&m=&syn=yes&f=_all&s=create_time_DESC&p=153
/web/20251007085206/https://www.wnacg.ru/search/index.php?q=%E3%83%9E%E3%83%9E&m=&syn=yes&f=_all&s=create_time_DESC&p=154
/web/20251007085216/https://www.wnacg.ru/search/index.php?q=%E3%83%9E%E3%83%9E&m=&syn=yes&f=_all&s=create_time_DESC&p=156
/web/20251007085227/https://www.wnacg.ru/search/index.php?q=%E3%83%9E%E3%83%9E&m=&syn=yes&f=_all&s=create_time_DESC&p=155
/web/20251007085306/https://www.wnacg.ru/search/index.php?q=%E3%83%9E%E3%83%9E&m=&syn=yes&f=_all&s=create_time_DESC&p=157
/web/20251007085309/https://www.wnacg.ru/search/index.php?q=%E3%83%9E%E3%83%9E&m=&syn=yes&f=_all&s=create_time_DESC&p=158
/web/20251007085318/https://www.wnacg.ru/search/index.php?q=%E3%83%9E%E3%83%9E&m=&syn=yes&f=_all&s=create_time_DESC&p=160
/web/20251007085419/https://www.wnacg.ru/search/index.php?q=%E3%83%9E%E3%83%9E&m=&syn=yes&f=_all&s=create_time_DESC&p=159
/web/20251007085427/https://www.wnacg.ru/search/index.php?q=%E3%83%9E%E3%83%9E&m=&syn=yes&f=_all&s=create_time_DESC&p=161
/web/20251007085429/https://www.wnacg.ru/search/index.php?q=%E3%83%9E%E3%83%9E&m=&syn=yes&f=_all&s=create_time_DESC&p=162
/web/20251007085457/https://www.wnacg.ru/search/index.php?q=%E3%83%9E%E3%83%9E&m=&syn=yes&f=_all&s=create_time_DESC&p=163
