/web/20251005061832/https://www.wnacg.com/photos-index-aid-141078.html
/web/20251005061848/https://www.wnacg.com/photos-view-id-12415843.html
/web/20251005061856/https://www.wnacg.com/photos-view-id-12415841.html
/web/20251005061919/https://www.wnacg.com/photos-index-page-3-aid-141078.html
/web/20251005061931/https://www.wnacg.com/photos-view-id-12415839.html
/web/20251005061958/https://www.wnacg.com/photos-view-id-12415838.html
/web/20251005061910/https://www.wnacg.com/photos-slide-aid-141078.html
/web/20251005061952/https://www.wnacg.com/photos-view-id-12415834.html
/web/20251005062025/https://www.wnacg.com/photos-view-id-12415840.html
/web/20251005061923/https://www.wnacg.com/download-index-aid-141078.html
/web/20251005062039/https://www.wnacg.com/photos-view-id-12415845.html
/web/20251005062108/https://www.wnacg.com/photos-view-id-12415836.html
/web/20251005062135/https://www.wnacg.com/photos-view-id-12415830.html
/web/20251005062032/https://www.wnacg.com/photos-view-id-12415831.html
/web/20251005062216/https://www.wnacg.com/photos-index-page-2-aid-141078.html
/web/20251005062152/https://www.wnacg.com/photos-view-id-12415844.html
/web/20251005062354/https://www.wnacg.com/photos-view-id-12415842.html
/web/20251005062401/https://www.wnacg.com/photos-view-id-12415864.html
/web/20251005062423/https://www.wnacg.com/photos-view-id-12415869.html
/web/20251005062428/https://www.wnacg.com/photos-index-page-1-aid-141078.html
/web/20251005062504/https://v1.wzip.date/down/1411/f7c9520683ca11293cc8494954110997.zip?n=%5Bxyzf%E4%B8%AA%E4%BA%BA%E6%B1%89%E5%8C%96%5D%20%5BSweetEdda%20(%E3%82%8D%E3%81%8D)%5D%20SweetEdda%20vol.07%20%E6%B7%AB%E9%AD%94%E6%94%B9%E9%80%A0%E7%B7%A8%20%E6%B7%AB%E9%AD%94%E3%81%AE%E6%8E%A2%E7%A9%B6%E8%80%85%E3%82%A4%E3%83%B3%E3%83%86%E3%83%AC%E3%83%83%E3%82%BB
/web/20251005062513/https://www.wnacg.com/photos-view-id-12415873.html
/web/20251005062414/https://www.wnacg.com/photos-view-id-12415867.html
/web/20251005062528/https://www.wnacg.com/photos-view-id-12415846.html
/web/20251005062545/https://v1.wzip.download/down/1411/f7c9520683ca11293cc8494954110997.zip?n=%5Bxyzf%E4%B8%AA%E4%BA%BA%E6%B1%89%E5%8C%96%5D%20%5BSweetEdda%20(%E3%82%8D%E3%81%8D)%5D%20SweetEdda%20vol.07%20%E6%B7%AB%E9%AD%94%E6%94%B9%E9%80%A0%E7%B7%A8%20%E6%B7%AB%E9%AD%94%E3%81%AE%E6%8E%A2%E7%A9%B6%E8%80%85%E3%82%A4%E3%83%B3%E3%83%86%E3%83%AC%E3%83%83%E3%82%BB
/web/20251005062543/https://www.wnacg.com/photos-view-id-12415871.html
/web/20251005062615/https://www.wnacg.com/photos-view-id-12415854.html
/web/20251005062616/https://www.wnacg.com/photos-view-id-12415851.html
/web/20251005062543/https://www.wnacg.com/photos-view-id-12415848.html
/web/20251005062535/https://www.wnacg.com/photos-view-id-12415857.html
/web/20251005062758/https://www.wnacg.com/photos-view-id-12415847.html
/web/20251005062805/https://www.wnacg.com/photos-view-id-12415863.html
/web/20251005062643/https://www.wnacg.com/photos-view-id-12415850.html
/web/20251005062819/https://www.wnacg.com/photos-view-id-12415853.html
/web/20251005062825/https://www.wnacg.com/photos-view-id-12415849.html
/web/20251005062846/https://www.wnacg.com/photos-view-id-12415861.html
/web/20251005063014/https://www.wnacg.com/photos-view-id-12415852.html
