https://www.wnacg.com/photos-index-aid-141078.html
https://www.wnacg.com/photos-view-id-12415843.html
https://www.wnacg.com/photos-view-id-12415841.html
https://www.wnacg.com/photos-index-page-3-aid-141078.html
https://www.wnacg.com/photos-view-id-12415839.html
https://www.wnacg.com/photos-view-id-12415838.html
https://www.wnacg.com/photos-slide-aid-141078.html
https://www.wnacg.com/photos-view-id-12415834.html
https://www.wnacg.com/photos-view-id-12415840.html
https://www.wnacg.com/download-index-aid-141078.html
https://www.wnacg.com/photos-view-id-12415845.html
https://www.wnacg.com/photos-view-id-12415836.html
https://www.wnacg.com/photos-view-id-12415830.html
https://www.wnacg.com/photos-view-id-12415831.html
https://www.wnacg.com/photos-index-page-2-aid-141078.html
https://www.wnacg.com/photos-view-id-12415844.html
https://www.wnacg.com/photos-view-id-12415842.html
https://www.wnacg.com/photos-view-id-12415864.html
https://www.wnacg.com/photos-view-id-12415869.html
https://www.wnacg.com/photos-index-page-1-aid-141078.html
https://v1.wzip.date/down/1411/f7c9520683ca11293cc8494954110997.zip?n=[xyzf%E4%B8%AA%E4%BA%BA%E6%B1%89%E5%8C%96]%20[SweetEdda%20(%E3%82%8D%E3%81%8D)]%20SweetEdda%20vol.07%20%E6%B7%AB%E9%AD%94%E6%94%B9%E9%80%A0%E7%B7%A8%20%E6%B7%AB%E9%AD%94%E3%81%AE%E6%8E%A2%E7%A9%B6%E8%80%85%E3%82%A4%E3%83%B3%E3%83%86%E3%83%AC%E3%83%83%E3%82%BB
https://www.wnacg.com/photos-view-id-12415873.html
https://www.wnacg.com/photos-view-id-12415867.html
https://www.wnacg.com/photos-view-id-12415846.html
https://v1.wzip.download/down/1411/f7c9520683ca11293cc8494954110997.zip?n=[xyzf%E4%B8%AA%E4%BA%BA%E6%B1%89%E5%8C%96]%20[SweetEdda%20(%E3%82%8D%E3%81%8D)]%20SweetEdda%20vol.07%20%E6%B7%AB%E9%AD%94%E6%94%B9%E9%80%A0%E7%B7%A8%20%E6%B7%AB%E9%AD%94%E3%81%AE%E6%8E%A2%E7%A9%B6%E8%80%85%E3%82%A4%E3%83%B3%E3%83%86%E3%83%AC%E3%83%83%E3%82%BB
https://www.wnacg.com/photos-view-id-12415871.html
https://www.wnacg.com/photos-view-id-12415854.html
https://www.wnacg.com/photos-view-id-12415851.html
https://www.wnacg.com/photos-view-id-12415848.html
https://www.wnacg.com/photos-view-id-12415857.html
https://www.wnacg.com/photos-view-id-12415847.html
https://www.wnacg.com/photos-view-id-12415863.html
https://www.wnacg.com/photos-view-id-12415850.html
https://www.wnacg.com/photos-view-id-12415853.html
https://www.wnacg.com/photos-view-id-12415849.html
https://www.wnacg.com/photos-view-id-12415861.html
https://www.wnacg.com/photos-view-id-12415852.html
