/web/20251005110830/https://www.wnacg.com/photos-index-aid-276852.html
/web/20251005110903/https://www.wnacg.com/photos-view-id-22716525.html
/web/20251005110856/https://www.wnacg.com/photos-view-id-22716517.html
/web/20251005110909/https://www.wnacg.com/photos-view-id-22716516.html
/web/20251005110916/https://www.wnacg.com/photos-view-id-22716519.html
/web/20251005110923/https://www.wnacg.com/photos-view-id-22716510.html
/web/20251005110932/https://www.wnacg.com/photos-view-id-22716492.html
/web/20251005111007/https://www.wnacg.com/photos-view-id-22716501.html
/web/20251005111022/https://www.wnacg.com/photos-view-id-22716490.html
/web/20251005111012/https://www.wnacg.com/photos-view-id-22716496.html
/web/20251005111030/https://www.wnacg.com/photos-index-page-3-aid-276852.html
/web/20251005111125/https://www.wnacg.com/download-index-aid-276852.html
/web/20251005111126/https://www.wnacg.com/photos-index-page-2-aid-276852.html
/web/20251005111133/https://www.wnacg.com/photos-view-id-22716494.html
/web/20251005111034/https://www.wnacg.com/photos-slide-aid-276852.html
/web/20251005111140/https://www.wnacg.com/photos-view-id-22716523.html
/web/20251005111154/https://www.wnacg.com/photos-index-page-4-aid-276852.html
/web/20251005111205/https://www.wnacg.com/photos-view-id-22716509.html
/web/20251005111243/https://www.wnacg.com/photos-view-id-22716524.html
/web/20251005111250/https://www.wnacg.com/photos-view-id-22716527.html
/web/20251005111242/https://www.wnacg.com/photos-view-id-22716512.html
/web/20251005111257/https://www.wnacg.com/photos-view-id-22716514.html
/web/20251005111311/https://www.wnacg.com/photos-view-id-22716520.html
/web/20251005111304/https://www.wnacg.com/photos-view-id-22716504.html
/web/20251005111318/https://www.wnacg.com/photos-view-id-22716515.html
/web/20251005111325/https://www.wnacg.com/photos-view-id-22716499.html
/web/20251005111336/https://www.wnacg.com/photos-view-id-22716513.html
/web/20251005111407/https://www.wnacg.com/photos-view-id-22716503.html
/web/20251005111409/https://www.wnacg.com/photos-index-page-1-aid-276852.html
/web/20251005111424/https://www.wnacg.com/photos-view-id-22716495.html
/web/20251005111415/https://www.wnacg.com/photos-view-id-22716505.html
/web/20251005111429/https://www.wnacg.com/photos-view-id-22716498.html
/web/20251005111506/https://v1.wzip.date/down/2769/72d4a8bd83027d0033ada3d419d21479.zip?n=%5B%E3%81%99%E3%81%BE%E3%81%84%E3%82%8B%E3%81%B5%E3%81%89%E3%82%89%E3%82%93%E3%81%8B%E3%82%93%E3%81%B1%E3%81%AB%E3%81%83%20(%E3%82%80%E3%81%86%E3%81%A4%E3%81%8D%E3%80%81%E9%9B%AA%E4%BB%81)%5D%20%E7%B6%9A%E3%83%BB%E3%83%AF%E3%82%AB%E3%83%A9%E3%82%BB%EF%BD%9E%E9%BB%92%E3%82%AE%E3%83%A3%E3%83%AB%E3%82%A2%E3%82%AB%E3%83%8D%E3%81%AE%E8%BA%AB%E3%81%8B%E3%82%89%E5%87%BA%E3%81%9F%E3%82%B5%E3%83%93%EF%BD%9E%20%5B%E4%B8%AD%E5%9B%BD%E7%BF%BB%E8%A8%B3%5D%20%5B%E7%84%A1%E4%BF%AE%E6%AD%A3%5D%20%5BDL%E7%89%88%5D
/web/20251005111506/https://v1.wzip.download/down/2769/72d4a8bd83027d0033ada3d419d21479.zip?n=%5B%E3%81%99%E3%81%BE%E3%81%84%E3%82%8B%E3%81%B5%E3%81%89%E3%82%89%E3%82%93%E3%81%8B%E3%82%93%E3%81%B1%E3%81%AB%E3%81%83%20(%E3%82%80%E3%81%86%E3%81%A4%E3%81%8D%E3%80%81%E9%9B%AA%E4%BB%81)%5D%20%E7%B6%9A%E3%83%BB%E3%83%AF%E3%82%AB%E3%83%A9%E3%82%BB%EF%BD%9E%E9%BB%92%E3%82%AE%E3%83%A3%E3%83%AB%E3%82%A2%E3%82%AB%E3%83%8D%E3%81%AE%E8%BA%AB%E3%81%8B%E3%82%89%E5%87%BA%E3%81%9F%E3%82%B5%E3%83%93%EF%BD%9E%20%5B%E4%B8%AD%E5%9B%BD%E7%BF%BB%E8%A8%B3%5D%20%5B%E7%84%A1%E4%BF%AE%E6%AD%A3%5D%20%5BDL%E7%89%88%5D
/web/20251005111516/https://www.wnacg.com/photos-view-id-22716491.html
/web/20251005111522/https://www.wnacg.com/photos-view-id-22716502.html
/web/20251005111529/https://www.wnacg.com/photos-view-id-22716500.html
/web/20251005111607/https://www.wnacg.com/photos-view-id-22716522.html
/web/20251005111614/https://www.wnacg.com/photos-view-id-22716497.html
/web/20251005111628/https://www.wnacg.com/photos-view-id-22716506.html
/web/20251005111606/https://www.wnacg.com/photos-view-id-22716526.html
/web/20251005111621/https://www.wnacg.com/photos-view-id-22716508.html
/web/20251005111722/https://www.wnacg.com/photos-view-id-22716511.html
/web/20251005111724/https://www.wnacg.com/photos-view-id-22716493.html
/web/20251005111731/https://www.wnacg.com/photos-view-id-22716521.html
/web/20251005111738/https://www.wnacg.com/photos-view-id-22716518.html
/web/20251005111745/https://www.wnacg.com/photos-view-id-22716507.html
