/web/20251006121129/https://www.wnacg.ru/photos-index-aid-223009.html
/web/20251006121150/https://www.wnacg.ru/photos-view-id-18900161.html
/web/20251006121159/https://www.wnacg.ru/photos-view-id-18900151.html
/web/20251006121213/https://www.wnacg.ru/photos-view-id-18900164.html
/web/20251006121259/https://www.wnacg.ru/photos-index-page-3-aid-223009.html
/web/20251006121301/https://www.wnacg.ru/photos-view-id-18900168.html
/web/20251006121229/https://www.wnacg.ru/photos-view-id-18900155.html
/web/20251006121227/https://www.wnacg.ru/photos-slide-aid-223009.html
/web/20251006121312/https://www.wnacg.ru/photos-view-id-18900166.html
/web/20251006121353/https://www.wnacg.ru/photos-view-id-18900153.html
/web/20251006121341/https://www.wnacg.ru/photos-index-page-2-aid-223009.html
/web/20251006121403/https://www.wnacg.ru/photos-view-id-18900160.html
/web/20251006121343/https://www.wnacg.ru/photos-view-id-18900148.html
/web/20251006121413/https://www.wnacg.ru/download-index-aid-223009.html
/web/20251006121451/https://www.wnacg.ru/photos-view-id-18900170.html
/web/20251006121455/https://www.wnacg.ru/photos-view-id-18900154.html
/web/20251006121443/https://www.wnacg.ru/photos-view-id-18900152.html
/web/20251006121530/https://www.wnacg.ru/photos-index-page-1-aid-223009.html
/web/20251006121539/https://www.wnacg.ru/photos-view-id-18900165.html
/web/20251006121549/https://www.wnacg.ru/photos-view-id-18900157.html
/web/20251006121559/https://www.wnacg.ru/photos-view-id-18900162.html
/web/20251006121609/https://www.wnacg.ru/photos-view-id-18900159.html
/web/20251006121630/https://www.wnacg.ru/photos-view-id-18900149.html
/web/20251006121619/https://www.wnacg.ru/photos-view-id-18900158.html
/web/20251006121639/https://www.wnacg.ru/photos-view-id-18900156.html
/web/20251006121709/https://www.wnacg.ru/photos-view-id-18900169.html
/web/20251006121711/https://www.wnacg.ru/photos-view-id-18900163.html
/web/20251006121721/https://www.wnacg.ru/photos-view-id-18900150.html
/web/20251006121731/https://www.wnacg.ru/photos-view-id-18900172.html
/web/20251006121804/https://www.wnacg.ru/photos-view-id-18900167.html
/web/20251006121811/https://v1.wzip.download/down/2231/627278208fe6eeaecf8be863cbcddb55.zip?n=%5B%E6%B0%97%E3%81%BE%E3%81%90%E3%82%8C%E3%81%AA%E5%8C%96%E3%81%91%E7%8C%AB%20(%E3%82%B8%E3%82%A7%E3%83%8B%E3%82%AC%E3%82%BF)%5D%20%E3%83%91%E3%83%BC%E3%83%86%E3%82%A3%E3%83%BC%E3%82%92%E8%BF%BD%E3%81%84%E5%87%BA%E3%81%95%E3%82%8C%E3%81%9F%E9%AD%94%E6%B3%95%E4%BD%BF%E3%81%84%E3%81%AE%E5%83%95%E3%81%8C%E5%8F%AC%E5%96%9A%E9%AD%94%E6%B3%95%E3%82%92%E7%BF%92%E5%BE%97%E3%81%97%E3%81%A6%E6%9C%80%E5%BC%B7(%E3%82%81%E3%81%A1%E3%82%83%E3%81%88%E3%82%8D)%E6%B7%AB%E9%AD%94%E3%81%A8%E5%A5%91%E7%B4%84%E3%81%97%E3%81%9F%E3%81%AE%E3%81%A7%20%E3%82%B3%E3%82%B3%E3%81%8B%E3%82%89%E7%8A%AF%E3%81%95%E3%82%8C%E3%81%A6%E5%BC%B7%E3%81%8F%E3%81%AA%E3%82%8B%E3%83%83%E3%83%83%5B%E9%99%85%E4%BD%A0%E5%A4%AA%E7%BE%8E%E4%B8%AA%E4%BA%BA%E6%B1%89%E5%8C%96%5D
/web/20251006121803/https://www.wnacg.ru/photos-view-id-18900171.html
/web/20251006121829/https://v1.wzip.date/down/2231/627278208fe6eeaecf8be863cbcddb55.zip?n=%5B%E6%B0%97%E3%81%BE%E3%81%90%E3%82%8C%E3%81%AA%E5%8C%96%E3%81%91%E7%8C%AB%20(%E3%82%B8%E3%82%A7%E3%83%8B%E3%82%AC%E3%82%BF)%5D%20%E3%83%91%E3%83%BC%E3%83%86%E3%82%A3%E3%83%BC%E3%82%92%E8%BF%BD%E3%81%84%E5%87%BA%E3%81%95%E3%82%8C%E3%81%9F%E9%AD%94%E6%B3%95%E4%BD%BF%E3%81%84%E3%81%AE%E5%83%95%E3%81%8C%E5%8F%AC%E5%96%9A%E9%AD%94%E6%B3%95%E3%82%92%E7%BF%92%E5%BE%97%E3%81%97%E3%81%A6%E6%9C%80%E5%BC%B7(%E3%82%81%E3%81%A1%E3%82%83%E3%81%88%E3%82%8D)%E6%B7%AB%E9%AD%94%E3%81%A8%E5%A5%91%E7%B4%84%E3%81%97%E3%81%9F%E3%81%AE%E3%81%A7%20%E3%82%B3%E3%82%B3%E3%81%8B%E3%82%89%E7%8A%AF%E3%81%95%E3%82%8C%E3%81%A6%E5%BC%B7%E3%81%8F%E3%81%AA%E3%82%8B%E3%83%83%E3%83%83%5B%E9%99%85%E4%BD%A0%E5%A4%AA%E7%BE%8E%E4%B8%AA%E4%BA%BA%E6%B1%89%E5%8C%96%5D
