/web/20251005003454/https://www.wnacg.com/photos-index-aid-279672.html
/web/20251005003557/https://www.wnacg.com/photos-view-id-22989823.html
/web/20251005003536/https://www.wnacg.com/photos-view-id-22989842.html
/web/20251005003630/https://www.wnacg.com/photos-view-id-22989840.html
/web/20251005003559/https://www.wnacg.com/photos-view-id-22989828.html
/web/20251005003535/https://www.wnacg.com/photos-view-id-22989839.html
/web/20251005003534/https://www.wnacg.com/photos-view-id-22989831.html
/web/20251005003706/https://www.wnacg.com/photos-view-id-22989838.html
/web/20251005003721/https://www.wnacg.com/photos-view-id-22989841.html
/web/20251005003741/https://www.wnacg.com/photos-index-page-3-aid-279672.html
/web/20251005003756/https://www.wnacg.com/photos-view-id-22989834.html
/web/20251005003652/https://www.wnacg.com/photos-view-id-22989844.html
/web/20251005003824/https://www.wnacg.com/photos-slide-aid-279672.html
/web/20251005003731/https://www.wnacg.com/download-index-aid-279672.html
/web/20251005003740/https://www.wnacg.com/photos-index-page-2-aid-279672.html
/web/20251005003702/https://www.wnacg.com/photos-view-id-22989830.html
/web/20251005003854/https://www.wnacg.com/photos-view-id-22989835.html
/web/20251005003949/https://www.wnacg.com/photos-view-id-22989832.html
/web/20251005004009/https://www.wnacg.com/photos-view-id-22989829.html
/web/20251005004049/https://v1.wzip.date/down/2797/e64cca56966f51b37eb82eb2cdf49e06.zip?n=%5B%E3%83%8F%E3%83%8B%E3%83%A1%E3%83%A1%E3%82%AA%5D%20%E3%81%B5%E3%81%97%E3%81%A0%E3%82%89%E5%A6%96%E6%80%AA%E3%81%A8%E3%83%9C%E3%82%AF%20(COMIC%20%E7%9C%9F%E6%BF%80%202025%E5%B9%B41%E6%9C%88%E5%8F%B7)%20%5B%E4%B8%AD%E5%9B%BD%E7%BF%BB%E8%A8%B3%5D%20%5BDL%E7%89%88%5D
/web/20251005004056/https://www.wnacg.com/photos-view-id-22989827.html
/web/20251005004112/https://v1.wzip.download/down/2797/e64cca56966f51b37eb82eb2cdf49e06.zip?n=%5B%E3%83%8F%E3%83%8B%E3%83%A1%E3%83%A1%E3%82%AA%5D%20%E3%81%B5%E3%81%97%E3%81%A0%E3%82%89%E5%A6%96%E6%80%AA%E3%81%A8%E3%83%9C%E3%82%AF%20(COMIC%20%E7%9C%9F%E6%BF%80%202025%E5%B9%B41%E6%9C%88%E5%8F%B7)%20%5B%E4%B8%AD%E5%9B%BD%E7%BF%BB%E8%A8%B3%5D%20%5BDL%E7%89%88%5D
/web/20251005004016/https://www.wnacg.com/photos-index-page-1-aid-279672.html
/web/20251005004119/https://www.wnacg.com/photos-view-id-22989824.html
/web/20251005004112/https://www.wnacg.com/photos-view-id-22989821.html
/web/20251005004137/https://www.wnacg.com/photos-view-id-22989837.html
/web/20251005004138/https://www.wnacg.com/photos-view-id-22989818.html
/web/20251005004205/https://www.wnacg.com/photos-view-id-22989845.html
/web/20251005004153/https://www.wnacg.com/photos-view-id-22989826.html
/web/20251005004222/https://www.wnacg.com/photos-view-id-22989820.html
/web/20251005004237/https://www.wnacg.com/photos-view-id-22989819.html
/web/20251005004223/https://www.wnacg.com/photos-view-id-22989833.html
/web/20251005004237/https://www.wnacg.com/photos-view-id-22989843.html
/web/20251005004313/https://www.wnacg.com/photos-view-id-22989825.html
/web/20251005004325/https://www.wnacg.com/photos-view-id-22989822.html
/web/20251005004330/https://www.wnacg.com/photos-view-id-22989836.html
