/web/20251006084231/https://www.wnacg.com/photos-index-aid-34701.html
/web/20251006084253/https://www.wnacg.com/download-index-aid-34701.html
/web/20251006084321/https://www.wnacg.com/photos-view-id-2629362.html
/web/20251006084331/https://www.wnacg.com/photos-view-id-2629356.html
/web/20251006084348/https://www.wnacg.com/photos-view-id-2629361.html
/web/20251006084341/https://www.wnacg.com/photos-view-id-2629357.html
/web/20251006084413/https://www.wnacg.com/photos-view-id-2629354.html
/web/20251006084438/https://www.wnacg.com/photos-view-id-2629352.html
/web/20251006084528/https://www.wnacg.com/photos-view-id-2629358.html
/web/20251006084600/https://v1.wzip.download/down/0348/731cb2899a65c2af992fb3bfb6723ad2.zip?n=%5BM%E7%B3%BB%E8%B3%87%E6%BA%90%E8%81%9A%E5%90%88%E6%BC%A2%E5%8C%96%E7%B5%84%5D%20%5BSHUKO%5D%20Catch%20Ball%20(%E3%82%AD%E3%83%B3%E3%82%BF%E3%83%9E%E3%82%92%E7%8E%A9%E5%85%B7%E3%81%AB%E3%81%97%E3%81%A6%E5%B0%84%E7%B2%BE%E7%AE%A1%E7%90%86%E3%81%99%E3%82%8B%E3%83%92%E3%83%AD%E3%82%A4%E3%83%B3%E3%81%9F%E3%81%A1Vol.1)
/web/20251006084608/https://www.wnacg.com/photos-view-id-2629363.html
/web/20251006084650/https://www.wnacg.com/photos-view-id-2629355.html
/web/20251006084650/https://www.wnacg.com/photos-view-id-2629353.html
/web/20251006084700/https://www.wnacg.com/photos-view-id-2629351.html
/web/20251006084758/https://www.wnacg.com/photos-view-id-2629360.html
/web/20251006084845/https://www.wnacg.com/photos-view-id-2629359.html
/web/20251006084903/https://v1.wzip.date/down/0348/731cb2899a65c2af992fb3bfb6723ad2.zip?n=%5BM%E7%B3%BB%E8%B3%87%E6%BA%90%E8%81%9A%E5%90%88%E6%BC%A2%E5%8C%96%E7%B5%84%5D%20%5BSHUKO%5D%20Catch%20Ball%20(%E3%82%AD%E3%83%B3%E3%82%BF%E3%83%9E%E3%82%92%E7%8E%A9%E5%85%B7%E3%81%AB%E3%81%97%E3%81%A6%E5%B0%84%E7%B2%BE%E7%AE%A1%E7%90%86%E3%81%99%E3%82%8B%E3%83%92%E3%83%AD%E3%82%A4%E3%83%B3%E3%81%9F%E3%81%A1Vol.1)
/web/20251006084915/https://www.wnacg.com/photos-view-id-2629364.html
/web/20251006084926/https://www.wnacg.com/photos-view-id-2629374.html
/web/20251006084955/https://www.wnacg.com/photos-view-id-2629373.html
/web/20251006084956/https://www.wnacg.com/photos-view-id-2629365.html
/web/20251006085018/https://www.wnacg.com/photos-view-id-2629372.html
/web/20251006085028/https://www.wnacg.com/photos-view-id-2629366.html
/web/20251006085047/https://www.wnacg.com/photos-view-id-2629371.html
/web/20251006085057/https://www.wnacg.com/photos-view-id-2629367.html
/web/20251006085117/https://www.wnacg.com/photos-view-id-2629370.html
/web/20251006085126/https://www.wnacg.com/photos-view-id-2629368.html
/web/20251006085146/https://www.wnacg.com/photos-view-id-2629369.html
