https://www.wnacg.com/photos-index-aid-34701.html
https://www.wnacg.com/download-index-aid-34701.html
https://www.wnacg.com/photos-view-id-2629362.html
https://www.wnacg.com/photos-view-id-2629356.html
https://www.wnacg.com/photos-view-id-2629361.html
https://www.wnacg.com/photos-view-id-2629357.html
https://www.wnacg.com/photos-view-id-2629354.html
https://www.wnacg.com/photos-view-id-2629352.html
https://www.wnacg.com/photos-view-id-2629358.html
https://v1.wzip.download/down/0348/731cb2899a65c2af992fb3bfb6723ad2.zip?n=[M%E7%B3%BB%E8%B3%87%E6%BA%90%E8%81%9A%E5%90%88%E6%BC%A2%E5%8C%96%E7%B5%84]%20[SHUKO]%20Catch%20Ball%20(%E3%82%AD%E3%83%B3%E3%82%BF%E3%83%9E%E3%82%92%E7%8E%A9%E5%85%B7%E3%81%AB%E3%81%97%E3%81%A6%E5%B0%84%E7%B2%BE%E7%AE%A1%E7%90%86%E3%81%99%E3%82%8B%E3%83%92%E3%83%AD%E3%82%A4%E3%83%B3%E3%81%9F%E3%81%A1Vol.1)
https://www.wnacg.com/photos-view-id-2629363.html
https://www.wnacg.com/photos-view-id-2629355.html
https://www.wnacg.com/photos-view-id-2629353.html
https://www.wnacg.com/photos-view-id-2629351.html
https://www.wnacg.com/photos-view-id-2629360.html
https://www.wnacg.com/photos-view-id-2629359.html
https://v1.wzip.date/down/0348/731cb2899a65c2af992fb3bfb6723ad2.zip?n=[M%E7%B3%BB%E8%B3%87%E6%BA%90%E8%81%9A%E5%90%88%E6%BC%A2%E5%8C%96%E7%B5%84]%20[SHUKO]%20Catch%20Ball%20(%E3%82%AD%E3%83%B3%E3%82%BF%E3%83%9E%E3%82%92%E7%8E%A9%E5%85%B7%E3%81%AB%E3%81%97%E3%81%A6%E5%B0%84%E7%B2%BE%E7%AE%A1%E7%90%86%E3%81%99%E3%82%8B%E3%83%92%E3%83%AD%E3%82%A4%E3%83%B3%E3%81%9F%E3%81%A1Vol.1)
https://www.wnacg.com/photos-view-id-2629364.html
https://www.wnacg.com/photos-view-id-2629374.html
https://www.wnacg.com/photos-view-id-2629373.html
https://www.wnacg.com/photos-view-id-2629365.html
https://www.wnacg.com/photos-view-id-2629372.html
https://www.wnacg.com/photos-view-id-2629366.html
https://www.wnacg.com/photos-view-id-2629371.html
https://www.wnacg.com/photos-view-id-2629367.html
https://www.wnacg.com/photos-view-id-2629370.html
https://www.wnacg.com/photos-view-id-2629368.html
https://www.wnacg.com/photos-view-id-2629369.html
