/web/20251005095421/https://www.wnacg.com/photos-index-aid-88825.html
/web/20251005095438/https://www.wnacg.com/photos-view-id-6997352.html
/web/20251005095445/https://www.wnacg.com/photos-view-id-6997356.html
/web/20251005095451/https://www.wnacg.com/photos-view-id-6997360.html
/web/20251005095508/https://www.wnacg.com/photos-view-id-6997323.html
/web/20251005095459/https://www.wnacg.com/photos-view-id-6997327.html
/web/20251005095520/https://www.wnacg.com/photos-view-id-6997348.html
/web/20251005095547/https://www.wnacg.com/photos-view-id-6997343.html
/web/20251005095548/https://www.wnacg.com/download-index-aid-88825.html
/web/20251005095513/https://www.wnacg.com/photos-view-id-6997349.html
/web/20251005095634/https://www.wnacg.com/photos-view-id-6997332.html
/web/20251005095627/https://www.wnacg.com/photos-index-page-2-aid-88825.html
/web/20251005095621/https://www.wnacg.com/photos-slide-aid-88825.html
/web/20251005095620/https://www.wnacg.com/photos-view-id-6997337.html
/web/20251005095707/https://www.wnacg.com/photos-view-id-6997347.html
/web/20251005095701/https://www.wnacg.com/photos-view-id-6997346.html
/web/20251005095746/https://www.wnacg.com/photos-view-id-6997361.html
/web/20251005095753/https://v1.wzip.date/down/0889/798724b083e7b06c62c87a2f99bc2ac3.zip?n=%5B%E7%84%A1%E9%82%AA%E6%B0%97%E7%84%A1%E4%BF%AE%E5%AE%87%E5%AE%99%E5%88%86%E7%B5%84%5D%5B%E7%BF%A0%E9%87%8E%E3%82%BF%E3%83%8C%E3%82%AD%5D(COMIC%20BAVEL%202019%E5%B9%B42%E6%9C%88%E5%8F%B7)%E9%BB%91%E5%B1%B1%E7%BE%8A%E3%81%AE%E7%89%B2%5BMJK-19-Z1933%5D%5B%E7%84%A1%E4%BF%AE%E6%AD%A3%5D
/web/20251005095800/https://v1.wzip.download/down/0889/798724b083e7b06c62c87a2f99bc2ac3.zip?n=%5B%E7%84%A1%E9%82%AA%E6%B0%97%E7%84%A1%E4%BF%AE%E5%AE%87%E5%AE%99%E5%88%86%E7%B5%84%5D%5B%E7%BF%A0%E9%87%8E%E3%82%BF%E3%83%8C%E3%82%AD%5D(COMIC%20BAVEL%202019%E5%B9%B42%E6%9C%88%E5%8F%B7)%E9%BB%91%E5%B1%B1%E7%BE%8A%E3%81%AE%E7%89%B2%5BMJK-19-Z1933%5D%5B%E7%84%A1%E4%BF%AE%E6%AD%A3%5D
/web/20251005095807/https://www.wnacg.com/photos-index-page-1-aid-88825.html
