/web/20251005120008/https://www.wnacg.com/photos-index-aid-297901.html
/web/20251005120457/https://www.wnacg.com/photos-view-id-24710181.html
/web/20251005120505/https://www.wnacg.com/photos-view-id-24710180.html
/web/20251005120602/https://www.wnacg.com/photos-view-id-24710177.html
/web/20251005120548/https://www.wnacg.com/photos-view-id-24710184.html
/web/20251005120523/https://www.wnacg.com/photos-view-id-24710175.html
/web/20251005120529/https://www.wnacg.com/photos-slide-aid-297901.html
/web/20251005120606/https://www.wnacg.com/photos-view-id-24710179.html
/web/20251005120651/https://www.wnacg.com/photos-view-id-24710185.html
/web/20251005120720/https://www.wnacg.com/photos-view-id-24710186.html
/web/20251005120741/https://www.wnacg.com/photos-index-page-3-aid-297901.html
/web/20251005120728/https://www.wnacg.com/photos-view-id-24710176.html
/web/20251005120925/https://www.wnacg.com/photos-view-id-24710182.html
/web/20251005120757/https://www.wnacg.com/photos-view-id-24710178.html
/web/20251005121007/https://www.wnacg.com/photos-view-id-24710183.html
/web/20251005122726/https://www.wnacg.com/download-index-aid-297901.html
/web/20251005122738/https://www.wnacg.com/photos-view-id-24710187.html
/web/20251005122732/https://www.wnacg.com/photos-view-id-24710206.html
/web/20251005122807/https://www.wnacg.com/photos-view-id-24710203.html
/web/20251005122847/https://www.wnacg.com/photos-view-id-24710201.html
/web/20251005122917/https://www.wnacg.com/photos-index-page-2-aid-297901.html
/web/20251005122924/https://www.wnacg.com/photos-view-id-24710202.html
/web/20251005122917/https://www.wnacg.com/photos-index-page-1-aid-297901.html
/web/20251005122942/https://www.wnacg.com/photos-view-id-24710199.html
/web/20251005122934/https://www.wnacg.com/photos-view-id-24710204.html
/web/20251005123016/https://www.wnacg.com/photos-view-id-24710200.html
/web/20251005122852/https://www.wnacg.com/photos-view-id-24710205.html
/web/20251005123139/https://v1.wzip.download/down/2980/b48930b56251a90d118b91bf38d4e0a3.zip?n=%5BXTER%5D%20My%20Mother%20Extra%20Ep%20+%20sex%20on%20the%20beach%20%5B%E4%B8%AD%E5%9B%BD%E7%BF%BB%E8%A8%B3%5D
/web/20251005123148/https://v1.wzip.date/down/2980/b48930b56251a90d118b91bf38d4e0a3.zip?n=%5BXTER%5D%20My%20Mother%20Extra%20Ep%20+%20sex%20on%20the%20beach%20%5B%E4%B8%AD%E5%9B%BD%E7%BF%BB%E8%A8%B3%5D
/web/20251005123155/https://www.wnacg.com/photos-view-id-24710188.html
/web/20251005123202/https://www.wnacg.com/photos-view-id-24710194.html
/web/20251005123209/https://www.wnacg.com/photos-view-id-24710195.html
/web/20251005123217/https://www.wnacg.com/photos-view-id-24710196.html
/web/20251005123257/https://www.wnacg.com/photos-view-id-24710193.html
/web/20251005123223/https://www.wnacg.com/photos-view-id-24710191.html
/web/20251005123321/https://www.wnacg.com/photos-view-id-24710198.html
/web/20251005123255/https://www.wnacg.com/photos-view-id-24710190.html
/web/20251005123350/https://www.wnacg.com/photos-view-id-24710192.html
/web/20251005123314/https://www.wnacg.com/photos-view-id-24710189.html
/web/20251005123313/https://www.wnacg.com/photos-view-id-24710197.html
