/web/20251107125351/https://www.wnacg.com/photos-index-aid-52636.html
/web/20251107125425/https://www.wnacg.com/photos-index-page-2-aid-52636.html
/web/20251107125533/https://www.wnacg.com/photos-index-page-5-aid-52636.html
/web/20251107125559/https://www.wnacg.com/photos-index-page-4-aid-52636.html
/web/20251107125515/https://www.wnacg.com/photos-slide-aid-52636.html
/web/20251107125943/https://www.wnacg.com/photos-index-page-1-aid-52636.html
/web/20251107130028/https://www.wnacg.com/download-index-aid-52636.html
/web/20251107130049/https://www.wnacg.com/photos-index-page-3-aid-52636.html
/web/20251107130055/https://www.wnacg.com/photos-index-page-6-aid-52636.html
/web/20251107130044/https://www.wnacg.com/photos-index-page-31-aid-52636.html
/web/20251107130105/https://www.wnacg.com/photos-index-page-8-aid-52636.html
/web/20251107130140/https://v1.wzip.date/down/0527/d0617fd7b1f4869313d7a62935982dcd.zip?n=%5B%E3%82%A2%E3%83%B3%E3%82%BD%E3%83%AD%E3%82%B8%E3%83%BC%5D%20Girls%20forM%20%E3%82%AC%E3%83%BC%E3%83%AB%E3%82%BA%E3%83%95%E3%82%A9%E3%83%BC%E3%83%A0%20VOL.04%20%5B%E4%B8%AD%5D
/web/20251107130158/https://www.wnacg.com/photos-index-page-7-aid-52636.html
/web/20251107130205/https://v1.wzip.download/down/0527/d0617fd7b1f4869313d7a62935982dcd.zip?n=%5B%E3%82%A2%E3%83%B3%E3%82%BD%E3%83%AD%E3%82%B8%E3%83%BC%5D%20Girls%20forM%20%E3%82%AC%E3%83%BC%E3%83%AB%E3%82%BA%E3%83%95%E3%82%A9%E3%83%BC%E3%83%A0%20VOL.04%20%5B%E4%B8%AD%5D
/web/20251107130208/https://www.wnacg.com/photos-index-page-27-aid-52636.html
/web/20251107130218/https://www.wnacg.com/photos-index-page-28-aid-52636.html
/web/20251107130518/https://www.wnacg.com/photos-index-page-30-aid-52636.html
/web/20251107130515/https://www.wnacg.com/photos-index-page-29-aid-52636.html
/web/20251107130635/https://www.wnacg.com/photos-index-page-10-aid-52636.html
/web/20251107130636/https://www.wnacg.com/photos-index-page-11-aid-52636.html
/web/20251107130706/https://www.wnacg.com/photos-index-page-26-aid-52636.html
/web/20251107130705/https://www.wnacg.com/photos-index-page-23-aid-52636.html
/web/20251107130716/https://www.wnacg.com/photos-index-page-25-aid-52636.html
/web/20251107130836/https://www.wnacg.com/photos-index-page-9-aid-52636.html
/web/20251107130926/https://www.wnacg.com/photos-index-page-15-aid-52636.html
/web/20251107130936/https://www.wnacg.com/photos-index-page-14-aid-52636.html
/web/20251107130925/https://www.wnacg.com/photos-index-page-13-aid-52636.html
/web/20251107131011/https://www.wnacg.com/photos-index-page-24-aid-52636.html
/web/20251107131039/https://www.wnacg.com/photos-index-page-21-aid-52636.html
/web/20251107131124/https://www.wnacg.com/photos-index-page-20-aid-52636.html
/web/20251107131210/https://www.wnacg.com/photos-index-page-18-aid-52636.html
/web/20251107130926/https://www.wnacg.com/photos-index-page-12-aid-52636.html
/web/20251107131229/https://www.wnacg.com/photos-index-page-16-aid-52636.html
/web/20251107131241/https://www.wnacg.com/photos-index-page-17-aid-52636.html
