/web/20251005103944/https://www.wnacg.com/photos-index-aid-136445.html
/web/20251005104009/https://www.wnacg.com/photos-view-id-12047959.html
/web/20251005104023/https://www.wnacg.com/photos-view-id-12047965.html
/web/20251005104031/https://www.wnacg.com/photos-view-id-12047956.html
/web/20251005104135/https://www.wnacg.com/photos-view-id-12047964.html
/web/20251005104158/https://www.wnacg.com/photos-view-id-12047963.html
/web/20251005104219/https://www.wnacg.com/photos-index-page-4-aid-136445.html
/web/20251005104225/https://www.wnacg.com/photos-view-id-12047938.html
/web/20251005104135/https://www.wnacg.com/photos-slide-aid-136445.html
/web/20251005104225/https://www.wnacg.com/photos-view-id-12047954.html
/web/20251005104300/https://www.wnacg.com/photos-view-id-12047933.html
/web/20251005104312/https://www.wnacg.com/photos-view-id-12047961.html
/web/20251005104307/https://www.wnacg.com/photos-view-id-12047934.html
/web/20251005104339/https://www.wnacg.com/photos-index-page-3-aid-136445.html
/web/20251005104338/https://www.wnacg.com/photos-index-page-2-aid-136445.html
/web/20251005104401/https://www.wnacg.com/photos-view-id-12047942.html
/web/20251005104410/https://www.wnacg.com/photos-view-id-12047940.html
/web/20251005104403/https://www.wnacg.com/download-index-aid-136445.html
/web/20251005104501/https://www.wnacg.com/photos-index-page-1-aid-136445.html
/web/20251005104515/https://www.wnacg.com/photos-view-id-12047941.html
/web/20251005104509/https://www.wnacg.com/photos-view-id-12047937.html
/web/20251005104556/https://www.wnacg.com/photos-view-id-12047951.html
/web/20251005104602/https://www.wnacg.com/photos-view-id-12047957.html
/web/20251005104522/https://www.wnacg.com/photos-view-id-12047952.html
/web/20251005104631/https://www.wnacg.com/photos-view-id-12047962.html
/web/20251005104624/https://www.wnacg.com/photos-view-id-12047968.html
/web/20251005104637/https://www.wnacg.com/photos-view-id-12047939.html
/web/20251005104705/https://www.wnacg.com/photos-view-id-12047943.html
/web/20251005104643/https://www.wnacg.com/photos-view-id-12047967.html
/web/20251005104645/https://www.wnacg.com/photos-view-id-12047955.html
/web/20251005104707/https://www.wnacg.com/photos-view-id-12047944.html
/web/20251005104741/https://www.wnacg.com/photos-view-id-12047966.html
/web/20251005104759/https://www.wnacg.com/photos-view-id-12047950.html
/web/20251005104808/https://www.wnacg.com/photos-view-id-12047935.html
/web/20251005104838/https://www.wnacg.com/photos-view-id-12047947.html
/web/20251005104818/https://www.wnacg.com/photos-view-id-12047948.html
/web/20251005104856/https://www.wnacg.com/photos-view-id-12047936.html
/web/20251005104855/https://www.wnacg.com/photos-view-id-12047958.html
/web/20251005104917/https://www.wnacg.com/photos-view-id-12047946.html
/web/20251005104924/https://www.wnacg.com/photos-view-id-12047932.html
/web/20251005104921/https://www.wnacg.com/photos-view-id-12047953.html
/web/20251005104938/https://www.wnacg.com/photos-view-id-12047949.html
/web/20251005105005/https://v1.wzip.date/down/1365/65b1f6a182b5554c2971d27888d52821.zip?n=%5B%E3%83%A2%E3%83%96%E3%83%A9%E3%82%A4%E3%83%96%5D%20%E9%AC%BC%E3%81%AB%E6%95%97%E5%8C%97%E3%81%97%E3%81%9F%E5%86%92%E9%99%BA%E8%80%85%E3%81%8C%E7%B2%BE%E6%90%BE%E5%8F%96%E3%81%95%E3%82%8C%E3%82%8B%E8%A9%B1
/web/20251005104930/https://www.wnacg.com/photos-view-id-12047945.html
/web/20251005105125/https://www.wnacg.com/photos-view-id-12047960.html
