/web/20251005012026/https://wnacg.com/photos-index-aid-303440.html
/web/20251005012856/https://wnacg.com/download-index-aid-303440.html
/web/20251005012835/https://wnacg.com/photos-view-id-25243629.html
/web/20251005012850/https://wnacg.com/photos-view-id-25243631.html
/web/20251005012932/https://wnacg.com/photos-index-page-5-aid-303440.html
/web/20251005012948/https://wnacg.com/photos-view-id-25243626.html
/web/20251005012901/https://wnacg.com/photos-index-page-2-aid-303440.html
/web/20251005012949/https://v1.wzip.date/down/3035/6e84f503c0d8f7ab6abadc22a6e89026.zip?n=%5B%E3%81%97%E3%81%BE%E3%81%B1%E3%82%93%20(%E7%AB%8B%E8%8A%B1%E3%82%AA%E3%83%9F%E3%83%8A)%5D%20%E7%95%B0%E4%B8%96%E7%95%8C%E3%83%8F%E3%83%BC%E3%83%AC%E3%83%A0%E7%89%A9%E8%AA%9E%209%20%5Blawelss%E4%B8%AA%E4%BA%BA%E9%87%8D%E5%B5%8C%5D%5B%E7%84%A1%E4%BF%AE%E6%AD%A3%5D
/web/20251005012954/https://wnacg.com/photos-view-id-25243624.html
/web/20251005012927/https://v1.wzip.download/down/3035/6e84f503c0d8f7ab6abadc22a6e89026.zip?n=%5B%E3%81%97%E3%81%BE%E3%81%B1%E3%82%93%20(%E7%AB%8B%E8%8A%B1%E3%82%AA%E3%83%9F%E3%83%8A)%5D%20%E7%95%B0%E4%B8%96%E7%95%8C%E3%83%8F%E3%83%BC%E3%83%AC%E3%83%A0%E7%89%A9%E8%AA%9E%209%20%5Blawelss%E4%B8%AA%E4%BA%BA%E9%87%8D%E5%B5%8C%5D%5B%E7%84%A1%E4%BF%AE%E6%AD%A3%5D
/web/20251005013834/https://wnacg.com/photos-index-page-6-aid-303440.html
/web/20251005013843/https://wnacg.com/photos-view-id-25243628.html
/web/20251005013841/https://wnacg.com/photos-index-page-3-aid-303440.html
/web/20251005013915/https://wnacg.com/photos-view-id-25243630.html
/web/20251005013921/https://wnacg.com/photos-view-id-25243622.html
/web/20251005013925/https://wnacg.com/photos-view-id-25243621.html
/web/20251005013857/https://wnacg.com/photos-slide-aid-303440.html
/web/20251005014630/https://wnacg.com/photos-view-id-25243672.html
/web/20251005014651/https://wnacg.com/photos-view-id-25243678.html
/web/20251005014737/https://wnacg.com/photos-view-id-25243677.html
/web/20251005014816/https://wnacg.com/photos-view-id-25243669.html
/web/20251005014741/https://wnacg.com/photos-view-id-25243671.html
/web/20251005014759/https://wnacg.com/photos-view-id-25243679.html
/web/20251005014816/https://wnacg.com/photos-view-id-25243670.html
/web/20251005014918/https://wnacg.com/photos-view-id-25243673.html
/web/20251005015431/https://wnacg.com/photos-view-id-25243676.html
/web/20251005015437/https://wnacg.com/photos-view-id-25243680.html
/web/20251005015500/https://wnacg.com/photos-index-page-1-aid-303440.html
/web/20251005015500/https://wnacg.com/photos-view-id-25243674.html
/web/20251005015505/https://wnacg.com/photos-view-id-25243675.html
/web/20251005015525/https://wnacg.com/photos-view-id-25243633.html
/web/20251005015549/https://wnacg.com/photos-view-id-25243638.html
/web/20251005015558/https://wnacg.com/photos-view-id-25243635.html
/web/20251005020004/https://wnacg.com/photos-view-id-25243634.html
/web/20251005020029/https://wnacg.com/photos-view-id-25243640.html
/web/20251005020101/https://wnacg.com/photos-view-id-25243641.html
/web/20251005020044/https://wnacg.com/photos-view-id-25243642.html
/web/20251005014237/https://wnacg.com/photos-view-id-25243625.html
/web/20251005020140/https://wnacg.com/photos-view-id-25243644.html
/web/20251005020123/https://wnacg.com/photos-view-id-25243639.html
/web/20251005020140/https://wnacg.com/photos-view-id-25243637.html
/web/20251005020453/https://wnacg.com/photos-view-id-25243643.html
/web/20251005020539/https://wnacg.com/photos-view-id-25243632.html
/web/20251005020545/https://wnacg.com/photos-view-id-25243681.html
/web/20251005020607/https://wnacg.com/photos-view-id-25243646.html
/web/20251005020618/https://wnacg.com/photos-view-id-25243650.html
/web/20251005020716/https://wnacg.com/photos-view-id-25243648.html
/web/20251005020617/https://wnacg.com/photos-view-id-25243656.html
/web/20251005020813/https://wnacg.com/photos-view-id-25243655.html
/web/20251005020735/https://wnacg.com/photos-view-id-25243652.html
/web/20251005020804/https://wnacg.com/photos-view-id-25243649.html
/web/20251005020805/https://wnacg.com/photos-view-id-25243653.html
/web/20251005020830/https://wnacg.com/photos-view-id-25243654.html
/web/20251005020859/https://wnacg.com/photos-view-id-25243651.html
/web/20251005020930/https://wnacg.com/photos-view-id-25243647.html
/web/20251005020958/https://wnacg.com/photos-view-id-25243668.html
/web/20251005021018/https://wnacg.com/photos-view-id-25243645.html
/web/20251005021025/https://wnacg.com/photos-view-id-25243623.html
/web/20251005021117/https://wnacg.com/photos-view-id-25243627.html
/web/20251005021116/https://wnacg.com/photos-view-id-25243657.html
/web/20251005021146/https://wnacg.com/photos-index-page-4-aid-303440.html
/web/20251005022007/https://wnacg.com/photos-view-id-25243664.html
/web/20251005021947/https://wnacg.com/photos-view-id-25243658.html
/web/20251005022027/https://wnacg.com/photos-view-id-25243636.html
/web/20251005022124/https://wnacg.com/photos-view-id-25243667.html
/web/20251005022200/https://wnacg.com/photos-view-id-25243663.html
/web/20251005022219/https://wnacg.com/photos-view-id-25243660.html
/web/20251005022157/https://wnacg.com/photos-view-id-25243662.html
/web/20251005022214/https://wnacg.com/photos-view-id-25243665.html
/web/20251005022250/https://wnacg.com/photos-view-id-25243659.html
/web/20251005022340/https://wnacg.com/photos-view-id-25243666.html
