/web/20251005112054/https://www.wnacg.com/photos-index-aid-276843.html
/web/20251005112119/https://www.wnacg.com/photos-slide-aid-276843.html
/web/20251005112146/https://www.wnacg.com/photos-view-id-22715318.html
/web/20251005112139/https://www.wnacg.com/photos-view-id-22715311.html
/web/20251005112133/https://www.wnacg.com/photos-index-page-2-aid-276843.html
/web/20251005112241/https://www.wnacg.com/photos-view-id-22715295.html
/web/20251005112240/https://www.wnacg.com/photos-view-id-22715291.html
/web/20251005112257/https://www.wnacg.com/photos-view-id-22715324.html
/web/20251005112304/https://www.wnacg.com/photos-index-page-3-aid-276843.html
/web/20251005112322/https://www.wnacg.com/photos-view-id-22715293.html
/web/20251005112308/https://www.wnacg.com/photos-view-id-22715326.html
/web/20251005112432/https://www.wnacg.com/photos-view-id-22715320.html
/web/20251005112351/https://www.wnacg.com/photos-view-id-22715297.html
/web/20251005112344/https://www.wnacg.com/photos-index-page-4-aid-276843.html
/web/20251005112448/https://www.wnacg.com/photos-view-id-22715302.html
/web/20251005112441/https://www.wnacg.com/photos-view-id-22715317.html
/web/20251005112429/https://www.wnacg.com/photos-view-id-22715310.html
/web/20251005112450/https://www.wnacg.com/download-index-aid-276843.html
/web/20251005112548/https://www.wnacg.com/photos-view-id-22715303.html
/web/20251005112541/https://www.wnacg.com/photos-view-id-22715313.html
/web/20251005112602/https://www.wnacg.com/photos-view-id-22715309.html
/web/20251005112609/https://www.wnacg.com/photos-view-id-22715327.html
/web/20251005112615/https://www.wnacg.com/photos-view-id-22715323.html
/web/20251005112650/https://www.wnacg.com/photos-view-id-22715292.html
/web/20251005112651/https://www.wnacg.com/photos-view-id-22715307.html
/web/20251005112624/https://www.wnacg.com/photos-view-id-22715301.html
/web/20251005112616/https://www.wnacg.com/photos-index-page-1-aid-276843.html
/web/20251005112724/https://www.wnacg.com/photos-view-id-22715322.html
/web/20251005112740/https://www.wnacg.com/photos-view-id-22715298.html
/web/20251005112737/https://www.wnacg.com/photos-view-id-22715312.html
/web/20251005112805/https://www.wnacg.com/photos-view-id-22715316.html
/web/20251005112730/https://www.wnacg.com/photos-view-id-22715294.html
/web/20251005112812/https://www.wnacg.com/photos-view-id-22715300.html
/web/20251005112804/https://www.wnacg.com/photos-view-id-22715305.html
/web/20251005112859/https://www.wnacg.com/photos-view-id-22715299.html
/web/20251005112840/https://www.wnacg.com/photos-view-id-22715315.html
/web/20251005112930/https://www.wnacg.com/photos-view-id-22715306.html
/web/20251005112929/https://www.wnacg.com/photos-view-id-22715328.html
/web/20251005112922/https://www.wnacg.com/photos-view-id-22715296.html
/web/20251005112956/https://www.wnacg.com/photos-view-id-22715325.html
/web/20251005112957/https://www.wnacg.com/photos-view-id-22715304.html
/web/20251005113012/https://www.wnacg.com/photos-view-id-22715321.html
/web/20251005113004/https://www.wnacg.com/photos-view-id-22715314.html
/web/20251005113112/https://v1.wzip.download/down/2769/16552ac72683a040683625b56048db7f.zip?n=%5B%E3%81%99%E3%81%BE%E3%81%84%E3%82%8B%E3%81%B5%E3%81%89%E3%82%89%E3%82%93%E3%81%8B%E3%82%93%E3%81%B1%E3%81%AB%E3%81%83%20(%E3%82%80%E3%81%86%E3%81%A4%E3%81%8D%E3%80%81%E9%9B%AA%E4%BB%81)%5D%20%E3%83%AF%E3%82%AB%E3%83%A9%E3%82%BB%EF%BD%9E%E9%BB%92%E3%82%AE%E3%83%A3%E3%83%AB%E3%82%A2%E3%82%AB%E3%83%8D%E3%81%AE%E3%82%AB%E3%83%83%E3%83%97%E3%83%AB%E5%90%8C%E6%99%82%E5%88%B6%E8%A3%81%EF%BD%9E%EF%BD%9C%E6%95%99%E8%82%B2%E5%B1%88%E5%BE%9E%EF%BD%9E%E9%BB%91%E8%82%89%E8%BE%A3%E5%A6%B9%E6%9C%B1%E9%9F%B3%E7%9A%84%E6%83%85%E4%BE%B6%E5%90%8C%E6%99%82%E5%88%B6%E8%A3%81%EF%BD%9E%20%5B%E4%B8%AD%E5%9B%BD%E7%BF%BB%E8%A8%B3%5D%20%5B%E7%84%A1%E4%BF%AE%E6%AD%A3%5D%20%5BDL%E7%89%88%5D
/web/20251005113038/https://www.wnacg.com/photos-view-id-22715308.html
/web/20251005113046/https://v1.wzip.date/down/2769/16552ac72683a040683625b56048db7f.zip?n=%5B%E3%81%99%E3%81%BE%E3%81%84%E3%82%8B%E3%81%B5%E3%81%89%E3%82%89%E3%82%93%E3%81%8B%E3%82%93%E3%81%B1%E3%81%AB%E3%81%83%20(%E3%82%80%E3%81%86%E3%81%A4%E3%81%8D%E3%80%81%E9%9B%AA%E4%BB%81)%5D%20%E3%83%AF%E3%82%AB%E3%83%A9%E3%82%BB%EF%BD%9E%E9%BB%92%E3%82%AE%E3%83%A3%E3%83%AB%E3%82%A2%E3%82%AB%E3%83%8D%E3%81%AE%E3%82%AB%E3%83%83%E3%83%97%E3%83%AB%E5%90%8C%E6%99%82%E5%88%B6%E8%A3%81%EF%BD%9E%EF%BD%9C%E6%95%99%E8%82%B2%E5%B1%88%E5%BE%9E%EF%BD%9E%E9%BB%91%E8%82%89%E8%BE%A3%E5%A6%B9%E6%9C%B1%E9%9F%B3%E7%9A%84%E6%83%85%E4%BE%B6%E5%90%8C%E6%99%82%E5%88%B6%E8%A3%81%EF%BD%9E%20%5B%E4%B8%AD%E5%9B%BD%E7%BF%BB%E8%A8%B3%5D%20%5B%E7%84%A1%E4%BF%AE%E6%AD%A3%5D%20%5BDL%E7%89%88%5D
/web/20251005113041/https://www.wnacg.com/photos-view-id-22715319.html
