https://www.wnacg.com/photos-index-aid-276843.html
https://www.wnacg.com/photos-slide-aid-276843.html
https://www.wnacg.com/photos-view-id-22715318.html
https://www.wnacg.com/photos-view-id-22715311.html
https://www.wnacg.com/photos-index-page-2-aid-276843.html
https://www.wnacg.com/photos-view-id-22715295.html
https://www.wnacg.com/photos-view-id-22715291.html
https://www.wnacg.com/photos-view-id-22715324.html
https://www.wnacg.com/photos-index-page-3-aid-276843.html
https://www.wnacg.com/photos-view-id-22715293.html
https://www.wnacg.com/photos-view-id-22715326.html
https://www.wnacg.com/photos-view-id-22715320.html
https://www.wnacg.com/photos-view-id-22715297.html
https://www.wnacg.com/photos-index-page-4-aid-276843.html
https://www.wnacg.com/photos-view-id-22715302.html
https://www.wnacg.com/photos-view-id-22715317.html
https://www.wnacg.com/photos-view-id-22715310.html
https://www.wnacg.com/download-index-aid-276843.html
https://www.wnacg.com/photos-view-id-22715303.html
https://www.wnacg.com/photos-view-id-22715313.html
https://www.wnacg.com/photos-view-id-22715309.html
https://www.wnacg.com/photos-view-id-22715327.html
https://www.wnacg.com/photos-view-id-22715323.html
https://www.wnacg.com/photos-view-id-22715292.html
https://www.wnacg.com/photos-view-id-22715307.html
https://www.wnacg.com/photos-view-id-22715301.html
https://www.wnacg.com/photos-index-page-1-aid-276843.html
https://www.wnacg.com/photos-view-id-22715322.html
https://www.wnacg.com/photos-view-id-22715298.html
https://www.wnacg.com/photos-view-id-22715312.html
https://www.wnacg.com/photos-view-id-22715316.html
https://www.wnacg.com/photos-view-id-22715294.html
https://www.wnacg.com/photos-view-id-22715300.html
https://www.wnacg.com/photos-view-id-22715305.html
https://www.wnacg.com/photos-view-id-22715299.html
https://www.wnacg.com/photos-view-id-22715315.html
https://www.wnacg.com/photos-view-id-22715306.html
https://www.wnacg.com/photos-view-id-22715328.html
https://www.wnacg.com/photos-view-id-22715296.html
https://www.wnacg.com/photos-view-id-22715325.html
https://www.wnacg.com/photos-view-id-22715304.html
https://www.wnacg.com/photos-view-id-22715321.html
https://www.wnacg.com/photos-view-id-22715314.html
https://v1.wzip.download/down/2769/16552ac72683a040683625b56048db7f.zip?n=[%E3%81%99%E3%81%BE%E3%81%84%E3%82%8B%E3%81%B5%E3%81%89%E3%82%89%E3%82%93%E3%81%8B%E3%82%93%E3%81%B1%E3%81%AB%E3%81%83%20(%E3%82%80%E3%81%86%E3%81%A4%E3%81%8D%E3%80%81%E9%9B%AA%E4%BB%81)]%20%E3%83%AF%E3%82%AB%E3%83%A9%E3%82%BB%EF%BD%9E%E9%BB%92%E3%82%AE%E3%83%A3%E3%83%AB%E3%82%A2%E3%82%AB%E3%83%8D%E3%81%AE%E3%82%AB%E3%83%83%E3%83%97%E3%83%AB%E5%90%8C%E6%99%82%E5%88%B6%E8%A3%81%EF%BD%9E%EF%BD%9C%E6%95%99%E8%82%B2%E5%B1%88%E5%BE%9E%EF%BD%9E%E9%BB%91%E8%82%89%E8%BE%A3%E5%A6%B9%E6%9C%B1%E9%9F%B3%E7%9A%84%E6%83%85%E4%BE%B6%E5%90%8C%E6%99%82%E5%88%B6%E8%A3%81%EF%BD%9E%20[%E4%B8%AD%E5%9B%BD%E7%BF%BB%E8%A8%B3]%20[%E7%84%A1%E4%BF%AE%E6%AD%A3]%20[DL%E7%89%88]
https://www.wnacg.com/photos-view-id-22715308.html
https://v1.wzip.date/down/2769/16552ac72683a040683625b56048db7f.zip?n=[%E3%81%99%E3%81%BE%E3%81%84%E3%82%8B%E3%81%B5%E3%81%89%E3%82%89%E3%82%93%E3%81%8B%E3%82%93%E3%81%B1%E3%81%AB%E3%81%83%20(%E3%82%80%E3%81%86%E3%81%A4%E3%81%8D%E3%80%81%E9%9B%AA%E4%BB%81)]%20%E3%83%AF%E3%82%AB%E3%83%A9%E3%82%BB%EF%BD%9E%E9%BB%92%E3%82%AE%E3%83%A3%E3%83%AB%E3%82%A2%E3%82%AB%E3%83%8D%E3%81%AE%E3%82%AB%E3%83%83%E3%83%97%E3%83%AB%E5%90%8C%E6%99%82%E5%88%B6%E8%A3%81%EF%BD%9E%EF%BD%9C%E6%95%99%E8%82%B2%E5%B1%88%E5%BE%9E%EF%BD%9E%E9%BB%91%E8%82%89%E8%BE%A3%E5%A6%B9%E6%9C%B1%E9%9F%B3%E7%9A%84%E6%83%85%E4%BE%B6%E5%90%8C%E6%99%82%E5%88%B6%E8%A3%81%EF%BD%9E%20[%E4%B8%AD%E5%9B%BD%E7%BF%BB%E8%A8%B3]%20[%E7%84%A1%E4%BF%AE%E6%AD%A3]%20[DL%E7%89%88]
https://www.wnacg.com/photos-view-id-22715319.html
