/web/20251005133322/https://www.wnacg.com/photos-index-aid-18947.html
/web/20251005133439/https://www.wnacg.com/photos-view-id-1214577.html
/web/20251005133457/https://www.wnacg.com/photos-view-id-1214587.html
/web/20251005133454/https://www.wnacg.com/photos-slide-aid-18947.html
/web/20251005133534/https://www.wnacg.com/photos-view-id-1214586.html
/web/20251005133507/https://www.wnacg.com/photos-index-page-4-aid-18947.html
/web/20251005133535/https://www.wnacg.com/photos-view-id-1214585.html
/web/20251005133501/https://www.wnacg.com/photos-view-id-1214578.html
/web/20251005133454/https://www.wnacg.com/photos-index-page-3-aid-18947.html
/web/20251005133603/https://www.wnacg.com/photos-view-id-1214581.html
/web/20251005133612/https://www.wnacg.com/photos-view-id-1214588.html
/web/20251005133604/https://www.wnacg.com/photos-view-id-1214583.html
/web/20251005133645/https://www.wnacg.com/photos-index-page-2-aid-18947.html
/web/20251005133619/https://www.wnacg.com/photos-index-page-19-aid-18947.html
/web/20251005133719/https://www.wnacg.com/photos-view-id-1214579.html
/web/20251005133729/https://www.wnacg.com/download-index-aid-18947.html
/web/20251005133739/https://www.wnacg.com/photos-view-id-1214584.html
/web/20251005133718/https://www.wnacg.com/photos-view-id-1214582.html
/web/20251005133732/https://www.wnacg.com/photos-index-page-5-aid-18947.html
/web/20251005133836/https://www.wnacg.com/photos-view-id-1214580.html
/web/20251005133855/https://www.wnacg.com/photos-view-id-1214800.html
/web/20251005133909/https://www.wnacg.com/photos-view-id-1214624.html
/web/20251005133923/https://www.wnacg.com/photos-view-id-1214619.html
/web/20251005133925/https://www.wnacg.com/photos-view-id-1214614.html
/web/20251005133908/https://www.wnacg.com/photos-index-page-1-aid-18947.html
/web/20251005134010/https://www.wnacg.com/photos-view-id-1214618.html
/web/20251005134011/https://www.wnacg.com/photos-view-id-1214623.html
/web/20251005134025/https://www.wnacg.com/photos-view-id-1214620.html
/web/20251005134018/https://www.wnacg.com/photos-view-id-1214617.html
/web/20251005134032/https://www.wnacg.com/photos-view-id-1214613.html
/web/20251005134132/https://www.wnacg.com/photos-view-id-1214622.html
/web/20251005134134/https://www.wnacg.com/photos-index-page-6-aid-18947.html
/web/20251005134155/https://www.wnacg.com/photos-view-id-1214615.html
/web/20251005134148/https://www.wnacg.com/photos-view-id-1214621.html
/web/20251005134142/https://www.wnacg.com/photos-view-id-1214616.html
/web/20251005134205/https://www.wnacg.com/photos-index-page-7-aid-18947.html
/web/20251005134251/https://www.wnacg.com/photos-view-id-1214608.html
/web/20251005134257/https://www.wnacg.com/photos-view-id-1214612.html
/web/20251005134249/https://www.wnacg.com/photos-index-page-8-aid-18947.html
/web/20251005134354/https://www.wnacg.com/photos-view-id-1214607.html
/web/20251005134332/https://www.wnacg.com/photos-view-id-1214604.html
/web/20251005134347/https://www.wnacg.com/photos-view-id-1214602.html
/web/20251005134326/https://www.wnacg.com/photos-view-id-1214611.html
/web/20251005134338/https://www.wnacg.com/photos-view-id-1214606.html
/web/20251005134412/https://www.wnacg.com/photos-view-id-1214645.html
/web/20251005134455/https://www.wnacg.com/photos-view-id-1214646.html
/web/20251005134420/https://www.wnacg.com/photos-index-page-10-aid-18947.html
/web/20251005134405/https://www.wnacg.com/photos-view-id-1214642.html
/web/20251005134524/https://www.wnacg.com/photos-view-id-1214640.html
/web/20251005134518/https://www.wnacg.com/photos-view-id-1214639.html
/web/20251005134532/https://www.wnacg.com/photos-view-id-1214638.html
/web/20251005134519/https://www.wnacg.com/photos-view-id-1214647.html
/web/20251005134533/https://www.wnacg.com/photos-view-id-1214637.html
/web/20251005134632/https://www.wnacg.com/photos-view-id-1214644.html
/web/20251005134708/https://www.wnacg.com/photos-view-id-1214650.html
/web/20251005134646/https://www.wnacg.com/photos-view-id-1214656.html
/web/20251005134639/https://www.wnacg.com/photos-view-id-1214643.html
/web/20251005134634/https://www.wnacg.com/photos-view-id-1214641.html
/web/20251005134729/https://www.wnacg.com/photos-view-id-1214652.html
/web/20251005134653/https://www.wnacg.com/photos-view-id-1214660.html
/web/20251005134751/https://www.wnacg.com/photos-view-id-1214655.html
/web/20251005134833/https://www.wnacg.com/photos-view-id-1214649.html
/web/20251005134834/https://www.wnacg.com/photos-index-page-11-aid-18947.html
/web/20251005134806/https://www.wnacg.com/photos-view-id-1214653.html
/web/20251005134759/https://www.wnacg.com/photos-view-id-1214658.html
/web/20251005134752/https://www.wnacg.com/photos-view-id-1214651.html
/web/20251005134902/https://www.wnacg.com/photos-view-id-1214654.html
/web/20251005134903/https://www.wnacg.com/photos-view-id-1214610.html
/web/20251005134936/https://www.wnacg.com/photos-index-page-12-aid-18947.html
/web/20251005134924/https://www.wnacg.com/photos-view-id-1214666.html
/web/20251005134952/https://www.wnacg.com/photos-view-id-1214668.html
/web/20251005134924/https://www.wnacg.com/photos-view-id-1214665.html
/web/20251005135019/https://www.wnacg.com/photos-view-id-1214662.html
/web/20251005135017/https://www.wnacg.com/photos-view-id-1214672.html
/web/20251005135033/https://www.wnacg.com/photos-view-id-1214667.html
/web/20251005135046/https://www.wnacg.com/photos-view-id-1214663.html
/web/20251005135107/https://www.wnacg.com/photos-view-id-1214670.html
/web/20251005135040/https://www.wnacg.com/photos-view-id-1214671.html
/web/20251005135108/https://www.wnacg.com/photos-view-id-1214669.html
/web/20251005135135/https://www.wnacg.com/photos-view-id-1214688.html
/web/20251005135144/https://www.wnacg.com/photos-view-id-1214692.html
/web/20251005135139/https://www.wnacg.com/photos-view-id-1214691.html
/web/20251005135227/https://www.wnacg.com/photos-view-id-1214695.html
/web/20251005135256/https://www.wnacg.com/photos-view-id-1214696.html
/web/20251005135345/https://www.wnacg.com/photos-view-id-1214689.html
/web/20251005135234/https://www.wnacg.com/photos-view-id-1214690.html
/web/20251005135310/https://www.wnacg.com/photos-view-id-1214693.html
/web/20251005135338/https://www.wnacg.com/photos-view-id-1214687.html
/web/20251005135255/https://www.wnacg.com/photos-index-page-14-aid-18947.html
/web/20251005135307/https://www.wnacg.com/photos-view-id-1214694.html
/web/20251005135346/https://www.wnacg.com/photos-view-id-1214686.html
/web/20251005135415/https://www.wnacg.com/photos-view-id-1214648.html
/web/20251005135413/https://www.wnacg.com/photos-index-page-13-aid-18947.html
/web/20251005135422/https://www.wnacg.com/photos-view-id-1214657.html
/web/20251005135451/https://www.wnacg.com/photos-view-id-1214661.html
/web/20251005135449/https://www.wnacg.com/photos-view-id-1214659.html
/web/20251005135524/https://www.wnacg.com/photos-view-id-1214605.html
/web/20251005135532/https://www.wnacg.com/photos-view-id-1214708.html
/web/20251005135525/https://www.wnacg.com/photos-view-id-1214699.html
/web/20251005135539/https://www.wnacg.com/photos-view-id-1214701.html
/web/20251005135605/https://www.wnacg.com/photos-view-id-1214700.html
/web/20251005135608/https://www.wnacg.com/photos-view-id-1214706.html
/web/20251005135622/https://www.wnacg.com/photos-view-id-1214702.html
/web/20251005135650/https://www.wnacg.com/photos-view-id-1214697.html
/web/20251005135645/https://www.wnacg.com/photos-view-id-1214703.html
/web/20251005135725/https://www.wnacg.com/photos-view-id-1214698.html
/web/20251005135740/https://www.wnacg.com/photos-view-id-1214710.html
/web/20251005135735/https://www.wnacg.com/photos-view-id-1214705.html
/web/20251005135747/https://www.wnacg.com/photos-view-id-1214721.html
/web/20251005135740/https://www.wnacg.com/photos-view-id-1214716.html
/web/20251005135847/https://www.wnacg.com/photos-view-id-1214709.html
/web/20251005135849/https://www.wnacg.com/photos-view-id-1214717.html
/web/20251005135856/https://www.wnacg.com/photos-view-id-1214711.html
/web/20251005135918/https://www.wnacg.com/photos-view-id-1214713.html
/web/20251005135910/https://www.wnacg.com/photos-view-id-1214720.html
/web/20251005135903/https://www.wnacg.com/photos-view-id-1214719.html
/web/20251005135924/https://www.wnacg.com/photos-view-id-1214718.html
/web/20251005135953/https://www.wnacg.com/photos-view-id-1214714.html
/web/20251005140024/https://www.wnacg.com/photos-view-id-1214673.html
/web/20251005140104/https://www.wnacg.com/photos-view-id-1214745.html
/web/20251005140117/https://www.wnacg.com/photos-view-id-1214740.html
/web/20251005140031/https://www.wnacg.com/photos-view-id-1214737.html
/web/20251005140027/https://www.wnacg.com/photos-view-id-1214664.html
/web/20251005140113/https://www.wnacg.com/photos-view-id-1214735.html
/web/20251005140139/https://www.wnacg.com/photos-view-id-1214743.html
/web/20251005140155/https://www.wnacg.com/photos-view-id-1214744.html
/web/20251005140211/https://www.wnacg.com/photos-view-id-1214738.html
/web/20251005140224/https://www.wnacg.com/photos-view-id-1214741.html
/web/20251005140246/https://www.wnacg.com/photos-view-id-1214739.html
/web/20251005140218/https://www.wnacg.com/photos-view-id-1214746.html
/web/20251005140345/https://www.wnacg.com/photos-view-id-1214685.html
/web/20251005140332/https://www.wnacg.com/photos-view-id-1214730.html
/web/20251005140335/https://www.wnacg.com/photos-view-id-1214736.html
/web/20251005140400/https://www.wnacg.com/photos-view-id-1214726.html
/web/20251005140422/https://www.wnacg.com/photos-view-id-1214725.html
/web/20251005140438/https://www.wnacg.com/photos-view-id-1214733.html
/web/20251005140441/https://www.wnacg.com/photos-view-id-1214734.html
/web/20251005140408/https://www.wnacg.com/photos-view-id-1214723.html
/web/20251005140521/https://www.wnacg.com/photos-view-id-1214729.html
/web/20251005140524/https://www.wnacg.com/photos-view-id-1214732.html
/web/20251005140542/https://www.wnacg.com/photos-view-id-1214722.html
/web/20251005140555/https://www.wnacg.com/photos-view-id-1214609.html
/web/20251005140528/https://www.wnacg.com/photos-view-id-1214727.html
/web/20251005140542/https://www.wnacg.com/photos-view-id-1214724.html
/web/20251005140616/https://www.wnacg.com/photos-view-id-1214707.html
/web/20251005140634/https://www.wnacg.com/photos-view-id-1214715.html
/web/20251005140648/https://www.wnacg.com/photos-view-id-1214704.html
/web/20251005140656/https://www.wnacg.com/photos-view-id-1214742.html
/web/20251005140720/https://www.wnacg.com/photos-view-id-1214674.html
/web/20251005140744/https://www.wnacg.com/photos-view-id-1214684.html
/web/20251005140743/https://www.wnacg.com/photos-view-id-1214747.html
/web/20251005140758/https://www.wnacg.com/photos-view-id-1214601.html
/web/20251005140806/https://www.wnacg.com/photos-view-id-1214603.html
/web/20251005140826/https://www.wnacg.com/photos-view-id-1214728.html
/web/20251005140848/https://www.wnacg.com/photos-view-id-1214596.html
/web/20251005140832/https://www.wnacg.com/photos-view-id-1214589.html
/web/20251005140833/https://www.wnacg.com/photos-view-id-1214597.html
/web/20251005140920/https://www.wnacg.com/photos-view-id-1214598.html
/web/20251005140937/https://www.wnacg.com/photos-view-id-1214600.html
/web/20251005140949/https://www.wnacg.com/photos-view-id-1214593.html
/web/20251005141012/https://www.wnacg.com/photos-view-id-1214594.html
/web/20251005141005/https://www.wnacg.com/photos-view-id-1214590.html
/web/20251005140953/https://www.wnacg.com/photos-view-id-1214599.html
/web/20251005140959/https://www.wnacg.com/photos-view-id-1214592.html
/web/20251005141054/https://www.wnacg.com/photos-view-id-1214595.html
/web/20251005141043/https://www.wnacg.com/photos-view-id-1214591.html
/web/20251005141121/https://www.wnacg.com/photos-view-id-1214748.html
/web/20251005141109/https://www.wnacg.com/photos-view-id-1214683.html
/web/20251005141202/https://www.wnacg.com/photos-view-id-1214799.html
/web/20251005141103/https://www.wnacg.com/photos-view-id-1214675.html
/web/20251005141150/https://www.wnacg.com/photos-view-id-1214797.html
/web/20251005141124/https://www.wnacg.com/photos-index-page-15-aid-18947.html
/web/20251005141212/https://www.wnacg.com/photos-index-page-16-aid-18947.html
/web/20251005141230/https://www.wnacg.com/photos-index-page-17-aid-18947.html
/web/20251005141213/https://www.wnacg.com/photos-view-id-1214795.html
/web/20251005141229/https://www.wnacg.com/photos-view-id-1214798.html
/web/20251005141303/https://www.wnacg.com/photos-view-id-1214796.html
/web/20251005141236/https://www.wnacg.com/photos-index-page-18-aid-18947.html
/web/20251005141341/https://www.wnacg.com/photos-view-id-1214627.html
/web/20251005141329/https://v1.wzip.download/down/0190/0402da535e9c9c5661009218683fb0a8.zip?n=%5B%E8%A5%BF%E3%81%97%E3%81%9A%E3%82%80%5D%20%E3%83%89S%E5%A5%B3%E5%AD%90%E4%BC%9A%20%E8%B6%85S%E5%A5%B3%E5%AD%90%E6%9C%83
/web/20251005141334/https://www.wnacg.com/photos-view-id-1214636.html
/web/20251005141333/https://v1.wzip.date/down/0190/0402da535e9c9c5661009218683fb0a8.zip?n=%5B%E8%A5%BF%E3%81%97%E3%81%9A%E3%82%80%5D%20%E3%83%89S%E5%A5%B3%E5%AD%90%E4%BC%9A%20%E8%B6%85S%E5%A5%B3%E5%AD%90%E6%9C%83
/web/20251005141414/https://www.wnacg.com/photos-view-id-1214625.html
/web/20251005141435/https://www.wnacg.com/photos-view-id-1214631.html
/web/20251005141436/https://www.wnacg.com/photos-view-id-1214628.html
/web/20251005141451/https://www.wnacg.com/photos-index-page-9-aid-18947.html
/web/20251005141444/https://www.wnacg.com/photos-view-id-1214633.html
/web/20251005141544/https://www.wnacg.com/photos-view-id-1214632.html
/web/20251005141546/https://www.wnacg.com/photos-view-id-1214629.html
/web/20251005141550/https://www.wnacg.com/photos-view-id-1214630.html
/web/20251005141614/https://www.wnacg.com/photos-view-id-1214749.html
/web/20251005141559/https://www.wnacg.com/photos-view-id-1214635.html
/web/20251005141605/https://www.wnacg.com/photos-view-id-1214626.html
/web/20251005141616/https://www.wnacg.com/photos-view-id-1214682.html
/web/20251005141702/https://www.wnacg.com/photos-view-id-1214756.html
/web/20251005141726/https://www.wnacg.com/photos-view-id-1214758.html
/web/20251005141703/https://www.wnacg.com/photos-view-id-1214752.html
/web/20251005141718/https://www.wnacg.com/photos-view-id-1214754.html
/web/20251005141722/https://www.wnacg.com/photos-view-id-1214750.html
/web/20251005141812/https://www.wnacg.com/photos-view-id-1214755.html
/web/20251005141822/https://www.wnacg.com/photos-view-id-1214753.html
/web/20251005141834/https://www.wnacg.com/photos-view-id-1214766.html
/web/20251005141830/https://www.wnacg.com/photos-view-id-1214751.html
/web/20251005141827/https://www.wnacg.com/photos-view-id-1214765.html
/web/20251005141929/https://www.wnacg.com/photos-view-id-1214769.html
/web/20251005141937/https://www.wnacg.com/photos-view-id-1214762.html
/web/20251005141930/https://www.wnacg.com/photos-view-id-1214764.html
/web/20251005141951/https://www.wnacg.com/photos-view-id-1214759.html
/web/20251005141944/https://www.wnacg.com/photos-view-id-1214763.html
/web/20251005142051/https://www.wnacg.com/photos-view-id-1214770.html
/web/20251005142053/https://www.wnacg.com/photos-view-id-1214761.html
/web/20251005142101/https://www.wnacg.com/photos-view-id-1214760.html
/web/20251005142115/https://www.wnacg.com/photos-view-id-1214767.html
/web/20251005142111/https://www.wnacg.com/photos-view-id-1214768.html
/web/20251005142156/https://www.wnacg.com/photos-view-id-1214782.html
/web/20251005142205/https://www.wnacg.com/photos-view-id-1214777.html
/web/20251005142128/https://www.wnacg.com/photos-view-id-1214775.html
/web/20251005142122/https://www.wnacg.com/photos-view-id-1214771.html
/web/20251005142228/https://www.wnacg.com/photos-view-id-1214781.html
/web/20251005142243/https://www.wnacg.com/photos-view-id-1214776.html
/web/20251005142235/https://www.wnacg.com/photos-view-id-1214774.html
/web/20251005142325/https://www.wnacg.com/photos-view-id-1214778.html
/web/20251005142230/https://www.wnacg.com/photos-view-id-1214780.html
/web/20251005142334/https://www.wnacg.com/photos-view-id-1214794.html
/web/20251005142310/https://www.wnacg.com/photos-view-id-1214779.html
/web/20251005142319/https://www.wnacg.com/photos-view-id-1214772.html
/web/20251005142311/https://www.wnacg.com/photos-view-id-1214773.html
/web/20251005142416/https://www.wnacg.com/photos-view-id-1214784.html
/web/20251005142424/https://www.wnacg.com/photos-view-id-1214790.html
/web/20251005142419/https://www.wnacg.com/photos-view-id-1214787.html
/web/20251005142438/https://www.wnacg.com/photos-view-id-1214785.html
/web/20251005142431/https://www.wnacg.com/photos-view-id-1214789.html
/web/20251005142530/https://www.wnacg.com/photos-view-id-1214783.html
/web/20251005142537/https://www.wnacg.com/photos-view-id-1214788.html
/web/20251005142532/https://www.wnacg.com/photos-view-id-1214791.html
/web/20251005142554/https://www.wnacg.com/photos-view-id-1214792.html
/web/20251005142602/https://www.wnacg.com/photos-view-id-1214786.html
/web/20251005142647/https://www.wnacg.com/photos-view-id-1214793.html
/web/20251005142712/https://www.wnacg.com/photos-view-id-1214677.html
/web/20251005142717/https://www.wnacg.com/photos-view-id-1214680.html
/web/20251005142726/https://www.wnacg.com/photos-view-id-1214678.html
/web/20251005142738/https://www.wnacg.com/photos-view-id-1214681.html
/web/20251005142734/https://www.wnacg.com/photos-view-id-1214679.html
/web/20251005142829/https://www.wnacg.com/photos-view-id-1214634.html
/web/20251005142834/https://www.wnacg.com/photos-view-id-1214757.html
