https://www.wnacg.com/photos-index-aid-18947.html
https://www.wnacg.com/photos-view-id-1214577.html
https://www.wnacg.com/photos-view-id-1214587.html
https://www.wnacg.com/photos-slide-aid-18947.html
https://www.wnacg.com/photos-view-id-1214586.html
https://www.wnacg.com/photos-index-page-4-aid-18947.html
https://www.wnacg.com/photos-view-id-1214585.html
https://www.wnacg.com/photos-view-id-1214578.html
https://www.wnacg.com/photos-index-page-3-aid-18947.html
https://www.wnacg.com/photos-view-id-1214581.html
https://www.wnacg.com/photos-view-id-1214588.html
https://www.wnacg.com/photos-view-id-1214583.html
https://www.wnacg.com/photos-index-page-2-aid-18947.html
https://www.wnacg.com/photos-index-page-19-aid-18947.html
https://www.wnacg.com/photos-view-id-1214579.html
https://www.wnacg.com/download-index-aid-18947.html
https://www.wnacg.com/photos-view-id-1214584.html
https://www.wnacg.com/photos-view-id-1214582.html
https://www.wnacg.com/photos-index-page-5-aid-18947.html
https://www.wnacg.com/photos-view-id-1214580.html
https://www.wnacg.com/photos-view-id-1214800.html
https://www.wnacg.com/photos-view-id-1214624.html
https://www.wnacg.com/photos-view-id-1214619.html
https://www.wnacg.com/photos-view-id-1214614.html
https://www.wnacg.com/photos-index-page-1-aid-18947.html
https://www.wnacg.com/photos-view-id-1214618.html
https://www.wnacg.com/photos-view-id-1214623.html
https://www.wnacg.com/photos-view-id-1214620.html
https://www.wnacg.com/photos-view-id-1214617.html
https://www.wnacg.com/photos-view-id-1214613.html
https://www.wnacg.com/photos-view-id-1214622.html
https://www.wnacg.com/photos-index-page-6-aid-18947.html
https://www.wnacg.com/photos-view-id-1214615.html
https://www.wnacg.com/photos-view-id-1214621.html
https://www.wnacg.com/photos-view-id-1214616.html
https://www.wnacg.com/photos-index-page-7-aid-18947.html
https://www.wnacg.com/photos-view-id-1214608.html
https://www.wnacg.com/photos-view-id-1214612.html
https://www.wnacg.com/photos-index-page-8-aid-18947.html
https://www.wnacg.com/photos-view-id-1214607.html
https://www.wnacg.com/photos-view-id-1214604.html
https://www.wnacg.com/photos-view-id-1214602.html
https://www.wnacg.com/photos-view-id-1214611.html
https://www.wnacg.com/photos-view-id-1214606.html
https://www.wnacg.com/photos-view-id-1214645.html
https://www.wnacg.com/photos-view-id-1214646.html
https://www.wnacg.com/photos-index-page-10-aid-18947.html
https://www.wnacg.com/photos-view-id-1214642.html
https://www.wnacg.com/photos-view-id-1214640.html
https://www.wnacg.com/photos-view-id-1214639.html
https://www.wnacg.com/photos-view-id-1214638.html
https://www.wnacg.com/photos-view-id-1214647.html
https://www.wnacg.com/photos-view-id-1214637.html
https://www.wnacg.com/photos-view-id-1214644.html
https://www.wnacg.com/photos-view-id-1214650.html
https://www.wnacg.com/photos-view-id-1214656.html
https://www.wnacg.com/photos-view-id-1214643.html
https://www.wnacg.com/photos-view-id-1214641.html
https://www.wnacg.com/photos-view-id-1214652.html
https://www.wnacg.com/photos-view-id-1214660.html
https://www.wnacg.com/photos-view-id-1214655.html
https://www.wnacg.com/photos-view-id-1214649.html
https://www.wnacg.com/photos-index-page-11-aid-18947.html
https://www.wnacg.com/photos-view-id-1214653.html
https://www.wnacg.com/photos-view-id-1214658.html
https://www.wnacg.com/photos-view-id-1214651.html
https://www.wnacg.com/photos-view-id-1214654.html
https://www.wnacg.com/photos-view-id-1214610.html
https://www.wnacg.com/photos-index-page-12-aid-18947.html
https://www.wnacg.com/photos-view-id-1214666.html
https://www.wnacg.com/photos-view-id-1214668.html
https://www.wnacg.com/photos-view-id-1214665.html
https://www.wnacg.com/photos-view-id-1214662.html
https://www.wnacg.com/photos-view-id-1214672.html
https://www.wnacg.com/photos-view-id-1214667.html
https://www.wnacg.com/photos-view-id-1214663.html
https://www.wnacg.com/photos-view-id-1214670.html
https://www.wnacg.com/photos-view-id-1214671.html
https://www.wnacg.com/photos-view-id-1214669.html
https://www.wnacg.com/photos-view-id-1214688.html
https://www.wnacg.com/photos-view-id-1214692.html
https://www.wnacg.com/photos-view-id-1214691.html
https://www.wnacg.com/photos-view-id-1214695.html
https://www.wnacg.com/photos-view-id-1214696.html
https://www.wnacg.com/photos-view-id-1214689.html
https://www.wnacg.com/photos-view-id-1214690.html
https://www.wnacg.com/photos-view-id-1214693.html
https://www.wnacg.com/photos-view-id-1214687.html
https://www.wnacg.com/photos-index-page-14-aid-18947.html
https://www.wnacg.com/photos-view-id-1214694.html
https://www.wnacg.com/photos-view-id-1214686.html
https://www.wnacg.com/photos-view-id-1214648.html
https://www.wnacg.com/photos-index-page-13-aid-18947.html
https://www.wnacg.com/photos-view-id-1214657.html
https://www.wnacg.com/photos-view-id-1214661.html
https://www.wnacg.com/photos-view-id-1214659.html
https://www.wnacg.com/photos-view-id-1214605.html
https://www.wnacg.com/photos-view-id-1214708.html
https://www.wnacg.com/photos-view-id-1214699.html
https://www.wnacg.com/photos-view-id-1214701.html
https://www.wnacg.com/photos-view-id-1214700.html
https://www.wnacg.com/photos-view-id-1214706.html
https://www.wnacg.com/photos-view-id-1214702.html
https://www.wnacg.com/photos-view-id-1214697.html
https://www.wnacg.com/photos-view-id-1214703.html
https://www.wnacg.com/photos-view-id-1214698.html
https://www.wnacg.com/photos-view-id-1214710.html
https://www.wnacg.com/photos-view-id-1214705.html
https://www.wnacg.com/photos-view-id-1214721.html
https://www.wnacg.com/photos-view-id-1214716.html
https://www.wnacg.com/photos-view-id-1214709.html
https://www.wnacg.com/photos-view-id-1214717.html
https://www.wnacg.com/photos-view-id-1214711.html
https://www.wnacg.com/photos-view-id-1214713.html
https://www.wnacg.com/photos-view-id-1214720.html
https://www.wnacg.com/photos-view-id-1214719.html
https://www.wnacg.com/photos-view-id-1214718.html
https://www.wnacg.com/photos-view-id-1214714.html
https://www.wnacg.com/photos-view-id-1214673.html
https://www.wnacg.com/photos-view-id-1214745.html
https://www.wnacg.com/photos-view-id-1214740.html
https://www.wnacg.com/photos-view-id-1214737.html
https://www.wnacg.com/photos-view-id-1214664.html
https://www.wnacg.com/photos-view-id-1214735.html
https://www.wnacg.com/photos-view-id-1214743.html
https://www.wnacg.com/photos-view-id-1214744.html
https://www.wnacg.com/photos-view-id-1214738.html
https://www.wnacg.com/photos-view-id-1214741.html
https://www.wnacg.com/photos-view-id-1214739.html
https://www.wnacg.com/photos-view-id-1214746.html
https://www.wnacg.com/photos-view-id-1214685.html
https://www.wnacg.com/photos-view-id-1214730.html
https://www.wnacg.com/photos-view-id-1214736.html
https://www.wnacg.com/photos-view-id-1214726.html
https://www.wnacg.com/photos-view-id-1214725.html
https://www.wnacg.com/photos-view-id-1214733.html
https://www.wnacg.com/photos-view-id-1214734.html
https://www.wnacg.com/photos-view-id-1214723.html
https://www.wnacg.com/photos-view-id-1214729.html
https://www.wnacg.com/photos-view-id-1214732.html
https://www.wnacg.com/photos-view-id-1214722.html
https://www.wnacg.com/photos-view-id-1214609.html
https://www.wnacg.com/photos-view-id-1214727.html
https://www.wnacg.com/photos-view-id-1214724.html
https://www.wnacg.com/photos-view-id-1214707.html
https://www.wnacg.com/photos-view-id-1214715.html
https://www.wnacg.com/photos-view-id-1214704.html
https://www.wnacg.com/photos-view-id-1214742.html
https://www.wnacg.com/photos-view-id-1214674.html
https://www.wnacg.com/photos-view-id-1214684.html
https://www.wnacg.com/photos-view-id-1214747.html
https://www.wnacg.com/photos-view-id-1214601.html
https://www.wnacg.com/photos-view-id-1214603.html
https://www.wnacg.com/photos-view-id-1214728.html
https://www.wnacg.com/photos-view-id-1214596.html
https://www.wnacg.com/photos-view-id-1214589.html
https://www.wnacg.com/photos-view-id-1214597.html
https://www.wnacg.com/photos-view-id-1214598.html
https://www.wnacg.com/photos-view-id-1214600.html
https://www.wnacg.com/photos-view-id-1214593.html
https://www.wnacg.com/photos-view-id-1214594.html
https://www.wnacg.com/photos-view-id-1214590.html
https://www.wnacg.com/photos-view-id-1214599.html
https://www.wnacg.com/photos-view-id-1214592.html
https://www.wnacg.com/photos-view-id-1214595.html
https://www.wnacg.com/photos-view-id-1214591.html
https://www.wnacg.com/photos-view-id-1214748.html
https://www.wnacg.com/photos-view-id-1214683.html
https://www.wnacg.com/photos-view-id-1214799.html
https://www.wnacg.com/photos-view-id-1214675.html
https://www.wnacg.com/photos-view-id-1214797.html
https://www.wnacg.com/photos-index-page-15-aid-18947.html
https://www.wnacg.com/photos-index-page-16-aid-18947.html
https://www.wnacg.com/photos-index-page-17-aid-18947.html
https://www.wnacg.com/photos-view-id-1214795.html
https://www.wnacg.com/photos-view-id-1214798.html
https://www.wnacg.com/photos-view-id-1214796.html
https://www.wnacg.com/photos-index-page-18-aid-18947.html
https://www.wnacg.com/photos-view-id-1214627.html
https://v1.wzip.download/down/0190/0402da535e9c9c5661009218683fb0a8.zip?n=[%E8%A5%BF%E3%81%97%E3%81%9A%E3%82%80]%20%E3%83%89S%E5%A5%B3%E5%AD%90%E4%BC%9A%20%E8%B6%85S%E5%A5%B3%E5%AD%90%E6%9C%83
https://www.wnacg.com/photos-view-id-1214636.html
https://v1.wzip.date/down/0190/0402da535e9c9c5661009218683fb0a8.zip?n=[%E8%A5%BF%E3%81%97%E3%81%9A%E3%82%80]%20%E3%83%89S%E5%A5%B3%E5%AD%90%E4%BC%9A%20%E8%B6%85S%E5%A5%B3%E5%AD%90%E6%9C%83
https://www.wnacg.com/photos-view-id-1214625.html
https://www.wnacg.com/photos-view-id-1214631.html
https://www.wnacg.com/photos-view-id-1214628.html
https://www.wnacg.com/photos-index-page-9-aid-18947.html
https://www.wnacg.com/photos-view-id-1214633.html
https://www.wnacg.com/photos-view-id-1214632.html
https://www.wnacg.com/photos-view-id-1214629.html
https://www.wnacg.com/photos-view-id-1214630.html
https://www.wnacg.com/photos-view-id-1214749.html
https://www.wnacg.com/photos-view-id-1214635.html
https://www.wnacg.com/photos-view-id-1214626.html
https://www.wnacg.com/photos-view-id-1214682.html
https://www.wnacg.com/photos-view-id-1214756.html
https://www.wnacg.com/photos-view-id-1214758.html
https://www.wnacg.com/photos-view-id-1214752.html
https://www.wnacg.com/photos-view-id-1214754.html
https://www.wnacg.com/photos-view-id-1214750.html
https://www.wnacg.com/photos-view-id-1214755.html
https://www.wnacg.com/photos-view-id-1214753.html
https://www.wnacg.com/photos-view-id-1214766.html
https://www.wnacg.com/photos-view-id-1214751.html
https://www.wnacg.com/photos-view-id-1214765.html
https://www.wnacg.com/photos-view-id-1214769.html
https://www.wnacg.com/photos-view-id-1214762.html
https://www.wnacg.com/photos-view-id-1214764.html
https://www.wnacg.com/photos-view-id-1214759.html
https://www.wnacg.com/photos-view-id-1214763.html
https://www.wnacg.com/photos-view-id-1214770.html
https://www.wnacg.com/photos-view-id-1214761.html
https://www.wnacg.com/photos-view-id-1214760.html
https://www.wnacg.com/photos-view-id-1214767.html
https://www.wnacg.com/photos-view-id-1214768.html
https://www.wnacg.com/photos-view-id-1214782.html
https://www.wnacg.com/photos-view-id-1214777.html
https://www.wnacg.com/photos-view-id-1214775.html
https://www.wnacg.com/photos-view-id-1214771.html
https://www.wnacg.com/photos-view-id-1214781.html
https://www.wnacg.com/photos-view-id-1214776.html
https://www.wnacg.com/photos-view-id-1214774.html
https://www.wnacg.com/photos-view-id-1214778.html
https://www.wnacg.com/photos-view-id-1214780.html
https://www.wnacg.com/photos-view-id-1214794.html
https://www.wnacg.com/photos-view-id-1214779.html
https://www.wnacg.com/photos-view-id-1214772.html
https://www.wnacg.com/photos-view-id-1214773.html
https://www.wnacg.com/photos-view-id-1214784.html
https://www.wnacg.com/photos-view-id-1214790.html
https://www.wnacg.com/photos-view-id-1214787.html
https://www.wnacg.com/photos-view-id-1214785.html
https://www.wnacg.com/photos-view-id-1214789.html
https://www.wnacg.com/photos-view-id-1214783.html
https://www.wnacg.com/photos-view-id-1214788.html
https://www.wnacg.com/photos-view-id-1214791.html
https://www.wnacg.com/photos-view-id-1214792.html
https://www.wnacg.com/photos-view-id-1214786.html
https://www.wnacg.com/photos-view-id-1214793.html
https://www.wnacg.com/photos-view-id-1214677.html
https://www.wnacg.com/photos-view-id-1214680.html
https://www.wnacg.com/photos-view-id-1214678.html
https://www.wnacg.com/photos-view-id-1214681.html
https://www.wnacg.com/photos-view-id-1214679.html
https://www.wnacg.com/photos-view-id-1214634.html
https://www.wnacg.com/photos-view-id-1214757.html
