/web/20251005070100/https://www.wnacg.com/photos-index-aid-92677.html
/web/20251005070124/https://www.wnacg.com/photos-view-id-7414787.html
/web/20251005070120/https://www.wnacg.com/photos-view-id-7414776.html
/web/20251005070131/https://www.wnacg.com/photos-index-page-18-aid-92677.html
/web/20251005070138/https://www.wnacg.com/photos-view-id-7414792.html
/web/20251005070145/https://www.wnacg.com/photos-view-id-7414779.html
/web/20251005070222/https://www.wnacg.com/photos-view-id-7414791.html
/web/20251005070223/https://www.wnacg.com/photos-view-id-7414785.html
/web/20251005070230/https://www.wnacg.com/photos-view-id-7414781.html
/web/20251005070244/https://www.wnacg.com/photos-view-id-7414789.html
/web/20251005070305/https://www.wnacg.com/photos-index-page-2-aid-92677.html
/web/20251005070237/https://www.wnacg.com/photos-view-id-7414784.html
/web/20251005070341/https://www.wnacg.com/photos-index-page-4-aid-92677.html
/web/20251005070327/https://www.wnacg.com/photos-view-id-7414793.html
/web/20251005070404/https://www.wnacg.com/photos-index-page-3-aid-92677.html
/web/20251005070334/https://www.wnacg.com/photos-index-page-5-aid-92677.html
/web/20251005070326/https://www.wnacg.com/photos-slide-aid-92677.html
/web/20251005070411/https://www.wnacg.com/photos-view-id-7414782.html
/web/20251005070439/https://www.wnacg.com/photos-view-id-7414786.html
/web/20251005070440/https://www.wnacg.com/download-index-aid-92677.html
/web/20251005070505/https://www.wnacg.com/photos-view-id-7415369.html
/web/20251005070519/https://www.wnacg.com/photos-index-page-16-aid-92677.html
/web/20251005070512/https://www.wnacg.com/photos-view-id-7415362.html
/web/20251005070546/https://www.wnacg.com/photos-index-page-15-aid-92677.html
/web/20251005070625/https://www.wnacg.com/photos-view-id-7415363.html
/web/20251005070608/https://www.wnacg.com/photos-view-id-7415358.html
/web/20251005070616/https://www.wnacg.com/photos-view-id-7415367.html
/web/20251005070609/https://www.wnacg.com/photos-index-page-1-aid-92677.html
/web/20251005070652/https://www.wnacg.com/photos-view-id-7415364.html
/web/20251005070728/https://www.wnacg.com/photos-view-id-7414799.html
/web/20251005070715/https://www.wnacg.com/photos-view-id-7414807.html
/web/20251005070712/https://www.wnacg.com/photos-index-page-14-aid-92677.html
/web/20251005070657/https://www.wnacg.com/photos-index-page-17-aid-92677.html
/web/20251005070802/https://www.wnacg.com/photos-view-id-7414809.html
/web/20251005070747/https://www.wnacg.com/photos-view-id-7414806.html
/web/20251005070858/https://www.wnacg.com/photos-view-id-7414816.html
/web/20251005070923/https://www.wnacg.com/photos-view-id-7414795.html
/web/20251005070945/https://www.wnacg.com/photos-view-id-7414808.html
/web/20251005070953/https://www.wnacg.com/photos-view-id-7414814.html
/web/20251005071037/https://www.wnacg.com/photos-view-id-7414804.html
/web/20251005071036/https://www.wnacg.com/photos-view-id-7415319.html
/web/20251005071105/https://www.wnacg.com/photos-view-id-7415331.html
/web/20251005071038/https://www.wnacg.com/photos-index-page-6-aid-92677.html
/web/20251005071032/https://www.wnacg.com/photos-view-id-7414798.html
/web/20251005071142/https://www.wnacg.com/photos-view-id-7414801.html
/web/20251005071243/https://www.wnacg.com/photos-view-id-7415320.html
/web/20251005071305/https://www.wnacg.com/photos-view-id-7415313.html
/web/20251005071244/https://www.wnacg.com/photos-view-id-7415318.html
/web/20251005071255/https://www.wnacg.com/photos-view-id-7415315.html
/web/20251005071239/https://www.wnacg.com/photos-index-page-13-aid-92677.html
/web/20251005071315/https://www.wnacg.com/photos-view-id-7415307.html
/web/20251005071419/https://www.wnacg.com/photos-view-id-7415329.html
/web/20251005071335/https://www.wnacg.com/photos-view-id-7415326.html
/web/20251005071354/https://www.wnacg.com/photos-index-page-12-aid-92677.html
/web/20251005071427/https://www.wnacg.com/photos-view-id-7415306.html
/web/20251005071518/https://www.wnacg.com/photos-view-id-7415311.html
/web/20251005071539/https://www.wnacg.com/photos-view-id-7415327.html
/web/20251005071551/https://www.wnacg.com/photos-view-id-7415290.html
/web/20251005071526/https://www.wnacg.com/photos-view-id-7415291.html
/web/20251005071558/https://www.wnacg.com/photos-view-id-7415301.html
/web/20251005071608/https://www.wnacg.com/photos-view-id-7415281.html
/web/20251005071607/https://www.wnacg.com/photos-view-id-7415295.html
/web/20251005071618/https://www.wnacg.com/photos-index-page-11-aid-92677.html
/web/20251005071650/https://www.wnacg.com/photos-view-id-7415286.html
/web/20251005071701/https://www.wnacg.com/photos-view-id-7415303.html
/web/20251005071718/https://www.wnacg.com/photos-view-id-7415283.html
/web/20251005071717/https://www.wnacg.com/photos-view-id-7415296.html
/web/20251005071741/https://www.wnacg.com/photos-view-id-7415278.html
/web/20251005071758/https://www.wnacg.com/photos-view-id-7415356.html
/web/20251005071759/https://www.wnacg.com/photos-view-id-7415262.html
/web/20251005071836/https://www.wnacg.com/photos-view-id-7415265.html
/web/20251005071749/https://www.wnacg.com/photos-view-id-7415297.html
/web/20251005071832/https://www.wnacg.com/photos-index-page-10-aid-92677.html
/web/20251005071835/https://www.wnacg.com/photos-view-id-7415251.html
/web/20251005071851/https://www.wnacg.com/photos-view-id-7415276.html
/web/20251005071902/https://www.wnacg.com/photos-view-id-7415245.html
/web/20251005071906/https://www.wnacg.com/photos-view-id-7415268.html
/web/20251005071940/https://www.wnacg.com/photos-view-id-7415270.html
/web/20251005071941/https://www.wnacg.com/photos-view-id-7415274.html
/web/20251005072013/https://www.wnacg.com/photos-view-id-7415264.html
/web/20251005072032/https://www.wnacg.com/photos-view-id-7415339.html
/web/20251005072022/https://www.wnacg.com/photos-view-id-7415343.html
/web/20251005072019/https://www.wnacg.com/photos-view-id-7415248.html
/web/20251005072057/https://www.wnacg.com/photos-view-id-7415352.html
/web/20251005072031/https://www.wnacg.com/photos-view-id-7415344.html
/web/20251005072123/https://www.wnacg.com/photos-view-id-7415345.html
/web/20251005072125/https://www.wnacg.com/photos-view-id-7415334.html
/web/20251005072216/https://www.wnacg.com/photos-view-id-7415350.html
/web/20251005072145/https://www.wnacg.com/photos-view-id-7415349.html
/web/20251005072213/https://www.wnacg.com/photos-view-id-7415337.html
/web/20251005072145/https://www.wnacg.com/photos-view-id-7415338.html
/web/20251005072256/https://www.wnacg.com/photos-view-id-7415353.html
/web/20251005072317/https://www.wnacg.com/photos-view-id-7414915.html
/web/20251005072318/https://www.wnacg.com/photos-index-page-9-aid-92677.html
/web/20251005072242/https://www.wnacg.com/photos-view-id-7414938.html
/web/20251005072354/https://www.wnacg.com/photos-view-id-7414937.html
/web/20251005072354/https://www.wnacg.com/photos-view-id-7414931.html
/web/20251005072400/https://www.wnacg.com/photos-view-id-7414794.html
/web/20251005072356/https://www.wnacg.com/photos-view-id-7414941.html
/web/20251005072448/https://www.wnacg.com/photos-view-id-7414922.html
/web/20251005072420/https://www.wnacg.com/photos-view-id-7414914.html
/web/20251005072434/https://www.wnacg.com/photos-view-id-7414925.html
/web/20251005072510/https://www.wnacg.com/photos-view-id-7414932.html
/web/20251005072538/https://www.wnacg.com/photos-view-id-7415226.html
/web/20251005072503/https://www.wnacg.com/photos-view-id-7414918.html
/web/20251005072537/https://www.wnacg.com/photos-view-id-7414935.html
/web/20251005072603/https://www.wnacg.com/photos-view-id-7415231.html
/web/20251005072537/https://www.wnacg.com/photos-view-id-7415325.html
/web/20251005072545/https://www.wnacg.com/photos-view-id-7415207.html
/web/20251005072609/https://www.wnacg.com/photos-view-id-7414945.html
/web/20251005072651/https://www.wnacg.com/photos-view-id-7415238.html
/web/20251005072643/https://www.wnacg.com/photos-view-id-7415204.html
/web/20251005072725/https://www.wnacg.com/photos-view-id-7415235.html
/web/20251005072712/https://www.wnacg.com/photos-view-id-7415241.html
/web/20251005072740/https://www.wnacg.com/photos-view-id-7415218.html
/web/20251005072723/https://www.wnacg.com/photos-view-id-7415214.html
/web/20251005072752/https://www.wnacg.com/photos-view-id-7415191.html
/web/20251005072837/https://www.wnacg.com/photos-view-id-7415171.html
/web/20251005072905/https://www.wnacg.com/photos-view-id-7415150.html
/web/20251005072829/https://www.wnacg.com/photos-view-id-7415167.html
/web/20251005072851/https://www.wnacg.com/photos-view-id-7415194.html
/web/20251005072903/https://www.wnacg.com/photos-view-id-7415154.html
/web/20251005072904/https://www.wnacg.com/photos-view-id-7415184.html
/web/20251005072913/https://www.wnacg.com/photos-view-id-7415146.html
/web/20251005072935/https://www.wnacg.com/photos-view-id-7415175.html
/web/20251005072940/https://www.wnacg.com/photos-view-id-7415124.html
/web/20251005073010/https://www.wnacg.com/photos-view-id-7415147.html
/web/20251005073018/https://www.wnacg.com/photos-view-id-7415116.html
/web/20251005072943/https://www.wnacg.com/photos-view-id-7415139.html
/web/20251005073011/https://www.wnacg.com/photos-view-id-7415113.html
/web/20251005073046/https://www.wnacg.com/photos-view-id-7415118.html
/web/20251005073047/https://www.wnacg.com/photos-view-id-7415122.html
/web/20251005073120/https://www.wnacg.com/photos-view-id-7415110.html
/web/20251005073134/https://www.wnacg.com/photos-view-id-7415263.html
/web/20251005073127/https://www.wnacg.com/photos-view-id-7415132.html
/web/20251005073208/https://www.wnacg.com/photos-view-id-7415079.html
/web/20251005073201/https://www.wnacg.com/photos-view-id-7415256.html
/web/20251005073231/https://www.wnacg.com/photos-view-id-7415129.html
/web/20251005073215/https://www.wnacg.com/photos-view-id-7415097.html
/web/20251005073309/https://www.wnacg.com/photos-view-id-7415103.html
/web/20251005073342/https://www.wnacg.com/photos-view-id-7415094.html
/web/20251005073300/https://www.wnacg.com/photos-view-id-7415073.html
/web/20251005073313/https://www.wnacg.com/photos-view-id-7415106.html
/web/20251005073342/https://www.wnacg.com/photos-view-id-7415075.html
/web/20251005073222/https://www.wnacg.com/photos-view-id-7415082.html
/web/20251005073348/https://www.wnacg.com/photos-view-id-7415086.html
/web/20251005073429/https://www.wnacg.com/photos-view-id-7415102.html
/web/20251005073430/https://www.wnacg.com/photos-view-id-7415087.html
/web/20251005073438/https://www.wnacg.com/photos-view-id-7415091.html
/web/20251005073451/https://www.wnacg.com/photos-view-id-7415038.html
/web/20251005073445/https://www.wnacg.com/photos-view-id-7414861.html
/web/20251005073541/https://www.wnacg.com/photos-view-id-7415046.html
/web/20251005073521/https://www.wnacg.com/photos-view-id-7415052.html
/web/20251005073519/https://www.wnacg.com/photos-view-id-7415056.html
/web/20251005073652/https://www.wnacg.com/photos-view-id-7415062.html
/web/20251005073708/https://www.wnacg.com/photos-view-id-7415039.html
/web/20251005073624/https://www.wnacg.com/photos-view-id-7415071.html
/web/20251005073654/https://www.wnacg.com/photos-view-id-7415221.html
/web/20251005073702/https://www.wnacg.com/photos-view-id-7414949.html
/web/20251005073701/https://www.wnacg.com/photos-view-id-7415066.html
/web/20251005073728/https://www.wnacg.com/photos-view-id-7415199.html
/web/20251005073813/https://www.wnacg.com/photos-view-id-7415164.html
/web/20251005073820/https://www.wnacg.com/photos-view-id-7415048.html
/web/20251005073841/https://www.wnacg.com/photos-view-id-7415158.html
/web/20251005073842/https://www.wnacg.com/photos-view-id-7415179.html
/web/20251005073931/https://www.wnacg.com/photos-view-id-7415187.html
/web/20251005073942/https://www.wnacg.com/photos-view-id-7415197.html
/web/20251005073947/https://www.wnacg.com/photos-view-id-7414873.html
/web/20251005074010/https://www.wnacg.com/photos-view-id-7415060.html
/web/20251005073956/https://www.wnacg.com/photos-view-id-7415032.html
/web/20251005073948/https://www.wnacg.com/photos-view-id-7414864.html
/web/20251005074025/https://www.wnacg.com/photos-view-id-7415142.html
/web/20251005074003/https://www.wnacg.com/photos-view-id-7415043.html
/web/20251005074057/https://www.wnacg.com/photos-view-id-7415069.html
/web/20251005074058/https://www.wnacg.com/photos-view-id-7414954.html
/web/20251005074105/https://www.wnacg.com/photos-view-id-7414858.html
/web/20251005074113/https://www.wnacg.com/photos-view-id-7414863.html
/web/20251005074133/https://www.wnacg.com/photos-view-id-7414857.html
/web/20251005074127/https://www.wnacg.com/photos-view-id-7414866.html
/web/20251005074203/https://www.wnacg.com/photos-index-page-8-aid-92677.html
/web/20251005074120/https://www.wnacg.com/photos-view-id-7414852.html
/web/20251005074226/https://www.wnacg.com/photos-view-id-7414855.html
/web/20251005074227/https://www.wnacg.com/photos-view-id-7414877.html
/web/20251005074234/https://www.wnacg.com/photos-view-id-7414853.html
/web/20251005074241/https://www.wnacg.com/photos-view-id-7414830.html
/web/20251005074318/https://www.wnacg.com/photos-index-page-7-aid-92677.html
/web/20251005074335/https://www.wnacg.com/photos-view-id-7414828.html
/web/20251005074342/https://www.wnacg.com/photos-view-id-7414843.html
/web/20251005074419/https://www.wnacg.com/photos-view-id-7414841.html
/web/20251005074320/https://www.wnacg.com/photos-view-id-7414820.html
/web/20251005074437/https://www.wnacg.com/photos-view-id-7414835.html
/web/20251005074458/https://www.wnacg.com/photos-view-id-7414838.html
/web/20251005074447/https://www.wnacg.com/photos-view-id-7414832.html
/web/20251005074455/https://www.wnacg.com/photos-view-id-7414825.html
/web/20251005074448/https://www.wnacg.com/photos-view-id-7414848.html
/web/20251005074532/https://www.wnacg.com/photos-view-id-7414868.html
/web/20251005074529/https://www.wnacg.com/photos-view-id-7415028.html
/web/20251005074606/https://www.wnacg.com/photos-view-id-7415014.html
/web/20251005074554/https://www.wnacg.com/photos-view-id-7414995.html
/web/20251005074603/https://www.wnacg.com/photos-view-id-7415022.html
/web/20251005074537/https://www.wnacg.com/photos-view-id-7414958.html
/web/20251005074631/https://www.wnacg.com/photos-view-id-7415026.html
/web/20251005074707/https://www.wnacg.com/photos-view-id-7415024.html
/web/20251005074659/https://www.wnacg.com/photos-view-id-7415000.html
/web/20251005074743/https://www.wnacg.com/photos-view-id-7415017.html
/web/20251005074738/https://www.wnacg.com/photos-view-id-7414879.html
/web/20251005074711/https://www.wnacg.com/photos-view-id-7415009.html
/web/20251005074739/https://www.wnacg.com/photos-view-id-7414970.html
/web/20251005074808/https://www.wnacg.com/photos-view-id-7414979.html
/web/20251005074704/https://www.wnacg.com/photos-view-id-7415006.html
/web/20251005074807/https://www.wnacg.com/photos-view-id-7414977.html
/web/20251005074815/https://www.wnacg.com/photos-view-id-7414963.html
/web/20251005074844/https://www.wnacg.com/photos-view-id-7414987.html
/web/20251005074915/https://www.wnacg.com/photos-view-id-7414992.html
/web/20251005074925/https://www.wnacg.com/photos-view-id-7414822.html
/web/20251005074918/https://www.wnacg.com/photos-view-id-7414982.html
/web/20251005074953/https://www.wnacg.com/photos-view-id-7414967.html
/web/20251005074952/https://www.wnacg.com/photos-view-id-7414903.html
/web/20251005074953/https://www.wnacg.com/photos-view-id-7414898.html
/web/20251005075026/https://www.wnacg.com/photos-view-id-7415012.html
/web/20251005075040/https://www.wnacg.com/photos-view-id-7414896.html
/web/20251005075127/https://www.wnacg.com/photos-view-id-7414824.html
/web/20251005075143/https://www.wnacg.com/photos-view-id-7414890.html
/web/20251005075107/https://www.wnacg.com/photos-view-id-7414886.html
/web/20251005075116/https://www.wnacg.com/photos-view-id-7414910.html
/web/20251005075144/https://www.wnacg.com/photos-view-id-7414905.html
/web/20251005075109/https://www.wnacg.com/photos-view-id-7414894.html
/web/20251005075033/https://www.wnacg.com/photos-view-id-7414974.html
/web/20251005075212/https://www.wnacg.com/photos-view-id-7414881.html
/web/20251005075221/https://www.wnacg.com/photos-view-id-7414912.html
/web/20251005075213/https://www.wnacg.com/photos-view-id-7414907.html
/web/20251005075248/https://v1.wzip.download/down/0927/234ebab1554cf1f81b6f6773fc621606.zip?n=%5B%E9%A2%A8%E7%9A%84%E5%B7%A5%E6%88%BF%5D%5B%E3%82%86%E3%81%9F%E3%81%8B%E3%82%81%5D%20%E3%81%8A%E5%A7%89%E3%81%A1%E3%82%83%E3%82%93%E3%83%96%E3%83%BC%E3%83%88%E3%82%AD%E3%83%A3%E3%83%B3%E3%83%97%E3%81%AB%E3%82%88%E3%81%86%E3%81%93%E3%81%9D%EF%BC%81%20%E5%A4%A7%E5%A7%8A%E5%A7%8A%E5%80%91%E7%9A%84%20%E6%B7%AB%E7%8C%A5%E9%AD%94%E9%AC%BC%E8%A8%93%E7%B7%B4%E7%87%9F%20%E6%AD%A1%E8%BF%8E%E4%BD%A0%E4%BE%86%EF%BC%81
/web/20251005075249/https://v1.wzip.date/down/0927/234ebab1554cf1f81b6f6773fc621606.zip?n=%5B%E9%A2%A8%E7%9A%84%E5%B7%A5%E6%88%BF%5D%5B%E3%82%86%E3%81%9F%E3%81%8B%E3%82%81%5D%20%E3%81%8A%E5%A7%89%E3%81%A1%E3%82%83%E3%82%93%E3%83%96%E3%83%BC%E3%83%88%E3%82%AD%E3%83%A3%E3%83%B3%E3%83%97%E3%81%AB%E3%82%88%E3%81%86%E3%81%93%E3%81%9D%EF%BC%81%20%E5%A4%A7%E5%A7%8A%E5%A7%8A%E5%80%91%E7%9A%84%20%E6%B7%AB%E7%8C%A5%E9%AD%94%E9%AC%BC%E8%A8%93%E7%B7%B4%E7%87%9F%20%E6%AD%A1%E8%BF%8E%E4%BD%A0%E4%BE%86%EF%BC%81
