https://www.wnacg.com/photos-index-aid-92677.html
https://www.wnacg.com/photos-view-id-7414787.html
https://www.wnacg.com/photos-view-id-7414776.html
https://www.wnacg.com/photos-index-page-18-aid-92677.html
https://www.wnacg.com/photos-view-id-7414792.html
https://www.wnacg.com/photos-view-id-7414779.html
https://www.wnacg.com/photos-view-id-7414791.html
https://www.wnacg.com/photos-view-id-7414785.html
https://www.wnacg.com/photos-view-id-7414781.html
https://www.wnacg.com/photos-view-id-7414789.html
https://www.wnacg.com/photos-index-page-2-aid-92677.html
https://www.wnacg.com/photos-view-id-7414784.html
https://www.wnacg.com/photos-index-page-4-aid-92677.html
https://www.wnacg.com/photos-view-id-7414793.html
https://www.wnacg.com/photos-index-page-3-aid-92677.html
https://www.wnacg.com/photos-index-page-5-aid-92677.html
https://www.wnacg.com/photos-slide-aid-92677.html
https://www.wnacg.com/photos-view-id-7414782.html
https://www.wnacg.com/photos-view-id-7414786.html
https://www.wnacg.com/download-index-aid-92677.html
https://www.wnacg.com/photos-view-id-7415369.html
https://www.wnacg.com/photos-index-page-16-aid-92677.html
https://www.wnacg.com/photos-view-id-7415362.html
https://www.wnacg.com/photos-index-page-15-aid-92677.html
https://www.wnacg.com/photos-view-id-7415363.html
https://www.wnacg.com/photos-view-id-7415358.html
https://www.wnacg.com/photos-view-id-7415367.html
https://www.wnacg.com/photos-index-page-1-aid-92677.html
https://www.wnacg.com/photos-view-id-7415364.html
https://www.wnacg.com/photos-view-id-7414799.html
https://www.wnacg.com/photos-view-id-7414807.html
https://www.wnacg.com/photos-index-page-14-aid-92677.html
https://www.wnacg.com/photos-index-page-17-aid-92677.html
https://www.wnacg.com/photos-view-id-7414809.html
https://www.wnacg.com/photos-view-id-7414806.html
https://www.wnacg.com/photos-view-id-7414816.html
https://www.wnacg.com/photos-view-id-7414795.html
https://www.wnacg.com/photos-view-id-7414808.html
https://www.wnacg.com/photos-view-id-7414814.html
https://www.wnacg.com/photos-view-id-7414804.html
https://www.wnacg.com/photos-view-id-7415319.html
https://www.wnacg.com/photos-view-id-7415331.html
https://www.wnacg.com/photos-index-page-6-aid-92677.html
https://www.wnacg.com/photos-view-id-7414798.html
https://www.wnacg.com/photos-view-id-7414801.html
https://www.wnacg.com/photos-view-id-7415320.html
https://www.wnacg.com/photos-view-id-7415313.html
https://www.wnacg.com/photos-view-id-7415318.html
https://www.wnacg.com/photos-view-id-7415315.html
https://www.wnacg.com/photos-index-page-13-aid-92677.html
https://www.wnacg.com/photos-view-id-7415307.html
https://www.wnacg.com/photos-view-id-7415329.html
https://www.wnacg.com/photos-view-id-7415326.html
https://www.wnacg.com/photos-index-page-12-aid-92677.html
https://www.wnacg.com/photos-view-id-7415306.html
https://www.wnacg.com/photos-view-id-7415311.html
https://www.wnacg.com/photos-view-id-7415327.html
https://www.wnacg.com/photos-view-id-7415290.html
https://www.wnacg.com/photos-view-id-7415291.html
https://www.wnacg.com/photos-view-id-7415301.html
https://www.wnacg.com/photos-view-id-7415281.html
https://www.wnacg.com/photos-view-id-7415295.html
https://www.wnacg.com/photos-index-page-11-aid-92677.html
https://www.wnacg.com/photos-view-id-7415286.html
https://www.wnacg.com/photos-view-id-7415303.html
https://www.wnacg.com/photos-view-id-7415283.html
https://www.wnacg.com/photos-view-id-7415296.html
https://www.wnacg.com/photos-view-id-7415278.html
https://www.wnacg.com/photos-view-id-7415356.html
https://www.wnacg.com/photos-view-id-7415262.html
https://www.wnacg.com/photos-view-id-7415265.html
https://www.wnacg.com/photos-view-id-7415297.html
https://www.wnacg.com/photos-index-page-10-aid-92677.html
https://www.wnacg.com/photos-view-id-7415251.html
https://www.wnacg.com/photos-view-id-7415276.html
https://www.wnacg.com/photos-view-id-7415245.html
https://www.wnacg.com/photos-view-id-7415268.html
https://www.wnacg.com/photos-view-id-7415270.html
https://www.wnacg.com/photos-view-id-7415274.html
https://www.wnacg.com/photos-view-id-7415264.html
https://www.wnacg.com/photos-view-id-7415339.html
https://www.wnacg.com/photos-view-id-7415343.html
https://www.wnacg.com/photos-view-id-7415248.html
https://www.wnacg.com/photos-view-id-7415352.html
https://www.wnacg.com/photos-view-id-7415344.html
https://www.wnacg.com/photos-view-id-7415345.html
https://www.wnacg.com/photos-view-id-7415334.html
https://www.wnacg.com/photos-view-id-7415350.html
https://www.wnacg.com/photos-view-id-7415349.html
https://www.wnacg.com/photos-view-id-7415337.html
https://www.wnacg.com/photos-view-id-7415338.html
https://www.wnacg.com/photos-view-id-7415353.html
https://www.wnacg.com/photos-view-id-7414915.html
https://www.wnacg.com/photos-index-page-9-aid-92677.html
https://www.wnacg.com/photos-view-id-7414938.html
https://www.wnacg.com/photos-view-id-7414937.html
https://www.wnacg.com/photos-view-id-7414931.html
https://www.wnacg.com/photos-view-id-7414794.html
https://www.wnacg.com/photos-view-id-7414941.html
https://www.wnacg.com/photos-view-id-7414922.html
https://www.wnacg.com/photos-view-id-7414914.html
https://www.wnacg.com/photos-view-id-7414925.html
https://www.wnacg.com/photos-view-id-7414932.html
https://www.wnacg.com/photos-view-id-7415226.html
https://www.wnacg.com/photos-view-id-7414918.html
https://www.wnacg.com/photos-view-id-7414935.html
https://www.wnacg.com/photos-view-id-7415231.html
https://www.wnacg.com/photos-view-id-7415325.html
https://www.wnacg.com/photos-view-id-7415207.html
https://www.wnacg.com/photos-view-id-7414945.html
https://www.wnacg.com/photos-view-id-7415238.html
https://www.wnacg.com/photos-view-id-7415204.html
https://www.wnacg.com/photos-view-id-7415235.html
https://www.wnacg.com/photos-view-id-7415241.html
https://www.wnacg.com/photos-view-id-7415218.html
https://www.wnacg.com/photos-view-id-7415214.html
https://www.wnacg.com/photos-view-id-7415191.html
https://www.wnacg.com/photos-view-id-7415171.html
https://www.wnacg.com/photos-view-id-7415150.html
https://www.wnacg.com/photos-view-id-7415167.html
https://www.wnacg.com/photos-view-id-7415194.html
https://www.wnacg.com/photos-view-id-7415154.html
https://www.wnacg.com/photos-view-id-7415184.html
https://www.wnacg.com/photos-view-id-7415146.html
https://www.wnacg.com/photos-view-id-7415175.html
https://www.wnacg.com/photos-view-id-7415124.html
https://www.wnacg.com/photos-view-id-7415147.html
https://www.wnacg.com/photos-view-id-7415116.html
https://www.wnacg.com/photos-view-id-7415113.html
https://www.wnacg.com/photos-view-id-7415139.html
https://www.wnacg.com/photos-view-id-7415118.html
https://www.wnacg.com/photos-view-id-7415122.html
https://www.wnacg.com/photos-view-id-7415110.html
https://www.wnacg.com/photos-view-id-7415263.html
https://www.wnacg.com/photos-view-id-7415132.html
https://www.wnacg.com/photos-view-id-7415079.html
https://www.wnacg.com/photos-view-id-7415256.html
https://www.wnacg.com/photos-view-id-7415129.html
https://www.wnacg.com/photos-view-id-7415097.html
https://www.wnacg.com/photos-view-id-7415103.html
https://www.wnacg.com/photos-view-id-7415094.html
https://www.wnacg.com/photos-view-id-7415073.html
https://www.wnacg.com/photos-view-id-7415106.html
https://www.wnacg.com/photos-view-id-7415075.html
https://www.wnacg.com/photos-view-id-7415082.html
https://www.wnacg.com/photos-view-id-7415086.html
https://www.wnacg.com/photos-view-id-7415102.html
https://www.wnacg.com/photos-view-id-7415087.html
https://www.wnacg.com/photos-view-id-7415091.html
https://www.wnacg.com/photos-view-id-7415038.html
https://www.wnacg.com/photos-view-id-7414861.html
https://www.wnacg.com/photos-view-id-7415046.html
https://www.wnacg.com/photos-view-id-7415052.html
https://www.wnacg.com/photos-view-id-7415056.html
https://www.wnacg.com/photos-view-id-7415062.html
https://www.wnacg.com/photos-view-id-7415039.html
https://www.wnacg.com/photos-view-id-7415071.html
https://www.wnacg.com/photos-view-id-7415221.html
https://www.wnacg.com/photos-view-id-7414949.html
https://www.wnacg.com/photos-view-id-7415066.html
https://www.wnacg.com/photos-view-id-7415199.html
https://www.wnacg.com/photos-view-id-7415164.html
https://www.wnacg.com/photos-view-id-7415048.html
https://www.wnacg.com/photos-view-id-7415158.html
https://www.wnacg.com/photos-view-id-7415179.html
https://www.wnacg.com/photos-view-id-7415187.html
https://www.wnacg.com/photos-view-id-7415197.html
https://www.wnacg.com/photos-view-id-7414873.html
https://www.wnacg.com/photos-view-id-7415060.html
https://www.wnacg.com/photos-view-id-7415032.html
https://www.wnacg.com/photos-view-id-7414864.html
https://www.wnacg.com/photos-view-id-7415142.html
https://www.wnacg.com/photos-view-id-7415043.html
https://www.wnacg.com/photos-view-id-7415069.html
https://www.wnacg.com/photos-view-id-7414954.html
https://www.wnacg.com/photos-view-id-7414858.html
https://www.wnacg.com/photos-view-id-7414863.html
https://www.wnacg.com/photos-view-id-7414857.html
https://www.wnacg.com/photos-view-id-7414866.html
https://www.wnacg.com/photos-index-page-8-aid-92677.html
https://www.wnacg.com/photos-view-id-7414852.html
https://www.wnacg.com/photos-view-id-7414855.html
https://www.wnacg.com/photos-view-id-7414877.html
https://www.wnacg.com/photos-view-id-7414853.html
https://www.wnacg.com/photos-view-id-7414830.html
https://www.wnacg.com/photos-index-page-7-aid-92677.html
https://www.wnacg.com/photos-view-id-7414828.html
https://www.wnacg.com/photos-view-id-7414843.html
https://www.wnacg.com/photos-view-id-7414841.html
https://www.wnacg.com/photos-view-id-7414820.html
https://www.wnacg.com/photos-view-id-7414835.html
https://www.wnacg.com/photos-view-id-7414838.html
https://www.wnacg.com/photos-view-id-7414832.html
https://www.wnacg.com/photos-view-id-7414825.html
https://www.wnacg.com/photos-view-id-7414848.html
https://www.wnacg.com/photos-view-id-7414868.html
https://www.wnacg.com/photos-view-id-7415028.html
https://www.wnacg.com/photos-view-id-7415014.html
https://www.wnacg.com/photos-view-id-7414995.html
https://www.wnacg.com/photos-view-id-7415022.html
https://www.wnacg.com/photos-view-id-7414958.html
https://www.wnacg.com/photos-view-id-7415026.html
https://www.wnacg.com/photos-view-id-7415024.html
https://www.wnacg.com/photos-view-id-7415000.html
https://www.wnacg.com/photos-view-id-7415017.html
https://www.wnacg.com/photos-view-id-7414879.html
https://www.wnacg.com/photos-view-id-7415009.html
https://www.wnacg.com/photos-view-id-7414970.html
https://www.wnacg.com/photos-view-id-7414979.html
https://www.wnacg.com/photos-view-id-7415006.html
https://www.wnacg.com/photos-view-id-7414977.html
https://www.wnacg.com/photos-view-id-7414963.html
https://www.wnacg.com/photos-view-id-7414987.html
https://www.wnacg.com/photos-view-id-7414992.html
https://www.wnacg.com/photos-view-id-7414822.html
https://www.wnacg.com/photos-view-id-7414982.html
https://www.wnacg.com/photos-view-id-7414967.html
https://www.wnacg.com/photos-view-id-7414903.html
https://www.wnacg.com/photos-view-id-7414898.html
https://www.wnacg.com/photos-view-id-7415012.html
https://www.wnacg.com/photos-view-id-7414896.html
https://www.wnacg.com/photos-view-id-7414824.html
https://www.wnacg.com/photos-view-id-7414890.html
https://www.wnacg.com/photos-view-id-7414886.html
https://www.wnacg.com/photos-view-id-7414910.html
https://www.wnacg.com/photos-view-id-7414905.html
https://www.wnacg.com/photos-view-id-7414894.html
https://www.wnacg.com/photos-view-id-7414974.html
https://www.wnacg.com/photos-view-id-7414881.html
https://www.wnacg.com/photos-view-id-7414912.html
https://www.wnacg.com/photos-view-id-7414907.html
https://v1.wzip.download/down/0927/234ebab1554cf1f81b6f6773fc621606.zip?n=[%E9%A2%A8%E7%9A%84%E5%B7%A5%E6%88%BF][%E3%82%86%E3%81%9F%E3%81%8B%E3%82%81]%20%E3%81%8A%E5%A7%89%E3%81%A1%E3%82%83%E3%82%93%E3%83%96%E3%83%BC%E3%83%88%E3%82%AD%E3%83%A3%E3%83%B3%E3%83%97%E3%81%AB%E3%82%88%E3%81%86%E3%81%93%E3%81%9D%EF%BC%81%20%E5%A4%A7%E5%A7%8A%E5%A7%8A%E5%80%91%E7%9A%84%20%E6%B7%AB%E7%8C%A5%E9%AD%94%E9%AC%BC%E8%A8%93%E7%B7%B4%E7%87%9F%20%E6%AD%A1%E8%BF%8E%E4%BD%A0%E4%BE%86%EF%BC%81
https://v1.wzip.date/down/0927/234ebab1554cf1f81b6f6773fc621606.zip?n=[%E9%A2%A8%E7%9A%84%E5%B7%A5%E6%88%BF][%E3%82%86%E3%81%9F%E3%81%8B%E3%82%81]%20%E3%81%8A%E5%A7%89%E3%81%A1%E3%82%83%E3%82%93%E3%83%96%E3%83%BC%E3%83%88%E3%82%AD%E3%83%A3%E3%83%B3%E3%83%97%E3%81%AB%E3%82%88%E3%81%86%E3%81%93%E3%81%9D%EF%BC%81%20%E5%A4%A7%E5%A7%8A%E5%A7%8A%E5%80%91%E7%9A%84%20%E6%B7%AB%E7%8C%A5%E9%AD%94%E9%AC%BC%E8%A8%93%E7%B7%B4%E7%87%9F%20%E6%AD%A1%E8%BF%8E%E4%BD%A0%E4%BE%86%EF%BC%81
