/web/20251110161449/https://www.wnacg.ru/photos-index-aid-96536.html
/web/20251110161459/https://www.wnacg.com/photos-index-aid-96536.html
/web/20251110161509/https://www.wnacg.ru/photos-index-aid-97135.html
/web/20251110161541/https://www.wnacg.com/photos-index-aid-97135.html
/web/20251110161558/https://www.wnacg.com/photos-index-aid-91448.html
/web/20251110161613/https://www.wnacg.ru/photos-index-aid-91448.html
/web/20251110161704/https://www.wnacg.com/photos-index-aid-72164.html
/web/20251110161707/https://www.wnacg.ru/photos-index-aid-72164.html
/web/20251110161733/https://www.wnacg.ru/photos-index-aid-72268.html
/web/20251110161631/https://www.wnacg.com/photos-index-aid-72268.html
/web/20251110161750/https://www.wnacg.com/photos-index-aid-70349.html
/web/20251110161814/https://www.wnacg.ru/photos-index-aid-68064.html
/web/20251110161820/https://www.wnacg.ru/photos-index-aid-70349.html
/web/20251110161917/https://www.wnacg.com/photos-index-aid-68064.html
/web/20251110161947/https://www.wnacg.ru/photos-slide-aid-96536.html
/web/20251110162056/https://www.wnacg.ru/download-index-aid-96536.html
/web/20251110162100/https://www.wnacg.ru/photos-index-page-2-aid-96536.html
/web/20251110162121/https://www.wnacg.com/photos-index-page-2-aid-96536.html
/web/20251110162110/https://www.wnacg.com/photos-slide-aid-96536.html
/web/20251110162214/https://www.wnacg.com/download-index-aid-96536.html
/web/20251110162209/https://www.wnacg.ru/photos-slide-aid-97135.html
/web/20251110162303/https://www.wnacg.ru/photos-index-page-3-aid-97135.html
/web/20251110162255/https://www.wnacg.com/photos-index-page-2-aid-97135.html
/web/20251110162331/https://www.wnacg.ru/photos-index-page-2-aid-97135.html
/web/20251110162327/https://www.wnacg.ru/download-index-aid-97135.html
/web/20251110162359/https://www.wnacg.com/photos-index-page-3-aid-97135.html
/web/20251110162402/https://www.wnacg.com/photos-slide-aid-91448.html
/web/20251110162442/https://v1.wzip.download/down/0966/e7d54a7ec16e97ce06f1c82438428e62.zip?n=%5B%E6%B2%92%E6%9C%89%E6%BC%A2%E5%8C%96%5D%20%5B%E6%AD%A6%E8%80%85%E3%82%B5%E3%83%96%5D%E3%83%95%E3%82%A3%E3%82%B8%E3%82%AB%E3%83%AB%E3%83%9E%E3%83%8D%E3%82%B8%E3%83%A1%E3%83%B3%E3%83%88%20(%E3%82%AC%E3%83%BC%E3%83%AB%E3%82%BA%E3%83%95%E3%82%A9%E3%83%BC%E3%83%A0%20Vol.20)
/web/20251110162431/https://www.wnacg.com/photos-slide-aid-97135.html
/web/20251110162434/https://www.wnacg.com/download-index-aid-97135.html
/web/20251110162506/https://www.wnacg.com/photos-index-page-2-aid-91448.html
/web/20251110162534/https://www.wnacg.com/download-index-aid-91448.html
/web/20251110162545/https://www.wnacg.com/photos-index-page-1-aid-96536.html
/web/20251110162516/https://v1.wzip.date/down/0966/e7d54a7ec16e97ce06f1c82438428e62.zip?n=%5B%E6%B2%92%E6%9C%89%E6%BC%A2%E5%8C%96%5D%20%5B%E6%AD%A6%E8%80%85%E3%82%B5%E3%83%96%5D%E3%83%95%E3%82%A3%E3%82%B8%E3%82%AB%E3%83%AB%E3%83%9E%E3%83%8D%E3%82%B8%E3%83%A1%E3%83%B3%E3%83%88%20(%E3%82%AC%E3%83%BC%E3%83%AB%E3%82%BA%E3%83%95%E3%82%A9%E3%83%BC%E3%83%A0%20Vol.20)
/web/20251110162626/https://v1.wzip.date/down/0972/4233797905678c6deb836bf70db7ad98.zip?n=%5B%E6%B2%92%E6%9C%89%E6%BC%A2%E5%8C%96%5D%20%5B%E5%B1%B1%E7%95%91%E7%92%83%E6%9D%8F%5D%20%E7%82%B9%E6%95%B0%E4%B8%BB%E7%BE%A9%E3%81%AE%E5%9B%BD%20(%E3%82%AC%E3%83%BC%E3%83%AB%E3%82%BA%E3%83%95%E3%82%A9%E3%83%BC%E3%83%A0%20Vol.20)
/web/20251110162708/https://www.wnacg.ru/photos-index-page-1-aid-97135.html
/web/20251110162745/https://www.wnacg.com/photos-index-page-1-aid-97135.html
/web/20251110162743/https://www.wnacg.ru/photos-slide-aid-91448.html
/web/20251110162752/https://www.wnacg.com/photos-index-page-3-aid-72164.html
/web/20251110162818/https://www.wnacg.com/download-index-aid-72164.html
/web/20251110162916/https://www.wnacg.ru/download-index-aid-91448.html
/web/20251110162830/https://www.wnacg.com/photos-index-page-2-aid-72164.html
/web/20251110162945/https://www.wnacg.ru/photos-index-page-2-aid-72164.html
/web/20251110163012/https://www.wnacg.ru/download-index-aid-72164.html
/web/20251110163019/https://www.wnacg.ru/photos-index-page-2-aid-72268.html
/web/20251110162905/https://www.wnacg.com/photos-slide-aid-72164.html
/web/20251110163032/https://www.wnacg.ru/photos-index-page-3-aid-72164.html
/web/20251110163041/https://www.wnacg.com/photos-index-page-1-aid-91448.html
/web/20251110163152/https://v1.wzip.date/down/0915/79c6c9ea309b68b3db6b502c2884398f.zip?n=%5B%E6%B2%92%E6%9C%89%E6%BC%A2%E5%8C%96%5D%20%5B%E6%AD%A6%E8%80%85%E3%82%B5%E3%83%96%5D%20%E8%BA%AB%E3%81%AE%E7%A8%8B%E7%9F%A5%E3%82%89%E3%81%9A%20(%E3%82%AC%E3%83%BC%E3%83%AB%E3%82%BA%E3%83%95%E3%82%A9%E3%83%BC%E3%83%A0%20Vol.18)
/web/20251110163215/https://www.wnacg.com/photos-index-page-1-aid-72164.html
/web/20251110163231/https://v1.wzip.download/down/0915/79c6c9ea309b68b3db6b502c2884398f.zip?n=%5B%E6%B2%92%E6%9C%89%E6%BC%A2%E5%8C%96%5D%20%5B%E6%AD%A6%E8%80%85%E3%82%B5%E3%83%96%5D%20%E8%BA%AB%E3%81%AE%E7%A8%8B%E7%9F%A5%E3%82%89%E3%81%9A%20(%E3%82%AC%E3%83%BC%E3%83%AB%E3%82%BA%E3%83%95%E3%82%A9%E3%83%BC%E3%83%A0%20Vol.18)
/web/20251110163219/https://v1.wzip.download/down/0722/6325caf92862f68e7967bfc0fe58026b.zip?n=%5B%E5%9E%A3%E5%B4%8E%E3%82%B3%E3%82%A6%E3%82%BB%E3%82%A4%5D%20%E3%83%A1%E3%82%B9%E3%82%A4%E3%82%AD%E3%81%8C%E7%BE%A9%E5%8B%99%E4%BB%98%E3%81%91%E3%82%89%E3%82%8C%E3%81%9F%E5%84%AA%E3%81%97%E3%81%84%E6%8C%87%E5%B0%8E%20(%E3%82%AC%E3%83%BC%E3%83%AB%E3%82%BA%E3%83%95%E3%82%A9%E3%83%BC%E3%83%A0%20Vol.18)%20%5B%E6%B2%92%E6%9C%89%E6%BC%A2%E5%8C%96%5D%20%5BDigital%5D
/web/20251110163414/https://www.wnacg.ru/photos-index-page-1-aid-72164.html
/web/20251110163219/https://v1.wzip.date/down/0722/6325caf92862f68e7967bfc0fe58026b.zip?n=%5B%E5%9E%A3%E5%B4%8E%E3%82%B3%E3%82%A6%E3%82%BB%E3%82%A4%5D%20%E3%83%A1%E3%82%B9%E3%82%A4%E3%82%AD%E3%81%8C%E7%BE%A9%E5%8B%99%E4%BB%98%E3%81%91%E3%82%89%E3%82%8C%E3%81%9F%E5%84%AA%E3%81%97%E3%81%84%E6%8C%87%E5%B0%8E%20(%E3%82%AC%E3%83%BC%E3%83%AB%E3%82%BA%E3%83%95%E3%82%A9%E3%83%BC%E3%83%A0%20Vol.18)%20%5B%E6%B2%92%E6%9C%89%E6%BC%A2%E5%8C%96%5D%20%5BDigital%5D
/web/20251110163310/https://www.wnacg.ru/photos-slide-aid-72164.html
/web/20251110163426/https://www.wnacg.com/photos-slide-aid-72268.html
/web/20251110163418/https://www.wnacg.ru/photos-slide-aid-72268.html
/web/20251110163044/https://www.wnacg.ru/photos-index-page-1-aid-96536.html
/web/20251110163046/https://v1.wzip.download/down/0972/4233797905678c6deb836bf70db7ad98.zip?n=%5B%E6%B2%92%E6%9C%89%E6%BC%A2%E5%8C%96%5D%20%5B%E5%B1%B1%E7%95%91%E7%92%83%E6%9D%8F%5D%20%E7%82%B9%E6%95%B0%E4%B8%BB%E7%BE%A9%E3%81%AE%E5%9B%BD%20(%E3%82%AC%E3%83%BC%E3%83%AB%E3%82%BA%E3%83%95%E3%82%A9%E3%83%BC%E3%83%A0%20Vol.20)
/web/20251110163535/https://www.wnacg.ru/download-index-aid-72268.html
/web/20251110163610/https://www.wnacg.com/photos-index-page-2-aid-72268.html
/web/20251110163609/https://www.wnacg.com/download-index-aid-72268.html
/web/20251110163639/https://www.wnacg.com/download-index-aid-70349.html
/web/20251110163716/https://www.wnacg.ru/photos-index-page-1-aid-72268.html
/web/20251110163805/https://www.wnacg.ru/photos-index-page-2-aid-68064.html
/web/20251110163754/https://www.wnacg.ru/download-index-aid-68064.html
/web/20251110163646/https://www.wnacg.com/photos-slide-aid-70349.html
/web/20251110163744/https://www.wnacg.ru/photos-slide-aid-68064.html
/web/20251110163913/https://www.wnacg.ru/photos-index-page-2-aid-70349.html
/web/20251110163905/https://www.wnacg.ru/photos-slide-aid-70349.html
/web/20251110164001/https://www.wnacg.com/download-index-aid-68064.html
/web/20251110163959/https://www.wnacg.ru/download-index-aid-70349.html
/web/20251110163958/https://www.wnacg.com/photos-index-page-2-aid-68064.html
/web/20251110164015/https://www.wnacg.com/photos-slide-aid-68064.html
/web/20251110164044/https://www.wnacg.com/photos-index-page-3-aid-68064.html
/web/20251110164113/https://v1.wzip.download/down/0723/ad942aa388964115b59ac69f87e18d86.zip?n=%5B%E5%A4%A7%E5%98%98%5D%20%E7%9B%A3%E7%8D%84%E3%82%A2%E3%83%95%E3%82%BF%E3%83%BC%20(%E3%82%AC%E3%83%BC%E3%83%AB%E3%82%BA%E3%83%95%E3%82%A9%E3%83%BC%E3%83%A0%20Vol.18)%C2%A0%C2%A0%5B%E6%B2%92%E6%9C%89%E6%BC%A2%E5%8C%96%5D%20%5BDigital%5D
/web/20251110164156/https://v1.wzip.download/down/0704/fb72612cc29f8982cd8c4df6f5e46f65.zip?n=%5BM%E7%B3%BB%E8%B3%87%E6%BA%90%E8%81%9A%E5%90%88%E6%BC%A2%E5%8C%96%E7%B5%84%5D%5B%E5%A4%A2%E4%B9%83%E7%8B%B8%5D%20%E3%81%97%E3%81%84%E3%81%8F%E3%81%A7%E3%81%96%E3%81%84%E3%81%82%20(%E3%82%AC%E3%83%BC%E3%83%AB%E3%82%BA%E3%83%95%E3%82%A9%E3%83%BC%E3%83%A0%20Vol.05)
/web/20251110164214/https://www.wnacg.ru/photos-index-page-1-aid-68064.html
/web/20251110164203/https://v1.wzip.date/down/0704/fb72612cc29f8982cd8c4df6f5e46f65.zip?n=%5BM%E7%B3%BB%E8%B3%87%E6%BA%90%E8%81%9A%E5%90%88%E6%BC%A2%E5%8C%96%E7%B5%84%5D%5B%E5%A4%A2%E4%B9%83%E7%8B%B8%5D%20%E3%81%97%E3%81%84%E3%81%8F%E3%81%A7%E3%81%96%E3%81%84%E3%81%82%20(%E3%82%AC%E3%83%BC%E3%83%AB%E3%82%BA%E3%83%95%E3%82%A9%E3%83%BC%E3%83%A0%20Vol.05)
/web/20251110164124/https://v1.wzip.date/down/0723/ad942aa388964115b59ac69f87e18d86.zip?n=%5B%E5%A4%A7%E5%98%98%5D%20%E7%9B%A3%E7%8D%84%E3%82%A2%E3%83%95%E3%82%BF%E3%83%BC%20(%E3%82%AC%E3%83%BC%E3%83%AB%E3%82%BA%E3%83%95%E3%82%A9%E3%83%BC%E3%83%A0%20Vol.18)%C2%A0%C2%A0%5B%E6%B2%92%E6%9C%89%E6%BC%A2%E5%8C%96%5D%20%5BDigital%5D
/web/20251110164254/https://v1.wzip.download/down/0681/bd26a1aa2ab664de1c8ad338848a2667.zip?n=%5B%E7%B5%B5%E6%8F%B4%E9%9A%8A%20(%E9%85%92%E5%91%91%E7%AB%A5%E5%AD%90)%5D%5B%E6%9C%AC%E5%BD%93%E3%81%AF%E6%80%96%E3%81%84%E5%8F%8B%E9%81%94%E3%81%AE%E3%81%8A%E6%AF%8D%E3%81%95%E3%82%93%5D%20(%E3%82%AC%E3%83%BC%E3%83%AB%E3%82%BA%E3%83%95%E3%82%A9%E3%83%BC%E3%83%A0%20Vol.11)%7B%5B%E6%96%B0%E6%A9%8B%E6%9C%88%E7%99%BD%E6%97%A5%E8%AA%9E%E7%A4%BE)
/web/20251110164305/https://www.wnacg.com/photos-index-page-1-aid-72268.html
/web/20251110164350/https://www.wnacg.ru/photos-index-page-3-aid-68064.html
/web/20251110164416/https://v1.wzip.date/down/0681/bd26a1aa2ab664de1c8ad338848a2667.zip?n=%5B%E7%B5%B5%E6%8F%B4%E9%9A%8A%20(%E9%85%92%E5%91%91%E7%AB%A5%E5%AD%90)%5D%5B%E6%9C%AC%E5%BD%93%E3%81%AF%E6%80%96%E3%81%84%E5%8F%8B%E9%81%94%E3%81%AE%E3%81%8A%E6%AF%8D%E3%81%95%E3%82%93%5D%20(%E3%82%AC%E3%83%BC%E3%83%AB%E3%82%BA%E3%83%95%E3%82%A9%E3%83%BC%E3%83%A0%20Vol.11)%7B%5B%E6%96%B0%E6%A9%8B%E6%9C%88%E7%99%BD%E6%97%A5%E8%AA%9E%E7%A4%BE)
/web/20251110164509/https://www.wnacg.com/photos-index-page-1-aid-68064.html
/web/20251110164454/https://www.wnacg.ru/photos-index-page-1-aid-70349.html
