/web/20251006054037/https://www.wnacg.com/photos-index-aid-288001.html
/web/20251006054055/https://www.wnacg.com/photos-view-id-23759641.html
/web/20251006054105/https://www.wnacg.com/photos-view-id-23759636.html
/web/20251006054115/https://www.wnacg.com/download-index-aid-288001.html
/web/20251006054125/https://www.wnacg.com/photos-view-id-23759642.html
/web/20251006054247/https://www.wnacg.com/photos-view-id-23759628.html
/web/20251006054248/https://www.wnacg.com/photos-view-id-23759635.html
/web/20251006054319/https://www.wnacg.com/photos-view-id-23759630.html
/web/20251006054321/https://www.wnacg.com/photos-view-id-23759639.html
/web/20251006054338/https://www.wnacg.com/photos-view-id-23759638.html
/web/20251006054332/https://www.wnacg.com/photos-view-id-23759644.html
/web/20251006054350/https://www.wnacg.com/photos-index-page-2-aid-288001.html
/web/20251006054425/https://www.wnacg.com/photos-view-id-23759640.html
/web/20251006054435/https://www.wnacg.com/photos-view-id-23759631.html
/web/20251006054332/https://www.wnacg.com/photos-slide-aid-288001.html
/web/20251006054502/https://v1.wzip.download/down/2881/ee0998f9753ed9c3bbd127484ce97be9.zip?n=%5BThe%20Nation%20of%20Head%20Scissors%20(kubi4%E3%80%81%E3%83%88%E3%83%83%E3%83%9D%E3%82%AE)%5D%20Girls%20Beat!%20%E3%81%B7%E3%82%89%E3%81%99%20vs%E3%83%9F%E3%82%B5%20%5B%E4%B8%80%E4%B8%AA%E4%BA%BA%E6%B1%89%E5%8C%96%5D
/web/20251006054514/https://v1.wzip.date/down/2881/ee0998f9753ed9c3bbd127484ce97be9.zip?n=%5BThe%20Nation%20of%20Head%20Scissors%20(kubi4%E3%80%81%E3%83%88%E3%83%83%E3%83%9D%E3%82%AE)%5D%20Girls%20Beat!%20%E3%81%B7%E3%82%89%E3%81%99%20vs%E3%83%9F%E3%82%B5%20%5B%E4%B8%80%E4%B8%AA%E4%BA%BA%E6%B1%89%E5%8C%96%5D
/web/20251006054523/https://www.wnacg.com/photos-view-id-23759633.html
/web/20251006054533/https://www.wnacg.com/photos-view-id-23759629.html
/web/20251006054543/https://www.wnacg.com/photos-view-id-23759637.html
/web/20251006054628/https://www.wnacg.com/photos-view-id-23759627.html
/web/20251006054633/https://www.wnacg.com/photos-view-id-23759634.html
/web/20251006054642/https://www.wnacg.com/photos-view-id-23759645.html
/web/20251006054649/https://www.wnacg.com/photos-index-page-1-aid-288001.html
/web/20251006054659/https://www.wnacg.com/photos-view-id-23759626.html
/web/20251006054729/https://www.wnacg.com/photos-view-id-23759643.html
