/web/20251006084319/https://www.wnacg.com/photos-index-aid-18203.html
/web/20251006084341/https://www.wnacg.com/photos-view-id-1127526.html
/web/20251006084351/https://www.wnacg.com/photos-index-page-2-aid-18203.html
/web/20251006084411/https://www.wnacg.com/photos-view-id-1127527.html
/web/20251006084423/https://www.wnacg.com/photos-view-id-1127529.html
/web/20251006084425/https://www.wnacg.com/photos-view-id-1127522.html
/web/20251006084451/https://www.wnacg.com/photos-view-id-1127525.html
/web/20251006084524/https://www.wnacg.com/photos-index-page-19-aid-18203.html
/web/20251006084533/https://www.wnacg.com/photos-index-page-4-aid-18203.html
/web/20251006084518/https://www.wnacg.com/photos-view-id-1127308.html
/web/20251006084553/https://www.wnacg.com/photos-index-page-3-aid-18203.html
/web/20251006084513/https://www.wnacg.com/photos-view-id-1127521.html
/web/20251006084623/https://www.wnacg.com/photos-view-id-1127311.html
/web/20251006084613/https://www.wnacg.com/photos-slide-aid-18203.html
/web/20251006084634/https://www.wnacg.com/photos-view-id-1127317.html
/web/20251006084703/https://www.wnacg.com/photos-view-id-1127319.html
/web/20251006084705/https://www.wnacg.com/photos-view-id-1127318.html
/web/20251006084715/https://www.wnacg.com/download-index-aid-18203.html
/web/20251006084747/https://www.wnacg.com/photos-view-id-1127316.html
/web/20251006084744/https://www.wnacg.com/photos-index-page-1-aid-18203.html
/web/20251006084822/https://www.wnacg.com/photos-view-id-1127309.html
/web/20251006084823/https://www.wnacg.com/photos-view-id-1127313.html
/web/20251006084833/https://www.wnacg.com/photos-view-id-1127310.html
/web/20251006084842/https://www.wnacg.com/photos-view-id-1127528.html
/web/20251006084921/https://www.wnacg.com/photos-view-id-1127530.html
/web/20251006084935/https://www.wnacg.com/photos-view-id-1127523.html
/web/20251006084940/https://www.wnacg.com/photos-view-id-1127524.html
/web/20251006084947/https://www.wnacg.com/photos-view-id-1127518.html
/web/20251006084959/https://www.wnacg.com/photos-view-id-1127517.html
/web/20251006085033/https://www.wnacg.com/photos-view-id-1127516.html
/web/20251006085047/https://www.wnacg.com/photos-index-page-16-aid-18203.html
/web/20251006085049/https://www.wnacg.com/photos-view-id-1127515.html
/web/20251006085109/https://www.wnacg.com/photos-view-id-1127513.html
/web/20251006085059/https://www.wnacg.com/photos-view-id-1127519.html
/web/20251006085150/https://v1.wzip.date/down/0183/a35f22bd5e0b93882acbe1572ab33dbb.zip?n=%5B%E3%83%88%E3%82%AD%E3%83%9E%E3%83%81%E2%98%86%E3%82%A8%E3%82%A4%E3%82%BB%E3%82%A4%5D%20%E9%A3%BC%E3%81%84%E4%B8%BB%E6%A7%98%E3%81%A8%E3%81%8A%E5%91%BC%E3%81%B3%E3%83%83!
/web/20251006085150/https://www.wnacg.com/photos-view-id-1127320.html
/web/20251006085134/https://www.wnacg.com/photos-index-page-17-aid-18203.html
/web/20251006085119/https://www.wnacg.com/photos-view-id-1127312.html
/web/20251006085211/https://www.wnacg.com/photos-view-id-1127315.html
/web/20251006085159/https://v1.wzip.download/down/0183/a35f22bd5e0b93882acbe1572ab33dbb.zip?n=%5B%E3%83%88%E3%82%AD%E3%83%9E%E3%83%81%E2%98%86%E3%82%A8%E3%82%A4%E3%82%BB%E3%82%A4%5D%20%E9%A3%BC%E3%81%84%E4%B8%BB%E6%A7%98%E3%81%A8%E3%81%8A%E5%91%BC%E3%81%B3%E3%83%83!
/web/20251006085252/https://www.wnacg.com/photos-view-id-1127480.html
/web/20251006085253/https://www.wnacg.com/photos-view-id-1127481.html
/web/20251006085222/https://www.wnacg.com/photos-view-id-1127314.html
/web/20251006085303/https://www.wnacg.com/photos-view-id-1127483.html
/web/20251006085313/https://www.wnacg.com/photos-view-id-1127477.html
/web/20251006085323/https://www.wnacg.com/photos-view-id-1127488.html
/web/20251006085354/https://www.wnacg.com/photos-index-page-13-aid-18203.html
/web/20251006085357/https://www.wnacg.com/photos-view-id-1127478.html
/web/20251006085406/https://www.wnacg.com/photos-view-id-1127479.html
/web/20251006085416/https://www.wnacg.com/photos-view-id-1127484.html
/web/20251006085425/https://www.wnacg.com/photos-view-id-1127482.html
/web/20251006085508/https://www.wnacg.com/photos-view-id-1127342.html
/web/20251006085521/https://www.wnacg.com/photos-view-id-1127337.html
/web/20251006085608/https://www.wnacg.com/photos-view-id-1127340.html
/web/20251006085528/https://www.wnacg.com/photos-index-page-7-aid-18203.html
/web/20251006085538/https://www.wnacg.com/photos-view-id-1127341.html
/web/20251006085553/https://www.wnacg.com/photos-view-id-1127514.html
/web/20251006085634/https://www.wnacg.com/photos-view-id-1127512.html
/web/20251006085506/https://www.wnacg.com/photos-index-page-8-aid-18203.html
/web/20251006085642/https://www.wnacg.com/photos-view-id-1127321.html
/web/20251006085717/https://www.wnacg.com/photos-view-id-1127336.html
/web/20251006085757/https://www.wnacg.com/photos-view-id-1127495.html
/web/20251006085741/https://www.wnacg.com/photos-index-page-15-aid-18203.html
/web/20251006085821/https://www.wnacg.com/photos-view-id-1127489.html
/web/20251006085848/https://www.wnacg.com/photos-index-page-14-aid-18203.html
/web/20251006085933/https://www.wnacg.com/photos-view-id-1127496.html
/web/20251006085908/https://www.wnacg.com/photos-view-id-1127497.html
/web/20251006085946/https://www.wnacg.com/photos-view-id-1127499.html
/web/20251006085921/https://www.wnacg.com/photos-view-id-1127500.html
/web/20251006085915/https://www.wnacg.com/photos-view-id-1127491.html
/web/20251006085943/https://www.wnacg.com/photos-view-id-1127492.html
/web/20251006090112/https://www.wnacg.com/photos-view-id-1127476.html
/web/20251006090106/https://www.wnacg.com/photos-view-id-1127498.html
/web/20251006090109/https://www.wnacg.com/photos-view-id-1127487.html
/web/20251006090134/https://www.wnacg.com/photos-view-id-1127447.html
/web/20251006090121/https://www.wnacg.com/photos-view-id-1127449.html
/web/20251006090207/https://www.wnacg.com/photos-view-id-1127445.html
/web/20251006090206/https://www.wnacg.com/photos-view-id-1127441.html
/web/20251006090143/https://www.wnacg.com/photos-index-page-12-aid-18203.html
/web/20251006090246/https://www.wnacg.com/photos-view-id-1127446.html
/web/20251006090245/https://www.wnacg.com/photos-view-id-1127448.html
/web/20251006090328/https://www.wnacg.com/photos-view-id-1127452.html
/web/20251006090328/https://www.wnacg.com/photos-view-id-1127451.html
/web/20251006090410/https://www.wnacg.com/photos-view-id-1127442.html
/web/20251006090448/https://www.wnacg.com/photos-view-id-1127444.html
/web/20251006090459/https://www.wnacg.com/photos-index-page-11-aid-18203.html
/web/20251006090534/https://www.wnacg.com/photos-view-id-1127339.html
/web/20251006090512/https://www.wnacg.com/photos-view-id-1127450.html
/web/20251006090619/https://www.wnacg.com/photos-view-id-1127493.html
/web/20251006090609/https://www.wnacg.com/photos-view-id-1127490.html
/web/20251006090630/https://www.wnacg.com/photos-view-id-1127338.html
/web/20251006090609/https://www.wnacg.com/photos-view-id-1127443.html
/web/20251006090714/https://www.wnacg.com/photos-view-id-1127369.html
/web/20251006090722/https://www.wnacg.com/photos-view-id-1127370.html
/web/20251006090722/https://www.wnacg.com/photos-view-id-1127374.html
/web/20251006090715/https://www.wnacg.com/photos-view-id-1127343.html
/web/20251006090853/https://www.wnacg.com/photos-view-id-1127377.html
/web/20251006090833/https://www.wnacg.com/photos-index-page-9-aid-18203.html
/web/20251006090859/https://www.wnacg.com/photos-view-id-1127375.html
/web/20251006090940/https://www.wnacg.com/photos-view-id-1127376.html
/web/20251006090950/https://www.wnacg.com/photos-view-id-1127511.html
/web/20251006090959/https://www.wnacg.com/photos-view-id-1127371.html
/web/20251006090955/https://www.wnacg.com/photos-index-page-10-aid-18203.html
/web/20251006091043/https://www.wnacg.com/photos-view-id-1127378.html
/web/20251006091048/https://www.wnacg.com/photos-view-id-1127382.html
/web/20251006091139/https://www.wnacg.com/photos-view-id-1127388.html
/web/20251006091156/https://www.wnacg.com/photos-view-id-1127387.html
/web/20251006091222/https://www.wnacg.com/photos-view-id-1127384.html
/web/20251006091230/https://www.wnacg.com/photos-view-id-1127390.html
/web/20251006091223/https://www.wnacg.com/photos-view-id-1127391.html
/web/20251006091251/https://www.wnacg.com/photos-view-id-1127383.html
/web/20251006091324/https://www.wnacg.com/photos-view-id-1127385.html
/web/20251006091322/https://www.wnacg.com/photos-view-id-1127389.html
/web/20251006091330/https://www.wnacg.com/photos-view-id-1127386.html
/web/20251006091325/https://www.wnacg.com/photos-view-id-1127494.html
/web/20251006091416/https://www.wnacg.com/photos-index-page-5-aid-18203.html
/web/20251006091441/https://www.wnacg.com/photos-view-id-1127471.html
/web/20251006091531/https://www.wnacg.com/photos-view-id-1127465.html
/web/20251006091549/https://www.wnacg.com/photos-view-id-1127470.html
/web/20251006091528/https://www.wnacg.com/photos-view-id-1127468.html
/web/20251006091551/https://www.wnacg.com/photos-index-page-18-aid-18203.html
/web/20251006091558/https://www.wnacg.com/photos-view-id-1127466.html
/web/20251006091549/https://www.wnacg.com/photos-view-id-1127469.html
/web/20251006091625/https://www.wnacg.com/photos-view-id-1127459.html
/web/20251006091642/https://www.wnacg.com/photos-view-id-1127475.html
/web/20251006091758/https://www.wnacg.com/photos-view-id-1127456.html
/web/20251006091759/https://www.wnacg.com/photos-view-id-1127464.html
/web/20251006091817/https://www.wnacg.com/photos-view-id-1127453.html
/web/20251006091838/https://www.wnacg.com/photos-view-id-1127460.html
/web/20251006091849/https://www.wnacg.com/photos-view-id-1127501.html
/web/20251006091902/https://www.wnacg.com/photos-view-id-1127461.html
/web/20251006091907/https://www.wnacg.com/photos-view-id-1127463.html
/web/20251006092029/https://www.wnacg.com/photos-view-id-1127433.html
/web/20251006091956/https://www.wnacg.com/photos-view-id-1127458.html
/web/20251006092120/https://www.wnacg.com/photos-view-id-1127486.html
/web/20251006092116/https://www.wnacg.com/photos-view-id-1127432.html
/web/20251006092207/https://www.wnacg.com/photos-view-id-1127440.html
/web/20251006092253/https://www.wnacg.com/photos-view-id-1127429.html
/web/20251006092258/https://www.wnacg.com/photos-view-id-1127421.html
/web/20251006092332/https://www.wnacg.com/photos-view-id-1127427.html
/web/20251006092217/https://www.wnacg.com/photos-view-id-1127439.html
/web/20251006090630/https://www.wnacg.com/photos-view-id-1127485.html
/web/20251006092420/https://www.wnacg.com/photos-view-id-1127333.html
/web/20251006092532/https://www.wnacg.com/photos-view-id-1127404.html
/web/20251006092506/https://www.wnacg.com/photos-view-id-1127368.html
/web/20251006092542/https://www.wnacg.com/photos-view-id-1127402.html
/web/20251006092606/https://www.wnacg.com/photos-view-id-1127394.html
/web/20251006092617/https://www.wnacg.com/photos-view-id-1127395.html
/web/20251006092639/https://www.wnacg.com/photos-view-id-1127393.html
/web/20251006092614/https://www.wnacg.com/photos-view-id-1127373.html
/web/20251006092730/https://www.wnacg.com/photos-view-id-1127398.html
/web/20251006092822/https://www.wnacg.com/photos-view-id-1127396.html
/web/20251006092801/https://www.wnacg.com/photos-view-id-1127397.html
/web/20251006092827/https://www.wnacg.com/photos-view-id-1127401.html
/web/20251006092908/https://www.wnacg.com/photos-view-id-1127415.html
/web/20251006092909/https://www.wnacg.com/photos-view-id-1127414.html
/web/20251006092915/https://www.wnacg.com/photos-view-id-1127510.html
/web/20251006092944/https://www.wnacg.com/photos-view-id-1127372.html
/web/20251006092955/https://www.wnacg.com/photos-view-id-1127412.html
/web/20251006092942/https://www.wnacg.com/photos-view-id-1127408.html
/web/20251006093111/https://www.wnacg.com/photos-view-id-1127406.html
/web/20251006093055/https://www.wnacg.com/photos-view-id-1127416.html
/web/20251006093043/https://www.wnacg.com/photos-view-id-1127410.html
/web/20251006093046/https://www.wnacg.com/photos-view-id-1127405.html
/web/20251006093207/https://www.wnacg.com/photos-view-id-1127379.html
/web/20251006093149/https://www.wnacg.com/photos-view-id-1127381.html
/web/20251006093201/https://www.wnacg.com/photos-view-id-1127413.html
/web/20251006093307/https://www.wnacg.com/photos-view-id-1127392.html
/web/20251006093252/https://www.wnacg.com/photos-view-id-1127345.html
/web/20251006093315/https://www.wnacg.com/photos-view-id-1127353.html
/web/20251006093351/https://www.wnacg.com/photos-view-id-1127349.html
/web/20251006093352/https://www.wnacg.com/photos-view-id-1127348.html
/web/20251006093410/https://www.wnacg.com/photos-view-id-1127472.html
/web/20251006093431/https://www.wnacg.com/photos-view-id-1127351.html
/web/20251006093419/https://www.wnacg.com/photos-view-id-1127355.html
/web/20251006093453/https://www.wnacg.com/photos-view-id-1127505.html
/web/20251006093459/https://www.wnacg.com/photos-view-id-1127354.html
/web/20251006093557/https://www.wnacg.com/photos-view-id-1127474.html
/web/20251006093522/https://www.wnacg.com/photos-view-id-1127508.html
/web/20251006093525/https://www.wnacg.com/photos-view-id-1127506.html
/web/20251006093621/https://www.wnacg.com/photos-view-id-1127467.html
/web/20251006093625/https://www.wnacg.com/photos-view-id-1127507.html
/web/20251006093723/https://www.wnacg.com/photos-view-id-1127504.html
/web/20251006093752/https://www.wnacg.com/photos-view-id-1127455.html
/web/20251006093819/https://www.wnacg.com/photos-view-id-1127457.html
/web/20251006093821/https://www.wnacg.com/photos-view-id-1127454.html
/web/20251006093834/https://www.wnacg.com/photos-view-id-1127431.html
/web/20251006093909/https://www.wnacg.com/photos-view-id-1127502.html
/web/20251006093855/https://www.wnacg.com/photos-view-id-1127462.html
/web/20251006093921/https://www.wnacg.com/photos-view-id-1127428.html
/web/20251006093924/https://www.wnacg.com/photos-view-id-1127422.html
/web/20251006093944/https://www.wnacg.com/photos-view-id-1127344.html
/web/20251006092508/https://www.wnacg.com/photos-view-id-1127417.html
/web/20251006093948/https://www.wnacg.com/photos-view-id-1127434.html
/web/20251006094009/https://www.wnacg.com/photos-view-id-1127430.html
/web/20251006094038/https://www.wnacg.com/photos-view-id-1127332.html
/web/20251006094120/https://www.wnacg.com/photos-view-id-1127399.html
/web/20251006094209/https://www.wnacg.com/photos-view-id-1127426.html
/web/20251006094222/https://www.wnacg.com/photos-view-id-1127411.html
/web/20251006094200/https://www.wnacg.com/photos-view-id-1127403.html
/web/20251006094316/https://www.wnacg.com/photos-view-id-1127400.html
/web/20251006094252/https://www.wnacg.com/photos-view-id-1127367.html
/web/20251006094300/https://www.wnacg.com/photos-view-id-1127509.html
/web/20251006094352/https://www.wnacg.com/photos-view-id-1127407.html
/web/20251006094347/https://www.wnacg.com/photos-view-id-1127380.html
/web/20251006094339/https://www.wnacg.com/photos-view-id-1127346.html
/web/20251006094437/https://www.wnacg.com/photos-view-id-1127409.html
/web/20251006094512/https://www.wnacg.com/photos-view-id-1127352.html
/web/20251006094523/https://www.wnacg.com/photos-view-id-1127350.html
/web/20251006094546/https://www.wnacg.com/photos-view-id-1127356.html
/web/20251006094534/https://www.wnacg.com/photos-view-id-1127347.html
/web/20251006094555/https://www.wnacg.com/photos-view-id-1127473.html
/web/20251006094026/https://www.wnacg.com/photos-view-id-1127420.html
/web/20251006094632/https://www.wnacg.com/photos-view-id-1127423.html
/web/20251006094642/https://www.wnacg.com/photos-view-id-1127418.html
/web/20251006094658/https://www.wnacg.com/photos-view-id-1127334.html
/web/20251006094731/https://www.wnacg.com/photos-view-id-1127335.html
/web/20251006094747/https://www.wnacg.com/photos-view-id-1127322.html
/web/20251006094750/https://www.wnacg.com/photos-view-id-1127531.html
/web/20251006094705/https://www.wnacg.com/photos-view-id-1127503.html
/web/20251006094819/https://www.wnacg.com/photos-view-id-1127325.html
/web/20251006094821/https://www.wnacg.com/photos-view-id-1127366.html
/web/20251006094934/https://www.wnacg.com/photos-view-id-1127330.html
/web/20251006095038/https://www.wnacg.com/photos-view-id-1127326.html
/web/20251006095043/https://www.wnacg.com/photos-view-id-1127323.html
/web/20251006095041/https://www.wnacg.com/photos-view-id-1127331.html
/web/20251006095048/https://www.wnacg.com/photos-index-page-6-aid-18203.html
/web/20251006094919/https://www.wnacg.com/photos-view-id-1127324.html
/web/20251006095056/https://www.wnacg.com/photos-view-id-1127520.html
/web/20251006095156/https://www.wnacg.com/photos-view-id-1127365.html
/web/20251006095242/https://www.wnacg.com/photos-view-id-1127357.html
/web/20251006095216/https://www.wnacg.com/photos-view-id-1127329.html
/web/20251006095255/https://www.wnacg.com/photos-view-id-1127419.html
/web/20251006095349/https://www.wnacg.com/photos-view-id-1127327.html
/web/20251006095353/https://www.wnacg.com/photos-view-id-1127361.html
/web/20251006095413/https://www.wnacg.com/photos-view-id-1127362.html
/web/20251006095432/https://www.wnacg.com/photos-view-id-1127364.html
/web/20251006095409/https://www.wnacg.com/photos-view-id-1127358.html
/web/20251006095456/https://www.wnacg.com/photos-view-id-1127363.html
/web/20251006095548/https://www.wnacg.com/photos-view-id-1127328.html
/web/20251006095542/https://www.wnacg.com/photos-view-id-1127359.html
/web/20251006095636/https://www.wnacg.com/photos-view-id-1127360.html
