https://www.wnacg.com/photos-index-aid-18203.html
https://www.wnacg.com/photos-view-id-1127526.html
https://www.wnacg.com/photos-index-page-2-aid-18203.html
https://www.wnacg.com/photos-view-id-1127527.html
https://www.wnacg.com/photos-view-id-1127529.html
https://www.wnacg.com/photos-view-id-1127522.html
https://www.wnacg.com/photos-view-id-1127525.html
https://www.wnacg.com/photos-index-page-19-aid-18203.html
https://www.wnacg.com/photos-index-page-4-aid-18203.html
https://www.wnacg.com/photos-view-id-1127308.html
https://www.wnacg.com/photos-index-page-3-aid-18203.html
https://www.wnacg.com/photos-view-id-1127521.html
https://www.wnacg.com/photos-view-id-1127311.html
https://www.wnacg.com/photos-slide-aid-18203.html
https://www.wnacg.com/photos-view-id-1127317.html
https://www.wnacg.com/photos-view-id-1127319.html
https://www.wnacg.com/photos-view-id-1127318.html
https://www.wnacg.com/download-index-aid-18203.html
https://www.wnacg.com/photos-view-id-1127316.html
https://www.wnacg.com/photos-index-page-1-aid-18203.html
https://www.wnacg.com/photos-view-id-1127309.html
https://www.wnacg.com/photos-view-id-1127313.html
https://www.wnacg.com/photos-view-id-1127310.html
https://www.wnacg.com/photos-view-id-1127528.html
https://www.wnacg.com/photos-view-id-1127530.html
https://www.wnacg.com/photos-view-id-1127523.html
https://www.wnacg.com/photos-view-id-1127524.html
https://www.wnacg.com/photos-view-id-1127518.html
https://www.wnacg.com/photos-view-id-1127517.html
https://www.wnacg.com/photos-view-id-1127516.html
https://www.wnacg.com/photos-index-page-16-aid-18203.html
https://www.wnacg.com/photos-view-id-1127515.html
https://www.wnacg.com/photos-view-id-1127513.html
https://www.wnacg.com/photos-view-id-1127519.html
https://v1.wzip.date/down/0183/a35f22bd5e0b93882acbe1572ab33dbb.zip?n=[%E3%83%88%E3%82%AD%E3%83%9E%E3%83%81%E2%98%86%E3%82%A8%E3%82%A4%E3%82%BB%E3%82%A4]%20%E9%A3%BC%E3%81%84%E4%B8%BB%E6%A7%98%E3%81%A8%E3%81%8A%E5%91%BC%E3%81%B3%E3%83%83!
https://www.wnacg.com/photos-view-id-1127320.html
https://www.wnacg.com/photos-index-page-17-aid-18203.html
https://www.wnacg.com/photos-view-id-1127312.html
https://www.wnacg.com/photos-view-id-1127315.html
https://v1.wzip.download/down/0183/a35f22bd5e0b93882acbe1572ab33dbb.zip?n=[%E3%83%88%E3%82%AD%E3%83%9E%E3%83%81%E2%98%86%E3%82%A8%E3%82%A4%E3%82%BB%E3%82%A4]%20%E9%A3%BC%E3%81%84%E4%B8%BB%E6%A7%98%E3%81%A8%E3%81%8A%E5%91%BC%E3%81%B3%E3%83%83!
https://www.wnacg.com/photos-view-id-1127480.html
https://www.wnacg.com/photos-view-id-1127481.html
https://www.wnacg.com/photos-view-id-1127314.html
https://www.wnacg.com/photos-view-id-1127483.html
https://www.wnacg.com/photos-view-id-1127477.html
https://www.wnacg.com/photos-view-id-1127488.html
https://www.wnacg.com/photos-index-page-13-aid-18203.html
https://www.wnacg.com/photos-view-id-1127478.html
https://www.wnacg.com/photos-view-id-1127479.html
https://www.wnacg.com/photos-view-id-1127484.html
https://www.wnacg.com/photos-view-id-1127482.html
https://www.wnacg.com/photos-view-id-1127342.html
https://www.wnacg.com/photos-view-id-1127337.html
https://www.wnacg.com/photos-view-id-1127340.html
https://www.wnacg.com/photos-index-page-7-aid-18203.html
https://www.wnacg.com/photos-view-id-1127341.html
https://www.wnacg.com/photos-view-id-1127514.html
https://www.wnacg.com/photos-view-id-1127512.html
https://www.wnacg.com/photos-index-page-8-aid-18203.html
https://www.wnacg.com/photos-view-id-1127321.html
https://www.wnacg.com/photos-view-id-1127336.html
https://www.wnacg.com/photos-view-id-1127495.html
https://www.wnacg.com/photos-index-page-15-aid-18203.html
https://www.wnacg.com/photos-view-id-1127489.html
https://www.wnacg.com/photos-index-page-14-aid-18203.html
https://www.wnacg.com/photos-view-id-1127496.html
https://www.wnacg.com/photos-view-id-1127497.html
https://www.wnacg.com/photos-view-id-1127499.html
https://www.wnacg.com/photos-view-id-1127500.html
https://www.wnacg.com/photos-view-id-1127491.html
https://www.wnacg.com/photos-view-id-1127492.html
https://www.wnacg.com/photos-view-id-1127476.html
https://www.wnacg.com/photos-view-id-1127498.html
https://www.wnacg.com/photos-view-id-1127487.html
https://www.wnacg.com/photos-view-id-1127447.html
https://www.wnacg.com/photos-view-id-1127449.html
https://www.wnacg.com/photos-view-id-1127445.html
https://www.wnacg.com/photos-view-id-1127441.html
https://www.wnacg.com/photos-index-page-12-aid-18203.html
https://www.wnacg.com/photos-view-id-1127446.html
https://www.wnacg.com/photos-view-id-1127448.html
https://www.wnacg.com/photos-view-id-1127452.html
https://www.wnacg.com/photos-view-id-1127451.html
https://www.wnacg.com/photos-view-id-1127442.html
https://www.wnacg.com/photos-view-id-1127444.html
https://www.wnacg.com/photos-index-page-11-aid-18203.html
https://www.wnacg.com/photos-view-id-1127339.html
https://www.wnacg.com/photos-view-id-1127450.html
https://www.wnacg.com/photos-view-id-1127493.html
https://www.wnacg.com/photos-view-id-1127490.html
https://www.wnacg.com/photos-view-id-1127338.html
https://www.wnacg.com/photos-view-id-1127443.html
https://www.wnacg.com/photos-view-id-1127369.html
https://www.wnacg.com/photos-view-id-1127370.html
https://www.wnacg.com/photos-view-id-1127374.html
https://www.wnacg.com/photos-view-id-1127343.html
https://www.wnacg.com/photos-view-id-1127377.html
https://www.wnacg.com/photos-index-page-9-aid-18203.html
https://www.wnacg.com/photos-view-id-1127375.html
https://www.wnacg.com/photos-view-id-1127376.html
https://www.wnacg.com/photos-view-id-1127511.html
https://www.wnacg.com/photos-view-id-1127371.html
https://www.wnacg.com/photos-index-page-10-aid-18203.html
https://www.wnacg.com/photos-view-id-1127378.html
https://www.wnacg.com/photos-view-id-1127382.html
https://www.wnacg.com/photos-view-id-1127388.html
https://www.wnacg.com/photos-view-id-1127387.html
https://www.wnacg.com/photos-view-id-1127384.html
https://www.wnacg.com/photos-view-id-1127390.html
https://www.wnacg.com/photos-view-id-1127391.html
https://www.wnacg.com/photos-view-id-1127383.html
https://www.wnacg.com/photos-view-id-1127385.html
https://www.wnacg.com/photos-view-id-1127389.html
https://www.wnacg.com/photos-view-id-1127386.html
https://www.wnacg.com/photos-view-id-1127494.html
https://www.wnacg.com/photos-index-page-5-aid-18203.html
https://www.wnacg.com/photos-view-id-1127471.html
https://www.wnacg.com/photos-view-id-1127465.html
https://www.wnacg.com/photos-view-id-1127470.html
https://www.wnacg.com/photos-view-id-1127468.html
https://www.wnacg.com/photos-index-page-18-aid-18203.html
https://www.wnacg.com/photos-view-id-1127466.html
https://www.wnacg.com/photos-view-id-1127469.html
https://www.wnacg.com/photos-view-id-1127459.html
https://www.wnacg.com/photos-view-id-1127475.html
https://www.wnacg.com/photos-view-id-1127456.html
https://www.wnacg.com/photos-view-id-1127464.html
https://www.wnacg.com/photos-view-id-1127453.html
https://www.wnacg.com/photos-view-id-1127460.html
https://www.wnacg.com/photos-view-id-1127501.html
https://www.wnacg.com/photos-view-id-1127461.html
https://www.wnacg.com/photos-view-id-1127463.html
https://www.wnacg.com/photos-view-id-1127433.html
https://www.wnacg.com/photos-view-id-1127458.html
https://www.wnacg.com/photos-view-id-1127486.html
https://www.wnacg.com/photos-view-id-1127432.html
https://www.wnacg.com/photos-view-id-1127440.html
https://www.wnacg.com/photos-view-id-1127429.html
https://www.wnacg.com/photos-view-id-1127421.html
https://www.wnacg.com/photos-view-id-1127427.html
https://www.wnacg.com/photos-view-id-1127439.html
https://www.wnacg.com/photos-view-id-1127485.html
https://www.wnacg.com/photos-view-id-1127333.html
https://www.wnacg.com/photos-view-id-1127404.html
https://www.wnacg.com/photos-view-id-1127368.html
https://www.wnacg.com/photos-view-id-1127402.html
https://www.wnacg.com/photos-view-id-1127394.html
https://www.wnacg.com/photos-view-id-1127395.html
https://www.wnacg.com/photos-view-id-1127393.html
https://www.wnacg.com/photos-view-id-1127373.html
https://www.wnacg.com/photos-view-id-1127398.html
https://www.wnacg.com/photos-view-id-1127396.html
https://www.wnacg.com/photos-view-id-1127397.html
https://www.wnacg.com/photos-view-id-1127401.html
https://www.wnacg.com/photos-view-id-1127415.html
https://www.wnacg.com/photos-view-id-1127414.html
https://www.wnacg.com/photos-view-id-1127510.html
https://www.wnacg.com/photos-view-id-1127372.html
https://www.wnacg.com/photos-view-id-1127412.html
https://www.wnacg.com/photos-view-id-1127408.html
https://www.wnacg.com/photos-view-id-1127406.html
https://www.wnacg.com/photos-view-id-1127416.html
https://www.wnacg.com/photos-view-id-1127410.html
https://www.wnacg.com/photos-view-id-1127405.html
https://www.wnacg.com/photos-view-id-1127379.html
https://www.wnacg.com/photos-view-id-1127381.html
https://www.wnacg.com/photos-view-id-1127413.html
https://www.wnacg.com/photos-view-id-1127392.html
https://www.wnacg.com/photos-view-id-1127345.html
https://www.wnacg.com/photos-view-id-1127353.html
https://www.wnacg.com/photos-view-id-1127349.html
https://www.wnacg.com/photos-view-id-1127348.html
https://www.wnacg.com/photos-view-id-1127472.html
https://www.wnacg.com/photos-view-id-1127351.html
https://www.wnacg.com/photos-view-id-1127355.html
https://www.wnacg.com/photos-view-id-1127505.html
https://www.wnacg.com/photos-view-id-1127354.html
https://www.wnacg.com/photos-view-id-1127474.html
https://www.wnacg.com/photos-view-id-1127508.html
https://www.wnacg.com/photos-view-id-1127506.html
https://www.wnacg.com/photos-view-id-1127467.html
https://www.wnacg.com/photos-view-id-1127507.html
https://www.wnacg.com/photos-view-id-1127504.html
https://www.wnacg.com/photos-view-id-1127455.html
https://www.wnacg.com/photos-view-id-1127457.html
https://www.wnacg.com/photos-view-id-1127454.html
https://www.wnacg.com/photos-view-id-1127431.html
https://www.wnacg.com/photos-view-id-1127502.html
https://www.wnacg.com/photos-view-id-1127462.html
https://www.wnacg.com/photos-view-id-1127428.html
https://www.wnacg.com/photos-view-id-1127422.html
https://www.wnacg.com/photos-view-id-1127344.html
https://www.wnacg.com/photos-view-id-1127417.html
https://www.wnacg.com/photos-view-id-1127434.html
https://www.wnacg.com/photos-view-id-1127430.html
https://www.wnacg.com/photos-view-id-1127332.html
https://www.wnacg.com/photos-view-id-1127399.html
https://www.wnacg.com/photos-view-id-1127426.html
https://www.wnacg.com/photos-view-id-1127411.html
https://www.wnacg.com/photos-view-id-1127403.html
https://www.wnacg.com/photos-view-id-1127400.html
https://www.wnacg.com/photos-view-id-1127367.html
https://www.wnacg.com/photos-view-id-1127509.html
https://www.wnacg.com/photos-view-id-1127407.html
https://www.wnacg.com/photos-view-id-1127380.html
https://www.wnacg.com/photos-view-id-1127346.html
https://www.wnacg.com/photos-view-id-1127409.html
https://www.wnacg.com/photos-view-id-1127352.html
https://www.wnacg.com/photos-view-id-1127350.html
https://www.wnacg.com/photos-view-id-1127356.html
https://www.wnacg.com/photos-view-id-1127347.html
https://www.wnacg.com/photos-view-id-1127473.html
https://www.wnacg.com/photos-view-id-1127420.html
https://www.wnacg.com/photos-view-id-1127423.html
https://www.wnacg.com/photos-view-id-1127418.html
https://www.wnacg.com/photos-view-id-1127334.html
https://www.wnacg.com/photos-view-id-1127335.html
https://www.wnacg.com/photos-view-id-1127322.html
https://www.wnacg.com/photos-view-id-1127531.html
https://www.wnacg.com/photos-view-id-1127503.html
https://www.wnacg.com/photos-view-id-1127325.html
https://www.wnacg.com/photos-view-id-1127366.html
https://www.wnacg.com/photos-view-id-1127330.html
https://www.wnacg.com/photos-view-id-1127326.html
https://www.wnacg.com/photos-view-id-1127323.html
https://www.wnacg.com/photos-view-id-1127331.html
https://www.wnacg.com/photos-index-page-6-aid-18203.html
https://www.wnacg.com/photos-view-id-1127324.html
https://www.wnacg.com/photos-view-id-1127520.html
https://www.wnacg.com/photos-view-id-1127365.html
https://www.wnacg.com/photos-view-id-1127357.html
https://www.wnacg.com/photos-view-id-1127329.html
https://www.wnacg.com/photos-view-id-1127419.html
https://www.wnacg.com/photos-view-id-1127327.html
https://www.wnacg.com/photos-view-id-1127361.html
https://www.wnacg.com/photos-view-id-1127362.html
https://www.wnacg.com/photos-view-id-1127364.html
https://www.wnacg.com/photos-view-id-1127358.html
https://www.wnacg.com/photos-view-id-1127363.html
https://www.wnacg.com/photos-view-id-1127328.html
https://www.wnacg.com/photos-view-id-1127359.html
https://www.wnacg.com/photos-view-id-1127360.html
