/web/20251005084821/https://www.wnacg.com/photos-index-aid-298175.html
/web/20251005084908/https://www.wnacg.com/photos-view-id-24733686.html
/web/20251005084936/https://www.wnacg.com/photos-view-id-24733691.html
/web/20251005085032/https://www.wnacg.com/download-index-aid-298175.html
/web/20251005085024/https://www.wnacg.com/photos-view-id-24733687.html
/web/20251005084929/https://www.wnacg.com/photos-view-id-24733689.html
/web/20251005084922/https://www.wnacg.com/photos-slide-aid-298175.html
/web/20251005085018/https://www.wnacg.com/photos-index-page-16-aid-298175.html
/web/20251005084918/https://www.wnacg.com/photos-view-id-24733693.html
/web/20251005085114/https://www.wnacg.com/photos-view-id-24733690.html
/web/20251005085019/https://www.wnacg.com/photos-index-page-2-aid-298175.html
/web/20251005085138/https://www.wnacg.com/photos-index-page-4-aid-298175.html
/web/20251005085038/https://www.wnacg.com/photos-view-id-24733683.html
/web/20251005085155/https://www.wnacg.com/photos-view-id-24733692.html
/web/20251005085143/https://www.wnacg.com/photos-view-id-24733688.html
/web/20251005085150/https://www.wnacg.com/photos-index-page-3-aid-298175.html
/web/20251005085540/https://v1.wzip.date/down/2982/f40a5464c7e38f70eadb431eb5359558.zip?n=%5B%E5%8D%81%E3%81%AF%E3%82%84%E3%81%BF(%E3%82%B2%E3%83%8D%E3%82%B7%E3%82%B9)%5D%20%E3%83%AC%E3%83%BC%E3%83%B4%E3%82%A7%E3%83%B3%E3%83%88%E3%83%AD%E3%83%BC%E5%AC%A2%E3%81%AE%E6%83%85%E4%BA%A4%E4%BA%8B%E4%BB%B6%E7%B0%BF%20%E7%AC%AC%E4%B8%80~%E5%8D%81%E8%A9%B1%20%5B%E4%B8%AD%E5%9B%BD%E7%BF%BB%E8%A8%B3%5D
/web/20251005085532/https://www.wnacg.com/photos-view-id-24733685.html
/web/20251005085553/https://www.wnacg.com/photos-view-id-24733863.html
/web/20251005085600/https://www.wnacg.com/photos-index-page-15-aid-298175.html
/web/20251005085641/https://www.wnacg.com/photos-view-id-24733870.html
/web/20251005085649/https://www.wnacg.com/photos-view-id-24733869.html
/web/20251005085547/https://v1.wzip.download/down/2982/f40a5464c7e38f70eadb431eb5359558.zip?n=%5B%E5%8D%81%E3%81%AF%E3%82%84%E3%81%BF(%E3%82%B2%E3%83%8D%E3%82%B7%E3%82%B9)%5D%20%E3%83%AC%E3%83%BC%E3%83%B4%E3%82%A7%E3%83%B3%E3%83%88%E3%83%AD%E3%83%BC%E5%AC%A2%E3%81%AE%E6%83%85%E4%BA%A4%E4%BA%8B%E4%BB%B6%E7%B0%BF%20%E7%AC%AC%E4%B8%80~%E5%8D%81%E8%A9%B1%20%5B%E4%B8%AD%E5%9B%BD%E7%BF%BB%E8%A8%B3%5D
/web/20251005085643/https://www.wnacg.com/photos-index-page-14-aid-298175.html
/web/20251005085614/https://www.wnacg.com/photos-view-id-24733867.html
/web/20251005085606/https://www.wnacg.com/photos-index-page-13-aid-298175.html
/web/20251005085714/https://www.wnacg.com/photos-view-id-24733868.html
/web/20251005085742/https://www.wnacg.com/photos-view-id-24733872.html
/web/20251005085743/https://www.wnacg.com/photos-view-id-24733864.html
/web/20251005085749/https://www.wnacg.com/photos-index-page-12-aid-298175.html
/web/20251005085707/https://www.wnacg.com/photos-view-id-24733866.html
/web/20251005085817/https://www.wnacg.com/photos-view-id-24733700.html
/web/20251005085819/https://www.wnacg.com/photos-index-page-6-aid-298175.html
/web/20251005085824/https://www.wnacg.com/photos-view-id-24733695.html
/web/20251005085919/https://www.wnacg.com/photos-view-id-24733703.html
/web/20251005085915/https://www.wnacg.com/photos-view-id-24733696.html
/web/20251005085859/https://www.wnacg.com/photos-view-id-24733704.html
/web/20251005085936/https://www.wnacg.com/photos-view-id-24733698.html
/web/20251005090012/https://www.wnacg.com/photos-view-id-24733724.html
/web/20251005085929/https://www.wnacg.com/photos-view-id-24733706.html
/web/20251005090004/https://www.wnacg.com/photos-view-id-24733705.html
/web/20251005090030/https://www.wnacg.com/photos-view-id-24733729.html
/web/20251005090004/https://www.wnacg.com/photos-view-id-24733701.html
/web/20251005085832/https://www.wnacg.com/photos-view-id-24733702.html
/web/20251005090019/https://www.wnacg.com/photos-view-id-24733726.html
/web/20251005085922/https://www.wnacg.com/photos-view-id-24733697.html
/web/20251005090118/https://www.wnacg.com/photos-view-id-24733856.html
/web/20251005090115/https://www.wnacg.com/photos-view-id-24733862.html
/web/20251005090125/https://www.wnacg.com/photos-view-id-24733854.html
/web/20251005090138/https://www.wnacg.com/photos-index-page-11-aid-298175.html
/web/20251005090219/https://www.wnacg.com/photos-view-id-24733857.html
/web/20251005090220/https://www.wnacg.com/photos-view-id-24733855.html
/web/20251005090227/https://www.wnacg.com/photos-view-id-24733851.html
/web/20251005090234/https://www.wnacg.com/photos-view-id-24733852.html
/web/20251005090241/https://www.wnacg.com/photos-view-id-24733853.html
/web/20251005090329/https://www.wnacg.com/photos-view-id-24733858.html
/web/20251005090331/https://www.wnacg.com/photos-view-id-24733871.html
/web/20251005090338/https://www.wnacg.com/photos-view-id-24733841.html
/web/20251005090345/https://www.wnacg.com/photos-view-id-24733843.html
/web/20251005090352/https://www.wnacg.com/photos-view-id-24733848.html
/web/20251005090407/https://www.wnacg.com/photos-index-page-10-aid-298175.html
/web/20251005090430/https://www.wnacg.com/photos-view-id-24733846.html
/web/20251005090431/https://www.wnacg.com/photos-view-id-24733849.html
/web/20251005090438/https://www.wnacg.com/photos-view-id-24733840.html
/web/20251005090505/https://www.wnacg.com/photos-view-id-24733850.html
/web/20251005090506/https://www.wnacg.com/photos-view-id-24733842.html
/web/20251005090529/https://www.wnacg.com/photos-view-id-24733827.html
/web/20251005090520/https://www.wnacg.com/photos-view-id-24733834.html
/web/20251005090513/https://www.wnacg.com/photos-view-id-24733845.html
/web/20251005090604/https://www.wnacg.com/photos-view-id-24733838.html
/web/20251005090607/https://www.wnacg.com/photos-view-id-24733831.html
/web/20251005090614/https://www.wnacg.com/photos-view-id-24733837.html
/web/20251005090621/https://www.wnacg.com/photos-view-id-24733836.html
/web/20251005090628/https://www.wnacg.com/photos-view-id-24733832.html
/web/20251005090707/https://www.wnacg.com/photos-view-id-24733833.html
/web/20251005090708/https://www.wnacg.com/photos-view-id-24733830.html
/web/20251005090719/https://www.wnacg.com/photos-view-id-24733865.html
/web/20251005090731/https://www.wnacg.com/photos-view-id-24733821.html
/web/20251005090814/https://www.wnacg.com/photos-view-id-24733825.html
/web/20251005090818/https://www.wnacg.com/photos-view-id-24733820.html
/web/20251005090730/https://www.wnacg.com/photos-view-id-24733817.html
/web/20251005090824/https://www.wnacg.com/photos-view-id-24733822.html
/web/20251005090836/https://www.wnacg.com/photos-index-page-8-aid-298175.html
/web/20251005090829/https://www.wnacg.com/photos-view-id-24733824.html
/web/20251005090924/https://www.wnacg.com/photos-view-id-24733818.html
/web/20251005090924/https://www.wnacg.com/photos-view-id-24733815.html
/web/20251005090932/https://www.wnacg.com/photos-view-id-24733823.html
/web/20251005090938/https://www.wnacg.com/photos-index-page-9-aid-298175.html
/web/20251005090945/https://www.wnacg.com/photos-view-id-24733699.html
/web/20251005091028/https://www.wnacg.com/photos-view-id-24733750.html
/web/20251005091029/https://www.wnacg.com/photos-view-id-24733744.html
/web/20251005091037/https://www.wnacg.com/photos-view-id-24733747.html
/web/20251005091043/https://www.wnacg.com/photos-view-id-24733743.html
/web/20251005091051/https://www.wnacg.com/photos-view-id-24733748.html
/web/20251005091105/https://www.wnacg.com/photos-view-id-24733753.html
/web/20251005091134/https://www.wnacg.com/photos-view-id-24733754.html
/web/20251005091106/https://www.wnacg.com/photos-view-id-24733752.html
/web/20251005091135/https://www.wnacg.com/photos-view-id-24733745.html
/web/20251005091207/https://www.wnacg.com/photos-view-id-24733694.html
/web/20251005091206/https://www.wnacg.com/photos-view-id-24733749.html
/web/20251005091237/https://www.wnacg.com/photos-view-id-24733728.html
/web/20251005091245/https://www.wnacg.com/photos-view-id-24733809.html
/web/20251005091238/https://www.wnacg.com/photos-view-id-24733861.html
/web/20251005091315/https://www.wnacg.com/photos-view-id-24733806.html
/web/20251005091308/https://www.wnacg.com/photos-view-id-24733804.html
/web/20251005091322/https://www.wnacg.com/photos-view-id-24733808.html
/web/20251005091320/https://www.wnacg.com/photos-view-id-24733722.html
/web/20251005091352/https://www.wnacg.com/photos-view-id-24733810.html
/web/20251005091406/https://www.wnacg.com/photos-view-id-24733807.html
/web/20251005091438/https://www.wnacg.com/photos-view-id-24733814.html
/web/20251005091350/https://www.wnacg.com/photos-view-id-24733803.html
/web/20251005091428/https://www.wnacg.com/photos-view-id-24733812.html
/web/20251005091434/https://www.wnacg.com/photos-view-id-24733805.html
/web/20251005091508/https://www.wnacg.com/photos-view-id-24733844.html
/web/20251005091514/https://www.wnacg.com/photos-view-id-24733859.html
/web/20251005091534/https://www.wnacg.com/photos-view-id-24733800.html
/web/20251005091519/https://www.wnacg.com/photos-view-id-24733847.html
/web/20251005091539/https://www.wnacg.com/photos-view-id-24733797.html
/web/20251005091603/https://www.wnacg.com/photos-view-id-24733791.html
/web/20251005091522/https://www.wnacg.com/photos-view-id-24733799.html
/web/20251005091619/https://www.wnacg.com/photos-view-id-24733798.html
/web/20251005091611/https://www.wnacg.com/photos-view-id-24733793.html
/web/20251005091620/https://www.wnacg.com/photos-view-id-24733792.html
/web/20251005091625/https://www.wnacg.com/photos-view-id-24733802.html
/web/20251005091718/https://www.wnacg.com/photos-view-id-24733794.html
/web/20251005091719/https://www.wnacg.com/photos-view-id-24733801.html
/web/20251005091734/https://www.wnacg.com/photos-view-id-24733826.html
/web/20251005091734/https://www.wnacg.com/photos-view-id-24733839.html
/web/20251005091740/https://www.wnacg.com/photos-view-id-24733828.html
/web/20251005092020/https://www.wnacg.com/photos-view-id-24733835.html
/web/20251005092022/https://www.wnacg.com/photos-view-id-24733829.html
/web/20251005092036/https://www.wnacg.com/photos-view-id-24733816.html
/web/20251005092043/https://www.wnacg.com/photos-view-id-24733774.html
/web/20251005092126/https://www.wnacg.com/photos-view-id-24733778.html
/web/20251005092134/https://www.wnacg.com/photos-view-id-24733768.html
/web/20251005092129/https://www.wnacg.com/photos-view-id-24733767.html
/web/20251005092147/https://www.wnacg.com/photos-view-id-24733777.html
/web/20251005092028/https://www.wnacg.com/photos-view-id-24733819.html
/web/20251005092149/https://www.wnacg.com/photos-view-id-24733776.html
/web/20251005092244/https://www.wnacg.com/photos-view-id-24733769.html
/web/20251005092251/https://www.wnacg.com/photos-view-id-24733783.html
/web/20251005092250/https://www.wnacg.com/photos-view-id-24733773.html
/web/20251005092258/https://www.wnacg.com/photos-view-id-24733789.html
/web/20251005092305/https://www.wnacg.com/photos-view-id-24733785.html
/web/20251005092312/https://www.wnacg.com/photos-view-id-24733787.html
/web/20251005092346/https://www.wnacg.com/photos-view-id-24733790.html
/web/20251005092319/https://www.wnacg.com/photos-view-id-24733781.html
/web/20251005092352/https://www.wnacg.com/photos-view-id-24733779.html
/web/20251005092519/https://www.wnacg.com/photos-view-id-24733784.html
/web/20251005092528/https://www.wnacg.com/photos-view-id-24733746.html
/web/20251005092542/https://www.wnacg.com/photos-view-id-24733755.html
/web/20251005092538/https://www.wnacg.com/photos-view-id-24733742.html
/web/20251005092556/https://www.wnacg.com/photos-view-id-24733751.html
/web/20251005092604/https://www.wnacg.com/photos-view-id-24733860.html
/web/20251005092648/https://www.wnacg.com/photos-index-page-5-aid-298175.html
/web/20251005092655/https://www.wnacg.com/photos-view-id-24733796.html
/web/20251005092712/https://www.wnacg.com/photos-view-id-24733795.html
/web/20251005092709/https://www.wnacg.com/photos-view-id-24733775.html
/web/20251005092736/https://www.wnacg.com/photos-view-id-24733766.html
/web/20251005092650/https://www.wnacg.com/photos-view-id-24733813.html
/web/20251005092757/https://www.wnacg.com/photos-view-id-24733770.html
/web/20251005092759/https://www.wnacg.com/photos-view-id-24733782.html
/web/20251005092806/https://www.wnacg.com/photos-view-id-24733772.html
/web/20251005092820/https://www.wnacg.com/photos-view-id-24733786.html
/web/20251005092641/https://www.wnacg.com/photos-view-id-24733811.html
/web/20251005092847/https://www.wnacg.com/photos-view-id-24733780.html
/web/20251005092847/https://www.wnacg.com/photos-view-id-24733721.html
/web/20251005092813/https://www.wnacg.com/photos-view-id-24733788.html
/web/20251005092926/https://www.wnacg.com/photos-view-id-24733730.html
/web/20251005092926/https://www.wnacg.com/photos-view-id-24733727.html
/web/20251005092941/https://www.wnacg.com/photos-view-id-24733723.html
/web/20251005092934/https://www.wnacg.com/photos-index-page-1-aid-298175.html
/web/20251005093009/https://www.wnacg.com/photos-view-id-24733725.html
/web/20251005093027/https://www.wnacg.com/photos-view-id-24733719.html
/web/20251005093029/https://www.wnacg.com/photos-view-id-24733707.html
/web/20251005093016/https://www.wnacg.com/photos-view-id-24733684.html
/web/20251005093109/https://www.wnacg.com/photos-view-id-24733711.html
/web/20251005093110/https://www.wnacg.com/photos-view-id-24733756.html
/web/20251005093022/https://www.wnacg.com/photos-view-id-24733712.html
/web/20251005093138/https://www.wnacg.com/photos-view-id-24733731.html
/web/20251005093152/https://www.wnacg.com/photos-view-id-24733738.html
/web/20251005093145/https://www.wnacg.com/photos-view-id-24733739.html
/web/20251005093240/https://www.wnacg.com/photos-view-id-24733737.html
/web/20251005093226/https://www.wnacg.com/photos-view-id-24733740.html
/web/20251005093204/https://www.wnacg.com/photos-view-id-24733741.html
/web/20251005093329/https://www.wnacg.com/photos-view-id-24733765.html
/web/20251005093233/https://www.wnacg.com/photos-view-id-24733736.html
/web/20251005093230/https://www.wnacg.com/photos-view-id-24733733.html
/web/20251005093350/https://www.wnacg.com/photos-view-id-24733771.html
/web/20251005093351/https://www.wnacg.com/photos-view-id-24733720.html
/web/20251005093307/https://www.wnacg.com/photos-view-id-24733732.html
/web/20251005093358/https://www.wnacg.com/photos-view-id-24733718.html
/web/20251005093412/https://www.wnacg.com/photos-view-id-24733714.html
/web/20251005093405/https://www.wnacg.com/photos-view-id-24733716.html
/web/20251005093419/https://www.wnacg.com/photos-view-id-24733715.html
/web/20251005093446/https://www.wnacg.com/photos-view-id-24733717.html
/web/20251005093447/https://www.wnacg.com/photos-index-page-7-aid-298175.html
/web/20251005093520/https://www.wnacg.com/photos-view-id-24733709.html
/web/20251005093521/https://www.wnacg.com/photos-view-id-24733708.html
/web/20251005093538/https://www.wnacg.com/photos-view-id-24733710.html
/web/20251005093545/https://www.wnacg.com/photos-view-id-24733757.html
/web/20251005093553/https://www.wnacg.com/photos-view-id-24733713.html
/web/20251005093608/https://www.wnacg.com/photos-view-id-24733764.html
/web/20251005093608/https://www.wnacg.com/photos-view-id-24733735.html
/web/20251005093638/https://www.wnacg.com/photos-view-id-24733734.html
/web/20251005093643/https://www.wnacg.com/photos-view-id-24733760.html
/web/20251005093718/https://www.wnacg.com/photos-view-id-24733761.html
/web/20251005093637/https://www.wnacg.com/photos-view-id-24733759.html
/web/20251005093715/https://www.wnacg.com/photos-view-id-24733758.html
/web/20251005093801/https://www.wnacg.com/photos-view-id-24733763.html
/web/20251005093808/https://www.wnacg.com/photos-view-id-24733762.html
