/web/20251006084924/https://www.wnacg.com/photos-index-aid-234645.html
/web/20251006084945/https://www.wnacg.com/photos-view-id-19719293.html
/web/20251006084955/https://www.wnacg.com/photos-view-id-19719277.html
/web/20251006085015/https://www.wnacg.com/photos-view-id-19719291.html
/web/20251006085026/https://www.wnacg.com/photos-view-id-19719272.html
/web/20251006085045/https://www.wnacg.com/download-index-aid-234645.html
/web/20251006085014/https://www.wnacg.com/photos-slide-aid-234645.html
/web/20251006085117/https://www.wnacg.com/photos-view-id-19719284.html
/web/20251006085105/https://www.wnacg.com/photos-index-page-3-aid-234645.html
/web/20251006085134/https://www.wnacg.com/photos-view-id-19719275.html
/web/20251006085155/https://www.wnacg.com/photos-view-id-19719285.html
/web/20251006085302/https://www.wnacg.com/photos-view-id-19719269.html
/web/20251006085305/https://www.wnacg.com/photos-view-id-19719295.html
/web/20251006085303/https://www.wnacg.com/photos-view-id-19719289.html
/web/20251006085326/https://www.wnacg.com/photos-index-page-2-aid-234645.html
/web/20251006085422/https://www.wnacg.com/photos-view-id-19719273.html
/web/20251006085511/https://v1.wzip.date/down/2347/878f0c97a48a15638c2139f54bad26e7.zip?n=%5B%E5%AD%9D%E8%87%B3%5D%20%E6%B7%AB%E9%AD%94%E5%B0%81%E5%8D%B0%E3%81%AE%E7%A5%A0%E3%82%92%E5%A3%8A%E3%81%97%E3%81%A6%E3%81%AF%E3%81%AA%E3%82%89%E3%81%AC%20%5B%E8%83%B8%E5%9E%AB%E6%B1%89%E5%8C%96%E7%BB%84%5D
/web/20251006085552/https://www.wnacg.com/photos-view-id-19719300.html
/web/20251006085543/https://www.wnacg.com/photos-view-id-19719302.html
/web/20251006085558/https://www.wnacg.com/photos-view-id-19719279.html
/web/20251006085601/https://www.wnacg.com/photos-view-id-19719297.html
/web/20251006085542/https://v1.wzip.download/down/2347/878f0c97a48a15638c2139f54bad26e7.zip?n=%5B%E5%AD%9D%E8%87%B3%5D%20%E6%B7%AB%E9%AD%94%E5%B0%81%E5%8D%B0%E3%81%AE%E7%A5%A0%E3%82%92%E5%A3%8A%E3%81%97%E3%81%A6%E3%81%AF%E3%81%AA%E3%82%89%E3%81%AC%20%5B%E8%83%B8%E5%9E%AB%E6%B1%89%E5%8C%96%E7%BB%84%5D
/web/20251006085630/https://www.wnacg.com/photos-view-id-19719290.html
/web/20251006085628/https://www.wnacg.com/photos-view-id-19719299.html
/web/20251006085639/https://www.wnacg.com/photos-index-page-1-aid-234645.html
/web/20251006085710/https://www.wnacg.com/photos-view-id-19719283.html
/web/20251006085651/https://www.wnacg.com/photos-view-id-19719274.html
/web/20251006085718/https://www.wnacg.com/photos-view-id-19719268.html
/web/20251006085742/https://www.wnacg.com/photos-view-id-19719301.html
/web/20251006085758/https://www.wnacg.com/photos-view-id-19719280.html
/web/20251006085823/https://www.wnacg.com/photos-view-id-19719281.html
/web/20251006085844/https://www.wnacg.com/photos-view-id-19719288.html
/web/20251006085909/https://www.wnacg.com/photos-view-id-19719278.html
/web/20251006085911/https://www.wnacg.com/photos-view-id-19719271.html
/web/20251006085936/https://www.wnacg.com/photos-view-id-19719296.html
/web/20251006090009/https://www.wnacg.com/photos-view-id-19719270.html
/web/20251006085924/https://www.wnacg.com/photos-view-id-19719287.html
/web/20251006085951/https://www.wnacg.com/photos-view-id-19719298.html
/web/20251006090106/https://www.wnacg.com/photos-view-id-19719282.html
/web/20251006090053/https://www.wnacg.com/photos-view-id-19719286.html
/web/20251006090021/https://www.wnacg.com/photos-view-id-19719294.html
/web/20251006090144/https://www.wnacg.com/photos-view-id-19719292.html
