/web/20251005113214/https://www.wnacg.com/photos-index-aid-140530.html
/web/20251005113246/https://www.wnacg.com/photos-view-id-12376778.html
/web/20251005113252/https://www.wnacg.com/download-index-aid-140530.html
/web/20251005113256/https://www.wnacg.com/photos-view-id-12376790.html
/web/20251005113330/https://www.wnacg.com/photos-view-id-12376787.html
/web/20251005113416/https://www.wnacg.com/photos-view-id-12376813.html
/web/20251005113408/https://www.wnacg.com/photos-index-page-2-aid-140530.html
/web/20251005113356/https://www.wnacg.com/photos-view-id-12376783.html
/web/20251005113454/https://www.wnacg.com/photos-view-id-12376752.html
/web/20251005113356/https://www.wnacg.com/photos-view-id-12376773.html
/web/20251005113351/https://www.wnacg.com/photos-view-id-12376772.html
/web/20251005113438/https://www.wnacg.com/photos-slide-aid-140530.html
/web/20251005113510/https://www.wnacg.com/photos-index-page-3-aid-140530.html
/web/20251005113502/https://www.wnacg.com/photos-view-id-12376807.html
/web/20251005113557/https://www.wnacg.com/photos-view-id-12376815.html
/web/20251005113502/https://www.wnacg.com/photos-view-id-12376809.html
/web/20251005113537/https://www.wnacg.com/photos-view-id-12376760.html
/web/20251005113636/https://www.wnacg.com/photos-view-id-12376780.html
/web/20251005113648/https://v1.wzip.date/down/1406/dadc9020a8033e213b8ed0b59c98e01d.zip?n=(%E3%82%B5%E3%83%B3%E3%82%AF%E3%83%AA2021%20Summer)%20%5B%E3%81%82%E3%82%8B%E3%81%B8%E3%82%90%E3%81%A8%20(%E3%82%80%E3%81%86%E3%81%A4%E3%81%8D)%5D%20%E7%86%B1%E3%81%AE%E7%81%AF%E3%81%A3%E3%81%9F%E6%8C%87%E5%85%88%E3%81%A7%E3%80%81%E3%81%8D%E3%81%BF%E3%81%AE%E8%BC%AA%E9%83%AD%E3%82%92%E3%81%AA%E3%81%9E%E3%82%8B%20(Fate%E2%95%B1Grand%20Order)%20%5B%E4%B8%AD%E5%9B%BD%E7%BF%BB%E8%A8%B3%5D
/web/20251005113647/https://www.wnacg.com/photos-index-page-1-aid-140530.html
/web/20251005113623/https://v1.wzip.download/down/1406/dadc9020a8033e213b8ed0b59c98e01d.zip?n=(%E3%82%B5%E3%83%B3%E3%82%AF%E3%83%AA2021%20Summer)%20%5B%E3%81%82%E3%82%8B%E3%81%B8%E3%82%90%E3%81%A8%20(%E3%82%80%E3%81%86%E3%81%A4%E3%81%8D)%5D%20%E7%86%B1%E3%81%AE%E7%81%AF%E3%81%A3%E3%81%9F%E6%8C%87%E5%85%88%E3%81%A7%E3%80%81%E3%81%8D%E3%81%BF%E3%81%AE%E8%BC%AA%E9%83%AD%E3%82%92%E3%81%AA%E3%81%9E%E3%82%8B%20(Fate%E2%95%B1Grand%20Order)%20%5B%E4%B8%AD%E5%9B%BD%E7%BF%BB%E8%A8%B3%5D
/web/20251005113717/https://www.wnacg.com/photos-view-id-12376756.html
/web/20251005113738/https://www.wnacg.com/photos-view-id-12376804.html
/web/20251005113732/https://www.wnacg.com/photos-view-id-12376762.html
/web/20251005113739/https://www.wnacg.com/photos-view-id-12376799.html
/web/20251005113818/https://www.wnacg.com/photos-view-id-12376767.html
/web/20251005113811/https://www.wnacg.com/photos-view-id-12376785.html
/web/20251005113837/https://www.wnacg.com/photos-view-id-12376802.html
/web/20251005113906/https://www.wnacg.com/photos-view-id-12376776.html
/web/20251005113852/https://www.wnacg.com/photos-view-id-12376754.html
/web/20251005113934/https://www.wnacg.com/photos-view-id-12376768.html
/web/20251005113838/https://www.wnacg.com/photos-view-id-12376811.html
/web/20251005113859/https://www.wnacg.com/photos-view-id-12376792.html
/web/20251005113845/https://www.wnacg.com/photos-view-id-12376764.html
/web/20251005113954/https://www.wnacg.com/photos-view-id-12376750.html
/web/20251005113956/https://www.wnacg.com/photos-view-id-12376796.html
