/web/20251005110818/https://www.wnacg.com/photos-index-aid-248800.html
/web/20251005110843/https://www.wnacg.com/photos-view-id-20651758.html
/web/20251005110850/https://www.wnacg.com/photos-view-id-20651753.html
/web/20251005110857/https://www.wnacg.com/photos-view-id-20651756.html
/web/20251005110904/https://www.wnacg.com/photos-view-id-20651752.html
/web/20251005110921/https://www.wnacg.com/photos-view-id-20651760.html
/web/20251005110913/https://www.wnacg.com/photos-view-id-20651759.html
/web/20251005110925/https://www.wnacg.com/photos-index-page-9-aid-248800.html
/web/20251005111007/https://www.wnacg.com/photos-view-id-20651762.html
/web/20251005111015/https://www.wnacg.com/photos-index-page-4-aid-248800.html
/web/20251005111023/https://www.wnacg.com/photos-view-id-20651761.html
/web/20251005111009/https://www.wnacg.com/photos-view-id-20651755.html
/web/20251005110953/https://www.wnacg.com/photos-slide-aid-248800.html
/web/20251005111104/https://www.wnacg.com/photos-index-page-5-aid-248800.html
/web/20251005111112/https://www.wnacg.com/photos-index-page-3-aid-248800.html
/web/20251005111029/https://www.wnacg.com/photos-view-id-20651754.html
/web/20251005111126/https://www.wnacg.com/photos-index-page-2-aid-248800.html
/web/20251005111105/https://www.wnacg.com/download-index-aid-248800.html
/web/20251005111203/https://www.wnacg.com/photos-view-id-20651757.html
/web/20251005111119/https://www.wnacg.com/photos-view-id-20651751.html
/web/20251005111232/https://www.wnacg.com/photos-view-id-20651741.html
/web/20251005111239/https://www.wnacg.com/photos-view-id-20651748.html
/web/20251005111246/https://www.wnacg.com/photos-index-page-8-aid-248800.html
/web/20251005111253/https://www.wnacg.com/photos-index-page-1-aid-248800.html
/web/20251005111304/https://www.wnacg.com/photos-view-id-20651744.html
/web/20251005111343/https://www.wnacg.com/photos-index-page-6-aid-248800.html
/web/20251005111340/https://www.wnacg.com/photos-view-id-20651742.html
/web/20251005111308/https://www.wnacg.com/photos-view-id-20651745.html
/web/20251005111335/https://www.wnacg.com/photos-view-id-20651749.html
/web/20251005111431/https://www.wnacg.com/photos-view-id-20651747.html
/web/20251005111424/https://www.wnacg.com/photos-index-page-7-aid-248800.html
/web/20251005111414/https://www.wnacg.com/photos-view-id-20651750.html
/web/20251005111417/https://www.wnacg.com/photos-view-id-20651746.html
/web/20251005111438/https://www.wnacg.com/photos-view-id-20651812.html
/web/20251005111526/https://www.wnacg.com/photos-view-id-20651743.html
/web/20251005111527/https://www.wnacg.com/photos-view-id-20651763.html
/web/20251005111541/https://www.wnacg.com/photos-view-id-20651791.html
/web/20251005111549/https://www.wnacg.com/photos-view-id-20651794.html
/web/20251005111555/https://www.wnacg.com/photos-view-id-20651793.html
/web/20251005111609/https://www.wnacg.com/photos-view-id-20651796.html
/web/20251005111609/https://www.wnacg.com/photos-view-id-20651797.html
/web/20251005111637/https://www.wnacg.com/photos-view-id-20651795.html
/web/20251005111705/https://www.wnacg.com/photos-view-id-20651788.html
/web/20251005111714/https://www.wnacg.com/photos-view-id-20651798.html
/web/20251005111707/https://www.wnacg.com/photos-view-id-20651792.html
/web/20251005111644/https://www.wnacg.com/photos-view-id-20651789.html
/web/20251005111756/https://www.wnacg.com/photos-view-id-20651787.html
/web/20251005111803/https://www.wnacg.com/photos-view-id-20651847.html
/web/20251005111810/https://www.wnacg.com/photos-view-id-20651836.html
/web/20251005111817/https://www.wnacg.com/photos-view-id-20651845.html
/web/20251005111831/https://www.wnacg.com/photos-view-id-20651843.html
/web/20251005111824/https://www.wnacg.com/photos-view-id-20651841.html
/web/20251005111637/https://www.wnacg.com/photos-view-id-20651790.html
/web/20251005111914/https://www.wnacg.com/photos-view-id-20651838.html
/web/20251005111906/https://www.wnacg.com/photos-view-id-20651839.html
/web/20251005111928/https://www.wnacg.com/photos-view-id-20651846.html
/web/20251005111907/https://www.wnacg.com/photos-view-id-20651837.html
/web/20251005112005/https://www.wnacg.com/photos-view-id-20651840.html
/web/20251005111921/https://www.wnacg.com/photos-view-id-20651842.html
/web/20251005112026/https://www.wnacg.com/photos-view-id-20651844.html
/web/20251005112030/https://www.wnacg.com/photos-view-id-20651811.html
/web/20251005112034/https://www.wnacg.com/photos-view-id-20651822.html
/web/20251005112113/https://www.wnacg.com/photos-view-id-20651813.html
/web/20251005112122/https://www.wnacg.com/photos-view-id-20651816.html
/web/20251005112129/https://www.wnacg.com/photos-view-id-20651815.html
/web/20251005112115/https://www.wnacg.com/photos-view-id-20651814.html
/web/20251005112041/https://www.wnacg.com/photos-view-id-20651818.html
/web/20251005112220/https://www.wnacg.com/photos-view-id-20651817.html
/web/20251005112234/https://www.wnacg.com/photos-view-id-20651821.html
/web/20251005112231/https://www.wnacg.com/photos-view-id-20651819.html
/web/20251005112136/https://www.wnacg.com/photos-view-id-20651820.html
/web/20251005112245/https://www.wnacg.com/photos-view-id-20651831.html
/web/20251005112220/https://www.wnacg.com/photos-view-id-20651823.html
/web/20251005112328/https://www.wnacg.com/photos-view-id-20651834.html
/web/20251005112336/https://www.wnacg.com/photos-view-id-20651833.html
/web/20251005112319/https://www.wnacg.com/photos-view-id-20651832.html
/web/20251005112355/https://www.wnacg.com/photos-view-id-20651830.html
/web/20251005112405/https://www.wnacg.com/photos-view-id-20651827.html
/web/20251005112356/https://www.wnacg.com/photos-view-id-20651825.html
/web/20251005112410/https://www.wnacg.com/photos-view-id-20651826.html
/web/20251005112436/https://www.wnacg.com/photos-view-id-20651828.html
/web/20251005112444/https://www.wnacg.com/photos-view-id-20651824.html
/web/20251005112505/https://www.wnacg.com/photos-view-id-20651829.html
/web/20251005112515/https://www.wnacg.com/photos-view-id-20651804.html
/web/20251005112541/https://www.wnacg.com/photos-view-id-20651801.html
/web/20251005112438/https://www.wnacg.com/photos-view-id-20651835.html
/web/20251005112605/https://www.wnacg.com/photos-view-id-20651802.html
/web/20251005112619/https://www.wnacg.com/photos-view-id-20651806.html
/web/20251005112646/https://www.wnacg.com/photos-view-id-20651809.html
/web/20251005112507/https://www.wnacg.com/photos-view-id-20651805.html
/web/20251005112720/https://www.wnacg.com/photos-view-id-20651799.html
/web/20251005112648/https://www.wnacg.com/photos-view-id-20651803.html
/web/20251005112633/https://www.wnacg.com/photos-view-id-20651807.html
/web/20251005112638/https://www.wnacg.com/photos-view-id-20651808.html
/web/20251005112809/https://www.wnacg.com/photos-view-id-20651777.html
/web/20251005112801/https://www.wnacg.com/photos-view-id-20651782.html
/web/20251005112754/https://www.wnacg.com/photos-view-id-20651786.html
/web/20251005112836/https://www.wnacg.com/photos-view-id-20651779.html
/web/20251005112815/https://www.wnacg.com/photos-view-id-20651810.html
/web/20251005112857/https://www.wnacg.com/photos-view-id-20651776.html
/web/20251005112859/https://www.wnacg.com/photos-view-id-20651775.html
/web/20251005112929/https://www.wnacg.com/photos-view-id-20651778.html
/web/20251005112906/https://www.wnacg.com/photos-view-id-20651784.html
/web/20251005112920/https://www.wnacg.com/photos-view-id-20651783.html
/web/20251005113016/https://www.wnacg.com/photos-view-id-20651800.html
/web/20251005113049/https://www.wnacg.com/photos-view-id-20651781.html
/web/20251005113110/https://www.wnacg.com/photos-view-id-20651764.html
/web/20251005113030/https://www.wnacg.com/photos-view-id-20651768.html
/web/20251005113017/https://www.wnacg.com/photos-view-id-20651780.html
/web/20251005113026/https://www.wnacg.com/photos-view-id-20651785.html
/web/20251005113037/https://www.wnacg.com/photos-view-id-20651767.html
/web/20251005113137/https://www.wnacg.com/photos-view-id-20651773.html
/web/20251005113151/https://www.wnacg.com/photos-view-id-20651770.html
/web/20251005113134/https://www.wnacg.com/photos-view-id-20651765.html
/web/20251005113145/https://www.wnacg.com/photos-view-id-20651766.html
/web/20251005113243/https://www.wnacg.com/photos-view-id-20651771.html
/web/20251005113239/https://www.wnacg.com/photos-view-id-20651772.html
/web/20251005113247/https://www.wnacg.com/photos-view-id-20651769.html
/web/20251005113325/https://v1.wzip.date/down/2488/5db937decbdc4fd59ca8993243d8c627.zip?n=%5B%E3%81%99%E3%81%BE%E3%81%84%E3%82%8B%E3%81%B5%E3%81%89%E3%82%89%E3%82%93%E3%81%8B%E3%82%93%E3%81%B1%E3%81%AB%E3%81%83%20(%E3%82%80%E3%81%86%E3%81%A4%E3%81%8D%E3%80%81%E9%9B%AA%E4%BB%81)%5D%20%E3%83%AF%E3%82%AB%E3%83%A9%E3%82%BB%E7%B3%BB%E5%88%97%201-3
/web/20251005113256/https://v1.wzip.download/down/2488/5db937decbdc4fd59ca8993243d8c627.zip?n=%5B%E3%81%99%E3%81%BE%E3%81%84%E3%82%8B%E3%81%B5%E3%81%89%E3%82%89%E3%82%93%E3%81%8B%E3%82%93%E3%81%B1%E3%81%AB%E3%81%83%20(%E3%82%80%E3%81%86%E3%81%A4%E3%81%8D%E3%80%81%E9%9B%AA%E4%BB%81)%5D%20%E3%83%AF%E3%82%AB%E3%83%A9%E3%82%BB%E7%B3%BB%E5%88%97%201-3
/web/20251005113406/https://www.wnacg.com/photos-view-id-20651774.html
