https://www.wnacg.com/photos-index-aid-248800.html
https://www.wnacg.com/photos-view-id-20651758.html
https://www.wnacg.com/photos-view-id-20651753.html
https://www.wnacg.com/photos-view-id-20651756.html
https://www.wnacg.com/photos-view-id-20651752.html
https://www.wnacg.com/photos-view-id-20651760.html
https://www.wnacg.com/photos-view-id-20651759.html
https://www.wnacg.com/photos-index-page-9-aid-248800.html
https://www.wnacg.com/photos-view-id-20651762.html
https://www.wnacg.com/photos-index-page-4-aid-248800.html
https://www.wnacg.com/photos-view-id-20651761.html
https://www.wnacg.com/photos-view-id-20651755.html
https://www.wnacg.com/photos-slide-aid-248800.html
https://www.wnacg.com/photos-index-page-5-aid-248800.html
https://www.wnacg.com/photos-index-page-3-aid-248800.html
https://www.wnacg.com/photos-view-id-20651754.html
https://www.wnacg.com/photos-index-page-2-aid-248800.html
https://www.wnacg.com/download-index-aid-248800.html
https://www.wnacg.com/photos-view-id-20651757.html
https://www.wnacg.com/photos-view-id-20651751.html
https://www.wnacg.com/photos-view-id-20651741.html
https://www.wnacg.com/photos-view-id-20651748.html
https://www.wnacg.com/photos-index-page-8-aid-248800.html
https://www.wnacg.com/photos-index-page-1-aid-248800.html
https://www.wnacg.com/photos-view-id-20651744.html
https://www.wnacg.com/photos-index-page-6-aid-248800.html
https://www.wnacg.com/photos-view-id-20651742.html
https://www.wnacg.com/photos-view-id-20651745.html
https://www.wnacg.com/photos-view-id-20651749.html
https://www.wnacg.com/photos-view-id-20651747.html
https://www.wnacg.com/photos-index-page-7-aid-248800.html
https://www.wnacg.com/photos-view-id-20651750.html
https://www.wnacg.com/photos-view-id-20651746.html
https://www.wnacg.com/photos-view-id-20651812.html
https://www.wnacg.com/photos-view-id-20651743.html
https://www.wnacg.com/photos-view-id-20651763.html
https://www.wnacg.com/photos-view-id-20651791.html
https://www.wnacg.com/photos-view-id-20651794.html
https://www.wnacg.com/photos-view-id-20651793.html
https://www.wnacg.com/photos-view-id-20651796.html
https://www.wnacg.com/photos-view-id-20651797.html
https://www.wnacg.com/photos-view-id-20651795.html
https://www.wnacg.com/photos-view-id-20651788.html
https://www.wnacg.com/photos-view-id-20651798.html
https://www.wnacg.com/photos-view-id-20651792.html
https://www.wnacg.com/photos-view-id-20651789.html
https://www.wnacg.com/photos-view-id-20651787.html
https://www.wnacg.com/photos-view-id-20651847.html
https://www.wnacg.com/photos-view-id-20651836.html
https://www.wnacg.com/photos-view-id-20651845.html
https://www.wnacg.com/photos-view-id-20651843.html
https://www.wnacg.com/photos-view-id-20651841.html
https://www.wnacg.com/photos-view-id-20651790.html
https://www.wnacg.com/photos-view-id-20651838.html
https://www.wnacg.com/photos-view-id-20651839.html
https://www.wnacg.com/photos-view-id-20651846.html
https://www.wnacg.com/photos-view-id-20651837.html
https://www.wnacg.com/photos-view-id-20651840.html
https://www.wnacg.com/photos-view-id-20651842.html
https://www.wnacg.com/photos-view-id-20651844.html
https://www.wnacg.com/photos-view-id-20651811.html
https://www.wnacg.com/photos-view-id-20651822.html
https://www.wnacg.com/photos-view-id-20651813.html
https://www.wnacg.com/photos-view-id-20651816.html
https://www.wnacg.com/photos-view-id-20651815.html
https://www.wnacg.com/photos-view-id-20651814.html
https://www.wnacg.com/photos-view-id-20651818.html
https://www.wnacg.com/photos-view-id-20651817.html
https://www.wnacg.com/photos-view-id-20651821.html
https://www.wnacg.com/photos-view-id-20651819.html
https://www.wnacg.com/photos-view-id-20651820.html
https://www.wnacg.com/photos-view-id-20651831.html
https://www.wnacg.com/photos-view-id-20651823.html
https://www.wnacg.com/photos-view-id-20651834.html
https://www.wnacg.com/photos-view-id-20651833.html
https://www.wnacg.com/photos-view-id-20651832.html
https://www.wnacg.com/photos-view-id-20651830.html
https://www.wnacg.com/photos-view-id-20651827.html
https://www.wnacg.com/photos-view-id-20651825.html
https://www.wnacg.com/photos-view-id-20651826.html
https://www.wnacg.com/photos-view-id-20651828.html
https://www.wnacg.com/photos-view-id-20651824.html
https://www.wnacg.com/photos-view-id-20651829.html
https://www.wnacg.com/photos-view-id-20651804.html
https://www.wnacg.com/photos-view-id-20651801.html
https://www.wnacg.com/photos-view-id-20651835.html
https://www.wnacg.com/photos-view-id-20651802.html
https://www.wnacg.com/photos-view-id-20651806.html
https://www.wnacg.com/photos-view-id-20651809.html
https://www.wnacg.com/photos-view-id-20651805.html
https://www.wnacg.com/photos-view-id-20651799.html
https://www.wnacg.com/photos-view-id-20651803.html
https://www.wnacg.com/photos-view-id-20651807.html
https://www.wnacg.com/photos-view-id-20651808.html
https://www.wnacg.com/photos-view-id-20651777.html
https://www.wnacg.com/photos-view-id-20651782.html
https://www.wnacg.com/photos-view-id-20651786.html
https://www.wnacg.com/photos-view-id-20651779.html
https://www.wnacg.com/photos-view-id-20651810.html
https://www.wnacg.com/photos-view-id-20651776.html
https://www.wnacg.com/photos-view-id-20651775.html
https://www.wnacg.com/photos-view-id-20651778.html
https://www.wnacg.com/photos-view-id-20651784.html
https://www.wnacg.com/photos-view-id-20651783.html
https://www.wnacg.com/photos-view-id-20651800.html
https://www.wnacg.com/photos-view-id-20651781.html
https://www.wnacg.com/photos-view-id-20651764.html
https://www.wnacg.com/photos-view-id-20651768.html
https://www.wnacg.com/photos-view-id-20651780.html
https://www.wnacg.com/photos-view-id-20651785.html
https://www.wnacg.com/photos-view-id-20651767.html
https://www.wnacg.com/photos-view-id-20651773.html
https://www.wnacg.com/photos-view-id-20651770.html
https://www.wnacg.com/photos-view-id-20651765.html
https://www.wnacg.com/photos-view-id-20651766.html
https://www.wnacg.com/photos-view-id-20651771.html
https://www.wnacg.com/photos-view-id-20651772.html
https://www.wnacg.com/photos-view-id-20651769.html
https://v1.wzip.date/down/2488/5db937decbdc4fd59ca8993243d8c627.zip?n=[%E3%81%99%E3%81%BE%E3%81%84%E3%82%8B%E3%81%B5%E3%81%89%E3%82%89%E3%82%93%E3%81%8B%E3%82%93%E3%81%B1%E3%81%AB%E3%81%83%20(%E3%82%80%E3%81%86%E3%81%A4%E3%81%8D%E3%80%81%E9%9B%AA%E4%BB%81)]%20%E3%83%AF%E3%82%AB%E3%83%A9%E3%82%BB%E7%B3%BB%E5%88%97%201-3
https://v1.wzip.download/down/2488/5db937decbdc4fd59ca8993243d8c627.zip?n=[%E3%81%99%E3%81%BE%E3%81%84%E3%82%8B%E3%81%B5%E3%81%89%E3%82%89%E3%82%93%E3%81%8B%E3%82%93%E3%81%B1%E3%81%AB%E3%81%83%20(%E3%82%80%E3%81%86%E3%81%A4%E3%81%8D%E3%80%81%E9%9B%AA%E4%BB%81)]%20%E3%83%AF%E3%82%AB%E3%83%A9%E3%82%BB%E7%B3%BB%E5%88%97%201-3
https://www.wnacg.com/photos-view-id-20651774.html
