/web/20251005122710/https://www.wnacg.com/photos-index-aid-267995.html
/web/20251005122734/https://www.wnacg.com/photos-view-id-22040523.html
/web/20251005122741/https://www.wnacg.com/photos-view-id-22040550.html
/web/20251005122803/https://www.wnacg.com/photos-index-page-3-aid-267995.html
/web/20251005122748/https://www.wnacg.com/photos-index-page-4-aid-267995.html
/web/20251005122743/https://www.wnacg.com/photos-slide-aid-267995.html
/web/20251005122845/https://www.wnacg.com/photos-view-id-22040554.html
/web/20251005122915/https://www.wnacg.com/photos-index-page-2-aid-267995.html
/web/20251005122908/https://www.wnacg.com/photos-view-id-22040521.html
/web/20251005122940/https://www.wnacg.com/download-index-aid-267995.html
/web/20251005122907/https://www.wnacg.com/photos-view-id-22040548.html
/web/20251005123003/https://www.wnacg.com/photos-view-id-22040547.html
/web/20251005123018/https://www.wnacg.com/photos-view-id-22040556.html
/web/20251005123025/https://www.wnacg.com/photos-view-id-22040540.html
/web/20251005123045/https://www.wnacg.com/photos-view-id-22040539.html
/web/20251005122927/https://www.wnacg.com/photos-view-id-22040525.html
/web/20251005122913/https://www.wnacg.com/photos-view-id-22040531.html
/web/20251005123010/https://www.wnacg.com/photos-view-id-22040519.html
/web/20251005123123/https://www.wnacg.com/photos-view-id-22040535.html
/web/20251005123137/https://www.wnacg.com/photos-view-id-22040551.html
/web/20251005123206/https://www.wnacg.com/photos-view-id-22040534.html
/web/20251005123209/https://www.wnacg.com/photos-index-page-1-aid-267995.html
/web/20251005123225/https://www.wnacg.com/photos-view-id-22040544.html
/web/20251005123247/https://www.wnacg.com/photos-view-id-22040533.html
/web/20251005123247/https://www.wnacg.com/photos-view-id-22040545.html
/web/20251005123330/https://www.wnacg.com/photos-view-id-22040558.html
/web/20251005123302/https://www.wnacg.com/photos-view-id-22040555.html
/web/20251005123316/https://www.wnacg.com/photos-view-id-22040527.html
/web/20251005123255/https://www.wnacg.com/photos-view-id-22040529.html
/web/20251005123308/https://www.wnacg.com/photos-view-id-22040546.html
/web/20251005123358/https://www.wnacg.com/photos-view-id-22040537.html
/web/20251005123404/https://www.wnacg.com/photos-view-id-22040543.html
/web/20251005123431/https://www.wnacg.com/photos-view-id-22040524.html
/web/20251005123524/https://www.wnacg.com/photos-view-id-22040549.html
/web/20251005123506/https://www.wnacg.com/photos-view-id-22040522.html
/web/20251005123515/https://www.wnacg.com/photos-view-id-22040520.html
/web/20251005123519/https://www.wnacg.com/photos-view-id-22040528.html
/web/20251005123439/https://www.wnacg.com/photos-view-id-22040541.html
/web/20251005123508/https://www.wnacg.com/photos-view-id-22040536.html
/web/20251005123550/https://www.wnacg.com/photos-view-id-22040538.html
/web/20251005123522/https://www.wnacg.com/photos-view-id-22040553.html
/web/20251005123617/https://www.wnacg.com/photos-view-id-22040530.html
/web/20251005123618/https://www.wnacg.com/photos-view-id-22040542.html
/web/20251005123632/https://www.wnacg.com/photos-view-id-22040557.html
/web/20251005123639/https://www.wnacg.com/photos-view-id-22040526.html
/web/20251005123707/https://v1.wzip.download/down/2680/bb5335fa6c788ea89eb5e44d7fe68df2.zip?n=%5B%E3%81%99%E3%81%BE%E3%81%84%E3%82%8B%E3%81%B5%E3%81%89%E3%82%89%E3%82%93%E3%81%8B%E3%82%93%E3%81%B1%E3%81%AB%E3%81%83%E3%80%82(%E9%9B%AA%E4%BB%81%E3%80%81%E7%BF%A0%E9%87%8E%E3%82%BF%E3%83%8C%E3%82%AD)%5D%20%E6%90%BE%E7%B2%BE%E7%9B%A3%E7%8D%84%20-%E7%84%A1%E9%99%90%E3%83%8B%E7%B6%9A%E3%82%AF%E5%B0%84%E7%B2%BE%E5%9C%B0%E7%8D%84-%EF%BD%9C%E6%90%BE%E7%B2%BE%E7%9B%A3%E7%8D%84-%E5%BC%B7%E5%88%B6%E7%84%A1%E6%A5%B5%E9%99%90%E5%B0%84%E7%B2%BE%E5%9C%B0%E7%8D%84-%20%5B%E4%B8%AD%E5%9B%BD%E7%BF%BB%E8%A8%B3%5D%20%5B%E7%84%A1%E4%BF%AE%E6%AD%A3%5D%20%5BDL%E7%89%88%5D
/web/20251005123625/https://www.wnacg.com/photos-view-id-22040552.html
/web/20251005123712/https://v1.wzip.date/down/2680/bb5335fa6c788ea89eb5e44d7fe68df2.zip?n=%5B%E3%81%99%E3%81%BE%E3%81%84%E3%82%8B%E3%81%B5%E3%81%89%E3%82%89%E3%82%93%E3%81%8B%E3%82%93%E3%81%B1%E3%81%AB%E3%81%83%E3%80%82(%E9%9B%AA%E4%BB%81%E3%80%81%E7%BF%A0%E9%87%8E%E3%82%BF%E3%83%8C%E3%82%AD)%5D%20%E6%90%BE%E7%B2%BE%E7%9B%A3%E7%8D%84%20-%E7%84%A1%E9%99%90%E3%83%8B%E7%B6%9A%E3%82%AF%E5%B0%84%E7%B2%BE%E5%9C%B0%E7%8D%84-%EF%BD%9C%E6%90%BE%E7%B2%BE%E7%9B%A3%E7%8D%84-%E5%BC%B7%E5%88%B6%E7%84%A1%E6%A5%B5%E9%99%90%E5%B0%84%E7%B2%BE%E5%9C%B0%E7%8D%84-%20%5B%E4%B8%AD%E5%9B%BD%E7%BF%BB%E8%A8%B3%5D%20%5B%E7%84%A1%E4%BF%AE%E6%AD%A3%5D%20%5BDL%E7%89%88%5D
/web/20251005123741/https://www.wnacg.com/photos-view-id-22040532.html
