/web/20251005050853/https://www.wnacg.com/photos-index-aid-183999.html
/web/20251005050921/https://www.wnacg.com/photos-view-id-16133834.html
/web/20251005050916/https://www.wnacg.com/photos-view-id-16133839.html
/web/20251005051026/https://www.wnacg.com/photos-view-id-16133837.html
/web/20251005051042/https://www.wnacg.com/photos-view-id-16133843.html
/web/20251005051051/https://www.wnacg.com/photos-view-id-16133832.html
/web/20251005051041/https://www.wnacg.com/photos-view-id-16133840.html
/web/20251005051100/https://www.wnacg.com/photos-view-id-16133835.html
/web/20251005051102/https://www.wnacg.com/photos-view-id-16133841.html
/web/20251005051155/https://www.wnacg.com/photos-view-id-16133842.html
/web/20251005051244/https://www.wnacg.com/photos-index-page-2-aid-183999.html
/web/20251005051227/https://www.wnacg.com/photos-view-id-16133833.html
/web/20251005051222/https://www.wnacg.com/photos-slide-aid-183999.html
/web/20251005051231/https://www.wnacg.com/photos-view-id-16133838.html
/web/20251005051253/https://www.wnacg.com/download-index-aid-183999.html
/web/20251005051344/https://www.wnacg.com/photos-index-page-3-aid-183999.html
/web/20251005051426/https://www.wnacg.com/photos-view-id-16133836.html
/web/20251005051523/https://www.wnacg.com/photos-view-id-16133855.html
/web/20251005051528/https://www.wnacg.com/photos-view-id-16133844.html
/web/20251005051508/https://www.wnacg.com/photos-view-id-16133849.html
/web/20251005051552/https://www.wnacg.com/photos-view-id-16133852.html
/web/20251005051614/https://www.wnacg.com/photos-view-id-16133847.html
/web/20251005051620/https://www.wnacg.com/photos-view-id-16133851.html
/web/20251005051658/https://www.wnacg.com/photos-view-id-16133845.html
/web/20251005051627/https://www.wnacg.com/photos-view-id-16133862.html
/web/20251005051640/https://www.wnacg.com/photos-view-id-16133853.html
/web/20251005051804/https://v1.wzip.download/down/1840/aaa3010cd26e438f997c5b5ad767531a.zip?n=%5Bp-%E9%A4%A8%20(p%E3%81%AE%E5%AD%97)%5D%20%E6%90%BE%E7%B2%BE%E7%9C%8B%E8%AD%B7%E5%B8%AB%E3%81%AE%E3%81%8A%E5%A7%89%E3%81%95%E3%82%93%20(%E3%82%AA%E3%83%AA%E3%82%B8%E3%83%8A%E3%83%AB)%20(%E6%BC%A2%E5%8C%96%E7%B5%84%E6%BC%A2%E5%8C%96%E7%B5%84x%E6%88%91%E5%B0%BB%E6%95%85%E6%88%91%E5%9C%A8%EF%BC%8396)%20%5B%E7%84%A1%E4%BF%AE%E6%AD%A3%5D
/web/20251005051753/https://www.wnacg.com/photos-index-page-1-aid-183999.html
/web/20251005051830/https://v1.wzip.date/down/1840/aaa3010cd26e438f997c5b5ad767531a.zip?n=%5Bp-%E9%A4%A8%20(p%E3%81%AE%E5%AD%97)%5D%20%E6%90%BE%E7%B2%BE%E7%9C%8B%E8%AD%B7%E5%B8%AB%E3%81%AE%E3%81%8A%E5%A7%89%E3%81%95%E3%82%93%20(%E3%82%AA%E3%83%AA%E3%82%B8%E3%83%8A%E3%83%AB)%20(%E6%BC%A2%E5%8C%96%E7%B5%84%E6%BC%A2%E5%8C%96%E7%B5%84x%E6%88%91%E5%B0%BB%E6%95%85%E6%88%91%E5%9C%A8%EF%BC%8396)%20%5B%E7%84%A1%E4%BF%AE%E6%AD%A3%5D
/web/20251005051913/https://www.wnacg.com/photos-view-id-16133848.html
/web/20251005051918/https://www.wnacg.com/photos-view-id-16133854.html
/web/20251005051926/https://www.wnacg.com/photos-view-id-16133850.html
/web/20251005052026/https://www.wnacg.com/photos-view-id-16133856.html
/web/20251005052000/https://www.wnacg.com/photos-view-id-16133861.html
/web/20251005051957/https://www.wnacg.com/photos-view-id-16133859.html
/web/20251005051952/https://www.wnacg.com/photos-view-id-16133857.html
/web/20251005051955/https://www.wnacg.com/photos-view-id-16133846.html
/web/20251005052025/https://www.wnacg.com/photos-view-id-16133858.html
/web/20251005052122/https://www.wnacg.com/photos-view-id-16133860.html
