/web/20251005063352/https://www.wnacg.com/photos-index-aid-122276.html
/web/20251005063425/https://www.wnacg.com/photos-index-page-3-aid-122276.html
/web/20251005063419/https://www.wnacg.com/photos-view-id-10691549.html
/web/20251005063431/https://www.wnacg.com/photos-view-id-10691546.html
/web/20251005063439/https://www.wnacg.com/photos-view-id-10691540.html
/web/20251005063445/https://www.wnacg.com/photos-view-id-10691544.html
/web/20251005063907/https://www.wnacg.com/photos-view-id-10691541.html
/web/20251005063923/https://www.wnacg.com/photos-view-id-10691569.html
/web/20251005063900/https://www.wnacg.com/photos-view-id-10691543.html
/web/20251005064000/https://www.wnacg.com/photos-view-id-10691547.html
/web/20251005064008/https://www.wnacg.com/photos-view-id-10691573.html
/web/20251005064011/https://www.wnacg.com/photos-view-id-10691567.html
/web/20251005064037/https://www.wnacg.com/photos-view-id-10691572.html
/web/20251005064039/https://www.wnacg.com/photos-view-id-10691564.html
/web/20251005064047/https://www.wnacg.com/photos-view-id-10691575.html
/web/20251005064113/https://www.wnacg.com/photos-index-page-1-aid-122276.html
/web/20251005064114/https://www.wnacg.com/photos-view-id-10691574.html
/web/20251005064157/https://www.wnacg.com/photos-view-id-10691568.html
/web/20251005064121/https://www.wnacg.com/photos-view-id-10691565.html
/web/20251005064223/https://www.wnacg.com/photos-view-id-10691571.html
/web/20251005064128/https://www.wnacg.com/photos-view-id-10691566.html
/web/20251005064225/https://www.wnacg.com/photos-view-id-10691585.html
/web/20251005064239/https://www.wnacg.com/photos-view-id-10691550.html
/web/20251005064246/https://www.wnacg.com/photos-view-id-10691542.html
/web/20251005064252/https://www.wnacg.com/photos-view-id-10691548.html
/web/20251005064343/https://www.wnacg.com/download-index-aid-122276.html
/web/20251005064349/https://www.wnacg.com/photos-index-page-2-aid-122276.html
/web/20251005064357/https://www.wnacg.com/photos-view-id-10691551.html
/web/20251005064342/https://www.wnacg.com/photos-slide-aid-122276.html
/web/20251005063920/https://www.wnacg.com/photos-view-id-10691545.html
/web/20251005063918/https://www.wnacg.com/photos-index-page-4-aid-122276.html
/web/20251005064459/https://www.wnacg.com/photos-view-id-10691563.html
/web/20251005064459/https://www.wnacg.com/photos-view-id-10691570.html
/web/20251005064518/https://v1.wzip.download/down/1223/9162857ecd5e353fca1f254b471fcf0b.zip?n=%5B%E5%B1%B1%E7%8C%AB%E4%BA%AD%E4%B8%AA%E4%BA%BA%E6%B1%89%E5%8C%96%5D%20%5B%E8%A6%B3%E7%94%A8%E5%B0%91%E5%A5%B3%20(%E3%81%93%E3%82%82%E3%81%9F)%5D%20Connect-%E5%B0%91%E5%A5%B3%E3%81%AF%E8%A7%A6%E6%89%8B%E3%81%A8%E6%84%9B%E3%82%92%E3%81%A4%E3%82%80%E3%81%90-%20%7C%20Connect%20-%20%E5%B0%91%E5%A5%B3%E4%B8%8E%E8%A7%A6%E6%89%8B%E7%BC%96%E7%BB%87%E5%87%BA%E7%88%B1
/web/20251005064513/https://www.wnacg.com/photos-view-id-10691584.html
/web/20251005064507/https://www.wnacg.com/photos-view-id-10691576.html
/web/20251005064526/https://v1.wzip.date/down/1223/9162857ecd5e353fca1f254b471fcf0b.zip?n=%5B%E5%B1%B1%E7%8C%AB%E4%BA%AD%E4%B8%AA%E4%BA%BA%E6%B1%89%E5%8C%96%5D%20%5B%E8%A6%B3%E7%94%A8%E5%B0%91%E5%A5%B3%20(%E3%81%93%E3%82%82%E3%81%9F)%5D%20Connect-%E5%B0%91%E5%A5%B3%E3%81%AF%E8%A7%A6%E6%89%8B%E3%81%A8%E6%84%9B%E3%82%92%E3%81%A4%E3%82%80%E3%81%90-%20%7C%20Connect%20-%20%E5%B0%91%E5%A5%B3%E4%B8%8E%E8%A7%A6%E6%89%8B%E7%BC%96%E7%BB%87%E5%87%BA%E7%88%B1
/web/20251005064542/https://www.wnacg.com/photos-view-id-10691552.html
/web/20251005064606/https://www.wnacg.com/photos-view-id-10691554.html
/web/20251005064615/https://www.wnacg.com/photos-view-id-10691561.html
/web/20251005064612/https://www.wnacg.com/photos-view-id-10691559.html
/web/20251005064622/https://www.wnacg.com/photos-view-id-10691556.html
/web/20251005064629/https://www.wnacg.com/photos-view-id-10691560.html
/web/20251005064711/https://www.wnacg.com/photos-view-id-10691558.html
/web/20251005064721/https://www.wnacg.com/photos-view-id-10691553.html
/web/20251005064727/https://www.wnacg.com/photos-view-id-10691557.html
/web/20251005064734/https://www.wnacg.com/photos-view-id-10691562.html
/web/20251005064713/https://www.wnacg.com/photos-view-id-10691555.html
/web/20251005064832/https://www.wnacg.com/photos-view-id-10691581.html
/web/20251005064845/https://www.wnacg.com/photos-view-id-10691580.html
/web/20251005064853/https://www.wnacg.com/photos-view-id-10691579.html
/web/20251005064907/https://www.wnacg.com/photos-view-id-10691583.html
/web/20251005064900/https://www.wnacg.com/photos-view-id-10691578.html
/web/20251005064840/https://www.wnacg.com/photos-view-id-10691577.html
/web/20251005064914/https://www.wnacg.com/photos-view-id-10691582.html
