/web/20251006094846/https://www.wnacg.com/photos-index-aid-90082.html
/web/20251006094912/https://www.wnacg.com/photos-view-id-7096476.html
/web/20251006094920/https://www.wnacg.com/photos-view-id-7096474.html
/web/20251006095024/https://www.wnacg.com/photos-index-page-2-aid-90082.html
/web/20251006095021/https://www.wnacg.com/photos-index-page-3-aid-90082.html
/web/20251006095040/https://www.wnacg.com/photos-view-id-7096481.html
/web/20251006095054/https://www.wnacg.com/photos-view-id-7096479.html
/web/20251006095048/https://www.wnacg.com/photos-view-id-7096480.html
/web/20251006095328/https://www.wnacg.com/photos-view-id-7096483.html
/web/20251006095421/https://www.wnacg.com/photos-view-id-7096488.html
/web/20251006095410/https://www.wnacg.com/photos-view-id-7096473.html
/web/20251006095502/https://www.wnacg.com/photos-view-id-7096477.html
/web/20251006095510/https://www.wnacg.com/photos-view-id-7096487.html
/web/20251006095427/https://www.wnacg.com/photos-view-id-7096475.html
/web/20251006095615/https://www.wnacg.com/photos-view-id-7096485.html
/web/20251006095620/https://www.wnacg.com/photos-slide-aid-90082.html
/web/20251006095629/https://www.wnacg.com/download-index-aid-90082.html
/web/20251006095705/https://www.wnacg.com/photos-view-id-7096503.html
/web/20251006095634/https://www.wnacg.com/photos-view-id-7096495.html
/web/20251006095632/https://www.wnacg.com/photos-view-id-7096492.html
/web/20251006095726/https://www.wnacg.com/photos-view-id-7096505.html
/web/20251006095722/https://www.wnacg.com/photos-view-id-7096496.html
/web/20251006095746/https://www.wnacg.com/photos-view-id-7096501.html
/web/20251006095620/https://www.wnacg.com/photos-view-id-7096494.html
/web/20251006095828/https://www.wnacg.com/photos-view-id-7096482.html
/web/20251006095838/https://www.wnacg.com/photos-view-id-7096478.html
/web/20251006095843/https://www.wnacg.com/photos-view-id-7096507.html
/web/20251006095819/https://www.wnacg.com/photos-view-id-7096500.html
/web/20251006095928/https://www.wnacg.com/photos-view-id-7096484.html
/web/20251006095940/https://www.wnacg.com/photos-view-id-7096472.html
/web/20251006100020/https://v1.wzip.download/down/0901/6618ecc40b8a50136573af942b696e34.zip?n=%5BSOUND%20MILK%20(%E3%81%8A%E3%81%A8%E3%81%A1%E3%81%A1)%5D%20%E8%9E%BA%E9%88%BF%E9%A4%A8
/web/20251006095940/https://www.wnacg.com/photos-view-id-7096489.html
/web/20251006095935/https://www.wnacg.com/photos-view-id-7096502.html
/web/20251006100039/https://v1.wzip.date/down/0901/6618ecc40b8a50136573af942b696e34.zip?n=%5BSOUND%20MILK%20(%E3%81%8A%E3%81%A8%E3%81%A1%E3%81%A1)%5D%20%E8%9E%BA%E9%88%BF%E9%A4%A8
/web/20251006095950/https://www.wnacg.com/photos-view-id-7096486.html
/web/20251006100043/https://www.wnacg.com/photos-view-id-7096504.html
/web/20251006100053/https://www.wnacg.com/photos-view-id-7096491.html
/web/20251006100113/https://www.wnacg.com/photos-view-id-7096506.html
/web/20251006100123/https://www.wnacg.com/photos-view-id-7096497.html
/web/20251006100212/https://www.wnacg.com/photos-view-id-7096493.html
/web/20251006100303/https://www.wnacg.com/photos-view-id-7096508.html
/web/20251006100555/https://www.wnacg.com/photos-view-id-7096499.html
/web/20251006100649/https://www.wnacg.com/photos-view-id-7096490.html
/web/20251006100708/https://www.wnacg.com/photos-view-id-7096498.html
