https://www.wnacg.com/photos-index-aid-90082.html
https://www.wnacg.com/photos-view-id-7096476.html
https://www.wnacg.com/photos-view-id-7096474.html
https://www.wnacg.com/photos-index-page-2-aid-90082.html
https://www.wnacg.com/photos-index-page-3-aid-90082.html
https://www.wnacg.com/photos-view-id-7096481.html
https://www.wnacg.com/photos-view-id-7096479.html
https://www.wnacg.com/photos-view-id-7096480.html
https://www.wnacg.com/photos-view-id-7096483.html
https://www.wnacg.com/photos-view-id-7096488.html
https://www.wnacg.com/photos-view-id-7096473.html
https://www.wnacg.com/photos-view-id-7096477.html
https://www.wnacg.com/photos-view-id-7096487.html
https://www.wnacg.com/photos-view-id-7096475.html
https://www.wnacg.com/photos-view-id-7096485.html
https://www.wnacg.com/photos-slide-aid-90082.html
https://www.wnacg.com/download-index-aid-90082.html
https://www.wnacg.com/photos-view-id-7096503.html
https://www.wnacg.com/photos-view-id-7096495.html
https://www.wnacg.com/photos-view-id-7096492.html
https://www.wnacg.com/photos-view-id-7096505.html
https://www.wnacg.com/photos-view-id-7096496.html
https://www.wnacg.com/photos-view-id-7096501.html
https://www.wnacg.com/photos-view-id-7096494.html
https://www.wnacg.com/photos-view-id-7096482.html
https://www.wnacg.com/photos-view-id-7096478.html
https://www.wnacg.com/photos-view-id-7096507.html
https://www.wnacg.com/photos-view-id-7096500.html
https://www.wnacg.com/photos-view-id-7096484.html
https://www.wnacg.com/photos-view-id-7096472.html
https://v1.wzip.download/down/0901/6618ecc40b8a50136573af942b696e34.zip?n=[SOUND%20MILK%20(%E3%81%8A%E3%81%A8%E3%81%A1%E3%81%A1)]%20%E8%9E%BA%E9%88%BF%E9%A4%A8
https://www.wnacg.com/photos-view-id-7096489.html
https://www.wnacg.com/photos-view-id-7096502.html
https://v1.wzip.date/down/0901/6618ecc40b8a50136573af942b696e34.zip?n=[SOUND%20MILK%20(%E3%81%8A%E3%81%A8%E3%81%A1%E3%81%A1)]%20%E8%9E%BA%E9%88%BF%E9%A4%A8
https://www.wnacg.com/photos-view-id-7096486.html
https://www.wnacg.com/photos-view-id-7096504.html
https://www.wnacg.com/photos-view-id-7096491.html
https://www.wnacg.com/photos-view-id-7096506.html
https://www.wnacg.com/photos-view-id-7096497.html
https://www.wnacg.com/photos-view-id-7096493.html
https://www.wnacg.com/photos-view-id-7096508.html
https://www.wnacg.com/photos-view-id-7096499.html
https://www.wnacg.com/photos-view-id-7096490.html
https://www.wnacg.com/photos-view-id-7096498.html
