/web/20251130063250/https://www.wnacg.ru/photos-index-aid-106687.html
/web/20251130063307/https://www.wnacg.ru/download-index-aid-106687.html
/web/20251130063352/https://www.wnacg.ru/photos-view-id-8597323.html
/web/20251130063409/https://www.wnacg.ru/photos-view-id-8597320.html
/web/20251130063423/https://www.wnacg.ru/photos-view-id-8597322.html
/web/20251130063453/https://www.wnacg.ru/photos-view-id-8597314.html
/web/20251130063530/https://www.wnacg.ru/photos-view-id-8597321.html
/web/20251130063528/https://www.wnacg.ru/photos-view-id-8597318.html
/web/20251130063647/https://www.wnacg.ru/photos-view-id-8597315.html
/web/20251130063636/https://www.wnacg.ru/photos-index-page-3-aid-106687.html
/web/20251130063709/https://www.wnacg.ru/photos-view-id-8597317.html
/web/20251130063725/https://www.wnacg.ru/photos-index-page-2-aid-106687.html
/web/20251130063633/https://www.wnacg.ru/photos-view-id-8597312.html
/web/20251130063828/https://www.wnacg.ru/photos-view-id-8597316.html
/web/20251130064000/https://v1.wzip.date/down/1067/960a452d96eef0825ea8035b4d512ad0.zip?n=%5B%E4%B8%8D%E5%92%95%E9%B8%9F%E6%B1%89%E5%8C%96%E7%BB%84%5D%20(%E7%A7%8B%E8%91%89%E5%8E%9F%E8%B6%85%E5%90%8C%E4%BA%BA%E7%A5%AD)%20%5B%E3%83%86%E3%83%B3%E3%83%91%E3%82%8A%E3%82%93%E3%81%90%20(%E3%83%88%E3%82%AD%E3%83%9E%E3%83%81%E2%98%86%E3%82%A8%E3%82%A4%E3%82%BB%E3%82%A4)%5D%20%E3%81%B5%E3%81%9F%E3%81%AA%E3%82%8A%E5%82%BE%E5%9B%BD%E3%83%90%E3%83%96%E3%81%A1%E3%82%93%E3%81%BD%E2%99%A5%20(Fate%E2%95%B1Grand%20Order)
/web/20251130064015/https://v1.wzip.download/down/1067/960a452d96eef0825ea8035b4d512ad0.zip?n=%5B%E4%B8%8D%E5%92%95%E9%B8%9F%E6%B1%89%E5%8C%96%E7%BB%84%5D%20(%E7%A7%8B%E8%91%89%E5%8E%9F%E8%B6%85%E5%90%8C%E4%BA%BA%E7%A5%AD)%20%5B%E3%83%86%E3%83%B3%E3%83%91%E3%82%8A%E3%82%93%E3%81%90%20(%E3%83%88%E3%82%AD%E3%83%9E%E3%83%81%E2%98%86%E3%82%A8%E3%82%A4%E3%82%BB%E3%82%A4)%5D%20%E3%81%B5%E3%81%9F%E3%81%AA%E3%82%8A%E5%82%BE%E5%9B%BD%E3%83%90%E3%83%96%E3%81%A1%E3%82%93%E3%81%BD%E2%99%A5%20(Fate%E2%95%B1Grand%20Order)
/web/20251130064111/https://www.wnacg.ru/photos-index-page-1-aid-106687.html
/web/20251130064112/https://www.wnacg.ru/photos-view-id-8597340.html
/web/20251130064148/https://www.wnacg.ru/photos-view-id-8597341.html
/web/20251130064208/https://www.wnacg.ru/photos-view-id-8597338.html
/web/20251130064203/https://www.wnacg.ru/photos-view-id-8597342.html
/web/20251130064215/https://www.wnacg.ru/photos-view-id-8597336.html
/web/20251130064245/https://www.wnacg.ru/photos-view-id-8597335.html
/web/20251130064335/https://www.wnacg.ru/photos-view-id-8597331.html
/web/20251130064337/https://www.wnacg.ru/photos-view-id-8597334.html
/web/20251130064402/https://www.wnacg.ru/photos-view-id-8597339.html
/web/20251130064519/https://www.wnacg.ru/photos-view-id-8597332.html
/web/20251130064516/https://www.wnacg.ru/photos-view-id-8597326.html
/web/20251130064557/https://www.wnacg.ru/photos-view-id-8597330.html
/web/20251130064536/https://www.wnacg.ru/photos-view-id-8597325.html
/web/20251130064629/https://www.wnacg.ru/photos-view-id-8597333.html
/web/20251130064731/https://www.wnacg.ru/photos-view-id-8597329.html
