/web/20251005075455/https://www.wnacg.com/photos-index-aid-20120.html
/web/20251005075518/https://www.wnacg.com/photos-view-id-1383562.html
/web/20251005075511/https://www.wnacg.com/photos-view-id-1383557.html
/web/20251005075539/https://www.wnacg.com/photos-view-id-1383564.html
/web/20251005075624/https://www.wnacg.com/photos-index-page-5-aid-20120.html
/web/20251005075525/https://www.wnacg.com/photos-view-id-1383566.html
/web/20251005075629/https://www.wnacg.com/photos-view-id-1383563.html
/web/20251005075616/https://www.wnacg.com/photos-slide-aid-20120.html
/web/20251005075729/https://www.wnacg.com/photos-view-id-1383561.html
/web/20251005075638/https://www.wnacg.com/photos-view-id-1383556.html
/web/20251005075632/https://www.wnacg.com/photos-view-id-1383560.html
/web/20251005075617/https://www.wnacg.com/download-index-aid-20120.html
/web/20251005075743/https://www.wnacg.com/photos-view-id-1383558.html
/web/20251005075806/https://www.wnacg.com/photos-view-id-1383565.html
/web/20251005075822/https://www.wnacg.com/photos-view-id-1383567.html
/web/20251005075841/https://www.wnacg.com/photos-index-page-4-aid-20120.html
/web/20251005075825/https://www.wnacg.com/photos-view-id-1383559.html
/web/20251005075902/https://www.wnacg.com/photos-index-page-16-aid-20120.html
/web/20251005075903/https://www.wnacg.com/photos-index-page-2-aid-20120.html
/web/20251005075927/https://www.wnacg.com/photos-index-page-3-aid-20120.html
/web/20251005075948/https://www.wnacg.com/photos-view-id-1383607.html
/web/20251005075934/https://www.wnacg.com/photos-view-id-1383606.html
/web/20251005075941/https://www.wnacg.com/photos-view-id-1383605.html
/web/20251005080027/https://www.wnacg.com/photos-view-id-1383612.html
/web/20251005080033/https://www.wnacg.com/photos-view-id-1383614.html
/web/20251005080018/https://www.wnacg.com/photos-view-id-1383608.html
/web/20251005080055/https://www.wnacg.com/photos-view-id-1383613.html
/web/20251005080054/https://www.wnacg.com/photos-index-page-8-aid-20120.html
/web/20251005080105/https://www.wnacg.com/photos-index-page-7-aid-20120.html
/web/20251005080131/https://www.wnacg.com/photos-view-id-1383604.html
/web/20251005080204/https://www.wnacg.com/photos-view-id-1383615.html
/web/20251005080145/https://www.wnacg.com/photos-view-id-1383611.html
/web/20251005080225/https://www.wnacg.com/photos-view-id-1383609.html
/web/20251005080241/https://v1.wzip.download/down/0202/a4174f33bcd7a427fb961ee19610ee96.zip?n=%5B%E8%92%BC%E5%B1%B1%E5%93%B2%5D%20%E3%81%93%E3%81%93%E3%81%AF%E3%83%93%E3%83%83%E3%83%81%E8%A1%97%EF%BC%81%EF%BC%81
/web/20251005080316/https://www.wnacg.com/photos-view-id-1383610.html
/web/20251005080234/https://v1.wzip.date/down/0202/a4174f33bcd7a427fb961ee19610ee96.zip?n=%5B%E8%92%BC%E5%B1%B1%E5%93%B2%5D%20%E3%81%93%E3%81%93%E3%81%AF%E3%83%93%E3%83%83%E3%83%81%E8%A1%97%EF%BC%81%EF%BC%81
/web/20251005080140/https://www.wnacg.com/photos-index-page-9-aid-20120.html
/web/20251005080312/https://www.wnacg.com/photos-view-id-1383592.html
/web/20251005080310/https://www.wnacg.com/photos-view-id-1383568.html
/web/20251005080349/https://www.wnacg.com/photos-view-id-1383594.html
/web/20251005080343/https://www.wnacg.com/photos-view-id-1383593.html
/web/20251005080238/https://www.wnacg.com/photos-view-id-1383766.html
/web/20251005080509/https://www.wnacg.com/photos-view-id-1383582.html
/web/20251005080453/https://www.wnacg.com/photos-view-id-1383600.html
/web/20251005080520/https://www.wnacg.com/photos-view-id-1383587.html
/web/20251005080507/https://www.wnacg.com/photos-index-page-1-aid-20120.html
/web/20251005080500/https://www.wnacg.com/photos-view-id-1383589.html
/web/20251005080458/https://www.wnacg.com/photos-view-id-1383583.html
/web/20251005080556/https://www.wnacg.com/photos-view-id-1383590.html
/web/20251005080600/https://www.wnacg.com/photos-view-id-1383588.html
/web/20251005080617/https://www.wnacg.com/photos-view-id-1383581.html
/web/20251005080631/https://www.wnacg.com/photos-view-id-1383586.html
/web/20251005080610/https://www.wnacg.com/photos-view-id-1383585.html
/web/20251005080703/https://www.wnacg.com/photos-view-id-1383584.html
/web/20251005080726/https://www.wnacg.com/photos-view-id-1383645.html
/web/20251005080756/https://www.wnacg.com/photos-view-id-1383651.html
/web/20251005080832/https://www.wnacg.com/photos-view-id-1383649.html
/web/20251005080830/https://www.wnacg.com/photos-view-id-1383641.html
/web/20251005080906/https://www.wnacg.com/photos-view-id-1383648.html
/web/20251005080840/https://www.wnacg.com/photos-view-id-1383643.html
/web/20251005080908/https://www.wnacg.com/photos-view-id-1383640.html
/web/20251005080938/https://www.wnacg.com/photos-index-page-11-aid-20120.html
/web/20251005081025/https://www.wnacg.com/photos-index-page-10-aid-20120.html
/web/20251005081033/https://www.wnacg.com/photos-view-id-1383639.html
/web/20251005081027/https://www.wnacg.com/photos-view-id-1383644.html
/web/20251005081134/https://www.wnacg.com/photos-view-id-1383633.html
/web/20251005081145/https://www.wnacg.com/photos-view-id-1383629.html
/web/20251005081132/https://www.wnacg.com/photos-view-id-1383646.html
/web/20251005081218/https://www.wnacg.com/photos-view-id-1383628.html
/web/20251005081246/https://www.wnacg.com/photos-view-id-1383636.html
/web/20251005081211/https://www.wnacg.com/photos-view-id-1383638.html
/web/20251005081245/https://www.wnacg.com/photos-view-id-1383632.html
/web/20251005081253/https://www.wnacg.com/photos-view-id-1383630.html
/web/20251005081324/https://www.wnacg.com/photos-view-id-1383655.html
/web/20251005081348/https://www.wnacg.com/photos-view-id-1383616.html
/web/20251005081303/https://www.wnacg.com/photos-view-id-1383637.html
/web/20251005081353/https://www.wnacg.com/photos-view-id-1383656.html
/web/20251005081351/https://www.wnacg.com/photos-view-id-1383652.html
/web/20251005081359/https://www.wnacg.com/photos-view-id-1383654.html
/web/20251005081428/https://www.wnacg.com/photos-view-id-1383659.html
/web/20251005081426/https://www.wnacg.com/photos-view-id-1383658.html
/web/20251005081435/https://www.wnacg.com/photos-view-id-1383662.html
/web/20251005081510/https://www.wnacg.com/photos-view-id-1383657.html
/web/20251005081510/https://www.wnacg.com/photos-view-id-1383663.html
/web/20251005081537/https://www.wnacg.com/photos-view-id-1383591.html
/web/20251005081545/https://www.wnacg.com/photos-view-id-1383599.html
/web/20251005081618/https://www.wnacg.com/photos-view-id-1383595.html
/web/20251005081615/https://www.wnacg.com/photos-view-id-1383580.html
/web/20251005081643/https://www.wnacg.com/photos-view-id-1383686.html
/web/20251005081650/https://www.wnacg.com/photos-view-id-1383683.html
/web/20251005081740/https://www.wnacg.com/photos-view-id-1383681.html
/web/20251005081615/https://www.wnacg.com/photos-view-id-1383660.html
/web/20251005081747/https://www.wnacg.com/photos-view-id-1383684.html
/web/20251005081831/https://www.wnacg.com/photos-view-id-1383677.html
/web/20251005081840/https://www.wnacg.com/photos-view-id-1383676.html
/web/20251005081643/https://www.wnacg.com/photos-view-id-1383647.html
/web/20251005081834/https://www.wnacg.com/photos-view-id-1383679.html
/web/20251005081839/https://www.wnacg.com/photos-view-id-1383678.html
/web/20251005081916/https://www.wnacg.com/photos-view-id-1383682.html
/web/20251005081847/https://www.wnacg.com/photos-view-id-1383680.html
/web/20251005081937/https://www.wnacg.com/photos-view-id-1383664.html
/web/20251005081938/https://www.wnacg.com/photos-view-id-1383672.html
/web/20251005082024/https://www.wnacg.com/photos-view-id-1383674.html
/web/20251005081956/https://www.wnacg.com/photos-view-id-1383667.html
/web/20251005082045/https://www.wnacg.com/photos-view-id-1383675.html
/web/20251005081950/https://www.wnacg.com/photos-view-id-1383671.html
/web/20251005082046/https://www.wnacg.com/photos-view-id-1383668.html
/web/20251005082126/https://www.wnacg.com/photos-view-id-1383669.html
/web/20251005082059/https://www.wnacg.com/photos-view-id-1383665.html
/web/20251005082154/https://www.wnacg.com/photos-view-id-1383673.html
/web/20251005082203/https://www.wnacg.com/photos-view-id-1383634.html
/web/20251005082155/https://www.wnacg.com/photos-view-id-1383670.html
/web/20251005082220/https://www.wnacg.com/photos-view-id-1383666.html
/web/20251005082237/https://www.wnacg.com/photos-view-id-1383635.html
/web/20251005082210/https://www.wnacg.com/photos-view-id-1383627.html
/web/20251005082258/https://www.wnacg.com/photos-view-id-1383631.html
/web/20251005082342/https://www.wnacg.com/photos-view-id-1383661.html
/web/20251005082344/https://www.wnacg.com/photos-view-id-1383653.html
/web/20251005082343/https://www.wnacg.com/photos-view-id-1383597.html
/web/20251005082308/https://www.wnacg.com/photos-view-id-1383617.html
/web/20251005082410/https://www.wnacg.com/photos-view-id-1383685.html
/web/20251005082418/https://www.wnacg.com/photos-view-id-1383626.html
/web/20251005082523/https://www.wnacg.com/photos-view-id-1383687.html
/web/20251005082524/https://www.wnacg.com/photos-index-page-6-aid-20120.html
/web/20251005082602/https://www.wnacg.com/photos-view-id-1383603.html
/web/20251005082556/https://www.wnacg.com/photos-view-id-1383601.html
/web/20251005082451/https://www.wnacg.com/photos-view-id-1383596.html
/web/20251005082610/https://www.wnacg.com/photos-view-id-1383602.html
/web/20251005082631/https://www.wnacg.com/photos-view-id-1383598.html
/web/20251005082658/https://www.wnacg.com/photos-index-page-14-aid-20120.html
/web/20251005082712/https://www.wnacg.com/photos-view-id-1383762.html
/web/20251005082739/https://www.wnacg.com/photos-view-id-1383764.html
/web/20251005082740/https://www.wnacg.com/photos-view-id-1383758.html
/web/20251005082813/https://www.wnacg.com/photos-view-id-1383756.html
/web/20251005082813/https://www.wnacg.com/photos-view-id-1383761.html
/web/20251005082822/https://www.wnacg.com/photos-index-page-15-aid-20120.html
/web/20251005082747/https://www.wnacg.com/photos-view-id-1383759.html
/web/20251005082855/https://www.wnacg.com/photos-view-id-1383650.html
/web/20251005082948/https://www.wnacg.com/photos-view-id-1383688.html
/web/20251005082926/https://www.wnacg.com/photos-view-id-1383642.html
/web/20251005083006/https://www.wnacg.com/photos-view-id-1383622.html
/web/20251005082941/https://www.wnacg.com/photos-view-id-1383625.html
/web/20251005083033/https://www.wnacg.com/photos-view-id-1383621.html
/web/20251005083041/https://www.wnacg.com/photos-view-id-1383620.html
/web/20251005082952/https://www.wnacg.com/photos-view-id-1383753.html
/web/20251005082934/https://www.wnacg.com/photos-view-id-1383618.html
/web/20251005083034/https://www.wnacg.com/photos-index-page-12-aid-20120.html
/web/20251005083108/https://www.wnacg.com/photos-view-id-1383619.html
/web/20251005083034/https://www.wnacg.com/photos-view-id-1383624.html
/web/20251005083131/https://www.wnacg.com/photos-view-id-1383716.html
/web/20251005083143/https://www.wnacg.com/photos-view-id-1383726.html
/web/20251005083144/https://www.wnacg.com/photos-view-id-1383714.html
/web/20251005083154/https://www.wnacg.com/photos-view-id-1383623.html
/web/20251005083226/https://www.wnacg.com/photos-view-id-1383728.html
/web/20251005083248/https://www.wnacg.com/photos-view-id-1383713.html
/web/20251005083250/https://www.wnacg.com/photos-view-id-1383721.html
/web/20251005083256/https://www.wnacg.com/photos-view-id-1383724.html
/web/20251005083318/https://www.wnacg.com/photos-view-id-1383730.html
/web/20251005083322/https://www.wnacg.com/photos-view-id-1383723.html
/web/20251005083304/https://www.wnacg.com/photos-view-id-1383712.html
/web/20251005083405/https://www.wnacg.com/photos-view-id-1383718.html
/web/20251005083423/https://www.wnacg.com/photos-index-page-13-aid-20120.html
/web/20251005083510/https://www.wnacg.com/photos-view-id-1383738.html
/web/20251005083518/https://www.wnacg.com/photos-view-id-1383736.html
/web/20251005083531/https://www.wnacg.com/photos-view-id-1383734.html
/web/20251005083446/https://www.wnacg.com/photos-view-id-1383569.html
/web/20251005083558/https://www.wnacg.com/photos-view-id-1383739.html
/web/20251005083615/https://www.wnacg.com/photos-view-id-1383752.html
/web/20251005083712/https://www.wnacg.com/photos-view-id-1383732.html
/web/20251005083722/https://www.wnacg.com/photos-view-id-1383691.html
/web/20251005083726/https://www.wnacg.com/photos-view-id-1383699.html
/web/20251005083608/https://www.wnacg.com/photos-view-id-1383748.html
/web/20251005083816/https://www.wnacg.com/photos-view-id-1383698.html
/web/20251005083904/https://www.wnacg.com/photos-view-id-1383690.html
/web/20251005083830/https://www.wnacg.com/photos-view-id-1383696.html
/web/20251005083828/https://www.wnacg.com/photos-view-id-1383695.html
/web/20251005083837/https://www.wnacg.com/photos-view-id-1383692.html
/web/20251005083913/https://www.wnacg.com/photos-view-id-1383693.html
/web/20251005083734/https://www.wnacg.com/photos-view-id-1383689.html
/web/20251005083932/https://www.wnacg.com/photos-view-id-1383694.html
/web/20251005083440/https://www.wnacg.com/photos-view-id-1383741.html
/web/20251005084039/https://www.wnacg.com/photos-view-id-1383572.html
/web/20251005084044/https://www.wnacg.com/photos-view-id-1383720.html
/web/20251005083612/https://www.wnacg.com/photos-view-id-1383746.html
/web/20251005083619/https://www.wnacg.com/photos-view-id-1383750.html
/web/20251005084107/https://www.wnacg.com/photos-view-id-1383711.html
/web/20251005084127/https://www.wnacg.com/photos-view-id-1383704.html
/web/20251005084114/https://www.wnacg.com/photos-view-id-1383708.html
/web/20251005084128/https://www.wnacg.com/photos-view-id-1383701.html
/web/20251005084135/https://www.wnacg.com/photos-view-id-1383700.html
/web/20251005084206/https://www.wnacg.com/photos-view-id-1383709.html
/web/20251005084207/https://www.wnacg.com/photos-view-id-1383702.html
/web/20251005084228/https://www.wnacg.com/photos-view-id-1383703.html
/web/20251005084223/https://www.wnacg.com/photos-view-id-1383710.html
/web/20251005084316/https://www.wnacg.com/photos-view-id-1383573.html
/web/20251005084333/https://www.wnacg.com/photos-view-id-1383697.html
/web/20251005084323/https://www.wnacg.com/photos-view-id-1383578.html
/web/20251005084338/https://www.wnacg.com/photos-view-id-1383579.html
/web/20251005084214/https://www.wnacg.com/photos-view-id-1383706.html
/web/20251005084431/https://www.wnacg.com/photos-view-id-1383575.html
/web/20251005084330/https://www.wnacg.com/photos-view-id-1383577.html
/web/20251005084436/https://www.wnacg.com/photos-view-id-1383576.html
/web/20251005084453/https://www.wnacg.com/photos-view-id-1383574.html
/web/20251005084453/https://www.wnacg.com/photos-view-id-1383570.html
/web/20251005084440/https://www.wnacg.com/photos-view-id-1383571.html
/web/20251005084617/https://www.wnacg.com/photos-view-id-1383743.html
/web/20251005084624/https://www.wnacg.com/photos-view-id-1383745.html
/web/20251005084631/https://www.wnacg.com/photos-view-id-1383705.html
/web/20251005084638/https://www.wnacg.com/photos-view-id-1383707.html
