/web/20251005115033/https://www.wnacg.com/photos-index-aid-265503.html
/web/20251005115058/https://www.wnacg.com/photos-index-page-9-aid-265503.html
/web/20251005115112/https://www.wnacg.com/photos-view-id-21871507.html
/web/20251005115105/https://www.wnacg.com/photos-index-page-4-aid-265503.html
/web/20251005115133/https://www.wnacg.com/download-index-aid-265503.html
/web/20251005115120/https://www.wnacg.com/photos-view-id-21871542.html
/web/20251005115218/https://www.wnacg.com/photos-view-id-21871525.html
/web/20251005115127/https://www.wnacg.com/photos-index-page-3-aid-265503.html
/web/20251005115233/https://www.wnacg.com/photos-view-id-21871511.html
/web/20251005115232/https://www.wnacg.com/photos-view-id-21871508.html
/web/20251005115249/https://www.wnacg.com/photos-view-id-21871510.html
/web/20251005115211/https://www.wnacg.com/photos-view-id-21871509.html
/web/20251005115339/https://www.wnacg.com/photos-index-page-2-aid-265503.html
/web/20251005115411/https://www.wnacg.com/photos-view-id-21871515.html
/web/20251005115437/https://www.wnacg.com/photos-index-page-5-aid-265503.html
/web/20251005115503/https://www.wnacg.com/photos-slide-aid-265503.html
/web/20251005115529/https://www.wnacg.com/photos-view-id-21871535.html
/web/20251005115431/https://www.wnacg.com/photos-view-id-21871548.html
/web/20251005115611/https://www.wnacg.com/photos-view-id-21871554.html
/web/20251005115641/https://www.wnacg.com/photos-view-id-21871506.html
/web/20251005115713/https://www.wnacg.com/photos-view-id-21871710.html
/web/20251005115654/https://www.wnacg.com/photos-view-id-21871711.html
/web/20251005115715/https://www.wnacg.com/photos-index-page-1-aid-265503.html
/web/20251005115715/https://www.wnacg.com/photos-index-page-8-aid-265503.html
/web/20251005115808/https://www.wnacg.com/photos-view-id-21871709.html
/web/20251005115857/https://www.wnacg.com/photos-view-id-21871659.html
/web/20251005115756/https://www.wnacg.com/photos-index-page-6-aid-265503.html
/web/20251005115821/https://www.wnacg.com/photos-view-id-21871653.html
/web/20251005115928/https://www.wnacg.com/photos-view-id-21871655.html
/web/20251005115945/https://www.wnacg.com/photos-index-page-7-aid-265503.html
/web/20251005115850/https://www.wnacg.com/photos-view-id-21871712.html
/web/20251005120004/https://www.wnacg.com/photos-view-id-21871654.html
/web/20251005115939/https://www.wnacg.com/photos-view-id-21871652.html
/web/20251005115923/https://www.wnacg.com/photos-view-id-21871660.html
/web/20251005120001/https://www.wnacg.com/photos-view-id-21871651.html
/web/20251005120053/https://www.wnacg.com/photos-view-id-21871649.html
/web/20251005120111/https://www.wnacg.com/photos-view-id-21871650.html
/web/20251005120016/https://www.wnacg.com/photos-view-id-21871658.html
/web/20251005120121/https://www.wnacg.com/photos-view-id-21871656.html
/web/20251005120148/https://www.wnacg.com/photos-view-id-21871657.html
/web/20251005120153/https://www.wnacg.com/photos-view-id-21871647.html
/web/20251005120203/https://www.wnacg.com/photos-view-id-21871643.html
/web/20251005120221/https://www.wnacg.com/photos-view-id-21871697.html
/web/20251005120243/https://www.wnacg.com/photos-view-id-21871700.html
/web/20251005120309/https://www.wnacg.com/photos-view-id-21871708.html
/web/20251005120423/https://www.wnacg.com/photos-view-id-21871701.html
/web/20251005120417/https://www.wnacg.com/photos-view-id-21871704.html
/web/20251005120245/https://www.wnacg.com/photos-view-id-21871698.html
/web/20251005120414/https://www.wnacg.com/photos-view-id-21871699.html
/web/20251005120326/https://www.wnacg.com/photos-view-id-21871707.html
/web/20251005120509/https://www.wnacg.com/photos-view-id-21871703.html
/web/20251005120121/https://v1.wzip.download/down/2656/8cf88d7bcbfd2966406c76e478d1f690.zip?n=%5B%E3%83%A2%E3%83%96%E3%83%A9%E3%82%A4%E3%83%96%20(%E8%A5%BF%E3%81%97%E3%81%9A%E3%82%80)%5D%20%E4%BF%BA%E3%81%AF%E7%95%B0%E4%B8%96%E7%95%8C%E3%81%A7%E3%83%80%E3%82%A6%E3%83%8A%E3%83%BC%E7%B3%BB%E5%86%92%E9%99%BA%E8%80%85%E3%83%91%E3%83%BC%E3%83%86%E3%82%A3%E3%83%BC%E3%81%AB%E8%B2%B7%E3%82%8F%E3%82%8C%E3%81%9F2%20%5BDL%E7%89%88%5D%5B%E4%B8%AD%E5%9B%BD%E7%BF%BB%E8%AF%91%5D
/web/20251005120416/https://www.wnacg.com/photos-view-id-21871706.html
/web/20251005120456/https://www.wnacg.com/photos-view-id-21871705.html
/web/20251005120532/https://www.wnacg.com/photos-view-id-21871702.html
/web/20251005120547/https://www.wnacg.com/photos-view-id-21871676.html
/web/20251005120602/https://www.wnacg.com/photos-view-id-21871683.html
/web/20251005120553/https://www.wnacg.com/photos-view-id-21871674.html
/web/20251005120549/https://www.wnacg.com/photos-view-id-21871679.html
/web/20251005120635/https://www.wnacg.com/photos-view-id-21871680.html
/web/20251005120702/https://www.wnacg.com/photos-view-id-21871673.html
/web/20251005120655/https://www.wnacg.com/photos-view-id-21871684.html
/web/20251005120728/https://www.wnacg.com/photos-view-id-21871678.html
/web/20251005120714/https://www.wnacg.com/photos-view-id-21871681.html
/web/20251005120751/https://www.wnacg.com/photos-view-id-21871675.html
/web/20251005120758/https://www.wnacg.com/photos-view-id-21871682.html
/web/20251005120806/https://www.wnacg.com/photos-view-id-21871691.html
/web/20251005120812/https://www.wnacg.com/photos-view-id-21871677.html
/web/20251005120830/https://www.wnacg.com/photos-view-id-21871695.html
/web/20251005120827/https://www.wnacg.com/photos-view-id-21871696.html
/web/20251005120835/https://www.wnacg.com/photos-view-id-21871689.html
/web/20251005121019/https://www.wnacg.com/photos-view-id-21871690.html
/web/20251005121039/https://www.wnacg.com/photos-view-id-21871692.html
/web/20251005121043/https://www.wnacg.com/photos-view-id-21871686.html
/web/20251005121131/https://www.wnacg.com/photos-view-id-21871687.html
/web/20251005121131/https://www.wnacg.com/photos-view-id-21871688.html
/web/20251005121029/https://www.wnacg.com/photos-view-id-21871685.html
/web/20251005121139/https://www.wnacg.com/photos-view-id-21871693.html
/web/20251005121148/https://www.wnacg.com/photos-view-id-21871694.html
/web/20251005121245/https://www.wnacg.com/photos-view-id-21871640.html
/web/20251005121252/https://www.wnacg.com/photos-view-id-21871644.html
/web/20251005121305/https://www.wnacg.com/photos-view-id-21871645.html
/web/20251005121306/https://www.wnacg.com/photos-view-id-21871635.html
/web/20251005121320/https://www.wnacg.com/photos-view-id-21871641.html
/web/20251005121327/https://www.wnacg.com/photos-view-id-21871622.html
/web/20251005121434/https://www.wnacg.com/photos-view-id-21871646.html
/web/20251005121435/https://www.wnacg.com/photos-view-id-21871642.html
/web/20251005121359/https://www.wnacg.com/photos-view-id-21871628.html
/web/20251005121443/https://www.wnacg.com/photos-view-id-21871648.html
/web/20251005121511/https://www.wnacg.com/photos-view-id-21871616.html
/web/20251005121530/https://www.wnacg.com/photos-view-id-21871568.html
/web/20251005121515/https://www.wnacg.com/photos-view-id-21871579.html
/web/20251005121504/https://www.wnacg.com/photos-view-id-21871574.html
/web/20251005121539/https://www.wnacg.com/photos-view-id-21871564.html
/web/20251005121720/https://www.wnacg.com/photos-view-id-21871558.html
/web/20251005121727/https://www.wnacg.com/photos-view-id-21871604.html
/web/20251005121742/https://www.wnacg.com/photos-view-id-21871610.html
/web/20251005121552/https://www.wnacg.com/photos-view-id-21871584.html
/web/20251005121749/https://www.wnacg.com/photos-view-id-21871663.html
/web/20251005121756/https://www.wnacg.com/photos-view-id-21871671.html
/web/20251005121806/https://www.wnacg.com/photos-view-id-21871672.html
/web/20251005121826/https://www.wnacg.com/photos-view-id-21871594.html
/web/20251005121847/https://www.wnacg.com/photos-view-id-21871670.html
/web/20251005121848/https://www.wnacg.com/photos-view-id-21871664.html
/web/20251005121902/https://www.wnacg.com/photos-view-id-21871665.html
/web/20251005121909/https://www.wnacg.com/photos-view-id-21871667.html
/web/20251005121916/https://www.wnacg.com/photos-view-id-21871669.html
/web/20251005121937/https://www.wnacg.com/photos-view-id-21871666.html
/web/20251005121930/https://www.wnacg.com/photos-view-id-21871661.html
/web/20251005121930/https://www.wnacg.com/photos-view-id-21871668.html
/web/20251005122006/https://www.wnacg.com/photos-view-id-21871662.html
