https://www.wnacg.com/photos-index-aid-265503.html
https://www.wnacg.com/photos-index-page-9-aid-265503.html
https://www.wnacg.com/photos-view-id-21871507.html
https://www.wnacg.com/photos-index-page-4-aid-265503.html
https://www.wnacg.com/download-index-aid-265503.html
https://www.wnacg.com/photos-view-id-21871542.html
https://www.wnacg.com/photos-view-id-21871525.html
https://www.wnacg.com/photos-index-page-3-aid-265503.html
https://www.wnacg.com/photos-view-id-21871511.html
https://www.wnacg.com/photos-view-id-21871508.html
https://www.wnacg.com/photos-view-id-21871510.html
https://www.wnacg.com/photos-view-id-21871509.html
https://www.wnacg.com/photos-index-page-2-aid-265503.html
https://www.wnacg.com/photos-view-id-21871515.html
https://www.wnacg.com/photos-index-page-5-aid-265503.html
https://www.wnacg.com/photos-slide-aid-265503.html
https://www.wnacg.com/photos-view-id-21871535.html
https://www.wnacg.com/photos-view-id-21871548.html
https://www.wnacg.com/photos-view-id-21871554.html
https://www.wnacg.com/photos-view-id-21871506.html
https://www.wnacg.com/photos-view-id-21871710.html
https://www.wnacg.com/photos-view-id-21871711.html
https://www.wnacg.com/photos-index-page-1-aid-265503.html
https://www.wnacg.com/photos-index-page-8-aid-265503.html
https://www.wnacg.com/photos-view-id-21871709.html
https://www.wnacg.com/photos-view-id-21871659.html
https://www.wnacg.com/photos-index-page-6-aid-265503.html
https://www.wnacg.com/photos-view-id-21871653.html
https://www.wnacg.com/photos-view-id-21871655.html
https://www.wnacg.com/photos-index-page-7-aid-265503.html
https://www.wnacg.com/photos-view-id-21871712.html
https://www.wnacg.com/photos-view-id-21871654.html
https://www.wnacg.com/photos-view-id-21871652.html
https://www.wnacg.com/photos-view-id-21871660.html
https://www.wnacg.com/photos-view-id-21871651.html
https://www.wnacg.com/photos-view-id-21871649.html
https://www.wnacg.com/photos-view-id-21871650.html
https://www.wnacg.com/photos-view-id-21871658.html
https://www.wnacg.com/photos-view-id-21871656.html
https://www.wnacg.com/photos-view-id-21871657.html
https://www.wnacg.com/photos-view-id-21871647.html
https://www.wnacg.com/photos-view-id-21871643.html
https://www.wnacg.com/photos-view-id-21871697.html
https://www.wnacg.com/photos-view-id-21871700.html
https://www.wnacg.com/photos-view-id-21871708.html
https://www.wnacg.com/photos-view-id-21871701.html
https://www.wnacg.com/photos-view-id-21871704.html
https://www.wnacg.com/photos-view-id-21871698.html
https://www.wnacg.com/photos-view-id-21871699.html
https://www.wnacg.com/photos-view-id-21871707.html
https://www.wnacg.com/photos-view-id-21871703.html
https://v1.wzip.download/down/2656/8cf88d7bcbfd2966406c76e478d1f690.zip?n=[%E3%83%A2%E3%83%96%E3%83%A9%E3%82%A4%E3%83%96%20(%E8%A5%BF%E3%81%97%E3%81%9A%E3%82%80)]%20%E4%BF%BA%E3%81%AF%E7%95%B0%E4%B8%96%E7%95%8C%E3%81%A7%E3%83%80%E3%82%A6%E3%83%8A%E3%83%BC%E7%B3%BB%E5%86%92%E9%99%BA%E8%80%85%E3%83%91%E3%83%BC%E3%83%86%E3%82%A3%E3%83%BC%E3%81%AB%E8%B2%B7%E3%82%8F%E3%82%8C%E3%81%9F2%20[DL%E7%89%88][%E4%B8%AD%E5%9B%BD%E7%BF%BB%E8%AF%91]
https://www.wnacg.com/photos-view-id-21871706.html
https://www.wnacg.com/photos-view-id-21871705.html
https://www.wnacg.com/photos-view-id-21871702.html
https://www.wnacg.com/photos-view-id-21871676.html
https://www.wnacg.com/photos-view-id-21871683.html
https://www.wnacg.com/photos-view-id-21871674.html
https://www.wnacg.com/photos-view-id-21871679.html
https://www.wnacg.com/photos-view-id-21871680.html
https://www.wnacg.com/photos-view-id-21871673.html
https://www.wnacg.com/photos-view-id-21871684.html
https://www.wnacg.com/photos-view-id-21871678.html
https://www.wnacg.com/photos-view-id-21871681.html
https://www.wnacg.com/photos-view-id-21871675.html
https://www.wnacg.com/photos-view-id-21871682.html
https://www.wnacg.com/photos-view-id-21871691.html
https://www.wnacg.com/photos-view-id-21871677.html
https://www.wnacg.com/photos-view-id-21871695.html
https://www.wnacg.com/photos-view-id-21871696.html
https://www.wnacg.com/photos-view-id-21871689.html
https://www.wnacg.com/photos-view-id-21871690.html
https://www.wnacg.com/photos-view-id-21871692.html
https://www.wnacg.com/photos-view-id-21871686.html
https://www.wnacg.com/photos-view-id-21871687.html
https://www.wnacg.com/photos-view-id-21871688.html
https://www.wnacg.com/photos-view-id-21871685.html
https://www.wnacg.com/photos-view-id-21871693.html
https://www.wnacg.com/photos-view-id-21871694.html
https://www.wnacg.com/photos-view-id-21871640.html
https://www.wnacg.com/photos-view-id-21871644.html
https://www.wnacg.com/photos-view-id-21871645.html
https://www.wnacg.com/photos-view-id-21871635.html
https://www.wnacg.com/photos-view-id-21871641.html
https://www.wnacg.com/photos-view-id-21871622.html
https://www.wnacg.com/photos-view-id-21871646.html
https://www.wnacg.com/photos-view-id-21871642.html
https://www.wnacg.com/photos-view-id-21871628.html
https://www.wnacg.com/photos-view-id-21871648.html
https://www.wnacg.com/photos-view-id-21871616.html
https://www.wnacg.com/photos-view-id-21871568.html
https://www.wnacg.com/photos-view-id-21871579.html
https://www.wnacg.com/photos-view-id-21871574.html
https://www.wnacg.com/photos-view-id-21871564.html
https://www.wnacg.com/photos-view-id-21871558.html
https://www.wnacg.com/photos-view-id-21871604.html
https://www.wnacg.com/photos-view-id-21871610.html
https://www.wnacg.com/photos-view-id-21871584.html
https://www.wnacg.com/photos-view-id-21871663.html
https://www.wnacg.com/photos-view-id-21871671.html
https://www.wnacg.com/photos-view-id-21871672.html
https://www.wnacg.com/photos-view-id-21871594.html
https://www.wnacg.com/photos-view-id-21871670.html
https://www.wnacg.com/photos-view-id-21871664.html
https://www.wnacg.com/photos-view-id-21871665.html
https://www.wnacg.com/photos-view-id-21871667.html
https://www.wnacg.com/photos-view-id-21871669.html
https://www.wnacg.com/photos-view-id-21871666.html
https://www.wnacg.com/photos-view-id-21871661.html
https://www.wnacg.com/photos-view-id-21871668.html
https://www.wnacg.com/photos-view-id-21871662.html
