/web/20251005084335/https://www.wnacg.com/photos-index-aid-317267.html
/web/20251005084406/https://www.wnacg.com/photos-view-id-26643967.html
/web/20251005084359/https://www.wnacg.com/download-index-aid-317267.html
/web/20251005084413/https://www.wnacg.com/photos-view-id-26643970.html
/web/20251005084353/https://www.wnacg.com/photos-view-id-26643976.html
/web/20251005084428/https://www.wnacg.com/photos-view-id-26643977.html
/web/20251005084434/https://www.wnacg.com/photos-view-id-26643969.html
/web/20251005084420/https://www.wnacg.com/photos-view-id-26643966.html
/web/20251005084505/https://www.wnacg.com/photos-view-id-26643972.html
/web/20251005084527/https://www.wnacg.com/photos-view-id-26643968.html
/web/20251005084542/https://www.wnacg.com/photos-view-id-26643971.html
/web/20251005084535/https://www.wnacg.com/photos-slide-aid-317267.html
/web/20251005084527/https://www.wnacg.com/photos-index-page-2-aid-317267.html
/web/20251005084614/https://www.wnacg.com/photos-index-page-3-aid-317267.html
/web/20251005084616/https://www.wnacg.com/photos-view-id-26643974.html
/web/20251005084643/https://www.wnacg.com/photos-view-id-26643975.html
/web/20251005084645/https://www.wnacg.com/photos-view-id-26643973.html
/web/20251005084709/https://v1.wzip.date/down/3173/92648bfd3bb13effff9c6f665d54408e.zip?n=%5B%E3%83%87%E3%82%A3%E3%83%93%5D%20%E3%81%94%E8%A4%92%E7%BE%8E%E3%81%AF%E3%81%8A%E3%81%97%E3%82%8A%E3%81%AB%20%5B%E4%B8%AD%E5%9B%BD%E7%BF%BB%E8%A8%B3%5D
/web/20251005084717/https://v1.wzip.download/down/3173/92648bfd3bb13effff9c6f665d54408e.zip?n=%5B%E3%83%87%E3%82%A3%E3%83%93%5D%20%E3%81%94%E8%A4%92%E7%BE%8E%E3%81%AF%E3%81%8A%E3%81%97%E3%82%8A%E3%81%AB%20%5B%E4%B8%AD%E5%9B%BD%E7%BF%BB%E8%A8%B3%5D
/web/20251005084737/https://www.wnacg.com/photos-view-id-26643988.html
/web/20251005084730/https://www.wnacg.com/photos-view-id-26643995.html
/web/20251005084723/https://www.wnacg.com/photos-view-id-26643978.html
/web/20251005084908/https://www.wnacg.com/photos-view-id-26643981.html
/web/20251005084902/https://www.wnacg.com/photos-view-id-26643989.html
/web/20251005084904/https://www.wnacg.com/photos-view-id-26643984.html
/web/20251005085005/https://www.wnacg.com/photos-view-id-26643983.html
/web/20251005084922/https://www.wnacg.com/photos-view-id-26643980.html
/web/20251005084915/https://www.wnacg.com/photos-view-id-26643985.html
/web/20251005085014/https://www.wnacg.com/photos-view-id-26643987.html
/web/20251005084936/https://www.wnacg.com/photos-index-page-1-aid-317267.html
/web/20251005085004/https://www.wnacg.com/photos-view-id-26643979.html
/web/20251005085019/https://www.wnacg.com/photos-view-id-26643982.html
/web/20251005085038/https://www.wnacg.com/photos-view-id-26643993.html
/web/20251005084929/https://www.wnacg.com/photos-view-id-26643986.html
/web/20251005085130/https://www.wnacg.com/photos-view-id-26643990.html
/web/20251005085142/https://www.wnacg.com/photos-view-id-26643994.html
/web/20251005085125/https://www.wnacg.com/photos-view-id-26643992.html
/web/20251005085134/https://www.wnacg.com/photos-view-id-26643991.html
