/web/20251102134927/https://www.wnacg.com/photos-index-aid-14616.html
/web/20251102134955/https://www.wnacg.com/photos-slide-aid-14616.html
/web/20251102135108/https://www.wnacg.com/photos-index-page-5-aid-14616.html
/web/20251102135131/https://www.wnacg.com/download-index-aid-14616.html
/web/20251102135152/https://www.wnacg.com/photos-index-page-4-aid-14616.html
/web/20251102135212/https://www.wnacg.com/photos-index-page-8-aid-14616.html
/web/20251102135212/https://www.wnacg.com/photos-index-page-18-aid-14616.html
/web/20251102135251/https://www.wnacg.com/photos-index-page-9-aid-14616.html
/web/20251102135329/https://v1.wzip.date/down/0147/2331b975b9b8c788e9e320fe45c1e3fe.zip?n=%5B%E9%BA%BB%E6%B2%B9%E9%9B%9E%E6%8E%83%E5%9C%96%5D%5B%E3%81%97%E3%82%87%E3%82%80%5D%20%E8%A2%AB%E8%99%90%E3%83%88%E6%8B%98%E6%9D%9F
/web/20251102135322/https://v1.wzip.download/down/0147/2331b975b9b8c788e9e320fe45c1e3fe.zip?n=%5B%E9%BA%BB%E6%B2%B9%E9%9B%9E%E6%8E%83%E5%9C%96%5D%5B%E3%81%97%E3%82%87%E3%82%80%5D%20%E8%A2%AB%E8%99%90%E3%83%88%E6%8B%98%E6%9D%9F
/web/20251102135319/https://www.wnacg.com/photos-index-page-6-aid-14616.html
/web/20251102135347/https://www.wnacg.com/photos-index-page-2-aid-14616.html
/web/20251102135441/https://www.wnacg.com/photos-index-page-10-aid-14616.html
/web/20251102135554/https://www.wnacg.com/photos-index-page-1-aid-14616.html
/web/20251102135548/https://www.wnacg.com/photos-index-page-3-aid-14616.html
/web/20251102135552/https://www.wnacg.com/photos-index-page-12-aid-14616.html
/web/20251102135617/https://www.wnacg.com/photos-index-page-15-aid-14616.html
/web/20251102135709/https://www.wnacg.com/photos-index-page-16-aid-14616.html
/web/20251102135728/https://www.wnacg.com/photos-index-page-14-aid-14616.html
/web/20251102135858/https://www.wnacg.com/photos-index-page-17-aid-14616.html
