/web/20251005055403/https://www.wnacg.com/photos-index-aid-284321.html
/web/20251005055420/https://www.wnacg.com/photos-view-id-23443077.html
/web/20251005055445/https://www.wnacg.com/photos-view-id-23443102.html
/web/20251005055531/https://www.wnacg.com/photos-view-id-23443099.html
/web/20251005055535/https://www.wnacg.com/photos-index-page-3-aid-284321.html
/web/20251005055530/https://www.wnacg.com/photos-slide-aid-284321.html
/web/20251005055631/https://www.wnacg.com/photos-view-id-23443083.html
/web/20251005055540/https://www.wnacg.com/photos-view-id-23443105.html
/web/20251005055610/https://www.wnacg.com/photos-view-id-23443100.html
/web/20251005055652/https://www.wnacg.com/photos-view-id-23443101.html
/web/20251005055654/https://www.wnacg.com/download-index-aid-284321.html
/web/20251005055706/https://www.wnacg.com/photos-view-id-23443103.html
/web/20251005055720/https://www.wnacg.com/photos-index-page-4-aid-284321.html
/web/20251005055742/https://www.wnacg.com/photos-view-id-23443074.html
/web/20251005055703/https://www.wnacg.com/photos-view-id-23443097.html
/web/20251005055711/https://www.wnacg.com/photos-view-id-23443071.html
/web/20251005055803/https://www.wnacg.com/photos-view-id-23443090.html
/web/20251005055804/https://www.wnacg.com/photos-index-page-2-aid-284321.html
/web/20251005055822/https://www.wnacg.com/photos-view-id-23443089.html
/web/20251005055829/https://www.wnacg.com/photos-view-id-23443081.html
/web/20251005055908/https://www.wnacg.com/photos-view-id-23443073.html
/web/20251005055913/https://www.wnacg.com/photos-view-id-23443108.html
/web/20251005055923/https://www.wnacg.com/photos-view-id-23443106.html
/web/20251005055937/https://www.wnacg.com/photos-view-id-23443085.html
/web/20251005055945/https://www.wnacg.com/photos-index-page-1-aid-284321.html
/web/20251005055916/https://www.wnacg.com/photos-view-id-23443066.html
/web/20251005060014/https://www.wnacg.com/photos-view-id-23443080.html
/web/20251005060017/https://www.wnacg.com/photos-view-id-23443072.html
/web/20251005060024/https://www.wnacg.com/photos-view-id-23443109.html
/web/20251005060032/https://www.wnacg.com/photos-view-id-23443070.html
/web/20251005060038/https://www.wnacg.com/photos-view-id-23443084.html
/web/20251005060125/https://v1.wzip.date/down/2844/3baf3468524583d3f6f8708f448f6f60.zip?n=%5B2vs%20(%E6%A4%8E%E5%90%8D%E9%AF%9B)%5D%20%E9%9A%A3%E3%81%AE%E5%B8%AD%E3%81%AE%E5%AD%90%E3%81%8C%E3%83%A1%E3%82%A4%E3%83%89%E3%82%AB%E3%83%95%E3%82%A7%E5%AC%A2%E3%81%A0%E3%81%A3%E3%81%9F%E3%81%AE%E3%81%A7H%E3%81%AA%E3%81%8A%E9%A1%98%E3%81%84%E3%81%97%E3%81%9F%E3%82%89%E5%8F%8D%E6%92%83%E3%81%95%E3%82%8C%E3%81%A6%E5%B0%84%E7%B2%BE%E7%AE%A1%E7%90%86%E3%81%95%E3%82%8C%E3%81%9F%E8%A9%B1%20%5B%E4%B8%AD%E5%9B%BD%E7%BF%BB%E8%A8%B3%5D
/web/20251005060115/https://www.wnacg.com/photos-view-id-23443076.html
/web/20251005060130/https://v1.wzip.download/down/2844/3baf3468524583d3f6f8708f448f6f60.zip?n=%5B2vs%20(%E6%A4%8E%E5%90%8D%E9%AF%9B)%5D%20%E9%9A%A3%E3%81%AE%E5%B8%AD%E3%81%AE%E5%AD%90%E3%81%8C%E3%83%A1%E3%82%A4%E3%83%89%E3%82%AB%E3%83%95%E3%82%A7%E5%AC%A2%E3%81%A0%E3%81%A3%E3%81%9F%E3%81%AE%E3%81%A7H%E3%81%AA%E3%81%8A%E9%A1%98%E3%81%84%E3%81%97%E3%81%9F%E3%82%89%E5%8F%8D%E6%92%83%E3%81%95%E3%82%8C%E3%81%A6%E5%B0%84%E7%B2%BE%E7%AE%A1%E7%90%86%E3%81%95%E3%82%8C%E3%81%9F%E8%A9%B1%20%5B%E4%B8%AD%E5%9B%BD%E7%BF%BB%E8%A8%B3%5D
/web/20251005060126/https://www.wnacg.com/photos-view-id-23443086.html
/web/20251005060139/https://www.wnacg.com/photos-view-id-23443088.html
/web/20251005060234/https://www.wnacg.com/photos-view-id-23443094.html
/web/20251005060235/https://www.wnacg.com/photos-view-id-23443098.html
/web/20251005060243/https://www.wnacg.com/photos-view-id-23443092.html
/web/20251005060306/https://www.wnacg.com/photos-view-id-23443082.html
/web/20251005060339/https://www.wnacg.com/photos-view-id-23443087.html
/web/20251005060252/https://www.wnacg.com/photos-view-id-23443091.html
/web/20251005060329/https://www.wnacg.com/photos-view-id-23443096.html
/web/20251005060353/https://www.wnacg.com/photos-view-id-23443078.html
/web/20251005060346/https://www.wnacg.com/photos-view-id-23443068.html
/web/20251005060349/https://www.wnacg.com/photos-view-id-23443079.html
/web/20251005060445/https://www.wnacg.com/photos-view-id-23443067.html
/web/20251005060454/https://www.wnacg.com/photos-view-id-23443075.html
/web/20251005060447/https://www.wnacg.com/photos-view-id-23443069.html
/web/20251005060502/https://www.wnacg.com/photos-view-id-23443107.html
/web/20251005060542/https://www.wnacg.com/photos-view-id-23443104.html
/web/20251005060557/https://www.wnacg.com/photos-view-id-23443095.html
/web/20251005060639/https://www.wnacg.com/photos-view-id-23443093.html
