https://www.wnacg.com/photos-index-aid-284321.html
https://www.wnacg.com/photos-view-id-23443077.html
https://www.wnacg.com/photos-view-id-23443102.html
https://www.wnacg.com/photos-view-id-23443099.html
https://www.wnacg.com/photos-index-page-3-aid-284321.html
https://www.wnacg.com/photos-slide-aid-284321.html
https://www.wnacg.com/photos-view-id-23443083.html
https://www.wnacg.com/photos-view-id-23443105.html
https://www.wnacg.com/photos-view-id-23443100.html
https://www.wnacg.com/photos-view-id-23443101.html
https://www.wnacg.com/download-index-aid-284321.html
https://www.wnacg.com/photos-view-id-23443103.html
https://www.wnacg.com/photos-index-page-4-aid-284321.html
https://www.wnacg.com/photos-view-id-23443074.html
https://www.wnacg.com/photos-view-id-23443097.html
https://www.wnacg.com/photos-view-id-23443071.html
https://www.wnacg.com/photos-view-id-23443090.html
https://www.wnacg.com/photos-index-page-2-aid-284321.html
https://www.wnacg.com/photos-view-id-23443089.html
https://www.wnacg.com/photos-view-id-23443081.html
https://www.wnacg.com/photos-view-id-23443073.html
https://www.wnacg.com/photos-view-id-23443108.html
https://www.wnacg.com/photos-view-id-23443106.html
https://www.wnacg.com/photos-view-id-23443085.html
https://www.wnacg.com/photos-index-page-1-aid-284321.html
https://www.wnacg.com/photos-view-id-23443066.html
https://www.wnacg.com/photos-view-id-23443080.html
https://www.wnacg.com/photos-view-id-23443072.html
https://www.wnacg.com/photos-view-id-23443109.html
https://www.wnacg.com/photos-view-id-23443070.html
https://www.wnacg.com/photos-view-id-23443084.html
https://v1.wzip.date/down/2844/3baf3468524583d3f6f8708f448f6f60.zip?n=[2vs%20(%E6%A4%8E%E5%90%8D%E9%AF%9B)]%20%E9%9A%A3%E3%81%AE%E5%B8%AD%E3%81%AE%E5%AD%90%E3%81%8C%E3%83%A1%E3%82%A4%E3%83%89%E3%82%AB%E3%83%95%E3%82%A7%E5%AC%A2%E3%81%A0%E3%81%A3%E3%81%9F%E3%81%AE%E3%81%A7H%E3%81%AA%E3%81%8A%E9%A1%98%E3%81%84%E3%81%97%E3%81%9F%E3%82%89%E5%8F%8D%E6%92%83%E3%81%95%E3%82%8C%E3%81%A6%E5%B0%84%E7%B2%BE%E7%AE%A1%E7%90%86%E3%81%95%E3%82%8C%E3%81%9F%E8%A9%B1%20[%E4%B8%AD%E5%9B%BD%E7%BF%BB%E8%A8%B3]
https://www.wnacg.com/photos-view-id-23443076.html
https://v1.wzip.download/down/2844/3baf3468524583d3f6f8708f448f6f60.zip?n=[2vs%20(%E6%A4%8E%E5%90%8D%E9%AF%9B)]%20%E9%9A%A3%E3%81%AE%E5%B8%AD%E3%81%AE%E5%AD%90%E3%81%8C%E3%83%A1%E3%82%A4%E3%83%89%E3%82%AB%E3%83%95%E3%82%A7%E5%AC%A2%E3%81%A0%E3%81%A3%E3%81%9F%E3%81%AE%E3%81%A7H%E3%81%AA%E3%81%8A%E9%A1%98%E3%81%84%E3%81%97%E3%81%9F%E3%82%89%E5%8F%8D%E6%92%83%E3%81%95%E3%82%8C%E3%81%A6%E5%B0%84%E7%B2%BE%E7%AE%A1%E7%90%86%E3%81%95%E3%82%8C%E3%81%9F%E8%A9%B1%20[%E4%B8%AD%E5%9B%BD%E7%BF%BB%E8%A8%B3]
https://www.wnacg.com/photos-view-id-23443086.html
https://www.wnacg.com/photos-view-id-23443088.html
https://www.wnacg.com/photos-view-id-23443094.html
https://www.wnacg.com/photos-view-id-23443098.html
https://www.wnacg.com/photos-view-id-23443092.html
https://www.wnacg.com/photos-view-id-23443082.html
https://www.wnacg.com/photos-view-id-23443087.html
https://www.wnacg.com/photos-view-id-23443091.html
https://www.wnacg.com/photos-view-id-23443096.html
https://www.wnacg.com/photos-view-id-23443078.html
https://www.wnacg.com/photos-view-id-23443068.html
https://www.wnacg.com/photos-view-id-23443079.html
https://www.wnacg.com/photos-view-id-23443067.html
https://www.wnacg.com/photos-view-id-23443075.html
https://www.wnacg.com/photos-view-id-23443069.html
https://www.wnacg.com/photos-view-id-23443107.html
https://www.wnacg.com/photos-view-id-23443104.html
https://www.wnacg.com/photos-view-id-23443095.html
https://www.wnacg.com/photos-view-id-23443093.html
