/web/20251111125220/https://www.wnacg.com/photos-index-aid-119950.html
/web/20251111125307/https://www.wnacg.com/photos-index-aid-118240.html
/web/20251111125202/https://www.wnacg.ru/photos-index-aid-119950.html
/web/20251111125308/https://www.wnacg.ru/photos-index-aid-106687.html
/web/20251111125334/https://www.wnacg.com/photos-index-aid-106687.html
/web/20251111125358/https://www.wnacg.ru/photos-index-aid-118240.html
/web/20251111125419/https://www.wnacg.com/photos-index-aid-81619.html
/web/20251111125441/https://www.wnacg.ru/photos-index-aid-81619.html
/web/20251111125527/https://www.wnacg.com/photos-index-aid-65677.html
/web/20251111125555/https://www.wnacg.ru/photos-index-aid-80823.html
/web/20251111125557/https://www.wnacg.com/photos-index-aid-80823.html
/web/20251111125606/https://www.wnacg.ru/photos-index-aid-65677.html
/web/20251111125623/https://www.wnacg.ru/photos-index-aid-45137.html
/web/20251111125720/https://www.wnacg.com/photos-index-aid-45137.html
/web/20251111125805/https://www.wnacg.ru/photos-index-aid-41993.html
/web/20251111125814/https://www.wnacg.com/photos-index-page-2-aid-119950.html
/web/20251111125859/https://www.wnacg.com/download-index-aid-119950.html
/web/20251111125733/https://www.wnacg.com/photos-slide-aid-119950.html
/web/20251111130018/https://www.wnacg.com/download-index-aid-118240.html
/web/20251111130020/https://www.wnacg.ru/photos-slide-aid-119950.html
/web/20251111130122/https://www.wnacg.ru/photos-index-page-3-aid-119950.html
/web/20251111130046/https://www.wnacg.com/photos-index-page-2-aid-118240.html
/web/20251111130012/https://www.wnacg.com/photos-slide-aid-118240.html
/web/20251111130206/https://www.wnacg.ru/photos-index-page-3-aid-106687.html
/web/20251111130214/https://www.wnacg.ru/download-index-aid-119950.html
/web/20251111130301/https://www.wnacg.ru/photos-slide-aid-106687.html
/web/20251111130327/https://www.wnacg.ru/photos-index-page-2-aid-119950.html
/web/20251111130317/https://www.wnacg.ru/photos-index-page-2-aid-106687.html
/web/20251111130427/https://www.wnacg.com/photos-index-page-3-aid-106687.html
/web/20251111130501/https://www.wnacg.ru/download-index-aid-106687.html
/web/20251111130556/https://www.wnacg.com/photos-slide-aid-106687.html
/web/20251111130533/https://www.wnacg.ru/photos-slide-aid-118240.html
/web/20251111130705/https://www.wnacg.com/download-index-aid-106687.html
/web/20251111130716/https://www.wnacg.ru/download-index-aid-118240.html
/web/20251111130704/https://www.wnacg.ru/photos-index-page-2-aid-118240.html
/web/20251111130927/https://www.wnacg.com/photos-index-page-4-aid-81619.html
/web/20251111130820/https://www.wnacg.ru/photos-index-page-3-aid-118240.html
/web/20251111130920/https://www.wnacg.com/photos-index-page-3-aid-81619.html
/web/20251111131024/https://www.wnacg.com/download-index-aid-81619.html
/web/20251111131013/https://www.wnacg.com/photos-slide-aid-81619.html
/web/20251111131132/https://www.wnacg.com/photos-index-page-2-aid-81619.html
/web/20251111131306/https://www.wnacg.ru/download-index-aid-81619.html
/web/20251111131209/https://www.wnacg.ru/photos-slide-aid-81619.html
/web/20251111131308/https://www.wnacg.ru/photos-index-page-3-aid-81619.html
/web/20251111131411/https://www.wnacg.ru/photos-index-page-4-aid-81619.html
/web/20251111131406/https://www.wnacg.com/photos-slide-aid-65677.html
/web/20251111131525/https://www.wnacg.ru/photos-index-page-2-aid-81619.html
/web/20251111131626/https://www.wnacg.com/photos-index-page-2-aid-65677.html
/web/20251111131636/https://www.wnacg.ru/photos-index-page-2-aid-80823.html
/web/20251111131622/https://www.wnacg.com/download-index-aid-65677.html
/web/20251111131709/https://www.wnacg.ru/download-index-aid-80823.html
/web/20251111131800/https://www.wnacg.ru/photos-slide-aid-80823.html
/web/20251111131846/https://www.wnacg.com/photos-index-page-3-aid-80823.html
/web/20251111131857/https://www.wnacg.com/download-index-aid-80823.html
/web/20251111131844/https://www.wnacg.ru/photos-index-page-3-aid-80823.html
/web/20251111131921/https://www.wnacg.com/photos-index-page-2-aid-80823.html
/web/20251111131923/https://www.wnacg.com/photos-slide-aid-80823.html
/web/20251111132050/https://www.wnacg.ru/photos-index-page-2-aid-65677.html
/web/20251111132122/https://www.wnacg.ru/download-index-aid-65677.html
/web/20251111132108/https://www.wnacg.ru/photos-slide-aid-65677.html
/web/20251111132145/https://www.wnacg.com/photos-index-aid-41993.html
/web/20251111132154/https://www.wnacg.ru/photos-index-page-2-aid-45137.html
/web/20251111132243/https://www.wnacg.ru/download-index-aid-45137.html
/web/20251111132252/https://www.wnacg.com/download-index-aid-45137.html
/web/20251111132427/https://www.wnacg.ru/photos-index-page-4-aid-41993.html
/web/20251111132420/https://www.wnacg.com/photos-slide-aid-45137.html
/web/20251111132446/https://www.wnacg.ru/download-index-aid-41993.html
/web/20251111132458/https://www.wnacg.ru/photos-index-page-3-aid-41993.html
/web/20251111132448/https://www.wnacg.ru/photos-index-page-2-aid-41993.html
/web/20251111132516/https://www.wnacg.com/photos-index-page-3-aid-119950.html
/web/20251111132600/https://v1.wzip.date/down/1200/66c744608faf03859f7a3d07eee1e335.zip?n=%5BKokodone%E4%B8%AA%E4%BA%BA%E6%B1%89%E5%8C%96%5D%20%5B%E3%83%86%E3%83%B3%E3%83%91%E3%82%8A%E3%82%93%E3%81%90%20(%E3%83%88%E3%82%AD%E3%83%9E%E3%83%81%E2%98%86%E3%82%A8%E3%82%A4%E3%82%BB%E3%82%A4)%5D%20%E3%81%B5%E3%81%9F%E3%81%AA%E3%82%8A%E9%AD%94%E6%B3%95%E5%B0%91%E5%A5%B3%E5%BC%B7%E5%8C%96%E8%A8%93%E7%B7%B4%20(%E9%AD%94%E6%B3%95%E5%B0%91%E5%A5%B3%E3%81%BE%E3%81%A9%E3%81%8B%E2%98%86%E3%83%9E%E3%82%AE%E3%82%AB)%20%5BDL%E7%89%88%5D
/web/20251111132614/https://v1.wzip.download/down/1183/373dbaae179123ed693dec6980e7ef24.zip?n=%5B%E4%B8%8D%E5%92%95%E9%B8%9F%E6%B1%89%E5%8C%96%E7%BB%84%5D%20(%E3%81%B5%E3%81%9F%E3%81%91%E3%81%A3%E3%81%A812.5)%20%5B%E3%83%86%E3%83%B3%E3%83%91%E3%82%8A%E3%82%93%E3%81%90%20(%E3%83%88%E3%82%AD%E3%83%9E%E3%83%81%E2%98%86%E3%82%A8%E3%82%A4%E3%82%BB%E3%82%A4)%5D%20%E5%80%92%E9%8C%AF%E3%81%A8%E5%BF%AB%E6%84%9F%E3%81%AE%E3%82%AB%E3%83%AA%E7%A9%B4%E2%99%82%20(Dance%20with%20Devils)
/web/20251111132552/https://v1.wzip.download/down/1200/66c744608faf03859f7a3d07eee1e335.zip?n=%5BKokodone%E4%B8%AA%E4%BA%BA%E6%B1%89%E5%8C%96%5D%20%5B%E3%83%86%E3%83%B3%E3%83%91%E3%82%8A%E3%82%93%E3%81%90%20(%E3%83%88%E3%82%AD%E3%83%9E%E3%83%81%E2%98%86%E3%82%A8%E3%82%A4%E3%82%BB%E3%82%A4)%5D%20%E3%81%B5%E3%81%9F%E3%81%AA%E3%82%8A%E9%AD%94%E6%B3%95%E5%B0%91%E5%A5%B3%E5%BC%B7%E5%8C%96%E8%A8%93%E7%B7%B4%20(%E9%AD%94%E6%B3%95%E5%B0%91%E5%A5%B3%E3%81%BE%E3%81%A9%E3%81%8B%E2%98%86%E3%83%9E%E3%82%AE%E3%82%AB)%20%5BDL%E7%89%88%5D
/web/20251111132702/https://www.wnacg.com/photos-index-page-1-aid-118240.html
/web/20251111132737/https://www.wnacg.com/photos-index-page-1-aid-106687.html
/web/20251111132622/https://v1.wzip.date/down/1183/373dbaae179123ed693dec6980e7ef24.zip?n=%5B%E4%B8%8D%E5%92%95%E9%B8%9F%E6%B1%89%E5%8C%96%E7%BB%84%5D%20(%E3%81%B5%E3%81%9F%E3%81%91%E3%81%A3%E3%81%A812.5)%20%5B%E3%83%86%E3%83%B3%E3%83%91%E3%82%8A%E3%82%93%E3%81%90%20(%E3%83%88%E3%82%AD%E3%83%9E%E3%83%81%E2%98%86%E3%82%A8%E3%82%A4%E3%82%BB%E3%82%A4)%5D%20%E5%80%92%E9%8C%AF%E3%81%A8%E5%BF%AB%E6%84%9F%E3%81%AE%E3%82%AB%E3%83%AA%E7%A9%B4%E2%99%82%20(Dance%20with%20Devils)
/web/20251111132838/https://www.wnacg.ru/photos-index-page-1-aid-106687.html
/web/20251111132819/https://www.wnacg.ru/photos-index-page-1-aid-119950.html
/web/20251111132859/https://v1.wzip.download/down/1067/960a452d96eef0825ea8035b4d512ad0.zip?n=%5B%E4%B8%8D%E5%92%95%E9%B8%9F%E6%B1%89%E5%8C%96%E7%BB%84%5D%20(%E7%A7%8B%E8%91%89%E5%8E%9F%E8%B6%85%E5%90%8C%E4%BA%BA%E7%A5%AD)%20%5B%E3%83%86%E3%83%B3%E3%83%91%E3%82%8A%E3%82%93%E3%81%90%20(%E3%83%88%E3%82%AD%E3%83%9E%E3%83%81%E2%98%86%E3%82%A8%E3%82%A4%E3%82%BB%E3%82%A4)%5D%20%E3%81%B5%E3%81%9F%E3%81%AA%E3%82%8A%E5%82%BE%E5%9B%BD%E3%83%90%E3%83%96%E3%81%A1%E3%82%93%E3%81%BD%E2%99%A5%20(Fate%E2%95%B1Grand%20Order)
/web/20251111132932/https://www.wnacg.com/photos-index-page-2-aid-106687.html
/web/20251111132937/https://v1.wzip.date/down/1067/960a452d96eef0825ea8035b4d512ad0.zip?n=%5B%E4%B8%8D%E5%92%95%E9%B8%9F%E6%B1%89%E5%8C%96%E7%BB%84%5D%20(%E7%A7%8B%E8%91%89%E5%8E%9F%E8%B6%85%E5%90%8C%E4%BA%BA%E7%A5%AD)%20%5B%E3%83%86%E3%83%B3%E3%83%91%E3%82%8A%E3%82%93%E3%81%90%20(%E3%83%88%E3%82%AD%E3%83%9E%E3%83%81%E2%98%86%E3%82%A8%E3%82%A4%E3%82%BB%E3%82%A4)%5D%20%E3%81%B5%E3%81%9F%E3%81%AA%E3%82%8A%E5%82%BE%E5%9B%BD%E3%83%90%E3%83%96%E3%81%A1%E3%82%93%E3%81%BD%E2%99%A5%20(Fate%E2%95%B1Grand%20Order)
/web/20251111133027/https://v1.wzip.date/down/0817/9748ef68556614bc96dae46d09516f77.zip?n=%5B%E4%B8%80%E5%80%8B%E4%BA%BA%E4%B9%9F%E5%BE%88%E5%BF%AB%E6%A8%82%E5%80%8B%E4%BA%BA%E6%BC%A2%E5%8C%96%5D%20%5B%E3%83%86%E3%83%B3%E3%83%91%E3%82%8A%E3%82%93%E3%81%90%20(%E3%83%88%E3%82%AD%E3%83%9E%E3%83%81%E2%98%86%E3%82%A8%E3%82%A4%E3%82%BB%E3%82%A4)%5D%20%E3%81%B5%E3%81%9F%E3%81%AA%E3%82%8A%E3%83%A9%E3%83%AB%E3%81%A8%E5%AD%90%E4%BD%9C%E3%82%8A%E3%82%BB%E3%83%83%E3%82%AF%E3%82%B9%20(%E3%83%86%E3%82%A4%E3%83%AB%E3%82%BA%E3%82%AA%E3%83%96%E3%82%A8%E3%82%AF%E3%82%B7%E3%83%AA%E3%82%A22)
/web/20251111133137/https://www.wnacg.ru/photos-index-page-1-aid-118240.html
/web/20251111133240/https://www.wnacg.ru/photos-index-page-1-aid-81619.html
/web/20251111133248/https://www.wnacg.com/photos-index-page-1-aid-65677.html
/web/20251111133328/https://www.wnacg.ru/photos-index-page-1-aid-80823.html
/web/20251111133335/https://v1.wzip.download/down/0657/a5b05a0fdea1a88f4a7ed5d6db11c24a.zip?n=(C90)%20%5B%E3%83%86%E3%83%B3%E3%83%91%E3%82%8A%E3%82%93%E3%81%90%20(%E3%83%88%E3%82%AD%E3%83%9E%E3%83%81%E2%98%85%E3%82%A8%E3%82%A4%E3%82%BB%E3%82%A4)%5D%20%E3%81%B5%E3%81%9F%E3%81%AA%E3%82%8A%E5%BD%BC%E5%A5%B3%E3%82%92%E5%AF%9D%E5%8F%96%E3%81%A3%E3%81%9F%E3%83%A4%E3%83%AA%E3%83%81%E3%83%B3%E7%94%B7%E3%82%92%E9%9B%8C%E5%A0%95%E3%81%A1%E3%81%95%E3%82%8C%E3%82%8B%5B%E9%AC%BC%E8%BF%B7%E6%97%A5%E7%9C%BC%E7%9A%84%E8%8E%B1%E7%A7%91%E5%B0%91%E6%A0%A1%E4%B8%AA%E4%BA%BA%E6%B1%89%E5%8C%96%5D
/web/20251111133403/https://v1.wzip.date/down/0657/a5b05a0fdea1a88f4a7ed5d6db11c24a.zip?n=(C90)%20%5B%E3%83%86%E3%83%B3%E3%83%91%E3%82%8A%E3%82%93%E3%81%90%20(%E3%83%88%E3%82%AD%E3%83%9E%E3%83%81%E2%98%85%E3%82%A8%E3%82%A4%E3%82%BB%E3%82%A4)%5D%20%E3%81%B5%E3%81%9F%E3%81%AA%E3%82%8A%E5%BD%BC%E5%A5%B3%E3%82%92%E5%AF%9D%E5%8F%96%E3%81%A3%E3%81%9F%E3%83%A4%E3%83%AA%E3%83%81%E3%83%B3%E7%94%B7%E3%82%92%E9%9B%8C%E5%A0%95%E3%81%A1%E3%81%95%E3%82%8C%E3%82%8B%5B%E9%AC%BC%E8%BF%B7%E6%97%A5%E7%9C%BC%E7%9A%84%E8%8E%B1%E7%A7%91%E5%B0%91%E6%A0%A1%E4%B8%AA%E4%BA%BA%E6%B1%89%E5%8C%96%5D
/web/20251111133418/https://v1.wzip.download/down/0809/47af3a56db80105ce0db7a6cec6c8839.zip?n=%5B%E4%B8%80%E5%80%8B%E4%BA%BA%E4%B9%9F%E5%BE%88%E5%BF%AB%E6%A8%82%E5%80%8B%E4%BA%BA%E6%BC%A2%E5%8C%96%5D%20(COMIC1%E2%98%8610)%20%5B%E3%83%86%E3%83%B3%E3%83%91%E3%82%8A%E3%82%93%E3%81%90%20(%E3%83%88%E3%82%AD%E3%83%9E%E3%83%81%E2%98%86%E3%82%A8%E3%82%A4%E3%82%BB%E3%82%A4)%5D%20%E3%83%91%E3%83%91%E3%81%AB%E3%81%82%E3%81%BE%E3%82%A8%E3%83%AB%E3%81%B5%E3%81%9F%E3%81%AA%E3%82%8A%E6%84%9B%E5%A8%98%E3%80%82%20(%E3%83%86%E3%82%A4%E3%83%AB%E3%82%BA%20%E3%82%AA%E3%83%96%20%E3%82%A8%E3%82%AF%E3%82%B7%E3%83%AA%E3%82%A22)
/web/20251111133441/https://v1.wzip.date/down/0809/47af3a56db80105ce0db7a6cec6c8839.zip?n=%5B%E4%B8%80%E5%80%8B%E4%BA%BA%E4%B9%9F%E5%BE%88%E5%BF%AB%E6%A8%82%E5%80%8B%E4%BA%BA%E6%BC%A2%E5%8C%96%5D%20(COMIC1%E2%98%8610)%20%5B%E3%83%86%E3%83%B3%E3%83%91%E3%82%8A%E3%82%93%E3%81%90%20(%E3%83%88%E3%82%AD%E3%83%9E%E3%83%81%E2%98%86%E3%82%A8%E3%82%A4%E3%82%BB%E3%82%A4)%5D%20%E3%83%91%E3%83%91%E3%81%AB%E3%81%82%E3%81%BE%E3%82%A8%E3%83%AB%E3%81%B5%E3%81%9F%E3%81%AA%E3%82%8A%E6%84%9B%E5%A8%98%E3%80%82%20(%E3%83%86%E3%82%A4%E3%83%AB%E3%82%BA%20%E3%82%AA%E3%83%96%20%E3%82%A8%E3%82%AF%E3%82%B7%E3%83%AA%E3%82%A22)
/web/20251111133444/https://www.wnacg.com/photos-index-page-1-aid-80823.html
/web/20251111132337/https://www.wnacg.com/photos-index-page-3-aid-118240.html
/web/20251111133654/https://www.wnacg.ru/photos-index-page-1-aid-65677.html
/web/20251111133657/https://www.wnacg.ru/photos-index-aid-8753.html
/web/20251111133749/https://www.wnacg.com/photos-index-page-3-aid-41993.html
/web/20251111133916/https://www.wnacg.com/photos-index-page-4-aid-41993.html
/web/20251111134019/https://www.wnacg.com/download-index-aid-41993.html
/web/20251111133955/https://www.wnacg.com/photos-index-page-2-aid-41993.html
/web/20251111134010/https://www.wnacg.com/photos-index-page-1-aid-81619.html
/web/20251111134038/https://www.wnacg.ru/photos-index-page-1-aid-45137.html
/web/20251111134139/https://v1.wzip.date/down/0452/6702a6112081b9d42740859582965e40.zip?n=%5B%E6%B1%89%E5%8C%96%5D%20(COMIC1%E2%98%869)%20%5B%E3%83%86%E3%83%B3%E3%83%91%E3%82%8A%E3%82%93%E3%81%90%20(%E3%83%88%E3%82%AD%E3%83%9E%E3%83%81%E2%98%85%E3%82%A8%E3%82%A4%E3%82%BB%E3%82%A4)%5D%20%E3%83%95%E3%82%BF%E3%83%8A%E3%83%AA%E3%83%9E%E3%82%B9%E3%82%BF%E3%83%BC%E3%82%AA%E3%83%8A%E3%83%9B%E3%83%BC%E3%83%ABP%20(%E3%82%A2%E3%82%A4%E3%83%89%E3%83%AB%E3%83%9E%E3%82%B9%E3%82%BF%E3%83%BC%20%E3%82%B7%E3%83%B3%E3%83%87%E3%83%AC%E3%83%A9%E3%82%AC%E3%83%BC%E3%83%AB%E3%82%BA)
/web/20251111134155/https://www.wnacg.ru/photos-slide-aid-45137.html
/web/20251111134125/https://v1.wzip.download/down/0452/6702a6112081b9d42740859582965e40.zip?n=%5B%E6%B1%89%E5%8C%96%5D%20(COMIC1%E2%98%869)%20%5B%E3%83%86%E3%83%B3%E3%83%91%E3%82%8A%E3%82%93%E3%81%90%20(%E3%83%88%E3%82%AD%E3%83%9E%E3%83%81%E2%98%85%E3%82%A8%E3%82%A4%E3%82%BB%E3%82%A4)%5D%20%E3%83%95%E3%82%BF%E3%83%8A%E3%83%AA%E3%83%9E%E3%82%B9%E3%82%BF%E3%83%BC%E3%82%AA%E3%83%8A%E3%83%9B%E3%83%BC%E3%83%ABP%20(%E3%82%A2%E3%82%A4%E3%83%89%E3%83%AB%E3%83%9E%E3%82%B9%E3%82%BF%E3%83%BC%20%E3%82%B7%E3%83%B3%E3%83%87%E3%83%AC%E3%83%A9%E3%82%AC%E3%83%BC%E3%83%AB%E3%82%BA)
/web/20251111134300/https://v1.wzip.date/down/0420/35dfc0aee04e2d69f1b8a5339922831d.zip?n=%5B%E7%AE%A1%E5%B0%91%E5%A5%B3%E6%B1%89%E5%8C%96%5D(C88)%5B%E3%83%86%E3%83%B3%E3%83%91%E3%82%8A%E3%82%93%E3%81%90(%E3%83%88%E3%82%AD%E3%83%9E%E3%83%81%E2%98%85%E3%82%A8%E3%82%A4%E3%82%BB%E3%82%A4)%5D%E3%81%B5%E3%81%9F%E3%81%AA%E3%82%8A%E3%82%86%E3%81%BF%E3%81%93%E5%85%88%E7%94%9F%E3%81%A8%E5%AD%90%E6%8C%81%E3%81%A1%E3%81%AB%E3%81%AA%E3%81%A3%E3%81%9F%E4%BF%BA(%E8%85%90%E7%95%8C%E3%81%AB%E7%9C%A0%E3%82%8B%E7%8E%8B%E5%A5%B3%E3%81%AE%E3%82%A2%E3%83%90%E3%83%89%E3%83%BC%E3%83%B3)
/web/20251111134247/https://www.wnacg.ru/photos-slide-aid-41993.html
/web/20251111134331/https://www.wnacg.ru/photos-index-page-1-aid-41993.html
/web/20251111133733/https://v1.wzip.download/down/0817/9748ef68556614bc96dae46d09516f77.zip?n=%5B%E4%B8%80%E5%80%8B%E4%BA%BA%E4%B9%9F%E5%BE%88%E5%BF%AB%E6%A8%82%E5%80%8B%E4%BA%BA%E6%BC%A2%E5%8C%96%5D%20%5B%E3%83%86%E3%83%B3%E3%83%91%E3%82%8A%E3%82%93%E3%81%90%20(%E3%83%88%E3%82%AD%E3%83%9E%E3%83%81%E2%98%86%E3%82%A8%E3%82%A4%E3%82%BB%E3%82%A4)%5D%20%E3%81%B5%E3%81%9F%E3%81%AA%E3%82%8A%E3%83%A9%E3%83%AB%E3%81%A8%E5%AD%90%E4%BD%9C%E3%82%8A%E3%82%BB%E3%83%83%E3%82%AF%E3%82%B9%20(%E3%83%86%E3%82%A4%E3%83%AB%E3%82%BA%E3%82%AA%E3%83%96%E3%82%A8%E3%82%AF%E3%82%B7%E3%83%AA%E3%82%A22)
/web/20251111134448/https://www.wnacg.com/photos-index-page-1-aid-119950.html
/web/20251111134524/https://www.wnacg.com/photos-index-aid-8753.html
/web/20251111134541/https://www.wnacg.ru/photos-index-page-2-aid-8753.html
/web/20251111134542/https://www.wnacg.ru/photos-index-page-3-aid-8753.html
/web/20251111134625/https://www.wnacg.ru/download-index-aid-8753.html
/web/20251111134716/https://www.wnacg.com/photos-index-page-1-aid-41993.html
/web/20251111134736/https://www.wnacg.com/photos-slide-aid-41993.html
/web/20251111134736/https://www.wnacg.ru/photos-slide-aid-8753.html
/web/20251111134502/https://v1.wzip.download/down/0420/35dfc0aee04e2d69f1b8a5339922831d.zip?n=%5B%E7%AE%A1%E5%B0%91%E5%A5%B3%E6%B1%89%E5%8C%96%5D(C88)%5B%E3%83%86%E3%83%B3%E3%83%91%E3%82%8A%E3%82%93%E3%81%90(%E3%83%88%E3%82%AD%E3%83%9E%E3%83%81%E2%98%85%E3%82%A8%E3%82%A4%E3%82%BB%E3%82%A4)%5D%E3%81%B5%E3%81%9F%E3%81%AA%E3%82%8A%E3%82%86%E3%81%BF%E3%81%93%E5%85%88%E7%94%9F%E3%81%A8%E5%AD%90%E6%8C%81%E3%81%A1%E3%81%AB%E3%81%AA%E3%81%A3%E3%81%9F%E4%BF%BA(%E8%85%90%E7%95%8C%E3%81%AB%E7%9C%A0%E3%82%8B%E7%8E%8B%E5%A5%B3%E3%81%AE%E3%82%A2%E3%83%90%E3%83%89%E3%83%BC%E3%83%B3)
/web/20251111134839/https://www.wnacg.com/photos-index-page-3-aid-8753.html
/web/20251111135008/https://www.wnacg.com/download-index-aid-8753.html
/web/20251111135020/https://www.wnacg.com/photos-index-page-2-aid-8753.html
/web/20251111135050/https://v1.wzip.date/down/0088/420954b6fda6f58aeb5031d83a4be412.zip?n=%E3%80%90CE%E5%AE%B6%E6%97%8F%E7%A4%BE%E3%80%91(C85)%20%5B%E3%83%86%E3%83%B3%E3%83%91%E3%82%8A%E3%82%93%E3%81%90%20(%E3%83%88%E3%82%AD%E3%83%9E%E3%83%81%E2%98%86%E3%82%A8%E3%82%A4%E3%82%BB%E3%82%A4)%5D%20%E3%81%8E%E3%82%83%E3%81%8F%E3%81%97%E3%82%85%E3%81%86!%20%E3%81%8A%E3%81%A8%E3%81%93%E3%81%AE%E3%83%9E%E3%83%AD%E3%83%B3%20(%E3%82%B9%E3%83%BC%E3%83%91%E3%83%BC%E3%83%80%E3%83%B3%E3%82%AC%E3%83%B3%E3%83%AD%E3%83%B3%E3%83%912)
/web/20251111135112/https://v1.wzip.download/down/0088/420954b6fda6f58aeb5031d83a4be412.zip?n=%E3%80%90CE%E5%AE%B6%E6%97%8F%E7%A4%BE%E3%80%91(C85)%20%5B%E3%83%86%E3%83%B3%E3%83%91%E3%82%8A%E3%82%93%E3%81%90%20(%E3%83%88%E3%82%AD%E3%83%9E%E3%83%81%E2%98%86%E3%82%A8%E3%82%A4%E3%82%BB%E3%82%A4)%5D%20%E3%81%8E%E3%82%83%E3%81%8F%E3%81%97%E3%82%85%E3%81%86!%20%E3%81%8A%E3%81%A8%E3%81%93%E3%81%AE%E3%83%9E%E3%83%AD%E3%83%B3%20(%E3%82%B9%E3%83%BC%E3%83%91%E3%83%BC%E3%83%80%E3%83%B3%E3%82%AC%E3%83%B3%E3%83%AD%E3%83%B3%E3%83%912)
/web/20251111135044/https://www.wnacg.com/photos-slide-aid-8753.html
/web/20251111135058/https://www.wnacg.ru/photos-index-page-1-aid-8753.html
/web/20251111135233/https://www.wnacg.com/photos-index-page-1-aid-8753.html
