/web/20251006111427/https://wnacg.com/photos-index-aid-269438.html
/web/20251006111453/https://wnacg.com/photos-view-id-22142934.html
/web/20251006111503/https://wnacg.com/photos-view-id-22142927.html
/web/20251006111512/https://wnacg.com/photos-view-id-22142933.html
/web/20251006111523/https://wnacg.com/photos-view-id-22142929.html
/web/20251006111533/https://wnacg.com/photos-view-id-22142928.html
/web/20251006111603/https://wnacg.com/photos-view-id-22142926.html
/web/20251006111615/https://wnacg.com/photos-index-page-3-aid-269438.html
/web/20251006111635/https://wnacg.com/photos-view-id-22142936.html
/web/20251006111631/https://wnacg.com/photos-view-id-22142937.html
/web/20251006111704/https://wnacg.com/photos-view-id-22142932.html
/web/20251006111631/https://wnacg.com/photos-index-page-2-aid-269438.html
/web/20251006111717/https://wnacg.com/photos-view-id-22142930.html
/web/20251006111707/https://wnacg.com/photos-view-id-22142931.html
/web/20251006111727/https://wnacg.com/photos-slide-aid-269438.html
/web/20251006111938/https://wnacg.com/photos-view-id-22142935.html
/web/20251006111947/https://wnacg.com/photos-view-id-22142961.html
/web/20251006111957/https://wnacg.com/download-index-aid-269438.html
/web/20251006112017/https://wnacg.com/photos-view-id-22142954.html
/web/20251006112007/https://wnacg.com/photos-view-id-22142953.html
/web/20251006112027/https://wnacg.com/photos-view-id-22142960.html
/web/20251006112047/https://wnacg.com/photos-index-page-1-aid-269438.html
/web/20251006112037/https://wnacg.com/photos-view-id-22142959.html
/web/20251006112142/https://wnacg.com/photos-view-id-22142957.html
/web/20251006112135/https://wnacg.com/photos-view-id-22142958.html
/web/20251006112134/https://wnacg.com/photos-view-id-22142955.html
/web/20251006112214/https://wnacg.com/photos-view-id-22142938.html
/web/20251006112212/https://wnacg.com/photos-view-id-22142951.html
/web/20251006112244/https://wnacg.com/photos-view-id-22142943.html
/web/20251006112255/https://wnacg.com/photos-view-id-22142941.html
/web/20251006112132/https://wnacg.com/photos-view-id-22142950.html
/web/20251006112246/https://wnacg.com/photos-view-id-22142948.html
/web/20251006112338/https://wnacg.com/photos-view-id-22142939.html
/web/20251006112328/https://wnacg.com/photos-view-id-22142949.html
/web/20251006112348/https://wnacg.com/photos-view-id-22142945.html
/web/20251006112325/https://wnacg.com/photos-view-id-22142940.html
/web/20251006112408/https://wnacg.com/photos-view-id-22142946.html
/web/20251006112417/https://wnacg.com/photos-view-id-22142947.html
/web/20251006112450/https://v1.wzip.download/down/2695/a23af6fc688a0d3dd9ee49f7ef195993.zip?n=%5BNOSEBLEED%20(%E5%AE%AE%E5%85%83%E4%B8%80%E4%BD%90)%5D%20%E9%BB%92%E3%82%AE%E3%83%A3%E3%83%AB%E3%83%A1%E3%82%A4%E3%83%89%E6%B7%AB%E9%AD%94%E3%80%81%E3%81%94%E3%81%97%E3%82%85%E3%82%92%E5%96%B0%E3%81%86%E3%80%823%EF%BD%9C%E9%BB%91%E8%82%89%E8%BE%A3%E5%A6%B9%E5%A5%B3%E5%83%95%E6%B7%AB%E9%AD%94%E3%80%81%20%E6%8A%8A%E4%B8%BB%E4%BA%BA%E5%A4%A7%E5%8F%A3%E5%90%83%E6%8E%89%E3%80%823%20%5B%E4%B8%AD%E6%96%87%5D%20%5B%E6%9F%9A%E9%A6%99%E8%BE%B2%E6%A5%AD%5D
/web/20251006112436/https://v1.wzip.date/down/2695/a23af6fc688a0d3dd9ee49f7ef195993.zip?n=%5BNOSEBLEED%20(%E5%AE%AE%E5%85%83%E4%B8%80%E4%BD%90)%5D%20%E9%BB%92%E3%82%AE%E3%83%A3%E3%83%AB%E3%83%A1%E3%82%A4%E3%83%89%E6%B7%AB%E9%AD%94%E3%80%81%E3%81%94%E3%81%97%E3%82%85%E3%82%92%E5%96%B0%E3%81%86%E3%80%823%EF%BD%9C%E9%BB%91%E8%82%89%E8%BE%A3%E5%A6%B9%E5%A5%B3%E5%83%95%E6%B7%AB%E9%AD%94%E3%80%81%20%E6%8A%8A%E4%B8%BB%E4%BA%BA%E5%A4%A7%E5%8F%A3%E5%90%83%E6%8E%89%E3%80%823%20%5B%E4%B8%AD%E6%96%87%5D%20%5B%E6%9F%9A%E9%A6%99%E8%BE%B2%E6%A5%AD%5D
/web/20251006112456/https://wnacg.com/photos-view-id-22142952.html
/web/20251006112526/https://wnacg.com/photos-view-id-22142956.html
/web/20251006112528/https://wnacg.com/photos-view-id-22142942.html
/web/20251006112538/https://wnacg.com/photos-view-id-22142944.html
