https://wnacg.com/photos-index-aid-269438.html
https://wnacg.com/photos-view-id-22142934.html
https://wnacg.com/photos-view-id-22142927.html
https://wnacg.com/photos-view-id-22142933.html
https://wnacg.com/photos-view-id-22142929.html
https://wnacg.com/photos-view-id-22142928.html
https://wnacg.com/photos-view-id-22142926.html
https://wnacg.com/photos-index-page-3-aid-269438.html
https://wnacg.com/photos-view-id-22142936.html
https://wnacg.com/photos-view-id-22142937.html
https://wnacg.com/photos-view-id-22142932.html
https://wnacg.com/photos-index-page-2-aid-269438.html
https://wnacg.com/photos-view-id-22142930.html
https://wnacg.com/photos-view-id-22142931.html
https://wnacg.com/photos-slide-aid-269438.html
https://wnacg.com/photos-view-id-22142935.html
https://wnacg.com/photos-view-id-22142961.html
https://wnacg.com/download-index-aid-269438.html
https://wnacg.com/photos-view-id-22142954.html
https://wnacg.com/photos-view-id-22142953.html
https://wnacg.com/photos-view-id-22142960.html
https://wnacg.com/photos-index-page-1-aid-269438.html
https://wnacg.com/photos-view-id-22142959.html
https://wnacg.com/photos-view-id-22142957.html
https://wnacg.com/photos-view-id-22142958.html
https://wnacg.com/photos-view-id-22142955.html
https://wnacg.com/photos-view-id-22142938.html
https://wnacg.com/photos-view-id-22142951.html
https://wnacg.com/photos-view-id-22142943.html
https://wnacg.com/photos-view-id-22142941.html
https://wnacg.com/photos-view-id-22142950.html
https://wnacg.com/photos-view-id-22142948.html
https://wnacg.com/photos-view-id-22142939.html
https://wnacg.com/photos-view-id-22142949.html
https://wnacg.com/photos-view-id-22142945.html
https://wnacg.com/photos-view-id-22142940.html
https://wnacg.com/photos-view-id-22142946.html
https://wnacg.com/photos-view-id-22142947.html
https://v1.wzip.download/down/2695/a23af6fc688a0d3dd9ee49f7ef195993.zip?n=[NOSEBLEED%20(%E5%AE%AE%E5%85%83%E4%B8%80%E4%BD%90)]%20%E9%BB%92%E3%82%AE%E3%83%A3%E3%83%AB%E3%83%A1%E3%82%A4%E3%83%89%E6%B7%AB%E9%AD%94%E3%80%81%E3%81%94%E3%81%97%E3%82%85%E3%82%92%E5%96%B0%E3%81%86%E3%80%823%EF%BD%9C%E9%BB%91%E8%82%89%E8%BE%A3%E5%A6%B9%E5%A5%B3%E5%83%95%E6%B7%AB%E9%AD%94%E3%80%81%20%E6%8A%8A%E4%B8%BB%E4%BA%BA%E5%A4%A7%E5%8F%A3%E5%90%83%E6%8E%89%E3%80%823%20[%E4%B8%AD%E6%96%87]%20[%E6%9F%9A%E9%A6%99%E8%BE%B2%E6%A5%AD]
https://v1.wzip.date/down/2695/a23af6fc688a0d3dd9ee49f7ef195993.zip?n=[NOSEBLEED%20(%E5%AE%AE%E5%85%83%E4%B8%80%E4%BD%90)]%20%E9%BB%92%E3%82%AE%E3%83%A3%E3%83%AB%E3%83%A1%E3%82%A4%E3%83%89%E6%B7%AB%E9%AD%94%E3%80%81%E3%81%94%E3%81%97%E3%82%85%E3%82%92%E5%96%B0%E3%81%86%E3%80%823%EF%BD%9C%E9%BB%91%E8%82%89%E8%BE%A3%E5%A6%B9%E5%A5%B3%E5%83%95%E6%B7%AB%E9%AD%94%E3%80%81%20%E6%8A%8A%E4%B8%BB%E4%BA%BA%E5%A4%A7%E5%8F%A3%E5%90%83%E6%8E%89%E3%80%823%20[%E4%B8%AD%E6%96%87]%20[%E6%9F%9A%E9%A6%99%E8%BE%B2%E6%A5%AD]
https://wnacg.com/photos-view-id-22142952.html
https://wnacg.com/photos-view-id-22142956.html
https://wnacg.com/photos-view-id-22142942.html
https://wnacg.com/photos-view-id-22142944.html
