/web/20251005055929/https://www.wnacg.com/photos-index-aid-231242.html
/web/20251005055947/https://www.wnacg.com/photos-view-id-19491976.html
/web/20251005055954/https://www.wnacg.com/photos-index-page-3-aid-231242.html
/web/20251005060009/https://www.wnacg.com/photos-view-id-19491962.html
/web/20251005060009/https://www.wnacg.com/photos-view-id-19491961.html
/web/20251005060022/https://www.wnacg.com/photos-index-page-2-aid-231242.html
/web/20251005060015/https://www.wnacg.com/photos-view-id-19491960.html
/web/20251005060056/https://www.wnacg.com/photos-view-id-19491957.html
/web/20251005060105/https://www.wnacg.com/photos-view-id-19491963.html
/web/20251005060029/https://www.wnacg.com/download-index-aid-231242.html
/web/20251005060129/https://www.wnacg.com/photos-view-id-19491964.html
/web/20251005060143/https://www.wnacg.com/photos-view-id-19491974.html
/web/20251005060143/https://www.wnacg.com/photos-view-id-19491980.html
/web/20251005060129/https://www.wnacg.com/photos-slide-aid-231242.html
/web/20251005060210/https://www.wnacg.com/photos-view-id-19491970.html
/web/20251005060212/https://www.wnacg.com/photos-view-id-19491971.html
/web/20251005060220/https://www.wnacg.com/photos-view-id-19491978.html
/web/20251005060257/https://www.wnacg.com/photos-view-id-19491975.html
/web/20251005060311/https://www.wnacg.com/photos-view-id-19491967.html
/web/20251005060304/https://www.wnacg.com/photos-index-page-1-aid-231242.html
/web/20251005060325/https://www.wnacg.com/photos-view-id-19491979.html
/web/20251005060318/https://www.wnacg.com/photos-view-id-19491977.html
/web/20251005060333/https://www.wnacg.com/photos-view-id-19491965.html
/web/20251005060410/https://www.wnacg.com/photos-view-id-19491981.html
/web/20251005060408/https://www.wnacg.com/photos-view-id-19491958.html
/web/20251005060431/https://www.wnacg.com/photos-view-id-19491968.html
/web/20251005060436/https://www.wnacg.com/photos-view-id-19491959.html
/web/20251005060455/https://www.wnacg.com/photos-view-id-19491982.html
/web/20251005060525/https://v1.wzip.date/down/2313/e122f1d50f5762517a81068112db81c5.zip?n=%5BNCP%5D%20%E3%83%93%E3%83%83%E3%83%81%E3%81%AA%E5%88%B6%E6%9C%8D%E5%A5%B3%E5%AD%90%E3%81%9F%E3%81%A1%E3%81%AB%E7%AB%A5%E8%B2%9E%E3%82%92%E9%A3%9F%E3%81%B9%E3%82%89%E3%82%8C%E3%81%A1%E3%82%83%E3%81%86%E8%A9%B1%EF%BC%8E%E3%81%93%E3%81%AE%E4%B8%96%E7%95%8C%E3%81%AE%E3%81%8A%E5%A7%89%E3%81%95%E3%82%93%E3%81%9F%E3%81%A1%E3%81%AF%E5%85%A8%E5%93%A1%E3%82%A8%E3%83%AD%E3%81%99%E3%81%8E%E3%82%8B%20%5BBanana%E6%89%8B%E5%B7%A5%E6%BC%A2%E5%8C%96%5D%20%5BDL%E7%89%88%5D
/web/20251005060519/https://www.wnacg.com/photos-view-id-19491969.html
/web/20251005060506/https://www.wnacg.com/photos-view-id-19491966.html
/web/20251005060553/https://www.wnacg.com/photos-view-id-19491973.html
/web/20251005060504/https://www.wnacg.com/photos-view-id-19491972.html
/web/20251005060609/https://v1.wzip.download/down/2313/e122f1d50f5762517a81068112db81c5.zip?n=%5BNCP%5D%20%E3%83%93%E3%83%83%E3%83%81%E3%81%AA%E5%88%B6%E6%9C%8D%E5%A5%B3%E5%AD%90%E3%81%9F%E3%81%A1%E3%81%AB%E7%AB%A5%E8%B2%9E%E3%82%92%E9%A3%9F%E3%81%B9%E3%82%89%E3%82%8C%E3%81%A1%E3%82%83%E3%81%86%E8%A9%B1%EF%BC%8E%E3%81%93%E3%81%AE%E4%B8%96%E7%95%8C%E3%81%AE%E3%81%8A%E5%A7%89%E3%81%95%E3%82%93%E3%81%9F%E3%81%A1%E3%81%AF%E5%85%A8%E5%93%A1%E3%82%A8%E3%83%AD%E3%81%99%E3%81%8E%E3%82%8B%20%5BBanana%E6%89%8B%E5%B7%A5%E6%BC%A2%E5%8C%96%5D%20%5BDL%E7%89%88%5D
