/web/20251005135757/https://www.wnacg.com/photos-index-aid-319955.html
/web/20251005135820/https://www.wnacg.com/photos-view-id-26844750.html
/web/20251005135834/https://www.wnacg.com/photos-view-id-26844748.html
/web/20251005135828/https://www.wnacg.com/photos-view-id-26844749.html
/web/20251005135848/https://www.wnacg.com/download-index-aid-319955.html
/web/20251005135841/https://www.wnacg.com/photos-index-page-5-aid-319955.html
/web/20251005135950/https://www.wnacg.com/photos-view-id-26844756.html
/web/20251005135926/https://www.wnacg.com/photos-slide-aid-319955.html
/web/20251005135959/https://www.wnacg.com/photos-index-page-4-aid-319955.html
/web/20251005140004/https://www.wnacg.com/photos-index-page-2-aid-319955.html
/web/20251005140011/https://www.wnacg.com/photos-view-id-26844755.html
/web/20251005140048/https://www.wnacg.com/photos-view-id-26844754.html
/web/20251005140003/https://www.wnacg.com/photos-index-page-8-aid-319955.html
/web/20251005140101/https://www.wnacg.com/photos-view-id-26844751.html
/web/20251005140156/https://www.wnacg.com/photos-index-page-3-aid-319955.html
/web/20251005140159/https://www.wnacg.com/photos-view-id-26844759.html
/web/20251005140119/https://www.wnacg.com/photos-view-id-26844758.html
/web/20251005140212/https://www.wnacg.com/photos-view-id-26844752.html
/web/20251005140227/https://www.wnacg.com/photos-view-id-26844753.html
/web/20251005140149/https://www.wnacg.com/photos-view-id-26844757.html
/web/20251005140405/https://www.wnacg.com/photos-view-id-26844844.html
/web/20251005140427/https://v1.wzip.date/down/3200/71e31af5af795a51898c468215e1c9b3.zip?n=%5B%E3%82%A2%E3%83%B3%E3%82%BD%E3%83%AD%E3%82%B8%E3%83%BC%5D%20%E5%88%A5%E5%86%8A%E3%82%B3%E3%83%9F%E3%83%83%E3%82%AF%E3%82%A2%E3%83%B3%E3%83%AA%E3%82%A2%E3%83%AB%20%E4%BA%BA%E5%A4%96%E3%81%8A%E5%A7%89%E3%81%95%E3%82%93%E3%81%AB%E3%82%88%E3%82%8B%E3%83%9E%E3%82%BE%E9%96%8B%E7%99%BA%20%E3%83%87%E3%82%B8%E3%82%BF%E3%83%AB%E7%89%88Vol.1
/web/20251005140414/https://v1.wzip.download/down/3200/71e31af5af795a51898c468215e1c9b3.zip?n=%5B%E3%82%A2%E3%83%B3%E3%82%BD%E3%83%AD%E3%82%B8%E3%83%BC%5D%20%E5%88%A5%E5%86%8A%E3%82%B3%E3%83%9F%E3%83%83%E3%82%AF%E3%82%A2%E3%83%B3%E3%83%AA%E3%82%A2%E3%83%AB%20%E4%BA%BA%E5%A4%96%E3%81%8A%E5%A7%89%E3%81%95%E3%82%93%E3%81%AB%E3%82%88%E3%82%8B%E3%83%9E%E3%82%BE%E9%96%8B%E7%99%BA%20%E3%83%87%E3%82%B8%E3%82%BF%E3%83%AB%E7%89%88Vol.1
/web/20251005140511/https://www.wnacg.com/photos-view-id-26844798.html
/web/20251005140510/https://www.wnacg.com/photos-view-id-26844802.html
/web/20251005140535/https://www.wnacg.com/photos-view-id-26844800.html
/web/20251005140615/https://www.wnacg.com/photos-view-id-26844801.html
/web/20251005140615/https://www.wnacg.com/photos-index-page-6-aid-319955.html
/web/20251005140550/https://www.wnacg.com/photos-view-id-26844804.html
/web/20251005140542/https://www.wnacg.com/photos-view-id-26844807.html
/web/20251005140658/https://www.wnacg.com/photos-view-id-26844803.html
/web/20251005140720/https://www.wnacg.com/photos-view-id-26844808.html
/web/20251005140728/https://www.wnacg.com/photos-index-page-1-aid-319955.html
/web/20251005140715/https://www.wnacg.com/photos-view-id-26844805.html
/web/20251005140708/https://www.wnacg.com/photos-view-id-26844799.html
/web/20251005140812/https://www.wnacg.com/photos-view-id-26844806.html
/web/20251005140749/https://www.wnacg.com/photos-index-page-7-aid-319955.html
/web/20251005140750/https://www.wnacg.com/photos-view-id-26844790.html
/web/20251005140759/https://www.wnacg.com/photos-view-id-26844795.html
/web/20251005140827/https://www.wnacg.com/photos-view-id-26844787.html
/web/20251005140938/https://www.wnacg.com/photos-view-id-26844785.html
/web/20251005140945/https://www.wnacg.com/photos-view-id-26844809.html
/web/20251005140941/https://www.wnacg.com/photos-view-id-26844820.html
/web/20251005141100/https://www.wnacg.com/photos-view-id-26844792.html
/web/20251005141017/https://www.wnacg.com/photos-view-id-26844816.html
/web/20251005141011/https://www.wnacg.com/photos-view-id-26844813.html
/web/20251005141053/https://www.wnacg.com/photos-view-id-26844788.html
/web/20251005141053/https://www.wnacg.com/photos-view-id-26844791.html
/web/20251005141137/https://www.wnacg.com/photos-view-id-26844812.html
/web/20251005141014/https://www.wnacg.com/photos-view-id-26844815.html
/web/20251005141129/https://www.wnacg.com/photos-view-id-26844814.html
/web/20251005141123/https://www.wnacg.com/photos-view-id-26844819.html
/web/20251005141239/https://www.wnacg.com/photos-view-id-26844810.html
/web/20251005141243/https://www.wnacg.com/photos-view-id-26844811.html
/web/20251005141123/https://www.wnacg.com/photos-view-id-26844818.html
/web/20251005141255/https://www.wnacg.com/photos-view-id-26844822.html
/web/20251005141343/https://www.wnacg.com/photos-view-id-26844829.html
/web/20251005141250/https://www.wnacg.com/photos-view-id-26844817.html
/web/20251005141344/https://www.wnacg.com/photos-view-id-26844832.html
/web/20251005141351/https://www.wnacg.com/photos-view-id-26844821.html
/web/20251005141406/https://www.wnacg.com/photos-view-id-26844830.html
/web/20251005141358/https://www.wnacg.com/photos-view-id-26844826.html
/web/20251005141451/https://www.wnacg.com/photos-view-id-26844823.html
/web/20251005141454/https://www.wnacg.com/photos-view-id-26844825.html
/web/20251005141500/https://www.wnacg.com/photos-view-id-26844831.html
/web/20251005141530/https://www.wnacg.com/photos-view-id-26844828.html
/web/20251005141557/https://www.wnacg.com/photos-view-id-26844796.html
/web/20251005141515/https://www.wnacg.com/photos-view-id-26844827.html
/web/20251005141508/https://www.wnacg.com/photos-view-id-26844824.html
/web/20251005141623/https://www.wnacg.com/photos-view-id-26844793.html
/web/20251005141652/https://www.wnacg.com/photos-view-id-26844765.html
/web/20251005141626/https://www.wnacg.com/photos-view-id-26844789.html
/web/20251005141615/https://www.wnacg.com/photos-view-id-26844786.html
/web/20251005141622/https://www.wnacg.com/photos-view-id-26844794.html
/web/20251005141724/https://www.wnacg.com/photos-view-id-26844768.html
/web/20251005141727/https://www.wnacg.com/photos-view-id-26844762.html
/web/20251005141807/https://www.wnacg.com/photos-view-id-26844763.html
/web/20251005141740/https://www.wnacg.com/photos-view-id-26844764.html
/web/20251005141813/https://www.wnacg.com/photos-view-id-26844761.html
/web/20251005141739/https://www.wnacg.com/photos-view-id-26844770.html
/web/20251005141837/https://www.wnacg.com/photos-view-id-26844760.html
/web/20251005141916/https://www.wnacg.com/photos-view-id-26844772.html
/web/20251005141918/https://www.wnacg.com/photos-view-id-26844766.html
/web/20251005141843/https://www.wnacg.com/photos-view-id-26844771.html
/web/20251005141844/https://www.wnacg.com/photos-view-id-26844769.html
/web/20251005141946/https://www.wnacg.com/photos-view-id-26844835.html
/web/20251005141948/https://www.wnacg.com/photos-view-id-26844834.html
/web/20251005142028/https://www.wnacg.com/photos-view-id-26844833.html
/web/20251005141956/https://www.wnacg.com/photos-view-id-26844838.html
/web/20251005142056/https://www.wnacg.com/photos-view-id-26844843.html
/web/20251005142104/https://www.wnacg.com/photos-view-id-26844837.html
/web/20251005142057/https://www.wnacg.com/photos-view-id-26844841.html
/web/20251005142133/https://www.wnacg.com/photos-view-id-26844836.html
/web/20251005142138/https://www.wnacg.com/photos-view-id-26844842.html
/web/20251005142111/https://www.wnacg.com/photos-view-id-26844840.html
/web/20251005142140/https://www.wnacg.com/photos-view-id-26844839.html
/web/20251005142241/https://www.wnacg.com/photos-view-id-26844773.html
/web/20251005142208/https://www.wnacg.com/photos-view-id-26844783.html
/web/20251005142217/https://www.wnacg.com/photos-view-id-26844777.html
/web/20251005142216/https://www.wnacg.com/photos-view-id-26844776.html
/web/20251005142340/https://www.wnacg.com/photos-view-id-26844778.html
/web/20251005142343/https://www.wnacg.com/photos-view-id-26844774.html
/web/20251005142441/https://www.wnacg.com/photos-view-id-26844779.html
/web/20251005142356/https://www.wnacg.com/photos-view-id-26844780.html
/web/20251005142349/https://www.wnacg.com/photos-view-id-26844782.html
/web/20251005142421/https://www.wnacg.com/photos-view-id-26844775.html
/web/20251005142433/https://www.wnacg.com/photos-view-id-26844784.html
