https://www.wnacg.com/photos-index-aid-319955.html
https://www.wnacg.com/photos-view-id-26844750.html
https://www.wnacg.com/photos-view-id-26844748.html
https://www.wnacg.com/photos-view-id-26844749.html
https://www.wnacg.com/download-index-aid-319955.html
https://www.wnacg.com/photos-index-page-5-aid-319955.html
https://www.wnacg.com/photos-view-id-26844756.html
https://www.wnacg.com/photos-slide-aid-319955.html
https://www.wnacg.com/photos-index-page-4-aid-319955.html
https://www.wnacg.com/photos-index-page-2-aid-319955.html
https://www.wnacg.com/photos-view-id-26844755.html
https://www.wnacg.com/photos-view-id-26844754.html
https://www.wnacg.com/photos-index-page-8-aid-319955.html
https://www.wnacg.com/photos-view-id-26844751.html
https://www.wnacg.com/photos-index-page-3-aid-319955.html
https://www.wnacg.com/photos-view-id-26844759.html
https://www.wnacg.com/photos-view-id-26844758.html
https://www.wnacg.com/photos-view-id-26844752.html
https://www.wnacg.com/photos-view-id-26844753.html
https://www.wnacg.com/photos-view-id-26844757.html
https://www.wnacg.com/photos-view-id-26844844.html
https://v1.wzip.date/down/3200/71e31af5af795a51898c468215e1c9b3.zip?n=[%E3%82%A2%E3%83%B3%E3%82%BD%E3%83%AD%E3%82%B8%E3%83%BC]%20%E5%88%A5%E5%86%8A%E3%82%B3%E3%83%9F%E3%83%83%E3%82%AF%E3%82%A2%E3%83%B3%E3%83%AA%E3%82%A2%E3%83%AB%20%E4%BA%BA%E5%A4%96%E3%81%8A%E5%A7%89%E3%81%95%E3%82%93%E3%81%AB%E3%82%88%E3%82%8B%E3%83%9E%E3%82%BE%E9%96%8B%E7%99%BA%20%E3%83%87%E3%82%B8%E3%82%BF%E3%83%AB%E7%89%88Vol.1
https://v1.wzip.download/down/3200/71e31af5af795a51898c468215e1c9b3.zip?n=[%E3%82%A2%E3%83%B3%E3%82%BD%E3%83%AD%E3%82%B8%E3%83%BC]%20%E5%88%A5%E5%86%8A%E3%82%B3%E3%83%9F%E3%83%83%E3%82%AF%E3%82%A2%E3%83%B3%E3%83%AA%E3%82%A2%E3%83%AB%20%E4%BA%BA%E5%A4%96%E3%81%8A%E5%A7%89%E3%81%95%E3%82%93%E3%81%AB%E3%82%88%E3%82%8B%E3%83%9E%E3%82%BE%E9%96%8B%E7%99%BA%20%E3%83%87%E3%82%B8%E3%82%BF%E3%83%AB%E7%89%88Vol.1
https://www.wnacg.com/photos-view-id-26844798.html
https://www.wnacg.com/photos-view-id-26844802.html
https://www.wnacg.com/photos-view-id-26844800.html
https://www.wnacg.com/photos-view-id-26844801.html
https://www.wnacg.com/photos-index-page-6-aid-319955.html
https://www.wnacg.com/photos-view-id-26844804.html
https://www.wnacg.com/photos-view-id-26844807.html
https://www.wnacg.com/photos-view-id-26844803.html
https://www.wnacg.com/photos-view-id-26844808.html
https://www.wnacg.com/photos-index-page-1-aid-319955.html
https://www.wnacg.com/photos-view-id-26844805.html
https://www.wnacg.com/photos-view-id-26844799.html
https://www.wnacg.com/photos-view-id-26844806.html
https://www.wnacg.com/photos-index-page-7-aid-319955.html
https://www.wnacg.com/photos-view-id-26844790.html
https://www.wnacg.com/photos-view-id-26844795.html
https://www.wnacg.com/photos-view-id-26844787.html
https://www.wnacg.com/photos-view-id-26844785.html
https://www.wnacg.com/photos-view-id-26844809.html
https://www.wnacg.com/photos-view-id-26844820.html
https://www.wnacg.com/photos-view-id-26844792.html
https://www.wnacg.com/photos-view-id-26844816.html
https://www.wnacg.com/photos-view-id-26844813.html
https://www.wnacg.com/photos-view-id-26844788.html
https://www.wnacg.com/photos-view-id-26844791.html
https://www.wnacg.com/photos-view-id-26844812.html
https://www.wnacg.com/photos-view-id-26844815.html
https://www.wnacg.com/photos-view-id-26844814.html
https://www.wnacg.com/photos-view-id-26844819.html
https://www.wnacg.com/photos-view-id-26844810.html
https://www.wnacg.com/photos-view-id-26844811.html
https://www.wnacg.com/photos-view-id-26844818.html
https://www.wnacg.com/photos-view-id-26844822.html
https://www.wnacg.com/photos-view-id-26844829.html
https://www.wnacg.com/photos-view-id-26844817.html
https://www.wnacg.com/photos-view-id-26844832.html
https://www.wnacg.com/photos-view-id-26844821.html
https://www.wnacg.com/photos-view-id-26844830.html
https://www.wnacg.com/photos-view-id-26844826.html
https://www.wnacg.com/photos-view-id-26844823.html
https://www.wnacg.com/photos-view-id-26844825.html
https://www.wnacg.com/photos-view-id-26844831.html
https://www.wnacg.com/photos-view-id-26844828.html
https://www.wnacg.com/photos-view-id-26844796.html
https://www.wnacg.com/photos-view-id-26844827.html
https://www.wnacg.com/photos-view-id-26844824.html
https://www.wnacg.com/photos-view-id-26844793.html
https://www.wnacg.com/photos-view-id-26844765.html
https://www.wnacg.com/photos-view-id-26844789.html
https://www.wnacg.com/photos-view-id-26844786.html
https://www.wnacg.com/photos-view-id-26844794.html
https://www.wnacg.com/photos-view-id-26844768.html
https://www.wnacg.com/photos-view-id-26844762.html
https://www.wnacg.com/photos-view-id-26844763.html
https://www.wnacg.com/photos-view-id-26844764.html
https://www.wnacg.com/photos-view-id-26844761.html
https://www.wnacg.com/photos-view-id-26844770.html
https://www.wnacg.com/photos-view-id-26844760.html
https://www.wnacg.com/photos-view-id-26844772.html
https://www.wnacg.com/photos-view-id-26844766.html
https://www.wnacg.com/photos-view-id-26844771.html
https://www.wnacg.com/photos-view-id-26844769.html
https://www.wnacg.com/photos-view-id-26844835.html
https://www.wnacg.com/photos-view-id-26844834.html
https://www.wnacg.com/photos-view-id-26844833.html
https://www.wnacg.com/photos-view-id-26844838.html
https://www.wnacg.com/photos-view-id-26844843.html
https://www.wnacg.com/photos-view-id-26844837.html
https://www.wnacg.com/photos-view-id-26844841.html
https://www.wnacg.com/photos-view-id-26844836.html
https://www.wnacg.com/photos-view-id-26844842.html
https://www.wnacg.com/photos-view-id-26844840.html
https://www.wnacg.com/photos-view-id-26844839.html
https://www.wnacg.com/photos-view-id-26844773.html
https://www.wnacg.com/photos-view-id-26844783.html
https://www.wnacg.com/photos-view-id-26844777.html
https://www.wnacg.com/photos-view-id-26844776.html
https://www.wnacg.com/photos-view-id-26844778.html
https://www.wnacg.com/photos-view-id-26844774.html
https://www.wnacg.com/photos-view-id-26844779.html
https://www.wnacg.com/photos-view-id-26844780.html
https://www.wnacg.com/photos-view-id-26844782.html
https://www.wnacg.com/photos-view-id-26844775.html
https://www.wnacg.com/photos-view-id-26844784.html
