https://www.wnacg.com/photos-index-aid-40758.html
https://www.wnacg.com/download-index-aid-40758.html
https://www.wnacg.com/photos-index-page-3-aid-40758.html
https://www.wnacg.com/photos-index-page-2-aid-40758.html
https://www.wnacg.com/photos-index-page-16-aid-40758.html
https://www.wnacg.com/photos-index-page-4-aid-40758.html
https://v1.wzip.date/down/0408/96761ff996094c969c21f14543c13521.zip?n=[%E9%A6%99%E5%90%B9%E8%8C%82%E4%B9%8B]%20%E5%8D%B3%E7%B5%B6%E9%A0%82~%E3%82%BD%E3%82%AF%E3%82%A4%E3%82%AD~
https://v1.wzip.download/down/0408/96761ff996094c969c21f14543c13521.zip?n=[%E9%A6%99%E5%90%B9%E8%8C%82%E4%B9%8B]%20%E5%8D%B3%E7%B5%B6%E9%A0%82~%E3%82%BD%E3%82%AF%E3%82%A4%E3%82%AD~
https://www.wnacg.com/photos-index-page-1-aid-40758.html
https://www.wnacg.com/photos-index-page-7-aid-40758.html
https://www.wnacg.com/photos-index-page-5-aid-40758.html
https://www.wnacg.com/photos-index-page-13-aid-40758.html
https://www.wnacg.com/photos-slide-aid-40758.html
https://www.wnacg.com/photos-index-page-12-aid-40758.html
https://www.wnacg.com/photos-index-page-6-aid-40758.html
https://www.wnacg.com/photos-index-page-15-aid-40758.html
https://www.wnacg.com/photos-index-page-14-aid-40758.html
https://www.wnacg.com/photos-index-page-9-aid-40758.html
https://www.wnacg.com/photos-index-page-8-aid-40758.html
https://www.wnacg.com/photos-index-page-11-aid-40758.html
https://www.wnacg.com/photos-index-page-10-aid-40758.html
