/web/20251006062836/https://www.wnacg.com/photos-index-aid-296316.html
/web/20251006062910/https://www.wnacg.com/photos-view-id-24523238.html
/web/20251006062917/https://www.wnacg.com/photos-index-page-4-aid-296316.html
/web/20251006062952/https://www.wnacg.com/photos-view-id-24523231.html
/web/20251006062949/https://www.wnacg.com/download-index-aid-296316.html
/web/20251006063006/https://www.wnacg.com/photos-view-id-24523197.html
/web/20251006062958/https://www.wnacg.com/photos-view-id-24523243.html
/web/20251006063049/https://www.wnacg.com/photos-view-id-24523212.html
/web/20251006063112/https://www.wnacg.com/photos-view-id-24523222.html
/web/20251006063138/https://www.wnacg.com/photos-index-page-2-aid-296316.html
/web/20251006063158/https://www.wnacg.com/photos-view-id-24523239.html
/web/20251006063141/https://www.wnacg.com/photos-slide-aid-296316.html
/web/20251006063225/https://www.wnacg.com/photos-index-page-3-aid-296316.html
/web/20251006063256/https://www.wnacg.com/photos-view-id-24523218.html
/web/20251006063327/https://www.wnacg.com/photos-index-page-5-aid-296316.html
/web/20251006063414/https://www.wnacg.com/photos-view-id-24523235.html
/web/20251006063432/https://www.wnacg.com/photos-view-id-24523234.html
/web/20251006063442/https://www.wnacg.com/photos-view-id-24523245.html
/web/20251006063511/https://www.wnacg.com/photos-view-id-24523223.html
/web/20251006063521/https://www.wnacg.com/photos-view-id-24523204.html
/web/20251006063540/https://www.wnacg.com/photos-view-id-24523227.html
/web/20251006063502/https://www.wnacg.com/photos-view-id-24523232.html
/web/20251006063632/https://v1.wzip.download/down/2964/e7b4f208732033a8466b40e0b1a29b5b.zip?n=%5BEnkozaru%5D%20%E6%90%BE%E7%B2%BE%E6%8B%85%E5%BD%93%E3%81%8A%E5%A7%89%E3%81%95%E3%82%932
/web/20251006063618/https://www.wnacg.com/photos-view-id-24523230.html
/web/20251006063700/https://v1.wzip.date/down/2964/e7b4f208732033a8466b40e0b1a29b5b.zip?n=%5BEnkozaru%5D%20%E6%90%BE%E7%B2%BE%E6%8B%85%E5%BD%93%E3%81%8A%E5%A7%89%E3%81%95%E3%82%932
/web/20251006063654/https://www.wnacg.com/photos-view-id-24523183.html
/web/20251006063738/https://www.wnacg.com/photos-view-id-24523220.html
/web/20251006063744/https://www.wnacg.com/photos-view-id-24523216.html
/web/20251006063812/https://www.wnacg.com/photos-view-id-24523224.html
/web/20251006063825/https://www.wnacg.com/photos-view-id-24523194.html
/web/20251006063731/https://www.wnacg.com/photos-view-id-24523242.html
/web/20251006063923/https://www.wnacg.com/photos-view-id-24523189.html
/web/20251006063932/https://www.wnacg.com/photos-view-id-24523246.html
/web/20251006063920/https://www.wnacg.com/photos-view-id-24523233.html
/web/20251006064008/https://www.wnacg.com/photos-index-page-1-aid-296316.html
/web/20251006064001/https://www.wnacg.com/photos-view-id-24523225.html
/web/20251006064031/https://www.wnacg.com/photos-view-id-24523187.html
/web/20251006064114/https://www.wnacg.com/photos-view-id-24523215.html
/web/20251006064200/https://www.wnacg.com/photos-index-page-6-aid-296316.html
/web/20251006064140/https://www.wnacg.com/photos-view-id-24523199.html
/web/20251006064158/https://www.wnacg.com/photos-view-id-24523236.html
/web/20251006064151/https://www.wnacg.com/photos-view-id-24523188.html
/web/20251006064221/https://www.wnacg.com/photos-view-id-24523241.html
/web/20251006064307/https://www.wnacg.com/photos-view-id-24523198.html
/web/20251006064256/https://www.wnacg.com/photos-view-id-24523185.html
/web/20251006064335/https://www.wnacg.com/photos-view-id-24523184.html
/web/20251006064413/https://www.wnacg.com/photos-view-id-24523221.html
/web/20251006064411/https://www.wnacg.com/photos-view-id-24523191.html
/web/20251006064449/https://www.wnacg.com/photos-view-id-24523217.html
/web/20251006064435/https://www.wnacg.com/photos-view-id-24523248.html
/web/20251006064547/https://www.wnacg.com/photos-view-id-24523195.html
/web/20251006064620/https://www.wnacg.com/photos-view-id-24523190.html
/web/20251006064624/https://www.wnacg.com/photos-view-id-24523247.html
/web/20251006064638/https://www.wnacg.com/photos-view-id-24523209.html
/web/20251006064631/https://www.wnacg.com/photos-view-id-24523196.html
/web/20251006064701/https://www.wnacg.com/photos-view-id-24523208.html
/web/20251006064758/https://www.wnacg.com/photos-view-id-24523211.html
/web/20251006064842/https://www.wnacg.com/photos-view-id-24523229.html
/web/20251006064844/https://www.wnacg.com/photos-view-id-24523228.html
/web/20251006064854/https://www.wnacg.com/photos-view-id-24523207.html
/web/20251006064955/https://www.wnacg.com/photos-view-id-24523193.html
/web/20251006065004/https://www.wnacg.com/photos-view-id-24523205.html
/web/20251006064953/https://www.wnacg.com/photos-view-id-24523200.html
/web/20251006065041/https://www.wnacg.com/photos-view-id-24523213.html
/web/20251006065201/https://www.wnacg.com/photos-view-id-24523237.html
/web/20251006065142/https://www.wnacg.com/photos-view-id-24523244.html
/web/20251006065237/https://www.wnacg.com/photos-view-id-24523219.html
/web/20251006065237/https://www.wnacg.com/photos-view-id-24523214.html
/web/20251006065335/https://www.wnacg.com/photos-view-id-24523206.html
/web/20251006065339/https://www.wnacg.com/photos-view-id-24523202.html
/web/20251006065348/https://www.wnacg.com/photos-view-id-24523203.html
/web/20251006065408/https://www.wnacg.com/photos-view-id-24523201.html
/web/20251006065535/https://www.wnacg.com/photos-view-id-24523210.html
/web/20251006065630/https://www.wnacg.com/photos-view-id-24523186.html
/web/20251006065654/https://www.wnacg.com/photos-view-id-24523226.html
/web/20251006065704/https://www.wnacg.com/photos-view-id-24523192.html
/web/20251006065717/https://www.wnacg.com/photos-view-id-24523240.html
