https://www.wnacg.com/photos-index-aid-296316.html
https://www.wnacg.com/photos-view-id-24523238.html
https://www.wnacg.com/photos-index-page-4-aid-296316.html
https://www.wnacg.com/photos-view-id-24523231.html
https://www.wnacg.com/download-index-aid-296316.html
https://www.wnacg.com/photos-view-id-24523197.html
https://www.wnacg.com/photos-view-id-24523243.html
https://www.wnacg.com/photos-view-id-24523212.html
https://www.wnacg.com/photos-view-id-24523222.html
https://www.wnacg.com/photos-index-page-2-aid-296316.html
https://www.wnacg.com/photos-view-id-24523239.html
https://www.wnacg.com/photos-slide-aid-296316.html
https://www.wnacg.com/photos-index-page-3-aid-296316.html
https://www.wnacg.com/photos-view-id-24523218.html
https://www.wnacg.com/photos-index-page-5-aid-296316.html
https://www.wnacg.com/photos-view-id-24523235.html
https://www.wnacg.com/photos-view-id-24523234.html
https://www.wnacg.com/photos-view-id-24523245.html
https://www.wnacg.com/photos-view-id-24523223.html
https://www.wnacg.com/photos-view-id-24523204.html
https://www.wnacg.com/photos-view-id-24523227.html
https://www.wnacg.com/photos-view-id-24523232.html
https://v1.wzip.download/down/2964/e7b4f208732033a8466b40e0b1a29b5b.zip?n=[Enkozaru]%20%E6%90%BE%E7%B2%BE%E6%8B%85%E5%BD%93%E3%81%8A%E5%A7%89%E3%81%95%E3%82%932
https://www.wnacg.com/photos-view-id-24523230.html
https://v1.wzip.date/down/2964/e7b4f208732033a8466b40e0b1a29b5b.zip?n=[Enkozaru]%20%E6%90%BE%E7%B2%BE%E6%8B%85%E5%BD%93%E3%81%8A%E5%A7%89%E3%81%95%E3%82%932
https://www.wnacg.com/photos-view-id-24523183.html
https://www.wnacg.com/photos-view-id-24523220.html
https://www.wnacg.com/photos-view-id-24523216.html
https://www.wnacg.com/photos-view-id-24523224.html
https://www.wnacg.com/photos-view-id-24523194.html
https://www.wnacg.com/photos-view-id-24523242.html
https://www.wnacg.com/photos-view-id-24523189.html
https://www.wnacg.com/photos-view-id-24523246.html
https://www.wnacg.com/photos-view-id-24523233.html
https://www.wnacg.com/photos-index-page-1-aid-296316.html
https://www.wnacg.com/photos-view-id-24523225.html
https://www.wnacg.com/photos-view-id-24523187.html
https://www.wnacg.com/photos-view-id-24523215.html
https://www.wnacg.com/photos-index-page-6-aid-296316.html
https://www.wnacg.com/photos-view-id-24523199.html
https://www.wnacg.com/photos-view-id-24523236.html
https://www.wnacg.com/photos-view-id-24523188.html
https://www.wnacg.com/photos-view-id-24523241.html
https://www.wnacg.com/photos-view-id-24523198.html
https://www.wnacg.com/photos-view-id-24523185.html
https://www.wnacg.com/photos-view-id-24523184.html
https://www.wnacg.com/photos-view-id-24523221.html
https://www.wnacg.com/photos-view-id-24523191.html
https://www.wnacg.com/photos-view-id-24523217.html
https://www.wnacg.com/photos-view-id-24523248.html
https://www.wnacg.com/photos-view-id-24523195.html
https://www.wnacg.com/photos-view-id-24523190.html
https://www.wnacg.com/photos-view-id-24523247.html
https://www.wnacg.com/photos-view-id-24523209.html
https://www.wnacg.com/photos-view-id-24523196.html
https://www.wnacg.com/photos-view-id-24523208.html
https://www.wnacg.com/photos-view-id-24523211.html
https://www.wnacg.com/photos-view-id-24523229.html
https://www.wnacg.com/photos-view-id-24523228.html
https://www.wnacg.com/photos-view-id-24523207.html
https://www.wnacg.com/photos-view-id-24523193.html
https://www.wnacg.com/photos-view-id-24523205.html
https://www.wnacg.com/photos-view-id-24523200.html
https://www.wnacg.com/photos-view-id-24523213.html
https://www.wnacg.com/photos-view-id-24523237.html
https://www.wnacg.com/photos-view-id-24523244.html
https://www.wnacg.com/photos-view-id-24523219.html
https://www.wnacg.com/photos-view-id-24523214.html
https://www.wnacg.com/photos-view-id-24523206.html
https://www.wnacg.com/photos-view-id-24523202.html
https://www.wnacg.com/photos-view-id-24523203.html
https://www.wnacg.com/photos-view-id-24523201.html
https://www.wnacg.com/photos-view-id-24523210.html
https://www.wnacg.com/photos-view-id-24523186.html
https://www.wnacg.com/photos-view-id-24523226.html
https://www.wnacg.com/photos-view-id-24523192.html
https://www.wnacg.com/photos-view-id-24523240.html
