/web/20251006100122/https://www.wnacg.com/photos-index-aid-96992.html
/web/20251006100152/https://www.wnacg.com/photos-view-id-7751011.html
/web/20251006100157/https://www.wnacg.com/photos-index-page-2-aid-96992.html
/web/20251006100229/https://www.wnacg.com/photos-view-id-7751018.html
/web/20251006100216/https://www.wnacg.com/photos-view-id-7751017.html
/web/20251006100242/https://www.wnacg.com/photos-index-page-3-aid-96992.html
/web/20251006100307/https://www.wnacg.com/photos-view-id-7751014.html
/web/20251006100351/https://www.wnacg.com/photos-view-id-7751019.html
/web/20251006100321/https://www.wnacg.com/photos-view-id-7751008.html
/web/20251006100328/https://www.wnacg.com/photos-view-id-7751013.html
/web/20251006100420/https://www.wnacg.com/download-index-aid-96992.html
/web/20251006100441/https://www.wnacg.com/photos-view-id-7751009.html
/web/20251006100506/https://www.wnacg.com/photos-view-id-7751012.html
/web/20251006100430/https://www.wnacg.com/photos-slide-aid-96992.html
/web/20251006100436/https://www.wnacg.com/photos-view-id-7751016.html
/web/20251006100540/https://www.wnacg.com/photos-view-id-7751015.html
/web/20251006100650/https://www.wnacg.com/photos-view-id-7751010.html
/web/20251006100711/https://www.wnacg.com/photos-view-id-7751022.html
/web/20251006100722/https://www.wnacg.com/photos-view-id-7751029.html
/web/20251006100731/https://www.wnacg.com/photos-view-id-7751024.html
/web/20251006100741/https://www.wnacg.com/photos-view-id-7751028.html
/web/20251006100751/https://www.wnacg.com/photos-view-id-7751030.html
/web/20251006100835/https://www.wnacg.com/photos-index-page-1-aid-96992.html
/web/20251006100850/https://www.wnacg.com/photos-view-id-7751027.html
/web/20251006100921/https://www.wnacg.com/photos-view-id-7751023.html
/web/20251006100932/https://www.wnacg.com/photos-view-id-7751031.html
/web/20251006100845/https://www.wnacg.com/photos-view-id-7751026.html
/web/20251006100959/https://www.wnacg.com/photos-view-id-7751021.html
/web/20251006101034/https://www.wnacg.com/photos-view-id-7751020.html
/web/20251006101031/https://www.wnacg.com/photos-view-id-7751035.html
/web/20251006100923/https://www.wnacg.com/photos-view-id-7751025.html
/web/20251006101108/https://www.wnacg.com/photos-view-id-7751032.html
/web/20251006101105/https://www.wnacg.com/photos-view-id-7751034.html
/web/20251006101206/https://v1.wzip.download/down/0970/3c225167ee4bb15442663df0958248f7.zip?n=%5B%E9%9D%B4%E4%B8%8B%E6%B1%89%E5%8C%96%E7%BB%84%5D%20%5B%E5%A1%A9%E3%81%A1%E3%82%87%E3%81%93%20(%E4%B8%83G)%5D%20%E9%AC%BC%E3%81%A8%E3%82%8F%E3%82%89%E3%81%B9%E3%81%A8%E5%A4%A2%E3%81%A8%E3%81%86%E3%81%A4%E3%81%A4%E3%81%A8%20(%E7%AB%9C%E8%83%86%E5%B0%8A)%20%5BDL%E7%89%88%5D
/web/20251006101204/https://www.wnacg.com/photos-view-id-7751033.html
/web/20251006101214/https://v1.wzip.date/down/0970/3c225167ee4bb15442663df0958248f7.zip?n=%5B%E9%9D%B4%E4%B8%8B%E6%B1%89%E5%8C%96%E7%BB%84%5D%20%5B%E5%A1%A9%E3%81%A1%E3%82%87%E3%81%93%20(%E4%B8%83G)%5D%20%E9%AC%BC%E3%81%A8%E3%82%8F%E3%82%89%E3%81%B9%E3%81%A8%E5%A4%A2%E3%81%A8%E3%81%86%E3%81%A4%E3%81%A4%E3%81%A8%20(%E7%AB%9C%E8%83%86%E5%B0%8A)%20%5BDL%E7%89%88%5D
