/web/20251005052607/https://www.wnacg.com/photos-index-aid-264677.html
/web/20251005052639/https://www.wnacg.com/photos-view-id-21808239.html
/web/20251005052632/https://www.wnacg.com/photos-view-id-21808242.html
/web/20251005052646/https://www.wnacg.com/photos-slide-aid-264677.html
/web/20251005052653/https://www.wnacg.com/photos-view-id-21808261.html
/web/20251005052826/https://www.wnacg.com/photos-view-id-21808237.html
/web/20251005052824/https://www.wnacg.com/photos-view-id-21808247.html
/web/20251005052848/https://www.wnacg.com/photos-view-id-21808262.html
/web/20251005052854/https://www.wnacg.com/photos-view-id-21808254.html
/web/20251005052838/https://www.wnacg.com/photos-view-id-21808253.html
/web/20251005052847/https://www.wnacg.com/photos-index-page-3-aid-264677.html
/web/20251005052912/https://www.wnacg.com/photos-view-id-21808260.html
/web/20251005052917/https://www.wnacg.com/photos-view-id-21808267.html
/web/20251005052957/https://www.wnacg.com/photos-index-page-2-aid-264677.html
/web/20251005053018/https://www.wnacg.com/download-index-aid-264677.html
/web/20251005053023/https://www.wnacg.com/photos-view-id-21808241.html
/web/20251005053053/https://www.wnacg.com/photos-view-id-21808266.html
/web/20251005053146/https://www.wnacg.com/photos-view-id-21808245.html
/web/20251005053221/https://www.wnacg.com/photos-view-id-21808256.html
/web/20251005053235/https://www.wnacg.com/photos-view-id-21808249.html
/web/20251005053244/https://www.wnacg.com/photos-view-id-21808244.html
/web/20251005053330/https://www.wnacg.com/photos-view-id-21808258.html
/web/20251005053258/https://www.wnacg.com/photos-index-page-1-aid-264677.html
/web/20251005053329/https://www.wnacg.com/photos-view-id-21808259.html
/web/20251005053417/https://www.wnacg.com/photos-view-id-21808257.html
/web/20251005053401/https://www.wnacg.com/photos-view-id-21808250.html
/web/20251005053355/https://www.wnacg.com/photos-view-id-21808263.html
/web/20251005053421/https://www.wnacg.com/photos-view-id-21808251.html
/web/20251005053441/https://www.wnacg.com/photos-view-id-21808269.html
/web/20251005053523/https://www.wnacg.com/photos-view-id-21808240.html
/web/20251005053501/https://www.wnacg.com/photos-view-id-21808243.html
/web/20251005053454/https://www.wnacg.com/photos-view-id-21808255.html
/web/20251005053553/https://www.wnacg.com/photos-view-id-21808246.html
/web/20251005053540/https://www.wnacg.com/photos-view-id-21808238.html
/web/20251005053550/https://www.wnacg.com/photos-view-id-21808265.html
/web/20251005053624/https://v1.wzip.download/down/2647/8355fe12490c0239475c154a575316fc.zip?n=%5B%E3%81%88%E3%82%80%E3%81%8A%E5%B7%A5%E6%88%BF%20(%E3%82%88%E3%81%AD%E3%81%99%E3%81%91)%5D%20%E6%95%97%E5%8C%97%E3%81%AE%E8%B2%A2%E3%81%8E%E3%83%9E%E3%82%BE
/web/20251005053616/https://www.wnacg.com/photos-view-id-21808248.html
/web/20251005053636/https://www.wnacg.com/photos-view-id-21808252.html
/web/20251005053649/https://v1.wzip.date/down/2647/8355fe12490c0239475c154a575316fc.zip?n=%5B%E3%81%88%E3%82%80%E3%81%8A%E5%B7%A5%E6%88%BF%20(%E3%82%88%E3%81%AD%E3%81%99%E3%81%91)%5D%20%E6%95%97%E5%8C%97%E3%81%AE%E8%B2%A2%E3%81%8E%E3%83%9E%E3%82%BE
/web/20251005053706/https://www.wnacg.com/photos-view-id-21808268.html
/web/20251005053655/https://www.wnacg.com/photos-view-id-21808264.html
