https://www.wnacg.com/photos-index-aid-264677.html
https://www.wnacg.com/photos-view-id-21808239.html
https://www.wnacg.com/photos-view-id-21808242.html
https://www.wnacg.com/photos-slide-aid-264677.html
https://www.wnacg.com/photos-view-id-21808261.html
https://www.wnacg.com/photos-view-id-21808237.html
https://www.wnacg.com/photos-view-id-21808247.html
https://www.wnacg.com/photos-view-id-21808262.html
https://www.wnacg.com/photos-view-id-21808254.html
https://www.wnacg.com/photos-view-id-21808253.html
https://www.wnacg.com/photos-index-page-3-aid-264677.html
https://www.wnacg.com/photos-view-id-21808260.html
https://www.wnacg.com/photos-view-id-21808267.html
https://www.wnacg.com/photos-index-page-2-aid-264677.html
https://www.wnacg.com/download-index-aid-264677.html
https://www.wnacg.com/photos-view-id-21808241.html
https://www.wnacg.com/photos-view-id-21808266.html
https://www.wnacg.com/photos-view-id-21808245.html
https://www.wnacg.com/photos-view-id-21808256.html
https://www.wnacg.com/photos-view-id-21808249.html
https://www.wnacg.com/photos-view-id-21808244.html
https://www.wnacg.com/photos-view-id-21808258.html
https://www.wnacg.com/photos-index-page-1-aid-264677.html
https://www.wnacg.com/photos-view-id-21808259.html
https://www.wnacg.com/photos-view-id-21808257.html
https://www.wnacg.com/photos-view-id-21808250.html
https://www.wnacg.com/photos-view-id-21808263.html
https://www.wnacg.com/photos-view-id-21808251.html
https://www.wnacg.com/photos-view-id-21808269.html
https://www.wnacg.com/photos-view-id-21808240.html
https://www.wnacg.com/photos-view-id-21808243.html
https://www.wnacg.com/photos-view-id-21808255.html
https://www.wnacg.com/photos-view-id-21808246.html
https://www.wnacg.com/photos-view-id-21808238.html
https://www.wnacg.com/photos-view-id-21808265.html
https://v1.wzip.download/down/2647/8355fe12490c0239475c154a575316fc.zip?n=[%E3%81%88%E3%82%80%E3%81%8A%E5%B7%A5%E6%88%BF%20(%E3%82%88%E3%81%AD%E3%81%99%E3%81%91)]%20%E6%95%97%E5%8C%97%E3%81%AE%E8%B2%A2%E3%81%8E%E3%83%9E%E3%82%BE
https://www.wnacg.com/photos-view-id-21808248.html
https://www.wnacg.com/photos-view-id-21808252.html
https://v1.wzip.date/down/2647/8355fe12490c0239475c154a575316fc.zip?n=[%E3%81%88%E3%82%80%E3%81%8A%E5%B7%A5%E6%88%BF%20(%E3%82%88%E3%81%AD%E3%81%99%E3%81%91)]%20%E6%95%97%E5%8C%97%E3%81%AE%E8%B2%A2%E3%81%8E%E3%83%9E%E3%82%BE
https://www.wnacg.com/photos-view-id-21808268.html
https://www.wnacg.com/photos-view-id-21808264.html
