/web/20251005085601/https://www.wnacg.com/photos-index-aid-298718.html
/web/20251005085626/https://www.wnacg.com/photos-index-page-4-aid-298718.html
/web/20251005085646/https://www.wnacg.com/photos-view-id-24775124.html
/web/20251005085618/https://www.wnacg.com/photos-view-id-24775121.html
/web/20251005085723/https://www.wnacg.com/photos-index-page-8-aid-298718.html
/web/20251005085641/https://www.wnacg.com/photos-view-id-24775123.html
/web/20251005085639/https://www.wnacg.com/photos-view-id-24775115.html
/web/20251005085746/https://www.wnacg.com/photos-view-id-24775122.html
/web/20251005085753/https://www.wnacg.com/photos-view-id-24775113.html
/web/20251005085746/https://www.wnacg.com/photos-slide-aid-298718.html
/web/20251005085806/https://www.wnacg.com/photos-index-page-5-aid-298718.html
/web/20251005085834/https://www.wnacg.com/photos-view-id-24775114.html
/web/20251005085835/https://www.wnacg.com/download-index-aid-298718.html
/web/20251005085800/https://www.wnacg.com/photos-view-id-24775119.html
/web/20251005085849/https://www.wnacg.com/photos-index-page-3-aid-298718.html
/web/20251005085843/https://www.wnacg.com/photos-view-id-24775117.html
/web/20251005085912/https://www.wnacg.com/photos-view-id-24775120.html
/web/20251005085904/https://www.wnacg.com/photos-view-id-24775116.html
/web/20251005085954/https://www.wnacg.com/photos-view-id-24775118.html
/web/20251005085955/https://www.wnacg.com/photos-index-page-2-aid-298718.html
/web/20251005090012/https://www.wnacg.com/photos-view-id-24775153.html
/web/20251005090020/https://www.wnacg.com/photos-view-id-24775149.html
/web/20251005090026/https://www.wnacg.com/photos-view-id-24775159.html
/web/20251005090101/https://www.wnacg.com/photos-view-id-24775157.html
/web/20251005090104/https://www.wnacg.com/photos-index-page-6-aid-298718.html
/web/20251005090124/https://www.wnacg.com/photos-index-page-1-aid-298718.html
/web/20251005090128/https://www.wnacg.com/photos-view-id-24775158.html
/web/20251005090132/https://www.wnacg.com/photos-view-id-24775152.html
/web/20251005090115/https://www.wnacg.com/photos-view-id-24775151.html
/web/20251005090108/https://www.wnacg.com/photos-view-id-24775150.html
/web/20251005090208/https://www.wnacg.com/photos-view-id-24775155.html
/web/20251005090208/https://www.wnacg.com/photos-view-id-24775154.html
/web/20251005090229/https://www.wnacg.com/photos-view-id-24775200.html
/web/20251005090215/https://www.wnacg.com/photos-view-id-24775156.html
/web/20251005090317/https://www.wnacg.com/photos-view-id-24775202.html
/web/20251005090222/https://www.wnacg.com/photos-view-id-24775125.html
/web/20251005090326/https://www.wnacg.com/photos-view-id-24775201.html
/web/20251005090333/https://www.wnacg.com/photos-view-id-24775197.html
/web/20251005090319/https://www.wnacg.com/photos-index-page-7-aid-298718.html
/web/20251005090418/https://www.wnacg.com/photos-view-id-24775199.html
/web/20251005090340/https://www.wnacg.com/photos-view-id-24775203.html
/web/20251005090438/https://www.wnacg.com/photos-view-id-24775198.html
/web/20251005090439/https://www.wnacg.com/photos-view-id-24775170.html
/web/20251005090446/https://www.wnacg.com/photos-view-id-24775161.html
/web/20251005090504/https://www.wnacg.com/photos-view-id-24775168.html
/web/20251005090453/https://www.wnacg.com/photos-view-id-24775171.html
/web/20251005090544/https://www.wnacg.com/photos-view-id-24775179.html
/web/20251005090535/https://www.wnacg.com/photos-view-id-24775176.html
/web/20251005090527/https://www.wnacg.com/photos-view-id-24775164.html
/web/20251005090528/https://www.wnacg.com/photos-view-id-24775160.html
/web/20251005090606/https://www.wnacg.com/photos-view-id-24775183.html
/web/20251005090612/https://www.wnacg.com/photos-view-id-24775173.html
/web/20251005090641/https://www.wnacg.com/photos-view-id-24775184.html
/web/20251005090647/https://www.wnacg.com/photos-view-id-24775175.html
/web/20251005090640/https://www.wnacg.com/photos-view-id-24775180.html
/web/20251005090719/https://www.wnacg.com/photos-view-id-24775178.html
/web/20251005090745/https://www.wnacg.com/photos-view-id-24775174.html
/web/20251005090735/https://www.wnacg.com/photos-view-id-24775181.html
/web/20251005090737/https://www.wnacg.com/photos-view-id-24775182.html
/web/20251005090809/https://www.wnacg.com/photos-view-id-24775196.html
/web/20251005090826/https://www.wnacg.com/photos-view-id-24775192.html
/web/20251005090856/https://www.wnacg.com/photos-view-id-24775188.html
/web/20251005090857/https://www.wnacg.com/photos-view-id-24775193.html
/web/20251005090907/https://www.wnacg.com/photos-view-id-24775195.html
/web/20251005090938/https://www.wnacg.com/photos-view-id-24775194.html
/web/20251005090939/https://www.wnacg.com/photos-view-id-24775187.html
/web/20251005090938/https://www.wnacg.com/photos-view-id-24775191.html
/web/20251005090936/https://www.wnacg.com/photos-view-id-24775186.html
/web/20251005090947/https://www.wnacg.com/photos-view-id-24775185.html
/web/20251005091015/https://www.wnacg.com/photos-view-id-24775167.html
/web/20251005091022/https://www.wnacg.com/photos-view-id-24775172.html
/web/20251005091014/https://www.wnacg.com/photos-view-id-24775162.html
/web/20251005091049/https://www.wnacg.com/photos-view-id-24775177.html
/web/20251005091050/https://www.wnacg.com/photos-view-id-24775163.html
/web/20251005091128/https://www.wnacg.com/photos-view-id-24775165.html
/web/20251005091137/https://www.wnacg.com/photos-view-id-24775190.html
/web/20251005091130/https://www.wnacg.com/photos-view-id-24775189.html
/web/20251005091205/https://www.wnacg.com/photos-view-id-24775166.html
/web/20251005091214/https://v1.wzip.date/down/2988/8f9b22c7bc7d5fc32074c35c8780496a.zip?n=%5BXTER%5D%20My%20Sister...3+extras%20%5B%E4%B8%AD%E5%9B%BD%E7%BF%BB%E8%A8%B3%5D%20%5B%E7%84%A1%E4%BF%AE%E6%AD%A3%5D
/web/20251005091218/https://v1.wzip.download/down/2988/8f9b22c7bc7d5fc32074c35c8780496a.zip?n=%5BXTER%5D%20My%20Sister...3+extras%20%5B%E4%B8%AD%E5%9B%BD%E7%BF%BB%E8%A8%B3%5D%20%5B%E7%84%A1%E4%BF%AE%E6%AD%A3%5D
/web/20251005091206/https://www.wnacg.com/photos-view-id-24775169.html
/web/20251005091246/https://www.wnacg.com/photos-view-id-24775139.html
/web/20251005091324/https://www.wnacg.com/photos-view-id-24775141.html
/web/20251005091325/https://www.wnacg.com/photos-view-id-24775144.html
/web/20251005091332/https://www.wnacg.com/photos-view-id-24775145.html
/web/20251005091346/https://www.wnacg.com/photos-view-id-24775147.html
/web/20251005091339/https://www.wnacg.com/photos-view-id-24775146.html
/web/20251005091429/https://www.wnacg.com/photos-view-id-24775148.html
/web/20251005091450/https://www.wnacg.com/photos-view-id-24775137.html
/web/20251005091451/https://www.wnacg.com/photos-view-id-24775140.html
/web/20251005091458/https://www.wnacg.com/photos-view-id-24775135.html
/web/20251005091505/https://www.wnacg.com/photos-view-id-24775126.html
/web/20251005091519/https://www.wnacg.com/photos-view-id-24775132.html
/web/20251005091512/https://www.wnacg.com/photos-view-id-24775130.html
/web/20251005091543/https://www.wnacg.com/photos-view-id-24775138.html
/web/20251005091537/https://www.wnacg.com/photos-view-id-24775134.html
/web/20251005091605/https://www.wnacg.com/photos-view-id-24775142.html
/web/20251005091607/https://www.wnacg.com/photos-view-id-24775136.html
/web/20251005091628/https://www.wnacg.com/photos-view-id-24775128.html
/web/20251005091614/https://www.wnacg.com/photos-view-id-24775127.html
/web/20251005091621/https://www.wnacg.com/photos-view-id-24775133.html
/web/20251005091705/https://www.wnacg.com/photos-view-id-24775129.html
/web/20251005091726/https://www.wnacg.com/photos-view-id-24775131.html
/web/20251005091743/https://www.wnacg.com/photos-view-id-24775143.html
