/web/20251005143433/https://www.wnacg.com/photos-index-aid-316749.html
/web/20251005143451/https://www.wnacg.com/photos-view-id-26597712.html
/web/20251005143459/https://www.wnacg.com/download-index-aid-316749.html
/web/20251005143506/https://www.wnacg.com/photos-view-id-26597716.html
/web/20251005143512/https://www.wnacg.com/photos-index-page-2-aid-316749.html
/web/20251005143519/https://www.wnacg.com/photos-index-page-3-aid-316749.html
/web/20251005143528/https://www.wnacg.com/photos-view-id-26597713.html
/web/20251005143604/https://www.wnacg.com/photos-view-id-26597709.html
/web/20251005143608/https://www.wnacg.com/photos-slide-aid-316749.html
/web/20251005143630/https://www.wnacg.com/photos-view-id-26597707.html
/web/20251005143648/https://www.wnacg.com/photos-view-id-26597710.html
/web/20251005143650/https://www.wnacg.com/photos-view-id-26597715.html
/web/20251005143711/https://www.wnacg.com/photos-view-id-26597708.html
/web/20251005143712/https://www.wnacg.com/photos-view-id-26597714.html
/web/20251005143723/https://www.wnacg.com/photos-view-id-26597706.html
/web/20251005143726/https://www.wnacg.com/photos-view-id-26597711.html
/web/20251005143732/https://www.wnacg.com/photos-index-page-4-aid-316749.html
/web/20251005143824/https://v1.wzip.download/down/3168/079292d6ce34ad6a5f4a74afe324da8b.zip?n=%5B%E4%B8%8B%E7%B4%9A%E5%9B%BD%E6%B0%91%20(%E3%83%A2%E3%83%96%E3%83%A9%E3%82%A4%E3%83%96)%5D%E7%95%B0%E4%B8%96%E7%95%8C%E3%82%A8%E3%83%AB%E3%83%95%E5%A5%B4%E9%9A%B7%E3%82%92%E8%B2%B7%E3%81%A3%E3%81%9F%E6%97%A5%20%5B%E4%B8%AD%E5%9B%BD%E7%BF%BB%E8%A8%B3%5D%5B%E7%B2%97%E7%A2%BC%5D
/web/20251005143838/https://www.wnacg.com/photos-view-id-26597717.html
/web/20251005143845/https://www.wnacg.com/photos-view-id-26597721.html
/web/20251005143852/https://www.wnacg.com/photos-view-id-26597720.html
/web/20251005143831/https://v1.wzip.date/down/3168/079292d6ce34ad6a5f4a74afe324da8b.zip?n=%5B%E4%B8%8B%E7%B4%9A%E5%9B%BD%E6%B0%91%20(%E3%83%A2%E3%83%96%E3%83%A9%E3%82%A4%E3%83%96)%5D%E7%95%B0%E4%B8%96%E7%95%8C%E3%82%A8%E3%83%AB%E3%83%95%E5%A5%B4%E9%9A%B7%E3%82%92%E8%B2%B7%E3%81%A3%E3%81%9F%E6%97%A5%20%5B%E4%B8%AD%E5%9B%BD%E7%BF%BB%E8%A8%B3%5D%5B%E7%B2%97%E7%A2%BC%5D
/web/20251005143931/https://www.wnacg.com/photos-view-id-26597723.html
/web/20251005143934/https://www.wnacg.com/photos-index-page-1-aid-316749.html
/web/20251005143941/https://www.wnacg.com/photos-view-id-26597719.html
/web/20251005144009/https://www.wnacg.com/photos-view-id-26597722.html
/web/20251005143957/https://www.wnacg.com/photos-view-id-26597724.html
/web/20251005143948/https://www.wnacg.com/photos-view-id-26597728.html
/web/20251005144039/https://www.wnacg.com/photos-view-id-26597718.html
/web/20251005144040/https://www.wnacg.com/photos-view-id-26597725.html
/web/20251005144013/https://www.wnacg.com/photos-view-id-26597726.html
/web/20251005144053/https://www.wnacg.com/photos-view-id-26597737.html
/web/20251005144115/https://www.wnacg.com/photos-view-id-26597732.html
/web/20251005144122/https://www.wnacg.com/photos-view-id-26597735.html
/web/20251005144114/https://www.wnacg.com/photos-view-id-26597738.html
/web/20251005144150/https://www.wnacg.com/photos-view-id-26597739.html
/web/20251005144151/https://www.wnacg.com/photos-view-id-26597736.html
/web/20251005144228/https://www.wnacg.com/photos-view-id-26597740.html
/web/20251005144238/https://www.wnacg.com/photos-view-id-26597731.html
/web/20251005144239/https://www.wnacg.com/photos-view-id-26597729.html
/web/20251005144313/https://www.wnacg.com/photos-view-id-26597730.html
/web/20251005144327/https://www.wnacg.com/photos-view-id-26597727.html
/web/20251005144245/https://www.wnacg.com/photos-view-id-26597733.html
/web/20251005144311/https://www.wnacg.com/photos-view-id-26597734.html
/web/20251005144341/https://www.wnacg.com/photos-view-id-26597745.html
/web/20251005144321/https://www.wnacg.com/photos-view-id-26597705.html
/web/20251005144422/https://www.wnacg.com/photos-view-id-26597744.html
/web/20251005144431/https://www.wnacg.com/photos-view-id-26597741.html
/web/20251005144432/https://www.wnacg.com/photos-view-id-26597743.html
/web/20251005144717/https://www.wnacg.com/photos-view-id-26597742.html
