/web/20251006082526/https://www.wnacg.com/photos-index-aid-196704.html
/web/20251006082614/https://www.wnacg.com/photos-index-page-2-aid-196704.html
/web/20251006082618/https://www.wnacg.com/photos-view-id-17081393.html
/web/20251006082638/https://www.wnacg.com/photos-view-id-17081389.html
/web/20251006082656/https://www.wnacg.com/photos-view-id-17081383.html
/web/20251006082628/https://www.wnacg.com/photos-index-page-3-aid-196704.html
/web/20251006082646/https://www.wnacg.com/photos-view-id-17081385.html
/web/20251006082644/https://www.wnacg.com/photos-index-page-4-aid-196704.html
/web/20251006082750/https://www.wnacg.com/download-index-aid-196704.html
/web/20251006082747/https://www.wnacg.com/photos-view-id-17081384.html
/web/20251006082821/https://www.wnacg.com/photos-view-id-17081388.html
/web/20251006082800/https://www.wnacg.com/photos-view-id-17081387.html
/web/20251006082830/https://www.wnacg.com/photos-view-id-17081390.html
/web/20251006082829/https://www.wnacg.com/photos-slide-aid-196704.html
/web/20251006082905/https://www.wnacg.com/photos-view-id-17081392.html
/web/20251006082947/https://www.wnacg.com/photos-view-id-17081394.html
/web/20251006083014/https://www.wnacg.com/photos-view-id-17081386.html
/web/20251006083026/https://www.wnacg.com/photos-view-id-17081391.html
/web/20251006083116/https://www.wnacg.com/photos-view-id-17081404.html
/web/20251006083143/https://www.wnacg.com/photos-view-id-17081411.html
/web/20251006083128/https://www.wnacg.com/photos-view-id-17081402.html
/web/20251006083205/https://www.wnacg.com/photos-index-page-1-aid-196704.html
/web/20251006083127/https://www.wnacg.com/photos-view-id-17081400.html
/web/20251006083241/https://www.wnacg.com/photos-view-id-17081412.html
/web/20251006083257/https://www.wnacg.com/photos-view-id-17081409.html
/web/20251006083240/https://www.wnacg.com/photos-view-id-17081398.html
/web/20251006083314/https://www.wnacg.com/photos-view-id-17081414.html
/web/20251006083306/https://www.wnacg.com/photos-view-id-17081407.html
/web/20251006083435/https://www.wnacg.com/photos-view-id-17081442.html
/web/20251006083422/https://www.wnacg.com/photos-view-id-17081395.html
/web/20251006083440/https://www.wnacg.com/photos-view-id-17081419.html
/web/20251006083500/https://www.wnacg.com/photos-view-id-17081406.html
/web/20251006083500/https://www.wnacg.com/photos-view-id-17081422.html
/web/20251006083502/https://www.wnacg.com/photos-view-id-17081397.html
/web/20251006083539/https://www.wnacg.com/photos-view-id-17081428.html
/web/20251006083635/https://www.wnacg.com/photos-view-id-17081416.html
/web/20251006083706/https://www.wnacg.com/photos-view-id-17081421.html
/web/20251006083702/https://www.wnacg.com/photos-view-id-17081417.html
/web/20251006083714/https://www.wnacg.com/photos-view-id-17081431.html
/web/20251006083748/https://www.wnacg.com/photos-view-id-17081430.html
/web/20251006083812/https://www.wnacg.com/photos-view-id-17081427.html
/web/20251006083757/https://www.wnacg.com/photos-view-id-17081424.html
/web/20251006083804/https://www.wnacg.com/photos-view-id-17081433.html
/web/20251006083821/https://www.wnacg.com/photos-view-id-17081426.html
/web/20251006083837/https://www.wnacg.com/photos-view-id-17081439.html
/web/20251006083912/https://www.wnacg.com/photos-view-id-17081434.html
/web/20251006083917/https://www.wnacg.com/photos-view-id-17081441.html
/web/20251006083948/https://v1.wzip.download/down/1968/ccfba281f20871b5e886b546bbc06c51.zip?n=%5B%E4%B9%9D%E8%AA%BF%E5%9B%9B%E5%AD%A3(%E8%AA%BF%E5%9B%9B%E5%AD%A3)%5D%E4%BD%8E%E7%B4%9A%E3%82%B6%E3%82%B3%E6%B7%AB%E9%AD%94%E3%81%AE%E8%A7%A6%E6%89%8B%E3%81%8C%E4%B8%8D%E5%BF%AB%E3%81%AA%E3%81%AE%E3%81%A7%E6%84%9F%E8%A6%9A%E9%81%AE%E6%96%AD%E9%AD%94%E6%B3%95%E3%82%92%E5%B1%95%E9%96%8B%E3%81%97%E3%81%BE%E3%81%97%E3%81%9F%E3%82%8F%E3%81%A3!!%20%5B%E4%B8%AD%E5%9B%BD%E7%BF%BB%E8%A8%B3%5D%5B%E3%82%AB%E3%83%A9%E3%83%BC%E5%8C%96%5D%5B%E7%84%A1%E4%BF%AE%E6%AD%A3%5D%5B%E6%82%A0%E5%8F%94%E4%B8%AA%E4%BA%BA%E6%B1%89%E5%8C%96%5D
/web/20251006083945/https://www.wnacg.com/photos-view-id-17081435.html
/web/20251006084035/https://www.wnacg.com/photos-view-id-17081437.html
