/web/20251006104949/https://www.wnacg.com/photos-index-aid-303561.html
/web/20251006105009/https://www.wnacg.com/download-index-aid-303561.html
/web/20251006105019/https://www.wnacg.com/photos-view-id-25251742.html
/web/20251006105039/https://www.wnacg.com/photos-view-id-25251733.html
/web/20251006105049/https://www.wnacg.com/photos-view-id-25251750.html
/web/20251006105119/https://www.wnacg.com/photos-view-id-25251738.html
/web/20251006105131/https://www.wnacg.com/photos-view-id-25251740.html
/web/20251006105121/https://www.wnacg.com/photos-index-page-2-aid-303561.html
/web/20251006105133/https://www.wnacg.com/photos-view-id-25251732.html
/web/20251006105142/https://www.wnacg.com/photos-view-id-25251731.html
/web/20251006105211/https://www.wnacg.com/photos-view-id-25251736.html
/web/20251006105233/https://www.wnacg.com/photos-index-page-3-aid-303561.html
/web/20251006105245/https://www.wnacg.com/photos-slide-aid-303561.html
/web/20251006105304/https://www.wnacg.com/photos-index-page-10-aid-303561.html
/web/20251006105316/https://www.wnacg.com/photos-view-id-25251748.html
/web/20251006105335/https://www.wnacg.com/photos-view-id-25251734.html
/web/20251006105254/https://www.wnacg.com/photos-index-page-5-aid-303561.html
/web/20251006105358/https://v1.wzip.download/down/3036/cb43941c1dc36c874f60bf70ed7c9d6a.zip?n=%5BNOSEBLEED%20(%E5%AE%AE%E5%85%83%E4%B8%80%E4%BD%90)%5D%20%E9%BB%92%E3%82%AE%E3%83%A3%E3%83%AB%E3%83%A1%E3%82%A4%E3%83%89%E6%B7%AB%E9%AD%94%E3%80%81%E3%81%94%E3%81%97%E3%82%85%E3%82%92%E5%96%B0%E3%81%86%E3%80%82%EF%B8%B1%E4%BA%AB%E7%94%A8%E4%B8%BB%E4%BA%BA%E7%9A%84%E9%BB%91%E8%BE%A3%E5%A6%B9%E5%A5%B3%E5%83%95%E6%B7%AB%E9%AD%94%E3%80%821~3%20%5B%E4%B8%AD%E5%9B%BD%E7%BF%BB%E8%A8%B3%5D%5B%E7%84%A1%E4%BF%AE%E6%AD%A3%5D%5BDL%E7%89%88%5D
/web/20251006105408/https://v1.wzip.date/down/3036/cb43941c1dc36c874f60bf70ed7c9d6a.zip?n=%5BNOSEBLEED%20(%E5%AE%AE%E5%85%83%E4%B8%80%E4%BD%90)%5D%20%E9%BB%92%E3%82%AE%E3%83%A3%E3%83%AB%E3%83%A1%E3%82%A4%E3%83%89%E6%B7%AB%E9%AD%94%E3%80%81%E3%81%94%E3%81%97%E3%82%85%E3%82%92%E5%96%B0%E3%81%86%E3%80%82%EF%B8%B1%E4%BA%AB%E7%94%A8%E4%B8%BB%E4%BA%BA%E7%9A%84%E9%BB%91%E8%BE%A3%E5%A6%B9%E5%A5%B3%E5%83%95%E6%B7%AB%E9%AD%94%E3%80%821~3%20%5B%E4%B8%AD%E5%9B%BD%E7%BF%BB%E8%A8%B3%5D%5B%E7%84%A1%E4%BF%AE%E6%AD%A3%5D%5BDL%E7%89%88%5D
/web/20251006105419/https://www.wnacg.com/photos-view-id-25251744.html
/web/20251006105430/https://www.wnacg.com/photos-view-id-25251753.html
/web/20251006105439/https://www.wnacg.com/photos-view-id-25251754.html
/web/20251006105511/https://www.wnacg.com/photos-index-page-1-aid-303561.html
/web/20251006105522/https://www.wnacg.com/photos-view-id-25251758.html
/web/20251006105533/https://www.wnacg.com/photos-view-id-25251756.html
/web/20251006105551/https://www.wnacg.com/photos-view-id-25251755.html
/web/20251006105622/https://www.wnacg.com/photos-view-id-25251761.html
/web/20251006105624/https://www.wnacg.com/photos-view-id-25251771.html
/web/20251006105634/https://www.wnacg.com/photos-view-id-25251768.html
/web/20251006105643/https://www.wnacg.com/photos-index-page-4-aid-303561.html
/web/20251006105703/https://www.wnacg.com/photos-index-page-6-aid-303561.html
/web/20251006105736/https://www.wnacg.com/photos-view-id-25251770.html
/web/20251006105816/https://www.wnacg.com/photos-view-id-25251730.html
/web/20251006105808/https://www.wnacg.com/photos-view-id-25251757.html
/web/20251006105805/https://www.wnacg.com/photos-view-id-25251783.html
/web/20251006105837/https://www.wnacg.com/photos-view-id-25251781.html
/web/20251006105825/https://www.wnacg.com/photos-view-id-25251786.html
/web/20251006105857/https://www.wnacg.com/photos-view-id-25251773.html
/web/20251006105907/https://www.wnacg.com/photos-view-id-25251763.html
/web/20251006105908/https://www.wnacg.com/photos-view-id-25251775.html
/web/20251006105917/https://www.wnacg.com/photos-view-id-25251766.html
/web/20251006105947/https://www.wnacg.com/photos-view-id-25251791.html
/web/20251006110000/https://www.wnacg.com/photos-view-id-25251792.html
/web/20251006105950/https://www.wnacg.com/photos-view-id-25251789.html
/web/20251006110009/https://www.wnacg.com/photos-view-id-25251797.html
/web/20251006110019/https://www.wnacg.com/photos-view-id-25251794.html
/web/20251006110049/https://www.wnacg.com/photos-view-id-25251790.html
/web/20251006110053/https://www.wnacg.com/photos-view-id-25251787.html
/web/20251006110101/https://www.wnacg.com/photos-view-id-25251796.html
/web/20251006110111/https://www.wnacg.com/photos-view-id-25251793.html
/web/20251006110121/https://www.wnacg.com/photos-view-id-25251795.html
/web/20251006110153/https://www.wnacg.com/photos-view-id-25251818.html
/web/20251006110203/https://www.wnacg.com/photos-view-id-25251819.html
/web/20251006110229/https://www.wnacg.com/photos-view-id-25251826.html
/web/20251006110213/https://www.wnacg.com/photos-view-id-25251822.html
/web/20251006110233/https://www.wnacg.com/photos-view-id-25251816.html
/web/20251006110254/https://www.wnacg.com/photos-view-id-25251798.html
/web/20251006110303/https://www.wnacg.com/photos-view-id-25251821.html
/web/20251006110305/https://www.wnacg.com/photos-view-id-25251820.html
/web/20251006110315/https://www.wnacg.com/photos-view-id-25251824.html
/web/20251006110325/https://www.wnacg.com/photos-view-id-25251823.html
/web/20251006110335/https://www.wnacg.com/photos-view-id-25251815.html
/web/20251006110405/https://www.wnacg.com/photos-view-id-25251782.html
/web/20251006110408/https://www.wnacg.com/photos-view-id-25251772.html
/web/20251006110417/https://www.wnacg.com/photos-view-id-25251788.html
/web/20251006110427/https://www.wnacg.com/photos-view-id-25251817.html
/web/20251006110437/https://www.wnacg.com/photos-view-id-25251827.html
/web/20251006110509/https://www.wnacg.com/photos-view-id-25251825.html
/web/20251006110519/https://www.wnacg.com/photos-view-id-25251814.html
/web/20251006110539/https://www.wnacg.com/photos-view-id-25251779.html
/web/20251006110533/https://www.wnacg.com/photos-view-id-25251799.html
/web/20251006110529/https://www.wnacg.com/photos-view-id-25251785.html
/web/20251006110629/https://www.wnacg.com/photos-index-page-7-aid-303561.html
/web/20251006110631/https://www.wnacg.com/photos-view-id-25251774.html
/web/20251006110701/https://www.wnacg.com/photos-view-id-25251865.html
/web/20251006110651/https://www.wnacg.com/photos-view-id-25251784.html
/web/20251006110658/https://www.wnacg.com/photos-view-id-25251776.html
/web/20251006110731/https://www.wnacg.com/photos-index-page-9-aid-303561.html
/web/20251006110743/https://www.wnacg.com/photos-view-id-25251813.html
/web/20251006110803/https://www.wnacg.com/photos-view-id-25251809.html
/web/20251006110733/https://www.wnacg.com/photos-index-page-8-aid-303561.html
/web/20251006110812/https://www.wnacg.com/photos-view-id-25251807.html
/web/20251006110814/https://www.wnacg.com/photos-view-id-25251803.html
/web/20251006110844/https://www.wnacg.com/photos-view-id-25251811.html
/web/20251006110846/https://www.wnacg.com/photos-view-id-25251800.html
/web/20251006110856/https://www.wnacg.com/photos-view-id-25251805.html
/web/20251006110907/https://www.wnacg.com/photos-view-id-25251810.html
/web/20251006110918/https://www.wnacg.com/photos-view-id-25251801.html
/web/20251006110947/https://www.wnacg.com/photos-view-id-25251830.html
/web/20251006110950/https://www.wnacg.com/photos-view-id-25251828.html
/web/20251006110958/https://www.wnacg.com/photos-view-id-25251838.html
/web/20251006111008/https://www.wnacg.com/photos-view-id-25251831.html
/web/20251006111017/https://www.wnacg.com/photos-view-id-25251835.html
/web/20251006111048/https://www.wnacg.com/photos-view-id-25251829.html
/web/20251006111100/https://www.wnacg.com/photos-view-id-25251836.html
/web/20251006111119/https://www.wnacg.com/photos-view-id-25251837.html
/web/20251006111152/https://www.wnacg.com/photos-view-id-25251852.html
/web/20251006111201/https://www.wnacg.com/photos-view-id-25251854.html
/web/20251006111212/https://www.wnacg.com/photos-view-id-25251860.html
/web/20251006111216/https://www.wnacg.com/photos-view-id-25251832.html
/web/20251006111222/https://www.wnacg.com/photos-view-id-25251861.html
/web/20251006111109/https://www.wnacg.com/photos-view-id-25251834.html
/web/20251006111156/https://www.wnacg.com/photos-view-id-25251863.html
/web/20251006111258/https://www.wnacg.com/photos-view-id-25251858.html
/web/20251006111330/https://www.wnacg.com/photos-view-id-25251856.html
/web/20251006111327/https://www.wnacg.com/photos-view-id-25251859.html
/web/20251006111400/https://www.wnacg.com/photos-view-id-25251855.html
/web/20251006111403/https://www.wnacg.com/photos-view-id-25251853.html
/web/20251006111402/https://www.wnacg.com/photos-view-id-25251851.html
/web/20251006111448/https://www.wnacg.com/photos-view-id-25251839.html
/web/20251006111458/https://www.wnacg.com/photos-view-id-25251845.html
/web/20251006111416/https://www.wnacg.com/photos-view-id-25251812.html
/web/20251006111507/https://www.wnacg.com/photos-view-id-25251844.html
/web/20251006111520/https://www.wnacg.com/photos-view-id-25251840.html
/web/20251006111529/https://www.wnacg.com/photos-view-id-25251843.html
/web/20251006111533/https://www.wnacg.com/photos-view-id-25251846.html
/web/20251006111558/https://www.wnacg.com/photos-view-id-25251847.html
/web/20251006111606/https://www.wnacg.com/photos-view-id-25251842.html
/web/20251006111617/https://www.wnacg.com/photos-view-id-25251849.html
/web/20251006111640/https://www.wnacg.com/photos-view-id-25251841.html
/web/20251006111723/https://www.wnacg.com/photos-view-id-25251857.html
/web/20251006111739/https://www.wnacg.com/photos-view-id-25251833.html
/web/20251006111733/https://www.wnacg.com/photos-view-id-25251850.html
/web/20251006111742/https://www.wnacg.com/photos-view-id-25251848.html
