/web/20251110161118/https://www.wnacg.ru/photos-index-aid-312251.html
/web/20251110161137/https://www.wnacg.ru/photos-index-aid-271496.html
/web/20251110161123/https://www.wnacg.com/photos-index-aid-312251.html
/web/20251110161151/https://www.wnacg.com/photos-index-aid-271496.html
/web/20251110161247/https://www.wnacg.com/photos-index-aid-242584.html
/web/20251110161259/https://www.wnacg.ru/photos-index-aid-168842.html
/web/20251110161233/https://www.wnacg.ru/photos-index-aid-242584.html
/web/20251110161340/https://www.wnacg.ru/photos-index-aid-24422.html
/web/20251110161339/https://www.wnacg.com/photos-index-aid-24422.html
/web/20251110161455/https://www.wnacg.ru/photos-index-aid-41767.html
/web/20251110161500/https://www.wnacg.ru/photos-index-aid-37842.html
/web/20251110161452/https://www.wnacg.com/photos-index-aid-41767.html
/web/20251110161556/https://www.wnacg.ru/photos-index-aid-36139.html
/web/20251110161550/https://www.wnacg.com/photos-index-aid-36139.html
/web/20251110161633/https://www.wnacg.ru/photos-index-page-2-aid-312251.html
/web/20251110161604/https://www.wnacg.com/photos-index-aid-37842.html
/web/20251110161709/https://www.wnacg.ru/photos-index-page-3-aid-312251.html
/web/20251110161743/https://www.wnacg.ru/photos-slide-aid-312251.html
/web/20251110161830/https://www.wnacg.ru/download-index-aid-312251.html
/web/20251110161825/https://www.wnacg.ru/photos-index-page-2-aid-271496.html
/web/20251110161839/https://www.wnacg.ru/photos-slide-aid-271496.html
/web/20251110161823/https://www.wnacg.ru/download-index-aid-271496.html
/web/20251110161925/https://www.wnacg.com/download-index-aid-312251.html
/web/20251110161929/https://www.wnacg.ru/photos-index-page-3-aid-271496.html
/web/20251110161902/https://www.wnacg.com/photos-index-page-3-aid-312251.html
/web/20251110162039/https://www.wnacg.com/photos-index-page-2-aid-271496.html
/web/20251110162035/https://www.wnacg.com/photos-index-page-3-aid-271496.html
/web/20251110162149/https://www.wnacg.ru/photos-index-page-10-aid-168842.html
/web/20251110162150/https://www.wnacg.com/photos-index-page-3-aid-242584.html
/web/20251110162138/https://www.wnacg.com/photos-slide-aid-242584.html
/web/20251110162216/https://www.wnacg.com/download-index-aid-242584.html
/web/20251110162138/https://www.wnacg.com/photos-slide-aid-271496.html
/web/20251110162229/https://www.wnacg.ru/photos-index-page-2-aid-168842.html
/web/20251110162310/https://www.wnacg.ru/photos-index-page-3-aid-242584.html
/web/20251110162258/https://www.wnacg.ru/photos-index-page-4-aid-168842.html
/web/20251110162300/https://www.wnacg.ru/photos-index-page-3-aid-168842.html
/web/20251110162202/https://www.wnacg.ru/photos-slide-aid-168842.html
/web/20251110162417/https://www.wnacg.ru/download-index-aid-242584.html
/web/20251110162403/https://www.wnacg.ru/photos-slide-aid-24422.html
/web/20251110162343/https://www.wnacg.ru/photos-index-page-5-aid-168842.html
/web/20251110162459/https://www.wnacg.ru/photos-index-page-2-aid-242584.html
/web/20251110162500/https://www.wnacg.ru/download-index-aid-24422.html
/web/20251110162454/https://www.wnacg.ru/photos-slide-aid-242584.html
/web/20251110162538/https://www.wnacg.ru/photos-index-page-2-aid-24422.html
/web/20251110162617/https://www.wnacg.com/photos-index-page-2-aid-24422.html
/web/20251110162641/https://www.wnacg.com/photos-index-page-3-aid-24422.html
/web/20251110162802/https://www.wnacg.ru/download-index-aid-41767.html
/web/20251110162709/https://www.wnacg.ru/photos-slide-aid-41767.html
/web/20251110162714/https://www.wnacg.com/download-index-aid-24422.html
/web/20251110162753/https://www.wnacg.ru/photos-slide-aid-37842.html
/web/20251110162830/https://www.wnacg.ru/download-index-aid-37842.html
/web/20251110162816/https://www.wnacg.ru/photos-index-page-2-aid-41767.html
/web/20251110162954/https://www.wnacg.com/download-index-aid-41767.html
/web/20251110163024/https://www.wnacg.com/photos-index-page-2-aid-41767.html
/web/20251110163045/https://www.wnacg.ru/photos-slide-aid-36139.html
/web/20251110163123/https://www.wnacg.ru/download-index-aid-36139.html
/web/20251110163108/https://www.wnacg.com/photos-slide-aid-36139.html
/web/20251110163221/https://www.wnacg.com/photos-index-page-3-aid-36139.html
/web/20251110163218/https://www.wnacg.ru/photos-index-page-1-aid-312251.html
/web/20251110163205/https://www.wnacg.com/download-index-aid-36139.html
/web/20251110163212/https://www.wnacg.com/photos-index-page-2-aid-36139.html
/web/20251110163244/https://v1.wzip.download/down/3123/094e32ef61ebe02680660010a68e8461.zip?n=%5B%E3%81%B4%E3%82%8A%E3%82%8A%E3%81%AD%E3%81%8E%5D%20M%E3%83%95%E3%83%A9%E3%82%B0%E3%83%A1%E3%83%B3%E3%83%88%20(%E3%82%AC%E3%83%BC%E3%83%AB%E3%82%BA%E3%83%95%E3%82%A9%E3%83%BC%E3%83%A0%20Vol.07)%20%5B%E6%B2%92%E6%9C%89%E6%BC%A2%E5%8C%96%5D
/web/20251110163253/https://www.wnacg.com/photos-slide-aid-37842.html
/web/20251110163315/https://www.wnacg.com/download-index-aid-37842.html
/web/20251110163345/https://v1.wzip.date/down/3123/094e32ef61ebe02680660010a68e8461.zip?n=%5B%E3%81%B4%E3%82%8A%E3%82%8A%E3%81%AD%E3%81%8E%5D%20M%E3%83%95%E3%83%A9%E3%82%B0%E3%83%A1%E3%83%B3%E3%83%88%20(%E3%82%AC%E3%83%BC%E3%83%AB%E3%82%BA%E3%83%95%E3%82%A9%E3%83%BC%E3%83%A0%20Vol.07)%20%5B%E6%B2%92%E6%9C%89%E6%BC%A2%E5%8C%96%5D
/web/20251110163325/https://www.wnacg.ru/photos-index-page-1-aid-271496.html
/web/20251110162926/https://www.wnacg.com/photos-index-aid-168842.html
/web/20251110162931/https://www.wnacg.com/photos-index-page-2-aid-242584.html
/web/20251110162931/https://www.wnacg.com/photos-slide-aid-24422.html
/web/20251110163536/https://v1.wzip.date/down/0362/734a2d29c48330ce82599327f382eb9e.zip?n=%5B%E6%B2%92%E6%9C%89%E6%BC%A2%E5%8C%96%5D%20%5B40%E3%83%87%E3%83%8B%E3%83%BC%E3%83%AB%20(%E7%AF%A0%E5%B2%A1%E3%81%BB%E3%81%BE%E3%82%8C)%5D%20%E3%81%AC%E3%81%84%E3%81%AC%E3%81%84%E3%81%AE%E5%B0%84%E7%B2%BE%E7%AE%A1%E7%90%86%20(%E8%89%A6%E9%9A%8A%E3%81%93%E3%82%8C%E3%81%8F%E3%81%97%E3%82%87%E3%82%93%20-%E8%89%A6%E3%81%93%E3%82%8C-)
/web/20251110163543/https://v1.wzip.download/down/0362/734a2d29c48330ce82599327f382eb9e.zip?n=%5B%E6%B2%92%E6%9C%89%E6%BC%A2%E5%8C%96%5D%20%5B40%E3%83%87%E3%83%8B%E3%83%BC%E3%83%AB%20(%E7%AF%A0%E5%B2%A1%E3%81%BB%E3%81%BE%E3%82%8C)%5D%20%E3%81%AC%E3%81%84%E3%81%AC%E3%81%84%E3%81%AE%E5%B0%84%E7%B2%BE%E7%AE%A1%E7%90%86%20(%E8%89%A6%E9%9A%8A%E3%81%93%E3%82%8C%E3%81%8F%E3%81%97%E3%82%87%E3%82%93%20-%E8%89%A6%E3%81%93%E3%82%8C-)
/web/20251110163558/https://www.wnacg.com/photos-index-page-1-aid-41767.html
/web/20251110163440/https://v1.wzip.download/down/2715/d1b3426304d848a4a5f82ff97d52b8ce.zip?n=%5B%E3%81%8A%E3%81%97%E3%82%8B%E3%81%93%E7%BC%B6%20(%E3%81%B4%E3%82%8A%E3%82%8A%E3%81%AD%E3%81%8E)%5D%20%E3%83%9E%E3%83%83%E3%83%81%E3%83%B3%E3%82%B0%E3%82%A2%E3%83%97%E3%83%AA%E3%81%A7%E5%87%BA%E4%BC%9A%E3%81%A3%E3%81%9F%E3%81%8A%E5%A7%89%E3%81%95%E3%82%93%E3%81%8C%E3%81%B5%E3%81%9F%E3%81%AA%E3%82%8A%E3%81%A7%E3%81%97%E3%81%9F%20%EF%BD%9E%E5%A5%B3%E8%A3%85%E3%81%A7%E3%81%94%E5%A5%89%E4%BB%95%E8%87%B4%E3%81%97%E3%81%BE%E3%81%99%EF%BD%9E%20%5B%E4%B8%AD%E5%9B%BD%E7%BF%BB%E8%A8%B3%5D%20%5BDL%E7%89%88%5D
/web/20251110163622/https://v1.wzip.date/down/2715/d1b3426304d848a4a5f82ff97d52b8ce.zip?n=%5B%E3%81%8A%E3%81%97%E3%82%8B%E3%81%93%E7%BC%B6%20(%E3%81%B4%E3%82%8A%E3%82%8A%E3%81%AD%E3%81%8E)%5D%20%E3%83%9E%E3%83%83%E3%83%81%E3%83%B3%E3%82%B0%E3%82%A2%E3%83%97%E3%83%AA%E3%81%A7%E5%87%BA%E4%BC%9A%E3%81%A3%E3%81%9F%E3%81%8A%E5%A7%89%E3%81%95%E3%82%93%E3%81%8C%E3%81%B5%E3%81%9F%E3%81%AA%E3%82%8A%E3%81%A7%E3%81%97%E3%81%9F%20%EF%BD%9E%E5%A5%B3%E8%A3%85%E3%81%A7%E3%81%94%E5%A5%89%E4%BB%95%E8%87%B4%E3%81%97%E3%81%BE%E3%81%99%EF%BD%9E%20%5B%E4%B8%AD%E5%9B%BD%E7%BF%BB%E8%A8%B3%5D%20%5BDL%E7%89%88%5D
/web/20251110163616/https://www.wnacg.com/photos-slide-aid-41767.html
/web/20251110163645/https://www.wnacg.com/photos-slide-aid-312251.html
/web/20251110163644/https://www.wnacg.com/photos-index-page-1-aid-36139.html
/web/20251110163751/https://www.wnacg.com/photos-index-page-2-aid-312251.html
/web/20251110163835/https://www.wnacg.com/download-index-aid-271496.html
/web/20251110163826/https://www.wnacg.com/photos-index-page-1-aid-271496.html
/web/20251110163604/https://www.wnacg.ru/photos-index-page-2-aid-36139.html
/web/20251110163846/https://www.wnacg.ru/photos-index-page-6-aid-168842.html
/web/20251110163847/https://www.wnacg.ru/photos-index-page-9-aid-168842.html
/web/20251110163859/https://www.wnacg.ru/photos-index-page-8-aid-168842.html
/web/20251110163909/https://www.wnacg.com/photos-index-page-1-aid-312251.html
/web/20251110163930/https://www.wnacg.com/photos-index-page-2-aid-168842.html
/web/20251110163940/https://www.wnacg.com/photos-index-page-10-aid-168842.html
/web/20251110164009/https://www.wnacg.com/download-index-aid-168842.html
/web/20251110164054/https://www.wnacg.com/photos-index-page-4-aid-168842.html
/web/20251110164108/https://www.wnacg.com/photos-slide-aid-168842.html
/web/20251110164212/https://www.wnacg.ru/photos-index-page-7-aid-168842.html
/web/20251110164318/https://v1.wzip.date/down/2426/a7a3ca1e264f3512228be6dab89ace72.zip?n=%5B%E3%81%8A%E3%81%97%E3%82%8B%E3%81%93%E7%BC%B6%20(%E3%81%B4%E3%82%8A%E3%82%8A%E3%81%AD%E3%81%8E)%5D%20%E5%B0%8F%E3%81%95%E3%81%AA%E6%AA%BB-After-%20%5B%E2%9D%A4%C3%97%E7%9C%9F%E4%B8%8D%E5%8F%AF%E8%A7%86%E6%B1%89%E5%8C%96%E7%BB%84%5D
/web/20251110164251/https://www.wnacg.ru/photos-index-page-1-aid-168842.html
/web/20251110164251/https://v1.wzip.download/down/2426/a7a3ca1e264f3512228be6dab89ace72.zip?n=%5B%E3%81%8A%E3%81%97%E3%82%8B%E3%81%93%E7%BC%B6%20(%E3%81%B4%E3%82%8A%E3%82%8A%E3%81%AD%E3%81%8E)%5D%20%E5%B0%8F%E3%81%95%E3%81%AA%E6%AA%BB-After-%20%5B%E2%9D%A4%C3%97%E7%9C%9F%E4%B8%8D%E5%8F%AF%E8%A7%86%E6%B1%89%E5%8C%96%E7%BB%84%5D
/web/20251110164339/https://v1.wzip.download/down/0245/8a6428cdd8ccd0839190aa1aeec36636.zip?n=%5B%E3%81%8A%E3%81%97%E3%82%8B%E3%81%93%E7%BC%B6%20(%E3%81%B4%E3%82%8A%E3%82%8A%E3%81%AD%E3%81%8E)%5D%20Domestic%20Dog%20(%E3%82%AC%E3%83%BC%E3%83%AB%E3%82%BA%E3%83%95%E3%82%A9%E3%83%BC%E3%83%A0%20Vol.%2011)
/web/20251110164348/https://www.wnacg.com/photos-index-page-1-aid-242584.html
/web/20251110164418/https://v1.wzip.date/down/0245/8a6428cdd8ccd0839190aa1aeec36636.zip?n=%5B%E3%81%8A%E3%81%97%E3%82%8B%E3%81%93%E7%BC%B6%20(%E3%81%B4%E3%82%8A%E3%82%8A%E3%81%AD%E3%81%8E)%5D%20Domestic%20Dog%20(%E3%82%AC%E3%83%BC%E3%83%AB%E3%82%BA%E3%83%95%E3%82%A9%E3%83%BC%E3%83%A0%20Vol.%2011)
/web/20251110164347/https://www.wnacg.ru/download-index-aid-168842.html
/web/20251110164445/https://www.wnacg.ru/photos-index-page-1-aid-242584.html
/web/20251110164608/https://www.wnacg.ru/photos-index-page-1-aid-36139.html
/web/20251110164613/https://www.wnacg.com/photos-index-page-3-aid-168842.html
/web/20251110164606/https://www.wnacg.ru/photos-index-page-3-aid-36139.html
/web/20251110164652/https://www.wnacg.com/photos-index-page-1-aid-168842.html
/web/20251110164706/https://www.wnacg.com/photos-index-page-8-aid-168842.html
/web/20251110164708/https://www.wnacg.com/photos-index-page-9-aid-168842.html
/web/20251110164705/https://www.wnacg.com/photos-index-page-6-aid-168842.html
/web/20251110164713/https://www.wnacg.com/photos-index-page-5-aid-168842.html
/web/20251110164813/https://www.wnacg.ru/photos-index-page-3-aid-24422.html
/web/20251110164857/https://www.wnacg.com/photos-index-page-7-aid-168842.html
/web/20251110164858/https://www.wnacg.com/photos-index-page-1-aid-24422.html
/web/20251110164900/https://v1.wzip.download/down/0418/c21e95355c8e178b343d8a1b8236fec4.zip?n=%5B%E6%B2%92%E6%9C%89%E6%BC%A2%E5%8C%96%5D%5B40%E3%83%87%E3%83%8B%E3%83%BC%E3%83%AB(%E7%AF%A0%E5%B2%A1%E3%81%BB%E3%81%BE%E3%82%8C)%5D%E6%99%82%E5%AD%90%E6%A7%98%E3%81%AE%E3%81%B2%E3%81%BE%E3%81%A4%E3%81%B6%E3%81%97
/web/20251110164809/https://v1.wzip.date/down/1689/4ec9b1ade90521dd075d7901f60cb38e.zip?n=%5B%E6%B2%92%E6%9C%89%E6%BC%A2%E5%8C%96%5D%5B40%E3%83%87%E3%83%8B%E3%83%BC%E3%83%AB%20(%E7%AF%A0%E5%B2%A1%E3%81%BB%E3%81%BE%E3%82%8C)%5D%20idolize%20#1-4%20(%E3%82%A2%E3%82%A4%E3%83%89%E3%83%AB%E3%83%9E%E3%82%B9%E3%82%BF%E3%83%BC%20%E3%82%B7%E3%83%B3%E3%83%87%E3%83%AC%E3%83%A9%E3%82%AC%E3%83%BC%E3%83%AB%E3%82%BA)
/web/20251110164932/https://v1.wzip.date/down/0418/c21e95355c8e178b343d8a1b8236fec4.zip?n=%5B%E6%B2%92%E6%9C%89%E6%BC%A2%E5%8C%96%5D%5B40%E3%83%87%E3%83%8B%E3%83%BC%E3%83%AB(%E7%AF%A0%E5%B2%A1%E3%81%BB%E3%81%BE%E3%82%8C)%5D%E6%99%82%E5%AD%90%E6%A7%98%E3%81%AE%E3%81%B2%E3%81%BE%E3%81%A4%E3%81%B6%E3%81%97
/web/20251110164749/https://v1.wzip.download/down/1689/4ec9b1ade90521dd075d7901f60cb38e.zip?n=%5B%E6%B2%92%E6%9C%89%E6%BC%A2%E5%8C%96%5D%5B40%E3%83%87%E3%83%8B%E3%83%BC%E3%83%AB%20(%E7%AF%A0%E5%B2%A1%E3%81%BB%E3%81%BE%E3%82%8C)%5D%20idolize%20#1-4%20(%E3%82%A2%E3%82%A4%E3%83%89%E3%83%AB%E3%83%9E%E3%82%B9%E3%82%BF%E3%83%BC%20%E3%82%B7%E3%83%B3%E3%83%87%E3%83%AC%E3%83%A9%E3%82%AC%E3%83%BC%E3%83%AB%E3%82%BA)
/web/20251110164922/https://www.wnacg.ru/photos-index-page-1-aid-24422.html
/web/20251110164946/https://v1.wzip.date/down/0379/a3c358edef0e2fde640f611b995424a5.zip?n=%5B%E4%B8%A7%E5%B0%B8%E6%B1%89%E5%8C%96%5D%20%5B%E7%AF%A0%E5%B2%A1%E3%81%BB%E3%81%BE%E3%82%8C%5D%20%E3%81%8A%E3%81%AD%E3%81%8C%E3%81%84!%20%E3%82%B5%E3%82%AD%E3%83%A5%E3%83%90%E3%82%B9%20(%E3%82%B3%E3%83%9F%E3%83%83%E3%82%AF%E3%82%A2%E3%83%B3%E3%83%AA%E3%82%A2%E3%83%AB%202017%E5%B9%B42%E6%9C%88%E5%8F%B7%20Vol.65)%20%5BDL%E7%89%88%5D
/web/20251110165011/https://v1.wzip.download/down/0379/a3c358edef0e2fde640f611b995424a5.zip?n=%5B%E4%B8%A7%E5%B0%B8%E6%B1%89%E5%8C%96%5D%20%5B%E7%AF%A0%E5%B2%A1%E3%81%BB%E3%81%BE%E3%82%8C%5D%20%E3%81%8A%E3%81%AD%E3%81%8C%E3%81%84!%20%E3%82%B5%E3%82%AD%E3%83%A5%E3%83%90%E3%82%B9%20(%E3%82%B3%E3%83%9F%E3%83%83%E3%82%AF%E3%82%A2%E3%83%B3%E3%83%AA%E3%82%A2%E3%83%AB%202017%E5%B9%B42%E6%9C%88%E5%8F%B7%20Vol.65)%20%5BDL%E7%89%88%5D
/web/20251110165110/https://www.wnacg.ru/photos-index-page-1-aid-41767.html
