/web/20251112162730/https://www.wnacg.ru/photos-index-aid-159789.html
/web/20251112162814/https://www.wnacg.com/photos-index-aid-159789.html
/web/20251112162835/https://www.wnacg.ru/photos-view-id-14195538.html
/web/20251112162903/https://www.wnacg.ru/photos-view-id-14195509.html
/web/20251112162939/https://www.wnacg.ru/photos-view-id-14195541.html
/web/20251112162958/https://www.wnacg.ru/photos-index-page-2-aid-159789.html
/web/20251112162938/https://www.wnacg.ru/photos-slide-aid-159789.html
/web/20251112163009/https://www.wnacg.ru/photos-view-id-14195534.html
/web/20251112163100/https://www.wnacg.ru/photos-index-page-4-aid-159789.html
/web/20251112163044/https://www.wnacg.ru/photos-view-id-14195528.html
/web/20251112163130/https://www.wnacg.ru/download-index-aid-159789.html
/web/20251112163150/https://www.wnacg.ru/photos-view-id-14195498.html
/web/20251112163158/https://www.wnacg.ru/photos-view-id-14195544.html
/web/20251112163227/https://www.wnacg.ru/photos-view-id-14195511.html
/web/20251112163154/https://www.wnacg.ru/photos-index-page-3-aid-159789.html
/web/20251112163249/https://www.wnacg.ru/photos-view-id-14195507.html
/web/20251112163300/https://www.wnacg.ru/photos-view-id-14195536.html
/web/20251112163259/https://www.wnacg.ru/photos-view-id-14195543.html
/web/20251112163352/https://www.wnacg.com/photos-index-page-2-aid-159789.html
/web/20251112163412/https://www.wnacg.ru/photos-view-id-14195545.html
/web/20251112163405/https://www.wnacg.ru/photos-view-id-14195532.html
/web/20251112163417/https://www.wnacg.com/photos-view-id-14195543.html
/web/20251112163453/https://www.wnacg.ru/photos-view-id-14195518.html
/web/20251112163446/https://www.wnacg.ru/photos-view-id-14195513.html
/web/20251112163518/https://www.wnacg.ru/photos-view-id-14195525.html
/web/20251112163611/https://www.wnacg.ru/photos-view-id-14195537.html
/web/20251112163625/https://www.wnacg.ru/photos-view-id-14195516.html
/web/20251112163630/https://www.wnacg.ru/photos-view-id-14195520.html
/web/20251112163651/https://www.wnacg.ru/photos-view-id-14195535.html
/web/20251112163650/https://www.wnacg.ru/photos-view-id-14195497.html
/web/20251112163726/https://www.wnacg.ru/photos-view-id-14195501.html
/web/20251112163727/https://www.wnacg.ru/photos-index-page-1-aid-159789.html
/web/20251112163757/https://www.wnacg.ru/photos-view-id-14195529.html
/web/20251112163744/https://www.wnacg.ru/photos-view-id-14195503.html
/web/20251112163833/https://www.wnacg.ru/photos-view-id-14195531.html
/web/20251112163835/https://www.wnacg.ru/photos-view-id-14195542.html
/web/20251112163849/https://www.wnacg.ru/photos-view-id-14195499.html
/web/20251112163903/https://www.wnacg.ru/photos-view-id-14195500.html
/web/20251112163939/https://www.wnacg.ru/photos-view-id-14195504.html
/web/20251112163941/https://www.wnacg.ru/photos-view-id-14195527.html
/web/20251112163954/https://www.wnacg.ru/photos-view-id-14195502.html
/web/20251112164009/https://www.wnacg.ru/photos-view-id-14195517.html
/web/20251112164044/https://www.wnacg.ru/photos-view-id-14195526.html
/web/20251112164045/https://www.wnacg.ru/photos-view-id-14195515.html
/web/20251112164100/https://v1.wzip.download/down/1598/1ca2648fef480cac8ca867b34af7ee9b.zip?n=(C96)%20%5B%E3%83%86%E3%83%B3%E3%83%91%E3%82%8A%E3%82%93%E3%81%90%20(%E3%83%88%E3%82%AD%E3%83%9E%E3%83%81%E2%98%86%E3%82%A8%E3%82%A4%E3%82%BB%E3%82%A4)%5D%20%E3%82%AA%E3%83%88%E3%83%8A%E3%81%AB%E3%81%AA%E3%81%A3%E3%81%A6%E3%82%82%E5%A4%89%E3%82%8F%E3%82%89%E3%81%9A%E3%81%B5%E3%81%9F%E3%81%AA%E3%82%8A%E3%82%A8%E3%83%AB%E3%81%AB%E6%8C%AF%E3%82%8A%E5%9B%9E%E3%81%95%E3%82%8C%E3%82%8B!%20(%E3%83%86%E3%82%A4%E3%83%AB%E3%82%BA%E3%82%AA%E3%83%96%E3%82%A8%E3%82%AF%E3%82%B7%E3%83%AA%E3%82%A22)%20%5B%E6%A9%84%E6%A6%84%E6%B1%89%E5%8C%96%E7%BB%84%5D
/web/20251112164150/https://www.wnacg.ru/photos-view-id-14195524.html
/web/20251112164156/https://www.wnacg.ru/photos-view-id-14195519.html
/web/20251112164206/https://www.wnacg.ru/photos-view-id-14195506.html
/web/20251112164256/https://www.wnacg.ru/photos-view-id-14195547.html
/web/20251112164257/https://www.wnacg.ru/photos-view-id-14195510.html
/web/20251112164312/https://www.wnacg.ru/photos-view-id-14195530.html
/web/20251112164327/https://www.wnacg.ru/photos-view-id-14195540.html
/web/20251112164404/https://www.wnacg.ru/photos-view-id-14195512.html
/web/20251112164402/https://www.wnacg.ru/photos-view-id-14195546.html
/web/20251112164418/https://www.wnacg.ru/photos-view-id-14195508.html
/web/20251112164433/https://www.wnacg.com/photos-view-id-14195534.html
/web/20251112164510/https://v1.wzip.date/down/1598/1ca2648fef480cac8ca867b34af7ee9b.zip?n=(C96)%20%5B%E3%83%86%E3%83%B3%E3%83%91%E3%82%8A%E3%82%93%E3%81%90%20(%E3%83%88%E3%82%AD%E3%83%9E%E3%83%81%E2%98%86%E3%82%A8%E3%82%A4%E3%82%BB%E3%82%A4)%5D%20%E3%82%AA%E3%83%88%E3%83%8A%E3%81%AB%E3%81%AA%E3%81%A3%E3%81%A6%E3%82%82%E5%A4%89%E3%82%8F%E3%82%89%E3%81%9A%E3%81%B5%E3%81%9F%E3%81%AA%E3%82%8A%E3%82%A8%E3%83%AB%E3%81%AB%E6%8C%AF%E3%82%8A%E5%9B%9E%E3%81%95%E3%82%8C%E3%82%8B!%20(%E3%83%86%E3%82%A4%E3%83%AB%E3%82%BA%E3%82%AA%E3%83%96%E3%82%A8%E3%82%AF%E3%82%B7%E3%83%AA%E3%82%A22)%20%5B%E6%A9%84%E6%A6%84%E6%B1%89%E5%8C%96%E7%BB%84%5D
/web/20251112164524/https://www.wnacg.com/photos-view-id-14195518.html
/web/20251112164624/https://www.wnacg.com/photos-index-page-3-aid-159789.html
/web/20251112164656/https://www.wnacg.com/photos-view-id-14195537.html
/web/20251112164657/https://www.wnacg.com/photos-view-id-14195545.html
/web/20251112164647/https://www.wnacg.com/photos-view-id-14195503.html
/web/20251112164729/https://www.wnacg.com/photos-view-id-14195513.html
/web/20251112164740/https://www.wnacg.com/photos-view-id-14195525.html
/web/20251112164736/https://www.wnacg.com/photos-view-id-14195501.html
/web/20251112164755/https://www.wnacg.com/photos-index-page-1-aid-159789.html
/web/20251112164830/https://www.wnacg.com/photos-view-id-14195497.html
/web/20251112164831/https://www.wnacg.com/photos-view-id-14195538.html
/web/20251112164846/https://www.wnacg.ru/photos-view-id-14195514.html
/web/20251112164910/https://www.wnacg.ru/photos-view-id-14195533.html
/web/20251112164936/https://www.wnacg.ru/photos-view-id-14195522.html
/web/20251112164938/https://www.wnacg.com/photos-view-id-14195498.html
/web/20251112164509/https://www.wnacg.ru/photos-view-id-14195521.html
/web/20251112165007/https://www.wnacg.com/photos-view-id-14195520.html
/web/20251112165048/https://www.wnacg.com/photos-view-id-14195540.html
/web/20251112165053/https://www.wnacg.com/photos-view-id-14195546.html
/web/20251112165056/https://www.wnacg.com/photos-view-id-14195521.html
/web/20251112165145/https://www.wnacg.com/photos-view-id-14195506.html
/web/20251112165211/https://www.wnacg.com/photos-view-id-14195512.html
/web/20251112165219/https://www.wnacg.com/photos-view-id-14195519.html
/web/20251112165225/https://www.wnacg.com/photos-view-id-14195522.html
/web/20251112165237/https://www.wnacg.com/photos-view-id-14195530.html
/web/20251112165308/https://www.wnacg.com/photos-view-id-14195508.html
/web/20251112165324/https://www.wnacg.com/photos-view-id-14195510.html
/web/20251112165335/https://www.wnacg.com/photos-view-id-14195524.html
/web/20251112165427/https://www.wnacg.com/photos-view-id-14195516.html
/web/20251112165424/https://www.wnacg.com/photos-view-id-14195547.html
/web/20251112165526/https://www.wnacg.com/photos-view-id-14195514.html
/web/20251112165545/https://www.wnacg.com/photos-view-id-14195507.html
/web/20251112165552/https://www.wnacg.com/photos-view-id-14195528.html
/web/20251112165605/https://www.wnacg.com/photos-slide-aid-159789.html
/web/20251112165653/https://www.wnacg.com/photos-view-id-14195544.html
/web/20251112165650/https://www.wnacg.com/photos-view-id-14195502.html
/web/20251112165714/https://www.wnacg.com/download-index-aid-159789.html
/web/20251112165758/https://www.wnacg.com/photos-view-id-14195535.html
/web/20251112165822/https://www.wnacg.com/photos-view-id-14195511.html
/web/20251112165905/https://www.wnacg.com/photos-view-id-14195532.html
/web/20251112165854/https://www.wnacg.com/photos-view-id-14195541.html
/web/20251112165903/https://www.wnacg.com/photos-index-page-4-aid-159789.html
/web/20251112165850/https://www.wnacg.com/photos-view-id-14195536.html
/web/20251112170005/https://www.wnacg.com/photos-view-id-14195509.html
/web/20251112170041/https://www.wnacg.com/photos-view-id-14195515.html
/web/20251112170110/https://www.wnacg.com/photos-view-id-14195499.html
/web/20251112170055/https://www.wnacg.com/photos-view-id-14195533.html
/web/20251112170040/https://www.wnacg.com/photos-view-id-14195529.html
/web/20251112170125/https://www.wnacg.com/photos-view-id-14195531.html
/web/20251112170140/https://www.wnacg.com/photos-view-id-14195504.html
/web/20251112170245/https://www.wnacg.com/photos-view-id-14195542.html
/web/20251112170225/https://www.wnacg.com/photos-view-id-14195526.html
/web/20251112170253/https://www.wnacg.com/photos-view-id-14195527.html
/web/20251112170316/https://www.wnacg.com/photos-view-id-14195500.html
/web/20251112170331/https://www.wnacg.com/photos-view-id-14195517.html
