https://www.wnacg.ru/photos-index-aid-159789.html
https://www.wnacg.com/photos-index-aid-159789.html
https://www.wnacg.ru/photos-view-id-14195538.html
https://www.wnacg.ru/photos-view-id-14195509.html
https://www.wnacg.ru/photos-view-id-14195541.html
https://www.wnacg.ru/photos-index-page-2-aid-159789.html
https://www.wnacg.ru/photos-slide-aid-159789.html
https://www.wnacg.ru/photos-view-id-14195534.html
https://www.wnacg.ru/photos-index-page-4-aid-159789.html
https://www.wnacg.ru/photos-view-id-14195528.html
https://www.wnacg.ru/download-index-aid-159789.html
https://www.wnacg.ru/photos-view-id-14195498.html
https://www.wnacg.ru/photos-view-id-14195544.html
https://www.wnacg.ru/photos-view-id-14195511.html
https://www.wnacg.ru/photos-index-page-3-aid-159789.html
https://www.wnacg.ru/photos-view-id-14195507.html
https://www.wnacg.ru/photos-view-id-14195536.html
https://www.wnacg.ru/photos-view-id-14195543.html
https://www.wnacg.com/photos-index-page-2-aid-159789.html
https://www.wnacg.ru/photos-view-id-14195545.html
https://www.wnacg.ru/photos-view-id-14195532.html
https://www.wnacg.com/photos-view-id-14195543.html
https://www.wnacg.ru/photos-view-id-14195518.html
https://www.wnacg.ru/photos-view-id-14195513.html
https://www.wnacg.ru/photos-view-id-14195525.html
https://www.wnacg.ru/photos-view-id-14195537.html
https://www.wnacg.ru/photos-view-id-14195516.html
https://www.wnacg.ru/photos-view-id-14195520.html
https://www.wnacg.ru/photos-view-id-14195535.html
https://www.wnacg.ru/photos-view-id-14195497.html
https://www.wnacg.ru/photos-view-id-14195501.html
https://www.wnacg.ru/photos-index-page-1-aid-159789.html
https://www.wnacg.ru/photos-view-id-14195529.html
https://www.wnacg.ru/photos-view-id-14195503.html
https://www.wnacg.ru/photos-view-id-14195531.html
https://www.wnacg.ru/photos-view-id-14195542.html
https://www.wnacg.ru/photos-view-id-14195499.html
https://www.wnacg.ru/photos-view-id-14195500.html
https://www.wnacg.ru/photos-view-id-14195504.html
https://www.wnacg.ru/photos-view-id-14195527.html
https://www.wnacg.ru/photos-view-id-14195502.html
https://www.wnacg.ru/photos-view-id-14195517.html
https://www.wnacg.ru/photos-view-id-14195526.html
https://www.wnacg.ru/photos-view-id-14195515.html
https://v1.wzip.download/down/1598/1ca2648fef480cac8ca867b34af7ee9b.zip?n=(C96)%20[%E3%83%86%E3%83%B3%E3%83%91%E3%82%8A%E3%82%93%E3%81%90%20(%E3%83%88%E3%82%AD%E3%83%9E%E3%83%81%E2%98%86%E3%82%A8%E3%82%A4%E3%82%BB%E3%82%A4)]%20%E3%82%AA%E3%83%88%E3%83%8A%E3%81%AB%E3%81%AA%E3%81%A3%E3%81%A6%E3%82%82%E5%A4%89%E3%82%8F%E3%82%89%E3%81%9A%E3%81%B5%E3%81%9F%E3%81%AA%E3%82%8A%E3%82%A8%E3%83%AB%E3%81%AB%E6%8C%AF%E3%82%8A%E5%9B%9E%E3%81%95%E3%82%8C%E3%82%8B!%20(%E3%83%86%E3%82%A4%E3%83%AB%E3%82%BA%E3%82%AA%E3%83%96%E3%82%A8%E3%82%AF%E3%82%B7%E3%83%AA%E3%82%A22)%20[%E6%A9%84%E6%A6%84%E6%B1%89%E5%8C%96%E7%BB%84]
https://www.wnacg.ru/photos-view-id-14195524.html
https://www.wnacg.ru/photos-view-id-14195519.html
https://www.wnacg.ru/photos-view-id-14195506.html
https://www.wnacg.ru/photos-view-id-14195547.html
https://www.wnacg.ru/photos-view-id-14195510.html
https://www.wnacg.ru/photos-view-id-14195530.html
https://www.wnacg.ru/photos-view-id-14195540.html
https://www.wnacg.ru/photos-view-id-14195512.html
https://www.wnacg.ru/photos-view-id-14195546.html
https://www.wnacg.ru/photos-view-id-14195508.html
https://www.wnacg.com/photos-view-id-14195534.html
https://v1.wzip.date/down/1598/1ca2648fef480cac8ca867b34af7ee9b.zip?n=(C96)%20[%E3%83%86%E3%83%B3%E3%83%91%E3%82%8A%E3%82%93%E3%81%90%20(%E3%83%88%E3%82%AD%E3%83%9E%E3%83%81%E2%98%86%E3%82%A8%E3%82%A4%E3%82%BB%E3%82%A4)]%20%E3%82%AA%E3%83%88%E3%83%8A%E3%81%AB%E3%81%AA%E3%81%A3%E3%81%A6%E3%82%82%E5%A4%89%E3%82%8F%E3%82%89%E3%81%9A%E3%81%B5%E3%81%9F%E3%81%AA%E3%82%8A%E3%82%A8%E3%83%AB%E3%81%AB%E6%8C%AF%E3%82%8A%E5%9B%9E%E3%81%95%E3%82%8C%E3%82%8B!%20(%E3%83%86%E3%82%A4%E3%83%AB%E3%82%BA%E3%82%AA%E3%83%96%E3%82%A8%E3%82%AF%E3%82%B7%E3%83%AA%E3%82%A22)%20[%E6%A9%84%E6%A6%84%E6%B1%89%E5%8C%96%E7%BB%84]
https://www.wnacg.com/photos-view-id-14195518.html
https://www.wnacg.com/photos-index-page-3-aid-159789.html
https://www.wnacg.com/photos-view-id-14195537.html
https://www.wnacg.com/photos-view-id-14195545.html
https://www.wnacg.com/photos-view-id-14195503.html
https://www.wnacg.com/photos-view-id-14195513.html
https://www.wnacg.com/photos-view-id-14195525.html
https://www.wnacg.com/photos-view-id-14195501.html
https://www.wnacg.com/photos-index-page-1-aid-159789.html
https://www.wnacg.com/photos-view-id-14195497.html
https://www.wnacg.com/photos-view-id-14195538.html
https://www.wnacg.ru/photos-view-id-14195514.html
https://www.wnacg.ru/photos-view-id-14195533.html
https://www.wnacg.ru/photos-view-id-14195522.html
https://www.wnacg.com/photos-view-id-14195498.html
https://www.wnacg.ru/photos-view-id-14195521.html
https://www.wnacg.com/photos-view-id-14195520.html
https://www.wnacg.com/photos-view-id-14195540.html
https://www.wnacg.com/photos-view-id-14195546.html
https://www.wnacg.com/photos-view-id-14195521.html
https://www.wnacg.com/photos-view-id-14195506.html
https://www.wnacg.com/photos-view-id-14195512.html
https://www.wnacg.com/photos-view-id-14195519.html
https://www.wnacg.com/photos-view-id-14195522.html
https://www.wnacg.com/photos-view-id-14195530.html
https://www.wnacg.com/photos-view-id-14195508.html
https://www.wnacg.com/photos-view-id-14195510.html
https://www.wnacg.com/photos-view-id-14195524.html
https://www.wnacg.com/photos-view-id-14195516.html
https://www.wnacg.com/photos-view-id-14195547.html
https://www.wnacg.com/photos-view-id-14195514.html
https://www.wnacg.com/photos-view-id-14195507.html
https://www.wnacg.com/photos-view-id-14195528.html
https://www.wnacg.com/photos-slide-aid-159789.html
https://www.wnacg.com/photos-view-id-14195544.html
https://www.wnacg.com/photos-view-id-14195502.html
https://www.wnacg.com/download-index-aid-159789.html
https://www.wnacg.com/photos-view-id-14195535.html
https://www.wnacg.com/photos-view-id-14195511.html
https://www.wnacg.com/photos-view-id-14195532.html
https://www.wnacg.com/photos-view-id-14195541.html
https://www.wnacg.com/photos-index-page-4-aid-159789.html
https://www.wnacg.com/photos-view-id-14195536.html
https://www.wnacg.com/photos-view-id-14195509.html
https://www.wnacg.com/photos-view-id-14195515.html
https://www.wnacg.com/photos-view-id-14195499.html
https://www.wnacg.com/photos-view-id-14195533.html
https://www.wnacg.com/photos-view-id-14195529.html
https://www.wnacg.com/photos-view-id-14195531.html
https://www.wnacg.com/photos-view-id-14195504.html
https://www.wnacg.com/photos-view-id-14195542.html
https://www.wnacg.com/photos-view-id-14195526.html
https://www.wnacg.com/photos-view-id-14195527.html
https://www.wnacg.com/photos-view-id-14195500.html
https://www.wnacg.com/photos-view-id-14195517.html
