/web/20251006044245/https://www.wnacg.ru/photos-index-aid-314267.html
/web/20251006044342/https://www.wnacg.ru/photos-index-page-2-aid-314267.html
/web/20251006044331/https://www.wnacg.ru/download-index-aid-314267.html
/web/20251006044432/https://www.wnacg.ru/photos-index-page-4-aid-314267.html
/web/20251006044449/https://www.wnacg.ru/photos-index-page-16-aid-314267.html
/web/20251006044537/https://www.wnacg.ru/photos-index-page-5-aid-314267.html
/web/20251006044659/https://www.wnacg.ru/photos-index-page-6-aid-314267.html
/web/20251006044710/https://www.wnacg.ru/photos-slide-aid-314267.html
/web/20251006044648/https://v1.wzip.download/down/3143/3965d2a86b7af7874f2783455a965925.zip?n=%5B%E3%83%A2%E3%83%96%E3%83%A9%E3%82%A4%E3%83%96%5D%20%E8%BF%B7%E5%AE%AE%E3%81%A7%E6%A0%BC%E9%97%98%E5%A8%98%E3%81%AE%E6%AD%BB%E4%BD%93%E3%82%92%E6%8B%BE%E3%81%A3%E3%81%A6%E3%82%AD%E3%83%A7%E3%83%B3%E3%82%B7%E3%83%BC%E3%81%AB%E3%81%97%E3%81%A6%E3%81%BF%E3%81%9F%E8%A9%B1%7C%E8%A9%A6%E8%91%97%E6%8A%8A%E8%BF%B7%E5%AE%AE%E6%92%BF%E5%88%B0%E7%9A%84%E6%A0%BC%E9%AC%A5%E5%B0%91%E5%A5%B3%E7%9A%84%E5%B1%8D%E9%AB%94%E5%81%9A%E6%88%90%E6%AE%AD%E5%B1%8D%E7%9A%84%E6%95%85%E4%BA%8B%201~3+after%5B%E4%B8%AD%E5%9B%BD%E7%BF%BB%E8%A8%B3%5D%5B%E7%84%A1%E4%BF%AE%E6%AD%A3%5D
/web/20251006044754/https://www.wnacg.ru/photos-index-page-15-aid-314267.html
/web/20251006044802/https://www.wnacg.ru/photos-index-page-1-aid-314267.html
/web/20251006044806/https://www.wnacg.ru/photos-index-page-13-aid-314267.html
/web/20251006044643/https://v1.wzip.date/down/3143/3965d2a86b7af7874f2783455a965925.zip?n=%5B%E3%83%A2%E3%83%96%E3%83%A9%E3%82%A4%E3%83%96%5D%20%E8%BF%B7%E5%AE%AE%E3%81%A7%E6%A0%BC%E9%97%98%E5%A8%98%E3%81%AE%E6%AD%BB%E4%BD%93%E3%82%92%E6%8B%BE%E3%81%A3%E3%81%A6%E3%82%AD%E3%83%A7%E3%83%B3%E3%82%B7%E3%83%BC%E3%81%AB%E3%81%97%E3%81%A6%E3%81%BF%E3%81%9F%E8%A9%B1%7C%E8%A9%A6%E8%91%97%E6%8A%8A%E8%BF%B7%E5%AE%AE%E6%92%BF%E5%88%B0%E7%9A%84%E6%A0%BC%E9%AC%A5%E5%B0%91%E5%A5%B3%E7%9A%84%E5%B1%8D%E9%AB%94%E5%81%9A%E6%88%90%E6%AE%AD%E5%B1%8D%E7%9A%84%E6%95%85%E4%BA%8B%201~3+after%5B%E4%B8%AD%E5%9B%BD%E7%BF%BB%E8%A8%B3%5D%5B%E7%84%A1%E4%BF%AE%E6%AD%A3%5D
/web/20251006044751/https://www.wnacg.ru/photos-index-page-12-aid-314267.html
/web/20251006044909/https://www.wnacg.ru/photos-index-page-9-aid-314267.html
/web/20251006045024/https://www.wnacg.ru/photos-index-page-7-aid-314267.html
/web/20251006045029/https://www.wnacg.ru/photos-index-page-8-aid-314267.html
/web/20251006044907/https://www.wnacg.ru/photos-index-page-3-aid-314267.html
/web/20251006045129/https://www.wnacg.ru/photos-index-page-11-aid-314267.html
/web/20251006045138/https://www.wnacg.ru/photos-index-page-14-aid-314267.html
/web/20251006045230/https://www.wnacg.ru/photos-index-page-10-aid-314267.html
