/web/20251005024217/https://www.wnacg.com/photos-index-aid-271043.html
/web/20251005024354/https://www.wnacg.com/photos-view-id-22259628.html
/web/20251005024346/https://www.wnacg.com/photos-view-id-22259626.html
/web/20251005024443/https://www.wnacg.com/photos-view-id-22259631.html
/web/20251005024446/https://www.wnacg.com/photos-view-id-22259630.html
/web/20251005024505/https://www.wnacg.com/photos-view-id-22259621.html
/web/20251005024503/https://www.wnacg.com/download-index-aid-271043.html
/web/20251005024514/https://www.wnacg.com/photos-view-id-22259629.html
/web/20251005024532/https://www.wnacg.com/photos-slide-aid-271043.html
/web/20251005024624/https://www.wnacg.com/photos-view-id-22259622.html
/web/20251005024653/https://www.wnacg.com/photos-view-id-22259625.html
/web/20251005024659/https://www.wnacg.com/photos-index-page-2-aid-271043.html
/web/20251005024716/https://www.wnacg.com/photos-view-id-22259632.html
/web/20251005024719/https://www.wnacg.com/photos-view-id-22259623.html
/web/20251005024738/https://www.wnacg.com/photos-view-id-22259619.html
/web/20251005024802/https://www.wnacg.com/photos-view-id-22259624.html
/web/20251005024820/https://v1.wzip.download/down/2711/3bc924883074495b06b14c3795501d10.zip?n=%5B%E9%98%AA%E6%9C%ACKAFKA%5D%20%E6%80%AA%E7%95%B0%EF%BC%9A%E9%BB%92%E8%A1%A3%E3%81%AE%E5%B7%A8%E5%A5%B3%E3%81%AB%E3%81%A4%E3%81%84%E3%81%A6%20(%E3%83%87%E3%82%AB%E3%82%B8%E3%83%A7%EF%BC%81%20vol.1)%20%5B%E6%B2%92%E6%9C%89%E6%BC%A2%E5%8C%96%5D%20%5BDL%E7%89%88%5D
/web/20251005024827/https://v1.wzip.date/down/2711/3bc924883074495b06b14c3795501d10.zip?n=%5B%E9%98%AA%E6%9C%ACKAFKA%5D%20%E6%80%AA%E7%95%B0%EF%BC%9A%E9%BB%92%E8%A1%A3%E3%81%AE%E5%B7%A8%E5%A5%B3%E3%81%AB%E3%81%A4%E3%81%84%E3%81%A6%20(%E3%83%87%E3%82%AB%E3%82%B8%E3%83%A7%EF%BC%81%20vol.1)%20%5B%E6%B2%92%E6%9C%89%E6%BC%A2%E5%8C%96%5D%20%5BDL%E7%89%88%5D
/web/20251005024842/https://www.wnacg.com/photos-index-page-1-aid-271043.html
/web/20251005024832/https://www.wnacg.com/photos-view-id-22259627.html
/web/20251005024913/https://www.wnacg.com/photos-view-id-22259620.html
