/web/20251005110319/https://www.wnacg.com/photos-index-aid-256764.html
/web/20251005110336/https://www.wnacg.com/photos-view-id-21198791.html
/web/20251005110342/https://www.wnacg.com/photos-view-id-21198769.html
/web/20251005110349/https://www.wnacg.com/photos-index-page-2-aid-256764.html
/web/20251005110403/https://www.wnacg.com/photos-view-id-21198793.html
/web/20251005110411/https://www.wnacg.com/photos-view-id-21198777.html
/web/20251005110417/https://www.wnacg.com/photos-view-id-21198772.html
/web/20251005110445/https://www.wnacg.com/photos-index-page-3-aid-256764.html
/web/20251005110446/https://www.wnacg.com/photos-slide-aid-256764.html
/web/20251005110512/https://www.wnacg.com/photos-view-id-21198773.html
/web/20251005110517/https://www.wnacg.com/download-index-aid-256764.html
/web/20251005110555/https://www.wnacg.com/photos-view-id-21198795.html
/web/20251005110546/https://www.wnacg.com/photos-view-id-21198776.html
/web/20251005110548/https://www.wnacg.com/photos-view-id-21198784.html
/web/20251005110527/https://www.wnacg.com/photos-view-id-21198788.html
/web/20251005110628/https://www.wnacg.com/photos-view-id-21198789.html
/web/20251005110629/https://www.wnacg.com/photos-view-id-21198775.html
/web/20251005110714/https://www.wnacg.com/photos-view-id-21198785.html
/web/20251005110721/https://www.wnacg.com/photos-view-id-21198792.html
/web/20251005110728/https://www.wnacg.com/photos-view-id-21198781.html
/web/20251005110735/https://www.wnacg.com/photos-view-id-21198796.html
/web/20251005110742/https://www.wnacg.com/photos-view-id-21198787.html
/web/20251005110830/https://www.wnacg.com/photos-index-page-1-aid-256764.html
/web/20251005110829/https://www.wnacg.com/photos-view-id-21198778.html
/web/20251005110837/https://www.wnacg.com/photos-view-id-21198771.html
/web/20251005110844/https://www.wnacg.com/photos-view-id-21198798.html
/web/20251005110906/https://www.wnacg.com/photos-view-id-21198779.html
/web/20251005110947/https://www.wnacg.com/photos-view-id-21198782.html
/web/20251005110947/https://www.wnacg.com/photos-view-id-21198770.html
/web/20251005110955/https://www.wnacg.com/photos-view-id-21198797.html
/web/20251005111043/https://www.wnacg.com/photos-view-id-21198799.html
/web/20251005111044/https://www.wnacg.com/photos-view-id-21198780.html
/web/20251005111009/https://www.wnacg.com/photos-view-id-21198786.html
/web/20251005111002/https://www.wnacg.com/photos-view-id-21198774.html
/web/20251005111016/https://www.wnacg.com/photos-view-id-21198783.html
/web/20251005111017/https://www.wnacg.com/photos-view-id-21198794.html
/web/20251005111111/https://www.wnacg.com/photos-view-id-21198802.html
/web/20251005111120/https://www.wnacg.com/photos-view-id-21198801.html
/web/20251005111112/https://www.wnacg.com/photos-view-id-21198790.html
/web/20251005111127/https://www.wnacg.com/photos-view-id-21198800.html
/web/20251005111218/https://v1.wzip.download/down/2568/bc653ff9546ec0a68911286bb11ab1a0.zip?n=%5B%E3%81%99%E3%81%BE%E3%81%84%E3%82%8B%E3%81%B5%E3%81%89%E3%82%89%E3%82%93%E3%81%8B%E3%82%93%E3%81%B1%E3%81%AB%E3%81%83%E3%80%82%20(%E3%82%80%E3%81%86%E3%81%A4%E3%81%8D%E3%80%81%E9%9B%AA%E4%BB%81)%5D%20%E3%83%95%E3%83%AB%E3%82%AB%E3%83%A9%E3%83%BC%E7%89%88%E3%83%AF%E3%82%AB%E3%83%A9%E3%82%BB%EF%BD%9E%E9%BB%92%E3%82%AE%E3%83%A3%E3%83%AB%E3%82%A2%E3%82%AB%E3%83%8D%E3%81%AE%E3%82%AB%E3%83%83%E3%83%97%E3%83%AB%E5%90%8C%E6%99%82%E5%88%B6%E8%A3%81%EF%BD%9E%20%5B%E4%B8%AD%E5%9B%BD%E7%BF%BB%E8%A8%B3%5D
/web/20251005111230/https://v1.wzip.date/down/2568/bc653ff9546ec0a68911286bb11ab1a0.zip?n=%5B%E3%81%99%E3%81%BE%E3%81%84%E3%82%8B%E3%81%B5%E3%81%89%E3%82%89%E3%82%93%E3%81%8B%E3%82%93%E3%81%B1%E3%81%AB%E3%81%83%E3%80%82%20(%E3%82%80%E3%81%86%E3%81%A4%E3%81%8D%E3%80%81%E9%9B%AA%E4%BB%81)%5D%20%E3%83%95%E3%83%AB%E3%82%AB%E3%83%A9%E3%83%BC%E7%89%88%E3%83%AF%E3%82%AB%E3%83%A9%E3%82%BB%EF%BD%9E%E9%BB%92%E3%82%AE%E3%83%A3%E3%83%AB%E3%82%A2%E3%82%AB%E3%83%8D%E3%81%AE%E3%82%AB%E3%83%83%E3%83%97%E3%83%AB%E5%90%8C%E6%99%82%E5%88%B6%E8%A3%81%EF%BD%9E%20%5B%E4%B8%AD%E5%9B%BD%E7%BF%BB%E8%A8%B3%5D
