/web/20251112162743/https://www.wnacg.ru/photos-index-aid-180546.html
/web/20251112162852/https://www.wnacg.com/photos-index-aid-180546.html
/web/20251112162911/https://www.wnacg.ru/photos-view-id-15834671.html
/web/20251112162925/https://www.wnacg.ru/photos-view-id-15834673.html
/web/20251112162941/https://www.wnacg.ru/photos-index-page-2-aid-180546.html
/web/20251112163016/https://www.wnacg.ru/photos-view-id-15834670.html
/web/20251112163032/https://www.wnacg.ru/photos-view-id-15834684.html
/web/20251112163017/https://www.wnacg.ru/download-index-aid-180546.html
/web/20251112163047/https://www.wnacg.ru/photos-view-id-15834682.html
/web/20251112163129/https://www.wnacg.ru/photos-view-id-15834672.html
/web/20251112163145/https://www.wnacg.ru/photos-view-id-15834674.html
/web/20251112163237/https://www.wnacg.ru/photos-view-id-15834686.html
/web/20251112163251/https://www.wnacg.ru/photos-view-id-15834679.html
/web/20251112163317/https://www.wnacg.ru/photos-view-id-15834687.html
/web/20251112163338/https://www.wnacg.com/download-index-aid-180546.html
/web/20251112163409/https://www.wnacg.ru/photos-view-id-15834667.html
/web/20251112163413/https://www.wnacg.com/photos-view-id-15834679.html
/web/20251112163402/https://www.wnacg.com/photos-index-page-2-aid-180546.html
/web/20251112163447/https://www.wnacg.ru/photos-view-id-15834669.html
/web/20251112163447/https://www.wnacg.ru/photos-view-id-15834680.html
/web/20251112163550/https://www.wnacg.ru/photos-view-id-15834676.html
/web/20251112163552/https://www.wnacg.ru/photos-view-id-15834668.html
/web/20251112163549/https://www.wnacg.ru/photos-view-id-15834683.html
/web/20251112163700/https://www.wnacg.ru/photos-view-id-15834688.html
/web/20251112163701/https://www.wnacg.ru/photos-view-id-15834677.html
/web/20251112163716/https://www.wnacg.ru/photos-view-id-15834685.html
/web/20251112163742/https://www.wnacg.ru/photos-index-page-1-aid-180546.html
/web/20251112163807/https://v1.wzip.date/down/1806/80c5b7c99759b41edc983ba56bd3afe3.zip?n=(C93)%20%5B%E3%83%86%E3%83%B3%E3%83%91%E3%82%8A%E3%82%93%E3%81%90%20(%E3%83%88%E3%82%AD%E3%83%9E%E3%83%81%E2%98%86%E3%82%A8%E3%82%A4%E3%82%BB%E3%82%A4)%5D%20%E3%81%B5%E3%81%9F%E3%81%AA%E3%82%8A%E7%B2%BE%E9%9C%8A%E5%A7%89%E5%A6%B9%E3%81%AB%E4%BD%BF%E5%BD%B9%E3%81%95%E3%82%8C%E3%81%A1%E3%82%83%E3%81%86!%EF%BC%9F%20(%E3%83%86%E3%82%A4%E3%83%AB%E3%82%BA%20%E3%82%AA%E3%83%96%20%E3%82%A8%E3%82%AF%E3%82%B7%E3%83%AA%E3%82%A22)%20%5B%E6%84%9B%E6%84%9B%E6%BC%A2%E5%8C%96%5D
/web/20251112163835/https://www.wnacg.ru/photos-view-id-15834681.html
/web/20251112163823/https://v1.wzip.download/down/1806/80c5b7c99759b41edc983ba56bd3afe3.zip?n=(C93)%20%5B%E3%83%86%E3%83%B3%E3%83%91%E3%82%8A%E3%82%93%E3%81%90%20(%E3%83%88%E3%82%AD%E3%83%9E%E3%83%81%E2%98%86%E3%82%A8%E3%82%A4%E3%82%BB%E3%82%A4)%5D%20%E3%81%B5%E3%81%9F%E3%81%AA%E3%82%8A%E7%B2%BE%E9%9C%8A%E5%A7%89%E5%A6%B9%E3%81%AB%E4%BD%BF%E5%BD%B9%E3%81%95%E3%82%8C%E3%81%A1%E3%82%83%E3%81%86!%EF%BC%9F%20(%E3%83%86%E3%82%A4%E3%83%AB%E3%82%BA%20%E3%82%AA%E3%83%96%20%E3%82%A8%E3%82%AF%E3%82%B7%E3%83%AA%E3%82%A22)%20%5B%E6%84%9B%E6%84%9B%E6%BC%A2%E5%8C%96%5D
/web/20251112163912/https://www.wnacg.com/photos-view-id-15834686.html
/web/20251112163838/https://www.wnacg.com/photos-view-id-15834680.html
/web/20251112163913/https://www.wnacg.com/photos-view-id-15834674.html
/web/20251112164029/https://www.wnacg.com/photos-view-id-15834669.html
/web/20251112164140/https://www.wnacg.com/photos-view-id-15834685.html
/web/20251112164137/https://www.wnacg.com/photos-view-id-15834682.html
/web/20251112164140/https://www.wnacg.com/photos-view-id-15834683.html
/web/20251112164216/https://www.wnacg.com/photos-view-id-15834688.html
/web/20251112164152/https://www.wnacg.com/photos-view-id-15834675.html
/web/20251112164242/https://www.wnacg.com/photos-view-id-15834668.html
/web/20251112164259/https://www.wnacg.com/photos-index-page-1-aid-180546.html
/web/20251112164333/https://www.wnacg.com/photos-view-id-15834676.html
/web/20251112164344/https://www.wnacg.com/photos-view-id-15834681.html
/web/20251112164349/https://www.wnacg.com/photos-view-id-15834677.html
/web/20251112164349/https://www.wnacg.com/photos-view-id-15834678.html
/web/20251112163928/https://www.wnacg.ru/photos-view-id-15834678.html
/web/20251112164404/https://www.wnacg.ru/photos-slide-aid-180546.html
/web/20251112163943/https://www.wnacg.ru/photos-view-id-15834675.html
/web/20251112164504/https://www.wnacg.com/photos-view-id-15834672.html
/web/20251112164534/https://www.wnacg.com/photos-view-id-15834671.html
/web/20251112164612/https://www.wnacg.com/photos-view-id-15834687.html
/web/20251112164625/https://www.wnacg.com/photos-view-id-15834673.html
/web/20251112164625/https://www.wnacg.com/photos-view-id-15834667.html
/web/20251112164640/https://www.wnacg.com/photos-view-id-15834670.html
/web/20251112164732/https://www.wnacg.com/photos-slide-aid-180546.html
