/web/20251005113627/https://www.wnacg.com/photos-index-aid-272882.html
/web/20251005113705/https://www.wnacg.com/download-index-aid-272882.html
/web/20251005113659/https://www.wnacg.com/photos-index-page-2-aid-272882.html
/web/20251005113739/https://www.wnacg.com/photos-view-id-22404903.html
/web/20251005113752/https://www.wnacg.com/photos-view-id-22404878.html
/web/20251005113814/https://www.wnacg.com/photos-view-id-22404875.html
/web/20251005113719/https://www.wnacg.com/photos-view-id-22404900.html
/web/20251005113830/https://www.wnacg.com/photos-view-id-22404886.html
/web/20251005113820/https://www.wnacg.com/photos-view-id-22404896.html
/web/20251005113830/https://www.wnacg.com/photos-view-id-22404908.html
/web/20251005113924/https://www.wnacg.com/photos-view-id-22404904.html
/web/20251005113933/https://www.wnacg.com/photos-view-id-22404910.html
/web/20251005113925/https://www.wnacg.com/photos-view-id-22404894.html
/web/20251005114010/https://www.wnacg.com/photos-view-id-22404880.html
/web/20251005113934/https://www.wnacg.com/photos-index-page-4-aid-272882.html
/web/20251005114007/https://www.wnacg.com/photos-slide-aid-272882.html
/web/20251005114048/https://www.wnacg.com/photos-index-page-3-aid-272882.html
/web/20251005114123/https://v1.wzip.download/down/2729/435e88200a682de6006df6afcd836e76.zip?n=%5B%E3%81%99%E3%81%BE%E3%81%84%E3%82%8B%E3%81%B5%E3%81%89%E3%82%89%E3%82%93%E3%81%8B%E3%82%93%E3%81%B1%E3%81%AB%E3%81%83%E3%80%82%20(%E5%B3%AF%E4%B8%8A%E7%B6%BE%E3%80%81%E9%9B%AA%E4%BB%81)%5D%20%E3%83%9F%E3%82%AC%E3%83%AF%E3%83%AA%E3%80%9C%E5%BC%B7%E6%B0%97%E3%81%AA%E5%B7%A8%E4%B9%B3%E3%82%AE%E3%83%A3%E3%83%AB%E3%81%8C%E5%A0%95%E3%81%A1%E3%82%8B%E7%BD%A0%E3%80%9C%20%5BDL%E7%89%88%5D%20%5B%E7%81%BC%E7%9C%BC%E3%81%AE%E7%89%9B%E7%88%B7%E7%88%B7%E4%B8%AA%E4%BA%BA%E6%B1%89%E5%8C%96%5D
/web/20251005114118/https://v1.wzip.date/down/2729/435e88200a682de6006df6afcd836e76.zip?n=%5B%E3%81%99%E3%81%BE%E3%81%84%E3%82%8B%E3%81%B5%E3%81%89%E3%82%89%E3%82%93%E3%81%8B%E3%82%93%E3%81%B1%E3%81%AB%E3%81%83%E3%80%82%20(%E5%B3%AF%E4%B8%8A%E7%B6%BE%E3%80%81%E9%9B%AA%E4%BB%81)%5D%20%E3%83%9F%E3%82%AC%E3%83%AF%E3%83%AA%E3%80%9C%E5%BC%B7%E6%B0%97%E3%81%AA%E5%B7%A8%E4%B9%B3%E3%82%AE%E3%83%A3%E3%83%AB%E3%81%8C%E5%A0%95%E3%81%A1%E3%82%8B%E7%BD%A0%E3%80%9C%20%5BDL%E7%89%88%5D%20%5B%E7%81%BC%E7%9C%BC%E3%81%AE%E7%89%9B%E7%88%B7%E7%88%B7%E4%B8%AA%E4%BA%BA%E6%B1%89%E5%8C%96%5D
/web/20251005114138/https://www.wnacg.com/photos-view-id-22404898.html
/web/20251005114225/https://www.wnacg.com/photos-index-page-1-aid-272882.html
/web/20251005114233/https://www.wnacg.com/photos-view-id-22404892.html
/web/20251005114242/https://www.wnacg.com/photos-view-id-22404897.html
/web/20251005114221/https://www.wnacg.com/photos-view-id-22404877.html
/web/20251005114348/https://www.wnacg.com/photos-view-id-22404911.html
/web/20251005114400/https://www.wnacg.com/photos-view-id-22404907.html
/web/20251005114400/https://www.wnacg.com/photos-view-id-22404887.html
/web/20251005114358/https://www.wnacg.com/photos-view-id-22404882.html
/web/20251005114440/https://www.wnacg.com/photos-view-id-22404893.html
/web/20251005114408/https://www.wnacg.com/photos-view-id-22404906.html
/web/20251005114436/https://www.wnacg.com/photos-view-id-22404885.html
/web/20251005114443/https://www.wnacg.com/photos-view-id-22404879.html
/web/20251005114436/https://www.wnacg.com/photos-view-id-22404876.html
/web/20251005114514/https://www.wnacg.com/photos-view-id-22404881.html
/web/20251005114519/https://www.wnacg.com/photos-view-id-22404891.html
/web/20251005114606/https://www.wnacg.com/photos-view-id-22404909.html
/web/20251005114557/https://www.wnacg.com/photos-view-id-22404889.html
/web/20251005114624/https://www.wnacg.com/photos-view-id-22404912.html
/web/20251005114625/https://www.wnacg.com/photos-view-id-22404890.html
/web/20251005114647/https://www.wnacg.com/photos-view-id-22404888.html
/web/20251005114652/https://www.wnacg.com/photos-view-id-22404899.html
/web/20251005114653/https://www.wnacg.com/photos-view-id-22404901.html
/web/20251005114715/https://www.wnacg.com/photos-view-id-22404883.html
/web/20251005114708/https://www.wnacg.com/photos-view-id-22404884.html
/web/20251005114751/https://www.wnacg.com/photos-view-id-22404902.html
/web/20251005114830/https://www.wnacg.com/photos-view-id-22404905.html
