/web/20251005035806/https://www.wnacg.com/photos-index-aid-57659.html
/web/20251005040001/https://www.wnacg.com/photos-view-id-4699273.html
/web/20251005040005/https://www.wnacg.com/photos-view-id-4699279.html
/web/20251005040027/https://www.wnacg.com/photos-view-id-4699275.html
/web/20251005040042/https://www.wnacg.com/download-index-aid-57659.html
/web/20251005040040/https://www.wnacg.com/photos-slide-aid-57659.html
/web/20251005040040/https://www.wnacg.com/photos-view-id-4699271.html
/web/20251005040137/https://www.wnacg.com/photos-view-id-4699272.html
/web/20251005040156/https://www.wnacg.com/photos-view-id-4699281.html
/web/20251005040208/https://www.wnacg.com/photos-view-id-4699277.html
/web/20251005040247/https://www.wnacg.com/photos-view-id-4699278.html
/web/20251005040335/https://www.wnacg.com/photos-view-id-4699280.html
/web/20251005040349/https://www.wnacg.com/photos-view-id-4699276.html
/web/20251005040343/https://www.wnacg.com/photos-view-id-4699270.html
/web/20251005040453/https://www.wnacg.com/photos-index-page-2-aid-57659.html
/web/20251005042013/https://v1.wzip.download/down/0577/187034d04eec27adbe04e68ec6fecb68.zip?n=(C94)%20%5B%E3%82%B1%E3%82%B1%E3%83%A2%E3%83%84%20(%E3%81%91%E3%81%91%E3%82%82%E3%81%A4)%5D%20%E6%A5%B5%E8%96%84%E6%B0%B4%E7%9D%80%E3%81%A7%E7%8A%AF%E3%81%95%E3%82%8C%E3%81%9F%E3%81%8C%E3%82%8A%E3%81%8C%E9%9A%A0%E3%81%9B%E3%81%AA%E3%81%842%20(%E3%82%AA%E3%83%AA%E3%82%B8%E3%83%8A%E3%83%AB)%20%5BDL%E7%89%88%5D
/web/20251005042019/https://v1.wzip.date/down/0577/187034d04eec27adbe04e68ec6fecb68.zip?n=(C94)%20%5B%E3%82%B1%E3%82%B1%E3%83%A2%E3%83%84%20(%E3%81%91%E3%81%91%E3%82%82%E3%81%A4)%5D%20%E6%A5%B5%E8%96%84%E6%B0%B4%E7%9D%80%E3%81%A7%E7%8A%AF%E3%81%95%E3%82%8C%E3%81%9F%E3%81%8C%E3%82%8A%E3%81%8C%E9%9A%A0%E3%81%9B%E3%81%AA%E3%81%842%20(%E3%82%AA%E3%83%AA%E3%82%B8%E3%83%8A%E3%83%AB)%20%5BDL%E7%89%88%5D
/web/20251005042027/https://www.wnacg.com/photos-view-id-4699282.html
/web/20251005042035/https://www.wnacg.com/photos-view-id-4699284.html
/web/20251005042106/https://www.wnacg.com/photos-view-id-4699283.html
/web/20251005042006/https://www.wnacg.com/photos-view-id-4699274.html
/web/20251005042252/https://www.wnacg.com/photos-index-page-1-aid-57659.html
