/web/20251005130815/https://www.wnacg.com/photos-index-aid-318700.html
/web/20251005130833/https://www.wnacg.com/photos-index-page-2-aid-318700.html
/web/20251005130840/https://www.wnacg.com/photos-view-id-26738443.html
/web/20251005130847/https://www.wnacg.com/photos-view-id-26738452.html
/web/20251005130855/https://www.wnacg.com/photos-index-page-3-aid-318700.html
/web/20251005130918/https://www.wnacg.com/photos-index-page-4-aid-318700.html
/web/20251005130912/https://www.wnacg.com/photos-view-id-26738447.html
/web/20251005130921/https://www.wnacg.com/photos-index-page-5-aid-318700.html
/web/20251005130948/https://www.wnacg.com/photos-view-id-26738449.html
/web/20251005130948/https://www.wnacg.com/photos-view-id-26738446.html
/web/20251005131025/https://www.wnacg.com/photos-view-id-26738444.html
/web/20251005131017/https://www.wnacg.com/photos-slide-aid-318700.html
/web/20251005131004/https://www.wnacg.com/photos-view-id-26738450.html
/web/20251005131006/https://www.wnacg.com/photos-view-id-26738451.html
/web/20251005131106/https://www.wnacg.com/photos-view-id-26738453.html
/web/20251005131110/https://www.wnacg.com/photos-view-id-26738442.html
/web/20251005131129/https://www.wnacg.com/download-index-aid-318700.html
/web/20251005131122/https://www.wnacg.com/photos-index-page-8-aid-318700.html
/web/20251005131115/https://www.wnacg.com/photos-view-id-26738448.html
/web/20251005131236/https://www.wnacg.com/photos-view-id-26738457.html
/web/20251005131235/https://www.wnacg.com/photos-index-page-1-aid-318700.html
/web/20251005131248/https://www.wnacg.com/photos-view-id-26738463.html
/web/20251005131340/https://www.wnacg.com/photos-view-id-26738456.html
/web/20251005131255/https://www.wnacg.com/photos-view-id-26738459.html
/web/20251005131340/https://www.wnacg.com/photos-view-id-26738464.html
/web/20251005131354/https://www.wnacg.com/photos-view-id-26738455.html
/web/20251005131408/https://www.wnacg.com/photos-view-id-26738454.html
/web/20251005131402/https://www.wnacg.com/photos-view-id-26738458.html
/web/20251005131408/https://www.wnacg.com/photos-view-id-26738462.html
/web/20251005131436/https://www.wnacg.com/photos-view-id-26738461.html
/web/20251005131444/https://www.wnacg.com/photos-view-id-26738465.html
/web/20251005131453/https://www.wnacg.com/photos-index-page-6-aid-318700.html
/web/20251005131511/https://www.wnacg.com/photos-view-id-26738460.html
/web/20251005131520/https://www.wnacg.com/photos-view-id-26738477.html
/web/20251005131531/https://www.wnacg.com/photos-view-id-26738476.html
/web/20251005131526/https://www.wnacg.com/photos-view-id-26738473.html
/web/20251005131617/https://www.wnacg.com/photos-view-id-26738467.html
/web/20251005131625/https://www.wnacg.com/photos-view-id-26738471.html
/web/20251005131640/https://www.wnacg.com/photos-view-id-26738468.html
/web/20251005131647/https://www.wnacg.com/photos-view-id-26738470.html
/web/20251005131633/https://www.wnacg.com/photos-view-id-26738472.html
/web/20251005131651/https://www.wnacg.com/photos-view-id-26738469.html
/web/20251005131732/https://www.wnacg.com/photos-view-id-26738466.html
/web/20251005131229/https://www.wnacg.com/photos-view-id-26738445.html
/web/20251005131759/https://www.wnacg.com/photos-view-id-26738511.html
/web/20251005131833/https://www.wnacg.com/photos-view-id-26738508.html
/web/20251005131848/https://www.wnacg.com/photos-view-id-26738505.html
/web/20251005131848/https://www.wnacg.com/photos-view-id-26738502.html
/web/20251005131821/https://www.wnacg.com/photos-view-id-26738510.html
/web/20251005131902/https://www.wnacg.com/photos-view-id-26738507.html
/web/20251005131851/https://www.wnacg.com/photos-view-id-26738512.html
/web/20251005131929/https://www.wnacg.com/photos-view-id-26738506.html
/web/20251005131928/https://www.wnacg.com/photos-view-id-26738513.html
/web/20251005132003/https://www.wnacg.com/photos-view-id-26738503.html
/web/20251005132002/https://www.wnacg.com/photos-view-id-26738504.html
/web/20251005132020/https://www.wnacg.com/photos-view-id-26738509.html
/web/20251005132044/https://www.wnacg.com/photos-index-page-7-aid-318700.html
/web/20251005132021/https://www.wnacg.com/photos-view-id-26738474.html
/web/20251005132045/https://www.wnacg.com/photos-view-id-26738486.html
/web/20251005132102/https://www.wnacg.com/photos-view-id-26738475.html
/web/20251005132112/https://www.wnacg.com/photos-view-id-26738488.html
/web/20251005132127/https://www.wnacg.com/photos-view-id-26738484.html
/web/20251005132113/https://www.wnacg.com/photos-view-id-26738483.html
/web/20251005132154/https://www.wnacg.com/photos-view-id-26738487.html
/web/20251005132120/https://www.wnacg.com/photos-view-id-26738485.html
/web/20251005132225/https://www.wnacg.com/photos-view-id-26738481.html
/web/20251005132240/https://www.wnacg.com/photos-view-id-26738519.html
/web/20251005132234/https://www.wnacg.com/photos-view-id-26738514.html
/web/20251005132247/https://www.wnacg.com/photos-view-id-26738524.html
/web/20251005132309/https://www.wnacg.com/photos-view-id-26738489.html
/web/20251005132334/https://www.wnacg.com/photos-view-id-26738517.html
/web/20251005132335/https://www.wnacg.com/photos-view-id-26738516.html
/web/20251005132342/https://www.wnacg.com/photos-view-id-26738521.html
/web/20251005132349/https://www.wnacg.com/photos-view-id-26738523.html
/web/20251005132356/https://www.wnacg.com/photos-view-id-26738525.html
/web/20251005132410/https://www.wnacg.com/photos-view-id-26738518.html
/web/20251005132403/https://www.wnacg.com/photos-view-id-26738515.html
/web/20251005132439/https://www.wnacg.com/photos-view-id-26738520.html
/web/20251005132445/https://www.wnacg.com/photos-view-id-26738478.html
/web/20251005132507/https://www.wnacg.com/photos-view-id-26738479.html
/web/20251005132515/https://www.wnacg.com/photos-view-id-26738480.html
/web/20251005132438/https://www.wnacg.com/photos-view-id-26738522.html
/web/20251005132508/https://www.wnacg.com/photos-view-id-26738482.html
/web/20251005132527/https://www.wnacg.com/photos-view-id-26738501.html
/web/20251005132549/https://www.wnacg.com/photos-view-id-26738497.html
/web/20251005132612/https://www.wnacg.com/photos-view-id-26738492.html
/web/20251005132606/https://www.wnacg.com/photos-view-id-26738491.html
/web/20251005132626/https://www.wnacg.com/photos-view-id-26738490.html
/web/20251005132619/https://www.wnacg.com/photos-view-id-26738500.html
/web/20251005132656/https://www.wnacg.com/photos-view-id-26738496.html
/web/20251005132705/https://www.wnacg.com/photos-view-id-26738498.html
/web/20251005132726/https://www.wnacg.com/photos-view-id-26738494.html
/web/20251005132719/https://www.wnacg.com/photos-view-id-26738493.html
/web/20251005132712/https://www.wnacg.com/photos-view-id-26738495.html
/web/20251005132820/https://v1.wzip.download/down/3187/83b73935523b067a93c227aa8fda7f72.zip?n=%5B%E3%82%A2%E3%83%B3%E3%82%BD%E3%83%AD%E3%82%B8%E3%83%BC%5D%20%E4%BA%8C%E6%AC%A1%E5%85%83%E3%82%B3%E3%83%9F%E3%83%83%E3%82%AF%E3%83%9E%E3%82%AC%E3%82%B8%E3%83%B3%20%E3%81%B5%E3%81%9F%E3%81%AA%E3%82%8A%E5%A3%81%E7%AB%BF%20%E5%A3%81%E5%B0%BB%E3%81%B5%E3%81%9F%E3%81%AA%E3%82%8A%E3%83%92%E3%83%AD%E3%82%A4%E3%83%B3%E6%90%BE%E7%B2%BE%E3%82%A4%E3%82%AD%E5%9C%B0%E7%8D%84%EF%BC%81Vol.2%20%5B%E7%9C%9F%E4%B8%8D%E5%8F%AF%E8%A7%86%E6%B1%89%E5%8C%96%E7%BB%84%5D%20%5BDL%E7%89%88%5D
/web/20251005132827/https://v1.wzip.date/down/3187/83b73935523b067a93c227aa8fda7f72.zip?n=%5B%E3%82%A2%E3%83%B3%E3%82%BD%E3%83%AD%E3%82%B8%E3%83%BC%5D%20%E4%BA%8C%E6%AC%A1%E5%85%83%E3%82%B3%E3%83%9F%E3%83%83%E3%82%AF%E3%83%9E%E3%82%AC%E3%82%B8%E3%83%B3%20%E3%81%B5%E3%81%9F%E3%81%AA%E3%82%8A%E5%A3%81%E7%AB%BF%20%E5%A3%81%E5%B0%BB%E3%81%B5%E3%81%9F%E3%81%AA%E3%82%8A%E3%83%92%E3%83%AD%E3%82%A4%E3%83%B3%E6%90%BE%E7%B2%BE%E3%82%A4%E3%82%AD%E5%9C%B0%E7%8D%84%EF%BC%81Vol.2%20%5B%E7%9C%9F%E4%B8%8D%E5%8F%AF%E8%A7%86%E6%B1%89%E5%8C%96%E7%BB%84%5D%20%5BDL%E7%89%88%5D
/web/20251005132818/https://www.wnacg.com/photos-view-id-26738499.html
/web/20251005132815/https://www.wnacg.com/photos-view-id-26738533.html
/web/20251005132844/https://www.wnacg.com/photos-view-id-26738528.html
/web/20251005132936/https://www.wnacg.com/photos-view-id-26738529.html
/web/20251005132925/https://www.wnacg.com/photos-view-id-26738531.html
/web/20251005132933/https://www.wnacg.com/photos-view-id-26738527.html
/web/20251005132931/https://www.wnacg.com/photos-view-id-26738526.html
/web/20251005132925/https://www.wnacg.com/photos-view-id-26738532.html
/web/20251005133039/https://www.wnacg.com/photos-view-id-26738530.html
