/web/20251130050948/https://www.wnacg.ru/photos-index-aid-93250.html
/web/20251130051120/https://www.wnacg.ru/photos-view-id-7461289.html
/web/20251130051141/https://www.wnacg.ru/photos-view-id-7461302.html
/web/20251130051120/https://www.wnacg.ru/photos-slide-aid-93250.html
/web/20251130051150/https://www.wnacg.ru/photos-index-page-2-aid-93250.html
/web/20251130051205/https://www.wnacg.ru/photos-view-id-7461329.html
/web/20251130051216/https://www.wnacg.ru/download-index-aid-93250.html
/web/20251130051240/https://www.wnacg.ru/photos-view-id-7461295.html
/web/20251130051249/https://www.wnacg.ru/photos-view-id-7461299.html
/web/20251130051252/https://www.wnacg.ru/photos-view-id-7461307.html
/web/20251130051346/https://www.wnacg.ru/photos-view-id-7461301.html
/web/20251130051400/https://www.wnacg.ru/photos-view-id-7461304.html
/web/20251130051354/https://www.wnacg.ru/photos-view-id-7461309.html
/web/20251130051441/https://www.wnacg.ru/photos-view-id-7461293.html
/web/20251130051439/https://www.wnacg.ru/photos-view-id-7461291.html
/web/20251130051549/https://www.wnacg.ru/photos-view-id-7461297.html
/web/20251130051609/https://www.wnacg.ru/photos-view-id-7461318.html
/web/20251130051623/https://www.wnacg.ru/photos-view-id-7461328.html
/web/20251130051640/https://www.wnacg.ru/photos-index-page-1-aid-93250.html
/web/20251130051651/https://www.wnacg.ru/photos-view-id-7461314.html
/web/20251130051706/https://www.wnacg.ru/photos-view-id-7461323.html
/web/20251130051805/https://www.wnacg.ru/photos-view-id-7461317.html
/web/20251130051820/https://www.wnacg.ru/photos-view-id-7461326.html
/web/20251130051852/https://v1.wzip.date/down/0933/ad0cb37a098054540a5714301eb781ff.zip?n=%5B%E6%B2%92%E6%9C%89%E6%BC%A2%E5%8C%96%5D%20(%E3%81%93%E3%81%BF%E3%83%88%E3%83%AC34)%20%5B%E5%A1%A9%E3%81%A1%E3%82%87%E3%81%93%20(%E4%B8%83G)%5D%20%E9%83%A1%E9%81%93%E5%85%88%E7%94%9F%E3%81%AE%E8%B6%B3%E3%81%A7%E5%A4%A2%E6%83%B3%E3%81%99%E3%82%8B%20(%E3%81%AB%E3%81%98%E3%81%95%E3%82%93%E3%81%98)
/web/20251130051900/https://v1.wzip.download/down/0933/ad0cb37a098054540a5714301eb781ff.zip?n=%5B%E6%B2%92%E6%9C%89%E6%BC%A2%E5%8C%96%5D%20(%E3%81%93%E3%81%BF%E3%83%88%E3%83%AC34)%20%5B%E5%A1%A9%E3%81%A1%E3%82%87%E3%81%93%20(%E4%B8%83G)%5D%20%E9%83%A1%E9%81%93%E5%85%88%E7%94%9F%E3%81%AE%E8%B6%B3%E3%81%A7%E5%A4%A2%E6%83%B3%E3%81%99%E3%82%8B%20(%E3%81%AB%E3%81%98%E3%81%95%E3%82%93%E3%81%98)
