https://www.wnacg.com/photos-index-aid-89689.html
https://www.wnacg.com/photos-view-id-7067692.html
https://www.wnacg.com/photos-view-id-7067732.html
https://www.wnacg.com/download-index-aid-89689.html
https://www.wnacg.com/photos-view-id-7067737.html
https://www.wnacg.com/photos-view-id-7067766.html
https://www.wnacg.com/photos-view-id-7067756.html
https://www.wnacg.com/photos-view-id-7067763.html
https://www.wnacg.com/photos-view-id-7067751.html
https://www.wnacg.com/photos-index-page-2-aid-89689.html
https://www.wnacg.com/photos-view-id-7067831.html
https://www.wnacg.com/photos-slide-aid-89689.html
https://www.wnacg.com/photos-view-id-7067739.html
https://www.wnacg.com/photos-view-id-7067744.html
https://www.wnacg.com/photos-view-id-7067734.html
https://www.wnacg.com/photos-view-id-7067769.html
https://www.wnacg.com/photos-index-page-3-aid-89689.html
https://v1.wzip.date/down/0897/042f708d57a82359b59ca8fdd593a3e2.zip?n=(%E3%82%B5%E3%83%B3%E3%82%AF%E3%83%AA2019%20Autumn)%20[%E6%A5%BD%E5%9C%92%E3%83%86%E3%82%A3%E3%83%A9%E3%83%9F%E3%82%B9%20(%E3%81%93%E3%81%BC)]%20%E6%90%BE%E7%B2%BE%E3%82%AB%E3%82%B8%E3%83%8E%20%E3%82%AD%E3%83%A3%E3%83%A1%E3%83%AD%E3%83%83%E3%83%88%E3%81%B8%E3%82%88%E3%81%86%E3%81%93%E3%81%9D!!%20%E6%AD%A1%E8%BF%8E%E4%BE%86%E5%88%B0%E6%A6%A8%E7%B2%BE%E8%B3%AD%E5%A0%B4%E5%8D%A1%E7%BE%8E%E6%B4%9B!!%20(Fate%20Grand%20Order)%20[Chinese]%20[%E7%A6%81%E6%BC%AB%E6%BC%A2%E5%8C%96%E7%B5%84]
https://www.wnacg.com/photos-view-id-7067730.html
https://v1.wzip.download/down/0897/042f708d57a82359b59ca8fdd593a3e2.zip?n=(%E3%82%B5%E3%83%B3%E3%82%AF%E3%83%AA2019%20Autumn)%20[%E6%A5%BD%E5%9C%92%E3%83%86%E3%82%A3%E3%83%A9%E3%83%9F%E3%82%B9%20(%E3%81%93%E3%81%BC)]%20%E6%90%BE%E7%B2%BE%E3%82%AB%E3%82%B8%E3%83%8E%20%E3%82%AD%E3%83%A3%E3%83%A1%E3%83%AD%E3%83%83%E3%83%88%E3%81%B8%E3%82%88%E3%81%86%E3%81%93%E3%81%9D!!%20%E6%AD%A1%E8%BF%8E%E4%BE%86%E5%88%B0%E6%A6%A8%E7%B2%BE%E8%B3%AD%E5%A0%B4%E5%8D%A1%E7%BE%8E%E6%B4%9B!!%20(Fate%20Grand%20Order)%20[Chinese]%20[%E7%A6%81%E6%BC%AB%E6%BC%A2%E5%8C%96%E7%B5%84]
https://www.wnacg.com/photos-view-id-7067713.html
https://www.wnacg.com/photos-view-id-7067711.html
https://www.wnacg.com/photos-view-id-7067695.html
https://www.wnacg.com/photos-view-id-7067707.html
https://www.wnacg.com/photos-view-id-7067709.html
https://www.wnacg.com/photos-view-id-7067699.html
https://www.wnacg.com/photos-view-id-7067722.html
https://www.wnacg.com/photos-view-id-7067716.html
https://www.wnacg.com/photos-view-id-7067704.html
https://www.wnacg.com/photos-view-id-7067723.html
https://www.wnacg.com/photos-view-id-7067718.html
https://www.wnacg.com/photos-index-page-1-aid-89689.html
https://www.wnacg.com/photos-view-id-7067720.html
https://www.wnacg.com/photos-view-id-7067725.html
https://www.wnacg.com/photos-view-id-7067727.html
