/web/20251006103650/https://www.wnacg.com/photos-index-aid-197157.html
/web/20251006103749/https://www.wnacg.com/photos-slide-aid-197157.html
/web/20251006103743/https://www.wnacg.com/photos-view-id-17108359.html
/web/20251006103824/https://www.wnacg.com/photos-view-id-17108356.html
/web/20251006103815/https://www.wnacg.com/photos-view-id-17108357.html
/web/20251006103837/https://www.wnacg.com/photos-view-id-17108352.html
/web/20251006103838/https://www.wnacg.com/photos-view-id-17108361.html
/web/20251006103846/https://www.wnacg.com/photos-view-id-17108354.html
/web/20251006103947/https://www.wnacg.com/photos-view-id-17108355.html
/web/20251006103946/https://www.wnacg.com/photos-view-id-17108353.html
/web/20251006104040/https://www.wnacg.com/download-index-aid-197157.html
/web/20251006104046/https://www.wnacg.com/photos-index-page-2-aid-197157.html
/web/20251006104047/https://www.wnacg.com/photos-view-id-17108363.html
/web/20251006104122/https://www.wnacg.com/photos-view-id-17108362.html
/web/20251006104148/https://www.wnacg.com/photos-index-page-3-aid-197157.html
/web/20251006104208/https://www.wnacg.com/photos-view-id-17108360.html
/web/20251006104239/https://www.wnacg.com/photos-view-id-17108358.html
/web/20251006104239/https://v1.wzip.date/down/1972/fea3c5207a4b85679b23955796c7697b.zip?n=%5BNOSEBLEED%20(%E5%AE%AE%E5%85%83%E4%B8%80%E4%BD%90)%5D%20%E9%BB%92%E3%82%AE%E3%83%A3%E3%83%AB%E3%83%A1%E3%82%A4%E3%83%89%E6%B7%AB%E9%AD%94%E3%80%81%E3%81%94%E3%81%97%E3%82%85%E3%82%92%E5%96%B0%E3%81%86%E3%80%82%20%5B%E4%B8%AD%E5%9B%BD%E7%BF%BB%E8%A8%B3%5D
/web/20251006104250/https://v1.wzip.download/down/1972/fea3c5207a4b85679b23955796c7697b.zip?n=%5BNOSEBLEED%20(%E5%AE%AE%E5%85%83%E4%B8%80%E4%BD%90)%5D%20%E9%BB%92%E3%82%AE%E3%83%A3%E3%83%AB%E3%83%A1%E3%82%A4%E3%83%89%E6%B7%AB%E9%AD%94%E3%80%81%E3%81%94%E3%81%97%E3%82%85%E3%82%92%E5%96%B0%E3%81%86%E3%80%82%20%5B%E4%B8%AD%E5%9B%BD%E7%BF%BB%E8%A8%B3%5D
/web/20251006104331/https://www.wnacg.com/photos-view-id-17108364.html
/web/20251006104321/https://www.wnacg.com/photos-view-id-17108370.html
/web/20251006104345/https://www.wnacg.com/photos-view-id-17108387.html
/web/20251006104421/https://www.wnacg.com/photos-view-id-17108368.html
/web/20251006104426/https://www.wnacg.com/photos-view-id-17108373.html
/web/20251006104431/https://www.wnacg.com/photos-view-id-17108369.html
/web/20251006104505/https://www.wnacg.com/photos-view-id-17108372.html
/web/20251006104503/https://www.wnacg.com/photos-index-page-1-aid-197157.html
/web/20251006104535/https://www.wnacg.com/photos-view-id-17108367.html
/web/20251006104547/https://www.wnacg.com/photos-view-id-17108366.html
/web/20251006104537/https://www.wnacg.com/photos-view-id-17108386.html
/web/20251006104617/https://www.wnacg.com/photos-view-id-17108376.html
/web/20251006104622/https://www.wnacg.com/photos-view-id-17108384.html
/web/20251006104707/https://www.wnacg.com/photos-view-id-17108378.html
/web/20251006104649/https://www.wnacg.com/photos-view-id-17108380.html
/web/20251006104705/https://www.wnacg.com/photos-view-id-17108377.html
/web/20251006104659/https://www.wnacg.com/photos-view-id-17108385.html
/web/20251006104759/https://www.wnacg.com/photos-view-id-17108365.html
/web/20251006104800/https://www.wnacg.com/photos-view-id-17108371.html
/web/20251006104810/https://www.wnacg.com/photos-view-id-17108374.html
/web/20251006104820/https://www.wnacg.com/photos-view-id-17108375.html
/web/20251006104830/https://www.wnacg.com/photos-view-id-17108381.html
/web/20251006104849/https://www.wnacg.com/photos-view-id-17108382.html
/web/20251006104910/https://www.wnacg.com/photos-view-id-17108383.html
/web/20251006104930/https://www.wnacg.com/photos-view-id-17108379.html
