https://www.wnacg.com/photos-index-aid-197157.html
https://www.wnacg.com/photos-slide-aid-197157.html
https://www.wnacg.com/photos-view-id-17108359.html
https://www.wnacg.com/photos-view-id-17108356.html
https://www.wnacg.com/photos-view-id-17108357.html
https://www.wnacg.com/photos-view-id-17108352.html
https://www.wnacg.com/photos-view-id-17108361.html
https://www.wnacg.com/photos-view-id-17108354.html
https://www.wnacg.com/photos-view-id-17108355.html
https://www.wnacg.com/photos-view-id-17108353.html
https://www.wnacg.com/download-index-aid-197157.html
https://www.wnacg.com/photos-index-page-2-aid-197157.html
https://www.wnacg.com/photos-view-id-17108363.html
https://www.wnacg.com/photos-view-id-17108362.html
https://www.wnacg.com/photos-index-page-3-aid-197157.html
https://www.wnacg.com/photos-view-id-17108360.html
https://www.wnacg.com/photos-view-id-17108358.html
https://v1.wzip.date/down/1972/fea3c5207a4b85679b23955796c7697b.zip?n=[NOSEBLEED%20(%E5%AE%AE%E5%85%83%E4%B8%80%E4%BD%90)]%20%E9%BB%92%E3%82%AE%E3%83%A3%E3%83%AB%E3%83%A1%E3%82%A4%E3%83%89%E6%B7%AB%E9%AD%94%E3%80%81%E3%81%94%E3%81%97%E3%82%85%E3%82%92%E5%96%B0%E3%81%86%E3%80%82%20[%E4%B8%AD%E5%9B%BD%E7%BF%BB%E8%A8%B3]
https://v1.wzip.download/down/1972/fea3c5207a4b85679b23955796c7697b.zip?n=[NOSEBLEED%20(%E5%AE%AE%E5%85%83%E4%B8%80%E4%BD%90)]%20%E9%BB%92%E3%82%AE%E3%83%A3%E3%83%AB%E3%83%A1%E3%82%A4%E3%83%89%E6%B7%AB%E9%AD%94%E3%80%81%E3%81%94%E3%81%97%E3%82%85%E3%82%92%E5%96%B0%E3%81%86%E3%80%82%20[%E4%B8%AD%E5%9B%BD%E7%BF%BB%E8%A8%B3]
https://www.wnacg.com/photos-view-id-17108364.html
https://www.wnacg.com/photos-view-id-17108370.html
https://www.wnacg.com/photos-view-id-17108387.html
https://www.wnacg.com/photos-view-id-17108368.html
https://www.wnacg.com/photos-view-id-17108373.html
https://www.wnacg.com/photos-view-id-17108369.html
https://www.wnacg.com/photos-view-id-17108372.html
https://www.wnacg.com/photos-index-page-1-aid-197157.html
https://www.wnacg.com/photos-view-id-17108367.html
https://www.wnacg.com/photos-view-id-17108366.html
https://www.wnacg.com/photos-view-id-17108386.html
https://www.wnacg.com/photos-view-id-17108376.html
https://www.wnacg.com/photos-view-id-17108384.html
https://www.wnacg.com/photos-view-id-17108378.html
https://www.wnacg.com/photos-view-id-17108380.html
https://www.wnacg.com/photos-view-id-17108377.html
https://www.wnacg.com/photos-view-id-17108385.html
https://www.wnacg.com/photos-view-id-17108365.html
https://www.wnacg.com/photos-view-id-17108371.html
https://www.wnacg.com/photos-view-id-17108374.html
https://www.wnacg.com/photos-view-id-17108375.html
https://www.wnacg.com/photos-view-id-17108381.html
https://www.wnacg.com/photos-view-id-17108382.html
https://www.wnacg.com/photos-view-id-17108383.html
https://www.wnacg.com/photos-view-id-17108379.html
