/web/20251005143118/https://www.wnacg.com/photos-index-aid-304159.html
/web/20251005143136/https://www.wnacg.com/photos-view-id-25325766.html
/web/20251005143142/https://www.wnacg.com/photos-index-page-3-aid-304159.html
/web/20251005143150/https://www.wnacg.com/photos-view-id-25325820.html
/web/20251005143157/https://www.wnacg.com/photos-view-id-25325759.html
/web/20251005143204/https://www.wnacg.com/photos-view-id-25325836.html
/web/20251005143211/https://www.wnacg.com/photos-index-page-5-aid-304159.html
/web/20251005143220/https://www.wnacg.com/photos-index-page-2-aid-304159.html
/web/20251005143246/https://www.wnacg.com/photos-view-id-25325828.html
/web/20251005143247/https://www.wnacg.com/photos-view-id-25325811.html
/web/20251005143312/https://www.wnacg.com/photos-view-id-25325844.html
/web/20251005143308/https://www.wnacg.com/photos-view-id-25325782.html
/web/20251005143326/https://www.wnacg.com/photos-index-page-4-aid-304159.html
/web/20251005143321/https://www.wnacg.com/photos-view-id-25325803.html
/web/20251005143333/https://www.wnacg.com/photos-view-id-25325790.html
/web/20251005143406/https://www.wnacg.com/photos-slide-aid-304159.html
/web/20251005143441/https://www.wnacg.com/photos-view-id-25325773.html
/web/20251005143448/https://www.wnacg.com/photos-view-id-25325939.html
/web/20251005143454/https://www.wnacg.com/photos-view-id-25325998.html
/web/20251005143501/https://www.wnacg.com/photos-view-id-25325968.html
/web/20251005143508/https://www.wnacg.com/photos-view-id-25325955.html
/web/20251005143515/https://www.wnacg.com/photos-view-id-25325991.html
/web/20251005143522/https://www.wnacg.com/photos-view-id-25326010.html
/web/20251005143535/https://www.wnacg.com/photos-index-page-1-aid-304159.html
/web/20251005143529/https://www.wnacg.com/photos-view-id-25325947.html
/web/20251005143610/https://www.wnacg.com/download-index-aid-304159.html
/web/20251005143612/https://www.wnacg.com/photos-view-id-25325935.html
/web/20251005143619/https://www.wnacg.com/photos-view-id-25326098.html
/web/20251005143633/https://www.wnacg.com/photos-view-id-25325930.html
/web/20251005143628/https://www.wnacg.com/photos-view-id-25326095.html
/web/20251005143717/https://www.wnacg.com/photos-view-id-25325913.html
/web/20251005143720/https://www.wnacg.com/photos-view-id-25325920.html
/web/20251005143727/https://www.wnacg.com/photos-view-id-25325905.html
/web/20251005143733/https://www.wnacg.com/photos-view-id-25325884.html
/web/20251005143741/https://www.wnacg.com/photos-view-id-25325926.html
/web/20251005143815/https://www.wnacg.com/photos-view-id-25325898.html
/web/20251005143818/https://www.wnacg.com/photos-view-id-25325861.html
/web/20251005143833/https://www.wnacg.com/photos-view-id-25325853.html
/web/20251005143839/https://www.wnacg.com/photos-view-id-25326084.html
/web/20251005143826/https://www.wnacg.com/photos-view-id-25325877.html
/web/20251005143910/https://www.wnacg.com/photos-view-id-25326046.html
/web/20251005143912/https://www.wnacg.com/photos-view-id-25326025.html
/web/20251005143954/https://www.wnacg.com/photos-view-id-25326072.html
/web/20251005143926/https://www.wnacg.com/photos-view-id-25326019.html
/web/20251005144009/https://www.wnacg.com/photos-view-id-25325977.html
/web/20251005144016/https://www.wnacg.com/photos-view-id-25325963.html
/web/20251005144052/https://www.wnacg.com/photos-view-id-25326005.html
/web/20251005143935/https://www.wnacg.com/photos-view-id-25326066.html
/web/20251005144029/https://v1.wzip.date/down/3042/27b9e99c788f1842d53abc2ca278e5aa.zip?n=%5BCOMEX%20(%E7%8F%8D%E7%B7%91)%5D%20%E5%A9%A6%E9%95%B7%E3%81%AE%E6%90%BE%E7%B2%BE+%E5%BE%8C%E8%BC%A9%E3%81%AE%E7%94%98%E3%81%84%E7%99%82%E6%B3%95%20(Fate%20Grand%20Order)%5B%E4%B8%AD%E5%9B%BD%E7%BF%BB%E8%A8%B3%5D%5BDL%E7%89%88%5D
/web/20251005144108/https://www.wnacg.com/photos-view-id-25325892.html
/web/20251005144105/https://v1.wzip.download/down/3042/27b9e99c788f1842d53abc2ca278e5aa.zip?n=%5BCOMEX%20(%E7%8F%8D%E7%B7%91)%5D%20%E5%A9%A6%E9%95%B7%E3%81%AE%E6%90%BE%E7%B2%BE+%E5%BE%8C%E8%BC%A9%E3%81%AE%E7%94%98%E3%81%84%E7%99%82%E6%B3%95%20(Fate%20Grand%20Order)%5B%E4%B8%AD%E5%9B%BD%E7%BF%BB%E8%A8%B3%5D%5BDL%E7%89%88%5D
/web/20251005144023/https://www.wnacg.com/photos-view-id-25325984.html
/web/20251005144140/https://www.wnacg.com/photos-view-id-25326039.html
/web/20251005144138/https://www.wnacg.com/photos-view-id-25325869.html
/web/20251005144145/https://www.wnacg.com/photos-view-id-25326053.html
/web/20251005144229/https://www.wnacg.com/photos-view-id-25326090.html
/web/20251005144235/https://www.wnacg.com/photos-view-id-25326077.html
/web/20251005144241/https://www.wnacg.com/photos-view-id-25326060.html
/web/20251005144218/https://www.wnacg.com/photos-view-id-25326034.html
/web/20251005144246/https://www.wnacg.com/photos-view-id-25325796.html
