/web/20251005133450/https://www.wnacg.com/photos-index-aid-136871.html
/web/20251005133512/https://www.wnacg.com/photos-view-id-12086379.html
/web/20251005133516/https://www.wnacg.com/photos-view-id-12086371.html
/web/20251005133528/https://www.wnacg.com/photos-view-id-12086378.html
/web/20251005133535/https://www.wnacg.com/photos-index-page-2-aid-136871.html
/web/20251005133623/https://www.wnacg.com/photos-view-id-12086367.html
/web/20251005133616/https://www.wnacg.com/photos-view-id-12086364.html
/web/20251005133609/https://www.wnacg.com/photos-view-id-12086370.html
/web/20251005133630/https://www.wnacg.com/photos-view-id-12086373.html
/web/20251005133607/https://www.wnacg.com/download-index-aid-136871.html
/web/20251005133651/https://www.wnacg.com/photos-view-id-12086375.html
/web/20251005133724/https://www.wnacg.com/photos-view-id-12086365.html
/web/20251005133731/https://www.wnacg.com/photos-view-id-12086376.html
/web/20251005133745/https://www.wnacg.com/photos-index-page-4-aid-136871.html
/web/20251005133741/https://www.wnacg.com/photos-index-page-19-aid-136871.html
/web/20251005133727/https://www.wnacg.com/photos-slide-aid-136871.html
/web/20251005133849/https://www.wnacg.com/photos-view-id-12086381.html
/web/20251005133856/https://www.wnacg.com/photos-index-page-1-aid-136871.html
/web/20251005133910/https://www.wnacg.com/photos-view-id-12086398.html
/web/20251005133903/https://www.wnacg.com/photos-view-id-12086385.html
/web/20251005133917/https://www.wnacg.com/photos-view-id-12086391.html
/web/20251005133949/https://www.wnacg.com/photos-view-id-12086389.html
/web/20251005134006/https://www.wnacg.com/photos-view-id-12086392.html
/web/20251005134007/https://www.wnacg.com/photos-view-id-12086382.html
/web/20251005133924/https://www.wnacg.com/photos-index-page-5-aid-136871.html
/web/20251005134014/https://www.wnacg.com/photos-index-page-3-aid-136871.html
/web/20251005134028/https://www.wnacg.com/photos-view-id-12086368.html
/web/20251005134106/https://www.wnacg.com/photos-view-id-12086724.html
/web/20251005134023/https://www.wnacg.com/photos-view-id-12086394.html
/web/20251005134131/https://www.wnacg.com/photos-view-id-12086427.html
/web/20251005134212/https://www.wnacg.com/photos-index-page-7-aid-136871.html
/web/20251005134214/https://www.wnacg.com/photos-index-page-8-aid-136871.html
/web/20251005134227/https://www.wnacg.com/photos-view-id-12086421.html
/web/20251005134220/https://www.wnacg.com/photos-index-page-6-aid-136871.html
/web/20251005134238/https://www.wnacg.com/photos-view-id-12086435.html
/web/20251005134329/https://www.wnacg.com/photos-view-id-12086720.html
/web/20251005134336/https://www.wnacg.com/photos-view-id-12086722.html
/web/20251005134344/https://www.wnacg.com/photos-index-page-16-aid-136871.html
/web/20251005134333/https://www.wnacg.com/photos-index-page-15-aid-136871.html
/web/20251005134333/https://www.wnacg.com/photos-view-id-12086424.html
/web/20251005134430/https://www.wnacg.com/photos-index-page-17-aid-136871.html
/web/20251005134506/https://www.wnacg.com/photos-view-id-12086384.html
/web/20251005134540/https://www.wnacg.com/photos-view-id-12086387.html
/web/20251005134450/https://www.wnacg.com/photos-view-id-12086400.html
/web/20251005134455/https://www.wnacg.com/photos-view-id-12086397.html
/web/20251005134551/https://www.wnacg.com/photos-view-id-12086454.html
/web/20251005134512/https://www.wnacg.com/photos-view-id-12086452.html
/web/20251005134552/https://www.wnacg.com/photos-view-id-12086455.html
/web/20251005134627/https://www.wnacg.com/photos-view-id-12086442.html
/web/20251005134632/https://www.wnacg.com/photos-view-id-12086444.html
/web/20251005134624/https://www.wnacg.com/photos-view-id-12086407.html
/web/20251005134617/https://www.wnacg.com/photos-view-id-12086445.html
/web/20251005134651/https://www.wnacg.com/photos-view-id-12086413.html
/web/20251005134728/https://www.wnacg.com/photos-view-id-12086417.html
/web/20251005134741/https://www.wnacg.com/photos-view-id-12086410.html
/web/20251005134734/https://www.wnacg.com/photos-view-id-12086415.html
/web/20251005134803/https://www.wnacg.com/photos-view-id-12086395.html
/web/20251005134756/https://www.wnacg.com/photos-view-id-12086412.html
/web/20251005134748/https://www.wnacg.com/photos-view-id-12086405.html
/web/20251005134809/https://www.wnacg.com/photos-view-id-12086429.html
/web/20251005134837/https://www.wnacg.com/photos-view-id-12086426.html
/web/20251005134845/https://www.wnacg.com/photos-view-id-12086492.html
/web/20251005134900/https://www.wnacg.com/photos-view-id-12086487.html
/web/20251005134917/https://www.wnacg.com/photos-view-id-12086489.html
/web/20251005134919/https://www.wnacg.com/photos-view-id-12086485.html
/web/20251005134954/https://www.wnacg.com/photos-index-page-9-aid-136871.html
/web/20251005134959/https://www.wnacg.com/photos-view-id-12086480.html
/web/20251005135004/https://www.wnacg.com/photos-view-id-12086484.html
/web/20251005134948/https://www.wnacg.com/photos-view-id-12086491.html
/web/20251005135036/https://www.wnacg.com/photos-view-id-12086506.html
/web/20251005135008/https://www.wnacg.com/photos-view-id-12086511.html
/web/20251005135037/https://www.wnacg.com/photos-view-id-12086507.html
/web/20251005135104/https://www.wnacg.com/photos-view-id-12086514.html
/web/20251005135112/https://www.wnacg.com/photos-view-id-12086509.html
/web/20251005135105/https://www.wnacg.com/photos-view-id-12086501.html
/web/20251005135126/https://www.wnacg.com/photos-index-page-10-aid-136871.html
/web/20251005135227/https://www.wnacg.com/photos-index-page-11-aid-136871.html
/web/20251005135241/https://www.wnacg.com/photos-view-id-12086498.html
/web/20251005135247/https://www.wnacg.com/photos-index-page-12-aid-136871.html
/web/20251005135234/https://www.wnacg.com/photos-view-id-12086512.html
/web/20251005135227/https://www.wnacg.com/photos-view-id-12086504.html
/web/20251005135342/https://www.wnacg.com/photos-view-id-12086420.html
/web/20251005135351/https://www.wnacg.com/photos-view-id-12086475.html
/web/20251005135344/https://www.wnacg.com/photos-view-id-12086422.html
/web/20251005135358/https://www.wnacg.com/photos-view-id-12086469.html
/web/20251005135412/https://www.wnacg.com/photos-view-id-12086465.html
/web/20251005135406/https://www.wnacg.com/photos-view-id-12086463.html
/web/20251005135448/https://www.wnacg.com/photos-view-id-12086472.html
/web/20251005135440/https://www.wnacg.com/photos-view-id-12086473.html
/web/20251005135508/https://www.wnacg.com/photos-view-id-12086479.html
/web/20251005135440/https://www.wnacg.com/photos-view-id-12086461.html
/web/20251005135526/https://www.wnacg.com/photos-view-id-12086467.html
/web/20251005135603/https://www.wnacg.com/photos-view-id-12086666.html
/web/20251005135607/https://www.wnacg.com/photos-view-id-12086476.html
/web/20251005135631/https://www.wnacg.com/photos-view-id-12086433.html
/web/20251005135649/https://www.wnacg.com/photos-view-id-12086647.html
/web/20251005135549/https://www.wnacg.com/photos-view-id-12086470.html
/web/20251005135711/https://www.wnacg.com/photos-view-id-12086436.html
/web/20251005135656/https://www.wnacg.com/photos-view-id-12086654.html
/web/20251005135649/https://www.wnacg.com/photos-view-id-12086662.html
/web/20251005135715/https://www.wnacg.com/photos-view-id-12086651.html
/web/20251005135704/https://www.wnacg.com/photos-view-id-12086656.html
/web/20251005135813/https://www.wnacg.com/photos-view-id-12086649.html
/web/20251005135824/https://www.wnacg.com/photos-view-id-12086641.html
/web/20251005135758/https://www.wnacg.com/photos-view-id-12086645.html
/web/20251005135806/https://www.wnacg.com/photos-index-page-14-aid-136871.html
/web/20251005135916/https://www.wnacg.com/photos-index-page-18-aid-136871.html
/web/20251005135915/https://www.wnacg.com/photos-view-id-12086653.html
/web/20251005135923/https://www.wnacg.com/photos-view-id-12086643.html
/web/20251005135908/https://www.wnacg.com/photos-index-page-13-aid-136871.html
/web/20251005135909/https://www.wnacg.com/photos-view-id-12086630.html
/web/20251005140017/https://www.wnacg.com/photos-view-id-12086636.html
/web/20251005140035/https://www.wnacg.com/photos-view-id-12086673.html
/web/20251005140028/https://www.wnacg.com/photos-view-id-12086626.html
/web/20251005140026/https://www.wnacg.com/photos-view-id-12086718.html
/web/20251005140107/https://www.wnacg.com/photos-view-id-12086671.html
/web/20251005140130/https://www.wnacg.com/photos-view-id-12086688.html
/web/20251005140143/https://www.wnacg.com/photos-view-id-12086667.html
/web/20251005140227/https://www.wnacg.com/photos-view-id-12086401.html
/web/20251005140221/https://www.wnacg.com/photos-view-id-12086457.html
/web/20251005140240/https://www.wnacg.com/photos-view-id-12086409.html
/web/20251005140204/https://www.wnacg.com/photos-view-id-12086450.html
/web/20251005140241/https://www.wnacg.com/photos-view-id-12086440.html
/web/20251005140321/https://www.wnacg.com/photos-view-id-12086404.html
/web/20251005140254/https://www.wnacg.com/photos-view-id-12086418.html
/web/20251005140247/https://www.wnacg.com/photos-view-id-12086447.html
/web/20251005140349/https://www.wnacg.com/photos-view-id-12086494.html
/web/20251005140322/https://www.wnacg.com/photos-view-id-12086431.html
/web/20251005140351/https://www.wnacg.com/photos-view-id-12086488.html
/web/20251005140426/https://www.wnacg.com/photos-view-id-12086525.html
/web/20251005140407/https://www.wnacg.com/photos-view-id-12086529.html
/web/20251005140525/https://www.wnacg.com/photos-view-id-12086526.html
/web/20251005140544/https://www.wnacg.com/photos-view-id-12086518.html
/web/20251005140549/https://www.wnacg.com/photos-view-id-12086534.html
/web/20251005140528/https://www.wnacg.com/photos-view-id-12086523.html
/web/20251005140550/https://www.wnacg.com/photos-view-id-12086527.html
/web/20251005140552/https://www.wnacg.com/photos-view-id-12086521.html
/web/20251005140603/https://www.wnacg.com/photos-view-id-12086517.html
/web/20251005140711/https://www.wnacg.com/photos-view-id-12086503.html
/web/20251005140628/https://www.wnacg.com/photos-view-id-12086545.html
/web/20251005140706/https://www.wnacg.com/photos-view-id-12086482.html
/web/20251005140732/https://www.wnacg.com/photos-view-id-12086543.html
/web/20251005140727/https://www.wnacg.com/photos-view-id-12086537.html
/web/20251005140758/https://www.wnacg.com/photos-view-id-12086538.html
/web/20251005140730/https://www.wnacg.com/photos-view-id-12086500.html
/web/20251005140739/https://www.wnacg.com/photos-view-id-12086551.html
/web/20251005140827/https://www.wnacg.com/photos-view-id-12086567.html
/web/20251005140756/https://www.wnacg.com/photos-view-id-12086544.html
/web/20251005140837/https://www.wnacg.com/photos-view-id-12086564.html
/web/20251005140912/https://www.wnacg.com/photos-view-id-12086555.html
/web/20251005140921/https://www.wnacg.com/photos-view-id-12086553.html
/web/20251005140941/https://www.wnacg.com/photos-view-id-12086557.html
/web/20251005140936/https://www.wnacg.com/photos-view-id-12086552.html
/web/20251005140937/https://www.wnacg.com/photos-view-id-12086560.html
/web/20251005140950/https://www.wnacg.com/photos-view-id-12086563.html
/web/20251005141053/https://www.wnacg.com/photos-view-id-12086559.html
/web/20251005141100/https://www.wnacg.com/photos-view-id-12086578.html
/web/20251005141144/https://www.wnacg.com/photos-view-id-12086584.html
/web/20251005141053/https://www.wnacg.com/photos-view-id-12086561.html
/web/20251005141050/https://www.wnacg.com/photos-view-id-12086497.html
/web/20251005141050/https://www.wnacg.com/photos-view-id-12086571.html
/web/20251005141141/https://www.wnacg.com/photos-view-id-12086580.html
/web/20251005141206/https://www.wnacg.com/photos-view-id-12086581.html
/web/20251005141209/https://www.wnacg.com/photos-view-id-12086577.html
/web/20251005141153/https://www.wnacg.com/photos-view-id-12086574.html
/web/20251005141236/https://www.wnacg.com/photos-view-id-12086478.html
/web/20251005141257/https://www.wnacg.com/photos-view-id-12086460.html
/web/20251005141144/https://www.wnacg.com/photos-view-id-12086582.html
/web/20251005141319/https://www.wnacg.com/photos-view-id-12086438.html
/web/20251005141333/https://www.wnacg.com/photos-view-id-12086658.html
/web/20251005141340/https://www.wnacg.com/photos-view-id-12086639.html
/web/20251005141319/https://www.wnacg.com/photos-view-id-12086664.html
/web/20251005141330/https://www.wnacg.com/photos-view-id-12086660.html
/web/20251005141413/https://www.wnacg.com/photos-view-id-12086604.html
/web/20251005141421/https://www.wnacg.com/photos-view-id-12086621.html
/web/20251005141428/https://www.wnacg.com/photos-view-id-12086617.html
/web/20251005141414/https://www.wnacg.com/photos-view-id-12086607.html
/web/20251005141435/https://www.wnacg.com/photos-view-id-12086615.html
/web/20251005141507/https://www.wnacg.com/photos-view-id-12086614.html
/web/20251005141509/https://www.wnacg.com/photos-view-id-12086618.html
/web/20251005141540/https://www.wnacg.com/photos-view-id-12086697.html
/web/20251005141516/https://www.wnacg.com/photos-view-id-12086605.html
/web/20251005141549/https://www.wnacg.com/photos-view-id-12086704.html
/web/20251005141621/https://www.wnacg.com/photos-view-id-12086714.html
/web/20251005141635/https://www.wnacg.com/photos-view-id-12086706.html
/web/20251005141642/https://www.wnacg.com/photos-view-id-12086711.html
/web/20251005141630/https://www.wnacg.com/photos-view-id-12086699.html
/web/20251005141621/https://www.wnacg.com/photos-view-id-12086690.html
/web/20251005140020/https://www.wnacg.com/photos-view-id-12086515.html
/web/20251005141727/https://www.wnacg.com/photos-view-id-12086588.html
/web/20251005141734/https://www.wnacg.com/photos-view-id-12086595.html
/web/20251005141741/https://www.wnacg.com/photos-view-id-12086589.html
/web/20251005141755/https://www.wnacg.com/photos-view-id-12086591.html
/web/20251005141749/https://www.wnacg.com/photos-view-id-12086586.html
/web/20251005141809/https://www.wnacg.com/photos-view-id-12086592.html
/web/20251005141803/https://www.wnacg.com/photos-view-id-12086597.html
/web/20251005141836/https://www.wnacg.com/photos-view-id-12086585.html
/web/20251005141844/https://www.wnacg.com/photos-view-id-12086632.html
/web/20251005141837/https://www.wnacg.com/photos-view-id-12086594.html
/web/20251005141932/https://www.wnacg.com/photos-view-id-12086674.html
/web/20251005141939/https://www.wnacg.com/photos-view-id-12086625.html
/web/20251005141916/https://www.wnacg.com/photos-view-id-12086628.html
/web/20251005141925/https://www.wnacg.com/photos-view-id-12086637.html
/web/20251005141918/https://www.wnacg.com/photos-view-id-12086634.html
/web/20251005142028/https://www.wnacg.com/photos-view-id-12086716.html
/web/20251005142028/https://www.wnacg.com/photos-view-id-12086669.html
/web/20251005142035/https://www.wnacg.com/photos-view-id-12086686.html
/web/20251005142042/https://www.wnacg.com/photos-view-id-12086458.html
/web/20251005142050/https://www.wnacg.com/photos-view-id-12086449.html
/web/20251005142105/https://www.wnacg.com/photos-view-id-12086495.html
/web/20251005142132/https://www.wnacg.com/photos-view-id-12086520.html
/web/20251005142140/https://www.wnacg.com/photos-view-id-12086535.html
/web/20251005142134/https://www.wnacg.com/photos-view-id-12086532.html
/web/20251005142106/https://www.wnacg.com/photos-view-id-12086530.html
/web/20251005142207/https://www.wnacg.com/photos-view-id-12086546.html
/web/20251005142216/https://www.wnacg.com/photos-view-id-12086676.html
/web/20251005142209/https://www.wnacg.com/photos-view-id-12086598.html
/web/20251005142243/https://www.wnacg.com/photos-view-id-12086684.html
/web/20251005142244/https://www.wnacg.com/photos-view-id-12086541.html
/web/20251005142322/https://www.wnacg.com/photos-view-id-12086539.html
/web/20251005142323/https://www.wnacg.com/photos-view-id-12086549.html
/web/20251005142333/https://www.wnacg.com/photos-view-id-12086565.html
/web/20251005142338/https://www.wnacg.com/photos-view-id-12086568.html
/web/20251005142426/https://www.wnacg.com/photos-view-id-12086601.html
/web/20251005142420/https://www.wnacg.com/photos-view-id-12086576.html
/web/20251005142411/https://www.wnacg.com/photos-view-id-12086573.html
/web/20251005142404/https://www.wnacg.com/photos-view-id-12086556.html
/web/20251005142404/https://www.wnacg.com/photos-view-id-12086569.html
/web/20251005142514/https://www.wnacg.com/photos-view-id-12086620.html
/web/20251005142515/https://www.wnacg.com/photos-view-id-12086623.html
/web/20251005142522/https://www.wnacg.com/photos-view-id-12086609.html
/web/20251005142533/https://www.wnacg.com/photos-view-id-12086612.html
/web/20251005142604/https://www.wnacg.com/photos-view-id-12086692.html
/web/20251005142623/https://www.wnacg.com/photos-view-id-12086701.html
/web/20251005142627/https://www.wnacg.com/photos-view-id-12086713.html
/web/20251005142633/https://www.wnacg.com/photos-view-id-12086709.html
/web/20251005142656/https://www.wnacg.com/photos-view-id-12086548.html
/web/20251005142727/https://www.wnacg.com/photos-view-id-12086600.html
/web/20251005142737/https://www.wnacg.com/photos-view-id-12086610.html
/web/20251005142738/https://www.wnacg.com/photos-view-id-12086682.html
/web/20251005142828/https://www.wnacg.com/photos-view-id-12086678.html
/web/20251005142853/https://www.wnacg.com/photos-view-id-12086680.html
