https://www.wnacg.com/photos-index-aid-136871.html
https://www.wnacg.com/photos-view-id-12086379.html
https://www.wnacg.com/photos-view-id-12086371.html
https://www.wnacg.com/photos-view-id-12086378.html
https://www.wnacg.com/photos-index-page-2-aid-136871.html
https://www.wnacg.com/photos-view-id-12086367.html
https://www.wnacg.com/photos-view-id-12086364.html
https://www.wnacg.com/photos-view-id-12086370.html
https://www.wnacg.com/photos-view-id-12086373.html
https://www.wnacg.com/download-index-aid-136871.html
https://www.wnacg.com/photos-view-id-12086375.html
https://www.wnacg.com/photos-view-id-12086365.html
https://www.wnacg.com/photos-view-id-12086376.html
https://www.wnacg.com/photos-index-page-4-aid-136871.html
https://www.wnacg.com/photos-index-page-19-aid-136871.html
https://www.wnacg.com/photos-slide-aid-136871.html
https://www.wnacg.com/photos-view-id-12086381.html
https://www.wnacg.com/photos-index-page-1-aid-136871.html
https://www.wnacg.com/photos-view-id-12086398.html
https://www.wnacg.com/photos-view-id-12086385.html
https://www.wnacg.com/photos-view-id-12086391.html
https://www.wnacg.com/photos-view-id-12086389.html
https://www.wnacg.com/photos-view-id-12086392.html
https://www.wnacg.com/photos-view-id-12086382.html
https://www.wnacg.com/photos-index-page-5-aid-136871.html
https://www.wnacg.com/photos-index-page-3-aid-136871.html
https://www.wnacg.com/photos-view-id-12086368.html
https://www.wnacg.com/photos-view-id-12086724.html
https://www.wnacg.com/photos-view-id-12086394.html
https://www.wnacg.com/photos-view-id-12086427.html
https://www.wnacg.com/photos-index-page-7-aid-136871.html
https://www.wnacg.com/photos-index-page-8-aid-136871.html
https://www.wnacg.com/photos-view-id-12086421.html
https://www.wnacg.com/photos-index-page-6-aid-136871.html
https://www.wnacg.com/photos-view-id-12086435.html
https://www.wnacg.com/photos-view-id-12086720.html
https://www.wnacg.com/photos-view-id-12086722.html
https://www.wnacg.com/photos-index-page-16-aid-136871.html
https://www.wnacg.com/photos-index-page-15-aid-136871.html
https://www.wnacg.com/photos-view-id-12086424.html
https://www.wnacg.com/photos-index-page-17-aid-136871.html
https://www.wnacg.com/photos-view-id-12086384.html
https://www.wnacg.com/photos-view-id-12086387.html
https://www.wnacg.com/photos-view-id-12086400.html
https://www.wnacg.com/photos-view-id-12086397.html
https://www.wnacg.com/photos-view-id-12086454.html
https://www.wnacg.com/photos-view-id-12086452.html
https://www.wnacg.com/photos-view-id-12086455.html
https://www.wnacg.com/photos-view-id-12086442.html
https://www.wnacg.com/photos-view-id-12086444.html
https://www.wnacg.com/photos-view-id-12086407.html
https://www.wnacg.com/photos-view-id-12086445.html
https://www.wnacg.com/photos-view-id-12086413.html
https://www.wnacg.com/photos-view-id-12086417.html
https://www.wnacg.com/photos-view-id-12086410.html
https://www.wnacg.com/photos-view-id-12086415.html
https://www.wnacg.com/photos-view-id-12086395.html
https://www.wnacg.com/photos-view-id-12086412.html
https://www.wnacg.com/photos-view-id-12086405.html
https://www.wnacg.com/photos-view-id-12086429.html
https://www.wnacg.com/photos-view-id-12086426.html
https://www.wnacg.com/photos-view-id-12086492.html
https://www.wnacg.com/photos-view-id-12086487.html
https://www.wnacg.com/photos-view-id-12086489.html
https://www.wnacg.com/photos-view-id-12086485.html
https://www.wnacg.com/photos-index-page-9-aid-136871.html
https://www.wnacg.com/photos-view-id-12086480.html
https://www.wnacg.com/photos-view-id-12086484.html
https://www.wnacg.com/photos-view-id-12086491.html
https://www.wnacg.com/photos-view-id-12086506.html
https://www.wnacg.com/photos-view-id-12086511.html
https://www.wnacg.com/photos-view-id-12086507.html
https://www.wnacg.com/photos-view-id-12086514.html
https://www.wnacg.com/photos-view-id-12086509.html
https://www.wnacg.com/photos-view-id-12086501.html
https://www.wnacg.com/photos-index-page-10-aid-136871.html
https://www.wnacg.com/photos-index-page-11-aid-136871.html
https://www.wnacg.com/photos-view-id-12086498.html
https://www.wnacg.com/photos-index-page-12-aid-136871.html
https://www.wnacg.com/photos-view-id-12086512.html
https://www.wnacg.com/photos-view-id-12086504.html
https://www.wnacg.com/photos-view-id-12086420.html
https://www.wnacg.com/photos-view-id-12086475.html
https://www.wnacg.com/photos-view-id-12086422.html
https://www.wnacg.com/photos-view-id-12086469.html
https://www.wnacg.com/photos-view-id-12086465.html
https://www.wnacg.com/photos-view-id-12086463.html
https://www.wnacg.com/photos-view-id-12086472.html
https://www.wnacg.com/photos-view-id-12086473.html
https://www.wnacg.com/photos-view-id-12086479.html
https://www.wnacg.com/photos-view-id-12086461.html
https://www.wnacg.com/photos-view-id-12086467.html
https://www.wnacg.com/photos-view-id-12086666.html
https://www.wnacg.com/photos-view-id-12086476.html
https://www.wnacg.com/photos-view-id-12086433.html
https://www.wnacg.com/photos-view-id-12086647.html
https://www.wnacg.com/photos-view-id-12086470.html
https://www.wnacg.com/photos-view-id-12086436.html
https://www.wnacg.com/photos-view-id-12086654.html
https://www.wnacg.com/photos-view-id-12086662.html
https://www.wnacg.com/photos-view-id-12086651.html
https://www.wnacg.com/photos-view-id-12086656.html
https://www.wnacg.com/photos-view-id-12086649.html
https://www.wnacg.com/photos-view-id-12086641.html
https://www.wnacg.com/photos-view-id-12086645.html
https://www.wnacg.com/photos-index-page-14-aid-136871.html
https://www.wnacg.com/photos-index-page-18-aid-136871.html
https://www.wnacg.com/photos-view-id-12086653.html
https://www.wnacg.com/photos-view-id-12086643.html
https://www.wnacg.com/photos-index-page-13-aid-136871.html
https://www.wnacg.com/photos-view-id-12086630.html
https://www.wnacg.com/photos-view-id-12086636.html
https://www.wnacg.com/photos-view-id-12086673.html
https://www.wnacg.com/photos-view-id-12086626.html
https://www.wnacg.com/photos-view-id-12086718.html
https://www.wnacg.com/photos-view-id-12086671.html
https://www.wnacg.com/photos-view-id-12086688.html
https://www.wnacg.com/photos-view-id-12086667.html
https://www.wnacg.com/photos-view-id-12086401.html
https://www.wnacg.com/photos-view-id-12086457.html
https://www.wnacg.com/photos-view-id-12086409.html
https://www.wnacg.com/photos-view-id-12086450.html
https://www.wnacg.com/photos-view-id-12086440.html
https://www.wnacg.com/photos-view-id-12086404.html
https://www.wnacg.com/photos-view-id-12086418.html
https://www.wnacg.com/photos-view-id-12086447.html
https://www.wnacg.com/photos-view-id-12086494.html
https://www.wnacg.com/photos-view-id-12086431.html
https://www.wnacg.com/photos-view-id-12086488.html
https://www.wnacg.com/photos-view-id-12086525.html
https://www.wnacg.com/photos-view-id-12086529.html
https://www.wnacg.com/photos-view-id-12086526.html
https://www.wnacg.com/photos-view-id-12086518.html
https://www.wnacg.com/photos-view-id-12086534.html
https://www.wnacg.com/photos-view-id-12086523.html
https://www.wnacg.com/photos-view-id-12086527.html
https://www.wnacg.com/photos-view-id-12086521.html
https://www.wnacg.com/photos-view-id-12086517.html
https://www.wnacg.com/photos-view-id-12086503.html
https://www.wnacg.com/photos-view-id-12086545.html
https://www.wnacg.com/photos-view-id-12086482.html
https://www.wnacg.com/photos-view-id-12086543.html
https://www.wnacg.com/photos-view-id-12086537.html
https://www.wnacg.com/photos-view-id-12086538.html
https://www.wnacg.com/photos-view-id-12086500.html
https://www.wnacg.com/photos-view-id-12086551.html
https://www.wnacg.com/photos-view-id-12086567.html
https://www.wnacg.com/photos-view-id-12086544.html
https://www.wnacg.com/photos-view-id-12086564.html
https://www.wnacg.com/photos-view-id-12086555.html
https://www.wnacg.com/photos-view-id-12086553.html
https://www.wnacg.com/photos-view-id-12086557.html
https://www.wnacg.com/photos-view-id-12086552.html
https://www.wnacg.com/photos-view-id-12086560.html
https://www.wnacg.com/photos-view-id-12086563.html
https://www.wnacg.com/photos-view-id-12086559.html
https://www.wnacg.com/photos-view-id-12086578.html
https://www.wnacg.com/photos-view-id-12086584.html
https://www.wnacg.com/photos-view-id-12086561.html
https://www.wnacg.com/photos-view-id-12086497.html
https://www.wnacg.com/photos-view-id-12086571.html
https://www.wnacg.com/photos-view-id-12086580.html
https://www.wnacg.com/photos-view-id-12086581.html
https://www.wnacg.com/photos-view-id-12086577.html
https://www.wnacg.com/photos-view-id-12086574.html
https://www.wnacg.com/photos-view-id-12086478.html
https://www.wnacg.com/photos-view-id-12086460.html
https://www.wnacg.com/photos-view-id-12086582.html
https://www.wnacg.com/photos-view-id-12086438.html
https://www.wnacg.com/photos-view-id-12086658.html
https://www.wnacg.com/photos-view-id-12086639.html
https://www.wnacg.com/photos-view-id-12086664.html
https://www.wnacg.com/photos-view-id-12086660.html
https://www.wnacg.com/photos-view-id-12086604.html
https://www.wnacg.com/photos-view-id-12086621.html
https://www.wnacg.com/photos-view-id-12086617.html
https://www.wnacg.com/photos-view-id-12086607.html
https://www.wnacg.com/photos-view-id-12086615.html
https://www.wnacg.com/photos-view-id-12086614.html
https://www.wnacg.com/photos-view-id-12086618.html
https://www.wnacg.com/photos-view-id-12086697.html
https://www.wnacg.com/photos-view-id-12086605.html
https://www.wnacg.com/photos-view-id-12086704.html
https://www.wnacg.com/photos-view-id-12086714.html
https://www.wnacg.com/photos-view-id-12086706.html
https://www.wnacg.com/photos-view-id-12086711.html
https://www.wnacg.com/photos-view-id-12086699.html
https://www.wnacg.com/photos-view-id-12086690.html
https://www.wnacg.com/photos-view-id-12086515.html
https://www.wnacg.com/photos-view-id-12086588.html
https://www.wnacg.com/photos-view-id-12086595.html
https://www.wnacg.com/photos-view-id-12086589.html
https://www.wnacg.com/photos-view-id-12086591.html
https://www.wnacg.com/photos-view-id-12086586.html
https://www.wnacg.com/photos-view-id-12086592.html
https://www.wnacg.com/photos-view-id-12086597.html
https://www.wnacg.com/photos-view-id-12086585.html
https://www.wnacg.com/photos-view-id-12086632.html
https://www.wnacg.com/photos-view-id-12086594.html
https://www.wnacg.com/photos-view-id-12086674.html
https://www.wnacg.com/photos-view-id-12086625.html
https://www.wnacg.com/photos-view-id-12086628.html
https://www.wnacg.com/photos-view-id-12086637.html
https://www.wnacg.com/photos-view-id-12086634.html
https://www.wnacg.com/photos-view-id-12086716.html
https://www.wnacg.com/photos-view-id-12086669.html
https://www.wnacg.com/photos-view-id-12086686.html
https://www.wnacg.com/photos-view-id-12086458.html
https://www.wnacg.com/photos-view-id-12086449.html
https://www.wnacg.com/photos-view-id-12086495.html
https://www.wnacg.com/photos-view-id-12086520.html
https://www.wnacg.com/photos-view-id-12086535.html
https://www.wnacg.com/photos-view-id-12086532.html
https://www.wnacg.com/photos-view-id-12086530.html
https://www.wnacg.com/photos-view-id-12086546.html
https://www.wnacg.com/photos-view-id-12086676.html
https://www.wnacg.com/photos-view-id-12086598.html
https://www.wnacg.com/photos-view-id-12086684.html
https://www.wnacg.com/photos-view-id-12086541.html
https://www.wnacg.com/photos-view-id-12086539.html
https://www.wnacg.com/photos-view-id-12086549.html
https://www.wnacg.com/photos-view-id-12086565.html
https://www.wnacg.com/photos-view-id-12086568.html
https://www.wnacg.com/photos-view-id-12086601.html
https://www.wnacg.com/photos-view-id-12086576.html
https://www.wnacg.com/photos-view-id-12086573.html
https://www.wnacg.com/photos-view-id-12086556.html
https://www.wnacg.com/photos-view-id-12086569.html
https://www.wnacg.com/photos-view-id-12086620.html
https://www.wnacg.com/photos-view-id-12086623.html
https://www.wnacg.com/photos-view-id-12086609.html
https://www.wnacg.com/photos-view-id-12086612.html
https://www.wnacg.com/photos-view-id-12086692.html
https://www.wnacg.com/photos-view-id-12086701.html
https://www.wnacg.com/photos-view-id-12086713.html
https://www.wnacg.com/photos-view-id-12086709.html
https://www.wnacg.com/photos-view-id-12086548.html
https://www.wnacg.com/photos-view-id-12086600.html
https://www.wnacg.com/photos-view-id-12086610.html
https://www.wnacg.com/photos-view-id-12086682.html
https://www.wnacg.com/photos-view-id-12086678.html
https://www.wnacg.com/photos-view-id-12086680.html
