/web/20251005064510/https://www.wnacg.com/photos-index-aid-287333.html
/web/20251005064533/https://www.wnacg.com/photos-view-id-23708706.html
/web/20251005064533/https://www.wnacg.com/photos-view-id-23708709.html
/web/20251005064548/https://www.wnacg.com/photos-index-page-3-aid-287333.html
/web/20251005064629/https://www.wnacg.com/photos-index-page-7-aid-287333.html
/web/20251005064641/https://www.wnacg.com/photos-view-id-23708700.html
/web/20251005064659/https://www.wnacg.com/photos-view-id-23708704.html
/web/20251005064651/https://www.wnacg.com/photos-index-page-2-aid-287333.html
/web/20251005064652/https://www.wnacg.com/photos-view-id-23708701.html
/web/20251005064706/https://www.wnacg.com/photos-view-id-23708702.html
/web/20251005064748/https://www.wnacg.com/photos-view-id-23708707.html
/web/20251005064741/https://www.wnacg.com/download-index-aid-287333.html
/web/20251005064713/https://www.wnacg.com/photos-index-page-5-aid-287333.html
/web/20251005064741/https://www.wnacg.com/photos-view-id-23708708.html
/web/20251005064822/https://www.wnacg.com/photos-view-id-23708699.html
/web/20251005064844/https://www.wnacg.com/photos-view-id-23708703.html
/web/20251005064829/https://www.wnacg.com/photos-view-id-23708710.html
/web/20251005064820/https://www.wnacg.com/photos-view-id-23708705.html
/web/20251005064836/https://www.wnacg.com/photos-slide-aid-287333.html
/web/20251005064936/https://www.wnacg.com/photos-index-page-4-aid-287333.html
/web/20251005065036/https://www.wnacg.com/photos-view-id-23708728.html
/web/20251005065029/https://www.wnacg.com/photos-view-id-23708725.html
/web/20251005065043/https://www.wnacg.com/photos-view-id-23708729.html
/web/20251005065057/https://www.wnacg.com/photos-view-id-23708723.html
/web/20251005065138/https://www.wnacg.com/photos-view-id-23708733.html
/web/20251005065147/https://www.wnacg.com/photos-index-page-6-aid-287333.html
/web/20251005065051/https://www.wnacg.com/photos-view-id-23708735.html
/web/20251005065111/https://www.wnacg.com/photos-view-id-23708724.html
/web/20251005065139/https://www.wnacg.com/photos-view-id-23708732.html
/web/20251005065104/https://www.wnacg.com/photos-view-id-23708730.html
/web/20251005065204/https://www.wnacg.com/photos-view-id-23708734.html
/web/20251005065258/https://www.wnacg.com/photos-view-id-23708726.html
/web/20251005065259/https://www.wnacg.com/photos-view-id-23708774.html
/web/20251005065307/https://www.wnacg.com/photos-view-id-23708773.html
/web/20251005065327/https://www.wnacg.com/photos-view-id-23708711.html
/web/20251005065348/https://www.wnacg.com/photos-view-id-23708772.html
/web/20251005065211/https://www.wnacg.com/photos-index-page-1-aid-287333.html
/web/20251005065320/https://www.wnacg.com/photos-view-id-23708720.html
/web/20251005065529/https://www.wnacg.com/photos-view-id-23708719.html
/web/20251005065530/https://www.wnacg.com/photos-view-id-23708727.html
/web/20251005065525/https://www.wnacg.com/photos-view-id-23708712.html
/web/20251005065537/https://www.wnacg.com/photos-view-id-23708761.html
/web/20251005065416/https://www.wnacg.com/photos-view-id-23708721.html
/web/20251005065544/https://www.wnacg.com/photos-view-id-23708770.html
/web/20251005065731/https://www.wnacg.com/photos-view-id-23708760.html
/web/20251005065739/https://www.wnacg.com/photos-view-id-23708771.html
/web/20251005065746/https://www.wnacg.com/photos-view-id-23708764.html
/web/20251005065745/https://www.wnacg.com/photos-view-id-23708765.html
/web/20251005065800/https://www.wnacg.com/photos-view-id-23708769.html
/web/20251005065814/https://www.wnacg.com/photos-view-id-23708762.html
/web/20251005065857/https://www.wnacg.com/photos-view-id-23708714.html
/web/20251005065856/https://www.wnacg.com/photos-view-id-23708736.html
/web/20251005065907/https://www.wnacg.com/photos-view-id-23708767.html
/web/20251005065928/https://www.wnacg.com/photos-view-id-23708722.html
/web/20251005065829/https://www.wnacg.com/photos-view-id-23708763.html
/web/20251005065954/https://www.wnacg.com/photos-view-id-23708713.html
/web/20251005065958/https://www.wnacg.com/photos-view-id-23708717.html
/web/20251005070037/https://v1.wzip.download/down/2874/8dba80b06be1ca6983690e9ba9128a72.zip?n=%5B%E5%A4%A7%E8%94%B5%E5%88%A5%E9%A4%A8%20(%E5%A4%A7%E8%94%B5%E4%B8%80%E4%B9%9F)%5D%20%E5%A4%8F%E4%BC%91%E3%81%BF%E3%81%AE%E6%80%9D%E3%81%84%E5%87%BA%20%E4%B8%8A%E5%B7%BB+%E4%B8%8B%E6%8D%B2%20%5B%E4%B8%AD%E5%9B%BD%E7%BF%BB%E8%A8%B3%5D%20%5BDL%E7%89%88%5D
/web/20251005070020/https://v1.wzip.date/down/2874/8dba80b06be1ca6983690e9ba9128a72.zip?n=%5B%E5%A4%A7%E8%94%B5%E5%88%A5%E9%A4%A8%20(%E5%A4%A7%E8%94%B5%E4%B8%80%E4%B9%9F)%5D%20%E5%A4%8F%E4%BC%91%E3%81%BF%E3%81%AE%E6%80%9D%E3%81%84%E5%87%BA%20%E4%B8%8A%E5%B7%BB+%E4%B8%8B%E6%8D%B2%20%5B%E4%B8%AD%E5%9B%BD%E7%BF%BB%E8%A8%B3%5D%20%5BDL%E7%89%88%5D
/web/20251005065911/https://www.wnacg.com/photos-view-id-23708718.html
/web/20251005070019/https://www.wnacg.com/photos-view-id-23708716.html
/web/20251005070054/https://www.wnacg.com/photos-view-id-23708715.html
/web/20251005070055/https://www.wnacg.com/photos-view-id-23708766.html
/web/20251005070128/https://www.wnacg.com/photos-view-id-23708768.html
/web/20251005070147/https://www.wnacg.com/photos-view-id-23708759.html
/web/20251005070129/https://www.wnacg.com/photos-view-id-23708753.html
/web/20251005070203/https://www.wnacg.com/photos-view-id-23708750.html
/web/20251005070211/https://www.wnacg.com/photos-view-id-23708751.html
/web/20251005070204/https://www.wnacg.com/photos-view-id-23708757.html
/web/20251005070218/https://www.wnacg.com/photos-view-id-23708754.html
/web/20251005070354/https://www.wnacg.com/photos-view-id-23708755.html
/web/20251005070356/https://www.wnacg.com/photos-view-id-23708756.html
/web/20251005070440/https://www.wnacg.com/photos-view-id-23708740.html
/web/20251005070401/https://www.wnacg.com/photos-view-id-23708748.html
/web/20251005070429/https://www.wnacg.com/photos-view-id-23708742.html
/web/20251005070434/https://www.wnacg.com/photos-view-id-23708749.html
/web/20251005070428/https://www.wnacg.com/photos-view-id-23708758.html
/web/20251005070454/https://www.wnacg.com/photos-view-id-23708752.html
/web/20251005070503/https://www.wnacg.com/photos-view-id-23708743.html
/web/20251005070512/https://www.wnacg.com/photos-view-id-23708737.html
/web/20251005070506/https://www.wnacg.com/photos-view-id-23708739.html
/web/20251005070546/https://www.wnacg.com/photos-view-id-23708738.html
/web/20251005070519/https://www.wnacg.com/photos-view-id-23708745.html
/web/20251005070623/https://www.wnacg.com/photos-view-id-23708744.html
/web/20251005070624/https://www.wnacg.com/photos-view-id-23708741.html
/web/20251005070634/https://www.wnacg.com/photos-view-id-23708747.html
/web/20251005070714/https://www.wnacg.com/photos-view-id-23708746.html
