https://www.wnacg.com/photos-index-aid-287333.html
https://www.wnacg.com/photos-view-id-23708706.html
https://www.wnacg.com/photos-view-id-23708709.html
https://www.wnacg.com/photos-index-page-3-aid-287333.html
https://www.wnacg.com/photos-index-page-7-aid-287333.html
https://www.wnacg.com/photos-view-id-23708700.html
https://www.wnacg.com/photos-view-id-23708704.html
https://www.wnacg.com/photos-index-page-2-aid-287333.html
https://www.wnacg.com/photos-view-id-23708701.html
https://www.wnacg.com/photos-view-id-23708702.html
https://www.wnacg.com/photos-view-id-23708707.html
https://www.wnacg.com/download-index-aid-287333.html
https://www.wnacg.com/photos-index-page-5-aid-287333.html
https://www.wnacg.com/photos-view-id-23708708.html
https://www.wnacg.com/photos-view-id-23708699.html
https://www.wnacg.com/photos-view-id-23708703.html
https://www.wnacg.com/photos-view-id-23708710.html
https://www.wnacg.com/photos-view-id-23708705.html
https://www.wnacg.com/photos-slide-aid-287333.html
https://www.wnacg.com/photos-index-page-4-aid-287333.html
https://www.wnacg.com/photos-view-id-23708728.html
https://www.wnacg.com/photos-view-id-23708725.html
https://www.wnacg.com/photos-view-id-23708729.html
https://www.wnacg.com/photos-view-id-23708723.html
https://www.wnacg.com/photos-view-id-23708733.html
https://www.wnacg.com/photos-index-page-6-aid-287333.html
https://www.wnacg.com/photos-view-id-23708735.html
https://www.wnacg.com/photos-view-id-23708724.html
https://www.wnacg.com/photos-view-id-23708732.html
https://www.wnacg.com/photos-view-id-23708730.html
https://www.wnacg.com/photos-view-id-23708734.html
https://www.wnacg.com/photos-view-id-23708726.html
https://www.wnacg.com/photos-view-id-23708774.html
https://www.wnacg.com/photos-view-id-23708773.html
https://www.wnacg.com/photos-view-id-23708711.html
https://www.wnacg.com/photos-view-id-23708772.html
https://www.wnacg.com/photos-index-page-1-aid-287333.html
https://www.wnacg.com/photos-view-id-23708720.html
https://www.wnacg.com/photos-view-id-23708719.html
https://www.wnacg.com/photos-view-id-23708727.html
https://www.wnacg.com/photos-view-id-23708712.html
https://www.wnacg.com/photos-view-id-23708761.html
https://www.wnacg.com/photos-view-id-23708721.html
https://www.wnacg.com/photos-view-id-23708770.html
https://www.wnacg.com/photos-view-id-23708760.html
https://www.wnacg.com/photos-view-id-23708771.html
https://www.wnacg.com/photos-view-id-23708764.html
https://www.wnacg.com/photos-view-id-23708765.html
https://www.wnacg.com/photos-view-id-23708769.html
https://www.wnacg.com/photos-view-id-23708762.html
https://www.wnacg.com/photos-view-id-23708714.html
https://www.wnacg.com/photos-view-id-23708736.html
https://www.wnacg.com/photos-view-id-23708767.html
https://www.wnacg.com/photos-view-id-23708722.html
https://www.wnacg.com/photos-view-id-23708763.html
https://www.wnacg.com/photos-view-id-23708713.html
https://www.wnacg.com/photos-view-id-23708717.html
https://v1.wzip.download/down/2874/8dba80b06be1ca6983690e9ba9128a72.zip?n=[%E5%A4%A7%E8%94%B5%E5%88%A5%E9%A4%A8%20(%E5%A4%A7%E8%94%B5%E4%B8%80%E4%B9%9F)]%20%E5%A4%8F%E4%BC%91%E3%81%BF%E3%81%AE%E6%80%9D%E3%81%84%E5%87%BA%20%E4%B8%8A%E5%B7%BB+%E4%B8%8B%E6%8D%B2%20[%E4%B8%AD%E5%9B%BD%E7%BF%BB%E8%A8%B3]%20[DL%E7%89%88]
https://v1.wzip.date/down/2874/8dba80b06be1ca6983690e9ba9128a72.zip?n=[%E5%A4%A7%E8%94%B5%E5%88%A5%E9%A4%A8%20(%E5%A4%A7%E8%94%B5%E4%B8%80%E4%B9%9F)]%20%E5%A4%8F%E4%BC%91%E3%81%BF%E3%81%AE%E6%80%9D%E3%81%84%E5%87%BA%20%E4%B8%8A%E5%B7%BB+%E4%B8%8B%E6%8D%B2%20[%E4%B8%AD%E5%9B%BD%E7%BF%BB%E8%A8%B3]%20[DL%E7%89%88]
https://www.wnacg.com/photos-view-id-23708718.html
https://www.wnacg.com/photos-view-id-23708716.html
https://www.wnacg.com/photos-view-id-23708715.html
https://www.wnacg.com/photos-view-id-23708766.html
https://www.wnacg.com/photos-view-id-23708768.html
https://www.wnacg.com/photos-view-id-23708759.html
https://www.wnacg.com/photos-view-id-23708753.html
https://www.wnacg.com/photos-view-id-23708750.html
https://www.wnacg.com/photos-view-id-23708751.html
https://www.wnacg.com/photos-view-id-23708757.html
https://www.wnacg.com/photos-view-id-23708754.html
https://www.wnacg.com/photos-view-id-23708755.html
https://www.wnacg.com/photos-view-id-23708756.html
https://www.wnacg.com/photos-view-id-23708740.html
https://www.wnacg.com/photos-view-id-23708748.html
https://www.wnacg.com/photos-view-id-23708742.html
https://www.wnacg.com/photos-view-id-23708749.html
https://www.wnacg.com/photos-view-id-23708758.html
https://www.wnacg.com/photos-view-id-23708752.html
https://www.wnacg.com/photos-view-id-23708743.html
https://www.wnacg.com/photos-view-id-23708737.html
https://www.wnacg.com/photos-view-id-23708739.html
https://www.wnacg.com/photos-view-id-23708738.html
https://www.wnacg.com/photos-view-id-23708745.html
https://www.wnacg.com/photos-view-id-23708744.html
https://www.wnacg.com/photos-view-id-23708741.html
https://www.wnacg.com/photos-view-id-23708747.html
https://www.wnacg.com/photos-view-id-23708746.html
