/web/20251005122804/https://www.wnacg.com/photos-index-aid-3645.html
/web/20251005122821/https://www.wnacg.com/photos-view-id-214820.html
/web/20251005122828/https://www.wnacg.com/photos-view-id-214829.html
/web/20251005122842/https://www.wnacg.com/photos-index-page-2-aid-3645.html
/web/20251005122857/https://www.wnacg.com/photos-view-id-214818.html
/web/20251005122932/https://www.wnacg.com/photos-view-id-214833.html
/web/20251005122939/https://www.wnacg.com/photos-view-id-214834.html
/web/20251005122931/https://www.wnacg.com/photos-view-id-214824.html
/web/20251005122953/https://www.wnacg.com/photos-view-id-214822.html
/web/20251005123008/https://www.wnacg.com/photos-slide-aid-3645.html
/web/20251005123056/https://www.wnacg.com/photos-view-id-214832.html
/web/20251005123103/https://www.wnacg.com/photos-view-id-214831.html
/web/20251005123135/https://www.wnacg.com/download-index-aid-3645.html
/web/20251005123110/https://www.wnacg.com/photos-view-id-214836.html
/web/20251005123114/https://www.wnacg.com/photos-view-id-214825.html
/web/20251005123202/https://www.wnacg.com/photos-view-id-214830.html
/web/20251005123224/https://www.wnacg.com/photos-view-id-214835.html
/web/20251005123231/https://www.wnacg.com/photos-view-id-214827.html
/web/20251005123245/https://www.wnacg.com/photos-view-id-214823.html
/web/20251005123251/https://www.wnacg.com/photos-view-id-214828.html
/web/20251005123329/https://www.wnacg.com/photos-view-id-214819.html
/web/20251005123337/https://www.wnacg.com/photos-view-id-214837.html
/web/20251005123331/https://www.wnacg.com/photos-index-page-1-aid-3645.html
/web/20251005123350/https://v1.wzip.download/down/0037/0e8f23d1bc9e17bbc3cf6c85f4730717.zip?n=%E3%82%8A
/web/20251005123344/https://www.wnacg.com/photos-view-id-214821.html
/web/20251005123302/https://www.wnacg.com/photos-view-id-214826.html
/web/20251005123416/https://v1.wzip.date/down/0037/0e8f23d1bc9e17bbc3cf6c85f4730717.zip?n=%E3%82%8A
