https://www.wnacg.com/photos-index-aid-3645.html
https://www.wnacg.com/photos-view-id-214820.html
https://www.wnacg.com/photos-view-id-214829.html
https://www.wnacg.com/photos-index-page-2-aid-3645.html
https://www.wnacg.com/photos-view-id-214818.html
https://www.wnacg.com/photos-view-id-214833.html
https://www.wnacg.com/photos-view-id-214834.html
https://www.wnacg.com/photos-view-id-214824.html
https://www.wnacg.com/photos-view-id-214822.html
https://www.wnacg.com/photos-slide-aid-3645.html
https://www.wnacg.com/photos-view-id-214832.html
https://www.wnacg.com/photos-view-id-214831.html
https://www.wnacg.com/download-index-aid-3645.html
https://www.wnacg.com/photos-view-id-214836.html
https://www.wnacg.com/photos-view-id-214825.html
https://www.wnacg.com/photos-view-id-214830.html
https://www.wnacg.com/photos-view-id-214835.html
https://www.wnacg.com/photos-view-id-214827.html
https://www.wnacg.com/photos-view-id-214823.html
https://www.wnacg.com/photos-view-id-214828.html
https://www.wnacg.com/photos-view-id-214819.html
https://www.wnacg.com/photos-view-id-214837.html
https://www.wnacg.com/photos-index-page-1-aid-3645.html
https://v1.wzip.download/down/0037/0e8f23d1bc9e17bbc3cf6c85f4730717.zip?n=%E3%82%8A
https://www.wnacg.com/photos-view-id-214821.html
https://www.wnacg.com/photos-view-id-214826.html
https://v1.wzip.date/down/0037/0e8f23d1bc9e17bbc3cf6c85f4730717.zip?n=%E3%82%8A
