/web/20251005070125/https://www.wnacg.com/photos-index-aid-93360.html
/web/20251005070148/https://www.wnacg.com/download-index-aid-93360.html
/web/20251005070156/https://www.wnacg.com/photos-view-id-7470591.html
/web/20251005070202/https://www.wnacg.com/photos-index-page-5-aid-93360.html
/web/20251005070210/https://www.wnacg.com/photos-view-id-7470594.html
/web/20251005070142/https://www.wnacg.com/photos-view-id-7470588.html
/web/20251005070244/https://www.wnacg.com/photos-view-id-7470586.html
/web/20251005070304/https://www.wnacg.com/photos-view-id-7470589.html
/web/20251005070306/https://www.wnacg.com/photos-view-id-7470593.html
/web/20251005070313/https://www.wnacg.com/photos-index-page-18-aid-93360.html
/web/20251005070326/https://www.wnacg.com/photos-view-id-7470587.html
/web/20251005070320/https://www.wnacg.com/photos-view-id-7470597.html
/web/20251005070235/https://www.wnacg.com/photos-slide-aid-93360.html
/web/20251005070431/https://www.wnacg.com/photos-view-id-7470592.html
/web/20251005070438/https://www.wnacg.com/photos-view-id-7470596.html
/web/20251005070445/https://www.wnacg.com/photos-index-page-3-aid-93360.html
/web/20251005070541/https://www.wnacg.com/photos-view-id-7470595.html
/web/20251005070547/https://www.wnacg.com/photos-index-page-2-aid-93360.html
/web/20251005070548/https://www.wnacg.com/photos-index-page-4-aid-93360.html
/web/20251005070555/https://www.wnacg.com/photos-view-id-7470590.html
/web/20251005070619/https://v1.wzip.download/down/0934/e7a66855b8d4716f77dd2221688e834e.zip?n=%5B4K%E6%BC%A2%E5%8C%96%E7%B5%84%5D%5B%E3%82%86%E3%81%9F%E3%81%8B%E3%82%81%5D%20%E3%81%8A%E5%A7%89%E3%81%A1%E3%82%83%E3%82%93%E3%83%96%E3%83%BC%E3%83%88%E3%82%AD%E3%83%A3%E3%83%B3%E3%83%97%E3%81%AB%E3%82%88%E3%81%86%E3%81%93%E3%81%9D!
/web/20251005070637/https://www.wnacg.com/photos-index-page-8-aid-93360.html
/web/20251005070627/https://v1.wzip.date/down/0934/e7a66855b8d4716f77dd2221688e834e.zip?n=%5B4K%E6%BC%A2%E5%8C%96%E7%B5%84%5D%5B%E3%82%86%E3%81%9F%E3%81%8B%E3%82%81%5D%20%E3%81%8A%E5%A7%89%E3%81%A1%E3%82%83%E3%82%93%E3%83%96%E3%83%BC%E3%83%88%E3%82%AD%E3%83%A3%E3%83%B3%E3%83%97%E3%81%AB%E3%82%88%E3%81%86%E3%81%93%E3%81%9D!
/web/20251005070714/https://www.wnacg.com/photos-view-id-7470698.html
/web/20251005070725/https://www.wnacg.com/photos-view-id-7470706.html
/web/20251005070727/https://www.wnacg.com/photos-view-id-7470681.html
/web/20251005070723/https://www.wnacg.com/photos-view-id-7470702.html
/web/20251005070906/https://www.wnacg.com/photos-view-id-7470686.html
/web/20251005070829/https://www.wnacg.com/photos-index-page-7-aid-93360.html
/web/20251005070814/https://www.wnacg.com/photos-view-id-7470670.html
/web/20251005070857/https://www.wnacg.com/photos-view-id-7470677.html
/web/20251005070929/https://www.wnacg.com/photos-view-id-7470667.html
/web/20251005071013/https://www.wnacg.com/photos-index-page-6-aid-93360.html
/web/20251005071026/https://www.wnacg.com/photos-view-id-7470709.html
/web/20251005071057/https://www.wnacg.com/photos-index-page-17-aid-93360.html
/web/20251005071116/https://www.wnacg.com/photos-index-page-16-aid-93360.html
/web/20251005071105/https://www.wnacg.com/photos-view-id-7470938.html
/web/20251005071113/https://www.wnacg.com/photos-view-id-7470690.html
/web/20251005071135/https://www.wnacg.com/photos-view-id-7470944.html
/web/20251005071113/https://www.wnacg.com/photos-index-page-9-aid-93360.html
/web/20251005071329/https://www.wnacg.com/photos-view-id-7470821.html
/web/20251005071401/https://www.wnacg.com/photos-view-id-7470817.html
/web/20251005071344/https://www.wnacg.com/photos-view-id-7470824.html
/web/20251005071325/https://www.wnacg.com/photos-view-id-7470819.html
/web/20251005071343/https://www.wnacg.com/photos-view-id-7470825.html
/web/20251005071326/https://www.wnacg.com/photos-view-id-7470820.html
/web/20251005071421/https://www.wnacg.com/photos-view-id-7470826.html
/web/20251005071422/https://www.wnacg.com/photos-view-id-7470818.html
/web/20251005071459/https://www.wnacg.com/photos-view-id-7470762.html
/web/20251005071530/https://www.wnacg.com/photos-view-id-7470822.html
/web/20251005071611/https://www.wnacg.com/photos-view-id-7470767.html
/web/20251005071522/https://www.wnacg.com/photos-view-id-7470816.html
/web/20251005071614/https://www.wnacg.com/photos-view-id-7470802.html
/web/20251005071613/https://www.wnacg.com/photos-view-id-7470694.html
/web/20251005071609/https://www.wnacg.com/photos-index-page-10-aid-93360.html
/web/20251005071532/https://www.wnacg.com/photos-view-id-7470827.html
/web/20251005071634/https://www.wnacg.com/photos-view-id-7470781.html
/web/20251005071719/https://www.wnacg.com/photos-view-id-7470811.html
/web/20251005071719/https://www.wnacg.com/photos-view-id-7470771.html
/web/20251005071710/https://www.wnacg.com/photos-view-id-7470776.html
/web/20251005071716/https://www.wnacg.com/photos-view-id-7470797.html
/web/20251005071805/https://www.wnacg.com/photos-view-id-7470757.html
/web/20251005071752/https://www.wnacg.com/photos-view-id-7470793.html
/web/20251005071753/https://www.wnacg.com/photos-index-page-11-aid-93360.html
/web/20251005071752/https://www.wnacg.com/photos-view-id-7470787.html
/web/20251005071841/https://www.wnacg.com/photos-view-id-7470727.html
/web/20251005071855/https://www.wnacg.com/photos-view-id-7470753.html
/web/20251005071856/https://www.wnacg.com/photos-view-id-7470713.html
/web/20251005071905/https://www.wnacg.com/photos-view-id-7470731.html
/web/20251005071919/https://www.wnacg.com/photos-view-id-7470746.html
/web/20251005072026/https://www.wnacg.com/photos-view-id-7470750.html
/web/20251005072019/https://www.wnacg.com/photos-view-id-7470723.html
/web/20251005072032/https://www.wnacg.com/photos-view-id-7470719.html
/web/20251005071828/https://www.wnacg.com/photos-view-id-7470674.html
/web/20251005072113/https://www.wnacg.com/photos-view-id-7470743.html
/web/20251005072115/https://www.wnacg.com/photos-index-page-1-aid-93360.html
/web/20251005072207/https://www.wnacg.com/photos-view-id-7470924.html
/web/20251005072214/https://www.wnacg.com/photos-view-id-7470716.html
/web/20251005072229/https://www.wnacg.com/photos-view-id-7470927.html
/web/20251005072235/https://www.wnacg.com/photos-view-id-7470932.html
/web/20251005072229/https://www.wnacg.com/photos-view-id-7470739.html
/web/20251005072243/https://www.wnacg.com/photos-view-id-7470929.html
/web/20251005072341/https://www.wnacg.com/photos-view-id-7470931.html
/web/20251005072332/https://www.wnacg.com/photos-index-page-13-aid-93360.html
/web/20251005072335/https://www.wnacg.com/photos-view-id-7470934.html
/web/20251005072357/https://www.wnacg.com/photos-view-id-7470925.html
/web/20251005072426/https://www.wnacg.com/photos-view-id-7470930.html
/web/20251005072333/https://www.wnacg.com/photos-view-id-7470928.html
/web/20251005072433/https://www.wnacg.com/photos-view-id-7470933.html
/web/20251005072440/https://www.wnacg.com/photos-view-id-7470935.html
/web/20251005072447/https://www.wnacg.com/photos-view-id-7470923.html
/web/20251005072529/https://www.wnacg.com/photos-view-id-7470921.html
/web/20251005072425/https://www.wnacg.com/photos-view-id-7470926.html
/web/20251005072522/https://www.wnacg.com/photos-view-id-7470918.html
/web/20251005072514/https://www.wnacg.com/photos-view-id-7470912.html
/web/20251005072515/https://www.wnacg.com/photos-view-id-7470916.html
/web/20251005072536/https://www.wnacg.com/photos-view-id-7470922.html
/web/20251005072615/https://www.wnacg.com/photos-view-id-7470914.html
/web/20251005072622/https://www.wnacg.com/photos-view-id-7470920.html
/web/20251005072614/https://www.wnacg.com/photos-view-id-7470913.html
/web/20251005072649/https://www.wnacg.com/photos-view-id-7470919.html
/web/20251005072650/https://www.wnacg.com/photos-index-page-12-aid-93360.html
/web/20251005072705/https://www.wnacg.com/photos-view-id-7470830.html
/web/20251005072734/https://www.wnacg.com/photos-view-id-7470839.html
/web/20251005072806/https://www.wnacg.com/photos-view-id-7470835.html
/web/20251005072845/https://www.wnacg.com/photos-view-id-7470831.html
/web/20251005072846/https://www.wnacg.com/photos-view-id-7470828.html
/web/20251005072825/https://www.wnacg.com/photos-view-id-7470829.html
/web/20251005072809/https://www.wnacg.com/photos-view-id-7470834.html
/web/20251005072837/https://www.wnacg.com/photos-view-id-7470837.html
/web/20251005072844/https://www.wnacg.com/photos-view-id-7470833.html
/web/20251005072914/https://www.wnacg.com/photos-view-id-7470832.html
/web/20251005072958/https://www.wnacg.com/photos-view-id-7470848.html
/web/20251005072930/https://www.wnacg.com/photos-view-id-7470823.html
/web/20251005072922/https://www.wnacg.com/photos-view-id-7470838.html
/web/20251005072956/https://www.wnacg.com/photos-view-id-7470806.html
/web/20251005073005/https://www.wnacg.com/photos-view-id-7470849.html
/web/20251005073032/https://www.wnacg.com/photos-view-id-7470844.html
/web/20251005073041/https://www.wnacg.com/photos-view-id-7470841.html
/web/20251005073033/https://www.wnacg.com/photos-view-id-7470842.html
/web/20251005073035/https://www.wnacg.com/photos-view-id-7470836.html
/web/20251005073108/https://www.wnacg.com/photos-view-id-7470847.html
/web/20251005073110/https://www.wnacg.com/photos-view-id-7470840.html
/web/20251005073158/https://www.wnacg.com/photos-view-id-7470846.html
/web/20251005073212/https://www.wnacg.com/photos-view-id-7470857.html
/web/20251005073245/https://www.wnacg.com/photos-view-id-7470850.html
/web/20251005073236/https://www.wnacg.com/photos-view-id-7470861.html
/web/20251005073308/https://www.wnacg.com/photos-view-id-7470854.html
/web/20251005073301/https://www.wnacg.com/photos-view-id-7470853.html
/web/20251005073337/https://www.wnacg.com/photos-view-id-7470862.html
/web/20251005073336/https://www.wnacg.com/photos-view-id-7470852.html
/web/20251005073344/https://www.wnacg.com/photos-view-id-7470856.html
/web/20251005073334/https://www.wnacg.com/photos-view-id-7470858.html
/web/20251005073412/https://www.wnacg.com/photos-view-id-7470863.html
/web/20251005073405/https://www.wnacg.com/photos-view-id-7470859.html
/web/20251005073428/https://www.wnacg.com/photos-index-page-14-aid-93360.html
/web/20251005073419/https://www.wnacg.com/photos-view-id-7470735.html
/web/20251005073532/https://www.wnacg.com/photos-view-id-7470883.html
/web/20251005073556/https://www.wnacg.com/photos-view-id-7470887.html
/web/20251005073523/https://www.wnacg.com/photos-view-id-7470880.html
/web/20251005073514/https://www.wnacg.com/photos-view-id-7470845.html
/web/20251005073528/https://www.wnacg.com/photos-view-id-7470878.html
/web/20251005073541/https://www.wnacg.com/photos-view-id-7470855.html
/web/20251005073705/https://www.wnacg.com/photos-view-id-7470881.html
/web/20251005073725/https://www.wnacg.com/photos-view-id-7470877.html
/web/20251005073623/https://www.wnacg.com/photos-view-id-7470879.html
/web/20251005073750/https://www.wnacg.com/photos-view-id-7470876.html
/web/20251005073633/https://www.wnacg.com/photos-view-id-7470882.html
/web/20251005073810/https://www.wnacg.com/photos-view-id-7470868.html
/web/20251005073734/https://www.wnacg.com/photos-view-id-7470911.html
/web/20251005073742/https://www.wnacg.com/photos-view-id-7470915.html
/web/20251005073803/https://www.wnacg.com/photos-view-id-7470886.html
/web/20251005073831/https://www.wnacg.com/photos-view-id-7470871.html
/web/20251005073852/https://www.wnacg.com/photos-view-id-7470917.html
/web/20251005073855/https://www.wnacg.com/photos-view-id-7470874.html
/web/20251005073841/https://www.wnacg.com/photos-view-id-7470872.html
/web/20251005073943/https://www.wnacg.com/photos-view-id-7470869.html
/web/20251005073848/https://www.wnacg.com/photos-view-id-7470870.html
/web/20251005073942/https://www.wnacg.com/photos-view-id-7470865.html
/web/20251005073951/https://www.wnacg.com/photos-view-id-7470873.html
/web/20251005074011/https://www.wnacg.com/photos-view-id-7470843.html
/web/20251005074038/https://www.wnacg.com/photos-view-id-7470851.html
/web/20251005074100/https://www.wnacg.com/photos-view-id-7470860.html
/web/20251005074003/https://www.wnacg.com/photos-view-id-7470866.html
/web/20251005074115/https://www.wnacg.com/photos-view-id-7470894.html
/web/20251005074104/https://www.wnacg.com/photos-view-id-7470867.html
/web/20251005074108/https://www.wnacg.com/photos-view-id-7470864.html
/web/20251005074101/https://www.wnacg.com/photos-view-id-7470936.html
/web/20251005074204/https://www.wnacg.com/photos-view-id-7470898.html
/web/20251005074202/https://www.wnacg.com/photos-view-id-7470890.html
/web/20251005074218/https://www.wnacg.com/photos-view-id-7470888.html
/web/20251005074210/https://www.wnacg.com/photos-view-id-7470895.html
/web/20251005074307/https://www.wnacg.com/photos-view-id-7470896.html
/web/20251005074328/https://www.wnacg.com/photos-view-id-7470889.html
/web/20251005074353/https://www.wnacg.com/photos-view-id-7470892.html
/web/20251005074335/https://www.wnacg.com/photos-view-id-7470891.html
/web/20251005074224/https://www.wnacg.com/photos-view-id-7470899.html
/web/20251005074446/https://www.wnacg.com/photos-view-id-7470893.html
/web/20251005074433/https://www.wnacg.com/photos-view-id-7470897.html
/web/20251005074512/https://www.wnacg.com/photos-view-id-7470884.html
/web/20251005074520/https://www.wnacg.com/photos-view-id-7470910.html
/web/20251005074534/https://www.wnacg.com/photos-view-id-7470939.html
/web/20251005074513/https://www.wnacg.com/photos-view-id-7470875.html
/web/20251005074527/https://www.wnacg.com/photos-view-id-7470885.html
/web/20251005074638/https://www.wnacg.com/photos-view-id-7470909.html
/web/20251005074651/https://www.wnacg.com/photos-view-id-7470937.html
/web/20251005074713/https://www.wnacg.com/photos-view-id-7470942.html
/web/20251005074655/https://www.wnacg.com/photos-view-id-7470900.html
/web/20251005074649/https://www.wnacg.com/photos-index-page-15-aid-93360.html
/web/20251005074751/https://www.wnacg.com/photos-view-id-7470943.html
/web/20251005074759/https://www.wnacg.com/photos-view-id-7470941.html
/web/20251005074813/https://www.wnacg.com/photos-view-id-7470614.html
/web/20251005074807/https://www.wnacg.com/photos-view-id-7470940.html
/web/20251005074820/https://www.wnacg.com/photos-view-id-7470616.html
/web/20251005074847/https://www.wnacg.com/photos-view-id-7470610.html
/web/20251005074806/https://www.wnacg.com/photos-view-id-7470598.html
/web/20251005074849/https://www.wnacg.com/photos-view-id-7470619.html
/web/20251005074920/https://www.wnacg.com/photos-view-id-7470611.html
/web/20251005074922/https://www.wnacg.com/photos-view-id-7470618.html
/web/20251005074929/https://www.wnacg.com/photos-view-id-7470628.html
/web/20251005075025/https://www.wnacg.com/photos-view-id-7470602.html
/web/20251005075045/https://www.wnacg.com/photos-view-id-7470617.html
/web/20251005075003/https://www.wnacg.com/photos-view-id-7470612.html
/web/20251005075018/https://www.wnacg.com/photos-view-id-7470606.html
/web/20251005075011/https://www.wnacg.com/photos-view-id-7470613.html
/web/20251005075110/https://www.wnacg.com/photos-view-id-7470615.html
/web/20251005075123/https://www.wnacg.com/photos-view-id-7470599.html
/web/20251005075124/https://www.wnacg.com/photos-view-id-7470608.html
/web/20251005075132/https://www.wnacg.com/photos-view-id-7470908.html
/web/20251005075138/https://www.wnacg.com/photos-view-id-7470901.html
/web/20251005075239/https://www.wnacg.com/photos-view-id-7470905.html
/web/20251005075240/https://www.wnacg.com/photos-view-id-7470903.html
/web/20251005075236/https://www.wnacg.com/photos-view-id-7470906.html
/web/20251005075300/https://www.wnacg.com/photos-view-id-7470904.html
/web/20251005075322/https://www.wnacg.com/photos-view-id-7470601.html
/web/20251005075254/https://www.wnacg.com/photos-view-id-7470623.html
/web/20251005075323/https://www.wnacg.com/photos-view-id-7470607.html
/web/20251005075247/https://www.wnacg.com/photos-view-id-7470902.html
/web/20251005075330/https://www.wnacg.com/photos-view-id-7470600.html
/web/20251005075357/https://www.wnacg.com/photos-view-id-7470603.html
/web/20251005075359/https://www.wnacg.com/photos-view-id-7470609.html
/web/20251005075406/https://www.wnacg.com/photos-view-id-7470604.html
/web/20251005075440/https://www.wnacg.com/photos-view-id-7470664.html
/web/20251005075413/https://www.wnacg.com/photos-view-id-7470605.html
/web/20251005075447/https://www.wnacg.com/photos-view-id-7470648.html
/web/20251005075439/https://www.wnacg.com/photos-view-id-7470655.html
/web/20251005075514/https://www.wnacg.com/photos-view-id-7470653.html
/web/20251005075516/https://www.wnacg.com/photos-view-id-7470642.html
/web/20251005075536/https://www.wnacg.com/photos-view-id-7470658.html
/web/20251005075522/https://www.wnacg.com/photos-view-id-7470631.html
/web/20251005075633/https://www.wnacg.com/photos-view-id-7470907.html
/web/20251005075630/https://www.wnacg.com/photos-view-id-7470645.html
/web/20251005075644/https://www.wnacg.com/photos-view-id-7470638.html
/web/20251005075640/https://www.wnacg.com/photos-view-id-7470651.html
/web/20251005075647/https://www.wnacg.com/photos-view-id-7470660.html
/web/20251005075653/https://www.wnacg.com/photos-view-id-7470635.html
