https://www.wnacg.com/photos-index-aid-93360.html
https://www.wnacg.com/download-index-aid-93360.html
https://www.wnacg.com/photos-view-id-7470591.html
https://www.wnacg.com/photos-index-page-5-aid-93360.html
https://www.wnacg.com/photos-view-id-7470594.html
https://www.wnacg.com/photos-view-id-7470588.html
https://www.wnacg.com/photos-view-id-7470586.html
https://www.wnacg.com/photos-view-id-7470589.html
https://www.wnacg.com/photos-view-id-7470593.html
https://www.wnacg.com/photos-index-page-18-aid-93360.html
https://www.wnacg.com/photos-view-id-7470587.html
https://www.wnacg.com/photos-view-id-7470597.html
https://www.wnacg.com/photos-slide-aid-93360.html
https://www.wnacg.com/photos-view-id-7470592.html
https://www.wnacg.com/photos-view-id-7470596.html
https://www.wnacg.com/photos-index-page-3-aid-93360.html
https://www.wnacg.com/photos-view-id-7470595.html
https://www.wnacg.com/photos-index-page-2-aid-93360.html
https://www.wnacg.com/photos-index-page-4-aid-93360.html
https://www.wnacg.com/photos-view-id-7470590.html
https://v1.wzip.download/down/0934/e7a66855b8d4716f77dd2221688e834e.zip?n=[4K%E6%BC%A2%E5%8C%96%E7%B5%84][%E3%82%86%E3%81%9F%E3%81%8B%E3%82%81]%20%E3%81%8A%E5%A7%89%E3%81%A1%E3%82%83%E3%82%93%E3%83%96%E3%83%BC%E3%83%88%E3%82%AD%E3%83%A3%E3%83%B3%E3%83%97%E3%81%AB%E3%82%88%E3%81%86%E3%81%93%E3%81%9D!
https://www.wnacg.com/photos-index-page-8-aid-93360.html
https://v1.wzip.date/down/0934/e7a66855b8d4716f77dd2221688e834e.zip?n=[4K%E6%BC%A2%E5%8C%96%E7%B5%84][%E3%82%86%E3%81%9F%E3%81%8B%E3%82%81]%20%E3%81%8A%E5%A7%89%E3%81%A1%E3%82%83%E3%82%93%E3%83%96%E3%83%BC%E3%83%88%E3%82%AD%E3%83%A3%E3%83%B3%E3%83%97%E3%81%AB%E3%82%88%E3%81%86%E3%81%93%E3%81%9D!
https://www.wnacg.com/photos-view-id-7470698.html
https://www.wnacg.com/photos-view-id-7470706.html
https://www.wnacg.com/photos-view-id-7470681.html
https://www.wnacg.com/photos-view-id-7470702.html
https://www.wnacg.com/photos-view-id-7470686.html
https://www.wnacg.com/photos-index-page-7-aid-93360.html
https://www.wnacg.com/photos-view-id-7470670.html
https://www.wnacg.com/photos-view-id-7470677.html
https://www.wnacg.com/photos-view-id-7470667.html
https://www.wnacg.com/photos-index-page-6-aid-93360.html
https://www.wnacg.com/photos-view-id-7470709.html
https://www.wnacg.com/photos-index-page-17-aid-93360.html
https://www.wnacg.com/photos-index-page-16-aid-93360.html
https://www.wnacg.com/photos-view-id-7470938.html
https://www.wnacg.com/photos-view-id-7470690.html
https://www.wnacg.com/photos-view-id-7470944.html
https://www.wnacg.com/photos-index-page-9-aid-93360.html
https://www.wnacg.com/photos-view-id-7470821.html
https://www.wnacg.com/photos-view-id-7470817.html
https://www.wnacg.com/photos-view-id-7470824.html
https://www.wnacg.com/photos-view-id-7470819.html
https://www.wnacg.com/photos-view-id-7470825.html
https://www.wnacg.com/photos-view-id-7470820.html
https://www.wnacg.com/photos-view-id-7470826.html
https://www.wnacg.com/photos-view-id-7470818.html
https://www.wnacg.com/photos-view-id-7470762.html
https://www.wnacg.com/photos-view-id-7470822.html
https://www.wnacg.com/photos-view-id-7470767.html
https://www.wnacg.com/photos-view-id-7470816.html
https://www.wnacg.com/photos-view-id-7470802.html
https://www.wnacg.com/photos-view-id-7470694.html
https://www.wnacg.com/photos-index-page-10-aid-93360.html
https://www.wnacg.com/photos-view-id-7470827.html
https://www.wnacg.com/photos-view-id-7470781.html
https://www.wnacg.com/photos-view-id-7470811.html
https://www.wnacg.com/photos-view-id-7470771.html
https://www.wnacg.com/photos-view-id-7470776.html
https://www.wnacg.com/photos-view-id-7470797.html
https://www.wnacg.com/photos-view-id-7470757.html
https://www.wnacg.com/photos-view-id-7470793.html
https://www.wnacg.com/photos-index-page-11-aid-93360.html
https://www.wnacg.com/photos-view-id-7470787.html
https://www.wnacg.com/photos-view-id-7470727.html
https://www.wnacg.com/photos-view-id-7470753.html
https://www.wnacg.com/photos-view-id-7470713.html
https://www.wnacg.com/photos-view-id-7470731.html
https://www.wnacg.com/photos-view-id-7470746.html
https://www.wnacg.com/photos-view-id-7470750.html
https://www.wnacg.com/photos-view-id-7470723.html
https://www.wnacg.com/photos-view-id-7470719.html
https://www.wnacg.com/photos-view-id-7470674.html
https://www.wnacg.com/photos-view-id-7470743.html
https://www.wnacg.com/photos-index-page-1-aid-93360.html
https://www.wnacg.com/photos-view-id-7470924.html
https://www.wnacg.com/photos-view-id-7470716.html
https://www.wnacg.com/photos-view-id-7470927.html
https://www.wnacg.com/photos-view-id-7470932.html
https://www.wnacg.com/photos-view-id-7470739.html
https://www.wnacg.com/photos-view-id-7470929.html
https://www.wnacg.com/photos-view-id-7470931.html
https://www.wnacg.com/photos-index-page-13-aid-93360.html
https://www.wnacg.com/photos-view-id-7470934.html
https://www.wnacg.com/photos-view-id-7470925.html
https://www.wnacg.com/photos-view-id-7470930.html
https://www.wnacg.com/photos-view-id-7470928.html
https://www.wnacg.com/photos-view-id-7470933.html
https://www.wnacg.com/photos-view-id-7470935.html
https://www.wnacg.com/photos-view-id-7470923.html
https://www.wnacg.com/photos-view-id-7470921.html
https://www.wnacg.com/photos-view-id-7470926.html
https://www.wnacg.com/photos-view-id-7470918.html
https://www.wnacg.com/photos-view-id-7470912.html
https://www.wnacg.com/photos-view-id-7470916.html
https://www.wnacg.com/photos-view-id-7470922.html
https://www.wnacg.com/photos-view-id-7470914.html
https://www.wnacg.com/photos-view-id-7470920.html
https://www.wnacg.com/photos-view-id-7470913.html
https://www.wnacg.com/photos-view-id-7470919.html
https://www.wnacg.com/photos-index-page-12-aid-93360.html
https://www.wnacg.com/photos-view-id-7470830.html
https://www.wnacg.com/photos-view-id-7470839.html
https://www.wnacg.com/photos-view-id-7470835.html
https://www.wnacg.com/photos-view-id-7470831.html
https://www.wnacg.com/photos-view-id-7470828.html
https://www.wnacg.com/photos-view-id-7470829.html
https://www.wnacg.com/photos-view-id-7470834.html
https://www.wnacg.com/photos-view-id-7470837.html
https://www.wnacg.com/photos-view-id-7470833.html
https://www.wnacg.com/photos-view-id-7470832.html
https://www.wnacg.com/photos-view-id-7470848.html
https://www.wnacg.com/photos-view-id-7470823.html
https://www.wnacg.com/photos-view-id-7470838.html
https://www.wnacg.com/photos-view-id-7470806.html
https://www.wnacg.com/photos-view-id-7470849.html
https://www.wnacg.com/photos-view-id-7470844.html
https://www.wnacg.com/photos-view-id-7470841.html
https://www.wnacg.com/photos-view-id-7470842.html
https://www.wnacg.com/photos-view-id-7470836.html
https://www.wnacg.com/photos-view-id-7470847.html
https://www.wnacg.com/photos-view-id-7470840.html
https://www.wnacg.com/photos-view-id-7470846.html
https://www.wnacg.com/photos-view-id-7470857.html
https://www.wnacg.com/photos-view-id-7470850.html
https://www.wnacg.com/photos-view-id-7470861.html
https://www.wnacg.com/photos-view-id-7470854.html
https://www.wnacg.com/photos-view-id-7470853.html
https://www.wnacg.com/photos-view-id-7470862.html
https://www.wnacg.com/photos-view-id-7470852.html
https://www.wnacg.com/photos-view-id-7470856.html
https://www.wnacg.com/photos-view-id-7470858.html
https://www.wnacg.com/photos-view-id-7470863.html
https://www.wnacg.com/photos-view-id-7470859.html
https://www.wnacg.com/photos-index-page-14-aid-93360.html
https://www.wnacg.com/photos-view-id-7470735.html
https://www.wnacg.com/photos-view-id-7470883.html
https://www.wnacg.com/photos-view-id-7470887.html
https://www.wnacg.com/photos-view-id-7470880.html
https://www.wnacg.com/photos-view-id-7470845.html
https://www.wnacg.com/photos-view-id-7470878.html
https://www.wnacg.com/photos-view-id-7470855.html
https://www.wnacg.com/photos-view-id-7470881.html
https://www.wnacg.com/photos-view-id-7470877.html
https://www.wnacg.com/photos-view-id-7470879.html
https://www.wnacg.com/photos-view-id-7470876.html
https://www.wnacg.com/photos-view-id-7470882.html
https://www.wnacg.com/photos-view-id-7470868.html
https://www.wnacg.com/photos-view-id-7470911.html
https://www.wnacg.com/photos-view-id-7470915.html
https://www.wnacg.com/photos-view-id-7470886.html
https://www.wnacg.com/photos-view-id-7470871.html
https://www.wnacg.com/photos-view-id-7470917.html
https://www.wnacg.com/photos-view-id-7470874.html
https://www.wnacg.com/photos-view-id-7470872.html
https://www.wnacg.com/photos-view-id-7470869.html
https://www.wnacg.com/photos-view-id-7470870.html
https://www.wnacg.com/photos-view-id-7470865.html
https://www.wnacg.com/photos-view-id-7470873.html
https://www.wnacg.com/photos-view-id-7470843.html
https://www.wnacg.com/photos-view-id-7470851.html
https://www.wnacg.com/photos-view-id-7470860.html
https://www.wnacg.com/photos-view-id-7470866.html
https://www.wnacg.com/photos-view-id-7470894.html
https://www.wnacg.com/photos-view-id-7470867.html
https://www.wnacg.com/photos-view-id-7470864.html
https://www.wnacg.com/photos-view-id-7470936.html
https://www.wnacg.com/photos-view-id-7470898.html
https://www.wnacg.com/photos-view-id-7470890.html
https://www.wnacg.com/photos-view-id-7470888.html
https://www.wnacg.com/photos-view-id-7470895.html
https://www.wnacg.com/photos-view-id-7470896.html
https://www.wnacg.com/photos-view-id-7470889.html
https://www.wnacg.com/photos-view-id-7470892.html
https://www.wnacg.com/photos-view-id-7470891.html
https://www.wnacg.com/photos-view-id-7470899.html
https://www.wnacg.com/photos-view-id-7470893.html
https://www.wnacg.com/photos-view-id-7470897.html
https://www.wnacg.com/photos-view-id-7470884.html
https://www.wnacg.com/photos-view-id-7470910.html
https://www.wnacg.com/photos-view-id-7470939.html
https://www.wnacg.com/photos-view-id-7470875.html
https://www.wnacg.com/photos-view-id-7470885.html
https://www.wnacg.com/photos-view-id-7470909.html
https://www.wnacg.com/photos-view-id-7470937.html
https://www.wnacg.com/photos-view-id-7470942.html
https://www.wnacg.com/photos-view-id-7470900.html
https://www.wnacg.com/photos-index-page-15-aid-93360.html
https://www.wnacg.com/photos-view-id-7470943.html
https://www.wnacg.com/photos-view-id-7470941.html
https://www.wnacg.com/photos-view-id-7470614.html
https://www.wnacg.com/photos-view-id-7470940.html
https://www.wnacg.com/photos-view-id-7470616.html
https://www.wnacg.com/photos-view-id-7470610.html
https://www.wnacg.com/photos-view-id-7470598.html
https://www.wnacg.com/photos-view-id-7470619.html
https://www.wnacg.com/photos-view-id-7470611.html
https://www.wnacg.com/photos-view-id-7470618.html
https://www.wnacg.com/photos-view-id-7470628.html
https://www.wnacg.com/photos-view-id-7470602.html
https://www.wnacg.com/photos-view-id-7470617.html
https://www.wnacg.com/photos-view-id-7470612.html
https://www.wnacg.com/photos-view-id-7470606.html
https://www.wnacg.com/photos-view-id-7470613.html
https://www.wnacg.com/photos-view-id-7470615.html
https://www.wnacg.com/photos-view-id-7470599.html
https://www.wnacg.com/photos-view-id-7470608.html
https://www.wnacg.com/photos-view-id-7470908.html
https://www.wnacg.com/photos-view-id-7470901.html
https://www.wnacg.com/photos-view-id-7470905.html
https://www.wnacg.com/photos-view-id-7470903.html
https://www.wnacg.com/photos-view-id-7470906.html
https://www.wnacg.com/photos-view-id-7470904.html
https://www.wnacg.com/photos-view-id-7470601.html
https://www.wnacg.com/photos-view-id-7470623.html
https://www.wnacg.com/photos-view-id-7470607.html
https://www.wnacg.com/photos-view-id-7470902.html
https://www.wnacg.com/photos-view-id-7470600.html
https://www.wnacg.com/photos-view-id-7470603.html
https://www.wnacg.com/photos-view-id-7470609.html
https://www.wnacg.com/photos-view-id-7470604.html
https://www.wnacg.com/photos-view-id-7470664.html
https://www.wnacg.com/photos-view-id-7470605.html
https://www.wnacg.com/photos-view-id-7470648.html
https://www.wnacg.com/photos-view-id-7470655.html
https://www.wnacg.com/photos-view-id-7470653.html
https://www.wnacg.com/photos-view-id-7470642.html
https://www.wnacg.com/photos-view-id-7470658.html
https://www.wnacg.com/photos-view-id-7470631.html
https://www.wnacg.com/photos-view-id-7470907.html
https://www.wnacg.com/photos-view-id-7470645.html
https://www.wnacg.com/photos-view-id-7470638.html
https://www.wnacg.com/photos-view-id-7470651.html
https://www.wnacg.com/photos-view-id-7470660.html
https://www.wnacg.com/photos-view-id-7470635.html
