/web/20251005105420/https://www.wnacg.com/photos-index-aid-241067.html
/web/20251005105438/https://www.wnacg.com/photos-view-id-20127376.html
/web/20251005105445/https://www.wnacg.com/photos-view-id-20127380.html
/web/20251005105459/https://www.wnacg.com/download-index-aid-241067.html
/web/20251005105452/https://www.wnacg.com/photos-view-id-20127401.html
/web/20251005105513/https://www.wnacg.com/photos-view-id-20127381.html
/web/20251005105540/https://www.wnacg.com/photos-view-id-20127384.html
/web/20251005105548/https://www.wnacg.com/photos-view-id-20127393.html
/web/20251005105506/https://www.wnacg.com/photos-view-id-20127397.html
/web/20251005105610/https://www.wnacg.com/photos-slide-aid-241067.html
/web/20251005105621/https://www.wnacg.com/photos-index-page-3-aid-241067.html
/web/20251005105642/https://www.wnacg.com/photos-view-id-20127399.html
/web/20251005105636/https://www.wnacg.com/photos-view-id-20127392.html
/web/20251005105628/https://www.wnacg.com/photos-view-id-20127385.html
/web/20251005105735/https://www.wnacg.com/photos-index-page-2-aid-241067.html
/web/20251005105736/https://www.wnacg.com/photos-view-id-20127403.html
/web/20251005105738/https://www.wnacg.com/photos-view-id-20127383.html
/web/20251005105758/https://v1.wzip.download/down/2411/0c54d4749f8650fbc4f046abfb6c2f7b.zip?n=%5B%E3%81%99%E3%81%BE%E3%81%84%E3%82%8B%E3%81%B5%E3%81%89%E3%82%89%E3%82%93%E3%81%8B%E3%82%93%E3%81%B1%E3%81%AB%E3%81%83%E3%80%82%20(%E5%B3%AF%E4%B8%8A%E7%B6%BE%E3%80%81%E9%9B%AA%E4%BB%81)%5D%20%E3%82%A4%E3%82%AD%E3%82%8A%E5%9C%B0%E9%9B%B7%E7%B3%BB%E3%83%93%E3%83%83%E3%83%81%E3%81%95%E3%83%BC%E3%82%84%E3%81%AE%E5%96%B0%E3%81%B9%E3%83%AD%E3%82%B0%20%5B%E4%B8%8D%E9%82%A3%E4%B9%88%E9%BB%91%E6%9A%97%E6%9C%88%E5%85%89%E7%9F%B3%5D%20%5BDL%E7%89%88%5D
/web/20251005105828/https://www.wnacg.com/photos-view-id-20127410.html
/web/20251005105821/https://www.wnacg.com/photos-view-id-20127398.html
/web/20251005105813/https://www.wnacg.com/photos-index-page-1-aid-241067.html
/web/20251005105854/https://www.wnacg.com/photos-view-id-20127407.html
/web/20251005105912/https://www.wnacg.com/photos-view-id-20127375.html
/web/20251005105903/https://www.wnacg.com/photos-view-id-20127391.html
/web/20251005105925/https://www.wnacg.com/photos-view-id-20127388.html
/web/20251005105918/https://www.wnacg.com/photos-view-id-20127409.html
/web/20251005105904/https://www.wnacg.com/photos-view-id-20127379.html
/web/20251005110007/https://www.wnacg.com/photos-view-id-20127382.html
/web/20251005110021/https://www.wnacg.com/photos-view-id-20127408.html
/web/20251005110006/https://www.wnacg.com/photos-view-id-20127405.html
/web/20251005110103/https://www.wnacg.com/photos-view-id-20127389.html
/web/20251005110014/https://www.wnacg.com/photos-view-id-20127395.html
/web/20251005110048/https://www.wnacg.com/photos-view-id-20127387.html
/web/20251005110127/https://www.wnacg.com/photos-view-id-20127390.html
/web/20251005110126/https://www.wnacg.com/photos-view-id-20127394.html
/web/20251005110140/https://www.wnacg.com/photos-view-id-20127386.html
/web/20251005110133/https://www.wnacg.com/photos-view-id-20127404.html
/web/20251005110230/https://www.wnacg.com/photos-view-id-20127400.html
/web/20251005110225/https://www.wnacg.com/photos-view-id-20127377.html
/web/20251005110215/https://www.wnacg.com/photos-view-id-20127406.html
/web/20251005110312/https://www.wnacg.com/photos-view-id-20127402.html
/web/20251005110322/https://www.wnacg.com/photos-view-id-20127378.html
/web/20251005110411/https://www.wnacg.com/photos-view-id-20127396.html
