/web/20251005054008/https://www.wnacg.com/photos-index-aid-294297.html
/web/20251005054037/https://www.wnacg.com/photos-view-id-24333575.html
/web/20251005054058/https://www.wnacg.com/photos-view-id-24333550.html
/web/20251005054123/https://www.wnacg.com/photos-view-id-24333576.html
/web/20251005054134/https://www.wnacg.com/photos-index-page-4-aid-294297.html
/web/20251005054145/https://www.wnacg.com/photos-index-page-3-aid-294297.html
/web/20251005054201/https://www.wnacg.com/photos-view-id-24333566.html
/web/20251005054159/https://www.wnacg.com/photos-view-id-24333560.html
/web/20251005054203/https://www.wnacg.com/photos-index-page-2-aid-294297.html
/web/20251005054250/https://www.wnacg.com/photos-view-id-24333554.html
/web/20251005054337/https://www.wnacg.com/photos-view-id-24333578.html
/web/20251005054400/https://www.wnacg.com/download-index-aid-294297.html
/web/20251005054323/https://www.wnacg.com/photos-view-id-24333580.html
/web/20251005054336/https://www.wnacg.com/photos-view-id-24333585.html
/web/20251005054400/https://www.wnacg.com/photos-slide-aid-294297.html
/web/20251005054453/https://www.wnacg.com/photos-view-id-24333577.html
/web/20251005054445/https://www.wnacg.com/photos-view-id-24333548.html
/web/20251005054452/https://www.wnacg.com/photos-view-id-24333552.html
/web/20251005054611/https://www.wnacg.com/photos-index-page-1-aid-294297.html
/web/20251005054623/https://www.wnacg.com/photos-view-id-24333574.html
/web/20251005054647/https://www.wnacg.com/photos-view-id-24333558.html
/web/20251005054701/https://www.wnacg.com/photos-view-id-24333571.html
/web/20251005054726/https://www.wnacg.com/photos-view-id-24333557.html
/web/20251005054707/https://www.wnacg.com/photos-view-id-24333579.html
/web/20251005054719/https://www.wnacg.com/photos-view-id-24333584.html
/web/20251005054716/https://www.wnacg.com/photos-view-id-24333556.html
/web/20251005054805/https://www.wnacg.com/photos-view-id-24333581.html
/web/20251005054746/https://www.wnacg.com/photos-view-id-24333586.html
/web/20251005054827/https://www.wnacg.com/photos-view-id-24333569.html
/web/20251005054840/https://www.wnacg.com/photos-view-id-24333563.html
/web/20251005054841/https://www.wnacg.com/photos-view-id-24333589.html
/web/20251005054844/https://www.wnacg.com/photos-view-id-24333562.html
/web/20251005055003/https://www.wnacg.com/photos-view-id-24333553.html
/web/20251005054946/https://www.wnacg.com/photos-view-id-24333573.html
/web/20251005054944/https://www.wnacg.com/photos-view-id-24333568.html
/web/20251005055004/https://www.wnacg.com/photos-view-id-24333564.html
/web/20251005055020/https://www.wnacg.com/photos-view-id-24333570.html
/web/20251005055023/https://www.wnacg.com/photos-view-id-24333582.html
/web/20251005055019/https://www.wnacg.com/photos-view-id-24333551.html
/web/20251005055052/https://www.wnacg.com/photos-view-id-24333583.html
/web/20251005055132/https://www.wnacg.com/photos-view-id-24333559.html
/web/20251005055138/https://www.wnacg.com/photos-view-id-24333587.html
/web/20251005055236/https://v1.wzip.download/down/2943/59e22a14fdb6f04b7ddeedcb419ead3b.zip?n=%5B2vs%20(%E6%A4%8E%E5%90%8D%E9%AF%9B)%5D%20H%E9%85%8D%E4%BF%A1%E8%80%85%E6%97%A5%E5%B8%B8%E6%80%A7%E6%B4%BB%EF%BD%9E%E5%81%B6%E7%84%B6%E5%87%BA%E4%BC%9A%E3%81%A3%E3%81%9F%E6%8E%A8%E3%81%97%E3%81%AB%E9%80%86%E3%83%8A%E3%83%B3%E3%81%95%E3%82%8C%E3%81%A6%E6%90%BE%E7%B2%BE%E3%82%89%E3%82%8C%E3%81%9F%E8%A9%B1%EF%BD%9E%20%5B%E7%9C%9F%E4%B8%8D%E5%8F%AF%E8%A7%86%E6%B1%89%E5%8C%96%E7%BB%84%5D
/web/20251005055229/https://www.wnacg.com/photos-view-id-24333555.html
/web/20251005055248/https://www.wnacg.com/photos-view-id-24333549.html
/web/20251005055241/https://www.wnacg.com/photos-view-id-24333572.html
/web/20251005055202/https://www.wnacg.com/photos-view-id-24333565.html
/web/20251005055256/https://www.wnacg.com/photos-view-id-24333561.html
/web/20251005055239/https://v1.wzip.date/down/2943/59e22a14fdb6f04b7ddeedcb419ead3b.zip?n=%5B2vs%20(%E6%A4%8E%E5%90%8D%E9%AF%9B)%5D%20H%E9%85%8D%E4%BF%A1%E8%80%85%E6%97%A5%E5%B8%B8%E6%80%A7%E6%B4%BB%EF%BD%9E%E5%81%B6%E7%84%B6%E5%87%BA%E4%BC%9A%E3%81%A3%E3%81%9F%E6%8E%A8%E3%81%97%E3%81%AB%E9%80%86%E3%83%8A%E3%83%B3%E3%81%95%E3%82%8C%E3%81%A6%E6%90%BE%E7%B2%BE%E3%82%89%E3%82%8C%E3%81%9F%E8%A9%B1%EF%BD%9E%20%5B%E7%9C%9F%E4%B8%8D%E5%8F%AF%E8%A7%86%E6%B1%89%E5%8C%96%E7%BB%84%5D
/web/20251005055307/https://www.wnacg.com/photos-view-id-24333567.html
