/web/20251005053437/https://www.wnacg.com/photos-index-aid-232657.html
/web/20251005053502/https://www.wnacg.com/photos-view-id-19599569.html
/web/20251005053516/https://www.wnacg.com/photos-view-id-19599562.html
/web/20251005053523/https://www.wnacg.com/photos-view-id-19599556.html
/web/20251005053537/https://www.wnacg.com/photos-view-id-19599578.html
/web/20251005053604/https://www.wnacg.com/photos-view-id-19599574.html
/web/20251005053641/https://www.wnacg.com/photos-view-id-19599560.html
/web/20251005053630/https://www.wnacg.com/photos-view-id-19599580.html
/web/20251005053713/https://www.wnacg.com/photos-view-id-19599561.html
/web/20251005053713/https://www.wnacg.com/photos-view-id-19599557.html
/web/20251005053709/https://www.wnacg.com/photos-view-id-19599570.html
/web/20251005053725/https://www.wnacg.com/photos-view-id-19599576.html
/web/20251005053642/https://www.wnacg.com/photos-slide-aid-232657.html
/web/20251005053741/https://www.wnacg.com/photos-index-page-2-aid-232657.html
/web/20251005053736/https://www.wnacg.com/photos-view-id-19599551.html
/web/20251005053828/https://www.wnacg.com/download-index-aid-232657.html
/web/20251005053906/https://www.wnacg.com/photos-index-page-3-aid-232657.html
/web/20251005054012/https://www.wnacg.com/photos-view-id-19599564.html
/web/20251005054023/https://www.wnacg.com/photos-view-id-19599554.html
/web/20251005054046/https://www.wnacg.com/photos-view-id-19599579.html
/web/20251005054051/https://www.wnacg.com/photos-view-id-19599567.html
/web/20251005054133/https://www.wnacg.com/photos-view-id-19599573.html
/web/20251005054135/https://www.wnacg.com/photos-view-id-19599583.html
/web/20251005054036/https://www.wnacg.com/photos-view-id-19599566.html
/web/20251005054150/https://www.wnacg.com/photos-view-id-19599571.html
/web/20251005054207/https://www.wnacg.com/photos-view-id-19599553.html
/web/20251005054218/https://www.wnacg.com/photos-view-id-19599577.html
/web/20251005054208/https://www.wnacg.com/photos-index-page-1-aid-232657.html
/web/20251005054152/https://www.wnacg.com/photos-view-id-19599552.html
/web/20251005054151/https://www.wnacg.com/photos-view-id-19599563.html
/web/20251005054307/https://v1.wzip.download/down/2327/a55ff59628e4b743c26c1dfa95d3bfea.zip?n=(C103)%5B2vs%20(%E6%A4%8E%E5%90%8D%E9%AF%9B)%5D%20%E7%B4%AB%E7%9E%B3%E5%A5%B3%E7%8E%8B3%EF%BD%9E%E3%83%A1%E3%82%B9%E3%82%A4%E3%82%AD%E3%81%AE%E6%82%A6%E3%81%B3%E3%82%92%E5%88%B7%E3%82%8A%E8%BE%BC%E3%81%BE%E3%82%8C%E3%81%A6%E5%A0%95%E3%81%A8%E3%81%95%E3%82%8C%E3%82%8B%E5%83%95%EF%BD%9E%20%5B%E4%B8%AD%E5%9B%BD%E7%BF%BB%E8%A8%B3%5D%C2%A0%C2%A0%5BDL%E7%89%88%5D
/web/20251005054310/https://v1.wzip.date/down/2327/a55ff59628e4b743c26c1dfa95d3bfea.zip?n=(C103)%5B2vs%20(%E6%A4%8E%E5%90%8D%E9%AF%9B)%5D%20%E7%B4%AB%E7%9E%B3%E5%A5%B3%E7%8E%8B3%EF%BD%9E%E3%83%A1%E3%82%B9%E3%82%A4%E3%82%AD%E3%81%AE%E6%82%A6%E3%81%B3%E3%82%92%E5%88%B7%E3%82%8A%E8%BE%BC%E3%81%BE%E3%82%8C%E3%81%A6%E5%A0%95%E3%81%A8%E3%81%95%E3%82%8C%E3%82%8B%E5%83%95%EF%BD%9E%20%5B%E4%B8%AD%E5%9B%BD%E7%BF%BB%E8%A8%B3%5D%C2%A0%C2%A0%5BDL%E7%89%88%5D
/web/20251005054316/https://www.wnacg.com/photos-view-id-19599587.html
/web/20251005054428/https://www.wnacg.com/photos-view-id-19599581.html
/web/20251005054452/https://www.wnacg.com/photos-view-id-19599584.html
/web/20251005054454/https://www.wnacg.com/photos-view-id-19599550.html
/web/20251005054455/https://www.wnacg.com/photos-view-id-19599565.html
/web/20251005054530/https://www.wnacg.com/photos-view-id-19599575.html
/web/20251005054523/https://www.wnacg.com/photos-view-id-19599568.html
/web/20251005054525/https://www.wnacg.com/photos-view-id-19599582.html
/web/20251005054522/https://www.wnacg.com/photos-view-id-19599585.html
/web/20251005054615/https://www.wnacg.com/photos-view-id-19599572.html
/web/20251005054654/https://www.wnacg.com/photos-view-id-19599586.html
/web/20251005054700/https://www.wnacg.com/photos-view-id-19599558.html
