https://www.wnacg.com/photos-index-aid-232657.html
https://www.wnacg.com/photos-view-id-19599569.html
https://www.wnacg.com/photos-view-id-19599562.html
https://www.wnacg.com/photos-view-id-19599556.html
https://www.wnacg.com/photos-view-id-19599578.html
https://www.wnacg.com/photos-view-id-19599574.html
https://www.wnacg.com/photos-view-id-19599560.html
https://www.wnacg.com/photos-view-id-19599580.html
https://www.wnacg.com/photos-view-id-19599561.html
https://www.wnacg.com/photos-view-id-19599557.html
https://www.wnacg.com/photos-view-id-19599570.html
https://www.wnacg.com/photos-view-id-19599576.html
https://www.wnacg.com/photos-slide-aid-232657.html
https://www.wnacg.com/photos-index-page-2-aid-232657.html
https://www.wnacg.com/photos-view-id-19599551.html
https://www.wnacg.com/download-index-aid-232657.html
https://www.wnacg.com/photos-index-page-3-aid-232657.html
https://www.wnacg.com/photos-view-id-19599564.html
https://www.wnacg.com/photos-view-id-19599554.html
https://www.wnacg.com/photos-view-id-19599579.html
https://www.wnacg.com/photos-view-id-19599567.html
https://www.wnacg.com/photos-view-id-19599573.html
https://www.wnacg.com/photos-view-id-19599583.html
https://www.wnacg.com/photos-view-id-19599566.html
https://www.wnacg.com/photos-view-id-19599571.html
https://www.wnacg.com/photos-view-id-19599553.html
https://www.wnacg.com/photos-view-id-19599577.html
https://www.wnacg.com/photos-index-page-1-aid-232657.html
https://www.wnacg.com/photos-view-id-19599552.html
https://www.wnacg.com/photos-view-id-19599563.html
https://v1.wzip.download/down/2327/a55ff59628e4b743c26c1dfa95d3bfea.zip?n=(C103)[2vs%20(%E6%A4%8E%E5%90%8D%E9%AF%9B)]%20%E7%B4%AB%E7%9E%B3%E5%A5%B3%E7%8E%8B3%EF%BD%9E%E3%83%A1%E3%82%B9%E3%82%A4%E3%82%AD%E3%81%AE%E6%82%A6%E3%81%B3%E3%82%92%E5%88%B7%E3%82%8A%E8%BE%BC%E3%81%BE%E3%82%8C%E3%81%A6%E5%A0%95%E3%81%A8%E3%81%95%E3%82%8C%E3%82%8B%E5%83%95%EF%BD%9E%20[%E4%B8%AD%E5%9B%BD%E7%BF%BB%E8%A8%B3]%C2%A0%C2%A0[DL%E7%89%88]
https://v1.wzip.date/down/2327/a55ff59628e4b743c26c1dfa95d3bfea.zip?n=(C103)[2vs%20(%E6%A4%8E%E5%90%8D%E9%AF%9B)]%20%E7%B4%AB%E7%9E%B3%E5%A5%B3%E7%8E%8B3%EF%BD%9E%E3%83%A1%E3%82%B9%E3%82%A4%E3%82%AD%E3%81%AE%E6%82%A6%E3%81%B3%E3%82%92%E5%88%B7%E3%82%8A%E8%BE%BC%E3%81%BE%E3%82%8C%E3%81%A6%E5%A0%95%E3%81%A8%E3%81%95%E3%82%8C%E3%82%8B%E5%83%95%EF%BD%9E%20[%E4%B8%AD%E5%9B%BD%E7%BF%BB%E8%A8%B3]%C2%A0%C2%A0[DL%E7%89%88]
https://www.wnacg.com/photos-view-id-19599587.html
https://www.wnacg.com/photos-view-id-19599581.html
https://www.wnacg.com/photos-view-id-19599584.html
https://www.wnacg.com/photos-view-id-19599550.html
https://www.wnacg.com/photos-view-id-19599565.html
https://www.wnacg.com/photos-view-id-19599575.html
https://www.wnacg.com/photos-view-id-19599568.html
https://www.wnacg.com/photos-view-id-19599582.html
https://www.wnacg.com/photos-view-id-19599585.html
https://www.wnacg.com/photos-view-id-19599572.html
https://www.wnacg.com/photos-view-id-19599586.html
https://www.wnacg.com/photos-view-id-19599558.html
