/web/20251005055727/https://www.wnacg.com/photos-index-aid-153487.html
/web/20251005055758/https://www.wnacg.com/photos-view-id-13458221.html
/web/20251005055753/https://www.wnacg.com/photos-view-id-13458200.html
/web/20251005055805/https://www.wnacg.com/photos-view-id-13458223.html
/web/20251005055819/https://www.wnacg.com/photos-view-id-13458202.html
/web/20251005055849/https://www.wnacg.com/photos-view-id-13458195.html
/web/20251005055833/https://www.wnacg.com/photos-view-id-13458213.html
/web/20251005055908/https://www.wnacg.com/photos-view-id-13458222.html
/web/20251005055909/https://www.wnacg.com/photos-view-id-13458198.html
/web/20251005055931/https://www.wnacg.com/photos-index-page-2-aid-153487.html
/web/20251005055935/https://www.wnacg.com/photos-view-id-13458214.html
/web/20251005060007/https://www.wnacg.com/photos-view-id-13458215.html
/web/20251005060015/https://www.wnacg.com/photos-index-page-3-aid-153487.html
/web/20251005060017/https://www.wnacg.com/photos-view-id-13458217.html
/web/20251005055940/https://www.wnacg.com/photos-view-id-13458219.html
/web/20251005060016/https://www.wnacg.com/photos-slide-aid-153487.html
/web/20251005060035/https://www.wnacg.com/download-index-aid-153487.html
/web/20251005060245/https://www.wnacg.com/photos-view-id-13458220.html
/web/20251005060251/https://www.wnacg.com/photos-view-id-13458205.html
/web/20251005060306/https://www.wnacg.com/photos-view-id-13458206.html
/web/20251005060259/https://www.wnacg.com/photos-view-id-13458208.html
/web/20251005060327/https://www.wnacg.com/photos-view-id-13458224.html
/web/20251005060318/https://www.wnacg.com/photos-view-id-13458197.html
/web/20251005060339/https://www.wnacg.com/photos-view-id-13458212.html
/web/20251005060354/https://www.wnacg.com/photos-view-id-13458194.html
/web/20251005060430/https://www.wnacg.com/photos-view-id-13458218.html
/web/20251005060431/https://www.wnacg.com/photos-index-page-1-aid-153487.html
/web/20251005060505/https://www.wnacg.com/photos-view-id-13458216.html
/web/20251005060514/https://www.wnacg.com/photos-view-id-13458210.html
/web/20251005060507/https://www.wnacg.com/photos-view-id-13458207.html
/web/20251005060512/https://www.wnacg.com/photos-view-id-13458196.html
/web/20251005060549/https://www.wnacg.com/photos-view-id-13458204.html
/web/20251005060541/https://www.wnacg.com/photos-view-id-13458203.html
/web/20251005060623/https://www.wnacg.com/photos-view-id-13458201.html
/web/20251005060616/https://www.wnacg.com/photos-view-id-13458199.html
/web/20251005060702/https://www.wnacg.com/photos-view-id-13458225.html
/web/20251005060726/https://v1.wzip.date/down/1535/efcf273b46dc13e82868b93e34f706ec.zip?n=%5Bp-%E9%A4%A8%20(p%E3%81%AE%E5%AD%97)%5D%20%E6%90%BE%E7%B2%BE%E7%9C%8B%E8%AD%B7%E5%B8%AB%E3%81%AE%E3%81%8A%E5%A7%89%E3%81%95%E3%82%93%20%5B%E6%BC%A2%E5%8C%96%E7%B5%84%E6%BC%A2%E5%8C%96%E7%B5%84%C3%97%E6%88%91%E5%B0%BB%E6%95%85%E6%88%91%E5%9C%A8%5D
/web/20251005060653/https://v1.wzip.download/down/1535/efcf273b46dc13e82868b93e34f706ec.zip?n=%5Bp-%E9%A4%A8%20(p%E3%81%AE%E5%AD%97)%5D%20%E6%90%BE%E7%B2%BE%E7%9C%8B%E8%AD%B7%E5%B8%AB%E3%81%AE%E3%81%8A%E5%A7%89%E3%81%95%E3%82%93%20%5B%E6%BC%A2%E5%8C%96%E7%B5%84%E6%BC%A2%E5%8C%96%E7%B5%84%C3%97%E6%88%91%E5%B0%BB%E6%95%85%E6%88%91%E5%9C%A8%5D
/web/20251005060701/https://www.wnacg.com/photos-view-id-13458211.html
/web/20251005060726/https://www.wnacg.com/photos-view-id-13458209.html
