https://www.wnacg.com/photos-index-aid-218575.html
https://www.wnacg.com/photos-index-aid-243062.html
https://www.wnacg.com/photos-index-aid-313856.html
https://www.wnacg.com/photos-index-aid-186859.html
https://www.wnacg.com/photos-index-aid-185634.html
https://www.wnacg.com/photos-index-aid-186537.html
https://www.wnacg.com/photos-index-aid-177957.html
https://www.wnacg.com/photos-index-aid-183999.html
https://www.wnacg.com/photos-index-aid-177953.html
https://www.wnacg.ru/photos-index-aid-243062.html
https://www.wnacg.com/photos-index-aid-164119.html
https://www.wnacg.ru/photos-index-aid-218575.html
https://www.wnacg.com/photos-index-page-3-aid-218575.html
https://www.wnacg.com/download-index-aid-218575.html
https://www.wnacg.com/photos-index-page-2-aid-243062.html
https://www.wnacg.com/photos-index-page-2-aid-218575.html
https://www.wnacg.com/download-index-aid-243062.html
https://www.wnacg.com/photos-index-page-4-aid-243062.html
https://www.wnacg.com/photos-index-page-5-aid-243062.html
https://www.wnacg.com/photos-index-page-7-aid-243062.html
https://www.wnacg.com/photos-slide-aid-243062.html
https://www.wnacg.com/download-index-aid-313856.html
https://www.wnacg.com/download-index-aid-186859.html
https://www.wnacg.com/photos-slide-aid-313856.html
https://www.wnacg.com/download-index-aid-185634.html
https://www.wnacg.com/photos-index-page-2-aid-185634.html
https://www.wnacg.com/photos-slide-aid-186859.html
https://www.wnacg.com/photos-index-page-3-aid-243062.html
https://www.wnacg.com/photos-index-page-7-aid-185634.html
https://www.wnacg.com/photos-index-page-4-aid-185634.html
https://www.wnacg.com/photos-slide-aid-185634.html
https://www.wnacg.com/download-index-aid-186537.html
https://www.wnacg.com/photos-index-page-5-aid-185634.html
https://www.wnacg.com/photos-index-page-2-aid-186537.html
https://www.wnacg.com/photos-slide-aid-186537.html
https://www.wnacg.com/download-index-aid-177957.html
https://www.wnacg.com/photos-index-page-2-aid-177957.html
https://www.wnacg.com/photos-index-page-3-aid-177957.html
https://www.wnacg.com/photos-index-page-4-aid-177957.html
https://www.wnacg.com/photos-slide-aid-177957.html
https://www.wnacg.com/photos-index-page-3-aid-183999.html
https://www.wnacg.com/download-index-aid-183999.html
https://www.wnacg.com/photos-slide-aid-183999.html
https://www.wnacg.com/photos-index-page-2-aid-177953.html
https://www.wnacg.com/photos-index-page-2-aid-183999.html
https://www.wnacg.com/download-index-aid-177953.html
https://www.wnacg.com/photos-slide-aid-177953.html
https://www.wnacg.ru/photos-index-aid-313856.html
https://www.wnacg.com/photos-index-page-3-aid-177953.html
https://www.wnacg.ru/photos-slide-aid-243062.html
https://www.wnacg.ru/photos-index-page-3-aid-243062.html
https://www.wnacg.ru/download-index-aid-243062.html
https://www.wnacg.ru/photos-index-page-7-aid-243062.html
https://www.wnacg.ru/photos-index-page-2-aid-243062.html
https://www.wnacg.ru/photos-index-page-5-aid-243062.html
https://www.wnacg.ru/photos-index-page-4-aid-243062.html
https://www.wnacg.com/download-index-aid-164119.html
https://www.wnacg.com/photos-slide-aid-164119.html
https://www.wnacg.com/photos-index-page-2-aid-164119.html
https://www.wnacg.ru/photos-index-page-3-aid-218575.html
https://www.wnacg.ru/download-index-aid-218575.html
https://v1.wzip.download/down/2186/d81fb19e9db5b5a88157526184a8fa12.zip?n=[%E3%82%86%E3%81%9A%E3%81%BD%E3%82%93%E9%85%A2%20(%E3%82%B8%E3%82%BB%E3%82%AD)]%20%E6%80%A7%E5%A5%B4%E9%9A%B7(%E7%94%9F%E3%83%87%E3%82%A3%E3%83%AB%E3%83%89)%E3%81%AB%E3%81%AA%E3%81%A3%E3%81%9F%E3%82%B7%E3%83%A7%E3%82%BF%E3%83%9E%E3%82%B9%E3%82%BF%E3%83%BC%E3%81%A8%E6%90%BE%E7%B2%BE%E3%83%90%E3%83%8B%E3%83%BC%E3%82%A2%E3%83%AB%E3%83%88%E3%83%AA%E3%82%A2%E3%81%95%E3%82%93%20(Fate%EF%BC%8FGrand%20Order)%20[%E9%BB%8E%E6%AC%A7%E5%87%BA%E8%B5%84%E6%B1%89%E5%8C%96]
https://www.wnacg.ru/photos-index-page-2-aid-218575.html
https://www.wnacg.com/photos-index-page-1-aid-218575.html
https://www.wnacg.ru/photos-slide-aid-218575.html
https://v1.wzip.date/down/2186/d81fb19e9db5b5a88157526184a8fa12.zip?n=[%E3%82%86%E3%81%9A%E3%81%BD%E3%82%93%E9%85%A2%20(%E3%82%B8%E3%82%BB%E3%82%AD)]%20%E6%80%A7%E5%A5%B4%E9%9A%B7(%E7%94%9F%E3%83%87%E3%82%A3%E3%83%AB%E3%83%89)%E3%81%AB%E3%81%AA%E3%81%A3%E3%81%9F%E3%82%B7%E3%83%A7%E3%82%BF%E3%83%9E%E3%82%B9%E3%82%BF%E3%83%BC%E3%81%A8%E6%90%BE%E7%B2%BE%E3%83%90%E3%83%8B%E3%83%BC%E3%82%A2%E3%83%AB%E3%83%88%E3%83%AA%E3%82%A2%E3%81%95%E3%82%93%20(Fate%EF%BC%8FGrand%20Order)%20[%E9%BB%8E%E6%AC%A7%E5%87%BA%E8%B5%84%E6%B1%89%E5%8C%96]
https://www.wnacg.com/photos-index-page-1-aid-243062.html
https://v1.wzip.download/down/2431/69e38d1160ee6e960b6e5b7acc8bcb05.zip?n=[%E3%81%BF%E3%81%BF%E3%81%9A%E3%81%8C%E3%81%A7%E3%81%9F%E3%82%88%20(%E5%B0%8F%E7%AE%B1%E3%81%BF%E3%81%BF%E3%81%9A)]%20%E9%9C%8A%E8%83%BD%E8%80%85%E3%81%AE%E7%99%BE%E6%89%8B%E6%91%A9%E5%AD%90%20[jummp%E4%B8%AA%E4%BA%BA%E6%B1%89%E5%8C%96]%20[DL%E7%89%88]
https://www.wnacg.com/photos-index-page-6-aid-243062.html
https://v1.wzip.date/down/2431/69e38d1160ee6e960b6e5b7acc8bcb05.zip?n=[%E3%81%BF%E3%81%BF%E3%81%9A%E3%81%8C%E3%81%A7%E3%81%9F%E3%82%88%20(%E5%B0%8F%E7%AE%B1%E3%81%BF%E3%81%BF%E3%81%9A)]%20%E9%9C%8A%E8%83%BD%E8%80%85%E3%81%AE%E7%99%BE%E6%89%8B%E6%91%A9%E5%AD%90%20[jummp%E4%B8%AA%E4%BA%BA%E6%B1%89%E5%8C%96]%20[DL%E7%89%88]
https://v1.wzip.date/down/1869/98d4e98f498f70f546a637f03f6cf9ff.zip?n=[onedoo]%20%E5%A4%A7%E9%B3%B3%E3%81%AE%E3%82%A8%E3%83%AD%E3%81%84%E6%90%BE%E7%B2%BE%E5%86%99%E7%9C%9F%E9%9B%86%20Vol.01%20(%E3%82%A2%E3%82%BA%E3%83%BC%E3%83%AB%E3%83%AC%E3%83%BC%E3%83%B3)%20[%E7%84%A1%E4%BF%AE%E6%AD%A3][%E4%B8%AD%E5%9B%BD%E7%BF%BB%E8%AF%91]
https://v1.wzip.download/down/1869/98d4e98f498f70f546a637f03f6cf9ff.zip?n=[onedoo]%20%E5%A4%A7%E9%B3%B3%E3%81%AE%E3%82%A8%E3%83%AD%E3%81%84%E6%90%BE%E7%B2%BE%E5%86%99%E7%9C%9F%E9%9B%86%20Vol.01%20(%E3%82%A2%E3%82%BA%E3%83%BC%E3%83%AB%E3%83%AC%E3%83%BC%E3%83%B3)%20[%E7%84%A1%E4%BF%AE%E6%AD%A3][%E4%B8%AD%E5%9B%BD%E7%BF%BB%E8%AF%91]
https://v1.wzip.date/down/3139/673d95506059007bb7bbd65b3f78400f.zip?n=[%E3%81%BB%E4%B9%B3%E3%81%B3%E3%82%93]%20%E3%81%A9%E3%82%B9%E3%82%B1%E3%83%99%E7%86%9F%E5%A5%B3%E3%82%B5%E3%82%AD%E3%83%A5%E3%83%90%E3%82%B9%E3%81%AB%E3%83%AC%E3%83%99%E3%83%AB%E6%90%BE%E7%B2%BE%E3%81%95%E3%82%8C%E3%82%8B%E3%81%8A%E8%A9%B1%20[%E4%B8%AD%E5%9B%BD%E7%BF%BB%E8%A8%B3]%20[DL%E7%89%88]
https://v1.wzip.date/down/1857/5c00b80271117ee6ff27598c887911db.zip?n=[K%E8%AE%B0%E7%BF%BB%E8%AF%91][%E8%9C%A5%E8%9C%B4%E9%87%8D%E5%B7%A5%20(%E8%9A%AF%E8%9A%93)]%20%E6%80%A7%E3%81%AA%E3%82%8B%E8%A9%A6%E7%B7%B42%20%EF%BD%9E%E5%A4%A9%E4%BD%BF%E3%83%8A%E3%83%B4%E3%83%AA%E3%82%A8%E3%83%AB%E3%81%AE%E6%90%BE%E7%B2%BE%E6%95%91%E6%B8%88%EF%BD%9E
https://v1.wzip.download/down/1857/5c00b80271117ee6ff27598c887911db.zip?n=[K%E8%AE%B0%E7%BF%BB%E8%AF%91][%E8%9C%A5%E8%9C%B4%E9%87%8D%E5%B7%A5%20(%E8%9A%AF%E8%9A%93)]%20%E6%80%A7%E3%81%AA%E3%82%8B%E8%A9%A6%E7%B7%B42%20%EF%BD%9E%E5%A4%A9%E4%BD%BF%E3%83%8A%E3%83%B4%E3%83%AA%E3%82%A8%E3%83%AB%E3%81%AE%E6%90%BE%E7%B2%BE%E6%95%91%E6%B8%88%EF%BD%9E
https://v1.wzip.download/down/1866/f978f3c507e792c1e7e6fb7e350380a2.zip?n=[%E3%81%95%E3%81%8C%E3%81%AE%E3%81%9F%E3%82%81%E3%81%AE%E3%81%95%E3%83%BC%E3%81%8C%20(%E3%82%89%E3%81%A8%E3%81%89)]%20%E9%9B%91%E3%81%AB%E9%81%8A%E3%82%93%E3%81%A7%E6%90%BE%E7%B2%BE%E6%AD%BB%E3%81%95%E3%81%9B%E3%82%8B%E3%82%B5%E3%82%AD%E3%83%A5%E3%83%90%E3%82%B9%20[%E4%B8%AD%E5%9B%BD%E7%BF%BB%E8%A8%B3]
https://v1.wzip.date/down/1866/f978f3c507e792c1e7e6fb7e350380a2.zip?n=[%E3%81%95%E3%81%8C%E3%81%AE%E3%81%9F%E3%82%81%E3%81%AE%E3%81%95%E3%83%BC%E3%81%8C%20(%E3%82%89%E3%81%A8%E3%81%89)]%20%E9%9B%91%E3%81%AB%E9%81%8A%E3%82%93%E3%81%A7%E6%90%BE%E7%B2%BE%E6%AD%BB%E3%81%95%E3%81%9B%E3%82%8B%E3%82%B5%E3%82%AD%E3%83%A5%E3%83%90%E3%82%B9%20[%E4%B8%AD%E5%9B%BD%E7%BF%BB%E8%A8%B3]
https://www.wnacg.com/photos-index-page-1-aid-185634.html
https://v1.wzip.date/down/1780/c5a15538488c27b2f47b850a7301b752.zip?n=[%E5%B9%B3%E6%B2%A2Zen]%20%E7%89%B9%E7%9B%9B%E3%82%8A%E3%82%A2%E3%83%AB%E3%83%88%E3%83%AA%E3%82%A2%E3%81%AEW%E3%83%91%E3%82%A4%E3%82%BA%E3%83%AA%E6%90%BE%E7%B2%BE%20(Fate%EF%BC%8FGrand%20Order)%20[%E9%BB%8E%E6%AC%A7%E5%87%BA%E8%B5%84%E6%B1%89%E5%8C%96]
https://www.wnacg.com/photos-index-page-1-aid-186537.html
https://v1.wzip.download/down/1780/c5a15538488c27b2f47b850a7301b752.zip?n=[%E5%B9%B3%E6%B2%A2Zen]%20%E7%89%B9%E7%9B%9B%E3%82%8A%E3%82%A2%E3%83%AB%E3%83%88%E3%83%AA%E3%82%A2%E3%81%AEW%E3%83%91%E3%82%A4%E3%82%BA%E3%83%AA%E6%90%BE%E7%B2%BE%20(Fate%EF%BC%8FGrand%20Order)%20[%E9%BB%8E%E6%AC%A7%E5%87%BA%E8%B5%84%E6%B1%89%E5%8C%96]
https://www.wnacg.com/photos-index-page-1-aid-177957.html
https://www.wnacg.com/photos-index-page-1-aid-183999.html
https://v1.wzip.date/down/1840/aaa3010cd26e438f997c5b5ad767531a.zip?n=[p-%E9%A4%A8%20(p%E3%81%AE%E5%AD%97)]%20%E6%90%BE%E7%B2%BE%E7%9C%8B%E8%AD%B7%E5%B8%AB%E3%81%AE%E3%81%8A%E5%A7%89%E3%81%95%E3%82%93%20(%E3%82%AA%E3%83%AA%E3%82%B8%E3%83%8A%E3%83%AB)%20(%E6%BC%A2%E5%8C%96%E7%B5%84%E6%BC%A2%E5%8C%96%E7%B5%84x%E6%88%91%E5%B0%BB%E6%95%85%E6%88%91%E5%9C%A8%EF%BC%8396)%20[%E7%84%A1%E4%BF%AE%E6%AD%A3]
https://v1.wzip.download/down/1840/aaa3010cd26e438f997c5b5ad767531a.zip?n=[p-%E9%A4%A8%20(p%E3%81%AE%E5%AD%97)]%20%E6%90%BE%E7%B2%BE%E7%9C%8B%E8%AD%B7%E5%B8%AB%E3%81%AE%E3%81%8A%E5%A7%89%E3%81%95%E3%82%93%20(%E3%82%AA%E3%83%AA%E3%82%B8%E3%83%8A%E3%83%AB)%20(%E6%BC%A2%E5%8C%96%E7%B5%84%E6%BC%A2%E5%8C%96%E7%B5%84x%E6%88%91%E5%B0%BB%E6%95%85%E6%88%91%E5%9C%A8%EF%BC%8396)%20[%E7%84%A1%E4%BF%AE%E6%AD%A3]
https://www.wnacg.com/photos-index-page-1-aid-177953.html
https://v1.wzip.download/down/1780/051570fb827b66fe4fec404b29d28086.zip?n=[%E5%B9%B3%E6%B2%A2Zen]%20%E9%97%87%E8%90%BD%E3%81%A1%E5%A7%89%E5%A6%B9%E3%81%AE%E8%A7%A6%E6%89%8B%E3%82%AA%E3%83%8A%E3%83%9B%E6%90%BE%E7%B2%BE%20(Fate%EF%BC%8FGrand%20Order)%20[%E9%BB%8E%E6%AC%A7%E5%87%BA%E8%B5%84%E6%B1%89%E5%8C%96]
https://v1.wzip.date/down/1780/051570fb827b66fe4fec404b29d28086.zip?n=[%E5%B9%B3%E6%B2%A2Zen]%20%E9%97%87%E8%90%BD%E3%81%A1%E5%A7%89%E5%A6%B9%E3%81%AE%E8%A7%A6%E6%89%8B%E3%82%AA%E3%83%8A%E3%83%9B%E6%90%BE%E7%B2%BE%20(Fate%EF%BC%8FGrand%20Order)%20[%E9%BB%8E%E6%AC%A7%E5%87%BA%E8%B5%84%E6%B1%89%E5%8C%96]
https://www.wnacg.com/photos-slide-aid-218575.html
https://www.wnacg.ru/photos-index-aid-186859.html
https://www.wnacg.com/photos-index-page-3-aid-185634.html
https://www.wnacg.ru/photos-index-page-1-aid-243062.html
https://v1.wzip.date/down/1642/2110537b62b7e7ded74a8390d7b646dc.zip?n=[%E3%81%BF%E3%81%AA%E3%81%A8%E3%81%BF%E3%82%89%E3%81%84%20(%E6%B9%8A%E3%82%86%E3%81%86)]%20%E4%B8%96%E9%96%93%E7%9F%A5%E3%82%89%E3%81%9A%E3%81%8A%E5%AC%A2%E6%A7%98%E3%81%AE%E5%BC%B7%E5%88%B6%E6%90%BE%E7%B2%BE%E7%94%9F%E6%B4%BB%20[%E4%B8%AD%E5%9B%BD%E7%BF%BB%E8%A8%B3]%20[DL%E7%89%88]
https://www.wnacg.ru/download-index-aid-313856.html
https://www.wnacg.ru/photos-slide-aid-313856.html
https://v1.wzip.download/down/1642/2110537b62b7e7ded74a8390d7b646dc.zip?n=[%E3%81%BF%E3%81%AA%E3%81%A8%E3%81%BF%E3%82%89%E3%81%84%20(%E6%B9%8A%E3%82%86%E3%81%86)]%20%E4%B8%96%E9%96%93%E7%9F%A5%E3%82%89%E3%81%9A%E3%81%8A%E5%AC%A2%E6%A7%98%E3%81%AE%E5%BC%B7%E5%88%B6%E6%90%BE%E7%B2%BE%E7%94%9F%E6%B4%BB%20[%E4%B8%AD%E5%9B%BD%E7%BF%BB%E8%A8%B3]%20[DL%E7%89%88]
https://www.wnacg.ru/photos-index-page-6-aid-243062.html
https://v1.wzip.download/down/3139/673d95506059007bb7bbd65b3f78400f.zip?n=[%E3%81%BB%E4%B9%B3%E3%81%B3%E3%82%93]%20%E3%81%A9%E3%82%B9%E3%82%B1%E3%83%99%E7%86%9F%E5%A5%B3%E3%82%B5%E3%82%AD%E3%83%A5%E3%83%90%E3%82%B9%E3%81%AB%E3%83%AC%E3%83%99%E3%83%AB%E6%90%BE%E7%B2%BE%E3%81%95%E3%82%8C%E3%82%8B%E3%81%8A%E8%A9%B1%20[%E4%B8%AD%E5%9B%BD%E7%BF%BB%E8%A8%B3]%20[DL%E7%89%88]
https://www.wnacg.ru/photos-index-page-1-aid-218575.html
https://www.wnacg.ru/photos-index-aid-185634.html
https://www.wnacg.com/photos-index-page-1-aid-164119.html
https://www.wnacg.ru/download-index-aid-186859.html
https://www.wnacg.ru/photos-index-aid-183999.html
https://www.wnacg.ru/photos-slide-aid-186859.html
https://www.wnacg.ru/photos-index-aid-177953.html
https://www.wnacg.ru/photos-index-aid-177957.html
https://www.wnacg.ru/photos-index-aid-164119.html
https://www.wnacg.ru/photos-index-aid-186537.html
https://www.wnacg.com/photos-index-page-6-aid-185634.html
https://www.wnacg.ru/download-index-aid-185634.html
https://www.wnacg.ru/photos-index-page-7-aid-185634.html
https://www.wnacg.ru/photos-index-page-2-aid-185634.html
https://www.wnacg.ru/photos-index-page-5-aid-185634.html
https://www.wnacg.ru/photos-slide-aid-185634.html
https://www.wnacg.ru/photos-index-page-4-aid-185634.html
https://www.wnacg.ru/photos-index-page-3-aid-185634.html
https://www.wnacg.ru/photos-index-page-3-aid-183999.html
https://www.wnacg.ru/photos-index-page-1-aid-185634.html
https://www.wnacg.ru/photos-slide-aid-183999.html
https://www.wnacg.ru/photos-index-page-2-aid-183999.html
https://www.wnacg.ru/download-index-aid-183999.html
https://www.wnacg.ru/photos-index-page-6-aid-185634.html
https://www.wnacg.ru/photos-index-page-3-aid-177953.html
https://www.wnacg.ru/download-index-aid-177953.html
https://www.wnacg.ru/photos-index-page-2-aid-177953.html
https://www.wnacg.ru/photos-slide-aid-177953.html
https://www.wnacg.ru/photos-index-page-3-aid-177957.html
https://www.wnacg.ru/photos-index-page-2-aid-177957.html
https://www.wnacg.ru/photos-index-page-4-aid-177957.html
https://www.wnacg.ru/photos-index-page-1-aid-183999.html
https://www.wnacg.ru/photos-slide-aid-177957.html
https://www.wnacg.ru/photos-index-page-1-aid-177953.html
https://www.wnacg.ru/photos-index-page-1-aid-177957.html
https://www.wnacg.ru/download-index-aid-177957.html
https://www.wnacg.ru/download-index-aid-164119.html
https://www.wnacg.ru/photos-index-page-2-aid-164119.html
https://www.wnacg.ru/photos-slide-aid-164119.html
https://www.wnacg.ru/photos-index-page-2-aid-186537.html
https://www.wnacg.ru/download-index-aid-186537.html
https://www.wnacg.ru/photos-index-page-1-aid-164119.html
https://www.wnacg.ru/photos-slide-aid-186537.html
https://www.wnacg.ru/photos-index-page-1-aid-186537.html
