/web/20251130063426/https://www.wnacg.ru/photos-index-aid-41767.html
/web/20251130063444/https://www.wnacg.ru/download-index-aid-41767.html
/web/20251130063459/https://www.wnacg.ru/photos-view-id-3381604.html
/web/20251130063530/https://www.wnacg.ru/photos-view-id-3381601.html
/web/20251130063553/https://www.wnacg.ru/photos-slide-aid-41767.html
/web/20251130063544/https://www.wnacg.ru/photos-view-id-3381605.html
/web/20251130063629/https://www.wnacg.ru/photos-view-id-3381602.html
/web/20251130063631/https://www.wnacg.ru/photos-view-id-3381595.html
/web/20251130063710/https://www.wnacg.ru/photos-view-id-3381606.html
/web/20251130063730/https://www.wnacg.ru/photos-view-id-3381603.html
/web/20251130063736/https://www.wnacg.ru/photos-view-id-3381600.html
/web/20251130063737/https://www.wnacg.ru/photos-index-page-2-aid-41767.html
/web/20251130063834/https://www.wnacg.ru/photos-view-id-3381599.html
/web/20251130063838/https://www.wnacg.ru/photos-view-id-3381597.html
/web/20251130063911/https://www.wnacg.ru/photos-view-id-3381596.html
/web/20251130063934/https://www.wnacg.ru/photos-view-id-3381598.html
/web/20251130064017/https://v1.wzip.date/down/0418/c21e95355c8e178b343d8a1b8236fec4.zip?n=%5B%E6%B2%92%E6%9C%89%E6%BC%A2%E5%8C%96%5D%5B40%E3%83%87%E3%83%8B%E3%83%BC%E3%83%AB(%E7%AF%A0%E5%B2%A1%E3%81%BB%E3%81%BE%E3%82%8C)%5D%E6%99%82%E5%AD%90%E6%A7%98%E3%81%AE%E3%81%B2%E3%81%BE%E3%81%A4%E3%81%B6%E3%81%97
/web/20251130064032/https://www.wnacg.ru/photos-view-id-3381594.html
/web/20251130064042/https://www.wnacg.ru/photos-view-id-3381607.html
/web/20251130064122/https://www.wnacg.ru/photos-view-id-3381590.html
/web/20251130064221/https://www.wnacg.ru/photos-view-id-3381611.html
/web/20251130064225/https://www.wnacg.ru/photos-index-page-1-aid-41767.html
/web/20251130064320/https://www.wnacg.ru/photos-view-id-3381592.html
/web/20251130064417/https://www.wnacg.ru/photos-view-id-3381610.html
/web/20251130064406/https://www.wnacg.ru/photos-view-id-3381609.html
/web/20251130064348/https://www.wnacg.ru/photos-view-id-3381591.html
/web/20251130064427/https://www.wnacg.ru/photos-view-id-3381612.html
