/web/20251005001935/https://www.wnacg.com/photos-index-aid-277982.html
/web/20251005002103/https://www.wnacg.com/photos-view-id-22799931.html
/web/20251005002107/https://www.wnacg.com/photos-view-id-22799936.html
/web/20251005002117/https://www.wnacg.com/photos-view-id-22799942.html
/web/20251005002144/https://www.wnacg.com/photos-view-id-22799939.html
/web/20251005002136/https://www.wnacg.com/photos-view-id-22799943.html
/web/20251005002114/https://www.wnacg.com/photos-view-id-22799948.html
/web/20251005002216/https://www.wnacg.com/photos-view-id-22799946.html
/web/20251005002130/https://www.wnacg.com/photos-view-id-22799947.html
/web/20251005002251/https://www.wnacg.com/photos-view-id-22799949.html
/web/20251005002216/https://www.wnacg.com/photos-view-id-22799938.html
/web/20251005002423/https://www.wnacg.com/download-index-aid-277982.html
/web/20251005002411/https://www.wnacg.com/photos-view-id-22799952.html
/web/20251005002439/https://www.wnacg.com/photos-index-page-2-aid-277982.html
/web/20251005002453/https://www.wnacg.com/photos-index-page-3-aid-277982.html
/web/20251005002448/https://www.wnacg.com/photos-slide-aid-277982.html
/web/20251005002524/https://www.wnacg.com/photos-view-id-22799950.html
/web/20251005002558/https://v1.wzip.date/down/2780/58c03e2ae5b35f66c6a2084ae2b4577f.zip?n=%5B%E3%83%8F%E3%83%8B%E3%83%A1%E3%83%A1%E3%82%AA%5D%20%E3%81%B5%E3%81%97%E3%81%A0%E3%82%89%E5%A6%96%E6%80%AA%E3%81%A8%E3%83%9C%E3%82%AF%20(COMIC%20%E7%9C%9F%E6%BF%80%202025%E5%B9%B41%E6%9C%88%E5%8F%B7)%20%5BBanana%E6%89%8B%E5%B7%A5%E6%BC%A2%E5%8C%96%5D%20%5BDL%E7%89%88%5D
/web/20251005002604/https://v1.wzip.download/down/2780/58c03e2ae5b35f66c6a2084ae2b4577f.zip?n=%5B%E3%83%8F%E3%83%8B%E3%83%A1%E3%83%A1%E3%82%AA%5D%20%E3%81%B5%E3%81%97%E3%81%A0%E3%82%89%E5%A6%96%E6%80%AA%E3%81%A8%E3%83%9C%E3%82%AF%20(COMIC%20%E7%9C%9F%E6%BF%80%202025%E5%B9%B41%E6%9C%88%E5%8F%B7)%20%5BBanana%E6%89%8B%E5%B7%A5%E6%BC%A2%E5%8C%96%5D%20%5BDL%E7%89%88%5D
/web/20251005002613/https://www.wnacg.com/photos-view-id-22799933.html
/web/20251005002620/https://www.wnacg.com/photos-view-id-22799945.html
/web/20251005002702/https://www.wnacg.com/photos-view-id-22799929.html
/web/20251005002627/https://www.wnacg.com/photos-view-id-22799926.html
/web/20251005002710/https://www.wnacg.com/photos-view-id-22799940.html
/web/20251005002826/https://www.wnacg.com/photos-view-id-22799953.html
/web/20251005002853/https://www.wnacg.com/photos-view-id-22799927.html
/web/20251005002921/https://www.wnacg.com/photos-view-id-22799930.html
/web/20251005002833/https://www.wnacg.com/photos-view-id-22799941.html
/web/20251005002849/https://www.wnacg.com/photos-view-id-22799944.html
/web/20251005002933/https://www.wnacg.com/photos-view-id-22799951.html
/web/20251005002945/https://www.wnacg.com/photos-index-page-1-aid-277982.html
/web/20251005002904/https://www.wnacg.com/photos-view-id-22799928.html
/web/20251005003038/https://www.wnacg.com/photos-view-id-22799932.html
/web/20251005003016/https://www.wnacg.com/photos-view-id-22799935.html
/web/20251005003018/https://www.wnacg.com/photos-view-id-22799934.html
