https://www.wnacg.com/photos-index-aid-277982.html
https://www.wnacg.com/photos-view-id-22799931.html
https://www.wnacg.com/photos-view-id-22799936.html
https://www.wnacg.com/photos-view-id-22799942.html
https://www.wnacg.com/photos-view-id-22799939.html
https://www.wnacg.com/photos-view-id-22799943.html
https://www.wnacg.com/photos-view-id-22799948.html
https://www.wnacg.com/photos-view-id-22799946.html
https://www.wnacg.com/photos-view-id-22799947.html
https://www.wnacg.com/photos-view-id-22799949.html
https://www.wnacg.com/photos-view-id-22799938.html
https://www.wnacg.com/download-index-aid-277982.html
https://www.wnacg.com/photos-view-id-22799952.html
https://www.wnacg.com/photos-index-page-2-aid-277982.html
https://www.wnacg.com/photos-index-page-3-aid-277982.html
https://www.wnacg.com/photos-slide-aid-277982.html
https://www.wnacg.com/photos-view-id-22799950.html
https://v1.wzip.date/down/2780/58c03e2ae5b35f66c6a2084ae2b4577f.zip?n=[%E3%83%8F%E3%83%8B%E3%83%A1%E3%83%A1%E3%82%AA]%20%E3%81%B5%E3%81%97%E3%81%A0%E3%82%89%E5%A6%96%E6%80%AA%E3%81%A8%E3%83%9C%E3%82%AF%20(COMIC%20%E7%9C%9F%E6%BF%80%202025%E5%B9%B41%E6%9C%88%E5%8F%B7)%20[Banana%E6%89%8B%E5%B7%A5%E6%BC%A2%E5%8C%96]%20[DL%E7%89%88]
https://v1.wzip.download/down/2780/58c03e2ae5b35f66c6a2084ae2b4577f.zip?n=[%E3%83%8F%E3%83%8B%E3%83%A1%E3%83%A1%E3%82%AA]%20%E3%81%B5%E3%81%97%E3%81%A0%E3%82%89%E5%A6%96%E6%80%AA%E3%81%A8%E3%83%9C%E3%82%AF%20(COMIC%20%E7%9C%9F%E6%BF%80%202025%E5%B9%B41%E6%9C%88%E5%8F%B7)%20[Banana%E6%89%8B%E5%B7%A5%E6%BC%A2%E5%8C%96]%20[DL%E7%89%88]
https://www.wnacg.com/photos-view-id-22799933.html
https://www.wnacg.com/photos-view-id-22799945.html
https://www.wnacg.com/photos-view-id-22799929.html
https://www.wnacg.com/photos-view-id-22799926.html
https://www.wnacg.com/photos-view-id-22799940.html
https://www.wnacg.com/photos-view-id-22799953.html
https://www.wnacg.com/photos-view-id-22799927.html
https://www.wnacg.com/photos-view-id-22799930.html
https://www.wnacg.com/photos-view-id-22799941.html
https://www.wnacg.com/photos-view-id-22799944.html
https://www.wnacg.com/photos-view-id-22799951.html
https://www.wnacg.com/photos-index-page-1-aid-277982.html
https://www.wnacg.com/photos-view-id-22799928.html
https://www.wnacg.com/photos-view-id-22799932.html
https://www.wnacg.com/photos-view-id-22799935.html
https://www.wnacg.com/photos-view-id-22799934.html
