/web/20251006093528/https://www.wnacg.com/photos-index-aid-136870.html
/web/20251006093601/https://www.wnacg.com/photos-index-page-4-aid-136870.html
/web/20251006093609/https://www.wnacg.com/photos-view-id-12086348.html
/web/20251006093700/https://www.wnacg.com/photos-view-id-12086342.html
/web/20251006093726/https://www.wnacg.com/photos-index-page-3-aid-136870.html
/web/20251006093748/https://www.wnacg.com/photos-view-id-12086352.html
/web/20251006093723/https://www.wnacg.com/photos-view-id-12086346.html
/web/20251006093649/https://www.wnacg.com/photos-slide-aid-136870.html
/web/20251006093753/https://www.wnacg.com/photos-view-id-12086350.html
/web/20251006093822/https://www.wnacg.com/photos-view-id-12086345.html
/web/20251006093830/https://www.wnacg.com/photos-view-id-12086344.html
/web/20251006093852/https://www.wnacg.com/photos-view-id-12086343.html
/web/20251006093850/https://www.wnacg.com/photos-index-page-19-aid-136870.html
/web/20251006093951/https://www.wnacg.com/photos-index-page-5-aid-136870.html
/web/20251006094052/https://www.wnacg.com/photos-view-id-12086414.html
/web/20251006094056/https://www.wnacg.com/photos-view-id-12086408.html
/web/20251006094113/https://www.wnacg.com/photos-index-page-2-aid-136870.html
/web/20251006094144/https://www.wnacg.com/photos-index-page-8-aid-136870.html
/web/20251006094107/https://www.wnacg.com/photos-view-id-12086402.html
/web/20251006094128/https://www.wnacg.com/photos-index-page-1-aid-136870.html
/web/20251006094206/https://www.wnacg.com/photos-view-id-12086423.html
/web/20251006094235/https://www.wnacg.com/photos-view-id-12086416.html
/web/20251006094223/https://www.wnacg.com/photos-view-id-12086411.html
/web/20251006094332/https://www.wnacg.com/photos-view-id-12086403.html
/web/20251006094334/https://www.wnacg.com/photos-view-id-12086349.html
/web/20251006094349/https://www.wnacg.com/photos-index-page-6-aid-136870.html
/web/20251006094420/https://www.wnacg.com/photos-view-id-12086406.html
/web/20251006094404/https://www.wnacg.com/photos-view-id-12086347.html
/web/20251006094521/https://www.wnacg.com/photos-view-id-12086374.html
/web/20251006094541/https://www.wnacg.com/photos-view-id-12086393.html
/web/20251006094514/https://www.wnacg.com/photos-view-id-12086341.html
/web/20251006094613/https://www.wnacg.com/photos-view-id-12086359.html
/web/20251006094616/https://www.wnacg.com/photos-view-id-12086369.html
/web/20251006094619/https://www.wnacg.com/photos-view-id-12086386.html
/web/20251006094753/https://www.wnacg.com/photos-view-id-12086363.html
/web/20251006094806/https://www.wnacg.com/photos-view-id-12086354.html
/web/20251006094643/https://www.wnacg.com/photos-view-id-12086360.html
/web/20251006094829/https://www.wnacg.com/photos-view-id-12086542.html
/web/20251006094932/https://www.wnacg.com/photos-view-id-12086554.html
/web/20251006094935/https://www.wnacg.com/photos-index-page-10-aid-136870.html
/web/20251006094831/https://www.wnacg.com/photos-view-id-12086550.html
/web/20251006094944/https://www.wnacg.com/photos-view-id-12086533.html
/web/20251006094823/https://www.wnacg.com/photos-view-id-12086547.html
/web/20251006094939/https://www.wnacg.com/photos-view-id-12086558.html
/web/20251006095034/https://www.wnacg.com/photos-view-id-12086536.html
/web/20251006095056/https://www.wnacg.com/photos-view-id-12086419.html
/web/20251006095046/https://www.wnacg.com/photos-index-page-11-aid-136870.html
/web/20251006095154/https://www.wnacg.com/photos-index-page-12-aid-136870.html
/web/20251006095148/https://www.wnacg.com/photos-view-id-12086483.html
/web/20251006095213/https://www.wnacg.com/photos-view-id-12086477.html
/web/20251006095235/https://www.wnacg.com/photos-view-id-12086425.html
/web/20251006095253/https://www.wnacg.com/photos-view-id-12086468.html
/web/20251006095259/https://www.wnacg.com/photos-view-id-12086481.html
/web/20251006095351/https://www.wnacg.com/photos-view-id-12086372.html
/web/20251006095314/https://www.wnacg.com/photos-view-id-12086493.html
/web/20251006095348/https://www.wnacg.com/photos-view-id-12086358.html
/web/20251006095317/https://www.wnacg.com/photos-view-id-12086396.html
/web/20251006095419/https://www.wnacg.com/photos-view-id-12086383.html
/web/20251006095457/https://www.wnacg.com/photos-view-id-12086366.html
/web/20251006095537/https://www.wnacg.com/photos-view-id-12086361.html
/web/20251006095539/https://www.wnacg.com/photos-view-id-12086388.html
/web/20251006095533/https://www.wnacg.com/photos-view-id-12086540.html
/web/20251006095540/https://www.wnacg.com/photos-view-id-12086635.html
/web/20251006095608/https://www.wnacg.com/photos-view-id-12086355.html
/web/20251006095551/https://www.wnacg.com/photos-view-id-12086362.html
/web/20251006095637/https://www.wnacg.com/photos-view-id-12086624.html
/web/20251006095645/https://www.wnacg.com/photos-view-id-12086608.html
/web/20251006095716/https://www.wnacg.com/photos-view-id-12086613.html
/web/20251006095705/https://www.wnacg.com/photos-view-id-12086616.html
/web/20251006095655/https://www.wnacg.com/photos-view-id-12086611.html
/web/20251006095758/https://www.wnacg.com/photos-index-page-13-aid-136870.html
/web/20251006095817/https://www.wnacg.com/photos-view-id-12086631.html
/web/20251006095830/https://www.wnacg.com/photos-view-id-12086627.html
/web/20251006095807/https://www.wnacg.com/photos-view-id-12086619.html
/web/20251006095854/https://www.wnacg.com/photos-view-id-12086633.html
/web/20251006095917/https://www.wnacg.com/photos-view-id-12086531.html
/web/20251006095919/https://www.wnacg.com/photos-view-id-12086562.html
/web/20251006095931/https://www.wnacg.com/photos-index-page-9-aid-136870.html
/web/20251006095959/https://www.wnacg.com/photos-view-id-12086638.html
/web/20251006100011/https://www.wnacg.com/photos-index-page-7-aid-136870.html
/web/20251006100043/https://www.wnacg.com/photos-view-id-12086659.html
/web/20251006095848/https://www.wnacg.com/photos-view-id-12086629.html
/web/20251006100116/https://www.wnacg.com/photos-view-id-12086687.html
/web/20251006100129/https://www.wnacg.com/photos-view-id-12086668.html
/web/20251006100111/https://www.wnacg.com/photos-view-id-12086644.html
/web/20251006100153/https://www.wnacg.com/photos-view-id-12086650.html
/web/20251006100156/https://www.wnacg.com/photos-view-id-12086677.html
/web/20251006100125/https://www.wnacg.com/photos-view-id-12086679.html
/web/20251006100217/https://www.wnacg.com/photos-view-id-12086665.html
/web/20251006100224/https://www.wnacg.com/photos-view-id-12086486.html
/web/20251006100239/https://www.wnacg.com/photos-view-id-12086428.html
/web/20251006100230/https://www.wnacg.com/photos-view-id-12086474.html
/web/20251006100313/https://www.wnacg.com/photos-view-id-12086399.html
/web/20251006100357/https://www.wnacg.com/photos-view-id-12086471.html
/web/20251006100358/https://www.wnacg.com/photos-view-id-12086466.html
/web/20251006100411/https://www.wnacg.com/photos-view-id-12086496.html
/web/20251006100403/https://www.wnacg.com/photos-view-id-12086357.html
/web/20251006100504/https://www.wnacg.com/photos-view-id-12086356.html
/web/20251006100457/https://www.wnacg.com/photos-view-id-12086490.html
/web/20251006100547/https://www.wnacg.com/photos-view-id-12086380.html
/web/20251006100552/https://www.wnacg.com/photos-view-id-12086606.html
/web/20251006100634/https://www.wnacg.com/photos-index-page-14-aid-136870.html
/web/20251006100626/https://www.wnacg.com/photos-view-id-12086622.html
/web/20251006100553/https://www.wnacg.com/photos-view-id-12086705.html
/web/20251006100601/https://www.wnacg.com/photos-view-id-12086696.html
/web/20251006100653/https://www.wnacg.com/photos-view-id-12086695.html
/web/20251006100716/https://www.wnacg.com/photos-view-id-12086698.html
/web/20251006100718/https://www.wnacg.com/photos-view-id-12086702.html
/web/20251006100728/https://www.wnacg.com/photos-view-id-12086528.html
/web/20251006100810/https://www.wnacg.com/photos-view-id-12086596.html
/web/20251006100821/https://www.wnacg.com/photos-view-id-12086587.html
/web/20251006100808/https://www.wnacg.com/photos-view-id-12086575.html
/web/20251006100830/https://www.wnacg.com/photos-view-id-12086579.html
/web/20251006100739/https://www.wnacg.com/photos-view-id-12086566.html
/web/20251006100901/https://www.wnacg.com/photos-view-id-12086599.html
/web/20251006100941/https://www.wnacg.com/photos-view-id-12086640.html
/web/20251006100951/https://www.wnacg.com/photos-view-id-12086508.html
/web/20251006101021/https://www.wnacg.com/photos-view-id-12086513.html
/web/20251006100940/https://www.wnacg.com/photos-view-id-12086593.html
/web/20251006100941/https://www.wnacg.com/photos-view-id-12086499.html
/web/20251006101039/https://www.wnacg.com/photos-view-id-12086516.html
/web/20251006101056/https://www.wnacg.com/photos-view-id-12086505.html
/web/20251006101154/https://www.wnacg.com/photos-view-id-12086661.html
/web/20251006101125/https://www.wnacg.com/photos-view-id-12086502.html
/web/20251006101155/https://www.wnacg.com/photos-view-id-12086689.html
/web/20251006101135/https://www.wnacg.com/photos-view-id-12086657.html
/web/20251006101232/https://www.wnacg.com/photos-view-id-12086685.html
/web/20251006101244/https://www.wnacg.com/photos-view-id-12086670.html
/web/20251006101251/https://www.wnacg.com/photos-view-id-12086646.html
/web/20251006101259/https://www.wnacg.com/photos-view-id-12086642.html
/web/20251006101308/https://www.wnacg.com/photos-view-id-12086648.html
/web/20251006101340/https://www.wnacg.com/photos-view-id-12086675.html
/web/20251006101338/https://www.wnacg.com/photos-view-id-12086652.html
/web/20251006101349/https://www.wnacg.com/photos-view-id-12086681.html
/web/20251006101129/https://www.wnacg.com/photos-view-id-12086510.html
/web/20251006101420/https://www.wnacg.com/photos-view-id-12086663.html
/web/20251006101422/https://www.wnacg.com/photos-view-id-12086430.html
/web/20251006101452/https://www.wnacg.com/photos-view-id-12086390.html
/web/20251006101454/https://www.wnacg.com/photos-view-id-12086464.html
/web/20251006101512/https://www.wnacg.com/photos-view-id-12086603.html
/web/20251006101515/https://www.wnacg.com/photos-view-id-12086723.html
/web/20251006101524/https://www.wnacg.com/photos-view-id-12086725.html
/web/20251006101556/https://www.wnacg.com/photos-view-id-12086715.html
/web/20251006101607/https://www.wnacg.com/photos-view-id-12086717.html
/web/20251006101617/https://www.wnacg.com/photos-view-id-12086719.html
/web/20251006101627/https://www.wnacg.com/photos-view-id-12086727.html
/web/20251006101554/https://www.wnacg.com/photos-view-id-12086728.html
/web/20251006101656/https://www.wnacg.com/photos-view-id-12086707.html
/web/20251006101708/https://www.wnacg.com/photos-view-id-12086694.html
/web/20251006101729/https://www.wnacg.com/photos-view-id-12086703.html
/web/20251006101726/https://www.wnacg.com/photos-view-id-12086700.html
/web/20251006101728/https://www.wnacg.com/photos-view-id-12086524.html
/web/20251006101809/https://www.wnacg.com/photos-view-id-12086583.html
/web/20251006101738/https://www.wnacg.com/photos-view-id-12086590.html
/web/20251006101821/https://www.wnacg.com/photos-view-id-12086570.html
/web/20251006101843/https://www.wnacg.com/photos-view-id-12086519.html
/web/20251006101811/https://www.wnacg.com/photos-view-id-12086572.html
/web/20251006101835/https://www.wnacg.com/photos-view-id-12086602.html
/web/20251006101910/https://www.wnacg.com/photos-view-id-12086691.html
/web/20251006101923/https://www.wnacg.com/photos-view-id-12086683.html
/web/20251006101912/https://www.wnacg.com/photos-view-id-12086655.html
/web/20251006102005/https://www.wnacg.com/photos-view-id-12086432.html
/web/20251006101953/https://www.wnacg.com/photos-view-id-12086672.html
/web/20251006102015/https://www.wnacg.com/photos-view-id-12086462.html
/web/20251006102024/https://www.wnacg.com/photos-view-id-12086721.html
/web/20251006102054/https://www.wnacg.com/photos-view-id-12086729.html
/web/20251006102105/https://www.wnacg.com/photos-view-id-12086708.html
/web/20251006102131/https://www.wnacg.com/photos-view-id-12086693.html
/web/20251006102151/https://www.wnacg.com/photos-view-id-12086353.html
/web/20251006102156/https://www.wnacg.com/photos-view-id-12086712.html
/web/20251006102130/https://www.wnacg.com/photos-view-id-12086726.html
/web/20251006102219/https://www.wnacg.com/photos-view-id-12086522.html
/web/20251006102232/https://www.wnacg.com/download-index-aid-136870.html
/web/20251006102221/https://www.wnacg.com/photos-view-id-12086351.html
/web/20251006102304/https://www.wnacg.com/photos-index-page-16-aid-136870.html
/web/20251006102305/https://www.wnacg.com/photos-view-id-12086782.html
/web/20251006102314/https://www.wnacg.com/photos-view-id-12086786.html
/web/20251006102300/https://www.wnacg.com/photos-view-id-12086777.html
/web/20251006102321/https://www.wnacg.com/photos-view-id-12086780.html
/web/20251006102355/https://www.wnacg.com/photos-view-id-12086787.html
/web/20251006102413/https://www.wnacg.com/photos-view-id-12086788.html
/web/20251006102433/https://www.wnacg.com/photos-index-page-18-aid-136870.html
/web/20251006102403/https://www.wnacg.com/photos-index-page-15-aid-136870.html
/web/20251006101954/https://www.wnacg.com/photos-view-id-12086377.html
/web/20251006102423/https://www.wnacg.com/photos-view-id-12086784.html
/web/20251006102354/https://www.wnacg.com/photos-view-id-12086781.html
/web/20251006102525/https://www.wnacg.com/photos-view-id-12086710.html
/web/20251006102519/https://www.wnacg.com/photos-view-id-12086730.html
/web/20251006102538/https://www.wnacg.com/photos-index-page-17-aid-136870.html
/web/20251006102616/https://www.wnacg.com/photos-view-id-12086746.html
/web/20251006102642/https://www.wnacg.com/photos-view-id-12086751.html
/web/20251006102642/https://www.wnacg.com/photos-view-id-12086749.html
/web/20251006102644/https://www.wnacg.com/photos-view-id-12086742.html
/web/20251006102750/https://www.wnacg.com/photos-view-id-12086748.html
/web/20251006102813/https://www.wnacg.com/photos-view-id-12086745.html
/web/20251006102802/https://www.wnacg.com/photos-view-id-12086744.html
/web/20251006102851/https://www.wnacg.com/photos-view-id-12086752.html
/web/20251006102845/https://www.wnacg.com/photos-view-id-12086783.html
/web/20251006102924/https://www.wnacg.com/photos-view-id-12086770.html
/web/20251006102914/https://www.wnacg.com/photos-view-id-12086773.html
/web/20251006102913/https://www.wnacg.com/photos-view-id-12086776.html
/web/20251006102921/https://www.wnacg.com/photos-view-id-12086785.html
/web/20251006102956/https://www.wnacg.com/photos-view-id-12086775.html
/web/20251006102956/https://www.wnacg.com/photos-view-id-12086774.html
/web/20251006103027/https://www.wnacg.com/photos-view-id-12086772.html
/web/20251006103041/https://www.wnacg.com/photos-view-id-12086766.html
/web/20251006103058/https://www.wnacg.com/photos-view-id-12086779.html
/web/20251006103130/https://www.wnacg.com/photos-view-id-12086731.html
/web/20251006103128/https://www.wnacg.com/photos-view-id-12086750.html
/web/20251006103115/https://www.wnacg.com/photos-view-id-12086768.html
/web/20251006103125/https://www.wnacg.com/photos-view-id-12086767.html
/web/20251006103141/https://www.wnacg.com/photos-view-id-12086733.html
/web/20251006103150/https://www.wnacg.com/photos-view-id-12086736.html
/web/20251006103222/https://www.wnacg.com/photos-view-id-12086737.html
/web/20251006103244/https://www.wnacg.com/photos-view-id-12086740.html
/web/20251006103333/https://www.wnacg.com/photos-view-id-12086764.html
/web/20251006103339/https://www.wnacg.com/photos-view-id-12086760.html
/web/20251006103404/https://www.wnacg.com/photos-view-id-12086753.html
/web/20251006103333/https://www.wnacg.com/photos-view-id-12086756.html
/web/20251006103442/https://www.wnacg.com/photos-view-id-12086763.html
/web/20251006103449/https://www.wnacg.com/photos-view-id-12086755.html
/web/20251006103359/https://www.wnacg.com/photos-view-id-12086734.html
/web/20251006103602/https://www.wnacg.com/photos-view-id-12086761.html
/web/20251006103615/https://www.wnacg.com/photos-view-id-12086757.html
/web/20251006103659/https://www.wnacg.com/photos-view-id-12086741.html
/web/20251006103716/https://www.wnacg.com/photos-view-id-12086762.html
/web/20251006103720/https://www.wnacg.com/photos-view-id-12086747.html
/web/20251006103717/https://www.wnacg.com/photos-view-id-12086759.html
/web/20251006103724/https://www.wnacg.com/photos-view-id-12086743.html
/web/20251006103734/https://www.wnacg.com/photos-view-id-12086769.html
/web/20251006103813/https://www.wnacg.com/photos-view-id-12086771.html
/web/20251006103759/https://www.wnacg.com/photos-view-id-12086765.html
/web/20251006103837/https://www.wnacg.com/photos-view-id-12086778.html
/web/20251006103841/https://www.wnacg.com/photos-view-id-12086732.html
/web/20251006103840/https://www.wnacg.com/photos-view-id-12086754.html
/web/20251006103921/https://www.wnacg.com/photos-view-id-12086738.html
/web/20251006103913/https://www.wnacg.com/photos-view-id-12086735.html
/web/20251006103924/https://www.wnacg.com/photos-view-id-12086739.html
/web/20251006103953/https://www.wnacg.com/photos-view-id-12086758.html
/web/20251006103955/https://www.wnacg.com/photos-view-id-12086439.html
/web/20251006104008/https://www.wnacg.com/photos-view-id-12086443.html
/web/20251006104039/https://www.wnacg.com/photos-view-id-12086434.html
/web/20251006104056/https://www.wnacg.com/photos-view-id-12086459.html
/web/20251006104106/https://www.wnacg.com/photos-view-id-12086437.html
/web/20251006104114/https://www.wnacg.com/photos-view-id-12086441.html
/web/20251006104203/https://www.wnacg.com/photos-view-id-12086448.html
/web/20251006104305/https://www.wnacg.com/photos-view-id-12086456.html
/web/20251006104300/https://www.wnacg.com/photos-view-id-12086446.html
/web/20251006104322/https://www.wnacg.com/photos-view-id-12086451.html
/web/20251006104343/https://www.wnacg.com/photos-view-id-12086453.html
