/web/20251006121140/https://www.wnacg.ru/photos-index-aid-79747.html
/web/20251006121211/https://www.wnacg.ru/photos-index-page-2-aid-79747.html
/web/20251006121219/https://www.wnacg.ru/photos-view-id-6257933.html
/web/20251006121159/https://www.wnacg.ru/photos-slide-aid-79747.html
/web/20251006121232/https://www.wnacg.ru/photos-view-id-6257954.html
/web/20251006121321/https://www.wnacg.ru/photos-view-id-6257953.html
/web/20251006121311/https://www.wnacg.ru/photos-view-id-6257976.html
/web/20251006121309/https://www.wnacg.ru/photos-view-id-6257934.html
/web/20251006121332/https://www.wnacg.ru/photos-view-id-6257935.html
/web/20251006121341/https://www.wnacg.ru/photos-view-id-6257977.html
/web/20251006121405/https://www.wnacg.ru/download-index-aid-79747.html
/web/20251006121406/https://www.wnacg.ru/photos-view-id-6257975.html
/web/20251006121427/https://www.wnacg.ru/photos-view-id-6257999.html
/web/20251006121439/https://www.wnacg.ru/photos-view-id-6257991.html
/web/20251006121429/https://www.wnacg.ru/photos-view-id-6257945.html
/web/20251006121451/https://www.wnacg.ru/photos-view-id-6258000.html
/web/20251006121509/https://www.wnacg.ru/photos-view-id-6258057.html
/web/20251006121519/https://www.wnacg.ru/photos-view-id-6258029.html
/web/20251006121529/https://www.wnacg.ru/photos-view-id-6258028.html
/web/20251006121539/https://www.wnacg.ru/photos-view-id-6258039.html
/web/20251006121549/https://www.wnacg.ru/photos-view-id-6258030.html
/web/20251006121607/https://www.wnacg.ru/photos-view-id-6258058.html
/web/20251006121631/https://www.wnacg.ru/photos-view-id-6258001.html
/web/20251006121631/https://www.wnacg.ru/photos-index-page-1-aid-79747.html
/web/20251006121641/https://www.wnacg.ru/photos-view-id-6258002.html
/web/20251006121652/https://www.wnacg.ru/photos-view-id-6258020.html
/web/20251006121705/https://www.wnacg.ru/photos-view-id-6258027.html
/web/20251006121713/https://www.wnacg.ru/photos-view-id-6258031.html
/web/20251006121721/https://www.wnacg.ru/photos-view-id-6258059.html
/web/20251006121733/https://v1.wzip.download/down/0798/bff450a730a66dd9d50e77de7bbe01fc.zip?n=%5B%E6%97%A0%E6%AF%92%E6%B1%89%E5%8C%96%E7%BB%84%E6%89%B6%E6%AF%92%E5%88%86%E9%83%A8%5D%20(C88)%20%5B%E3%81%B5%E3%82%8B%E3%82%8B%E3%81%8D%E3%82%85%E3%81%B7%E3%82%8A%20(%E5%8C%97%E5%8E%9F%E3%82%A8%E3%82%A4%E3%82%B8)%5D%20%E6%B7%AB%E9%AD%94%E6%A0%B9%E3%83%8E%E8%B4%84
/web/20251006121803/https://v1.wzip.date/down/0798/bff450a730a66dd9d50e77de7bbe01fc.zip?n=%5B%E6%97%A0%E6%AF%92%E6%B1%89%E5%8C%96%E7%BB%84%E6%89%B6%E6%AF%92%E5%88%86%E9%83%A8%5D%20(C88)%20%5B%E3%81%B5%E3%82%8B%E3%82%8B%E3%81%8D%E3%82%85%E3%81%B7%E3%82%8A%20(%E5%8C%97%E5%8E%9F%E3%82%A8%E3%82%A4%E3%82%B8)%5D%20%E6%B7%AB%E9%AD%94%E6%A0%B9%E3%83%8E%E8%B4%84
