/web/20251005025326/https://www.wnacg.com/photos-index-aid-273342.html
/web/20251005025442/https://www.wnacg.com/photos-view-id-22441574.html
/web/20251005025454/https://www.wnacg.com/photos-view-id-22441587.html
/web/20251005025525/https://www.wnacg.com/photos-view-id-22441591.html
/web/20251005025543/https://www.wnacg.com/photos-view-id-22441576.html
/web/20251005025534/https://www.wnacg.com/photos-view-id-22441596.html
/web/20251005025619/https://www.wnacg.com/photos-view-id-22441590.html
/web/20251005025548/https://www.wnacg.com/photos-slide-aid-273342.html
/web/20251005025706/https://www.wnacg.com/download-index-aid-273342.html
/web/20251005025712/https://www.wnacg.com/photos-view-id-22441578.html
/web/20251005025744/https://www.wnacg.com/photos-index-page-3-aid-273342.html
/web/20251005025726/https://www.wnacg.com/photos-index-page-2-aid-273342.html
/web/20251005025812/https://www.wnacg.com/photos-view-id-22441595.html
/web/20251005025823/https://www.wnacg.com/photos-view-id-22441586.html
/web/20251005025928/https://www.wnacg.com/photos-view-id-22441581.html
/web/20251005025951/https://www.wnacg.com/photos-view-id-22441579.html
/web/20251005030003/https://www.wnacg.com/photos-view-id-22441592.html
/web/20251005030117/https://v1.wzip.date/down/2734/2bb1232f8671a6826143c0d3c037d3bc.zip?n=%5Brienia%5D%20MADU%20TIGA%EF%BC%9A%20%E6%A5%BD%E5%9C%92%E7%8D%84%20(%E5%9C%B0%E7%8D%84%E6%A5%BD)%20%5B%E7%88%B1%E6%92%95%E9%B8%A1%E8%86%9C%E6%B1%89%E5%8C%96%5D
/web/20251005030130/https://www.wnacg.com/photos-index-page-1-aid-273342.html
/web/20251005030118/https://v1.wzip.download/down/2734/2bb1232f8671a6826143c0d3c037d3bc.zip?n=%5Brienia%5D%20MADU%20TIGA%EF%BC%9A%20%E6%A5%BD%E5%9C%92%E7%8D%84%20(%E5%9C%B0%E7%8D%84%E6%A5%BD)%20%5B%E7%88%B1%E6%92%95%E9%B8%A1%E8%86%9C%E6%B1%89%E5%8C%96%5D
/web/20251005030217/https://www.wnacg.com/photos-view-id-22441589.html
/web/20251005030255/https://www.wnacg.com/photos-view-id-22441588.html
/web/20251005030227/https://www.wnacg.com/photos-view-id-22441598.html
/web/20251005030312/https://www.wnacg.com/photos-view-id-22441583.html
/web/20251005030339/https://www.wnacg.com/photos-view-id-22441593.html
/web/20251005030447/https://www.wnacg.com/photos-view-id-22441584.html
/web/20251005030450/https://www.wnacg.com/photos-view-id-22441575.html
/web/20251005030530/https://www.wnacg.com/photos-view-id-22441577.html
/web/20251005030602/https://www.wnacg.com/photos-view-id-22441580.html
/web/20251005030549/https://www.wnacg.com/photos-view-id-22441585.html
/web/20251005030535/https://www.wnacg.com/photos-view-id-22441582.html
/web/20251005030538/https://www.wnacg.com/photos-view-id-22441594.html
/web/20251005030618/https://www.wnacg.com/photos-view-id-22441597.html
