/web/20251005031529/https://www.wnacg.com/photos-index-aid-197665.html
/web/20251005032017/https://www.wnacg.com/photos-view-id-17143428.html
/web/20251005032010/https://www.wnacg.com/photos-index-page-2-aid-197665.html
/web/20251005031921/https://www.wnacg.com/photos-view-id-17143453.html
/web/20251005032047/https://www.wnacg.com/photos-view-id-17143442.html
/web/20251005031904/https://www.wnacg.com/photos-view-id-17143436.html
/web/20251005032148/https://www.wnacg.com/photos-index-page-3-aid-197665.html
/web/20251005032111/https://www.wnacg.com/photos-view-id-17143432.html
/web/20251005032108/https://www.wnacg.com/photos-view-id-17143435.html
/web/20251005031855/https://www.wnacg.com/photos-view-id-17143447.html
/web/20251005032229/https://www.wnacg.com/download-index-aid-197665.html
/web/20251005032300/https://www.wnacg.com/photos-view-id-17143454.html
/web/20251005031955/https://www.wnacg.com/photos-view-id-17143443.html
/web/20251005032306/https://www.wnacg.com/photos-view-id-17143456.html
/web/20251005032140/https://www.wnacg.com/photos-slide-aid-197665.html
/web/20251005032348/https://www.wnacg.com/photos-view-id-17143437.html
/web/20251005032327/https://www.wnacg.com/photos-view-id-17143446.html
/web/20251005032421/https://www.wnacg.com/photos-view-id-17143452.html
/web/20251005032417/https://www.wnacg.com/photos-view-id-17143430.html
/web/20251005032500/https://www.wnacg.com/photos-view-id-17143438.html
/web/20251005032543/https://www.wnacg.com/photos-view-id-17143441.html
/web/20251005032444/https://www.wnacg.com/photos-view-id-17143429.html
/web/20251005032416/https://www.wnacg.com/photos-view-id-17143450.html
/web/20251005032613/https://www.wnacg.com/photos-view-id-17143431.html
/web/20251005032554/https://www.wnacg.com/photos-view-id-17143449.html
/web/20251005032545/https://www.wnacg.com/photos-view-id-17143444.html
/web/20251005032646/https://www.wnacg.com/photos-view-id-17143440.html
/web/20251005032653/https://www.wnacg.com/photos-view-id-17143433.html
/web/20251005032716/https://www.wnacg.com/photos-index-page-1-aid-197665.html
/web/20251005032714/https://www.wnacg.com/photos-view-id-17143459.html
/web/20251005032750/https://www.wnacg.com/photos-view-id-17143458.html
/web/20251005032743/https://www.wnacg.com/photos-view-id-17143445.html
/web/20251005032825/https://www.wnacg.com/photos-view-id-17143448.html
/web/20251005032821/https://www.wnacg.com/photos-view-id-17143457.html
/web/20251005032847/https://v1.wzip.date/down/1977/bdd9434ac627caa4691c22901dfb9ec3.zip?n=%5B%E3%81%82%E3%81%BE%E3%81%8E%E3%82%83%E3%81%A3%E3%81%B1%20(%E3%81%82%E3%81%BE%E3%81%AD%E3%81%95%E3%82%93)%5D%20%E3%83%88%E3%82%A4%E3%83%AC%E3%81%AE%E5%9C%B0%E9%9B%B7%E3%81%A1%E3%82%83%E3%82%93%20%5B%E4%B8%AD%E5%9B%BD%E7%BF%BB%E8%A8%B3%5D
/web/20251005032821/https://www.wnacg.com/photos-view-id-17143427.html
/web/20251005032822/https://www.wnacg.com/photos-view-id-17143455.html
/web/20251005032849/https://v1.wzip.download/down/1977/bdd9434ac627caa4691c22901dfb9ec3.zip?n=%5B%E3%81%82%E3%81%BE%E3%81%8E%E3%82%83%E3%81%A3%E3%81%B1%20(%E3%81%82%E3%81%BE%E3%81%AD%E3%81%95%E3%82%93)%5D%20%E3%83%88%E3%82%A4%E3%83%AC%E3%81%AE%E5%9C%B0%E9%9B%B7%E3%81%A1%E3%82%83%E3%82%93%20%5B%E4%B8%AD%E5%9B%BD%E7%BF%BB%E8%A8%B3%5D
