https://www.wnacg.com/photos-index-aid-197665.html
https://www.wnacg.com/photos-view-id-17143428.html
https://www.wnacg.com/photos-index-page-2-aid-197665.html
https://www.wnacg.com/photos-view-id-17143453.html
https://www.wnacg.com/photos-view-id-17143442.html
https://www.wnacg.com/photos-view-id-17143436.html
https://www.wnacg.com/photos-index-page-3-aid-197665.html
https://www.wnacg.com/photos-view-id-17143432.html
https://www.wnacg.com/photos-view-id-17143435.html
https://www.wnacg.com/photos-view-id-17143447.html
https://www.wnacg.com/download-index-aid-197665.html
https://www.wnacg.com/photos-view-id-17143454.html
https://www.wnacg.com/photos-view-id-17143443.html
https://www.wnacg.com/photos-view-id-17143456.html
https://www.wnacg.com/photos-slide-aid-197665.html
https://www.wnacg.com/photos-view-id-17143437.html
https://www.wnacg.com/photos-view-id-17143446.html
https://www.wnacg.com/photos-view-id-17143452.html
https://www.wnacg.com/photos-view-id-17143430.html
https://www.wnacg.com/photos-view-id-17143438.html
https://www.wnacg.com/photos-view-id-17143441.html
https://www.wnacg.com/photos-view-id-17143429.html
https://www.wnacg.com/photos-view-id-17143450.html
https://www.wnacg.com/photos-view-id-17143431.html
https://www.wnacg.com/photos-view-id-17143449.html
https://www.wnacg.com/photos-view-id-17143444.html
https://www.wnacg.com/photos-view-id-17143440.html
https://www.wnacg.com/photos-view-id-17143433.html
https://www.wnacg.com/photos-index-page-1-aid-197665.html
https://www.wnacg.com/photos-view-id-17143459.html
https://www.wnacg.com/photos-view-id-17143458.html
https://www.wnacg.com/photos-view-id-17143445.html
https://www.wnacg.com/photos-view-id-17143448.html
https://www.wnacg.com/photos-view-id-17143457.html
https://v1.wzip.date/down/1977/bdd9434ac627caa4691c22901dfb9ec3.zip?n=[%E3%81%82%E3%81%BE%E3%81%8E%E3%82%83%E3%81%A3%E3%81%B1%20(%E3%81%82%E3%81%BE%E3%81%AD%E3%81%95%E3%82%93)]%20%E3%83%88%E3%82%A4%E3%83%AC%E3%81%AE%E5%9C%B0%E9%9B%B7%E3%81%A1%E3%82%83%E3%82%93%20[%E4%B8%AD%E5%9B%BD%E7%BF%BB%E8%A8%B3]
https://www.wnacg.com/photos-view-id-17143427.html
https://www.wnacg.com/photos-view-id-17143455.html
https://v1.wzip.download/down/1977/bdd9434ac627caa4691c22901dfb9ec3.zip?n=[%E3%81%82%E3%81%BE%E3%81%8E%E3%82%83%E3%81%A3%E3%81%B1%20(%E3%81%82%E3%81%BE%E3%81%AD%E3%81%95%E3%82%93)]%20%E3%83%88%E3%82%A4%E3%83%AC%E3%81%AE%E5%9C%B0%E9%9B%B7%E3%81%A1%E3%82%83%E3%82%93%20[%E4%B8%AD%E5%9B%BD%E7%BF%BB%E8%A8%B3]
