/web/20251006061942/https://www.wnacg.com/photos-index-aid-286117.html
/web/20251006062014/https://www.wnacg.com/photos-view-id-23597303.html
/web/20251006062112/https://www.wnacg.com/download-index-aid-286117.html
/web/20251006062113/https://www.wnacg.com/photos-view-id-23597292.html
/web/20251006062117/https://www.wnacg.com/photos-view-id-23597299.html
/web/20251006062146/https://www.wnacg.com/photos-view-id-23597291.html
/web/20251006062131/https://www.wnacg.com/photos-view-id-23597298.html
/web/20251006062323/https://www.wnacg.com/photos-view-id-23597297.html
/web/20251006062256/https://www.wnacg.com/photos-view-id-23597296.html
/web/20251006062241/https://www.wnacg.com/photos-index-page-4-aid-286117.html
/web/20251006062401/https://www.wnacg.com/photos-view-id-23597294.html
/web/20251006062346/https://www.wnacg.com/photos-index-page-5-aid-286117.html
/web/20251006062427/https://www.wnacg.com/photos-view-id-23597301.html
/web/20251006062450/https://www.wnacg.com/photos-index-page-2-aid-286117.html
/web/20251006062511/https://www.wnacg.com/photos-view-id-23597295.html
/web/20251006062513/https://www.wnacg.com/photos-index-page-3-aid-286117.html
/web/20251006062543/https://www.wnacg.com/photos-view-id-23597305.html
/web/20251006062551/https://v1.wzip.download/down/2862/70443761d07135a3b60569f92b2cc0d1.zip?n=%5B%E3%82%82%E3%81%A1%E3%82%93%E3%81%A1%20(%E3%82%82)%5D%20%E9%81%B8%E6%8A%9E%E6%95%99%E8%8F%AF&%E4%BA%8C%E6%99%82%E9%99%90%E7%9B%AE%20%5BDL%E7%89%88%5D%5B%E4%B8%AD%E5%9B%BD%E7%BF%BB%E8%A8%B3%5D%5B%E7%96%8F%E7%A2%BC%5D
/web/20251006062607/https://v1.wzip.date/down/2862/70443761d07135a3b60569f92b2cc0d1.zip?n=%5B%E3%82%82%E3%81%A1%E3%82%93%E3%81%A1%20(%E3%82%82)%5D%20%E9%81%B8%E6%8A%9E%E6%95%99%E8%8F%AF&%E4%BA%8C%E6%99%82%E9%99%90%E7%9B%AE%20%5BDL%E7%89%88%5D%5B%E4%B8%AD%E5%9B%BD%E7%BF%BB%E8%A8%B3%5D%5B%E7%96%8F%E7%A2%BC%5D
/web/20251006062623/https://www.wnacg.com/photos-view-id-23597300.html
/web/20251006062642/https://www.wnacg.com/photos-view-id-23597369.html
/web/20251006062742/https://www.wnacg.com/photos-view-id-23597293.html
/web/20251006062653/https://www.wnacg.com/photos-view-id-23597418.html
/web/20251006062706/https://www.wnacg.com/photos-slide-aid-286117.html
/web/20251006062727/https://www.wnacg.com/photos-view-id-23597368.html
/web/20251006062740/https://www.wnacg.com/photos-view-id-23597365.html
/web/20251006062759/https://www.wnacg.com/photos-index-page-6-aid-286117.html
/web/20251006062857/https://www.wnacg.com/photos-index-page-1-aid-286117.html
/web/20251006062909/https://www.wnacg.com/photos-view-id-23597364.html
/web/20251006062906/https://www.wnacg.com/photos-view-id-23597366.html
/web/20251006062919/https://www.wnacg.com/photos-view-id-23597363.html
/web/20251006062855/https://www.wnacg.com/photos-view-id-23597358.html
/web/20251006063004/https://www.wnacg.com/photos-view-id-23597360.html
/web/20251006063020/https://www.wnacg.com/photos-view-id-23597356.html
/web/20251006063053/https://www.wnacg.com/photos-index-page-7-aid-286117.html
/web/20251006063105/https://www.wnacg.com/photos-view-id-23597370.html
/web/20251006063103/https://www.wnacg.com/photos-view-id-23597388.html
/web/20251006063129/https://www.wnacg.com/photos-view-id-23597367.html
/web/20251006063223/https://www.wnacg.com/photos-view-id-23597400.html
/web/20251006063233/https://www.wnacg.com/photos-view-id-23597397.html
/web/20251006063318/https://www.wnacg.com/photos-view-id-23597396.html
/web/20251006063217/https://www.wnacg.com/photos-view-id-23597307.html
/web/20251006063259/https://www.wnacg.com/photos-view-id-23597416.html
/web/20251006063350/https://www.wnacg.com/photos-view-id-23597395.html
/web/20251006063329/https://www.wnacg.com/photos-view-id-23597393.html
/web/20251006063428/https://www.wnacg.com/photos-view-id-23597394.html
/web/20251006063417/https://www.wnacg.com/photos-view-id-23597372.html
/web/20251006063428/https://www.wnacg.com/photos-view-id-23597402.html
/web/20251006063419/https://www.wnacg.com/photos-view-id-23597374.html
/web/20251006063457/https://www.wnacg.com/photos-view-id-23597381.html
/web/20251006063507/https://www.wnacg.com/photos-view-id-23597383.html
/web/20251006063512/https://www.wnacg.com/photos-view-id-23597401.html
/web/20251006063537/https://www.wnacg.com/photos-view-id-23597386.html
/web/20251006063559/https://www.wnacg.com/photos-view-id-23597377.html
/web/20251006063651/https://www.wnacg.com/photos-view-id-23597409.html
/web/20251006063635/https://www.wnacg.com/photos-view-id-23597415.html
/web/20251006063700/https://www.wnacg.com/photos-view-id-23597404.html
/web/20251006063707/https://www.wnacg.com/photos-view-id-23597411.html
/web/20251006063707/https://www.wnacg.com/photos-view-id-23597407.html
/web/20251006063735/https://www.wnacg.com/photos-view-id-23597371.html
/web/20251006063739/https://www.wnacg.com/photos-view-id-23597405.html
/web/20251006063738/https://www.wnacg.com/photos-view-id-23597413.html
/web/20251006063828/https://www.wnacg.com/photos-view-id-23597403.html
/web/20251006063821/https://www.wnacg.com/photos-view-id-23597392.html
/web/20251006063847/https://www.wnacg.com/photos-view-id-23597379.html
/web/20251006063837/https://www.wnacg.com/photos-view-id-23597375.html
/web/20251006063835/https://www.wnacg.com/photos-view-id-23597399.html
/web/20251006063929/https://www.wnacg.com/photos-view-id-23597390.html
/web/20251006063919/https://www.wnacg.com/photos-view-id-23597385.html
/web/20251006063939/https://www.wnacg.com/photos-view-id-23597314.html
/web/20251006063949/https://www.wnacg.com/photos-view-id-23597316.html
/web/20251006063958/https://www.wnacg.com/photos-view-id-23597373.html
/web/20251006064021/https://www.wnacg.com/photos-view-id-23597318.html
/web/20251006064103/https://www.wnacg.com/photos-view-id-23597320.html
/web/20251006064101/https://www.wnacg.com/photos-view-id-23597323.html
/web/20251006064111/https://www.wnacg.com/photos-view-id-23597310.html
/web/20251006064143/https://www.wnacg.com/photos-view-id-23597312.html
/web/20251006064133/https://www.wnacg.com/photos-view-id-23597327.html
/web/20251006064136/https://www.wnacg.com/photos-view-id-23597348.html
/web/20251006064228/https://www.wnacg.com/photos-view-id-23597352.html
/web/20251006064309/https://www.wnacg.com/photos-view-id-23597341.html
/web/20251006064323/https://www.wnacg.com/photos-view-id-23597354.html
/web/20251006064348/https://www.wnacg.com/photos-view-id-23597333.html
/web/20251006064355/https://www.wnacg.com/photos-view-id-23597345.html
/web/20251006064401/https://www.wnacg.com/photos-view-id-23597335.html
/web/20251006064520/https://www.wnacg.com/photos-view-id-23597331.html
/web/20251006064615/https://www.wnacg.com/photos-view-id-23597350.html
/web/20251006064707/https://www.wnacg.com/photos-view-id-23597325.html
/web/20251006064707/https://www.wnacg.com/photos-view-id-23597329.html
/web/20251006064625/https://www.wnacg.com/photos-view-id-23597343.html
/web/20251006064724/https://www.wnacg.com/photos-view-id-23597339.html
/web/20251006064922/https://www.wnacg.com/photos-view-id-23597337.html
