/web/20251006122341/https://www.wnacg.ru/photos-index-aid-49685.html
/web/20251006122358/https://www.wnacg.ru/photos-index-page-2-aid-49685.html
/web/20251006122422/https://www.wnacg.ru/download-index-aid-49685.html
/web/20251006122429/https://www.wnacg.ru/photos-view-id-3958732.html
/web/20251006122438/https://www.wnacg.ru/photos-view-id-3958757.html
/web/20251006122459/https://www.wnacg.ru/photos-view-id-3958759.html
/web/20251006122529/https://www.wnacg.ru/photos-view-id-3958758.html
/web/20251006122532/https://www.wnacg.ru/photos-view-id-3958754.html
/web/20251006122552/https://www.wnacg.ru/photos-view-id-3958731.html
/web/20251006122551/https://www.wnacg.ru/photos-view-id-3958753.html
/web/20251006122600/https://www.wnacg.ru/photos-slide-aid-49685.html
/web/20251006122610/https://www.wnacg.ru/photos-view-id-3958752.html
/web/20251006122624/https://www.wnacg.ru/photos-view-id-3958756.html
/web/20251006122651/https://www.wnacg.ru/photos-view-id-3958760.html
/web/20251006122653/https://www.wnacg.ru/photos-index-page-3-aid-49685.html
/web/20251006122712/https://www.wnacg.ru/photos-view-id-3958755.html
/web/20251006122702/https://www.wnacg.ru/photos-view-id-3958751.html
/web/20251006122844/https://www.wnacg.ru/photos-view-id-3958733.html
/web/20251006122855/https://www.wnacg.ru/photos-view-id-3958744.html
/web/20251006122914/https://www.wnacg.ru/photos-view-id-3958735.html
/web/20251006122934/https://www.wnacg.ru/photos-view-id-3958738.html
/web/20251006122924/https://www.wnacg.ru/photos-view-id-3958740.html
/web/20251006122947/https://www.wnacg.ru/photos-view-id-3958743.html
/web/20251006123106/https://www.wnacg.ru/photos-index-page-1-aid-49685.html
/web/20251006123113/https://www.wnacg.ru/photos-view-id-3958741.html
/web/20251006123130/https://www.wnacg.ru/photos-view-id-3958737.html
/web/20251006123149/https://www.wnacg.ru/photos-view-id-3958734.html
/web/20251006123148/https://v1.wzip.download/down/0497/f6e9f9647eda0c2076753e7afeb91154.zip?n=(COMIC1%E2%98%8611)%20%5BKAMINENDO.CORP%20(%E3%81%82%E3%81%8B%E3%81%96%E3%82%8FRED)%5D%20%E3%81%BE%E3%81%93%E3%81%A8%E3%81%AB%20%E3%81%96%E3%82%93%E3%81%AD%E3%82%93%E3%81%A7%E3%81%99%E3%81%8C%20%E3%81%BC%E3%81%86%E3%81%91%E3%82%93%E3%81%AE%E3%81%97%E3%82%871%E3%81%AF%E6%B6%88%E3%81%88%E3%81%A6%E3%81%97%E3%81%BE%E3%81%84%E3%81%BE%E3%81%97%E3%81%9F%E3%80%82
/web/20251006123116/https://www.wnacg.ru/photos-view-id-3958736.html
/web/20251006123126/https://www.wnacg.ru/photos-view-id-3958739.html
/web/20251006123153/https://www.wnacg.ru/photos-view-id-3958742.html
/web/20251006123222/https://www.wnacg.ru/photos-view-id-3958745.html
/web/20251006123218/https://v1.wzip.date/down/0497/f6e9f9647eda0c2076753e7afeb91154.zip?n=(COMIC1%E2%98%8611)%20%5BKAMINENDO.CORP%20(%E3%81%82%E3%81%8B%E3%81%96%E3%82%8FRED)%5D%20%E3%81%BE%E3%81%93%E3%81%A8%E3%81%AB%20%E3%81%96%E3%82%93%E3%81%AD%E3%82%93%E3%81%A7%E3%81%99%E3%81%8C%20%E3%81%BC%E3%81%86%E3%81%91%E3%82%93%E3%81%AE%E3%81%97%E3%82%871%E3%81%AF%E6%B6%88%E3%81%88%E3%81%A6%E3%81%97%E3%81%BE%E3%81%84%E3%81%BE%E3%81%97%E3%81%9F%E3%80%82
/web/20251006123235/https://www.wnacg.ru/photos-view-id-3958746.html
/web/20251006123303/https://www.wnacg.ru/photos-view-id-3958749.html
/web/20251006123326/https://www.wnacg.ru/photos-view-id-3958748.html
/web/20251006123313/https://www.wnacg.ru/photos-view-id-3958747.html
/web/20251006123415/https://www.wnacg.ru/photos-view-id-3958750.html
