https://www.wnacg.ru/photos-index-aid-49685.html
https://www.wnacg.ru/photos-index-page-2-aid-49685.html
https://www.wnacg.ru/download-index-aid-49685.html
https://www.wnacg.ru/photos-view-id-3958732.html
https://www.wnacg.ru/photos-view-id-3958757.html
https://www.wnacg.ru/photos-view-id-3958759.html
https://www.wnacg.ru/photos-view-id-3958758.html
https://www.wnacg.ru/photos-view-id-3958754.html
https://www.wnacg.ru/photos-view-id-3958731.html
https://www.wnacg.ru/photos-view-id-3958753.html
https://www.wnacg.ru/photos-slide-aid-49685.html
https://www.wnacg.ru/photos-view-id-3958752.html
https://www.wnacg.ru/photos-view-id-3958756.html
https://www.wnacg.ru/photos-view-id-3958760.html
https://www.wnacg.ru/photos-index-page-3-aid-49685.html
https://www.wnacg.ru/photos-view-id-3958755.html
https://www.wnacg.ru/photos-view-id-3958751.html
https://www.wnacg.ru/photos-view-id-3958733.html
https://www.wnacg.ru/photos-view-id-3958744.html
https://www.wnacg.ru/photos-view-id-3958735.html
https://www.wnacg.ru/photos-view-id-3958738.html
https://www.wnacg.ru/photos-view-id-3958740.html
https://www.wnacg.ru/photos-view-id-3958743.html
https://www.wnacg.ru/photos-index-page-1-aid-49685.html
https://www.wnacg.ru/photos-view-id-3958741.html
https://www.wnacg.ru/photos-view-id-3958737.html
https://www.wnacg.ru/photos-view-id-3958734.html
https://v1.wzip.download/down/0497/f6e9f9647eda0c2076753e7afeb91154.zip?n=(COMIC1%E2%98%8611)%20[KAMINENDO.CORP%20(%E3%81%82%E3%81%8B%E3%81%96%E3%82%8FRED)]%20%E3%81%BE%E3%81%93%E3%81%A8%E3%81%AB%20%E3%81%96%E3%82%93%E3%81%AD%E3%82%93%E3%81%A7%E3%81%99%E3%81%8C%20%E3%81%BC%E3%81%86%E3%81%91%E3%82%93%E3%81%AE%E3%81%97%E3%82%871%E3%81%AF%E6%B6%88%E3%81%88%E3%81%A6%E3%81%97%E3%81%BE%E3%81%84%E3%81%BE%E3%81%97%E3%81%9F%E3%80%82
https://www.wnacg.ru/photos-view-id-3958736.html
https://www.wnacg.ru/photos-view-id-3958739.html
https://www.wnacg.ru/photos-view-id-3958742.html
https://www.wnacg.ru/photos-view-id-3958745.html
https://v1.wzip.date/down/0497/f6e9f9647eda0c2076753e7afeb91154.zip?n=(COMIC1%E2%98%8611)%20[KAMINENDO.CORP%20(%E3%81%82%E3%81%8B%E3%81%96%E3%82%8FRED)]%20%E3%81%BE%E3%81%93%E3%81%A8%E3%81%AB%20%E3%81%96%E3%82%93%E3%81%AD%E3%82%93%E3%81%A7%E3%81%99%E3%81%8C%20%E3%81%BC%E3%81%86%E3%81%91%E3%82%93%E3%81%AE%E3%81%97%E3%82%871%E3%81%AF%E6%B6%88%E3%81%88%E3%81%A6%E3%81%97%E3%81%BE%E3%81%84%E3%81%BE%E3%81%97%E3%81%9F%E3%80%82
https://www.wnacg.ru/photos-view-id-3958746.html
https://www.wnacg.ru/photos-view-id-3958749.html
https://www.wnacg.ru/photos-view-id-3958748.html
https://www.wnacg.ru/photos-view-id-3958747.html
https://www.wnacg.ru/photos-view-id-3958750.html
