/web/20251006073159/https://www.wnacg.com/photos-index-aid-298815.html
/web/20251006073324/https://www.wnacg.com/photos-view-id-24789703.html
/web/20251006073331/https://www.wnacg.com/photos-view-id-24789698.html
/web/20251006073417/https://www.wnacg.com/download-index-aid-298815.html
/web/20251006073414/https://www.wnacg.com/photos-view-id-24789709.html
/web/20251006073414/https://www.wnacg.com/photos-index-page-5-aid-298815.html
/web/20251006073453/https://www.wnacg.com/photos-view-id-24789708.html
/web/20251006073532/https://www.wnacg.com/photos-view-id-24789706.html
/web/20251006073542/https://www.wnacg.com/photos-view-id-24789702.html
/web/20251006073612/https://www.wnacg.com/photos-view-id-24789700.html
/web/20251006073559/https://www.wnacg.com/photos-view-id-24789704.html
/web/20251006073718/https://www.wnacg.com/photos-view-id-24789705.html
/web/20251006073747/https://www.wnacg.com/photos-view-id-24789707.html
/web/20251006073740/https://www.wnacg.com/photos-view-id-24789699.html
/web/20251006073722/https://www.wnacg.com/photos-slide-aid-298815.html
/web/20251006073744/https://www.wnacg.com/photos-index-page-2-aid-298815.html
/web/20251006073746/https://www.wnacg.com/photos-index-page-4-aid-298815.html
/web/20251006073834/https://v1.wzip.download/down/2989/a811a3519c2f8de25eef1898c8c16391.zip?n=%5B%E7%8C%BF%E7%8C%B4%5D%20%E6%90%BE%E7%B2%BE%E6%8B%85%E5%BD%93%E3%81%8A%E5%A7%89%E3%81%95%E3%82%932%20%5B%E5%A4%9C%E5%AE%88%E4%B8%AA%E4%BA%BA%E6%B1%89%E5%8C%96%5D
/web/20251006073900/https://v1.wzip.date/down/2989/a811a3519c2f8de25eef1898c8c16391.zip?n=%5B%E7%8C%BF%E7%8C%B4%5D%20%E6%90%BE%E7%B2%BE%E6%8B%85%E5%BD%93%E3%81%8A%E5%A7%89%E3%81%95%E3%82%932%20%5B%E5%A4%9C%E5%AE%88%E4%B8%AA%E4%BA%BA%E6%B1%89%E5%8C%96%5D
/web/20251006073949/https://www.wnacg.com/photos-view-id-24789764.html
/web/20251006074005/https://www.wnacg.com/photos-index-page-6-aid-298815.html
/web/20251006074023/https://www.wnacg.com/photos-view-id-24789710.html
/web/20251006074000/https://www.wnacg.com/photos-view-id-24789751.html
/web/20251006074100/https://www.wnacg.com/photos-view-id-24789749.html
/web/20251006074100/https://www.wnacg.com/photos-index-page-1-aid-298815.html
/web/20251006074149/https://www.wnacg.com/photos-index-page-3-aid-298815.html
/web/20251006074201/https://www.wnacg.com/photos-view-id-24789756.html
/web/20251006074204/https://www.wnacg.com/photos-view-id-24789755.html
/web/20251006074216/https://www.wnacg.com/photos-view-id-24789750.html
/web/20251006074305/https://www.wnacg.com/photos-view-id-24789747.html
/web/20251006074235/https://www.wnacg.com/photos-view-id-24789757.html
/web/20251006074254/https://www.wnacg.com/photos-view-id-24789746.html
/web/20251006074415/https://www.wnacg.com/photos-view-id-24789752.html
/web/20251006074440/https://www.wnacg.com/photos-view-id-24789754.html
/web/20251006074501/https://www.wnacg.com/photos-view-id-24789701.html
/web/20251006074555/https://www.wnacg.com/photos-view-id-24789712.html
/web/20251006074632/https://www.wnacg.com/photos-view-id-24789715.html
/web/20251006074636/https://www.wnacg.com/photos-view-id-24789720.html
/web/20251006074646/https://www.wnacg.com/photos-view-id-24789719.html
/web/20251006074546/https://www.wnacg.com/photos-view-id-24789711.html
/web/20251006074700/https://www.wnacg.com/photos-view-id-24789721.html
/web/20251006074658/https://www.wnacg.com/photos-view-id-24789739.html
/web/20251006074801/https://www.wnacg.com/photos-view-id-24789737.html
/web/20251006074830/https://www.wnacg.com/photos-view-id-24789740.html
/web/20251006074805/https://www.wnacg.com/photos-view-id-24789718.html
/web/20251006074854/https://www.wnacg.com/photos-view-id-24789736.html
/web/20251006074921/https://www.wnacg.com/photos-view-id-24789741.html
/web/20251006074919/https://www.wnacg.com/photos-view-id-24789735.html
/web/20251006074945/https://www.wnacg.com/photos-view-id-24789763.html
/web/20251006075004/https://www.wnacg.com/photos-view-id-24789742.html
/web/20251006075033/https://www.wnacg.com/photos-view-id-24789743.html
/web/20251006075053/https://www.wnacg.com/photos-view-id-24789714.html
/web/20251006075147/https://www.wnacg.com/photos-view-id-24789762.html
/web/20251006075136/https://www.wnacg.com/photos-view-id-24789717.html
/web/20251006075156/https://www.wnacg.com/photos-view-id-24789713.html
/web/20251006075204/https://www.wnacg.com/photos-view-id-24789716.html
/web/20251006075049/https://www.wnacg.com/photos-view-id-24789745.html
/web/20251006075242/https://www.wnacg.com/photos-view-id-24789760.html
/web/20251006075247/https://www.wnacg.com/photos-view-id-24789738.html
/web/20251006075322/https://www.wnacg.com/photos-view-id-24789761.html
/web/20251006075326/https://www.wnacg.com/photos-view-id-24789734.html
/web/20251006075358/https://www.wnacg.com/photos-view-id-24789722.html
/web/20251006075428/https://www.wnacg.com/photos-view-id-24789758.html
/web/20251006075429/https://www.wnacg.com/photos-view-id-24789724.html
/web/20251006075506/https://www.wnacg.com/photos-view-id-24789730.html
/web/20251006075512/https://www.wnacg.com/photos-view-id-24789725.html
/web/20251006075455/https://www.wnacg.com/photos-view-id-24789748.html
/web/20251006075539/https://www.wnacg.com/photos-view-id-24789759.html
/web/20251006075540/https://www.wnacg.com/photos-view-id-24789729.html
/web/20251006075608/https://www.wnacg.com/photos-view-id-24789728.html
/web/20251006075644/https://www.wnacg.com/photos-view-id-24789732.html
/web/20251006075657/https://www.wnacg.com/photos-view-id-24789744.html
/web/20251006075714/https://www.wnacg.com/photos-view-id-24789723.html
/web/20251006075728/https://www.wnacg.com/photos-view-id-24789727.html
/web/20251006075733/https://www.wnacg.com/photos-view-id-24789733.html
/web/20251006075756/https://www.wnacg.com/photos-view-id-24789726.html
/web/20251006075756/https://www.wnacg.com/photos-view-id-24789731.html
/web/20251006075757/https://www.wnacg.com/photos-view-id-24789753.html
