/web/20251005094306/https://www.wnacg.com/photos-index-aid-264546.html
/web/20251005094330/https://www.wnacg.com/photos-view-id-21797802.html
/web/20251005094337/https://www.wnacg.com/photos-index-page-4-aid-264546.html
/web/20251005094344/https://www.wnacg.com/photos-index-page-5-aid-264546.html
/web/20251005094427/https://www.wnacg.com/photos-index-page-2-aid-264546.html
/web/20251005094429/https://www.wnacg.com/photos-view-id-21797815.html
/web/20251005094506/https://www.wnacg.com/photos-view-id-21797757.html
/web/20251005094450/https://www.wnacg.com/photos-slide-aid-264546.html
/web/20251005094435/https://www.wnacg.com/photos-view-id-21797749.html
/web/20251005094527/https://www.wnacg.com/photos-view-id-21797814.html
/web/20251005094442/https://www.wnacg.com/photos-view-id-21797676.html
/web/20251005094549/https://www.wnacg.com/photos-view-id-21797712.html
/web/20251005094550/https://www.wnacg.com/photos-view-id-21797788.html
/web/20251005094604/https://www.wnacg.com/photos-index-page-16-aid-264546.html
/web/20251005094646/https://www.wnacg.com/photos-index-page-3-aid-264546.html
/web/20251005094653/https://www.wnacg.com/photos-view-id-21797776.html
/web/20251005094646/https://www.wnacg.com/photos-view-id-21797655.html
/web/20251005094717/https://www.wnacg.com/photos-view-id-21797754.html
/web/20251005094639/https://www.wnacg.com/photos-view-id-21797779.html
/web/20251005095034/https://www.wnacg.com/photos-view-id-21797809.html
/web/20251005095041/https://www.wnacg.com/photos-view-id-21797807.html
/web/20251005095033/https://www.wnacg.com/photos-view-id-21797656.html
/web/20251005095048/https://www.wnacg.com/photos-view-id-21797812.html
/web/20251005095125/https://www.wnacg.com/photos-view-id-21797834.html
/web/20251005095125/https://www.wnacg.com/photos-view-id-21797770.html
/web/20251005095103/https://www.wnacg.com/photos-view-id-21797673.html
/web/20251005095145/https://www.wnacg.com/photos-index-page-6-aid-264546.html
/web/20251005095200/https://www.wnacg.com/photos-index-page-1-aid-264546.html
/web/20251005095220/https://www.wnacg.com/photos-index-page-7-aid-264546.html
/web/20251005095234/https://www.wnacg.com/photos-view-id-21797796.html
/web/20251005095227/https://www.wnacg.com/photos-view-id-21797684.html
/web/20251005095213/https://www.wnacg.com/photos-view-id-21797728.html
/web/20251005095206/https://www.wnacg.com/photos-view-id-21797830.html
/web/20251005095306/https://www.wnacg.com/photos-view-id-21797685.html
/web/20251005095322/https://www.wnacg.com/photos-view-id-21797769.html
/web/20251005095329/https://www.wnacg.com/photos-view-id-21797686.html
/web/20251005095309/https://www.wnacg.com/photos-index-page-8-aid-264546.html
/web/20251005095316/https://www.wnacg.com/photos-view-id-21797783.html
/web/20251005095412/https://www.wnacg.com/photos-view-id-21797827.html
/web/20251005095414/https://www.wnacg.com/photos-view-id-21797747.html
/web/20251005095421/https://www.wnacg.com/photos-view-id-21797687.html
/web/20251005095434/https://www.wnacg.com/photos-view-id-21797702.html
/web/20251005095428/https://www.wnacg.com/photos-index-page-9-aid-264546.html
/web/20251005095020/https://www.wnacg.com/download-index-aid-264546.html
/web/20251005095529/https://www.wnacg.com/photos-view-id-21797720.html
/web/20251005095538/https://www.wnacg.com/photos-view-id-21797715.html
/web/20251005095552/https://www.wnacg.com/photos-view-id-21797794.html
/web/20251005095545/https://www.wnacg.com/photos-view-id-21797657.html
/web/20251005095606/https://www.wnacg.com/photos-view-id-21797793.html
/web/20251005095559/https://www.wnacg.com/photos-view-id-21797787.html
/web/20251005095633/https://www.wnacg.com/photos-view-id-21797760.html
/web/20251005095641/https://www.wnacg.com/photos-view-id-21797658.html
/web/20251005095648/https://www.wnacg.com/photos-view-id-21797744.html
/web/20251005095634/https://www.wnacg.com/photos-view-id-21797665.html
/web/20251005095721/https://www.wnacg.com/photos-view-id-21797752.html
/web/20251005095736/https://www.wnacg.com/photos-view-id-21797700.html
/web/20251005095722/https://www.wnacg.com/photos-view-id-21797717.html
/web/20251005095731/https://www.wnacg.com/photos-view-id-21797681.html
/web/20251005095743/https://www.wnacg.com/photos-index-page-11-aid-264546.html
/web/20251005095803/https://www.wnacg.com/photos-view-id-21797738.html
/web/20251005095840/https://www.wnacg.com/photos-view-id-21797733.html
/web/20251005095833/https://www.wnacg.com/photos-view-id-21797746.html
/web/20251005095825/https://www.wnacg.com/photos-view-id-21797671.html
/web/20251005095832/https://www.wnacg.com/photos-view-id-21797810.html
/web/20251005095915/https://www.wnacg.com/photos-view-id-21797805.html
/web/20251005095935/https://www.wnacg.com/photos-view-id-21797721.html
/web/20251005095921/https://www.wnacg.com/photos-view-id-21797683.html
/web/20251005095943/https://www.wnacg.com/photos-view-id-21797839.html
/web/20251005100014/https://www.wnacg.com/photos-view-id-21797725.html
/web/20251005095935/https://www.wnacg.com/photos-view-id-21797698.html
/web/20251005100003/https://www.wnacg.com/photos-index-page-10-aid-264546.html
/web/20251005100141/https://www.wnacg.com/photos-view-id-21797791.html
/web/20251005100202/https://www.wnacg.com/photos-view-id-21797751.html
/web/20251005100156/https://www.wnacg.com/photos-view-id-21797680.html
/web/20251005100141/https://www.wnacg.com/photos-view-id-21797693.html
/web/20251005100249/https://www.wnacg.com/photos-view-id-21797694.html
/web/20251005100327/https://www.wnacg.com/photos-view-id-21797777.html
/web/20251005100332/https://www.wnacg.com/photos-view-id-21797729.html
/web/20251005100327/https://www.wnacg.com/photos-view-id-21797722.html
/web/20251005100332/https://www.wnacg.com/photos-view-id-21797823.html
/web/20251005100358/https://www.wnacg.com/photos-view-id-21797768.html
/web/20251005100455/https://www.wnacg.com/photos-view-id-21797798.html
/web/20251005100521/https://www.wnacg.com/photos-view-id-21797786.html
/web/20251005100626/https://www.wnacg.com/photos-view-id-21797689.html
/web/20251005100559/https://www.wnacg.com/photos-view-id-21797799.html
/web/20251005100628/https://www.wnacg.com/photos-view-id-21797832.html
/web/20251005100552/https://www.wnacg.com/photos-view-id-21797748.html
/web/20251005100714/https://www.wnacg.com/photos-view-id-21797672.html
/web/20251005100635/https://www.wnacg.com/photos-view-id-21797817.html
/web/20251005100736/https://www.wnacg.com/photos-view-id-21797678.html
/web/20251005100759/https://www.wnacg.com/photos-view-id-21797756.html
/web/20251005100805/https://v1.wzip.download/down/2646/693c7ee84e9b3268f6826cce69b88484.zip?n=%5B%E3%82%82%E3%81%A1%E3%81%95%E3%81%8B%E3%81%BF%E3%81%A4%E3%81%8D%5D%20%E3%81%8A%E5%A7%89%E3%81%A1%E3%82%83%E3%82%93%E3%81%9F%E3%81%A1%E3%81%AF%E3%82%B7%E3%83%A7%E3%82%BF%E3%81%A3%E5%AD%90%E3%81%AB%E5%A4%A2%E4%B8%AD%20%EF%BD%9E%E3%81%93%E3%82%93%E3%81%AA%E5%83%95%E3%81%A7%E5%A4%A7%E4%B8%88%E5%A4%AB%E3%81%8B%E3%81%AA!%EF%BC%9F%EF%BD%9E%20%5BDL%E7%89%88%5D
/web/20251005100805/https://www.wnacg.com/photos-view-id-21797822.html
/web/20251005100832/https://v1.wzip.date/down/2646/693c7ee84e9b3268f6826cce69b88484.zip?n=%5B%E3%82%82%E3%81%A1%E3%81%95%E3%81%8B%E3%81%BF%E3%81%A4%E3%81%8D%5D%20%E3%81%8A%E5%A7%89%E3%81%A1%E3%82%83%E3%82%93%E3%81%9F%E3%81%A1%E3%81%AF%E3%82%B7%E3%83%A7%E3%82%BF%E3%81%A3%E5%AD%90%E3%81%AB%E5%A4%A2%E4%B8%AD%20%EF%BD%9E%E3%81%93%E3%82%93%E3%81%AA%E5%83%95%E3%81%A7%E5%A4%A7%E4%B8%88%E5%A4%AB%E3%81%8B%E3%81%AA!%EF%BC%9F%EF%BD%9E%20%5BDL%E7%89%88%5D
/web/20251005100915/https://www.wnacg.com/photos-view-id-21797825.html
/web/20251005100958/https://www.wnacg.com/photos-view-id-21797838.html
/web/20251005100924/https://www.wnacg.com/photos-view-id-21797697.html
/web/20251005100953/https://www.wnacg.com/photos-view-id-21797682.html
/web/20251005100917/https://www.wnacg.com/photos-view-id-21797707.html
/web/20251005101103/https://www.wnacg.com/photos-view-id-21797710.html
/web/20251005101036/https://www.wnacg.com/photos-view-id-21797666.html
/web/20251005101113/https://www.wnacg.com/photos-view-id-21797803.html
/web/20251005101029/https://www.wnacg.com/photos-view-id-21797820.html
/web/20251005101132/https://www.wnacg.com/photos-view-id-21797718.html
/web/20251005101140/https://www.wnacg.com/photos-view-id-21797759.html
/web/20251005101215/https://www.wnacg.com/photos-view-id-21797705.html
/web/20251005101148/https://www.wnacg.com/photos-view-id-21797709.html
/web/20251005101237/https://www.wnacg.com/photos-view-id-21797763.html
/web/20251005101301/https://www.wnacg.com/photos-view-id-21797660.html
/web/20251005101247/https://www.wnacg.com/photos-view-id-21797781.html
/web/20251005101253/https://www.wnacg.com/photos-view-id-21797667.html
/web/20251005101348/https://www.wnacg.com/photos-view-id-21797719.html
/web/20251005101431/https://www.wnacg.com/photos-view-id-21797670.html
/web/20251005101403/https://www.wnacg.com/photos-view-id-21797704.html
/web/20251005101452/https://www.wnacg.com/photos-view-id-21797716.html
/web/20251005101356/https://www.wnacg.com/photos-view-id-21797668.html
/web/20251005101349/https://www.wnacg.com/photos-view-id-21797780.html
/web/20251005101508/https://www.wnacg.com/photos-view-id-21797785.html
/web/20251005101542/https://www.wnacg.com/photos-view-id-21797750.html
/web/20251005101515/https://www.wnacg.com/photos-view-id-21797714.html
/web/20251005101605/https://www.wnacg.com/photos-view-id-21797818.html
/web/20251005101647/https://www.wnacg.com/photos-view-id-21797653.html
/web/20251005101604/https://www.wnacg.com/photos-view-id-21797771.html
/web/20251005101612/https://www.wnacg.com/photos-view-id-21797824.html
/web/20251005101621/https://www.wnacg.com/photos-view-id-21797663.html
/web/20251005101720/https://www.wnacg.com/photos-view-id-21797766.html
/web/20251005101801/https://www.wnacg.com/photos-view-id-21797659.html
/web/20251005101734/https://www.wnacg.com/photos-view-id-21797762.html
/web/20251005101802/https://www.wnacg.com/photos-view-id-21797782.html
/web/20251005101726/https://www.wnacg.com/photos-view-id-21797797.html
/web/20251005101833/https://www.wnacg.com/photos-view-id-21797743.html
/web/20251005101915/https://www.wnacg.com/photos-view-id-21797677.html
/web/20251005101848/https://www.wnacg.com/photos-view-id-21797800.html
/web/20251005101916/https://www.wnacg.com/photos-view-id-21797758.html
/web/20251005101840/https://www.wnacg.com/photos-view-id-21797706.html
/web/20251005102022/https://www.wnacg.com/photos-view-id-21797767.html
/web/20251005101954/https://www.wnacg.com/photos-view-id-21797736.html
/web/20251005102023/https://www.wnacg.com/photos-view-id-21797703.html
/web/20251005101947/https://www.wnacg.com/photos-view-id-21797789.html
/web/20251005102050/https://www.wnacg.com/photos-view-id-21797742.html
/web/20251005102134/https://www.wnacg.com/photos-index-page-12-aid-264546.html
/web/20251005102107/https://www.wnacg.com/photos-index-page-13-aid-264546.html
/web/20251005102135/https://www.wnacg.com/photos-view-id-21797745.html
/web/20251005102108/https://www.wnacg.com/photos-view-id-21797772.html
/web/20251005102246/https://www.wnacg.com/photos-view-id-21797734.html
/web/20251005102203/https://www.wnacg.com/photos-index-page-15-aid-264546.html
/web/20251005102219/https://www.wnacg.com/photos-view-id-21797726.html
/web/20251005102304/https://www.wnacg.com/photos-view-id-21797739.html
/web/20251005102212/https://www.wnacg.com/photos-index-page-14-aid-264546.html
/web/20251005102316/https://www.wnacg.com/photos-view-id-21797808.html
/web/20251005102323/https://www.wnacg.com/photos-view-id-21797691.html
/web/20251005102405/https://www.wnacg.com/photos-view-id-21797741.html
/web/20251005102338/https://www.wnacg.com/photos-view-id-21797816.html
/web/20251005102335/https://www.wnacg.com/photos-view-id-21797699.html
/web/20251005102455/https://www.wnacg.com/photos-view-id-21797675.html
/web/20251005102442/https://www.wnacg.com/photos-view-id-21797784.html
/web/20251005102510/https://www.wnacg.com/photos-view-id-21797730.html
/web/20251005102448/https://www.wnacg.com/photos-view-id-21797724.html
/web/20251005102516/https://www.wnacg.com/photos-view-id-21797674.html
/web/20251005102623/https://www.wnacg.com/photos-view-id-21797840.html
/web/20251005102502/https://www.wnacg.com/photos-view-id-21797652.html
/web/20251005102631/https://www.wnacg.com/photos-view-id-21797688.html
/web/20251005102638/https://www.wnacg.com/photos-view-id-21797773.html
/web/20251005102707/https://www.wnacg.com/photos-view-id-21797801.html
/web/20251005102727/https://www.wnacg.com/photos-view-id-21797833.html
/web/20251005102651/https://www.wnacg.com/photos-view-id-21797755.html
/web/20251005102646/https://www.wnacg.com/photos-view-id-21797836.html
/web/20251005102750/https://www.wnacg.com/photos-view-id-21797792.html
/web/20251005102748/https://www.wnacg.com/photos-view-id-21797764.html
/web/20251005102857/https://www.wnacg.com/photos-view-id-21797708.html
/web/20251005102811/https://www.wnacg.com/photos-view-id-21797841.html
/web/20251005102804/https://www.wnacg.com/photos-view-id-21797831.html
/web/20251005102904/https://www.wnacg.com/photos-view-id-21797821.html
/web/20251005102818/https://www.wnacg.com/photos-view-id-21797811.html
/web/20251005102845/https://www.wnacg.com/photos-view-id-21797695.html
/web/20251005102847/https://www.wnacg.com/photos-view-id-21797740.html
/web/20251005102946/https://www.wnacg.com/photos-view-id-21797701.html
/web/20251005102947/https://www.wnacg.com/photos-view-id-21797795.html
/web/20251005102912/https://www.wnacg.com/photos-view-id-21797828.html
/web/20251005103016/https://www.wnacg.com/photos-view-id-21797661.html
/web/20251005103039/https://www.wnacg.com/photos-view-id-21797654.html
/web/20251005103107/https://www.wnacg.com/photos-view-id-21797662.html
/web/20251005103015/https://www.wnacg.com/photos-view-id-21797669.html
/web/20251005103100/https://www.wnacg.com/photos-view-id-21797737.html
/web/20251005103112/https://www.wnacg.com/photos-view-id-21797692.html
/web/20251005103134/https://www.wnacg.com/photos-view-id-21797690.html
/web/20251005103135/https://www.wnacg.com/photos-view-id-21797837.html
/web/20251005103149/https://www.wnacg.com/photos-view-id-21797679.html
/web/20251005103142/https://www.wnacg.com/photos-view-id-21797778.html
/web/20251005103221/https://www.wnacg.com/photos-view-id-21797753.html
/web/20251005103223/https://www.wnacg.com/photos-view-id-21797711.html
/web/20251005103251/https://www.wnacg.com/photos-view-id-21797723.html
/web/20251005103251/https://www.wnacg.com/photos-view-id-21797664.html
/web/20251005103259/https://www.wnacg.com/photos-view-id-21797829.html
/web/20251005103305/https://www.wnacg.com/photos-view-id-21797826.html
/web/20251005103319/https://www.wnacg.com/photos-view-id-21797806.html
/web/20251005103334/https://www.wnacg.com/photos-view-id-21797732.html
/web/20251005103326/https://www.wnacg.com/photos-view-id-21797775.html
/web/20251005103312/https://www.wnacg.com/photos-view-id-21797790.html
/web/20251005103403/https://www.wnacg.com/photos-view-id-21797813.html
/web/20251005103413/https://www.wnacg.com/photos-view-id-21797835.html
/web/20251005103426/https://www.wnacg.com/photos-view-id-21797727.html
/web/20251005103420/https://www.wnacg.com/photos-view-id-21797731.html
/web/20251005103406/https://www.wnacg.com/photos-view-id-21797765.html
/web/20251005103514/https://www.wnacg.com/photos-view-id-21797713.html
/web/20251005103515/https://www.wnacg.com/photos-view-id-21797774.html
/web/20251005103537/https://www.wnacg.com/photos-view-id-21797804.html
/web/20251005103529/https://www.wnacg.com/photos-view-id-21797761.html
/web/20251005103529/https://www.wnacg.com/photos-view-id-21797735.html
/web/20251005103630/https://www.wnacg.com/photos-view-id-21797819.html
/web/20251005103632/https://www.wnacg.com/photos-view-id-21797696.html
