https://www.wnacg.com/photos-index-aid-264546.html
https://www.wnacg.com/photos-view-id-21797802.html
https://www.wnacg.com/photos-index-page-4-aid-264546.html
https://www.wnacg.com/photos-index-page-5-aid-264546.html
https://www.wnacg.com/photos-index-page-2-aid-264546.html
https://www.wnacg.com/photos-view-id-21797815.html
https://www.wnacg.com/photos-view-id-21797757.html
https://www.wnacg.com/photos-slide-aid-264546.html
https://www.wnacg.com/photos-view-id-21797749.html
https://www.wnacg.com/photos-view-id-21797814.html
https://www.wnacg.com/photos-view-id-21797676.html
https://www.wnacg.com/photos-view-id-21797712.html
https://www.wnacg.com/photos-view-id-21797788.html
https://www.wnacg.com/photos-index-page-16-aid-264546.html
https://www.wnacg.com/photos-index-page-3-aid-264546.html
https://www.wnacg.com/photos-view-id-21797776.html
https://www.wnacg.com/photos-view-id-21797655.html
https://www.wnacg.com/photos-view-id-21797754.html
https://www.wnacg.com/photos-view-id-21797779.html
https://www.wnacg.com/photos-view-id-21797809.html
https://www.wnacg.com/photos-view-id-21797807.html
https://www.wnacg.com/photos-view-id-21797656.html
https://www.wnacg.com/photos-view-id-21797812.html
https://www.wnacg.com/photos-view-id-21797834.html
https://www.wnacg.com/photos-view-id-21797770.html
https://www.wnacg.com/photos-view-id-21797673.html
https://www.wnacg.com/photos-index-page-6-aid-264546.html
https://www.wnacg.com/photos-index-page-1-aid-264546.html
https://www.wnacg.com/photos-index-page-7-aid-264546.html
https://www.wnacg.com/photos-view-id-21797796.html
https://www.wnacg.com/photos-view-id-21797684.html
https://www.wnacg.com/photos-view-id-21797728.html
https://www.wnacg.com/photos-view-id-21797830.html
https://www.wnacg.com/photos-view-id-21797685.html
https://www.wnacg.com/photos-view-id-21797769.html
https://www.wnacg.com/photos-view-id-21797686.html
https://www.wnacg.com/photos-index-page-8-aid-264546.html
https://www.wnacg.com/photos-view-id-21797783.html
https://www.wnacg.com/photos-view-id-21797827.html
https://www.wnacg.com/photos-view-id-21797747.html
https://www.wnacg.com/photos-view-id-21797687.html
https://www.wnacg.com/photos-view-id-21797702.html
https://www.wnacg.com/photos-index-page-9-aid-264546.html
https://www.wnacg.com/download-index-aid-264546.html
https://www.wnacg.com/photos-view-id-21797720.html
https://www.wnacg.com/photos-view-id-21797715.html
https://www.wnacg.com/photos-view-id-21797794.html
https://www.wnacg.com/photos-view-id-21797657.html
https://www.wnacg.com/photos-view-id-21797793.html
https://www.wnacg.com/photos-view-id-21797787.html
https://www.wnacg.com/photos-view-id-21797760.html
https://www.wnacg.com/photos-view-id-21797658.html
https://www.wnacg.com/photos-view-id-21797744.html
https://www.wnacg.com/photos-view-id-21797665.html
https://www.wnacg.com/photos-view-id-21797752.html
https://www.wnacg.com/photos-view-id-21797700.html
https://www.wnacg.com/photos-view-id-21797717.html
https://www.wnacg.com/photos-view-id-21797681.html
https://www.wnacg.com/photos-index-page-11-aid-264546.html
https://www.wnacg.com/photos-view-id-21797738.html
https://www.wnacg.com/photos-view-id-21797733.html
https://www.wnacg.com/photos-view-id-21797746.html
https://www.wnacg.com/photos-view-id-21797671.html
https://www.wnacg.com/photos-view-id-21797810.html
https://www.wnacg.com/photos-view-id-21797805.html
https://www.wnacg.com/photos-view-id-21797721.html
https://www.wnacg.com/photos-view-id-21797683.html
https://www.wnacg.com/photos-view-id-21797839.html
https://www.wnacg.com/photos-view-id-21797725.html
https://www.wnacg.com/photos-view-id-21797698.html
https://www.wnacg.com/photos-index-page-10-aid-264546.html
https://www.wnacg.com/photos-view-id-21797791.html
https://www.wnacg.com/photos-view-id-21797751.html
https://www.wnacg.com/photos-view-id-21797680.html
https://www.wnacg.com/photos-view-id-21797693.html
https://www.wnacg.com/photos-view-id-21797694.html
https://www.wnacg.com/photos-view-id-21797777.html
https://www.wnacg.com/photos-view-id-21797729.html
https://www.wnacg.com/photos-view-id-21797722.html
https://www.wnacg.com/photos-view-id-21797823.html
https://www.wnacg.com/photos-view-id-21797768.html
https://www.wnacg.com/photos-view-id-21797798.html
https://www.wnacg.com/photos-view-id-21797786.html
https://www.wnacg.com/photos-view-id-21797689.html
https://www.wnacg.com/photos-view-id-21797799.html
https://www.wnacg.com/photos-view-id-21797832.html
https://www.wnacg.com/photos-view-id-21797748.html
https://www.wnacg.com/photos-view-id-21797672.html
https://www.wnacg.com/photos-view-id-21797817.html
https://www.wnacg.com/photos-view-id-21797678.html
https://www.wnacg.com/photos-view-id-21797756.html
https://v1.wzip.download/down/2646/693c7ee84e9b3268f6826cce69b88484.zip?n=[%E3%82%82%E3%81%A1%E3%81%95%E3%81%8B%E3%81%BF%E3%81%A4%E3%81%8D]%20%E3%81%8A%E5%A7%89%E3%81%A1%E3%82%83%E3%82%93%E3%81%9F%E3%81%A1%E3%81%AF%E3%82%B7%E3%83%A7%E3%82%BF%E3%81%A3%E5%AD%90%E3%81%AB%E5%A4%A2%E4%B8%AD%20%EF%BD%9E%E3%81%93%E3%82%93%E3%81%AA%E5%83%95%E3%81%A7%E5%A4%A7%E4%B8%88%E5%A4%AB%E3%81%8B%E3%81%AA!%EF%BC%9F%EF%BD%9E%20[DL%E7%89%88]
https://www.wnacg.com/photos-view-id-21797822.html
https://v1.wzip.date/down/2646/693c7ee84e9b3268f6826cce69b88484.zip?n=[%E3%82%82%E3%81%A1%E3%81%95%E3%81%8B%E3%81%BF%E3%81%A4%E3%81%8D]%20%E3%81%8A%E5%A7%89%E3%81%A1%E3%82%83%E3%82%93%E3%81%9F%E3%81%A1%E3%81%AF%E3%82%B7%E3%83%A7%E3%82%BF%E3%81%A3%E5%AD%90%E3%81%AB%E5%A4%A2%E4%B8%AD%20%EF%BD%9E%E3%81%93%E3%82%93%E3%81%AA%E5%83%95%E3%81%A7%E5%A4%A7%E4%B8%88%E5%A4%AB%E3%81%8B%E3%81%AA!%EF%BC%9F%EF%BD%9E%20[DL%E7%89%88]
https://www.wnacg.com/photos-view-id-21797825.html
https://www.wnacg.com/photos-view-id-21797838.html
https://www.wnacg.com/photos-view-id-21797697.html
https://www.wnacg.com/photos-view-id-21797682.html
https://www.wnacg.com/photos-view-id-21797707.html
https://www.wnacg.com/photos-view-id-21797710.html
https://www.wnacg.com/photos-view-id-21797666.html
https://www.wnacg.com/photos-view-id-21797803.html
https://www.wnacg.com/photos-view-id-21797820.html
https://www.wnacg.com/photos-view-id-21797718.html
https://www.wnacg.com/photos-view-id-21797759.html
https://www.wnacg.com/photos-view-id-21797705.html
https://www.wnacg.com/photos-view-id-21797709.html
https://www.wnacg.com/photos-view-id-21797763.html
https://www.wnacg.com/photos-view-id-21797660.html
https://www.wnacg.com/photos-view-id-21797781.html
https://www.wnacg.com/photos-view-id-21797667.html
https://www.wnacg.com/photos-view-id-21797719.html
https://www.wnacg.com/photos-view-id-21797670.html
https://www.wnacg.com/photos-view-id-21797704.html
https://www.wnacg.com/photos-view-id-21797716.html
https://www.wnacg.com/photos-view-id-21797668.html
https://www.wnacg.com/photos-view-id-21797780.html
https://www.wnacg.com/photos-view-id-21797785.html
https://www.wnacg.com/photos-view-id-21797750.html
https://www.wnacg.com/photos-view-id-21797714.html
https://www.wnacg.com/photos-view-id-21797818.html
https://www.wnacg.com/photos-view-id-21797653.html
https://www.wnacg.com/photos-view-id-21797771.html
https://www.wnacg.com/photos-view-id-21797824.html
https://www.wnacg.com/photos-view-id-21797663.html
https://www.wnacg.com/photos-view-id-21797766.html
https://www.wnacg.com/photos-view-id-21797659.html
https://www.wnacg.com/photos-view-id-21797762.html
https://www.wnacg.com/photos-view-id-21797782.html
https://www.wnacg.com/photos-view-id-21797797.html
https://www.wnacg.com/photos-view-id-21797743.html
https://www.wnacg.com/photos-view-id-21797677.html
https://www.wnacg.com/photos-view-id-21797800.html
https://www.wnacg.com/photos-view-id-21797758.html
https://www.wnacg.com/photos-view-id-21797706.html
https://www.wnacg.com/photos-view-id-21797767.html
https://www.wnacg.com/photos-view-id-21797736.html
https://www.wnacg.com/photos-view-id-21797703.html
https://www.wnacg.com/photos-view-id-21797789.html
https://www.wnacg.com/photos-view-id-21797742.html
https://www.wnacg.com/photos-index-page-12-aid-264546.html
https://www.wnacg.com/photos-index-page-13-aid-264546.html
https://www.wnacg.com/photos-view-id-21797745.html
https://www.wnacg.com/photos-view-id-21797772.html
https://www.wnacg.com/photos-view-id-21797734.html
https://www.wnacg.com/photos-index-page-15-aid-264546.html
https://www.wnacg.com/photos-view-id-21797726.html
https://www.wnacg.com/photos-view-id-21797739.html
https://www.wnacg.com/photos-index-page-14-aid-264546.html
https://www.wnacg.com/photos-view-id-21797808.html
https://www.wnacg.com/photos-view-id-21797691.html
https://www.wnacg.com/photos-view-id-21797741.html
https://www.wnacg.com/photos-view-id-21797816.html
https://www.wnacg.com/photos-view-id-21797699.html
https://www.wnacg.com/photos-view-id-21797675.html
https://www.wnacg.com/photos-view-id-21797784.html
https://www.wnacg.com/photos-view-id-21797730.html
https://www.wnacg.com/photos-view-id-21797724.html
https://www.wnacg.com/photos-view-id-21797674.html
https://www.wnacg.com/photos-view-id-21797840.html
https://www.wnacg.com/photos-view-id-21797652.html
https://www.wnacg.com/photos-view-id-21797688.html
https://www.wnacg.com/photos-view-id-21797773.html
https://www.wnacg.com/photos-view-id-21797801.html
https://www.wnacg.com/photos-view-id-21797833.html
https://www.wnacg.com/photos-view-id-21797755.html
https://www.wnacg.com/photos-view-id-21797836.html
https://www.wnacg.com/photos-view-id-21797792.html
https://www.wnacg.com/photos-view-id-21797764.html
https://www.wnacg.com/photos-view-id-21797708.html
https://www.wnacg.com/photos-view-id-21797841.html
https://www.wnacg.com/photos-view-id-21797831.html
https://www.wnacg.com/photos-view-id-21797821.html
https://www.wnacg.com/photos-view-id-21797811.html
https://www.wnacg.com/photos-view-id-21797695.html
https://www.wnacg.com/photos-view-id-21797740.html
https://www.wnacg.com/photos-view-id-21797701.html
https://www.wnacg.com/photos-view-id-21797795.html
https://www.wnacg.com/photos-view-id-21797828.html
https://www.wnacg.com/photos-view-id-21797661.html
https://www.wnacg.com/photos-view-id-21797654.html
https://www.wnacg.com/photos-view-id-21797662.html
https://www.wnacg.com/photos-view-id-21797669.html
https://www.wnacg.com/photos-view-id-21797737.html
https://www.wnacg.com/photos-view-id-21797692.html
https://www.wnacg.com/photos-view-id-21797690.html
https://www.wnacg.com/photos-view-id-21797837.html
https://www.wnacg.com/photos-view-id-21797679.html
https://www.wnacg.com/photos-view-id-21797778.html
https://www.wnacg.com/photos-view-id-21797753.html
https://www.wnacg.com/photos-view-id-21797711.html
https://www.wnacg.com/photos-view-id-21797723.html
https://www.wnacg.com/photos-view-id-21797664.html
https://www.wnacg.com/photos-view-id-21797829.html
https://www.wnacg.com/photos-view-id-21797826.html
https://www.wnacg.com/photos-view-id-21797806.html
https://www.wnacg.com/photos-view-id-21797732.html
https://www.wnacg.com/photos-view-id-21797775.html
https://www.wnacg.com/photos-view-id-21797790.html
https://www.wnacg.com/photos-view-id-21797813.html
https://www.wnacg.com/photos-view-id-21797835.html
https://www.wnacg.com/photos-view-id-21797727.html
https://www.wnacg.com/photos-view-id-21797731.html
https://www.wnacg.com/photos-view-id-21797765.html
https://www.wnacg.com/photos-view-id-21797713.html
https://www.wnacg.com/photos-view-id-21797774.html
https://www.wnacg.com/photos-view-id-21797804.html
https://www.wnacg.com/photos-view-id-21797761.html
https://www.wnacg.com/photos-view-id-21797735.html
https://www.wnacg.com/photos-view-id-21797819.html
https://www.wnacg.com/photos-view-id-21797696.html
