/web/20251005025216/https://www.wnacg.com/photos-index-aid-224593.html
/web/20251005025237/https://www.wnacg.com/photos-view-id-18991541.html
/web/20251005025331/https://www.wnacg.com/photos-view-id-18991531.html
/web/20251005025345/https://www.wnacg.com/photos-view-id-18991545.html
/web/20251005025340/https://www.wnacg.com/photos-index-page-3-aid-224593.html
/web/20251005025427/https://www.wnacg.com/photos-view-id-18991540.html
/web/20251005025438/https://www.wnacg.com/photos-view-id-18991533.html
/web/20251005025443/https://www.wnacg.com/photos-index-page-2-aid-224593.html
/web/20251005025538/https://www.wnacg.com/photos-view-id-18991529.html
/web/20251005025538/https://www.wnacg.com/photos-view-id-18991547.html
/web/20251005025449/https://www.wnacg.com/photos-view-id-18991525.html
/web/20251005025543/https://www.wnacg.com/photos-view-id-18991551.html
/web/20251005025612/https://www.wnacg.com/photos-view-id-18991528.html
/web/20251005025552/https://www.wnacg.com/photos-view-id-18991549.html
/web/20251005025626/https://www.wnacg.com/photos-view-id-18991532.html
/web/20251005025648/https://www.wnacg.com/photos-slide-aid-224593.html
/web/20251005025656/https://www.wnacg.com/download-index-aid-224593.html
/web/20251005025849/https://www.wnacg.com/photos-view-id-18991530.html
/web/20251005025903/https://www.wnacg.com/photos-view-id-18991553.html
/web/20251005025923/https://www.wnacg.com/photos-view-id-18991546.html
/web/20251005025932/https://www.wnacg.com/photos-view-id-18991539.html
/web/20251005025941/https://www.wnacg.com/photos-view-id-18991536.html
/web/20251005025952/https://www.wnacg.com/photos-view-id-18991524.html
/web/20251005030047/https://www.wnacg.com/photos-view-id-18991558.html
/web/20251005030049/https://www.wnacg.com/photos-view-id-18991556.html
/web/20251005030057/https://www.wnacg.com/photos-view-id-18991555.html
/web/20251005030124/https://www.wnacg.com/photos-view-id-18991543.html
/web/20251005030053/https://www.wnacg.com/photos-view-id-18991557.html
/web/20251005030100/https://www.wnacg.com/photos-index-page-1-aid-224593.html
/web/20251005030224/https://www.wnacg.com/photos-view-id-18991527.html
/web/20251005030212/https://www.wnacg.com/photos-view-id-18991535.html
/web/20251005030247/https://www.wnacg.com/photos-view-id-18991538.html
/web/20251005030304/https://www.wnacg.com/photos-view-id-18991542.html
/web/20251005030308/https://www.wnacg.com/photos-view-id-18991548.html
/web/20251005030239/https://www.wnacg.com/photos-view-id-18991552.html
/web/20251005030347/https://www.wnacg.com/photos-view-id-18991544.html
/web/20251005030400/https://v1.wzip.date/down/2246/9c8bcfd2089ecf12b4008dd67c75fa83.zip?n=%5B%E3%81%88%E3%82%80%E3%81%8A%E5%B7%A5%E6%88%BF%20(%E3%82%88%E3%81%AD%E3%81%99%E3%81%91)%5D%20%E6%95%97%E5%8C%97%E3%81%AE%E8%B2%A2%E3%81%8E%E3%83%9E%E3%82%BE%EF%BD%9C%E8%B4%A5%E5%8C%97%E8%80%85%E7%9A%84%E8%B4%A1%E5%93%81%20%5B%E5%BC%A0%E4%BD%B3%E4%B9%90%E4%B8%AA%E4%BA%BA%E6%B1%89%E5%8C%96%5D
/web/20251005030406/https://v1.wzip.download/down/2246/9c8bcfd2089ecf12b4008dd67c75fa83.zip?n=%5B%E3%81%88%E3%82%80%E3%81%8A%E5%B7%A5%E6%88%BF%20(%E3%82%88%E3%81%AD%E3%81%99%E3%81%91)%5D%20%E6%95%97%E5%8C%97%E3%81%AE%E8%B2%A2%E3%81%8E%E3%83%9E%E3%82%BE%EF%BD%9C%E8%B4%A5%E5%8C%97%E8%80%85%E7%9A%84%E8%B4%A1%E5%93%81%20%5B%E5%BC%A0%E4%BD%B3%E4%B9%90%E4%B8%AA%E4%BA%BA%E6%B1%89%E5%8C%96%5D
/web/20251005030456/https://www.wnacg.com/photos-view-id-18991526.html
/web/20251005030432/https://www.wnacg.com/photos-view-id-18991534.html
/web/20251005030501/https://www.wnacg.com/photos-view-id-18991554.html
/web/20251005030512/https://www.wnacg.com/photos-view-id-18991550.html
/web/20251005030526/https://www.wnacg.com/photos-view-id-18991537.html
