/web/20251005061817/https://www.wnacg.com/photos-index-aid-251872.html
/web/20251005061841/https://www.wnacg.com/photos-view-id-20854194.html
/web/20251005061910/https://www.wnacg.com/photos-view-id-20854189.html
/web/20251005061905/https://www.wnacg.com/photos-view-id-20854211.html
/web/20251005061855/https://www.wnacg.com/photos-index-page-3-aid-251872.html
/web/20251005061951/https://www.wnacg.com/photos-view-id-20854192.html
/web/20251005061848/https://www.wnacg.com/photos-view-id-20854188.html
/web/20251005061944/https://www.wnacg.com/photos-view-id-20854216.html
/web/20251005061957/https://www.wnacg.com/download-index-aid-251872.html
/web/20251005061959/https://www.wnacg.com/photos-view-id-20854208.html
/web/20251005062020/https://www.wnacg.com/photos-slide-aid-251872.html
/web/20251005062120/https://www.wnacg.com/photos-view-id-20854215.html
/web/20251005062124/https://www.wnacg.com/photos-view-id-20854190.html
/web/20251005062158/https://www.wnacg.com/photos-view-id-20854202.html
/web/20251005062110/https://www.wnacg.com/photos-index-page-4-aid-251872.html
/web/20251005062133/https://www.wnacg.com/photos-view-id-20854207.html
/web/20251005062217/https://www.wnacg.com/photos-view-id-20854213.html
/web/20251005062005/https://www.wnacg.com/photos-index-page-2-aid-251872.html
/web/20251005062257/https://www.wnacg.com/photos-view-id-20854196.html
/web/20251005062312/https://www.wnacg.com/photos-index-page-1-aid-251872.html
/web/20251005062313/https://www.wnacg.com/photos-view-id-20854204.html
/web/20251005062333/https://www.wnacg.com/photos-view-id-20854198.html
/web/20251005062356/https://www.wnacg.com/photos-view-id-20854222.html
/web/20251005062329/https://www.wnacg.com/photos-view-id-20854218.html
/web/20251005062315/https://www.wnacg.com/photos-view-id-20854191.html
/web/20251005062422/https://www.wnacg.com/photos-view-id-20854220.html
/web/20251005062424/https://www.wnacg.com/photos-view-id-20854209.html
/web/20251005062552/https://www.wnacg.com/photos-view-id-20854201.html
/web/20251005062544/https://www.wnacg.com/photos-view-id-20854223.html
/web/20251005062544/https://www.wnacg.com/photos-view-id-20854224.html
/web/20251005062612/https://v1.wzip.date/down/2519/b8c893e6a33a9730af3d35a892fe1eff.zip?n=%5B%E3%81%99%E3%81%BE%E3%81%84%E3%82%8B%E3%81%B5%E3%81%89%E3%82%89%E3%82%93%E3%81%8B%E3%82%93%E3%81%B1%E3%81%AB%E3%81%83%E3%80%82(%E9%9B%AA%E4%BB%81%E3%80%81%E7%BF%A0%E9%87%8E%E3%82%BF%E3%83%8C%E3%82%AD)%5D%20%E6%90%BE%E7%B2%BE%E7%9B%A3%E7%8D%84%20-%E7%84%A1%E9%99%90%E3%83%8B%E7%B6%9A%E3%82%AF%E5%B0%84%E7%B2%BE%E5%9C%B0%E7%8D%84-%20%5B%E4%B8%AD%E5%9B%BD%E7%BF%BB%E8%A8%B3%5D%20%5BDL%E7%89%88%5D
/web/20251005062638/https://v1.wzip.download/down/2519/b8c893e6a33a9730af3d35a892fe1eff.zip?n=%5B%E3%81%99%E3%81%BE%E3%81%84%E3%82%8B%E3%81%B5%E3%81%89%E3%82%89%E3%82%93%E3%81%8B%E3%82%93%E3%81%B1%E3%81%AB%E3%81%83%E3%80%82(%E9%9B%AA%E4%BB%81%E3%80%81%E7%BF%A0%E9%87%8E%E3%82%BF%E3%83%8C%E3%82%AD)%5D%20%E6%90%BE%E7%B2%BE%E7%9B%A3%E7%8D%84%20-%E7%84%A1%E9%99%90%E3%83%8B%E7%B6%9A%E3%82%AF%E5%B0%84%E7%B2%BE%E5%9C%B0%E7%8D%84-%20%5B%E4%B8%AD%E5%9B%BD%E7%BF%BB%E8%A8%B3%5D%20%5BDL%E7%89%88%5D
/web/20251005062606/https://www.wnacg.com/photos-view-id-20854221.html
/web/20251005062702/https://www.wnacg.com/photos-view-id-20854225.html
/web/20251005062559/https://www.wnacg.com/photos-view-id-20854185.html
/web/20251005062709/https://www.wnacg.com/photos-view-id-20854210.html
/web/20251005062716/https://www.wnacg.com/photos-view-id-20854193.html
/web/20251005062804/https://www.wnacg.com/photos-view-id-20854197.html
/web/20251005062828/https://www.wnacg.com/photos-view-id-20854205.html
/web/20251005062903/https://www.wnacg.com/photos-view-id-20854214.html
/web/20251005062930/https://www.wnacg.com/photos-view-id-20854203.html
/web/20251005062936/https://www.wnacg.com/photos-view-id-20854219.html
/web/20251005062951/https://www.wnacg.com/photos-view-id-20854199.html
/web/20251005062856/https://www.wnacg.com/photos-view-id-20854186.html
/web/20251005062849/https://www.wnacg.com/photos-view-id-20854195.html
/web/20251005062932/https://www.wnacg.com/photos-view-id-20854206.html
/web/20251005063012/https://www.wnacg.com/photos-view-id-20854217.html
/web/20251005063014/https://www.wnacg.com/photos-view-id-20854200.html
/web/20251005063021/https://www.wnacg.com/photos-view-id-20854187.html
/web/20251005063048/https://www.wnacg.com/photos-view-id-20854212.html
