/web/20251005135858/https://www.wnacg.com/photos-index-aid-139248.html
/web/20251005135923/https://www.wnacg.com/photos-view-id-12283765.html
/web/20251005135930/https://www.wnacg.com/photos-index-page-2-aid-139248.html
/web/20251005135951/https://www.wnacg.com/photos-view-id-12283880.html
/web/20251005135956/https://www.wnacg.com/photos-view-id-12283859.html
/web/20251005140047/https://www.wnacg.com/photos-view-id-12283877.html
/web/20251005140127/https://www.wnacg.com/photos-view-id-12283848.html
/web/20251005140143/https://www.wnacg.com/photos-index-page-5-aid-139248.html
/web/20251005140125/https://www.wnacg.com/photos-view-id-12283854.html
/web/20251005140223/https://www.wnacg.com/photos-index-page-4-aid-139248.html
/web/20251005140224/https://www.wnacg.com/download-index-aid-139248.html
/web/20251005140232/https://www.wnacg.com/photos-view-id-12283785.html
/web/20251005140145/https://www.wnacg.com/photos-view-id-12283831.html
/web/20251005140223/https://www.wnacg.com/photos-view-id-12283724.html
/web/20251005140314/https://www.wnacg.com/photos-view-id-12283878.html
/web/20251005140350/https://www.wnacg.com/photos-index-page-15-aid-139248.html
/web/20251005140325/https://www.wnacg.com/photos-view-id-12283852.html
/web/20251005140331/https://www.wnacg.com/photos-view-id-12283780.html
/web/20251005140339/https://www.wnacg.com/photos-index-page-3-aid-139248.html
/web/20251005140324/https://www.wnacg.com/photos-slide-aid-139248.html
/web/20251005140439/https://www.wnacg.com/photos-view-id-12283730.html
/web/20251005140456/https://www.wnacg.com/photos-view-id-12283720.html
/web/20251005140446/https://www.wnacg.com/photos-view-id-12283743.html
/web/20251005140537/https://www.wnacg.com/photos-index-page-6-aid-139248.html
/web/20251005140436/https://www.wnacg.com/photos-index-page-1-aid-139248.html
/web/20251005140512/https://www.wnacg.com/photos-view-id-12283795.html
/web/20251005140527/https://www.wnacg.com/photos-view-id-12283762.html
/web/20251005140630/https://www.wnacg.com/photos-view-id-12283836.html
/web/20251005140603/https://www.wnacg.com/photos-view-id-12283843.html
/web/20251005140701/https://www.wnacg.com/photos-view-id-12283781.html
/web/20251005140700/https://www.wnacg.com/photos-view-id-12283837.html
/web/20251005140721/https://www.wnacg.com/photos-view-id-12283874.html
/web/20251005140719/https://www.wnacg.com/photos-view-id-12283855.html
/web/20251005140747/https://www.wnacg.com/photos-view-id-12283861.html
/web/20251005140751/https://www.wnacg.com/photos-view-id-12283757.html
/web/20251005140720/https://www.wnacg.com/photos-view-id-12283740.html
/web/20251005140823/https://www.wnacg.com/photos-view-id-12283821.html
/web/20251005140834/https://www.wnacg.com/photos-view-id-12283873.html
/web/20251005140819/https://www.wnacg.com/photos-index-page-7-aid-139248.html
/web/20251005140904/https://www.wnacg.com/photos-view-id-12283799.html
/web/20251005140856/https://www.wnacg.com/photos-view-id-12283862.html
/web/20251005140855/https://www.wnacg.com/photos-index-page-8-aid-139248.html
/web/20251005140941/https://www.wnacg.com/photos-view-id-12283798.html
/web/20251005140923/https://www.wnacg.com/photos-view-id-12283858.html
/web/20251005140934/https://www.wnacg.com/photos-index-page-10-aid-139248.html
/web/20251005140948/https://www.wnacg.com/photos-view-id-12283722.html
/web/20251005141050/https://www.wnacg.com/photos-view-id-12283729.html
/web/20251005141054/https://www.wnacg.com/photos-index-page-9-aid-139248.html
/web/20251005141121/https://www.wnacg.com/photos-view-id-12283776.html
/web/20251005141101/https://www.wnacg.com/photos-view-id-12283733.html
/web/20251005141037/https://www.wnacg.com/photos-view-id-12283853.html
/web/20251005141104/https://www.wnacg.com/photos-view-id-12283857.html
/web/20251005141144/https://www.wnacg.com/photos-view-id-12283801.html
/web/20251005141145/https://www.wnacg.com/photos-view-id-12283864.html
/web/20251005141159/https://www.wnacg.com/photos-view-id-12283840.html
/web/20251005141228/https://www.wnacg.com/photos-view-id-12283818.html
/web/20251005141152/https://www.wnacg.com/photos-view-id-12283867.html
/web/20251005141255/https://www.wnacg.com/photos-view-id-12283869.html
/web/20251005141312/https://www.wnacg.com/photos-view-id-12283879.html
/web/20251005141318/https://www.wnacg.com/photos-view-id-12283734.html
/web/20251005141325/https://www.wnacg.com/photos-view-id-12283845.html
/web/20251005141339/https://www.wnacg.com/photos-view-id-12283792.html
/web/20251005141332/https://www.wnacg.com/photos-view-id-12283719.html
/web/20251005141416/https://www.wnacg.com/photos-view-id-12283825.html
/web/20251005141417/https://www.wnacg.com/photos-view-id-12283822.html
/web/20251005141425/https://www.wnacg.com/photos-view-id-12283744.html
/web/20251005141431/https://www.wnacg.com/photos-view-id-12283839.html
/web/20251005141438/https://www.wnacg.com/photos-view-id-12283736.html
/web/20251005141545/https://www.wnacg.com/photos-view-id-12283761.html
/web/20251005141546/https://www.wnacg.com/photos-view-id-12283809.html
/web/20251005141549/https://www.wnacg.com/photos-view-id-12283783.html
/web/20251005141536/https://www.wnacg.com/photos-view-id-12283850.html
/web/20251005141543/https://www.wnacg.com/photos-view-id-12283784.html
/web/20251005141638/https://www.wnacg.com/photos-view-id-12283787.html
/web/20251005141639/https://www.wnacg.com/photos-view-id-12283802.html
/web/20251005141646/https://www.wnacg.com/photos-view-id-12283715.html
/web/20251005141735/https://www.wnacg.com/photos-view-id-12283871.html
/web/20251005141700/https://www.wnacg.com/photos-view-id-12283721.html
/web/20251005141654/https://www.wnacg.com/photos-view-id-12283763.html
/web/20251005141725/https://www.wnacg.com/photos-view-id-12283778.html
/web/20251005141757/https://www.wnacg.com/photos-view-id-12283790.html
/web/20251005141758/https://www.wnacg.com/photos-view-id-12283775.html
/web/20251005141819/https://www.wnacg.com/photos-view-id-12283835.html
/web/20251005141807/https://www.wnacg.com/photos-view-id-12283756.html
/web/20251005141853/https://www.wnacg.com/photos-view-id-12283759.html
/web/20251005141820/https://www.wnacg.com/photos-view-id-12283779.html
/web/20251005141855/https://www.wnacg.com/photos-view-id-12283860.html
/web/20251005141920/https://www.wnacg.com/photos-view-id-12283716.html
/web/20251005141913/https://www.wnacg.com/photos-view-id-12283870.html
/web/20251005141927/https://www.wnacg.com/photos-view-id-12283797.html
/web/20251005141908/https://www.wnacg.com/photos-view-id-12283868.html
/web/20251005141954/https://www.wnacg.com/photos-view-id-12283782.html
/web/20251005142026/https://www.wnacg.com/photos-view-id-12283712.html
/web/20251005142034/https://www.wnacg.com/photos-view-id-12283813.html
/web/20251005142048/https://www.wnacg.com/photos-view-id-12283741.html
/web/20251005142034/https://www.wnacg.com/photos-view-id-12283846.html
/web/20251005142131/https://www.wnacg.com/photos-view-id-12283749.html
/web/20251005142132/https://www.wnacg.com/photos-view-id-12283806.html
/web/20251005142140/https://www.wnacg.com/photos-view-id-12283842.html
/web/20251005142147/https://www.wnacg.com/photos-view-id-12283796.html
/web/20251005142249/https://www.wnacg.com/photos-view-id-12283786.html
/web/20251005142241/https://www.wnacg.com/photos-view-id-12283751.html
/web/20251005142243/https://www.wnacg.com/photos-view-id-12283742.html
/web/20251005142236/https://www.wnacg.com/photos-view-id-12283866.html
/web/20251005142314/https://www.wnacg.com/photos-view-id-12283829.html
/web/20251005142328/https://www.wnacg.com/photos-view-id-12283830.html
/web/20251005142257/https://www.wnacg.com/photos-view-id-12283772.html
/web/20251005142355/https://www.wnacg.com/photos-view-id-12283872.html
/web/20251005142402/https://www.wnacg.com/photos-view-id-12283750.html
/web/20251005142416/https://www.wnacg.com/photos-view-id-12283800.html
/web/20251005142410/https://www.wnacg.com/photos-view-id-12283794.html
/web/20251005142503/https://www.wnacg.com/photos-view-id-12283727.html
/web/20251005142511/https://www.wnacg.com/photos-view-id-12283737.html
/web/20251005142519/https://www.wnacg.com/photos-view-id-12283758.html
/web/20251005142526/https://www.wnacg.com/photos-view-id-12283812.html
/web/20251005142628/https://www.wnacg.com/photos-view-id-12283713.html
/web/20251005142505/https://www.wnacg.com/photos-view-id-12283731.html
/web/20251005142704/https://www.wnacg.com/photos-view-id-12283841.html
/web/20251005142705/https://www.wnacg.com/photos-view-id-12283824.html
/web/20251005142635/https://www.wnacg.com/photos-view-id-12283823.html
/web/20251005142645/https://www.wnacg.com/photos-view-id-12283832.html
/web/20251005142712/https://www.wnacg.com/photos-view-id-12283769.html
/web/20251005142743/https://v1.wzip.date/down/1393/534e48403beffaaede70c939e7d46b1e.zip?n=%5B%E4%B8%88%E5%B1%B1%E9%9B%84%E7%82%BA%E6%90%BE%E7%B2%BE%E7%A0%94%E7%A9%B6%E6%89%80%5D%E6%B7%AB%E7%8D%84%E5%9B%A3%E5%9C%B0%20%E6%B7%AB%E7%8D%84%E5%B0%8F%E5%8D%80%20%E7%AC%AC1%E5%8D%B7%20%5B%E6%B2%92%E6%9C%89%E6%BC%A2%E5%8C%96%5D
/web/20251005142742/https://v1.wzip.download/down/1393/534e48403beffaaede70c939e7d46b1e.zip?n=%5B%E4%B8%88%E5%B1%B1%E9%9B%84%E7%82%BA%E6%90%BE%E7%B2%BE%E7%A0%94%E7%A9%B6%E6%89%80%5D%E6%B7%AB%E7%8D%84%E5%9B%A3%E5%9C%B0%20%E6%B7%AB%E7%8D%84%E5%B0%8F%E5%8D%80%20%E7%AC%AC1%E5%8D%B7%20%5B%E6%B2%92%E6%9C%89%E6%BC%A2%E5%8C%96%5D
/web/20251005142808/https://www.wnacg.com/photos-view-id-12283805.html
/web/20251005142811/https://www.wnacg.com/photos-view-id-12283753.html
/web/20251005142832/https://www.wnacg.com/photos-view-id-12283718.html
/web/20251005142818/https://www.wnacg.com/photos-view-id-12283827.html
/web/20251005142826/https://www.wnacg.com/photos-index-page-14-aid-139248.html
/web/20251005142910/https://www.wnacg.com/photos-index-page-13-aid-139248.html
/web/20251005142913/https://www.wnacg.com/photos-index-page-11-aid-139248.html
/web/20251005142928/https://www.wnacg.com/photos-view-id-12283766.html
/web/20251005142914/https://www.wnacg.com/photos-index-page-12-aid-139248.html
/web/20251005143022/https://www.wnacg.com/photos-view-id-12283768.html
/web/20251005143026/https://www.wnacg.com/photos-view-id-12283833.html
/web/20251005143026/https://www.wnacg.com/photos-view-id-12283748.html
/web/20251005143047/https://www.wnacg.com/photos-view-id-12283726.html
/web/20251005143033/https://www.wnacg.com/photos-view-id-12283773.html
/web/20251005143040/https://www.wnacg.com/photos-view-id-12283791.html
/web/20251005143126/https://www.wnacg.com/photos-view-id-12283828.html
/web/20251005143128/https://www.wnacg.com/photos-view-id-12283816.html
/web/20251005143135/https://www.wnacg.com/photos-view-id-12283814.html
/web/20251005143143/https://www.wnacg.com/photos-view-id-12283826.html
/web/20251005143150/https://www.wnacg.com/photos-view-id-12283849.html
/web/20251005143208/https://www.wnacg.com/photos-view-id-12283875.html
/web/20251005143216/https://www.wnacg.com/photos-view-id-12283714.html
/web/20251005143224/https://www.wnacg.com/photos-view-id-12283844.html
/web/20251005143233/https://www.wnacg.com/photos-view-id-12283760.html
/web/20251005143256/https://www.wnacg.com/photos-view-id-12283838.html
/web/20251005143310/https://www.wnacg.com/photos-view-id-12283807.html
/web/20251005143324/https://www.wnacg.com/photos-view-id-12283820.html
/web/20251005143319/https://www.wnacg.com/photos-view-id-12283876.html
/web/20251005143308/https://www.wnacg.com/photos-view-id-12283745.html
/web/20251005143428/https://www.wnacg.com/photos-view-id-12283764.html
/web/20251005143444/https://www.wnacg.com/photos-view-id-12283774.html
/web/20251005143437/https://www.wnacg.com/photos-view-id-12283817.html
/web/20251005143430/https://www.wnacg.com/photos-view-id-12283815.html
/web/20251005143512/https://www.wnacg.com/photos-view-id-12283793.html
/web/20251005143351/https://www.wnacg.com/photos-view-id-12283754.html
/web/20251005143520/https://www.wnacg.com/photos-view-id-12283819.html
/web/20251005143525/https://www.wnacg.com/photos-view-id-12283711.html
/web/20251005143512/https://www.wnacg.com/photos-view-id-12283755.html
/web/20251005143533/https://www.wnacg.com/photos-view-id-12283863.html
/web/20251005143622/https://www.wnacg.com/photos-view-id-12283770.html
/web/20251005143631/https://www.wnacg.com/photos-view-id-12283803.html
/web/20251005143624/https://www.wnacg.com/photos-view-id-12283717.html
/web/20251005143639/https://www.wnacg.com/photos-view-id-12283834.html
/web/20251005143645/https://www.wnacg.com/photos-view-id-12283777.html
/web/20251005143708/https://www.wnacg.com/photos-view-id-12283725.html
/web/20251005143731/https://www.wnacg.com/photos-view-id-12283747.html
/web/20251005143732/https://www.wnacg.com/photos-view-id-12283811.html
/web/20251005143739/https://www.wnacg.com/photos-view-id-12283851.html
/web/20251005143746/https://www.wnacg.com/photos-view-id-12283771.html
/web/20251005143808/https://www.wnacg.com/photos-view-id-12283804.html
/web/20251005143817/https://www.wnacg.com/photos-view-id-12283735.html
/web/20251005143812/https://www.wnacg.com/photos-view-id-12283847.html
/web/20251005143851/https://www.wnacg.com/photos-view-id-12283723.html
/web/20251005143937/https://www.wnacg.com/photos-view-id-12283728.html
/web/20251005143929/https://www.wnacg.com/photos-view-id-12283738.html
/web/20251005143945/https://www.wnacg.com/photos-view-id-12283810.html
/web/20251005143931/https://www.wnacg.com/photos-view-id-12283856.html
/web/20251005144036/https://www.wnacg.com/photos-view-id-12283746.html
/web/20251005144036/https://www.wnacg.com/photos-view-id-12283752.html
/web/20251005144044/https://www.wnacg.com/photos-view-id-12283732.html
/web/20251005144013/https://www.wnacg.com/photos-view-id-12283767.html
/web/20251005144052/https://www.wnacg.com/photos-view-id-12283808.html
/web/20251005144118/https://www.wnacg.com/photos-view-id-12283788.html
/web/20251005144119/https://www.wnacg.com/photos-view-id-12283865.html
/web/20251005144126/https://www.wnacg.com/photos-view-id-12283789.html
/web/20251005144030/https://www.wnacg.com/photos-view-id-12283739.html
