https://www.wnacg.com/photos-index-aid-139248.html
https://www.wnacg.com/photos-view-id-12283765.html
https://www.wnacg.com/photos-index-page-2-aid-139248.html
https://www.wnacg.com/photos-view-id-12283880.html
https://www.wnacg.com/photos-view-id-12283859.html
https://www.wnacg.com/photos-view-id-12283877.html
https://www.wnacg.com/photos-view-id-12283848.html
https://www.wnacg.com/photos-index-page-5-aid-139248.html
https://www.wnacg.com/photos-view-id-12283854.html
https://www.wnacg.com/photos-index-page-4-aid-139248.html
https://www.wnacg.com/download-index-aid-139248.html
https://www.wnacg.com/photos-view-id-12283785.html
https://www.wnacg.com/photos-view-id-12283831.html
https://www.wnacg.com/photos-view-id-12283724.html
https://www.wnacg.com/photos-view-id-12283878.html
https://www.wnacg.com/photos-index-page-15-aid-139248.html
https://www.wnacg.com/photos-view-id-12283852.html
https://www.wnacg.com/photos-view-id-12283780.html
https://www.wnacg.com/photos-index-page-3-aid-139248.html
https://www.wnacg.com/photos-slide-aid-139248.html
https://www.wnacg.com/photos-view-id-12283730.html
https://www.wnacg.com/photos-view-id-12283720.html
https://www.wnacg.com/photos-view-id-12283743.html
https://www.wnacg.com/photos-index-page-6-aid-139248.html
https://www.wnacg.com/photos-index-page-1-aid-139248.html
https://www.wnacg.com/photos-view-id-12283795.html
https://www.wnacg.com/photos-view-id-12283762.html
https://www.wnacg.com/photos-view-id-12283836.html
https://www.wnacg.com/photos-view-id-12283843.html
https://www.wnacg.com/photos-view-id-12283781.html
https://www.wnacg.com/photos-view-id-12283837.html
https://www.wnacg.com/photos-view-id-12283874.html
https://www.wnacg.com/photos-view-id-12283855.html
https://www.wnacg.com/photos-view-id-12283861.html
https://www.wnacg.com/photos-view-id-12283757.html
https://www.wnacg.com/photos-view-id-12283740.html
https://www.wnacg.com/photos-view-id-12283821.html
https://www.wnacg.com/photos-view-id-12283873.html
https://www.wnacg.com/photos-index-page-7-aid-139248.html
https://www.wnacg.com/photos-view-id-12283799.html
https://www.wnacg.com/photos-view-id-12283862.html
https://www.wnacg.com/photos-index-page-8-aid-139248.html
https://www.wnacg.com/photos-view-id-12283798.html
https://www.wnacg.com/photos-view-id-12283858.html
https://www.wnacg.com/photos-index-page-10-aid-139248.html
https://www.wnacg.com/photos-view-id-12283722.html
https://www.wnacg.com/photos-view-id-12283729.html
https://www.wnacg.com/photos-index-page-9-aid-139248.html
https://www.wnacg.com/photos-view-id-12283776.html
https://www.wnacg.com/photos-view-id-12283733.html
https://www.wnacg.com/photos-view-id-12283853.html
https://www.wnacg.com/photos-view-id-12283857.html
https://www.wnacg.com/photos-view-id-12283801.html
https://www.wnacg.com/photos-view-id-12283864.html
https://www.wnacg.com/photos-view-id-12283840.html
https://www.wnacg.com/photos-view-id-12283818.html
https://www.wnacg.com/photos-view-id-12283867.html
https://www.wnacg.com/photos-view-id-12283869.html
https://www.wnacg.com/photos-view-id-12283879.html
https://www.wnacg.com/photos-view-id-12283734.html
https://www.wnacg.com/photos-view-id-12283845.html
https://www.wnacg.com/photos-view-id-12283792.html
https://www.wnacg.com/photos-view-id-12283719.html
https://www.wnacg.com/photos-view-id-12283825.html
https://www.wnacg.com/photos-view-id-12283822.html
https://www.wnacg.com/photos-view-id-12283744.html
https://www.wnacg.com/photos-view-id-12283839.html
https://www.wnacg.com/photos-view-id-12283736.html
https://www.wnacg.com/photos-view-id-12283761.html
https://www.wnacg.com/photos-view-id-12283809.html
https://www.wnacg.com/photos-view-id-12283783.html
https://www.wnacg.com/photos-view-id-12283850.html
https://www.wnacg.com/photos-view-id-12283784.html
https://www.wnacg.com/photos-view-id-12283787.html
https://www.wnacg.com/photos-view-id-12283802.html
https://www.wnacg.com/photos-view-id-12283715.html
https://www.wnacg.com/photos-view-id-12283871.html
https://www.wnacg.com/photos-view-id-12283721.html
https://www.wnacg.com/photos-view-id-12283763.html
https://www.wnacg.com/photos-view-id-12283778.html
https://www.wnacg.com/photos-view-id-12283790.html
https://www.wnacg.com/photos-view-id-12283775.html
https://www.wnacg.com/photos-view-id-12283835.html
https://www.wnacg.com/photos-view-id-12283756.html
https://www.wnacg.com/photos-view-id-12283759.html
https://www.wnacg.com/photos-view-id-12283779.html
https://www.wnacg.com/photos-view-id-12283860.html
https://www.wnacg.com/photos-view-id-12283716.html
https://www.wnacg.com/photos-view-id-12283870.html
https://www.wnacg.com/photos-view-id-12283797.html
https://www.wnacg.com/photos-view-id-12283868.html
https://www.wnacg.com/photos-view-id-12283782.html
https://www.wnacg.com/photos-view-id-12283712.html
https://www.wnacg.com/photos-view-id-12283813.html
https://www.wnacg.com/photos-view-id-12283741.html
https://www.wnacg.com/photos-view-id-12283846.html
https://www.wnacg.com/photos-view-id-12283749.html
https://www.wnacg.com/photos-view-id-12283806.html
https://www.wnacg.com/photos-view-id-12283842.html
https://www.wnacg.com/photos-view-id-12283796.html
https://www.wnacg.com/photos-view-id-12283786.html
https://www.wnacg.com/photos-view-id-12283751.html
https://www.wnacg.com/photos-view-id-12283742.html
https://www.wnacg.com/photos-view-id-12283866.html
https://www.wnacg.com/photos-view-id-12283829.html
https://www.wnacg.com/photos-view-id-12283830.html
https://www.wnacg.com/photos-view-id-12283772.html
https://www.wnacg.com/photos-view-id-12283872.html
https://www.wnacg.com/photos-view-id-12283750.html
https://www.wnacg.com/photos-view-id-12283800.html
https://www.wnacg.com/photos-view-id-12283794.html
https://www.wnacg.com/photos-view-id-12283727.html
https://www.wnacg.com/photos-view-id-12283737.html
https://www.wnacg.com/photos-view-id-12283758.html
https://www.wnacg.com/photos-view-id-12283812.html
https://www.wnacg.com/photos-view-id-12283713.html
https://www.wnacg.com/photos-view-id-12283731.html
https://www.wnacg.com/photos-view-id-12283841.html
https://www.wnacg.com/photos-view-id-12283824.html
https://www.wnacg.com/photos-view-id-12283823.html
https://www.wnacg.com/photos-view-id-12283832.html
https://www.wnacg.com/photos-view-id-12283769.html
https://v1.wzip.date/down/1393/534e48403beffaaede70c939e7d46b1e.zip?n=[%E4%B8%88%E5%B1%B1%E9%9B%84%E7%82%BA%E6%90%BE%E7%B2%BE%E7%A0%94%E7%A9%B6%E6%89%80]%E6%B7%AB%E7%8D%84%E5%9B%A3%E5%9C%B0%20%E6%B7%AB%E7%8D%84%E5%B0%8F%E5%8D%80%20%E7%AC%AC1%E5%8D%B7%20[%E6%B2%92%E6%9C%89%E6%BC%A2%E5%8C%96]
https://v1.wzip.download/down/1393/534e48403beffaaede70c939e7d46b1e.zip?n=[%E4%B8%88%E5%B1%B1%E9%9B%84%E7%82%BA%E6%90%BE%E7%B2%BE%E7%A0%94%E7%A9%B6%E6%89%80]%E6%B7%AB%E7%8D%84%E5%9B%A3%E5%9C%B0%20%E6%B7%AB%E7%8D%84%E5%B0%8F%E5%8D%80%20%E7%AC%AC1%E5%8D%B7%20[%E6%B2%92%E6%9C%89%E6%BC%A2%E5%8C%96]
https://www.wnacg.com/photos-view-id-12283805.html
https://www.wnacg.com/photos-view-id-12283753.html
https://www.wnacg.com/photos-view-id-12283718.html
https://www.wnacg.com/photos-view-id-12283827.html
https://www.wnacg.com/photos-index-page-14-aid-139248.html
https://www.wnacg.com/photos-index-page-13-aid-139248.html
https://www.wnacg.com/photos-index-page-11-aid-139248.html
https://www.wnacg.com/photos-view-id-12283766.html
https://www.wnacg.com/photos-index-page-12-aid-139248.html
https://www.wnacg.com/photos-view-id-12283768.html
https://www.wnacg.com/photos-view-id-12283833.html
https://www.wnacg.com/photos-view-id-12283748.html
https://www.wnacg.com/photos-view-id-12283726.html
https://www.wnacg.com/photos-view-id-12283773.html
https://www.wnacg.com/photos-view-id-12283791.html
https://www.wnacg.com/photos-view-id-12283828.html
https://www.wnacg.com/photos-view-id-12283816.html
https://www.wnacg.com/photos-view-id-12283814.html
https://www.wnacg.com/photos-view-id-12283826.html
https://www.wnacg.com/photos-view-id-12283849.html
https://www.wnacg.com/photos-view-id-12283875.html
https://www.wnacg.com/photos-view-id-12283714.html
https://www.wnacg.com/photos-view-id-12283844.html
https://www.wnacg.com/photos-view-id-12283760.html
https://www.wnacg.com/photos-view-id-12283838.html
https://www.wnacg.com/photos-view-id-12283807.html
https://www.wnacg.com/photos-view-id-12283820.html
https://www.wnacg.com/photos-view-id-12283876.html
https://www.wnacg.com/photos-view-id-12283745.html
https://www.wnacg.com/photos-view-id-12283764.html
https://www.wnacg.com/photos-view-id-12283774.html
https://www.wnacg.com/photos-view-id-12283817.html
https://www.wnacg.com/photos-view-id-12283815.html
https://www.wnacg.com/photos-view-id-12283793.html
https://www.wnacg.com/photos-view-id-12283754.html
https://www.wnacg.com/photos-view-id-12283819.html
https://www.wnacg.com/photos-view-id-12283711.html
https://www.wnacg.com/photos-view-id-12283755.html
https://www.wnacg.com/photos-view-id-12283863.html
https://www.wnacg.com/photos-view-id-12283770.html
https://www.wnacg.com/photos-view-id-12283803.html
https://www.wnacg.com/photos-view-id-12283717.html
https://www.wnacg.com/photos-view-id-12283834.html
https://www.wnacg.com/photos-view-id-12283777.html
https://www.wnacg.com/photos-view-id-12283725.html
https://www.wnacg.com/photos-view-id-12283747.html
https://www.wnacg.com/photos-view-id-12283811.html
https://www.wnacg.com/photos-view-id-12283851.html
https://www.wnacg.com/photos-view-id-12283771.html
https://www.wnacg.com/photos-view-id-12283804.html
https://www.wnacg.com/photos-view-id-12283735.html
https://www.wnacg.com/photos-view-id-12283847.html
https://www.wnacg.com/photos-view-id-12283723.html
https://www.wnacg.com/photos-view-id-12283728.html
https://www.wnacg.com/photos-view-id-12283738.html
https://www.wnacg.com/photos-view-id-12283810.html
https://www.wnacg.com/photos-view-id-12283856.html
https://www.wnacg.com/photos-view-id-12283746.html
https://www.wnacg.com/photos-view-id-12283752.html
https://www.wnacg.com/photos-view-id-12283732.html
https://www.wnacg.com/photos-view-id-12283767.html
https://www.wnacg.com/photos-view-id-12283808.html
https://www.wnacg.com/photos-view-id-12283788.html
https://www.wnacg.com/photos-view-id-12283865.html
https://www.wnacg.com/photos-view-id-12283789.html
https://www.wnacg.com/photos-view-id-12283739.html
