/web/20251006120903/https://wnacg.com/photos-index-aid-302697.html
/web/20251006120923/https://wnacg.com/photos-view-id-25187237.html
/web/20251006120933/https://wnacg.com/photos-view-id-25187240.html
/web/20251006120954/https://wnacg.com/photos-view-id-25187241.html
/web/20251006121003/https://wnacg.com/photos-index-page-4-aid-302697.html
/web/20251006120957/https://wnacg.com/photos-view-id-25187243.html
/web/20251006121034/https://wnacg.com/download-index-aid-302697.html
/web/20251006121035/https://wnacg.com/photos-view-id-25187232.html
/web/20251006121055/https://wnacg.com/photos-view-id-25187236.html
/web/20251006121055/https://wnacg.com/photos-view-id-25187234.html
/web/20251006121137/https://wnacg.com/photos-index-page-3-aid-302697.html
/web/20251006121147/https://wnacg.com/photos-view-id-25187239.html
/web/20251006121106/https://wnacg.com/photos-view-id-25187235.html
/web/20251006121157/https://wnacg.com/photos-view-id-25187242.html
/web/20251006121135/https://wnacg.com/photos-index-page-2-aid-302697.html
/web/20251006121249/https://wnacg.com/photos-view-id-25187233.html
/web/20251006121259/https://wnacg.com/photos-view-id-25187238.html
/web/20251006121247/https://wnacg.com/photos-slide-aid-302697.html
/web/20251006121320/https://wnacg.com/photos-view-id-25187274.html
/web/20251006121329/https://wnacg.com/photos-view-id-25187272.html
/web/20251006121359/https://wnacg.com/photos-view-id-25187268.html
/web/20251006121401/https://wnacg.com/photos-view-id-25187271.html
/web/20251006121411/https://wnacg.com/photos-view-id-25187269.html
/web/20251006121420/https://wnacg.com/photos-view-id-25187270.html
/web/20251006121430/https://wnacg.com/photos-index-page-1-aid-302697.html
/web/20251006121441/https://wnacg.com/photos-view-id-25187273.html
/web/20251006121511/https://v1.wzip.download/down/3027/d188d8f27f04ac36ace87e4bc93d336f.zip?n=(%E3%81%B5%E3%81%9F%E3%81%91%E3%81%A3%E3%81%A834)%20%5B%E6%B0%97%E3%81%BE%E3%81%90%E3%82%8C%E3%81%AA%E5%8C%96%E3%81%91%E7%8C%AB%20(%E3%82%B8%E3%82%A7%E3%83%8B%E3%82%AC%E3%82%BF)%5D%20%E3%81%B5%E3%81%9F%E3%81%AA%E3%82%8AHERO%E3%81%AE%E6%80%A7%E7%99%96%E3%81%8C%E3%81%B6%E3%81%A3%E5%A3%8A%E3%82%8C%E3%81%A6%E3%81%84%E3%82%8B%20VS%E7%94%9F%E6%84%8F%E6%B0%97%E6%80%AA%E7%9B%97%20%E3%81%93%E3%82%8C%E3%81%8C%E7%A7%81%E9%81%94%E3%81%AE%E3%82%A4%E3%81%8D%E6%A7%98%20(%E3%82%AA%E3%83%AA%E3%82%B8%E3%83%8A%E3%83%AB)%20%5BDL%E7%89%88%5D%20%5B%E4%B8%AD%E5%9C%8B%E7%BF%BB%E8%A8%B3%5D
/web/20251006121525/https://v1.wzip.date/down/3027/d188d8f27f04ac36ace87e4bc93d336f.zip?n=(%E3%81%B5%E3%81%9F%E3%81%91%E3%81%A3%E3%81%A834)%20%5B%E6%B0%97%E3%81%BE%E3%81%90%E3%82%8C%E3%81%AA%E5%8C%96%E3%81%91%E7%8C%AB%20(%E3%82%B8%E3%82%A7%E3%83%8B%E3%82%AC%E3%82%BF)%5D%20%E3%81%B5%E3%81%9F%E3%81%AA%E3%82%8AHERO%E3%81%AE%E6%80%A7%E7%99%96%E3%81%8C%E3%81%B6%E3%81%A3%E5%A3%8A%E3%82%8C%E3%81%A6%E3%81%84%E3%82%8B%20VS%E7%94%9F%E6%84%8F%E6%B0%97%E6%80%AA%E7%9B%97%20%E3%81%93%E3%82%8C%E3%81%8C%E7%A7%81%E9%81%94%E3%81%AE%E3%82%A4%E3%81%8D%E6%A7%98%20(%E3%82%AA%E3%83%AA%E3%82%B8%E3%83%8A%E3%83%AB)%20%5BDL%E7%89%88%5D%20%5B%E4%B8%AD%E5%9C%8B%E7%BF%BB%E8%A8%B3%5D
/web/20251006121533/https://wnacg.com/photos-view-id-25187267.html
/web/20251006121511/https://wnacg.com/photos-view-id-25187244.html
/web/20251006121553/https://wnacg.com/photos-view-id-25187259.html
/web/20251006121617/https://wnacg.com/photos-view-id-25187266.html
/web/20251006121618/https://wnacg.com/photos-view-id-25187261.html
/web/20251006121603/https://wnacg.com/photos-view-id-25187263.html
/web/20251006121629/https://wnacg.com/photos-view-id-25187265.html
/web/20251006121633/https://wnacg.com/photos-view-id-25187260.html
/web/20251006121726/https://wnacg.com/photos-view-id-25187262.html
/web/20251006121739/https://wnacg.com/photos-view-id-25187258.html
/web/20251006121815/https://wnacg.com/photos-view-id-25187264.html
/web/20251006121831/https://wnacg.com/photos-view-id-25187248.html
/web/20251006121759/https://wnacg.com/photos-view-id-25187257.html
/web/20251006121841/https://wnacg.com/photos-view-id-25187249.html
/web/20251006121829/https://wnacg.com/photos-view-id-25187251.html
/web/20251006121729/https://wnacg.com/photos-view-id-25187256.html
/web/20251006121911/https://wnacg.com/photos-view-id-25187250.html
/web/20251006121927/https://wnacg.com/photos-view-id-25187245.html
/web/20251006121933/https://wnacg.com/photos-view-id-25187247.html
/web/20251006121951/https://wnacg.com/photos-view-id-25187254.html
/web/20251006121945/https://wnacg.com/photos-view-id-25187253.html
/web/20251006122208/https://wnacg.com/photos-view-id-25187246.html
/web/20251006122230/https://wnacg.com/photos-view-id-25187252.html
/web/20251006122132/https://wnacg.com/photos-view-id-25187255.html
