/web/20251006073333/https://www.wnacg.com/photos-index-aid-298916.html
/web/20251006073534/https://www.wnacg.com/photos-view-id-24798275.html
/web/20251006073529/https://www.wnacg.com/download-index-aid-298916.html
/web/20251006073540/https://www.wnacg.com/photos-view-id-24798278.html
/web/20251006073558/https://www.wnacg.com/photos-view-id-24798277.html
/web/20251006073513/https://www.wnacg.com/photos-view-id-24798279.html
/web/20251006073535/https://www.wnacg.com/photos-view-id-24798281.html
/web/20251006073718/https://www.wnacg.com/photos-index-page-2-aid-298916.html
/web/20251006073733/https://www.wnacg.com/photos-view-id-24798284.html
/web/20251006073736/https://www.wnacg.com/photos-slide-aid-298916.html
/web/20251006073650/https://www.wnacg.com/photos-index-page-3-aid-298916.html
/web/20251006073652/https://www.wnacg.com/photos-view-id-24798283.html
/web/20251006074017/https://www.wnacg.com/photos-view-id-24798276.html
/web/20251006073936/https://www.wnacg.com/photos-view-id-24798274.html
/web/20251006073857/https://v1.wzip.date/down/2990/1ebb5e4f8cd1e3e4d006548a247e1615.zip?n=%5B%E7%8C%BF%E7%8C%B4%5D%20%E6%90%BE%E7%B2%BE%E6%8B%85%E5%BD%93%E3%81%8A%E5%A7%89%E3%81%95%E3%82%931~2%5B%E4%B8%AD%E5%9B%BD%E7%BF%BB%E8%A8%B3%5D%5B%E7%B2%97%E7%A2%BC%5D
/web/20251006073906/https://v1.wzip.download/down/2990/1ebb5e4f8cd1e3e4d006548a247e1615.zip?n=%5B%E7%8C%BF%E7%8C%B4%5D%20%E6%90%BE%E7%B2%BE%E6%8B%85%E5%BD%93%E3%81%8A%E5%A7%89%E3%81%95%E3%82%931~2%5B%E4%B8%AD%E5%9B%BD%E7%BF%BB%E8%A8%B3%5D%5B%E7%B2%97%E7%A2%BC%5D
/web/20251006073826/https://www.wnacg.com/photos-view-id-24798280.html
/web/20251006073917/https://www.wnacg.com/photos-view-id-24798282.html
/web/20251006074508/https://www.wnacg.com/photos-view-id-24798285.html
/web/20251006074456/https://www.wnacg.com/photos-view-id-24798288.html
/web/20251006074322/https://www.wnacg.com/photos-view-id-24798293.html
/web/20251006075000/https://www.wnacg.com/photos-index-page-6-aid-298916.html
/web/20251006075801/https://www.wnacg.com/photos-view-id-24798296.html
/web/20251006080852/https://www.wnacg.com/photos-view-id-24798289.html
/web/20251006081835/https://www.wnacg.com/photos-view-id-24798294.html
/web/20251006073927/https://www.wnacg.com/photos-view-id-24798307.html
/web/20251006082630/https://www.wnacg.com/photos-view-id-24798295.html
/web/20251006074028/https://www.wnacg.com/photos-view-id-24798298.html
/web/20251006074157/https://www.wnacg.com/photos-view-id-24798300.html
/web/20251006082656/https://www.wnacg.com/photos-view-id-24798292.html
/web/20251006074055/https://www.wnacg.com/photos-index-page-4-aid-298916.html
/web/20251006074058/https://www.wnacg.com/photos-view-id-24798304.html
/web/20251006074213/https://www.wnacg.com/photos-view-id-24798301.html
/web/20251006074141/https://www.wnacg.com/photos-view-id-24798302.html
/web/20251006074217/https://www.wnacg.com/photos-view-id-24798306.html
/web/20251006074238/https://www.wnacg.com/photos-view-id-24798299.html
/web/20251006074229/https://www.wnacg.com/photos-view-id-24798303.html
/web/20251006074345/https://www.wnacg.com/photos-index-page-5-aid-298916.html
/web/20251006074603/https://www.wnacg.com/photos-view-id-24798273.html
/web/20251006075438/https://www.wnacg.com/photos-view-id-24798286.html
/web/20251006075231/https://www.wnacg.com/photos-view-id-24798287.html
/web/20251006075956/https://www.wnacg.com/photos-view-id-24798336.html
/web/20251006080045/https://www.wnacg.com/photos-view-id-24798340.html
/web/20251006075948/https://www.wnacg.com/photos-view-id-24798334.html
/web/20251006080016/https://www.wnacg.com/photos-view-id-24798338.html
/web/20251006075333/https://www.wnacg.com/photos-index-page-9-aid-298916.html
/web/20251006080026/https://www.wnacg.com/photos-view-id-24798335.html
/web/20251006074634/https://www.wnacg.com/photos-view-id-24798297.html
/web/20251006082026/https://www.wnacg.com/photos-view-id-24798290.html
/web/20251006074515/https://www.wnacg.com/photos-view-id-24798308.html
/web/20251006074611/https://www.wnacg.com/photos-view-id-24798311.html
/web/20251006074607/https://www.wnacg.com/photos-view-id-24798309.html
/web/20251006074633/https://www.wnacg.com/photos-view-id-24798313.html
/web/20251006074824/https://www.wnacg.com/photos-view-id-24798314.html
/web/20251006074830/https://www.wnacg.com/photos-view-id-24798318.html
/web/20251006074707/https://www.wnacg.com/photos-view-id-24798316.html
/web/20251006074747/https://www.wnacg.com/photos-index-page-11-aid-298916.html
/web/20251006074747/https://www.wnacg.com/photos-index-page-8-aid-298916.html
/web/20251006083211/https://www.wnacg.com/photos-view-id-24798291.html
/web/20251006074902/https://www.wnacg.com/photos-view-id-24798310.html
/web/20251006074905/https://www.wnacg.com/photos-view-id-24798305.html
/web/20251006075115/https://www.wnacg.com/photos-view-id-24798328.html
/web/20251006075011/https://www.wnacg.com/photos-view-id-24798327.html
/web/20251006075115/https://www.wnacg.com/photos-view-id-24798321.html
/web/20251006075005/https://www.wnacg.com/photos-view-id-24798324.html
/web/20251006075134/https://www.wnacg.com/photos-view-id-24798330.html
/web/20251006075223/https://www.wnacg.com/photos-view-id-24798331.html
/web/20251006075323/https://www.wnacg.com/photos-view-id-24798395.html
/web/20251006081303/https://www.wnacg.com/photos-view-id-24798337.html
/web/20251006081420/https://www.wnacg.com/photos-view-id-24798341.html
/web/20251006081349/https://www.wnacg.com/photos-view-id-24798339.html
/web/20251006081453/https://www.wnacg.com/photos-view-id-24798333.html
/web/20251006080343/https://www.wnacg.com/photos-view-id-24798371.html
/web/20251006080254/https://www.wnacg.com/photos-view-id-24798375.html
/web/20251006080309/https://www.wnacg.com/photos-view-id-24798377.html
/web/20251006080409/https://www.wnacg.com/photos-view-id-24798380.html
/web/20251006080407/https://www.wnacg.com/photos-view-id-24798373.html
/web/20251006075655/https://www.wnacg.com/photos-index-page-7-aid-298916.html
/web/20251006080546/https://www.wnacg.com/photos-view-id-24798379.html
/web/20251006075338/https://www.wnacg.com/photos-view-id-24798312.html
/web/20251006075343/https://www.wnacg.com/photos-view-id-24798315.html
/web/20251006075550/https://www.wnacg.com/photos-view-id-24798317.html
/web/20251006075850/https://www.wnacg.com/photos-view-id-24798319.html
/web/20251006075804/https://www.wnacg.com/photos-view-id-24798394.html
/web/20251006075657/https://www.wnacg.com/photos-index-page-10-aid-298916.html
/web/20251006075521/https://www.wnacg.com/photos-view-id-24798366.html
/web/20251006075605/https://www.wnacg.com/photos-view-id-24798359.html
/web/20251006075454/https://www.wnacg.com/photos-view-id-24798357.html
/web/20251006075656/https://www.wnacg.com/photos-view-id-24798362.html
/web/20251006075720/https://www.wnacg.com/photos-view-id-24798368.html
/web/20251006075824/https://www.wnacg.com/photos-view-id-24798358.html
/web/20251006080142/https://www.wnacg.com/photos-view-id-24798329.html
/web/20251006080040/https://www.wnacg.com/photos-view-id-24798326.html
/web/20251006080147/https://www.wnacg.com/photos-view-id-24798320.html
/web/20251006080214/https://www.wnacg.com/photos-view-id-24798322.html
/web/20251006080230/https://www.wnacg.com/photos-view-id-24798332.html
/web/20251006075359/https://www.wnacg.com/photos-view-id-24798325.html
/web/20251006082140/https://www.wnacg.com/photos-view-id-24798342.html
/web/20251006081721/https://www.wnacg.com/photos-view-id-24798370.html
/web/20251006081728/https://www.wnacg.com/photos-view-id-24798372.html
/web/20251006081452/https://www.wnacg.com/photos-view-id-24798374.html
/web/20251006081514/https://www.wnacg.com/photos-view-id-24798376.html
/web/20251006081532/https://www.wnacg.com/photos-view-id-24798378.html
/web/20251006083945/https://www.wnacg.com/photos-view-id-24798323.html
/web/20251006081230/https://www.wnacg.com/photos-view-id-24798381.html
/web/20251006080758/https://www.wnacg.com/photos-view-id-24798355.html
/web/20251006080624/https://www.wnacg.com/photos-view-id-24798348.html
/web/20251006080759/https://www.wnacg.com/photos-view-id-24798347.html
/web/20251006080524/https://www.wnacg.com/photos-view-id-24798356.html
/web/20251006080746/https://www.wnacg.com/photos-view-id-24798351.html
/web/20251006080756/https://www.wnacg.com/photos-view-id-24798345.html
/web/20251006081239/https://www.wnacg.com/photos-view-id-24798393.html
/web/20251006081051/https://www.wnacg.com/photos-view-id-24798384.html
/web/20251006081133/https://www.wnacg.com/photos-view-id-24798391.html
/web/20251006081002/https://www.wnacg.com/photos-view-id-24798383.html
/web/20251006081013/https://www.wnacg.com/photos-view-id-24798388.html
/web/20251006081109/https://www.wnacg.com/photos-view-id-24798390.html
/web/20251006081128/https://www.wnacg.com/photos-view-id-24798392.html
/web/20251006081348/https://www.wnacg.com/photos-view-id-24798386.html
/web/20251006080557/https://www.wnacg.com/photos-view-id-24798365.html
/web/20251006080435/https://www.wnacg.com/photos-view-id-24798367.html
/web/20251006080526/https://www.wnacg.com/photos-view-id-24798360.html
/web/20251006080854/https://www.wnacg.com/photos-view-id-24798363.html
/web/20251006080808/https://www.wnacg.com/photos-view-id-24798369.html
/web/20251006084345/https://www.wnacg.com/photos-view-id-24798361.html
/web/20251006082016/https://www.wnacg.com/photos-view-id-24798382.html
/web/20251006084406/https://www.wnacg.com/photos-view-id-24798343.html
/web/20251006081806/https://www.wnacg.com/photos-view-id-24798354.html
/web/20251006081809/https://www.wnacg.com/photos-view-id-24798349.html
/web/20251006081833/https://www.wnacg.com/photos-view-id-24798346.html
/web/20251006081912/https://www.wnacg.com/photos-view-id-24798352.html
/web/20251006082050/https://www.wnacg.com/photos-view-id-24798350.html
/web/20251006082102/https://www.wnacg.com/photos-view-id-24798344.html
/web/20251006082123/https://www.wnacg.com/photos-view-id-24798385.html
/web/20251006082040/https://www.wnacg.com/photos-view-id-24798387.html
/web/20251006082101/https://www.wnacg.com/photos-view-id-24798389.html
/web/20251006081623/https://www.wnacg.com/photos-view-id-24798364.html
/web/20251006084607/https://www.wnacg.com/photos-view-id-24798353.html
