/web/20251005032254/https://www.wnacg.com/photos-index-page-2-aid-208781.html
/web/20251005032322/https://www.wnacg.com/download-index-aid-208781.html
/web/20251005032355/https://www.wnacg.com/photos-view-id-17914087.html
/web/20251005032417/https://www.wnacg.com/photos-view-id-17914086.html
/web/20251005032412/https://www.wnacg.com/photos-view-id-17914090.html
/web/20251005032345/https://www.wnacg.com/photos-view-id-17914092.html
/web/20251005032439/https://www.wnacg.com/photos-view-id-17914088.html
/web/20251005032442/https://www.wnacg.com/photos-view-id-17914091.html
/web/20251005032459/https://www.wnacg.com/photos-view-id-17914094.html
/web/20251005032504/https://www.wnacg.com/photos-view-id-17914084.html
/web/20251005032600/https://www.wnacg.com/photos-view-id-17914093.html
/web/20251005032538/https://www.wnacg.com/photos-view-id-17914097.html
/web/20251005032559/https://www.wnacg.com/photos-index-page-3-aid-208781.html
/web/20251005032704/https://www.wnacg.com/photos-view-id-17914100.html
/web/20251005032641/https://www.wnacg.com/photos-slide-aid-208781.html
/web/20251005032547/https://www.wnacg.com/photos-view-id-17914096.html
/web/20251005032758/https://www.wnacg.com/photos-index-page-1-aid-208781.html
/web/20251005032816/https://v1.wzip.date/down/2088/d06e5501f7f05026ec74979ac3798f46.zip?n=%5B%E3%81%82%E3%81%BE%E3%81%8E%E3%82%83%E3%81%A3%E3%81%B1%20(%E9%9B%A8%E9%9F%B3%E3%81%95%E3%82%93)%5D%20%E3%83%88%E3%82%A4%E3%83%AC%E3%81%AE%E5%9C%B0%E9%9B%B7%E3%81%A1%E3%82%83%E3%82%93%20%5B%E4%B8%AD%E5%9B%BD%E7%BF%BB%E8%A8%B3%5D
/web/20251005031539/https://www.wnacg.com/photos-index-aid-208781.html
/web/20251005032829/https://v1.wzip.download/down/2088/d06e5501f7f05026ec74979ac3798f46.zip?n=%5B%E3%81%82%E3%81%BE%E3%81%8E%E3%82%83%E3%81%A3%E3%81%B1%20(%E9%9B%A8%E9%9F%B3%E3%81%95%E3%82%93)%5D%20%E3%83%88%E3%82%A4%E3%83%AC%E3%81%AE%E5%9C%B0%E9%9B%B7%E3%81%A1%E3%82%83%E3%82%93%20%5B%E4%B8%AD%E5%9B%BD%E7%BF%BB%E8%A8%B3%5D
/web/20251005032851/https://www.wnacg.com/photos-view-id-17914109.html
/web/20251005032919/https://www.wnacg.com/photos-view-id-17914083.html
/web/20251005032929/https://www.wnacg.com/photos-view-id-17914113.html
/web/20251005033008/https://www.wnacg.com/photos-view-id-17914102.html
/web/20251005033029/https://www.wnacg.com/photos-view-id-17914112.html
/web/20251005033037/https://www.wnacg.com/photos-view-id-17914108.html
/web/20251005032934/https://www.wnacg.com/photos-view-id-17914105.html
/web/20251005033047/https://www.wnacg.com/photos-view-id-17914101.html
/web/20251005033155/https://www.wnacg.com/photos-view-id-17914070.html
/web/20251005033120/https://www.wnacg.com/photos-view-id-17914078.html
/web/20251005033111/https://www.wnacg.com/photos-view-id-17914067.html
/web/20251005033155/https://www.wnacg.com/photos-view-id-17914107.html
/web/20251005033228/https://www.wnacg.com/photos-view-id-17914074.html
/web/20251005033247/https://www.wnacg.com/photos-view-id-17914068.html
/web/20251005033229/https://www.wnacg.com/photos-view-id-17914080.html
/web/20251005033302/https://www.wnacg.com/photos-view-id-17914076.html
/web/20251005033255/https://www.wnacg.com/photos-view-id-17914077.html
/web/20251005033242/https://www.wnacg.com/photos-view-id-17914081.html
/web/20251005033343/https://www.wnacg.com/photos-view-id-17914073.html
/web/20251005033400/https://www.wnacg.com/photos-view-id-17914071.html
