https://www.wnacg.com/photos-index-page-2-aid-208781.html
https://www.wnacg.com/download-index-aid-208781.html
https://www.wnacg.com/photos-view-id-17914087.html
https://www.wnacg.com/photos-view-id-17914086.html
https://www.wnacg.com/photos-view-id-17914090.html
https://www.wnacg.com/photos-view-id-17914092.html
https://www.wnacg.com/photos-view-id-17914088.html
https://www.wnacg.com/photos-view-id-17914091.html
https://www.wnacg.com/photos-view-id-17914094.html
https://www.wnacg.com/photos-view-id-17914084.html
https://www.wnacg.com/photos-view-id-17914093.html
https://www.wnacg.com/photos-view-id-17914097.html
https://www.wnacg.com/photos-index-page-3-aid-208781.html
https://www.wnacg.com/photos-view-id-17914100.html
https://www.wnacg.com/photos-slide-aid-208781.html
https://www.wnacg.com/photos-view-id-17914096.html
https://www.wnacg.com/photos-index-page-1-aid-208781.html
https://v1.wzip.date/down/2088/d06e5501f7f05026ec74979ac3798f46.zip?n=[%E3%81%82%E3%81%BE%E3%81%8E%E3%82%83%E3%81%A3%E3%81%B1%20(%E9%9B%A8%E9%9F%B3%E3%81%95%E3%82%93)]%20%E3%83%88%E3%82%A4%E3%83%AC%E3%81%AE%E5%9C%B0%E9%9B%B7%E3%81%A1%E3%82%83%E3%82%93%20[%E4%B8%AD%E5%9B%BD%E7%BF%BB%E8%A8%B3]
https://www.wnacg.com/photos-index-aid-208781.html
https://v1.wzip.download/down/2088/d06e5501f7f05026ec74979ac3798f46.zip?n=[%E3%81%82%E3%81%BE%E3%81%8E%E3%82%83%E3%81%A3%E3%81%B1%20(%E9%9B%A8%E9%9F%B3%E3%81%95%E3%82%93)]%20%E3%83%88%E3%82%A4%E3%83%AC%E3%81%AE%E5%9C%B0%E9%9B%B7%E3%81%A1%E3%82%83%E3%82%93%20[%E4%B8%AD%E5%9B%BD%E7%BF%BB%E8%A8%B3]
https://www.wnacg.com/photos-view-id-17914109.html
https://www.wnacg.com/photos-view-id-17914083.html
https://www.wnacg.com/photos-view-id-17914113.html
https://www.wnacg.com/photos-view-id-17914102.html
https://www.wnacg.com/photos-view-id-17914112.html
https://www.wnacg.com/photos-view-id-17914108.html
https://www.wnacg.com/photos-view-id-17914105.html
https://www.wnacg.com/photos-view-id-17914101.html
https://www.wnacg.com/photos-view-id-17914070.html
https://www.wnacg.com/photos-view-id-17914078.html
https://www.wnacg.com/photos-view-id-17914067.html
https://www.wnacg.com/photos-view-id-17914107.html
https://www.wnacg.com/photos-view-id-17914074.html
https://www.wnacg.com/photos-view-id-17914068.html
https://www.wnacg.com/photos-view-id-17914080.html
https://www.wnacg.com/photos-view-id-17914076.html
https://www.wnacg.com/photos-view-id-17914077.html
https://www.wnacg.com/photos-view-id-17914081.html
https://www.wnacg.com/photos-view-id-17914073.html
https://www.wnacg.com/photos-view-id-17914071.html
