/web/20251130050424/https://www.wnacg.ru/photos-index-aid-172185.html
/web/20251130050447/https://www.wnacg.ru/photos-index-aid-107002.html
/web/20251130050515/https://www.wnacg.ru/photos-index-aid-171729.html
/web/20251130050507/https://www.wnacg.ru/photos-index-aid-222948.html
/web/20251130050551/https://www.wnacg.ru/photos-index-aid-190664.html
/web/20251130050559/https://www.wnacg.ru/photos-index-aid-280170.html
/web/20251130050712/https://www.wnacg.ru/photos-index-aid-284919.html
/web/20251130050730/https://www.wnacg.ru/photos-index-aid-286332.html
/web/20251130050745/https://www.wnacg.ru/photos-index-aid-286333.html
/web/20251130050858/https://www.wnacg.ru/photos-view-id-15221843.html
/web/20251130050905/https://www.wnacg.ru/photos-index-page-2-aid-172185.html
/web/20251130050933/https://www.wnacg.ru/photos-view-id-15221840.html
/web/20251130051002/https://www.wnacg.ru/photos-view-id-15221858.html
/web/20251130051029/https://www.wnacg.ru/photos-slide-aid-172185.html
/web/20251130051047/https://www.wnacg.ru/photos-view-id-15221861.html
/web/20251130051132/https://www.wnacg.ru/photos-view-id-15221846.html
/web/20251130051154/https://www.wnacg.ru/photos-view-id-15221839.html
/web/20251130051159/https://www.wnacg.ru/photos-view-id-15221844.html
/web/20251130051207/https://www.wnacg.ru/photos-view-id-15221855.html
/web/20251130051241/https://www.wnacg.ru/photos-view-id-15221854.html
/web/20251130050848/https://www.wnacg.ru/photos-index-aid-284530.html
/web/20251130051247/https://www.wnacg.ru/download-index-aid-172185.html
/web/20251130051227/https://www.wnacg.ru/photos-view-id-15221862.html
/web/20251130051422/https://www.wnacg.ru/photos-index-page-3-aid-172185.html
/web/20251130051423/https://www.wnacg.ru/photos-view-id-15221856.html
/web/20251130051454/https://www.wnacg.ru/photos-view-id-15221838.html
/web/20251130051447/https://www.wnacg.ru/photos-view-id-15221842.html
/web/20251130051424/https://www.wnacg.ru/photos-view-id-15221851.html
/web/20251130051602/https://www.wnacg.ru/photos-view-id-15221857.html
/web/20251130051546/https://www.wnacg.ru/photos-view-id-15221864.html
/web/20251130051650/https://www.wnacg.ru/photos-view-id-15221841.html
/web/20251130051651/https://www.wnacg.ru/photos-view-id-15221859.html
/web/20251130051713/https://www.wnacg.ru/photos-view-id-15221853.html
/web/20251130051638/https://www.wnacg.ru/photos-index-page-1-aid-172185.html
/web/20251130051736/https://www.wnacg.ru/photos-view-id-15221850.html
/web/20251130051805/https://www.wnacg.ru/photos-view-id-15221845.html
/web/20251130051333/https://www.wnacg.ru/photos-view-id-15221860.html
/web/20251130051837/https://www.wnacg.ru/photos-view-id-15221849.html
/web/20251130051750/https://www.wnacg.ru/photos-view-id-15221848.html
/web/20251130051854/https://www.wnacg.ru/photos-view-id-8614698.html
/web/20251130051348/https://www.wnacg.ru/photos-view-id-15221863.html
/web/20251130051956/https://www.wnacg.ru/photos-view-id-23458225.html
/web/20251130051938/https://www.wnacg.ru/photos-index-page-3-aid-284530.html
/web/20251130051952/https://www.wnacg.ru/photos-view-id-23458212.html
/web/20251130052104/https://www.wnacg.ru/photos-view-id-23458224.html
/web/20251130052133/https://www.wnacg.ru/photos-index-page-2-aid-284530.html
/web/20251130052206/https://www.wnacg.ru/photos-view-id-23458208.html
/web/20251130052121/https://www.wnacg.ru/photos-view-id-23458227.html
/web/20251130052217/https://www.wnacg.ru/photos-view-id-23458220.html
/web/20251130052214/https://www.wnacg.ru/photos-view-id-23458217.html
/web/20251130052251/https://www.wnacg.ru/photos-view-id-23458222.html
/web/20251130052335/https://www.wnacg.ru/photos-view-id-23458204.html
/web/20251130052351/https://www.wnacg.ru/photos-view-id-23458223.html
/web/20251130052413/https://www.wnacg.ru/download-index-aid-284530.html
/web/20251130052504/https://www.wnacg.ru/photos-view-id-23458210.html
/web/20251130052509/https://v1.wzip.download/down/1722/49d46326ee30d2e77600120ea3cdc7ec.zip?n=%5B%E5%A1%A9%E3%81%A1%E3%82%87%E3%81%93%20(%E3%83%8A%E3%83%8F78%E3%80%81%E5%AE%89%E7%94%B0K)%5D%20%E3%83%A8%E3%83%AB%E3%82%AF%E3%81%AE%E3%82%B7%E3%83%A7%E3%82%BF%E8%AA%98%E6%B7%AB%E5%A5%89%E4%BB%95%20(%E3%82%A2%E3%82%BA%E3%83%BC%E3%83%AB%E3%83%AC%E3%83%BC%E3%83%B3)%20%5B%E4%B8%AD%E5%9B%BD%E7%BF%BB%E8%A8%B3%5D%20%5BDL%E7%89%88%5D
/web/20251130052451/https://v1.wzip.date/down/1722/49d46326ee30d2e77600120ea3cdc7ec.zip?n=%5B%E5%A1%A9%E3%81%A1%E3%82%87%E3%81%93%20(%E3%83%8A%E3%83%8F78%E3%80%81%E5%AE%89%E7%94%B0K)%5D%20%E3%83%A8%E3%83%AB%E3%82%AF%E3%81%AE%E3%82%B7%E3%83%A7%E3%82%BF%E8%AA%98%E6%B7%AB%E5%A5%89%E4%BB%95%20(%E3%82%A2%E3%82%BA%E3%83%BC%E3%83%AB%E3%83%AC%E3%83%BC%E3%83%B3)%20%5B%E4%B8%AD%E5%9B%BD%E7%BF%BB%E8%A8%B3%5D%20%5BDL%E7%89%88%5D
/web/20251130052518/https://www.wnacg.ru/photos-slide-aid-284530.html
/web/20251130052545/https://www.wnacg.ru/photos-view-id-15221852.html
/web/20251130052644/https://www.wnacg.ru/photos-view-id-8614702.html
/web/20251130052653/https://www.wnacg.ru/photos-view-id-15221847.html
/web/20251130052744/https://www.wnacg.ru/photos-view-id-23458203.html
/web/20251130052745/https://www.wnacg.ru/photos-index-page-1-aid-284530.html
/web/20251130052824/https://www.wnacg.ru/photos-view-id-23458209.html
/web/20251130052844/https://www.wnacg.ru/photos-view-id-23458205.html
/web/20251130052900/https://www.wnacg.ru/photos-view-id-23458211.html
/web/20251130052926/https://www.wnacg.ru/photos-view-id-23458216.html
/web/20251130052922/https://www.wnacg.ru/photos-view-id-23458201.html
/web/20251130052938/https://www.wnacg.ru/photos-view-id-23458200.html
/web/20251130052950/https://www.wnacg.ru/photos-view-id-23458197.html
/web/20251130053035/https://www.wnacg.ru/photos-view-id-23458219.html
/web/20251130053124/https://www.wnacg.ru/photos-view-id-23458218.html
/web/20251130053130/https://www.wnacg.ru/photos-view-id-23458202.html
/web/20251130053202/https://www.wnacg.ru/photos-view-id-23458226.html
/web/20251130053247/https://www.wnacg.ru/photos-view-id-23458213.html
/web/20251130053143/https://www.wnacg.ru/photos-view-id-23458207.html
/web/20251130053319/https://www.wnacg.ru/photos-view-id-23458198.html
/web/20251130053354/https://v1.wzip.date/down/2846/40ac6555d52b7fd5e779fce20fb15537.zip?n=%5B%E5%A1%A9%E3%81%A1%E3%82%87%E3%81%93%20(%E3%83%8A%E3%83%8F78%E3%80%81%E5%AE%89%E7%94%B0K)%5D%20%E5%B0%BE%E5%BC%B5%E3%81%A8%E3%82%B7%E3%83%A7%E3%82%BF%E6%8C%87%E6%8F%AE%E5%AE%98%E3%81%AE%E3%83%9E%E3%82%B8%E3%83%A4%E3%83%90%E3%81%AA%E6%84%9B%E3%83%91%E3%83%AF%E3%83%BC%20(%E3%82%A2%E3%82%BA%E3%83%BC%E3%83%AB%E3%83%AC%E3%83%BC%E3%83%B3)%EF%BD%9C%E5%B0%BE%E5%BC%A0%E4%B8%8E%E6%AD%A3%E5%A4%AA%E6%8C%87%E6%8C%A5%E5%AE%98%E7%9A%84%E9%9D%9E%E5%B8%B8%E7%B3%9F%E7%B3%95%E7%9A%84%E7%9A%84%E7%88%B1%E4%B9%8B%E5%8A%9B%20%5B%E7%99%BD%E6%9D%A8%E6%B1%89%E5%8C%96%E7%BB%84%5D%20%5BDL%E7%89%88%5D
/web/20251130053340/https://v1.wzip.download/down/2846/40ac6555d52b7fd5e779fce20fb15537.zip?n=%5B%E5%A1%A9%E3%81%A1%E3%82%87%E3%81%93%20(%E3%83%8A%E3%83%8F78%E3%80%81%E5%AE%89%E7%94%B0K)%5D%20%E5%B0%BE%E5%BC%B5%E3%81%A8%E3%82%B7%E3%83%A7%E3%82%BF%E6%8C%87%E6%8F%AE%E5%AE%98%E3%81%AE%E3%83%9E%E3%82%B8%E3%83%A4%E3%83%90%E3%81%AA%E6%84%9B%E3%83%91%E3%83%AF%E3%83%BC%20(%E3%82%A2%E3%82%BA%E3%83%BC%E3%83%AB%E3%83%AC%E3%83%BC%E3%83%B3)%EF%BD%9C%E5%B0%BE%E5%BC%A0%E4%B8%8E%E6%AD%A3%E5%A4%AA%E6%8C%87%E6%8C%A5%E5%AE%98%E7%9A%84%E9%9D%9E%E5%B8%B8%E7%B3%9F%E7%B3%95%E7%9A%84%E7%9A%84%E7%88%B1%E4%B9%8B%E5%8A%9B%20%5B%E7%99%BD%E6%9D%A8%E6%B1%89%E5%8C%96%E7%BB%84%5D%20%5BDL%E7%89%88%5D
/web/20251130052717/https://www.wnacg.ru/photos-view-id-23458215.html
/web/20251130053421/https://www.wnacg.ru/photos-view-id-23458214.html
/web/20251130053625/https://www.wnacg.ru/photos-view-id-8614703.html
/web/20251130053640/https://www.wnacg.ru/photos-view-id-8614697.html
/web/20251130053717/https://www.wnacg.ru/photos-view-id-8614691.html
/web/20251130053751/https://www.wnacg.ru/photos-view-id-8614692.html
/web/20251130053756/https://www.wnacg.ru/photos-slide-aid-107002.html
/web/20251130053832/https://www.wnacg.ru/photos-view-id-8614696.html
/web/20251130053842/https://www.wnacg.ru/photos-view-id-8614695.html
/web/20251130053801/https://www.wnacg.ru/photos-view-id-8614694.html
/web/20251130053803/https://www.wnacg.ru/photos-view-id-8614693.html
/web/20251130053455/https://www.wnacg.ru/photos-view-id-23458221.html
/web/20251130053856/https://www.wnacg.ru/photos-view-id-8614700.html
/web/20251130053510/https://www.wnacg.ru/photos-view-id-23458229.html
/web/20251130053915/https://www.wnacg.ru/photos-view-id-8614701.html
/web/20251130053528/https://www.wnacg.ru/photos-view-id-23458228.html
/web/20251130053540/https://www.wnacg.ru/photos-view-id-23458199.html
/web/20251130054111/https://www.wnacg.ru/photos-view-id-8614704.html
/web/20251130054142/https://www.wnacg.ru/download-index-aid-107002.html
/web/20251130054143/https://www.wnacg.ru/photos-view-id-8614706.html
/web/20251130054211/https://www.wnacg.ru/photos-view-id-15190344.html
/web/20251130054156/https://www.wnacg.ru/photos-index-page-2-aid-107002.html
/web/20251130054246/https://www.wnacg.ru/photos-view-id-15190345.html
/web/20251130054248/https://www.wnacg.ru/photos-view-id-15190329.html
/web/20251130054332/https://www.wnacg.ru/photos-view-id-15190341.html
/web/20251130054404/https://www.wnacg.ru/photos-index-page-3-aid-171729.html
/web/20251130054351/https://www.wnacg.ru/photos-view-id-15190327.html
/web/20251130054403/https://www.wnacg.ru/download-index-aid-171729.html
/web/20251130054446/https://www.wnacg.ru/photos-view-id-15221865.html
/web/20251130054107/https://www.wnacg.ru/photos-view-id-8614699.html
/web/20251130054442/https://www.wnacg.ru/photos-view-id-15190339.html
/web/20251130054105/https://www.wnacg.ru/photos-view-id-23458206.html
/web/20251130054519/https://www.wnacg.ru/photos-view-id-15190343.html
/web/20251130054615/https://v1.wzip.date/down/1071/c0c5cc10fbcd71be80a607fe4a2e6344.zip?n=Desert%20Beauty%20Healing
/web/20251130054630/https://www.wnacg.ru/photos-view-id-15190326.html
/web/20251130054633/https://www.wnacg.ru/photos-index-page-1-aid-107002.html
/web/20251130054654/https://www.wnacg.ru/photos-view-id-8614705.html
/web/20251130054715/https://v1.wzip.download/down/1071/c0c5cc10fbcd71be80a607fe4a2e6344.zip?n=Desert%20Beauty%20Healing
/web/20251130054727/https://www.wnacg.ru/photos-view-id-15190348.html
/web/20251130054741/https://www.wnacg.ru/photos-view-id-15190335.html
/web/20251130054754/https://www.wnacg.ru/photos-index-page-1-aid-171729.html
/web/20251130054859/https://www.wnacg.ru/photos-view-id-15190325.html
/web/20251130054910/https://www.wnacg.ru/photos-view-id-15190337.html
/web/20251130054844/https://www.wnacg.ru/photos-view-id-15190338.html
/web/20251130054946/https://www.wnacg.ru/photos-view-id-15190328.html
/web/20251130054948/https://www.wnacg.ru/photos-view-id-15190346.html
/web/20251130055001/https://v1.wzip.download/down/1718/0c65543268d08a6bf15d5d34c623fb44.zip?n=%5B%E5%A1%A9%E3%81%A1%E3%82%87%E3%81%93%20(%E3%83%8A%E3%83%8F78)%5D%20%E3%83%A8%E3%83%AB%E3%82%AF%E3%81%AE%E3%82%B7%E3%83%A7%E3%82%BF%E8%AA%98%E6%B7%AB%E5%A5%89%E4%BB%95%20(%E3%82%A2%E3%82%BA%E3%83%BC%E3%83%AB%E3%83%AC%E3%83%BC%E3%83%B3)
/web/20251130055038/https://www.wnacg.ru/photos-view-id-15190324.html
/web/20251130055157/https://www.wnacg.ru/photos-view-id-15190330.html
/web/20251130055213/https://www.wnacg.ru/photos-slide-aid-171729.html
/web/20251130055156/https://www.wnacg.ru/photos-index-page-2-aid-171729.html
/web/20251130055227/https://www.wnacg.ru/photos-index-page-3-aid-222948.html
/web/20251130055152/https://www.wnacg.ru/photos-view-id-15190322.html
/web/20251130055242/https://www.wnacg.ru/photos-slide-aid-222948.html
/web/20251130055338/https://www.wnacg.ru/photos-view-id-18897077.html
/web/20251130055313/https://www.wnacg.ru/photos-view-id-18897088.html
/web/20251130055426/https://www.wnacg.ru/photos-view-id-18897093.html
/web/20251130055433/https://www.wnacg.ru/photos-view-id-18897080.html
/web/20251130055449/https://www.wnacg.ru/photos-view-id-18897081.html
/web/20251130055547/https://www.wnacg.ru/photos-view-id-15190336.html
/web/20251130055627/https://www.wnacg.ru/photos-view-id-15190323.html
/web/20251130055653/https://www.wnacg.ru/photos-view-id-15190321.html
/web/20251130055708/https://www.wnacg.ru/photos-view-id-15190340.html
/web/20251130055723/https://www.wnacg.ru/photos-view-id-15190333.html
/web/20251130055653/https://www.wnacg.ru/photos-view-id-15190342.html
/web/20251130055814/https://www.wnacg.ru/photos-view-id-15190347.html
/web/20251130055829/https://www.wnacg.ru/photos-view-id-18897101.html
/web/20251130055840/https://www.wnacg.ru/photos-view-id-18897073.html
/web/20251130055850/https://www.wnacg.ru/photos-index-page-1-aid-222948.html
/web/20251130055935/https://www.wnacg.ru/photos-view-id-18897104.html
/web/20251130055952/https://www.wnacg.ru/photos-view-id-18897094.html
/web/20251130060011/https://www.wnacg.ru/photos-view-id-18897103.html
/web/20251130055951/https://www.wnacg.ru/photos-view-id-18897091.html
/web/20251130060112/https://www.wnacg.ru/photos-view-id-18897085.html
/web/20251130060155/https://www.wnacg.ru/photos-view-id-18897079.html
/web/20251130060111/https://www.wnacg.ru/photos-view-id-18897105.html
/web/20251130060110/https://www.wnacg.ru/photos-view-id-18897074.html
/web/20251130060256/https://www.wnacg.ru/photos-view-id-15190334.html
/web/20251130060409/https://www.wnacg.ru/photos-view-id-18897099.html
/web/20251130060430/https://www.wnacg.ru/photos-view-id-15190332.html
/web/20251130060423/https://www.wnacg.ru/photos-view-id-18897095.html
/web/20251130060441/https://www.wnacg.ru/photos-view-id-18897082.html
/web/20251130060531/https://www.wnacg.ru/download-index-aid-222948.html
/web/20251130060506/https://www.wnacg.ru/photos-view-id-18897092.html
/web/20251130060634/https://www.wnacg.ru/photos-view-id-18897078.html
/web/20251130060605/https://www.wnacg.ru/photos-view-id-16642906.html
/web/20251130060254/https://www.wnacg.ru/photos-view-id-18897097.html
/web/20251130060746/https://www.wnacg.ru/photos-view-id-18897084.html
/web/20251130060915/https://www.wnacg.ru/photos-view-id-18897098.html
/web/20251130060947/https://www.wnacg.ru/download-index-aid-190664.html
/web/20251130060942/https://www.wnacg.ru/photos-view-id-16642915.html
/web/20251130060817/https://v1.wzip.download/down/2230/e91bfb59d14f54eba7d89697292a268b.zip?n=%5B%E5%A1%A9%E3%81%A1%E3%82%87%E3%81%93%20(%E3%83%8A%E3%83%8F78)%5D%20%E3%83%9E%E3%82%AF%E3%83%87%E3%83%96%E3%83%AB%E3%82%AF%E3%81%A8%E3%83%95%E3%83%83%E3%83%86%E3%83%B3%E3%81%AE%E3%82%B7%E3%83%A7%E3%82%BF%E6%85%B0%E5%AE%89%E5%96%AB%E8%8C%B6%20(%E3%82%A2%E3%82%BA%E3%83%BC%E3%83%AB%E3%83%AC%E3%83%BC%E3%83%B3)%20%5B%E7%BF%A0%E6%98%9F%E7%9F%B3%E6%B1%89%E5%8C%96%5D%20%5BDL%E7%89%88%5D
/web/20251130060942/https://www.wnacg.ru/photos-view-id-16642908.html
/web/20251130061016/https://www.wnacg.ru/photos-view-id-16642924.html
/web/20251130061046/https://www.wnacg.ru/photos-index-page-3-aid-190664.html
/web/20251130061114/https://www.wnacg.ru/photos-view-id-16642904.html
/web/20251130061129/https://www.wnacg.ru/photos-view-id-16642914.html
/web/20251130061211/https://www.wnacg.ru/photos-view-id-16642922.html
/web/20251130060727/https://www.wnacg.ru/photos-view-id-15190331.html
/web/20251130061206/https://www.wnacg.ru/photos-view-id-16642907.html
/web/20251130060731/https://www.wnacg.ru/photos-index-page-2-aid-222948.html
/web/20251130061336/https://www.wnacg.ru/photos-view-id-18897102.html
/web/20251130061351/https://www.wnacg.ru/photos-view-id-18897083.html
/web/20251130061407/https://v1.wzip.date/down/1907/2d054e443f45113bb2556332b0a8ee54.zip?n=(C101)%20%5B%E5%A1%A9%E3%81%A1%E3%82%87%E3%81%93%20(%E3%83%8A%E3%83%8F78%E3%80%81%E5%AE%89%E7%94%B0K)%5D%20%E3%82%A2%E3%82%A6%E3%82%B0%E3%82%B9%E3%83%88%E3%81%AE%E3%82%B7%E3%83%A7%E3%82%BF%E7%85%BD%E6%83%91%E5%8A%A3%E6%83%85%20(%E3%82%A2%E3%82%BA%E3%83%BC%E3%83%AB%E3%83%AC%E3%83%BC%E3%83%B3)%20%5B%E7%84%A1%E9%82%AA%E6%B0%97%E6%BC%A2%E5%8C%96%E7%B5%84%5D
/web/20251130061426/https://v1.wzip.download/down/1907/2d054e443f45113bb2556332b0a8ee54.zip?n=(C101)%20%5B%E5%A1%A9%E3%81%A1%E3%82%87%E3%81%93%20(%E3%83%8A%E3%83%8F78%E3%80%81%E5%AE%89%E7%94%B0K)%5D%20%E3%82%A2%E3%82%A6%E3%82%B0%E3%82%B9%E3%83%88%E3%81%AE%E3%82%B7%E3%83%A7%E3%82%BF%E7%85%BD%E6%83%91%E5%8A%A3%E6%83%85%20(%E3%82%A2%E3%82%BA%E3%83%BC%E3%83%AB%E3%83%AC%E3%83%BC%E3%83%B3)%20%5B%E7%84%A1%E9%82%AA%E6%B0%97%E6%BC%A2%E5%8C%96%E7%B5%84%5D
/web/20251130061451/https://www.wnacg.ru/photos-view-id-16642928.html
/web/20251130061527/https://www.wnacg.ru/photos-view-id-16642919.html
/web/20251130061527/https://www.wnacg.ru/photos-view-id-16642911.html
/web/20251130061540/https://www.wnacg.ru/photos-view-id-16642910.html
/web/20251130061632/https://www.wnacg.ru/photos-slide-aid-190664.html
/web/20251130061653/https://www.wnacg.ru/photos-view-id-16642927.html
/web/20251130061207/https://www.wnacg.ru/photos-view-id-18897089.html
/web/20251130061654/https://www.wnacg.ru/photos-index-page-1-aid-190664.html
/web/20251130061341/https://v1.wzip.date/down/2230/e91bfb59d14f54eba7d89697292a268b.zip?n=%5B%E5%A1%A9%E3%81%A1%E3%82%87%E3%81%93%20(%E3%83%8A%E3%83%8F78)%5D%20%E3%83%9E%E3%82%AF%E3%83%87%E3%83%96%E3%83%AB%E3%82%AF%E3%81%A8%E3%83%95%E3%83%83%E3%83%86%E3%83%B3%E3%81%AE%E3%82%B7%E3%83%A7%E3%82%BF%E6%85%B0%E5%AE%89%E5%96%AB%E8%8C%B6%20(%E3%82%A2%E3%82%BA%E3%83%BC%E3%83%AB%E3%83%AC%E3%83%BC%E3%83%B3)%20%5B%E7%BF%A0%E6%98%9F%E7%9F%B3%E6%B1%89%E5%8C%96%5D%20%5BDL%E7%89%88%5D
/web/20251130061802/https://www.wnacg.ru/photos-view-id-18897087.html
/web/20251130061817/https://www.wnacg.ru/photos-view-id-18897086.html
/web/20251130061831/https://www.wnacg.ru/photos-view-id-18897096.html
/web/20251130061846/https://www.wnacg.ru/photos-view-id-18897075.html
/web/20251130061916/https://www.wnacg.ru/photos-view-id-18897100.html
/web/20251130061916/https://www.wnacg.ru/photos-view-id-18897076.html
/web/20251130061952/https://www.wnacg.ru/photos-view-id-16642917.html
/web/20251130062007/https://www.wnacg.ru/photos-index-page-2-aid-190664.html
/web/20251130062038/https://www.wnacg.ru/photos-view-id-16642918.html
/web/20251130062056/https://www.wnacg.ru/photos-view-id-16642926.html
/web/20251130062052/https://www.wnacg.ru/photos-view-id-16642905.html
/web/20251130062107/https://www.wnacg.ru/photos-view-id-23039000.html
/web/20251130062137/https://www.wnacg.ru/photos-view-id-23039004.html
/web/20251130062125/https://www.wnacg.ru/photos-slide-aid-280170.html
/web/20251130062322/https://www.wnacg.ru/photos-view-id-16642903.html
/web/20251130062337/https://www.wnacg.ru/photos-view-id-16642909.html
/web/20251130062418/https://www.wnacg.ru/photos-view-id-16642923.html
/web/20251130062423/https://www.wnacg.ru/photos-view-id-16642916.html
/web/20251130062509/https://www.wnacg.ru/photos-view-id-16642921.html
/web/20251130062538/https://www.wnacg.ru/photos-view-id-16642912.html
/web/20251130062531/https://www.wnacg.ru/photos-view-id-16642925.html
/web/20251130062602/https://www.wnacg.ru/photos-view-id-23039005.html
/web/20251130062554/https://www.wnacg.ru/photos-view-id-16642913.html
/web/20251130062637/https://www.wnacg.ru/photos-view-id-23039010.html
/web/20251130062644/https://www.wnacg.ru/photos-view-id-23038996.html
/web/20251130062657/https://www.wnacg.ru/photos-view-id-23038986.html
/web/20251130062241/https://www.wnacg.ru/photos-view-id-16642901.html
/web/20251130062252/https://www.wnacg.ru/photos-view-id-16642920.html
/web/20251130062312/https://www.wnacg.ru/photos-view-id-18897090.html
/web/20251130062844/https://www.wnacg.ru/photos-view-id-23038989.html
/web/20251130062915/https://www.wnacg.ru/photos-view-id-23038993.html
/web/20251130062950/https://www.wnacg.ru/photos-index-page-2-aid-280170.html
/web/20251130062950/https://www.wnacg.ru/photos-view-id-23038997.html
/web/20251130063005/https://www.wnacg.ru/photos-view-id-23039001.html
/web/20251130062950/https://www.wnacg.ru/photos-index-page-3-aid-280170.html
/web/20251130063021/https://www.wnacg.ru/photos-view-id-23039008.html
/web/20251130063036/https://www.wnacg.ru/photos-view-id-23039006.html
/web/20251130063106/https://www.wnacg.ru/photos-view-id-23483635.html
/web/20251130063122/https://www.wnacg.ru/photos-view-id-23483628.html
/web/20251130063135/https://www.wnacg.ru/download-index-aid-284919.html
/web/20251130063147/https://www.wnacg.ru/photos-view-id-23483622.html
/web/20251130063211/https://www.wnacg.ru/photos-view-id-23483638.html
/web/20251130062829/https://www.wnacg.ru/photos-view-id-16642902.html
/web/20251130063312/https://www.wnacg.ru/photos-view-id-23038985.html
/web/20251130063327/https://www.wnacg.ru/photos-view-id-23038998.html
/web/20251130063342/https://www.wnacg.ru/photos-view-id-23039003.html
/web/20251130063411/https://www.wnacg.ru/photos-view-id-23039011.html
/web/20251130063443/https://www.wnacg.ru/photos-view-id-23038999.html
/web/20251130063447/https://www.wnacg.ru/photos-index-page-1-aid-280170.html
/web/20251130063503/https://www.wnacg.ru/photos-view-id-23038988.html
/web/20251130063553/https://www.wnacg.ru/photos-view-id-23038981.html
/web/20251130063555/https://www.wnacg.ru/photos-view-id-23039009.html
/web/20251130063648/https://www.wnacg.ru/photos-view-id-23038984.html
/web/20251130063637/https://www.wnacg.ru/photos-view-id-23038979.html
/web/20251130063806/https://www.wnacg.ru/photos-view-id-23038980.html
/web/20251130063816/https://www.wnacg.ru/photos-view-id-23039012.html
/web/20251130063920/https://www.wnacg.ru/photos-view-id-23039013.html
/web/20251130063925/https://www.wnacg.ru/photos-view-id-23038991.html
/web/20251130063941/https://www.wnacg.ru/photos-view-id-23038995.html
/web/20251130063952/https://www.wnacg.ru/photos-view-id-23038987.html
/web/20251130064019/https://v1.wzip.download/down/2850/91b6186a11ac7b12a601701a47cbb99d.zip?n=%5B%E5%A1%A9%E3%81%A1%E3%82%87%E3%81%93%20(%E3%83%8A%E3%83%8F78%E3%80%81%E5%AE%89%E7%94%B0K)%5D%20%E5%B0%BE%E5%BC%B5%E3%81%A8%E3%82%B7%E3%83%A7%E3%82%BF%E6%8C%87%E6%8F%AE%E5%AE%98%E3%81%AE%E3%83%9E%E3%82%B8%E3%83%A4%E3%83%90%E3%81%AA%E6%84%9B%E3%83%91%E3%83%AF%E3%83%BC%20(%E3%82%A2%E3%82%BA%E3%83%BC%E3%83%AB%E3%83%AC%E3%83%BC%E3%83%B3)%EF%BD%9C%E5%B0%BE%E5%BC%A0%E4%B8%8E%E6%AD%A3%E5%A4%AA%E6%8C%87%E6%8C%A5%E5%AE%98%E7%9A%84%E9%9D%9E%E5%B8%B8%E7%B3%9F%E7%B3%95%E7%9A%84%E7%9A%84%E7%88%B1%E4%B9%8B%E5%8A%9B%20%5B%E7%99%BD%E6%9D%A8%E6%B1%89%E5%8C%96%E7%BB%84%5D%20%5B%E7%84%A1%E4%BF%AE%E6%AD%A3%5D%20%5BDL%E7%89%88%5D
/web/20251130064022/https://v1.wzip.date/down/2850/91b6186a11ac7b12a601701a47cbb99d.zip?n=%5B%E5%A1%A9%E3%81%A1%E3%82%87%E3%81%93%20(%E3%83%8A%E3%83%8F78%E3%80%81%E5%AE%89%E7%94%B0K)%5D%20%E5%B0%BE%E5%BC%B5%E3%81%A8%E3%82%B7%E3%83%A7%E3%82%BF%E6%8C%87%E6%8F%AE%E5%AE%98%E3%81%AE%E3%83%9E%E3%82%B8%E3%83%A4%E3%83%90%E3%81%AA%E6%84%9B%E3%83%91%E3%83%AF%E3%83%BC%20(%E3%82%A2%E3%82%BA%E3%83%BC%E3%83%AB%E3%83%AC%E3%83%BC%E3%83%B3)%EF%BD%9C%E5%B0%BE%E5%BC%A0%E4%B8%8E%E6%AD%A3%E5%A4%AA%E6%8C%87%E6%8C%A5%E5%AE%98%E7%9A%84%E9%9D%9E%E5%B8%B8%E7%B3%9F%E7%B3%95%E7%9A%84%E7%9A%84%E7%88%B1%E4%B9%8B%E5%8A%9B%20%5B%E7%99%BD%E6%9D%A8%E6%B1%89%E5%8C%96%E7%BB%84%5D%20%5B%E7%84%A1%E4%BF%AE%E6%AD%A3%5D%20%5BDL%E7%89%88%5D
/web/20251130064123/https://www.wnacg.ru/photos-index-page-2-aid-284919.html
/web/20251130064204/https://www.wnacg.ru/photos-slide-aid-284919.html
/web/20251130064122/https://www.wnacg.ru/photos-view-id-23483630.html
/web/20251130064227/https://www.wnacg.ru/photos-view-id-23483626.html
/web/20251130064252/https://www.wnacg.ru/photos-view-id-23483641.html
/web/20251130064333/https://www.wnacg.ru/photos-view-id-23483633.html
/web/20251130064403/https://www.wnacg.ru/photos-view-id-23483640.html
/web/20251130064417/https://www.wnacg.ru/photos-view-id-23483645.html
/web/20251130064435/https://www.wnacg.ru/photos-view-id-23483642.html
/web/20251130064541/https://www.wnacg.ru/photos-index-page-3-aid-286332.html
/web/20251130064553/https://www.wnacg.ru/photos-view-id-23619209.html
/web/20251130064546/https://www.wnacg.ru/photos-view-id-23619169.html
/web/20251130064610/https://www.wnacg.ru/photos-view-id-23619174.html
/web/20251130064349/https://www.wnacg.ru/photos-view-id-23483643.html
/web/20251130064754/https://www.wnacg.ru/photos-view-id-23483617.html
/web/20251130064810/https://www.wnacg.ru/photos-index-page-1-aid-284919.html
/web/20251130064759/https://www.wnacg.ru/photos-view-id-23483637.html
/web/20251130064838/https://www.wnacg.ru/photos-view-id-23483646.html
/web/20251130064916/https://www.wnacg.ru/photos-view-id-23483644.html
/web/20251130064917/https://www.wnacg.ru/photos-view-id-23483615.html
/web/20251130065019/https://www.wnacg.ru/photos-view-id-23483624.html
/web/20251130064940/https://www.wnacg.ru/photos-view-id-23483620.html
/web/20251130065108/https://www.wnacg.ru/photos-view-id-23483616.html
/web/20251130065132/https://www.wnacg.ru/photos-view-id-23483632.html
/web/20251130065218/https://www.wnacg.ru/photos-view-id-23483631.html
/web/20251130065143/https://www.wnacg.ru/photos-view-id-23483636.html
/web/20251130065225/https://www.wnacg.ru/photos-view-id-23483625.html
/web/20251130065331/https://www.wnacg.ru/photos-view-id-23483619.html
/web/20251130065326/https://www.wnacg.ru/photos-view-id-23619201.html
/web/20251130065345/https://www.wnacg.ru/photos-view-id-23619195.html
/web/20251130065432/https://www.wnacg.ru/photos-view-id-23619199.html
/web/20251130065439/https://www.wnacg.ru/photos-view-id-23619205.html
/web/20251130065506/https://www.wnacg.ru/photos-view-id-23619197.html
/web/20251130065522/https://www.wnacg.ru/photos-index-page-1-aid-286332.html
/web/20251130065610/https://www.wnacg.ru/photos-view-id-23619203.html
/web/20251130065540/https://www.wnacg.ru/photos-view-id-23619196.html
/web/20251130064711/https://www.wnacg.ru/photos-index-page-3-aid-284919.html
/web/20251130065727/https://www.wnacg.ru/photos-view-id-23483627.html
/web/20251130065816/https://www.wnacg.ru/photos-view-id-23619213.html
/web/20251130065849/https://www.wnacg.ru/photos-view-id-23483629.html
/web/20251130065901/https://www.wnacg.ru/photos-view-id-23619164.html
/web/20251130065908/https://www.wnacg.ru/photos-view-id-23619172.html
/web/20251130065918/https://www.wnacg.ru/photos-view-id-23619167.html
/web/20251130065930/https://www.wnacg.ru/photos-view-id-23619165.html
/web/20251130070108/https://www.wnacg.ru/photos-view-id-23619215.html
/web/20251130070105/https://www.wnacg.ru/photos-view-id-23619176.html
/web/20251130070108/https://www.wnacg.ru/photos-index-page-2-aid-286332.html
/web/20251130065748/https://www.wnacg.ru/photos-view-id-23619207.html
/web/20251130070150/https://www.wnacg.ru/photos-view-id-23619178.html
/web/20251130065712/https://www.wnacg.ru/photos-view-id-23619194.html
/web/20251130070210/https://www.wnacg.ru/photos-slide-aid-286332.html
/web/20251130070313/https://www.wnacg.ru/photos-view-id-23483634.html
/web/20251130070325/https://www.wnacg.ru/photos-view-id-23483623.html
/web/20251130070345/https://www.wnacg.ru/photos-view-id-23483621.html
/web/20251130070310/https://www.wnacg.ru/photos-view-id-23483647.html
/web/20251130070425/https://www.wnacg.ru/photos-view-id-23483639.html
/web/20251130070529/https://www.wnacg.ru/photos-view-id-23483618.html
/web/20251130070541/https://www.wnacg.ru/photos-view-id-23619187.html
/web/20251130070616/https://www.wnacg.ru/photos-view-id-23619180.html
/web/20251130070642/https://www.wnacg.ru/photos-view-id-23619188.html
/web/20251130070659/https://www.wnacg.ru/photos-view-id-23619189.html
/web/20251130070701/https://www.wnacg.ru/photos-view-id-23619190.html
/web/20251130070804/https://www.wnacg.ru/photos-view-id-23619191.html
/web/20251130070822/https://www.wnacg.ru/photos-view-id-23619192.html
/web/20251130070822/https://www.wnacg.ru/photos-view-id-23619185.html
/web/20251130070903/https://www.wnacg.ru/photos-view-id-23619186.html
/web/20251130070931/https://www.wnacg.ru/photos-view-id-23619193.html
/web/20251130071019/https://www.wnacg.ru/photos-view-id-23619269.html
/web/20251130071017/https://www.wnacg.ru/photos-view-id-23619239.html
/web/20251130071108/https://www.wnacg.ru/download-index-aid-286333.html
/web/20251130071125/https://www.wnacg.ru/photos-view-id-23619242.html
/web/20251130071122/https://www.wnacg.ru/photos-view-id-23619252.html
/web/20251130071204/https://www.wnacg.ru/photos-view-id-23619245.html
/web/20251130071237/https://www.wnacg.ru/photos-index-page-3-aid-286333.html
/web/20251130071254/https://www.wnacg.ru/photos-view-id-23619237.html
/web/20251130071412/https://www.wnacg.ru/photos-view-id-23619266.html
/web/20251130071349/https://www.wnacg.ru/photos-index-page-2-aid-286333.html
/web/20251130071502/https://www.wnacg.ru/photos-view-id-23619264.html
/web/20251130071620/https://www.wnacg.ru/photos-view-id-23619272.html
/web/20251130071718/https://v1.wzip.date/down/2864/d1b9ecc23d5138dacc478b2844dab482.zip?n=%5B%E3%83%8A%E3%83%8F78%5D%20%E3%83%9C%E3%82%AF%E3%81%AE%E7%9F%A5%E3%82%89%E3%81%AA%E3%81%84%E3%81%93%E3%81%A8%20in%20%E3%82%AB%E3%83%A9%E3%82%AA%E3%82%B1%E3%83%9C%E3%83%83%E3%82%AF%E3%82%B9%20(COMIC%20%E5%A4%A2%E5%B9%BB%E8%BB%A2%E7%94%9F%202024%E5%B9%B42%E6%9C%88%E5%8F%B7)%20%5B%E6%BC%A2%E5%8C%96%E7%B5%84%E6%BC%A2%E5%8C%96%E7%B5%84%5D
/web/20251130071737/https://www.wnacg.ru/photos-view-id-23619248.html
/web/20251130071659/https://v1.wzip.download/down/2864/d1b9ecc23d5138dacc478b2844dab482.zip?n=%5B%E3%83%8A%E3%83%8F78%5D%20%E3%83%9C%E3%82%AF%E3%81%AE%E7%9F%A5%E3%82%89%E3%81%AA%E3%81%84%E3%81%93%E3%81%A8%20in%20%E3%82%AB%E3%83%A9%E3%82%AA%E3%82%B1%E3%83%9C%E3%83%83%E3%82%AF%E3%82%B9%20(COMIC%20%E5%A4%A2%E5%B9%BB%E8%BB%A2%E7%94%9F%202024%E5%B9%B42%E6%9C%88%E5%8F%B7)%20%5B%E6%BC%A2%E5%8C%96%E7%B5%84%E6%BC%A2%E5%8C%96%E7%B5%84%5D
/web/20251130071808/https://www.wnacg.ru/photos-view-id-23619341.html
/web/20251130071828/https://www.wnacg.ru/photos-view-id-23619329.html
/web/20251130071748/https://www.wnacg.ru/photos-view-id-23619319.html
/web/20251130071827/https://www.wnacg.ru/photos-view-id-23619256.html
/web/20251130071853/https://www.wnacg.ru/photos-index-page-1-aid-286333.html
/web/20251130071947/https://www.wnacg.ru/photos-view-id-23619321.html
/web/20251130072000/https://www.wnacg.ru/photos-view-id-23619313.html
/web/20251130071521/https://www.wnacg.ru/photos-view-id-23619184.html
/web/20251130072038/https://www.wnacg.ru/photos-view-id-23619326.html
/web/20251130071537/https://www.wnacg.ru/photos-view-id-23619182.html
/web/20251130071650/https://www.wnacg.ru/photos-slide-aid-286333.html
/web/20251130071606/https://www.wnacg.ru/photos-view-id-23619259.html
/web/20251130072121/https://www.wnacg.ru/photos-view-id-23619336.html
/web/20251130072201/https://www.wnacg.ru/photos-view-id-23619310.html
/web/20251130072219/https://www.wnacg.ru/photos-view-id-23619339.html
/web/20251130072246/https://www.wnacg.ru/photos-view-id-23619324.html
/web/20251130072325/https://www.wnacg.ru/photos-view-id-23619296.html
/web/20251130072332/https://www.wnacg.ru/photos-view-id-23619293.html
/web/20251130072349/https://www.wnacg.ru/photos-view-id-23619332.html
/web/20251130072505/https://www.wnacg.ru/photos-view-id-23619304.html
/web/20251130072450/https://www.wnacg.ru/photos-view-id-23619276.html
/web/20251130072605/https://www.wnacg.ru/photos-view-id-23619301.html
/web/20251130072601/https://www.wnacg.ru/photos-view-id-23619307.html
/web/20251130072543/https://www.wnacg.ru/photos-view-id-23619291.html
/web/20251130072650/https://www.wnacg.ru/photos-view-id-23619287.html
/web/20251130072804/https://www.wnacg.ru/photos-view-id-23619261.html
