{"job_id":"spn2-677902f9f91f04a12779b8bee9c0e29fab00e661","resources":[],"status":"error","status_ext":"error:gateway-timeout","message":"The target URL returned a Gateway Timeout error. https://www.wnacg.ru/favicon.ico (HTTP status=504)."}
{"job_id":"spn2-677902f9f91f04a12779b8bee9c0e29fab00e661","resources":[],"status":"error","status_ext":"error:gateway-timeout","message":"The target URL returned a Gateway Timeout error. https://www.wnacg.ru/favicon.ico (HTTP status=504)."}
{"job_id":"spn2-9f87db90c4c64f81e4f11c917b8ce725b2ff62af","resources":[],"status":"error","status_ext":"error:browser-running-error","message":"Save Page Now browser crashed on https://www.wnacg.ru/photos-view-id-15221860.html."}
{"job_id":"spn2-29f8c15a73f83d5f53e1218456dea5ba402c3a0a","resources":[],"status":"error","status_ext":"error:gateway-timeout","message":"The target URL returned a Gateway Timeout error. https://www.wnacg.ru/favicon.ico (HTTP status=504)."}
{"job_id":"spn2-9f87db90c4c64f81e4f11c917b8ce725b2ff62af","resources":[],"status":"error","status_ext":"error:browser-running-error","message":"Save Page Now browser crashed on https://www.wnacg.ru/photos-view-id-15221860.html."}
{"job_id":"spn2-29f8c15a73f83d5f53e1218456dea5ba402c3a0a","resources":[],"status":"error","status_ext":"error:gateway-timeout","message":"The target URL returned a Gateway Timeout error. https://www.wnacg.ru/favicon.ico (HTTP status=504)."}
{"job_id":"spn2-5656d1a4033096f801cd13437b610e67277cadbf","resources":[],"status":"error","status_ext":"error:no-captures","message":"Save Page Now could not capture this URL because it was unreachable. If the site is online, it may be blocking access from our service."}
{"job_id":"spn2-5656d1a4033096f801cd13437b610e67277cadbf","resources":[],"status":"error","status_ext":"error:no-captures","message":"Save Page Now could not capture this URL because it was unreachable. If the site is online, it may be blocking access from our service."}
{"job_id":"spn2-bf1b98c15ad2aeb97dd9ca1e495724708ec36248","resources":[],"status":"error","status_ext":"error:browser-running-error","message":"Save Page Now browser crashed on https://www.wnacg.ru/photos-view-id-15221865.html."}
{"job_id":"spn2-95e69ec81d1dedc3cae6f9e729fee622db849fe2","resources":[],"status":"error","status_ext":"error:browser-running-error","message":"Save Page Now browser crashed on https://www.wnacg.ru/photos-view-id-23458221.html."}
{"job_id":"spn2-9380bded10e20727ea7082552d495ebd866b708b","resources":[],"status":"error","status_ext":"error:gateway-timeout","message":"The target URL returned a Gateway Timeout error. https://www.wnacg.ru/favicon.ico (HTTP status=504)."}
{"job_id":"spn2-5b56fa64155e24bcee4e16a6e4acede6ad4a836a","resources":[],"status":"error","status_ext":"error:job-failed","message":"Job failed."}
{"job_id":"spn2-8786e79bc0b0613ee07bc07a181ac7cdcd32174a","resources":[],"status":"error","status_ext":"error:gateway-timeout","message":"The target URL returned a Gateway Timeout error. https://www.wnacg.ru/favicon.ico (HTTP status=504)."}
{"job_id":"spn2-5f41a9e8eff29656d7bcb7df0aaf9bea2c6dc9cd","resources":[],"status":"error","status_ext":"error:gateway-timeout","message":"The target URL returned a Gateway Timeout error. https://www.wnacg.ru/favicon.ico (HTTP status=504)."}
{"job_id":"spn2-a0af93197673fe905756b81b7d23833605755340","resources":[],"status":"error","status_ext":"error:gateway-timeout","message":"The target URL returned a Gateway Timeout error. https://www.wnacg.ru/favicon.ico (HTTP status=504)."}
{"job_id":"spn2-95e69ec81d1dedc3cae6f9e729fee622db849fe2","resources":[],"status":"error","status_ext":"error:browser-running-error","message":"Save Page Now browser crashed on https://www.wnacg.ru/photos-view-id-23458221.html."}
{"job_id":"spn2-bf1b98c15ad2aeb97dd9ca1e495724708ec36248","resources":[],"status":"error","status_ext":"error:browser-running-error","message":"Save Page Now browser crashed on https://www.wnacg.ru/photos-view-id-15221865.html."}
{"job_id":"spn2-9380bded10e20727ea7082552d495ebd866b708b","resources":[],"status":"error","status_ext":"error:gateway-timeout","message":"The target URL returned a Gateway Timeout error. https://www.wnacg.ru/favicon.ico (HTTP status=504)."}
{"job_id":"spn2-5b56fa64155e24bcee4e16a6e4acede6ad4a836a","resources":[],"status":"error","status_ext":"error:job-failed","message":"Job failed."}
{"job_id":"spn2-8786e79bc0b0613ee07bc07a181ac7cdcd32174a","resources":[],"status":"error","status_ext":"error:gateway-timeout","message":"The target URL returned a Gateway Timeout error. https://www.wnacg.ru/favicon.ico (HTTP status=504)."}
{"job_id":"spn2-5f41a9e8eff29656d7bcb7df0aaf9bea2c6dc9cd","resources":[],"status":"error","status_ext":"error:gateway-timeout","message":"The target URL returned a Gateway Timeout error. https://www.wnacg.ru/favicon.ico (HTTP status=504)."}
{"job_id":"spn2-a0af93197673fe905756b81b7d23833605755340","resources":[],"status":"error","status_ext":"error:gateway-timeout","message":"The target URL returned a Gateway Timeout error. https://www.wnacg.ru/favicon.ico (HTTP status=504)."}
{"job_id":"spn2-bf1b98c15ad2aeb97dd9ca1e495724708ec36248","resources":[],"status":"error","status_ext":"error:gateway-timeout","message":"The target URL returned a Gateway Timeout error. https://www.wnacg.ru/favicon.ico (HTTP status=504)."}
{"job_id":"spn2-5f41a9e8eff29656d7bcb7df0aaf9bea2c6dc9cd","resources":[],"status":"error","status_ext":"error:job-failed","message":"Job failed."}
{"job_id":"spn2-a0af93197673fe905756b81b7d23833605755340","resources":[],"status":"error","status_ext":"error:gateway-timeout","message":"The target URL returned a Gateway Timeout error. https://www.wnacg.ru/favicon.ico (HTTP status=504)."}
{"job_id":"spn2-8492e604e62f479b57a7cac2a77e9a63d8f79601","resources":[],"status":"error","status_ext":"error:host-crawling-paused","message":"Please try again in ~10 min. Crawling this host is paused because they notified us that they are overloaded right now."}
{"job_id":"spn2-8492e604e62f479b57a7cac2a77e9a63d8f79601","resources":[],"status":"error","status_ext":"error:host-crawling-paused","message":"Please try again in ~10 min. Crawling this host is paused because they notified us that they are overloaded right now."}
{"job_id":"spn2-4fa8460f1e06ed7b89879128f0beefe303ea9425","resources":[],"status":"error","status_ext":"error:no-captures","message":"Save Page Now could not capture this URL because it was unreachable. If the site is online, it may be blocking access from our service."}
{"job_id":"spn2-81089aa3a5943454eeb4521361156d7bcca0b362","resources":[],"status":"error","status_ext":"error:no-captures","message":"Save Page Now could not capture this URL because it was unreachable. If the site is online, it may be blocking access from our service."}
{"job_id":"spn2-969c4590d68b8170910d1b0e2989fb8d13c0ea81","resources":[],"status":"error","status_ext":"error:no-captures","message":"Save Page Now could not capture this URL because it was unreachable. If the site is online, it may be blocking access from our service."}
{"job_id":"spn2-878b6b3ea86d3d344a541f2ac3c3d1d9577a0030","resources":[],"status":"error","status_ext":"error:gateway-timeout","message":"The target URL returned a Gateway Timeout error. https://www.wnacg.ru/favicon.ico (HTTP status=504)."}
{"job_id":"spn2-8492e604e62f479b57a7cac2a77e9a63d8f79601","resources":[],"status":"error","status_ext":"error:host-crawling-paused","message":"Please try again in ~10 min. Crawling this host is paused because they notified us that they are overloaded right now."}
{"job_id":"spn2-4fa8460f1e06ed7b89879128f0beefe303ea9425","resources":[],"status":"error","status_ext":"error:no-captures","message":"Save Page Now could not capture this URL because it was unreachable. If the site is online, it may be blocking access from our service."}
{"job_id":"spn2-969c4590d68b8170910d1b0e2989fb8d13c0ea81","resources":[],"status":"error","status_ext":"error:no-captures","message":"Save Page Now could not capture this URL because it was unreachable. If the site is online, it may be blocking access from our service."}
{"job_id":"spn2-da02fab69a75a86dada1b8845865da8f53430246","resources":[],"status":"error","status_ext":"error:gateway-timeout","message":"The target URL returned a Gateway Timeout error. https://www.wnacg.ru/favicon.ico (HTTP status=504)."}
{"job_id":"spn2-10134afcbfad49f06930b8d8aaef501135952901","resources":[],"status":"error","status_ext":"error:gateway-timeout","message":"The target URL returned a Gateway Timeout error. https://www.wnacg.ru/favicon.ico (HTTP status=504)."}
{"job_id":"spn2-8492e604e62f479b57a7cac2a77e9a63d8f79601","resources":[],"status":"error","status_ext":"error:host-crawling-paused","message":"Please try again in ~10 min. Crawling this host is paused because they notified us that they are overloaded right now."}
{"job_id":"spn2-969c4590d68b8170910d1b0e2989fb8d13c0ea81","resources":[],"status":"error","status_ext":"error:gateway-timeout","message":"The target URL returned a Gateway Timeout error. https://www.wnacg.ru/favicon.ico (HTTP status=504)."}
{"job_id":"spn2-da02fab69a75a86dada1b8845865da8f53430246","resources":[],"status":"error","status_ext":"error:gateway-timeout","message":"The target URL returned a Gateway Timeout error. https://www.wnacg.ru/favicon.ico (HTTP status=504)."}
{"job_id":"spn2-b19304f3bcb43668a7c057d16b7a1105d3563f4b","resources":[],"status":"error","status_ext":"error:gateway-timeout","message":"The server didn't respond in time for https://v1.wzip.date/down/2230/e91bfb59d14f54eba7d89697292a268b.zip?n=%5B%E5%A1%A9%E3%81%A1%E3%82%87%E3%81%93%20(%E3%83%8A%E3%83%8F78)%5D%20%E3%83%9E%E3%82%AF%E3%83%87%E3%83%96%E3%83%AB%E3%82%AF%E3%81%A8%E3%83%95%E3%83%83%E3%83%86%E3%83%B3%E3%81%AE%E3%82%B7%E3%83%A7%E3%82%BF%E6%85%B0%E5%AE%89%E5%96%AB%E8%8C%B6%20(%E3%82%A2%E3%82%BA%E3%83%BC%E3%83%AB%E3%83%AC%E3%83%BC%E3%83%B3)%20%5B%E7%BF%A0%E6%98%9F%E7%9F%B3%E6%B1%89%E5%8C%96%5D%20%5BDL%E7%89%88%5D. Please try again after 15 minutes."}
{"job_id":"spn2-8492e604e62f479b57a7cac2a77e9a63d8f79601","resources":[],"status":"error","status_ext":"error:host-crawling-paused","message":"Please try again in ~10 min. Crawling this host is paused because they notified us that they are overloaded right now."}
{"job_id":"spn2-10134afcbfad49f06930b8d8aaef501135952901","resources":[],"status":"error","status_ext":"error:gateway-timeout","message":"The target URL returned a Gateway Timeout error. https://www.wnacg.ru/favicon.ico (HTTP status=504)."}
{"job_id":"spn2-b19304f3bcb43668a7c057d16b7a1105d3563f4b","resources":[],"status":"error","status_ext":"error:gateway-timeout","message":"The server didn't respond in time for https://v1.wzip.date/down/2230/e91bfb59d14f54eba7d89697292a268b.zip?n=%5B%E5%A1%A9%E3%81%A1%E3%82%87%E3%81%93%20(%E3%83%8A%E3%83%8F78)%5D%20%E3%83%9E%E3%82%AF%E3%83%87%E3%83%96%E3%83%AB%E3%82%AF%E3%81%A8%E3%83%95%E3%83%83%E3%83%86%E3%83%B3%E3%81%AE%E3%82%B7%E3%83%A7%E3%82%BF%E6%85%B0%E5%AE%89%E5%96%AB%E8%8C%B6%20(%E3%82%A2%E3%82%BA%E3%83%BC%E3%83%AB%E3%83%AC%E3%83%BC%E3%83%B3)%20%5B%E7%BF%A0%E6%98%9F%E7%9F%B3%E6%B1%89%E5%8C%96%5D%20%5BDL%E7%89%88%5D. Please try again after 15 minutes."}
{"job_id":"spn2-a2b33ab0969485e42d65b2653cdaf14dd933d828","resources":[],"status":"error","status_ext":"error:browser-running-error","message":"Save Page Now browser crashed on https://www.wnacg.ru/photos-view-id-16642901.html."}
{"job_id":"spn2-8492e604e62f479b57a7cac2a77e9a63d8f79601","resources":[],"status":"error","status_ext":"error:host-crawling-paused","message":"Please try again in ~10 min. Crawling this host is paused because they notified us that they are overloaded right now."}
{"job_id":"spn2-5a85e3d12b7de2923fe2846923734015175a957f","resources":[],"status":"error","status_ext":"error:gateway-timeout","message":"The target URL returned a Gateway Timeout error. https://www.wnacg.ru/favicon.ico (HTTP status=504)."}
{"job_id":"spn2-45e30874e0a568cea6363c9a799dd20c832c289b","resources":[],"status":"error","status_ext":"error:gateway-timeout","message":"The target URL returned a Gateway Timeout error. https://www.wnacg.ru/favicon.ico (HTTP status=504)."}
{"job_id":"spn2-ed85d435ae31dd341fac43d000c5677375024baa","resources":[],"status":"error","status_ext":"error:browser-running-error","message":"Save Page Now browser crashed on https://www.wnacg.ru/download-index-aid-280170.html."}
{"job_id":"spn2-8492e604e62f479b57a7cac2a77e9a63d8f79601","resources":[],"status":"error","status_ext":"error:host-crawling-paused","message":"Please try again in ~10 min. Crawling this host is paused because they notified us that they are overloaded right now."}
{"job_id":"spn2-a2b33ab0969485e42d65b2653cdaf14dd933d828","resources":[],"status":"error","status_ext":"error:browser-running-error","message":"Save Page Now browser crashed on https://www.wnacg.ru/photos-view-id-16642901.html."}
{"job_id":"spn2-45e30874e0a568cea6363c9a799dd20c832c289b","resources":[],"status":"error","status_ext":"error:gateway-timeout","message":"The target URL returned a Gateway Timeout error. https://www.wnacg.ru/favicon.ico (HTTP status=504)."}
{"job_id":"spn2-5a85e3d12b7de2923fe2846923734015175a957f","resources":[],"status":"error","status_ext":"error:gateway-timeout","message":"The target URL returned a Gateway Timeout error. https://www.wnacg.ru/favicon.ico (HTTP status=504)."}
{"job_id":"spn2-2585786bff8c51ca76e9697202930fdbf6292725","resources":[],"status":"error","status_ext":"error:gateway-timeout","message":"The target URL returned a Gateway Timeout error. https://www.wnacg.ru/favicon.ico (HTTP status=504)."}
{"job_id":"spn2-8aa954db67a1cfd81757a9cd2974fb289743517a","resources":[],"status":"error","status_ext":"error:browser-running-error","message":"Save Page Now browser crashed on https://www.wnacg.ru/photos-view-id-23039007.html."}
{"job_id":"spn2-8492e604e62f479b57a7cac2a77e9a63d8f79601","resources":[],"status":"error","status_ext":"error:service-unavailable","message":"The target URL returned a Service Unavailable error. https://v1.wzip.date/down/1718/0c65543268d08a6bf15d5d34c623fb44.zip?n=%5B%E5%A1%A9%E3%81%A1%E3%82%87%E3%81%93%20(%E3%83%8A%E3%83%8F78)%5D%20%E3%83%A8%E3%83%AB%E3%82%AF%E3%81%AE%E3%82%B7%E3%83%A7%E3%82%BF%E8%AA%98%E6%B7%AB%E5%A5%89%E4%BB%95%20(%E3%82%A2%E3%82%BA%E3%83%BC%E3%83%AB%E3%83%AC%E3%83%BC%E3%83%B3) (HTTP status=503)."}
{"job_id":"spn2-2585786bff8c51ca76e9697202930fdbf6292725","resources":[],"status":"error","status_ext":"error:gateway-timeout","message":"The target URL returned a Gateway Timeout error. https://www.wnacg.ru/favicon.ico (HTTP status=504)."}
{"job_id":"spn2-ed85d435ae31dd341fac43d000c5677375024baa","resources":[],"status":"error","status_ext":"error:browser-running-error","message":"Save Page Now browser crashed on https://www.wnacg.ru/download-index-aid-280170.html."}
{"job_id":"spn2-8aa954db67a1cfd81757a9cd2974fb289743517a","resources":[],"status":"error","status_ext":"error:browser-running-error","message":"Save Page Now browser crashed on https://www.wnacg.ru/photos-view-id-23039007.html."}
{"job_id":"spn2-8492e604e62f479b57a7cac2a77e9a63d8f79601","resources":[],"status":"error","status_ext":"error:service-unavailable","message":"The target URL returned a Service Unavailable error. https://v1.wzip.date/down/1718/0c65543268d08a6bf15d5d34c623fb44.zip?n=%5B%E5%A1%A9%E3%81%A1%E3%82%87%E3%81%93%20(%E3%83%8A%E3%83%8F78)%5D%20%E3%83%A8%E3%83%AB%E3%82%AF%E3%81%AE%E3%82%B7%E3%83%A7%E3%82%BF%E8%AA%98%E6%B7%AB%E5%A5%89%E4%BB%95%20(%E3%82%A2%E3%82%BA%E3%83%BC%E3%83%AB%E3%83%AC%E3%83%BC%E3%83%B3) (HTTP status=503)."}
{"job_id":"spn2-0194a046d6dd04377ebc084a3004b6627ee8e700","resources":[],"status":"error","status_ext":"error:gateway-timeout","message":"The target URL returned a Gateway Timeout error. https://www.wnacg.ru/favicon.ico (HTTP status=504)."}
{"job_id":"spn2-e8ec8ce726d28915af2b11a7c899bb5f305d4e83","resources":[],"status":"error","status_ext":"error:gateway-timeout","message":"The target URL returned a Gateway Timeout error. https://www.wnacg.ru/favicon.ico (HTTP status=504)."}
{"job_id":"spn2-9abaffde6f5acca2df1efaa2ca3d132b18c1afce","resources":[],"status":"error","status_ext":"error:gateway-timeout","message":"The target URL returned a Gateway Timeout error. https://www.wnacg.ru/favicon.ico (HTTP status=504)."}
{"job_id":"spn2-4f30124a631f6ea0e25bc6b769137ed76cc311fd","resources":[],"status":"error","status_ext":"error:gateway-timeout","message":"The target URL returned a Gateway Timeout error. https://www.wnacg.ru/favicon.ico (HTTP status=504)."}
{"job_id":"spn2-49c47d21bc1a2be3ac3c6c4f0e12796f9a1cda9b","resources":[],"status":"error","status_ext":"error:no-captures","message":"Save Page Now could not capture this URL because it was unreachable. If the site is online, it may be blocking access from our service."}
{"job_id":"spn2-858bbfd2ac54edcae6762e2b26250c8bd1276c17","resources":[],"status":"error","status_ext":"error:gateway-timeout","message":"The target URL returned a Gateway Timeout error. https://www.wnacg.ru/favicon.ico (HTTP status=504)."}
{"job_id":"spn2-3e0c645a42c01957134d4f4838dc2e4457a5722a","resources":[],"status":"error","status_ext":"error:gateway-timeout","message":"The target URL returned a Gateway Timeout error. https://www.wnacg.ru/favicon.ico (HTTP status=504)."}
{"job_id":"spn2-9d09366cc617ac52f3b554b65afedea50441c354","resources":[],"status":"error","status_ext":"error:proxy-error","message":"SPN internal proxy error."}
{"job_id":"spn2-9d09366cc617ac52f3b554b65afedea50441c354","resources":[],"status":"error","status_ext":"error:proxy-error","message":"SPN internal proxy error."}
{"job_id":"spn2-9d09366cc617ac52f3b554b65afedea50441c354","resources":[],"status":"error","status_ext":"error:proxy-error","message":"SPN internal proxy error."}
{"job_id":"spn2-3e0c645a42c01957134d4f4838dc2e4457a5722a","resources":[],"status":"error","status_ext":"error:gateway-timeout","message":"The target URL returned a Gateway Timeout error. https://www.wnacg.ru/favicon.ico (HTTP status=504)."}
{"job_id":"spn2-0d63663e893b493dc8503cf05321febc12c038fc","resources":[],"status":"error","status_ext":"error:gateway-timeout","message":"The target URL returned a Gateway Timeout error. https://www.wnacg.ru/favicon.ico (HTTP status=504)."}
{"job_id":"spn2-a9c216f6e8c0bde5c6be58ed347d3c3858c49e2e","resources":[],"status":"error","status_ext":"timeoutexpired","message":"Command '['/usr/bin/google-chrome', '--version']' timed out after 60 seconds"}
{"job_id":"spn2-0b65ba429015931c835becc9fe2f7f1e35c095d8","resources":[],"status":"error","status_ext":"error:gateway-timeout","message":"The target URL returned a Gateway Timeout error. https://www.wnacg.ru/favicon.ico (HTTP status=504)."}
{"job_id":"spn2-0d63663e893b493dc8503cf05321febc12c038fc","resources":[],"status":"error","status_ext":"error:gateway-timeout","message":"The target URL returned a Gateway Timeout error. https://www.wnacg.ru/favicon.ico (HTTP status=504)."}
{"job_id":"spn2-a9c216f6e8c0bde5c6be58ed347d3c3858c49e2e","resources":[],"status":"error","status_ext":"timeoutexpired","message":"Command '['/usr/bin/google-chrome', '--version']' timed out after 60 seconds"}
{"job_id":"spn2-a2b5c823bbcdbec910d50916f669130d7d26df6e","resources":[],"status":"error","status_ext":"error:gateway-timeout","message":"The target URL returned a Gateway Timeout error. https://www.wnacg.ru/favicon.ico (HTTP status=504)."}
{"job_id":"spn2-0b65ba429015931c835becc9fe2f7f1e35c095d8","resources":[],"status":"error","status_ext":"error:gateway-timeout","message":"The target URL returned a Gateway Timeout error. https://www.wnacg.ru/favicon.ico (HTTP status=504)."}
{"job_id":"spn2-a2b5c823bbcdbec910d50916f669130d7d26df6e","resources":[],"status":"error","status_ext":"error:gateway-timeout","message":"The target URL returned a Gateway Timeout error. https://www.wnacg.ru/favicon.ico (HTTP status=504)."}
{"job_id":"spn2-08e194a238e1dca2a18618f79560acd48fde0fdd","resources":[],"status":"error","status_ext":"error:gateway-timeout","message":"The target URL returned a Gateway Timeout error. https://www.wnacg.ru/favicon.ico (HTTP status=504)."}
{"job_id":"spn2-5808660869f5bcc23695c0b6e81604e3047b309e","resources":[],"status":"error","status_ext":"error:gateway-timeout","message":"The target URL returned a Gateway Timeout error. https://www.wnacg.ru/favicon.ico (HTTP status=504)."}
{"job_id":"spn2-e66db13447e1116140a02ad485786bdd23901ead","resources":[],"status":"error","status_ext":"error:gateway-timeout","message":"The target URL returned a Gateway Timeout error. https://www.wnacg.ru/favicon.ico (HTTP status=504)."}
{"job_id":"spn2-5e18734f41432258c7d872995b8033f332dcd7c8","resources":[],"status":"error","status_ext":"error:gateway-timeout","message":"The target URL returned a Gateway Timeout error. https://www.wnacg.ru/favicon.ico (HTTP status=504)."}
{"job_id":"spn2-08e194a238e1dca2a18618f79560acd48fde0fdd","resources":[],"status":"error","status_ext":"error:gateway-timeout","message":"The target URL returned a Gateway Timeout error. https://www.wnacg.ru/favicon.ico (HTTP status=504)."}
{"job_id":"spn2-5808660869f5bcc23695c0b6e81604e3047b309e","resources":[],"status":"error","status_ext":"error:gateway-timeout","message":"The target URL returned a Gateway Timeout error. https://www.wnacg.ru/favicon.ico (HTTP status=504)."}
{"job_id":"spn2-e66db13447e1116140a02ad485786bdd23901ead","resources":[],"status":"error","status_ext":"error:gateway-timeout","message":"The target URL returned a Gateway Timeout error. https://www.wnacg.ru/favicon.ico (HTTP status=504)."}
{"job_id":"spn2-5e18734f41432258c7d872995b8033f332dcd7c8","resources":[],"status":"error","status_ext":"error:gateway-timeout","message":"The target URL returned a Gateway Timeout error. https://www.wnacg.ru/favicon.ico (HTTP status=504)."}
{"job_id":"spn2-486dcea4e57c50f50a91ec9c8daededc86d45547","resources":[],"status":"error","status_ext":"error:gateway-timeout","message":"The target URL returned a Gateway Timeout error. https://www.wnacg.ru/favicon.ico (HTTP status=504)."}
{"job_id":"spn2-486dcea4e57c50f50a91ec9c8daededc86d45547","resources":[],"status":"error","status_ext":"error:gateway-timeout","message":"The target URL returned a Gateway Timeout error. https://www.wnacg.ru/favicon.ico (HTTP status=504)."}
{"job_id":"spn2-8b876a3541bb92031c419a1538838e0905cb542d","resources":[],"status":"error","status_ext":"error:gateway-timeout","message":"The target URL returned a Gateway Timeout error. https://www.wnacg.ru/favicon.ico (HTTP status=504)."}
{"job_id":"spn2-29328b7507fe8e7a85c98a4e946b44bd2703a172","resources":[],"status":"error","status_ext":"error:browser-running-error","message":"Save Page Now browser crashed on https://www.wnacg.ru/photos-view-id-23619279.html."}
