/web/20251006121306/https://www.wnacg.ru/photos-index-aid-85318.html
/web/20251006121328/https://www.wnacg.ru/photos-view-id-6700267.html
/web/20251006121356/https://www.wnacg.ru/photos-view-id-6700273.html
/web/20251006121439/https://www.wnacg.ru/photos-view-id-6700264.html
/web/20251006121406/https://www.wnacg.ru/photos-view-id-6700276.html
/web/20251006121335/https://www.wnacg.ru/photos-slide-aid-85318.html
/web/20251006121458/https://www.wnacg.ru/photos-view-id-6700282.html
/web/20251006121456/https://www.wnacg.ru/photos-view-id-6700278.html
/web/20251006121508/https://www.wnacg.ru/download-index-aid-85318.html
/web/20251006121528/https://www.wnacg.ru/photos-index-page-2-aid-85318.html
/web/20251006121520/https://www.wnacg.ru/photos-index-page-3-aid-85318.html
/web/20251006121610/https://www.wnacg.ru/photos-view-id-6700289.html
/web/20251006121624/https://www.wnacg.ru/photos-view-id-6700266.html
/web/20251006121616/https://www.wnacg.ru/photos-view-id-6700285.html
/web/20251006121632/https://www.wnacg.ru/photos-view-id-6700270.html
/web/20251006121722/https://www.wnacg.ru/photos-view-id-6700265.html
/web/20251006121749/https://www.wnacg.ru/photos-view-id-6700268.html
/web/20251006121819/https://v1.wzip.download/down/0854/97116ff348fd072bb41c694ae8ba9786.zip?n=%5B%E6%97%A0%E6%AF%92%E6%B1%89%E5%8C%96%E7%BB%84%E6%89%B6%E6%AF%92%E5%88%86%E9%83%A8%5D%20(%E3%81%B5%E3%81%9F%E3%81%91%E3%81%A3%E3%81%A812)%20%5B%E3%81%B5%E3%82%8B%E3%82%8B%E3%81%8D%E3%82%85%E3%81%B7%E3%82%8A%20(%E5%8C%97%E5%8E%9F%E3%82%A8%E3%82%A4%E3%82%B8)%5D%20%E6%B7%AB%E9%AD%94%E6%A0%B9%E3%83%8E%E8%B4%84%20II
/web/20251006121820/https://www.wnacg.ru/photos-view-id-6700324.html
/web/20251006121830/https://v1.wzip.date/down/0854/97116ff348fd072bb41c694ae8ba9786.zip?n=%5B%E6%97%A0%E6%AF%92%E6%B1%89%E5%8C%96%E7%BB%84%E6%89%B6%E6%AF%92%E5%88%86%E9%83%A8%5D%20(%E3%81%B5%E3%81%9F%E3%81%91%E3%81%A3%E3%81%A812)%20%5B%E3%81%B5%E3%82%8B%E3%82%8B%E3%81%8D%E3%82%85%E3%81%B7%E3%82%8A%20(%E5%8C%97%E5%8E%9F%E3%82%A8%E3%82%A4%E3%82%B8)%5D%20%E6%B7%AB%E9%AD%94%E6%A0%B9%E3%83%8E%E8%B4%84%20II
/web/20251006121840/https://www.wnacg.ru/photos-view-id-6700295.html
/web/20251006121850/https://www.wnacg.ru/photos-view-id-6700316.html
/web/20251006121926/https://www.wnacg.ru/photos-view-id-6700317.html
/web/20251006121940/https://www.wnacg.ru/photos-view-id-6700303.html
/web/20251006122035/https://www.wnacg.ru/photos-view-id-6700312.html
/web/20251006122045/https://www.wnacg.ru/photos-view-id-6700314.html
/web/20251006122045/https://www.wnacg.ru/photos-view-id-6700315.html
/web/20251006122023/https://www.wnacg.ru/photos-index-page-1-aid-85318.html
/web/20251006122139/https://www.wnacg.ru/photos-view-id-6700313.html
/web/20251006122137/https://www.wnacg.ru/photos-view-id-6700292.html
/web/20251006122146/https://www.wnacg.ru/photos-view-id-6700300.html
/web/20251006122157/https://www.wnacg.ru/photos-view-id-6700310.html
/web/20251006122207/https://www.wnacg.ru/photos-view-id-6700320.html
/web/20251006122239/https://www.wnacg.ru/photos-view-id-6700323.html
/web/20251006122258/https://www.wnacg.ru/photos-view-id-6700322.html
/web/20251006122309/https://www.wnacg.ru/photos-view-id-6700318.html
/web/20251006122250/https://www.wnacg.ru/photos-view-id-6700321.html
/web/20251006122237/https://www.wnacg.ru/photos-view-id-6700319.html
