/web/20251006054253/https://www.wnacg.com/photos-index-aid-230226.html
/web/20251006054335/https://www.wnacg.com/download-index-aid-230226.html
/web/20251006054400/https://www.wnacg.com/photos-view-id-19421671.html
/web/20251006054427/https://www.wnacg.com/photos-view-id-19421654.html
/web/20251006054332/https://www.wnacg.com/photos-slide-aid-230226.html
/web/20251006054447/https://www.wnacg.com/photos-view-id-19421665.html
/web/20251006054512/https://www.wnacg.com/photos-index-page-2-aid-230226.html
/web/20251006054459/https://www.wnacg.com/photos-view-id-19421661.html
/web/20251006054525/https://www.wnacg.com/photos-view-id-19421648.html
/web/20251006054557/https://www.wnacg.com/photos-view-id-19421662.html
/web/20251006054613/https://www.wnacg.com/photos-view-id-19421653.html
/web/20251006054601/https://www.wnacg.com/photos-view-id-19421652.html
/web/20251006054646/https://www.wnacg.com/photos-view-id-19421655.html
/web/20251006054644/https://www.wnacg.com/photos-view-id-19421667.html
/web/20251006054707/https://www.wnacg.com/photos-view-id-19421651.html
/web/20251006054759/https://www.wnacg.com/photos-index-page-3-aid-230226.html
/web/20251006054332/https://www.wnacg.com/photos-view-id-19421669.html
/web/20251006054829/https://v1.wzip.date/down/2303/e2cc78b06b43c627cb73a8d828a9042f.zip?n=%5BThe%20Nation%20of%20Head%20Scissors%20(%E3%83%88%E3%83%83%E3%83%9D%E3%82%AE)%5D%20%E5%90%8C%E7%B4%9A%E7%94%9F%E3%81%AE%E5%A5%B3%E5%AD%90%E9%99%B8%E4%B8%8A%E9%83%A8%E5%93%A1%E3%81%AB%E3%80%81%E3%83%97%E3%83%AD%E3%83%AC%E3%82%B9%E6%8A%80%E3%81%A8%E8%87%AD%E3%81%84%E8%B2%AC%E3%82%81%E3%81%A7%E3%80%81%E5%A4%89%E6%85%8B%E5%A5%B4%E9%9A%B7%E3%81%AB%E5%A0%95%E3%81%A8%E3%81%95%E3%82%8C%E3%81%9F%E4%BF%BA%E3%81%AE%E6%97%A5%E5%B8%B8%E3%80%82%20%5B%E4%B8%AD%E5%9B%BD%E7%BF%BB%E8%A8%B3%5D
/web/20251006054840/https://v1.wzip.download/down/2303/e2cc78b06b43c627cb73a8d828a9042f.zip?n=%5BThe%20Nation%20of%20Head%20Scissors%20(%E3%83%88%E3%83%83%E3%83%9D%E3%82%AE)%5D%20%E5%90%8C%E7%B4%9A%E7%94%9F%E3%81%AE%E5%A5%B3%E5%AD%90%E9%99%B8%E4%B8%8A%E9%83%A8%E5%93%A1%E3%81%AB%E3%80%81%E3%83%97%E3%83%AD%E3%83%AC%E3%82%B9%E6%8A%80%E3%81%A8%E8%87%AD%E3%81%84%E8%B2%AC%E3%82%81%E3%81%A7%E3%80%81%E5%A4%89%E6%85%8B%E5%A5%B4%E9%9A%B7%E3%81%AB%E5%A0%95%E3%81%A8%E3%81%95%E3%82%8C%E3%81%9F%E4%BF%BA%E3%81%AE%E6%97%A5%E5%B8%B8%E3%80%82%20%5B%E4%B8%AD%E5%9B%BD%E7%BF%BB%E8%A8%B3%5D
/web/20251006054900/https://www.wnacg.com/photos-view-id-19421650.html
/web/20251006054914/https://www.wnacg.com/photos-view-id-19421658.html
/web/20251006054920/https://www.wnacg.com/photos-view-id-19421666.html
/web/20251006054910/https://www.wnacg.com/photos-view-id-19421670.html
/web/20251006055002/https://www.wnacg.com/photos-view-id-19421672.html
/web/20251006054950/https://www.wnacg.com/photos-view-id-19421649.html
/web/20251006055022/https://www.wnacg.com/photos-view-id-19421663.html
/web/20251006055012/https://www.wnacg.com/photos-view-id-19421659.html
/web/20251006055054/https://www.wnacg.com/photos-view-id-19421660.html
/web/20251006055104/https://www.wnacg.com/photos-view-id-19421664.html
/web/20251006055054/https://www.wnacg.com/photos-index-page-1-aid-230226.html
/web/20251006055052/https://www.wnacg.com/photos-view-id-19421656.html
/web/20251006055114/https://www.wnacg.com/photos-view-id-19421657.html
/web/20251006055124/https://www.wnacg.com/photos-view-id-19421668.html
/web/20251006055154/https://www.wnacg.com/photos-view-id-19421673.html
