https://www.wnacg.com/photos-index-aid-230226.html
https://www.wnacg.com/download-index-aid-230226.html
https://www.wnacg.com/photos-view-id-19421671.html
https://www.wnacg.com/photos-view-id-19421654.html
https://www.wnacg.com/photos-slide-aid-230226.html
https://www.wnacg.com/photos-view-id-19421665.html
https://www.wnacg.com/photos-index-page-2-aid-230226.html
https://www.wnacg.com/photos-view-id-19421661.html
https://www.wnacg.com/photos-view-id-19421648.html
https://www.wnacg.com/photos-view-id-19421662.html
https://www.wnacg.com/photos-view-id-19421653.html
https://www.wnacg.com/photos-view-id-19421652.html
https://www.wnacg.com/photos-view-id-19421655.html
https://www.wnacg.com/photos-view-id-19421667.html
https://www.wnacg.com/photos-view-id-19421651.html
https://www.wnacg.com/photos-index-page-3-aid-230226.html
https://www.wnacg.com/photos-view-id-19421669.html
https://v1.wzip.date/down/2303/e2cc78b06b43c627cb73a8d828a9042f.zip?n=[The%20Nation%20of%20Head%20Scissors%20(%E3%83%88%E3%83%83%E3%83%9D%E3%82%AE)]%20%E5%90%8C%E7%B4%9A%E7%94%9F%E3%81%AE%E5%A5%B3%E5%AD%90%E9%99%B8%E4%B8%8A%E9%83%A8%E5%93%A1%E3%81%AB%E3%80%81%E3%83%97%E3%83%AD%E3%83%AC%E3%82%B9%E6%8A%80%E3%81%A8%E8%87%AD%E3%81%84%E8%B2%AC%E3%82%81%E3%81%A7%E3%80%81%E5%A4%89%E6%85%8B%E5%A5%B4%E9%9A%B7%E3%81%AB%E5%A0%95%E3%81%A8%E3%81%95%E3%82%8C%E3%81%9F%E4%BF%BA%E3%81%AE%E6%97%A5%E5%B8%B8%E3%80%82%20[%E4%B8%AD%E5%9B%BD%E7%BF%BB%E8%A8%B3]
https://v1.wzip.download/down/2303/e2cc78b06b43c627cb73a8d828a9042f.zip?n=[The%20Nation%20of%20Head%20Scissors%20(%E3%83%88%E3%83%83%E3%83%9D%E3%82%AE)]%20%E5%90%8C%E7%B4%9A%E7%94%9F%E3%81%AE%E5%A5%B3%E5%AD%90%E9%99%B8%E4%B8%8A%E9%83%A8%E5%93%A1%E3%81%AB%E3%80%81%E3%83%97%E3%83%AD%E3%83%AC%E3%82%B9%E6%8A%80%E3%81%A8%E8%87%AD%E3%81%84%E8%B2%AC%E3%82%81%E3%81%A7%E3%80%81%E5%A4%89%E6%85%8B%E5%A5%B4%E9%9A%B7%E3%81%AB%E5%A0%95%E3%81%A8%E3%81%95%E3%82%8C%E3%81%9F%E4%BF%BA%E3%81%AE%E6%97%A5%E5%B8%B8%E3%80%82%20[%E4%B8%AD%E5%9B%BD%E7%BF%BB%E8%A8%B3]
https://www.wnacg.com/photos-view-id-19421650.html
https://www.wnacg.com/photos-view-id-19421658.html
https://www.wnacg.com/photos-view-id-19421666.html
https://www.wnacg.com/photos-view-id-19421670.html
https://www.wnacg.com/photos-view-id-19421672.html
https://www.wnacg.com/photos-view-id-19421649.html
https://www.wnacg.com/photos-view-id-19421663.html
https://www.wnacg.com/photos-view-id-19421659.html
https://www.wnacg.com/photos-view-id-19421660.html
https://www.wnacg.com/photos-view-id-19421664.html
https://www.wnacg.com/photos-index-page-1-aid-230226.html
https://www.wnacg.com/photos-view-id-19421656.html
https://www.wnacg.com/photos-view-id-19421657.html
https://www.wnacg.com/photos-view-id-19421668.html
https://www.wnacg.com/photos-view-id-19421673.html
