/web/20251005054816/https://www.wnacg.com/photos-index-aid-217384.html
/web/20251005054833/https://www.wnacg.com/photos-view-id-18504283.html
/web/20251005054853/https://www.wnacg.com/photos-view-id-18504281.html
/web/20251005054909/https://www.wnacg.com/download-index-aid-217384.html
/web/20251005055014/https://www.wnacg.com/photos-index-page-2-aid-217384.html
/web/20251005054955/https://www.wnacg.com/photos-index-page-3-aid-217384.html
/web/20251005055039/https://www.wnacg.com/photos-view-id-18504280.html
/web/20251005054847/https://www.wnacg.com/photos-view-id-18504277.html
/web/20251005055042/https://www.wnacg.com/photos-view-id-18504303.html
/web/20251005055107/https://www.wnacg.com/photos-view-id-18504284.html
/web/20251005055150/https://www.wnacg.com/photos-view-id-18504291.html
/web/20251005055242/https://www.wnacg.com/photos-view-id-18504299.html
/web/20251005055159/https://www.wnacg.com/photos-view-id-18504292.html
/web/20251005055237/https://www.wnacg.com/photos-slide-aid-217384.html
/web/20251005055240/https://www.wnacg.com/photos-view-id-18504301.html
/web/20251005055315/https://www.wnacg.com/photos-view-id-18504297.html
/web/20251005055343/https://v1.wzip.date/down/2174/2973a09d778bd83055f8cb92571a6a0f.zip?n=%5B2vs%20(%E6%A4%8E%E5%90%8D%E9%AF%9B)%5D%20%E7%94%98%E3%82%B5%E3%83%89%E3%82%B5%E3%82%AD%E3%83%A5%E3%83%90%E3%82%B9%EF%BD%9E%E3%82%8F%E3%81%8B%E3%82%89%E3%81%9B%E3%82%89%E3%82%8C%E3%81%A6%E6%95%97%E5%8C%97%E5%B0%84%E7%B2%BE%E3%81%97%E3%81%9F%E5%83%95%EF%BD%9E%20%5B%E7%BB%85%E5%A3%AB%E4%BB%93%E5%BA%93%E6%B1%89%E5%8C%96%5D%20%5BDL%E7%89%88%5D
/web/20251005055350/https://v1.wzip.download/down/2174/2973a09d778bd83055f8cb92571a6a0f.zip?n=%5B2vs%20(%E6%A4%8E%E5%90%8D%E9%AF%9B)%5D%20%E7%94%98%E3%82%B5%E3%83%89%E3%82%B5%E3%82%AD%E3%83%A5%E3%83%90%E3%82%B9%EF%BD%9E%E3%82%8F%E3%81%8B%E3%82%89%E3%81%9B%E3%82%89%E3%82%8C%E3%81%A6%E6%95%97%E5%8C%97%E5%B0%84%E7%B2%BE%E3%81%97%E3%81%9F%E5%83%95%EF%BD%9E%20%5B%E7%BB%85%E5%A3%AB%E4%BB%93%E5%BA%93%E6%B1%89%E5%8C%96%5D%20%5BDL%E7%89%88%5D
/web/20251005055412/https://www.wnacg.com/photos-view-id-18504305.html
/web/20251005055433/https://www.wnacg.com/photos-index-page-1-aid-217384.html
/web/20251005055443/https://www.wnacg.com/photos-view-id-18504285.html
/web/20251005055448/https://www.wnacg.com/photos-view-id-18504289.html
/web/20251005055455/https://www.wnacg.com/photos-view-id-18504304.html
/web/20251005055526/https://www.wnacg.com/photos-view-id-18504302.html
/web/20251005055527/https://www.wnacg.com/photos-view-id-18504290.html
/web/20251005055517/https://www.wnacg.com/photos-view-id-18504293.html
/web/20251005055517/https://www.wnacg.com/photos-view-id-18504287.html
/web/20251005055601/https://www.wnacg.com/photos-view-id-18504279.html
/web/20251005055602/https://www.wnacg.com/photos-view-id-18504286.html
/web/20251005055642/https://www.wnacg.com/photos-view-id-18504300.html
/web/20251005055654/https://www.wnacg.com/photos-view-id-18504307.html
/web/20251005055707/https://www.wnacg.com/photos-view-id-18504278.html
/web/20251005055656/https://www.wnacg.com/photos-view-id-18504296.html
/web/20251005055637/https://www.wnacg.com/photos-view-id-18504306.html
/web/20251005055718/https://www.wnacg.com/photos-view-id-18504294.html
/web/20251005055721/https://www.wnacg.com/photos-view-id-18504298.html
/web/20251005055800/https://www.wnacg.com/photos-view-id-18504288.html
