/web/20251007070627/https://www.wnacg.ru/photos-index-aid-245456.html
/web/20251007070632/https://www.wnacg.ru/photos-index-aid-232990.html
/web/20251007070645/https://www.wnacg.ru/photos-index-aid-232110.html
/web/20251007070744/https://www.wnacg.ru/photos-index-aid-214676.html
/web/20251007070742/https://www.wnacg.ru/photos-index-aid-212423.html
/web/20251007070702/https://www.wnacg.ru/photos-index-aid-79904.html
/web/20251007070814/https://www.wnacg.ru/photos-index-aid-230768.html
/web/20251007070842/https://www.wnacg.ru/photos-index-aid-79905.html
/web/20251007070811/https://www.wnacg.ru/photos-index-aid-243483.html
/web/20251007070938/https://www.wnacg.ru/download-index-aid-245456.html
/web/20251007070950/https://www.wnacg.ru/photos-index-page-2-aid-245456.html
/web/20251007070959/https://www.wnacg.ru/photos-index-page-3-aid-245456.html
/web/20251007071019/https://www.wnacg.ru/photos-index-page-4-aid-245456.html
/web/20251007071009/https://www.wnacg.ru/photos-slide-aid-245456.html
/web/20251007071049/https://www.wnacg.ru/photos-index-page-3-aid-232990.html
/web/20251007071049/https://www.wnacg.ru/photos-index-page-2-aid-232990.html
/web/20251007071133/https://www.wnacg.ru/photos-index-page-4-aid-232990.html
/web/20251007071125/https://www.wnacg.ru/download-index-aid-232990.html
/web/20251007071209/https://www.wnacg.ru/photos-index-page-4-aid-232110.html
/web/20251007071210/https://www.wnacg.ru/download-index-aid-232110.html
/web/20251007071149/https://www.wnacg.ru/photos-slide-aid-232990.html
/web/20251007071252/https://www.wnacg.ru/photos-index-page-2-aid-214676.html
/web/20251007071258/https://www.wnacg.ru/photos-index-page-2-aid-232110.html
/web/20251007071330/https://www.wnacg.ru/photos-index-page-3-aid-214676.html
/web/20251007071239/https://www.wnacg.ru/photos-slide-aid-232110.html
/web/20251007071324/https://www.wnacg.ru/photos-slide-aid-214676.html
/web/20251007071353/https://www.wnacg.ru/photos-index-page-3-aid-232110.html
/web/20251007071406/https://www.wnacg.ru/photos-index-page-2-aid-212423.html
/web/20251007071354/https://www.wnacg.ru/download-index-aid-214676.html
/web/20251007071439/https://www.wnacg.ru/download-index-aid-212423.html
/web/20251007071455/https://www.wnacg.ru/photos-index-page-3-aid-212423.html
/web/20251007071540/https://www.wnacg.ru/photos-index-page-1-aid-245456.html
/web/20251007071538/https://v1.wzip.download/down/2455/139a6318e53c9d6d3bfddc85552b7487.zip?n=%5BNOSEBLEED%20(%E5%AE%AE%E5%85%83%E4%B8%80%E4%BD%90)%5D%20%E9%BB%92%E3%82%AE%E3%83%A3%E3%83%AB%E3%83%A1%E3%82%A4%E3%83%89%E6%B7%AB%E9%AD%94%E3%80%81%E3%81%94%E3%81%97%E3%82%85%E3%82%92%E5%96%B0%E3%81%86%E3%80%822%20%E4%BA%AB%E7%94%A8%E4%B8%BB%E4%BA%BA%E7%9A%84%E9%BB%91%E8%BE%A3%E5%A6%B9%E5%A5%B3%E5%83%95%E6%B7%AB%E9%AD%94%E3%80%82%202%20%5B%E4%B8%AD%E5%9B%BD%E7%BF%BB%E8%A8%B3%5D%20%5B%E7%84%A1%E4%BF%AE%E6%AD%A3%5D%20%5BDL%E7%89%88%5D
/web/20251007071459/https://www.wnacg.ru/photos-slide-aid-212423.html
/web/20251007071611/https://v1.wzip.date/down/2330/b1980fc30b93537a46ece911497099fb.zip?n=%5BNOSEBLEED%20(%E5%AE%AE%E5%85%83%E4%B8%80%E4%BD%90)%5D%20%E9%BB%92%E3%82%AE%E3%83%A3%E3%83%AB%E3%83%A1%E3%82%A4%E3%83%89%E6%B7%AB%E9%AD%94%E3%80%81%E3%81%94%E3%81%97%E3%82%85%E3%82%92%E5%96%B0%E3%81%86%E3%80%822%20%5BDL%E7%89%88%5D%20%5BBanana%E6%89%8B%E5%B7%A5%E6%BC%A2%E5%8C%96%5D
/web/20251007071525/https://v1.wzip.date/down/2455/139a6318e53c9d6d3bfddc85552b7487.zip?n=%5BNOSEBLEED%20(%E5%AE%AE%E5%85%83%E4%B8%80%E4%BD%90)%5D%20%E9%BB%92%E3%82%AE%E3%83%A3%E3%83%AB%E3%83%A1%E3%82%A4%E3%83%89%E6%B7%AB%E9%AD%94%E3%80%81%E3%81%94%E3%81%97%E3%82%85%E3%82%92%E5%96%B0%E3%81%86%E3%80%822%20%E4%BA%AB%E7%94%A8%E4%B8%BB%E4%BA%BA%E7%9A%84%E9%BB%91%E8%BE%A3%E5%A6%B9%E5%A5%B3%E5%83%95%E6%B7%AB%E9%AD%94%E3%80%82%202%20%5B%E4%B8%AD%E5%9B%BD%E7%BF%BB%E8%A8%B3%5D%20%5B%E7%84%A1%E4%BF%AE%E6%AD%A3%5D%20%5BDL%E7%89%88%5D
/web/20251007071641/https://v1.wzip.download/down/2322/28c23e2921f8ac1ab42ffeb0519ac0f8.zip?n=%5BNOSEBLEED%20(%E5%AE%AE%E5%85%83%E4%B8%80%E4%BD%90)%5D%20%E9%BB%92%E3%82%AE%E3%83%A3%E3%83%AB%E3%83%A1%E3%82%A4%E3%83%89%E6%B7%AB%E9%AD%94%E3%80%81%E3%81%94%E3%81%97%E3%82%85%E3%82%92%E5%96%B0%E3%81%86%E3%80%822%20%5BBanana%E6%89%8B%E5%B7%A5%E6%BC%A2%E5%8C%96%5D%20%5BDL%E7%89%88%5D
/web/20251007071639/https://v1.wzip.download/down/2330/b1980fc30b93537a46ece911497099fb.zip?n=%5BNOSEBLEED%20(%E5%AE%AE%E5%85%83%E4%B8%80%E4%BD%90)%5D%20%E9%BB%92%E3%82%AE%E3%83%A3%E3%83%AB%E3%83%A1%E3%82%A4%E3%83%89%E6%B7%AB%E9%AD%94%E3%80%81%E3%81%94%E3%81%97%E3%82%85%E3%82%92%E5%96%B0%E3%81%86%E3%80%822%20%5BDL%E7%89%88%5D%20%5BBanana%E6%89%8B%E5%B7%A5%E6%BC%A2%E5%8C%96%5D
/web/20251007071644/https://www.wnacg.ru/photos-index-page-1-aid-232990.html
/web/20251007071722/https://v1.wzip.date/down/2322/28c23e2921f8ac1ab42ffeb0519ac0f8.zip?n=%5BNOSEBLEED%20(%E5%AE%AE%E5%85%83%E4%B8%80%E4%BD%90)%5D%20%E9%BB%92%E3%82%AE%E3%83%A3%E3%83%AB%E3%83%A1%E3%82%A4%E3%83%89%E6%B7%AB%E9%AD%94%E3%80%81%E3%81%94%E3%81%97%E3%82%85%E3%82%92%E5%96%B0%E3%81%86%E3%80%822%20%5BBanana%E6%89%8B%E5%B7%A5%E6%BC%A2%E5%8C%96%5D%20%5BDL%E7%89%88%5D
/web/20251007071725/https://www.wnacg.ru/photos-index-page-1-aid-214676.html
/web/20251007071744/https://v1.wzip.download/down/2147/797ddf0c53936542589800c7ab4d23e8.zip?n=%5B%E6%B3%A2%E6%AD%A2%E5%A0%B4%E8%8C%9C%5D%20%E3%82%88%E3%81%86%E3%81%93%E3%81%9D%EF%BC%81%E6%B7%AB%E9%AD%94%E5%A8%BC%E9%A4%A8%20%E3%82%A2%E3%83%AB%E3%82%AB%E3%83%87%E3%82%A3%E3%82%A2%E3%83%BB%E3%82%A8%E3%82%B4%20%E7%AC%AC2%E8%A9%B1%20%5B%E4%B8%AD%E5%9B%BD%E7%BF%BB%E8%A8%B3%5D
/web/20251007071752/https://v1.wzip.date/down/2147/797ddf0c53936542589800c7ab4d23e8.zip?n=%5B%E6%B3%A2%E6%AD%A2%E5%A0%B4%E8%8C%9C%5D%20%E3%82%88%E3%81%86%E3%81%93%E3%81%9D%EF%BC%81%E6%B7%AB%E9%AD%94%E5%A8%BC%E9%A4%A8%20%E3%82%A2%E3%83%AB%E3%82%AB%E3%83%87%E3%82%A3%E3%82%A2%E3%83%BB%E3%82%A8%E3%82%B4%20%E7%AC%AC2%E8%A9%B1%20%5B%E4%B8%AD%E5%9B%BD%E7%BF%BB%E8%A8%B3%5D
/web/20251007071734/https://www.wnacg.ru/photos-index-page-1-aid-212423.html
/web/20251007071802/https://v1.wzip.download/down/2125/e23c86e2eba65fe6f43920651a2b6b9e.zip?n=%5B%E6%B3%A2%E6%AD%A2%E5%A0%B4%E8%8C%9C%5D%20%E3%82%88%E3%81%86%E3%81%93%E3%81%9D%EF%BC%81%E6%B7%AB%E9%AD%94%E5%A8%BC%E9%A4%A8%20%E3%82%A2%E3%83%AB%E3%82%AB%E3%83%87%E3%82%A3%E3%82%A2%E3%83%BB%E3%82%A8%E3%82%B4%20%E7%AC%AC1%E8%A9%B1%20%5B%E6%BD%87%E6%B4%92%E4%B8%AA%E4%BA%BA%E6%B1%89%E5%8C%96%5D
/web/20251007071632/https://www.wnacg.ru/photos-index-page-1-aid-232110.html
/web/20251007071837/https://v1.wzip.date/down/2125/e23c86e2eba65fe6f43920651a2b6b9e.zip?n=%5B%E6%B3%A2%E6%AD%A2%E5%A0%B4%E8%8C%9C%5D%20%E3%82%88%E3%81%86%E3%81%93%E3%81%9D%EF%BC%81%E6%B7%AB%E9%AD%94%E5%A8%BC%E9%A4%A8%20%E3%82%A2%E3%83%AB%E3%82%AB%E3%83%87%E3%82%A3%E3%82%A2%E3%83%BB%E3%82%A8%E3%82%B4%20%E7%AC%AC1%E8%A9%B1%20%5B%E6%BD%87%E6%B4%92%E4%B8%AA%E4%BA%BA%E6%B1%89%E5%8C%96%5D
/web/20251007071835/https://www.wnacg.ru/download-index-aid-79904.html
/web/20251007071846/https://www.wnacg.ru/photos-slide-aid-79904.html
/web/20251007071905/https://www.wnacg.ru/photos-index-page-2-aid-79904.html
/web/20251007071948/https://www.wnacg.ru/download-index-aid-230768.html
/web/20251007071935/https://www.wnacg.ru/photos-index-page-3-aid-230768.html
/web/20251007072008/https://www.wnacg.ru/photos-index-page-4-aid-79905.html
/web/20251007072010/https://www.wnacg.ru/photos-index-page-3-aid-79904.html
/web/20251007071958/https://www.wnacg.ru/photos-slide-aid-230768.html
/web/20251007072044/https://www.wnacg.ru/photos-index-page-2-aid-230768.html
/web/20251007072058/https://v1.wzip.date/down/0800/68b42d37e391b58104dd4d19865c6a75.zip?n=(C93)%20%5B%E3%81%A6%E3%81%83%E3%82%89%E3%81%BF%E3%81%99%E3%81%9F%E3%82%8B%E3%81%A8%20(%E4%B8%80%E5%BC%98)%5D%20%E6%B7%AB%E9%AD%94%E5%90%B8%E7%B2%BE%20%5B%E4%B8%AD%E5%9B%BD%E7%BF%BB%E8%A8%B3%5D
/web/20251007072123/https://v1.wzip.download/down/0800/68b42d37e391b58104dd4d19865c6a75.zip?n=(C93)%20%5B%E3%81%A6%E3%81%83%E3%82%89%E3%81%BF%E3%81%99%E3%81%9F%E3%82%8B%E3%81%A8%20(%E4%B8%80%E5%BC%98)%5D%20%E6%B7%AB%E9%AD%94%E5%90%B8%E7%B2%BE%20%5B%E4%B8%AD%E5%9B%BD%E7%BF%BB%E8%A8%B3%5D
/web/20251007072153/https://v1.wzip.date/down/2308/9b252612fc8560042bf64a241e4a1e7d.zip?n=%5B%E6%B3%A2%E6%AD%A2%E5%A0%B4%E8%8C%9C%5D%20%E3%82%88%E3%81%86%E3%81%93%E3%81%9D%EF%BC%81%E6%B7%AB%E9%AD%94%E5%A8%BC%E9%A4%A8%20%E3%82%A2%E3%83%AB%E3%82%AB%E3%83%87%E3%82%A3%E3%82%A2%E3%83%BB%E3%82%A8%E3%82%B4%20%E7%AC%AC3%E8%A9%B1%20%5B%E6%BD%87%E6%B4%92%E4%B8%AA%E4%BA%BA%E6%B1%89%E5%8C%96%5D
/web/20251007072154/https://v1.wzip.download/down/2308/9b252612fc8560042bf64a241e4a1e7d.zip?n=%5B%E6%B3%A2%E6%AD%A2%E5%A0%B4%E8%8C%9C%5D%20%E3%82%88%E3%81%86%E3%81%93%E3%81%9D%EF%BC%81%E6%B7%AB%E9%AD%94%E5%A8%BC%E9%A4%A8%20%E3%82%A2%E3%83%AB%E3%82%AB%E3%83%87%E3%82%A3%E3%82%A2%E3%83%BB%E3%82%A8%E3%82%B4%20%E7%AC%AC3%E8%A9%B1%20%5B%E6%BD%87%E6%B4%92%E4%B8%AA%E4%BA%BA%E6%B1%89%E5%8C%96%5D
/web/20251007072148/https://www.wnacg.ru/photos-index-page-3-aid-79905.html
/web/20251007072224/https://www.wnacg.ru/photos-index-page-1-aid-79904.html
/web/20251007072206/https://www.wnacg.ru/photos-index-page-1-aid-230768.html
/web/20251007072216/https://www.wnacg.ru/photos-index-page-2-aid-79905.html
/web/20251007072226/https://www.wnacg.ru/photos-slide-aid-79905.html
/web/20251007072259/https://www.wnacg.ru/photos-slide-aid-243483.html
/web/20251007072257/https://www.wnacg.ru/download-index-aid-79905.html
/web/20251007072309/https://www.wnacg.ru/photos-index-page-2-aid-243483.html
/web/20251007072400/https://www.wnacg.ru/photos-index-page-3-aid-243483.html
/web/20251007072402/https://www.wnacg.ru/photos-index-page-4-aid-243483.html
/web/20251007072412/https://www.wnacg.ru/download-index-aid-243483.html
/web/20251007072441/https://v1.wzip.download/down/0800/4c1e94018476e5b2f147f7e5831d7e76.zip?n=(C94)%20%5B%E3%81%A6%E3%81%83%E3%82%89%E3%81%BF%E3%81%99%E3%81%9F%E3%82%8B%E3%81%A8%20(%E4%B8%80%E5%BC%98)%5D%20%E6%B7%AB%E9%AD%94%E5%90%B8%E7%B2%BE2%20~%E3%82%B7%E3%83%A7%E3%82%BF%E5%96%B0%E3%81%84%E3%82%B5%E3%82%AD%E3%83%A5%E3%83%90%E3%82%B9%E3%81%8A%E5%A7%89%E3%81%95%E3%82%93~
/web/20251007072432/https://www.wnacg.ru/photos-index-page-1-aid-79905.html
/web/20251007072510/https://v1.wzip.date/down/0800/4c1e94018476e5b2f147f7e5831d7e76.zip?n=(C94)%20%5B%E3%81%A6%E3%81%83%E3%82%89%E3%81%BF%E3%81%99%E3%81%9F%E3%82%8B%E3%81%A8%20(%E4%B8%80%E5%BC%98)%5D%20%E6%B7%AB%E9%AD%94%E5%90%B8%E7%B2%BE2%20~%E3%82%B7%E3%83%A7%E3%82%BF%E5%96%B0%E3%81%84%E3%82%B5%E3%82%AD%E3%83%A5%E3%83%90%E3%82%B9%E3%81%8A%E5%A7%89%E3%81%95%E3%82%93~
/web/20251007072514/https://www.wnacg.ru/photos-index-page-1-aid-243483.html
/web/20251007072532/https://v1.wzip.date/down/2435/885d5d0d825e17e0cfaafe6af72da9d8.zip?n=%5BNOSEBLEED%20(%E5%AE%AE%E5%85%83%E4%B8%80%E4%BD%90)%5D%20%E9%BB%92%E3%82%AE%E3%83%A3%E3%83%AB%E3%83%A1%E3%82%A4%E3%83%89%E6%B7%AB%E9%AD%94%E3%80%81%E3%81%94%E3%81%97%E3%82%85%E3%82%92%E5%96%B0%E3%81%86%E3%80%82%EF%B8%B1%E4%BA%AB%E7%94%A8%E4%B8%BB%E4%BA%BA%E7%9A%84%E9%BB%91%E8%BE%A3%E5%A6%B9%E5%A5%B3%E5%83%95%E6%B7%AB%E9%AD%94%E3%80%82%20%5B%E4%B8%AD%E5%9B%BD%E7%BF%BB%E8%A8%B3%5D%20%5B%E7%84%A1%E4%BF%AE%E6%AD%A3%5D%20%5BDL%E7%89%88%5D
/web/20251007072546/https://v1.wzip.download/down/2435/885d5d0d825e17e0cfaafe6af72da9d8.zip?n=%5BNOSEBLEED%20(%E5%AE%AE%E5%85%83%E4%B8%80%E4%BD%90)%5D%20%E9%BB%92%E3%82%AE%E3%83%A3%E3%83%AB%E3%83%A1%E3%82%A4%E3%83%89%E6%B7%AB%E9%AD%94%E3%80%81%E3%81%94%E3%81%97%E3%82%85%E3%82%92%E5%96%B0%E3%81%86%E3%80%82%EF%B8%B1%E4%BA%AB%E7%94%A8%E4%B8%BB%E4%BA%BA%E7%9A%84%E9%BB%91%E8%BE%A3%E5%A6%B9%E5%A5%B3%E5%83%95%E6%B7%AB%E9%AD%94%E3%80%82%20%5B%E4%B8%AD%E5%9B%BD%E7%BF%BB%E8%A8%B3%5D%20%5B%E7%84%A1%E4%BF%AE%E6%AD%A3%5D%20%5BDL%E7%89%88%5D
