https://www.wnacg.ru/photos-index-aid-245456.html
https://www.wnacg.ru/photos-index-aid-232990.html
https://www.wnacg.ru/photos-index-aid-232110.html
https://www.wnacg.ru/photos-index-aid-214676.html
https://www.wnacg.ru/photos-index-aid-212423.html
https://www.wnacg.ru/photos-index-aid-79904.html
https://www.wnacg.ru/photos-index-aid-230768.html
https://www.wnacg.ru/photos-index-aid-79905.html
https://www.wnacg.ru/photos-index-aid-243483.html
https://www.wnacg.ru/download-index-aid-245456.html
https://www.wnacg.ru/photos-index-page-2-aid-245456.html
https://www.wnacg.ru/photos-index-page-3-aid-245456.html
https://www.wnacg.ru/photos-index-page-4-aid-245456.html
https://www.wnacg.ru/photos-slide-aid-245456.html
https://www.wnacg.ru/photos-index-page-3-aid-232990.html
https://www.wnacg.ru/photos-index-page-2-aid-232990.html
https://www.wnacg.ru/photos-index-page-4-aid-232990.html
https://www.wnacg.ru/download-index-aid-232990.html
https://www.wnacg.ru/photos-index-page-4-aid-232110.html
https://www.wnacg.ru/download-index-aid-232110.html
https://www.wnacg.ru/photos-slide-aid-232990.html
https://www.wnacg.ru/photos-index-page-2-aid-214676.html
https://www.wnacg.ru/photos-index-page-2-aid-232110.html
https://www.wnacg.ru/photos-index-page-3-aid-214676.html
https://www.wnacg.ru/photos-slide-aid-232110.html
https://www.wnacg.ru/photos-slide-aid-214676.html
https://www.wnacg.ru/photos-index-page-3-aid-232110.html
https://www.wnacg.ru/photos-index-page-2-aid-212423.html
https://www.wnacg.ru/download-index-aid-214676.html
https://www.wnacg.ru/download-index-aid-212423.html
https://www.wnacg.ru/photos-index-page-3-aid-212423.html
https://www.wnacg.ru/photos-index-page-1-aid-245456.html
https://v1.wzip.download/down/2455/139a6318e53c9d6d3bfddc85552b7487.zip?n=[NOSEBLEED%20(%E5%AE%AE%E5%85%83%E4%B8%80%E4%BD%90)]%20%E9%BB%92%E3%82%AE%E3%83%A3%E3%83%AB%E3%83%A1%E3%82%A4%E3%83%89%E6%B7%AB%E9%AD%94%E3%80%81%E3%81%94%E3%81%97%E3%82%85%E3%82%92%E5%96%B0%E3%81%86%E3%80%822%20%E4%BA%AB%E7%94%A8%E4%B8%BB%E4%BA%BA%E7%9A%84%E9%BB%91%E8%BE%A3%E5%A6%B9%E5%A5%B3%E5%83%95%E6%B7%AB%E9%AD%94%E3%80%82%202%20[%E4%B8%AD%E5%9B%BD%E7%BF%BB%E8%A8%B3]%20[%E7%84%A1%E4%BF%AE%E6%AD%A3]%20[DL%E7%89%88]
https://www.wnacg.ru/photos-slide-aid-212423.html
https://v1.wzip.date/down/2330/b1980fc30b93537a46ece911497099fb.zip?n=[NOSEBLEED%20(%E5%AE%AE%E5%85%83%E4%B8%80%E4%BD%90)]%20%E9%BB%92%E3%82%AE%E3%83%A3%E3%83%AB%E3%83%A1%E3%82%A4%E3%83%89%E6%B7%AB%E9%AD%94%E3%80%81%E3%81%94%E3%81%97%E3%82%85%E3%82%92%E5%96%B0%E3%81%86%E3%80%822%20[DL%E7%89%88]%20[Banana%E6%89%8B%E5%B7%A5%E6%BC%A2%E5%8C%96]
https://v1.wzip.date/down/2455/139a6318e53c9d6d3bfddc85552b7487.zip?n=[NOSEBLEED%20(%E5%AE%AE%E5%85%83%E4%B8%80%E4%BD%90)]%20%E9%BB%92%E3%82%AE%E3%83%A3%E3%83%AB%E3%83%A1%E3%82%A4%E3%83%89%E6%B7%AB%E9%AD%94%E3%80%81%E3%81%94%E3%81%97%E3%82%85%E3%82%92%E5%96%B0%E3%81%86%E3%80%822%20%E4%BA%AB%E7%94%A8%E4%B8%BB%E4%BA%BA%E7%9A%84%E9%BB%91%E8%BE%A3%E5%A6%B9%E5%A5%B3%E5%83%95%E6%B7%AB%E9%AD%94%E3%80%82%202%20[%E4%B8%AD%E5%9B%BD%E7%BF%BB%E8%A8%B3]%20[%E7%84%A1%E4%BF%AE%E6%AD%A3]%20[DL%E7%89%88]
https://v1.wzip.download/down/2322/28c23e2921f8ac1ab42ffeb0519ac0f8.zip?n=[NOSEBLEED%20(%E5%AE%AE%E5%85%83%E4%B8%80%E4%BD%90)]%20%E9%BB%92%E3%82%AE%E3%83%A3%E3%83%AB%E3%83%A1%E3%82%A4%E3%83%89%E6%B7%AB%E9%AD%94%E3%80%81%E3%81%94%E3%81%97%E3%82%85%E3%82%92%E5%96%B0%E3%81%86%E3%80%822%20[Banana%E6%89%8B%E5%B7%A5%E6%BC%A2%E5%8C%96]%20[DL%E7%89%88]
https://v1.wzip.download/down/2330/b1980fc30b93537a46ece911497099fb.zip?n=[NOSEBLEED%20(%E5%AE%AE%E5%85%83%E4%B8%80%E4%BD%90)]%20%E9%BB%92%E3%82%AE%E3%83%A3%E3%83%AB%E3%83%A1%E3%82%A4%E3%83%89%E6%B7%AB%E9%AD%94%E3%80%81%E3%81%94%E3%81%97%E3%82%85%E3%82%92%E5%96%B0%E3%81%86%E3%80%822%20[DL%E7%89%88]%20[Banana%E6%89%8B%E5%B7%A5%E6%BC%A2%E5%8C%96]
https://www.wnacg.ru/photos-index-page-1-aid-232990.html
https://v1.wzip.date/down/2322/28c23e2921f8ac1ab42ffeb0519ac0f8.zip?n=[NOSEBLEED%20(%E5%AE%AE%E5%85%83%E4%B8%80%E4%BD%90)]%20%E9%BB%92%E3%82%AE%E3%83%A3%E3%83%AB%E3%83%A1%E3%82%A4%E3%83%89%E6%B7%AB%E9%AD%94%E3%80%81%E3%81%94%E3%81%97%E3%82%85%E3%82%92%E5%96%B0%E3%81%86%E3%80%822%20[Banana%E6%89%8B%E5%B7%A5%E6%BC%A2%E5%8C%96]%20[DL%E7%89%88]
https://www.wnacg.ru/photos-index-page-1-aid-214676.html
https://v1.wzip.download/down/2147/797ddf0c53936542589800c7ab4d23e8.zip?n=[%E6%B3%A2%E6%AD%A2%E5%A0%B4%E8%8C%9C]%20%E3%82%88%E3%81%86%E3%81%93%E3%81%9D%EF%BC%81%E6%B7%AB%E9%AD%94%E5%A8%BC%E9%A4%A8%20%E3%82%A2%E3%83%AB%E3%82%AB%E3%83%87%E3%82%A3%E3%82%A2%E3%83%BB%E3%82%A8%E3%82%B4%20%E7%AC%AC2%E8%A9%B1%20[%E4%B8%AD%E5%9B%BD%E7%BF%BB%E8%A8%B3]
https://v1.wzip.date/down/2147/797ddf0c53936542589800c7ab4d23e8.zip?n=[%E6%B3%A2%E6%AD%A2%E5%A0%B4%E8%8C%9C]%20%E3%82%88%E3%81%86%E3%81%93%E3%81%9D%EF%BC%81%E6%B7%AB%E9%AD%94%E5%A8%BC%E9%A4%A8%20%E3%82%A2%E3%83%AB%E3%82%AB%E3%83%87%E3%82%A3%E3%82%A2%E3%83%BB%E3%82%A8%E3%82%B4%20%E7%AC%AC2%E8%A9%B1%20[%E4%B8%AD%E5%9B%BD%E7%BF%BB%E8%A8%B3]
https://www.wnacg.ru/photos-index-page-1-aid-212423.html
https://v1.wzip.download/down/2125/e23c86e2eba65fe6f43920651a2b6b9e.zip?n=[%E6%B3%A2%E6%AD%A2%E5%A0%B4%E8%8C%9C]%20%E3%82%88%E3%81%86%E3%81%93%E3%81%9D%EF%BC%81%E6%B7%AB%E9%AD%94%E5%A8%BC%E9%A4%A8%20%E3%82%A2%E3%83%AB%E3%82%AB%E3%83%87%E3%82%A3%E3%82%A2%E3%83%BB%E3%82%A8%E3%82%B4%20%E7%AC%AC1%E8%A9%B1%20[%E6%BD%87%E6%B4%92%E4%B8%AA%E4%BA%BA%E6%B1%89%E5%8C%96]
https://www.wnacg.ru/photos-index-page-1-aid-232110.html
https://v1.wzip.date/down/2125/e23c86e2eba65fe6f43920651a2b6b9e.zip?n=[%E6%B3%A2%E6%AD%A2%E5%A0%B4%E8%8C%9C]%20%E3%82%88%E3%81%86%E3%81%93%E3%81%9D%EF%BC%81%E6%B7%AB%E9%AD%94%E5%A8%BC%E9%A4%A8%20%E3%82%A2%E3%83%AB%E3%82%AB%E3%83%87%E3%82%A3%E3%82%A2%E3%83%BB%E3%82%A8%E3%82%B4%20%E7%AC%AC1%E8%A9%B1%20[%E6%BD%87%E6%B4%92%E4%B8%AA%E4%BA%BA%E6%B1%89%E5%8C%96]
https://www.wnacg.ru/download-index-aid-79904.html
https://www.wnacg.ru/photos-slide-aid-79904.html
https://www.wnacg.ru/photos-index-page-2-aid-79904.html
https://www.wnacg.ru/download-index-aid-230768.html
https://www.wnacg.ru/photos-index-page-3-aid-230768.html
https://www.wnacg.ru/photos-index-page-4-aid-79905.html
https://www.wnacg.ru/photos-index-page-3-aid-79904.html
https://www.wnacg.ru/photos-slide-aid-230768.html
https://www.wnacg.ru/photos-index-page-2-aid-230768.html
https://v1.wzip.date/down/0800/68b42d37e391b58104dd4d19865c6a75.zip?n=(C93)%20[%E3%81%A6%E3%81%83%E3%82%89%E3%81%BF%E3%81%99%E3%81%9F%E3%82%8B%E3%81%A8%20(%E4%B8%80%E5%BC%98)]%20%E6%B7%AB%E9%AD%94%E5%90%B8%E7%B2%BE%20[%E4%B8%AD%E5%9B%BD%E7%BF%BB%E8%A8%B3]
https://v1.wzip.download/down/0800/68b42d37e391b58104dd4d19865c6a75.zip?n=(C93)%20[%E3%81%A6%E3%81%83%E3%82%89%E3%81%BF%E3%81%99%E3%81%9F%E3%82%8B%E3%81%A8%20(%E4%B8%80%E5%BC%98)]%20%E6%B7%AB%E9%AD%94%E5%90%B8%E7%B2%BE%20[%E4%B8%AD%E5%9B%BD%E7%BF%BB%E8%A8%B3]
https://v1.wzip.date/down/2308/9b252612fc8560042bf64a241e4a1e7d.zip?n=[%E6%B3%A2%E6%AD%A2%E5%A0%B4%E8%8C%9C]%20%E3%82%88%E3%81%86%E3%81%93%E3%81%9D%EF%BC%81%E6%B7%AB%E9%AD%94%E5%A8%BC%E9%A4%A8%20%E3%82%A2%E3%83%AB%E3%82%AB%E3%83%87%E3%82%A3%E3%82%A2%E3%83%BB%E3%82%A8%E3%82%B4%20%E7%AC%AC3%E8%A9%B1%20[%E6%BD%87%E6%B4%92%E4%B8%AA%E4%BA%BA%E6%B1%89%E5%8C%96]
https://v1.wzip.download/down/2308/9b252612fc8560042bf64a241e4a1e7d.zip?n=[%E6%B3%A2%E6%AD%A2%E5%A0%B4%E8%8C%9C]%20%E3%82%88%E3%81%86%E3%81%93%E3%81%9D%EF%BC%81%E6%B7%AB%E9%AD%94%E5%A8%BC%E9%A4%A8%20%E3%82%A2%E3%83%AB%E3%82%AB%E3%83%87%E3%82%A3%E3%82%A2%E3%83%BB%E3%82%A8%E3%82%B4%20%E7%AC%AC3%E8%A9%B1%20[%E6%BD%87%E6%B4%92%E4%B8%AA%E4%BA%BA%E6%B1%89%E5%8C%96]
https://www.wnacg.ru/photos-index-page-3-aid-79905.html
https://www.wnacg.ru/photos-index-page-1-aid-79904.html
https://www.wnacg.ru/photos-index-page-1-aid-230768.html
https://www.wnacg.ru/photos-index-page-2-aid-79905.html
https://www.wnacg.ru/photos-slide-aid-79905.html
https://www.wnacg.ru/photos-slide-aid-243483.html
https://www.wnacg.ru/download-index-aid-79905.html
https://www.wnacg.ru/photos-index-page-2-aid-243483.html
https://www.wnacg.ru/photos-index-page-3-aid-243483.html
https://www.wnacg.ru/photos-index-page-4-aid-243483.html
https://www.wnacg.ru/download-index-aid-243483.html
https://v1.wzip.download/down/0800/4c1e94018476e5b2f147f7e5831d7e76.zip?n=(C94)%20[%E3%81%A6%E3%81%83%E3%82%89%E3%81%BF%E3%81%99%E3%81%9F%E3%82%8B%E3%81%A8%20(%E4%B8%80%E5%BC%98)]%20%E6%B7%AB%E9%AD%94%E5%90%B8%E7%B2%BE2%20~%E3%82%B7%E3%83%A7%E3%82%BF%E5%96%B0%E3%81%84%E3%82%B5%E3%82%AD%E3%83%A5%E3%83%90%E3%82%B9%E3%81%8A%E5%A7%89%E3%81%95%E3%82%93~
https://www.wnacg.ru/photos-index-page-1-aid-79905.html
https://v1.wzip.date/down/0800/4c1e94018476e5b2f147f7e5831d7e76.zip?n=(C94)%20[%E3%81%A6%E3%81%83%E3%82%89%E3%81%BF%E3%81%99%E3%81%9F%E3%82%8B%E3%81%A8%20(%E4%B8%80%E5%BC%98)]%20%E6%B7%AB%E9%AD%94%E5%90%B8%E7%B2%BE2%20~%E3%82%B7%E3%83%A7%E3%82%BF%E5%96%B0%E3%81%84%E3%82%B5%E3%82%AD%E3%83%A5%E3%83%90%E3%82%B9%E3%81%8A%E5%A7%89%E3%81%95%E3%82%93~
https://www.wnacg.ru/photos-index-page-1-aid-243483.html
https://v1.wzip.date/down/2435/885d5d0d825e17e0cfaafe6af72da9d8.zip?n=[NOSEBLEED%20(%E5%AE%AE%E5%85%83%E4%B8%80%E4%BD%90)]%20%E9%BB%92%E3%82%AE%E3%83%A3%E3%83%AB%E3%83%A1%E3%82%A4%E3%83%89%E6%B7%AB%E9%AD%94%E3%80%81%E3%81%94%E3%81%97%E3%82%85%E3%82%92%E5%96%B0%E3%81%86%E3%80%82%EF%B8%B1%E4%BA%AB%E7%94%A8%E4%B8%BB%E4%BA%BA%E7%9A%84%E9%BB%91%E8%BE%A3%E5%A6%B9%E5%A5%B3%E5%83%95%E6%B7%AB%E9%AD%94%E3%80%82%20[%E4%B8%AD%E5%9B%BD%E7%BF%BB%E8%A8%B3]%20[%E7%84%A1%E4%BF%AE%E6%AD%A3]%20[DL%E7%89%88]
https://v1.wzip.download/down/2435/885d5d0d825e17e0cfaafe6af72da9d8.zip?n=[NOSEBLEED%20(%E5%AE%AE%E5%85%83%E4%B8%80%E4%BD%90)]%20%E9%BB%92%E3%82%AE%E3%83%A3%E3%83%AB%E3%83%A1%E3%82%A4%E3%83%89%E6%B7%AB%E9%AD%94%E3%80%81%E3%81%94%E3%81%97%E3%82%85%E3%82%92%E5%96%B0%E3%81%86%E3%80%82%EF%B8%B1%E4%BA%AB%E7%94%A8%E4%B8%BB%E4%BA%BA%E7%9A%84%E9%BB%91%E8%BE%A3%E5%A6%B9%E5%A5%B3%E5%83%95%E6%B7%AB%E9%AD%94%E3%80%82%20[%E4%B8%AD%E5%9B%BD%E7%BF%BB%E8%A8%B3]%20[%E7%84%A1%E4%BF%AE%E6%AD%A3]%20[DL%E7%89%88]
