/web/20251004235540/https://www.wnacg.com/photos-index-aid-26311.html
/web/20251004235605/https://www.wnacg.com/photos-index-page-2-aid-26311.html
/web/20251004235612/https://www.wnacg.com/photos-view-id-1943515.html
/web/20251004235626/https://www.wnacg.com/photos-view-id-1943540.html
/web/20251004235633/https://www.wnacg.com/photos-view-id-1943539.html
/web/20251004235710/https://www.wnacg.com/photos-view-id-1943536.html
/web/20251004235711/https://www.wnacg.com/photos-view-id-1943510.html
/web/20251004235620/https://www.wnacg.com/photos-view-id-1943534.html
/web/20251004235725/https://www.wnacg.com/download-index-aid-26311.html
/web/20251004235732/https://www.wnacg.com/photos-slide-aid-26311.html
/web/20251004235718/https://www.wnacg.com/photos-view-id-1943526.html
/web/20251004235819/https://www.wnacg.com/photos-view-id-1943532.html
/web/20251004235820/https://www.wnacg.com/photos-view-id-1943523.html
/web/20251004235834/https://www.wnacg.com/photos-view-id-1943520.html
/web/20251004235841/https://www.wnacg.com/photos-view-id-1943527.html
/web/20251004235935/https://www.wnacg.com/photos-view-id-1943530.html
/web/20251004235953/https://www.wnacg.com/photos-view-id-1943550.html
/web/20251005000015/https://www.wnacg.com/photos-index-page-1-aid-26311.html
/web/20251005000007/https://www.wnacg.com/photos-view-id-1943543.html
/web/20251005000000/https://www.wnacg.com/photos-view-id-1943556.html
/web/20251005000043/https://www.wnacg.com/photos-view-id-1943559.html
/web/20251005000028/https://www.wnacg.com/photos-view-id-1943545.html
/web/20251005000134/https://www.wnacg.com/photos-view-id-1943548.html
/web/20251005000127/https://www.wnacg.com/photos-view-id-1943557.html
/web/20251005000142/https://www.wnacg.com/photos-view-id-1943552.html
/web/20251005000229/https://v1.wzip.date/down/0264/cb30a6ac9536021fa269b8dbec4716ec.zip?n=%5B%E7%88%86%E4%B9%B3%E3%83%95%E3%83%AB%E3%83%8D%E3%83%AB%E3%82%BD%E3%83%B3%20(%E9%BB%92%E9%BE%8D%E7%9C%BC)%5D%20%E6%B7%AB%E9%AD%94%E3%81%B5%E3%81%9F%E3%81%9F%E3%81%B3%20(%E3%83%B4%E3%82%A1%E3%83%B3%E3%83%91%E3%82%A4%E3%82%A2)
/web/20251005000223/https://www.wnacg.com/photos-view-id-1943558.html
/web/20251005000234/https://v1.wzip.download/down/0264/cb30a6ac9536021fa269b8dbec4716ec.zip?n=%5B%E7%88%86%E4%B9%B3%E3%83%95%E3%83%AB%E3%83%8D%E3%83%AB%E3%82%BD%E3%83%B3%20(%E9%BB%92%E9%BE%8D%E7%9C%BC)%5D%20%E6%B7%AB%E9%AD%94%E3%81%B5%E3%81%9F%E3%81%9F%E3%81%B3%20(%E3%83%B4%E3%82%A1%E3%83%B3%E3%83%91%E3%82%A4%E3%82%A2)
/web/20251005000232/https://www.wnacg.com/photos-view-id-1943555.html
/web/20251005000228/https://www.wnacg.com/photos-view-id-1943554.html
