/web/20251005061806/https://www.wnacg.com/photos-index-aid-262631.html
/web/20251005061824/https://www.wnacg.com/photos-view-id-21661651.html
/web/20251005061837/https://www.wnacg.com/photos-view-id-21661655.html
/web/20251005061831/https://www.wnacg.com/photos-view-id-21661663.html
/web/20251005061949/https://www.wnacg.com/photos-view-id-21661656.html
/web/20251005061951/https://www.wnacg.com/photos-view-id-21661668.html
/web/20251005061957/https://www.wnacg.com/photos-view-id-21661667.html
/web/20251005061952/https://www.wnacg.com/photos-view-id-21661669.html
/web/20251005062004/https://www.wnacg.com/photos-index-page-2-aid-262631.html
/web/20251005062025/https://www.wnacg.com/photos-view-id-21661653.html
/web/20251005062011/https://www.wnacg.com/photos-view-id-21661664.html
/web/20251005062106/https://www.wnacg.com/photos-view-id-21661659.html
/web/20251005062114/https://www.wnacg.com/photos-view-id-21661672.html
/web/20251005062107/https://www.wnacg.com/photos-slide-aid-262631.html
/web/20251005062121/https://www.wnacg.com/download-index-aid-262631.html
/web/20251005062128/https://www.wnacg.com/photos-view-id-21661673.html
/web/20251005062229/https://www.wnacg.com/photos-view-id-21661657.html
/web/20251005062241/https://www.wnacg.com/photos-view-id-21661652.html
/web/20251005062251/https://www.wnacg.com/photos-view-id-21661654.html
/web/20251005062249/https://www.wnacg.com/photos-view-id-21661670.html
/web/20251005062257/https://www.wnacg.com/photos-view-id-21661661.html
/web/20251005062354/https://www.wnacg.com/photos-view-id-21661674.html
/web/20251005062347/https://www.wnacg.com/photos-view-id-21661671.html
/web/20251005062314/https://www.wnacg.com/photos-view-id-21661662.html
/web/20251005062404/https://www.wnacg.com/photos-view-id-21661666.html
/web/20251005062346/https://www.wnacg.com/photos-index-page-1-aid-262631.html
/web/20251005062317/https://www.wnacg.com/photos-view-id-21661665.html
/web/20251005062452/https://www.wnacg.com/photos-view-id-21661658.html
/web/20251005062452/https://www.wnacg.com/photos-view-id-21661660.html
/web/20251005062501/https://v1.wzip.date/down/2627/120668b2c822a00c28b2512dcb7f761c.zip?n=%5B%E3%81%AC%E3%81%8F%E3%81%AC%E3%81%8F%E5%B3%B6%20(%E3%81%8B%E3%81%B5%E3%81%87%E3%81%84%E3%82%93%E4%B8%AD%E6%AF%92)%5D%20%E3%81%84%E3%81%9F%E3%81%9A%E3%82%89%E3%82%92%E3%81%97%E3%81%A6%E3%81%97%E3%81%BE%E3%81%84%E3%81%BE%E3%81%99%E3%82%88%EF%BC%9F%20(%E3%83%96%E3%83%AB%E3%83%BC%E3%82%A2%E3%83%BC%E3%82%AB%E3%82%A4%E3%83%96)%EF%BD%9C%E6%88%91%E5%8F%AF%E8%A6%81%E5%AF%B9%E4%BD%A0%E5%BC%80%E5%A7%8B%E6%81%B6%E4%BD%9C%E5%89%A7%E4%BA%86%E5%93%A6%EF%BC%9F%C2%A0%C2%A0%5B%E6%AC%B6%E6%BE%9C%E6%B1%89%E5%8C%96%E7%BB%84%5D%20%5BDL%E7%89%88%5D
/web/20251005062508/https://v1.wzip.download/down/2627/120668b2c822a00c28b2512dcb7f761c.zip?n=%5B%E3%81%AC%E3%81%8F%E3%81%AC%E3%81%8F%E5%B3%B6%20(%E3%81%8B%E3%81%B5%E3%81%87%E3%81%84%E3%82%93%E4%B8%AD%E6%AF%92)%5D%20%E3%81%84%E3%81%9F%E3%81%9A%E3%82%89%E3%82%92%E3%81%97%E3%81%A6%E3%81%97%E3%81%BE%E3%81%84%E3%81%BE%E3%81%99%E3%82%88%EF%BC%9F%20(%E3%83%96%E3%83%AB%E3%83%BC%E3%82%A2%E3%83%BC%E3%82%AB%E3%82%A4%E3%83%96)%EF%BD%9C%E6%88%91%E5%8F%AF%E8%A6%81%E5%AF%B9%E4%BD%A0%E5%BC%80%E5%A7%8B%E6%81%B6%E4%BD%9C%E5%89%A7%E4%BA%86%E5%93%A6%EF%BC%9F%C2%A0%C2%A0%5B%E6%AC%B6%E6%BE%9C%E6%B1%89%E5%8C%96%E7%BB%84%5D%20%5BDL%E7%89%88%5D
