https://www.wnacg.com/photos-index-aid-262631.html
https://www.wnacg.com/photos-view-id-21661651.html
https://www.wnacg.com/photos-view-id-21661655.html
https://www.wnacg.com/photos-view-id-21661663.html
https://www.wnacg.com/photos-view-id-21661656.html
https://www.wnacg.com/photos-view-id-21661668.html
https://www.wnacg.com/photos-view-id-21661667.html
https://www.wnacg.com/photos-view-id-21661669.html
https://www.wnacg.com/photos-index-page-2-aid-262631.html
https://www.wnacg.com/photos-view-id-21661653.html
https://www.wnacg.com/photos-view-id-21661664.html
https://www.wnacg.com/photos-view-id-21661659.html
https://www.wnacg.com/photos-view-id-21661672.html
https://www.wnacg.com/photos-slide-aid-262631.html
https://www.wnacg.com/download-index-aid-262631.html
https://www.wnacg.com/photos-view-id-21661673.html
https://www.wnacg.com/photos-view-id-21661657.html
https://www.wnacg.com/photos-view-id-21661652.html
https://www.wnacg.com/photos-view-id-21661654.html
https://www.wnacg.com/photos-view-id-21661670.html
https://www.wnacg.com/photos-view-id-21661661.html
https://www.wnacg.com/photos-view-id-21661674.html
https://www.wnacg.com/photos-view-id-21661671.html
https://www.wnacg.com/photos-view-id-21661662.html
https://www.wnacg.com/photos-view-id-21661666.html
https://www.wnacg.com/photos-index-page-1-aid-262631.html
https://www.wnacg.com/photos-view-id-21661665.html
https://www.wnacg.com/photos-view-id-21661658.html
https://www.wnacg.com/photos-view-id-21661660.html
https://v1.wzip.date/down/2627/120668b2c822a00c28b2512dcb7f761c.zip?n=[%E3%81%AC%E3%81%8F%E3%81%AC%E3%81%8F%E5%B3%B6%20(%E3%81%8B%E3%81%B5%E3%81%87%E3%81%84%E3%82%93%E4%B8%AD%E6%AF%92)]%20%E3%81%84%E3%81%9F%E3%81%9A%E3%82%89%E3%82%92%E3%81%97%E3%81%A6%E3%81%97%E3%81%BE%E3%81%84%E3%81%BE%E3%81%99%E3%82%88%EF%BC%9F%20(%E3%83%96%E3%83%AB%E3%83%BC%E3%82%A2%E3%83%BC%E3%82%AB%E3%82%A4%E3%83%96)%EF%BD%9C%E6%88%91%E5%8F%AF%E8%A6%81%E5%AF%B9%E4%BD%A0%E5%BC%80%E5%A7%8B%E6%81%B6%E4%BD%9C%E5%89%A7%E4%BA%86%E5%93%A6%EF%BC%9F%C2%A0%C2%A0[%E6%AC%B6%E6%BE%9C%E6%B1%89%E5%8C%96%E7%BB%84]%20[DL%E7%89%88]
https://v1.wzip.download/down/2627/120668b2c822a00c28b2512dcb7f761c.zip?n=[%E3%81%AC%E3%81%8F%E3%81%AC%E3%81%8F%E5%B3%B6%20(%E3%81%8B%E3%81%B5%E3%81%87%E3%81%84%E3%82%93%E4%B8%AD%E6%AF%92)]%20%E3%81%84%E3%81%9F%E3%81%9A%E3%82%89%E3%82%92%E3%81%97%E3%81%A6%E3%81%97%E3%81%BE%E3%81%84%E3%81%BE%E3%81%99%E3%82%88%EF%BC%9F%20(%E3%83%96%E3%83%AB%E3%83%BC%E3%82%A2%E3%83%BC%E3%82%AB%E3%82%A4%E3%83%96)%EF%BD%9C%E6%88%91%E5%8F%AF%E8%A6%81%E5%AF%B9%E4%BD%A0%E5%BC%80%E5%A7%8B%E6%81%B6%E4%BD%9C%E5%89%A7%E4%BA%86%E5%93%A6%EF%BC%9F%C2%A0%C2%A0[%E6%AC%B6%E6%BE%9C%E6%B1%89%E5%8C%96%E7%BB%84]%20[DL%E7%89%88]
