/web/20251005131130/https://www.wnacg.com/photos-index-aid-314782.html
/web/20251005131155/https://www.wnacg.com/photos-view-id-26456314.html
/web/20251005131231/https://www.wnacg.com/photos-index-page-5-aid-314782.html
/web/20251005131208/https://www.wnacg.com/photos-view-id-26456302.html
/web/20251005131225/https://www.wnacg.com/photos-view-id-26456300.html
/web/20251005131245/https://www.wnacg.com/photos-index-page-3-aid-314782.html
/web/20251005131216/https://www.wnacg.com/photos-view-id-26456316.html
/web/20251005131328/https://www.wnacg.com/download-index-aid-314782.html
/web/20251005131331/https://www.wnacg.com/photos-index-page-6-aid-314782.html
/web/20251005131352/https://www.wnacg.com/photos-view-id-26456309.html
/web/20251005131345/https://www.wnacg.com/photos-view-id-26456311.html
/web/20251005131407/https://www.wnacg.com/photos-view-id-26456306.html
/web/20251005131338/https://www.wnacg.com/photos-view-id-26456308.html
/web/20251005131449/https://www.wnacg.com/photos-view-id-26456315.html
/web/20251005131456/https://www.wnacg.com/photos-view-id-26456301.html
/web/20251005131506/https://www.wnacg.com/photos-index-page-2-aid-314782.html
/web/20251005131503/https://www.wnacg.com/photos-index-page-4-aid-314782.html
/web/20251005131510/https://www.wnacg.com/photos-slide-aid-314782.html
/web/20251005131603/https://www.wnacg.com/photos-view-id-26456312.html
/web/20251005131610/https://www.wnacg.com/photos-view-id-26456355.html
/web/20251005131624/https://www.wnacg.com/photos-view-id-26456357.html
/web/20251005131638/https://www.wnacg.com/photos-view-id-26456362.html
/web/20251005131631/https://www.wnacg.com/photos-view-id-26456359.html
/web/20251005131709/https://www.wnacg.com/photos-view-id-26456363.html
/web/20251005131718/https://www.wnacg.com/photos-view-id-26456353.html
/web/20251005131711/https://www.wnacg.com/photos-view-id-26456364.html
/web/20251005131725/https://www.wnacg.com/photos-view-id-26456360.html
/web/20251005131734/https://www.wnacg.com/photos-view-id-26456361.html
/web/20251005131810/https://www.wnacg.com/photos-view-id-26456354.html
/web/20251005131813/https://www.wnacg.com/photos-view-id-26456356.html
/web/20251005131826/https://www.wnacg.com/photos-view-id-26456365.html
/web/20251005131833/https://www.wnacg.com/photos-view-id-26456330.html
/web/20251005131908/https://www.wnacg.com/photos-view-id-26456304.html
/web/20251005131915/https://www.wnacg.com/photos-view-id-26456331.html
/web/20251005131919/https://www.wnacg.com/photos-view-id-26456335.html
/web/20251005131931/https://www.wnacg.com/photos-view-id-26456337.html
/web/20251005131938/https://www.wnacg.com/photos-view-id-26456334.html
/web/20251005131924/https://www.wnacg.com/photos-view-id-26456336.html
/web/20251005132021/https://www.wnacg.com/photos-view-id-26456333.html
/web/20251005132023/https://www.wnacg.com/photos-view-id-26456339.html
/web/20251005132030/https://www.wnacg.com/photos-view-id-26456332.html
/web/20251005132036/https://www.wnacg.com/photos-index-page-1-aid-314782.html
/web/20251005132043/https://www.wnacg.com/photos-view-id-26456340.html
/web/20251005132415/https://www.wnacg.com/photos-view-id-26456317.html
/web/20251005132417/https://www.wnacg.com/photos-view-id-26456358.html
/web/20251005132431/https://www.wnacg.com/photos-view-id-26456338.html
/web/20251005132442/https://v1.wzip.date/down/3148/732028ef9b17a821eead4156300b7551.zip?n=%5B%E3%83%81%E3%83%B3%E3%83%97%E3%83%AB%E3%83%9B%E3%83%83%E3%82%BF%E3%83%BC%E3%82%BA%20(%E3%83%81%E3%83%B3%E3%83%97%E3%83%AB%E5%A0%80%E7%94%B0)%5D%E9%BB%92%E3%82%AE%E3%83%A3%E3%83%AB%E5%B7%A8%E4%B9%B3%E7%BE%A9%E5%A6%B9%E3%81%AF%E5%83%95%E3%82%92%E5%84%AA%E3%81%97%E3%81%8F%E6%90%BE%E7%B2%BE%E3%81%97%E3%81%9F%E3%81%84%7C%E9%BB%91%E7%9A%AE%E8%BE%A3%E5%A6%B9%E5%B7%A8%E4%B9%B3%E7%BE%A9%E5%A6%B9%E6%83%B3%E8%A6%81%E5%B0%8D%E6%88%91%E6%BA%AB%E6%9F%94%E7%9A%84%E6%A6%A8%E7%B2%BE%201~1.5%5B%E4%B8%AD%E5%9B%BD%E7%BF%BB%E8%A8%B3%5D%5B%E7%96%8F%E7%A2%BC%5D%5BAmerins%E6%BC%A2%E5%8C%96%5D%5BDL%E7%89%88%5D
/web/20251005132515/https://v1.wzip.download/down/3148/732028ef9b17a821eead4156300b7551.zip?n=%5B%E3%83%81%E3%83%B3%E3%83%97%E3%83%AB%E3%83%9B%E3%83%83%E3%82%BF%E3%83%BC%E3%82%BA%20(%E3%83%81%E3%83%B3%E3%83%97%E3%83%AB%E5%A0%80%E7%94%B0)%5D%E9%BB%92%E3%82%AE%E3%83%A3%E3%83%AB%E5%B7%A8%E4%B9%B3%E7%BE%A9%E5%A6%B9%E3%81%AF%E5%83%95%E3%82%92%E5%84%AA%E3%81%97%E3%81%8F%E6%90%BE%E7%B2%BE%E3%81%97%E3%81%9F%E3%81%84%7C%E9%BB%91%E7%9A%AE%E8%BE%A3%E5%A6%B9%E5%B7%A8%E4%B9%B3%E7%BE%A9%E5%A6%B9%E6%83%B3%E8%A6%81%E5%B0%8D%E6%88%91%E6%BA%AB%E6%9F%94%E7%9A%84%E6%A6%A8%E7%B2%BE%201~1.5%5B%E4%B8%AD%E5%9B%BD%E7%BF%BB%E8%A8%B3%5D%5B%E7%96%8F%E7%A2%BC%5D%5BAmerins%E6%BC%A2%E5%8C%96%5D%5BDL%E7%89%88%5D
/web/20251005132531/https://www.wnacg.com/photos-view-id-26456325.html
/web/20251005132545/https://www.wnacg.com/photos-view-id-26456322.html
/web/20251005132544/https://www.wnacg.com/photos-view-id-26456327.html
/web/20251005132552/https://www.wnacg.com/photos-view-id-26456319.html
/web/20251005132630/https://www.wnacg.com/photos-view-id-26456320.html
/web/20251005132632/https://www.wnacg.com/photos-view-id-26456326.html
/web/20251005132659/https://www.wnacg.com/photos-view-id-26456328.html
/web/20251005132700/https://www.wnacg.com/photos-view-id-26456323.html
/web/20251005132707/https://www.wnacg.com/photos-view-id-26456321.html
/web/20251005132714/https://www.wnacg.com/photos-view-id-26456351.html
/web/20251005132735/https://www.wnacg.com/photos-view-id-26456342.html
/web/20251005132749/https://www.wnacg.com/photos-view-id-26456349.html
/web/20251005132817/https://www.wnacg.com/photos-view-id-26456341.html
/web/20251005132816/https://www.wnacg.com/photos-view-id-26456343.html
/web/20251005132811/https://www.wnacg.com/photos-view-id-26456352.html
/web/20251005132832/https://www.wnacg.com/photos-view-id-26456345.html
/web/20251005132827/https://www.wnacg.com/photos-view-id-26456344.html
/web/20251005132926/https://www.wnacg.com/photos-view-id-26456348.html
/web/20251005132941/https://www.wnacg.com/photos-view-id-26456324.html
/web/20251005132942/https://www.wnacg.com/photos-view-id-26456318.html
/web/20251005132949/https://www.wnacg.com/photos-view-id-26456346.html
/web/20251005133004/https://www.wnacg.com/photos-view-id-26456350.html
/web/20251005133045/https://www.wnacg.com/photos-view-id-26456347.html
