/web/20251005092130/https://www.wnacg.com/photos-index-aid-265260.html
/web/20251005092202/https://www.wnacg.com/photos-view-id-21855320.html
/web/20251005092209/https://www.wnacg.com/download-index-aid-265260.html
/web/20251005092216/https://www.wnacg.com/photos-view-id-21855380.html
/web/20251005092237/https://www.wnacg.com/photos-view-id-21855394.html
/web/20251005092230/https://www.wnacg.com/photos-view-id-21855340.html
/web/20251005092224/https://www.wnacg.com/photos-index-page-3-aid-265260.html
/web/20251005092315/https://www.wnacg.com/photos-view-id-21855388.html
/web/20251005092317/https://www.wnacg.com/photos-view-id-21855395.html
/web/20251005092324/https://www.wnacg.com/photos-view-id-21855372.html
/web/20251005092331/https://www.wnacg.com/photos-view-id-21855361.html
/web/20251005092351/https://www.wnacg.com/photos-view-id-21855363.html
/web/20251005092632/https://www.wnacg.com/photos-view-id-21855374.html
/web/20251005092639/https://www.wnacg.com/photos-index-page-5-aid-265260.html
/web/20251005092644/https://www.wnacg.com/photos-index-page-9-aid-265260.html
/web/20251005092644/https://www.wnacg.com/photos-view-id-21855309.html
/web/20251005092659/https://www.wnacg.com/photos-view-id-21855358.html
/web/20251005092748/https://www.wnacg.com/photos-index-page-4-aid-265260.html
/web/20251005092750/https://www.wnacg.com/photos-index-page-2-aid-265260.html
/web/20251005092802/https://v1.wzip.download/down/2653/d805d90dfe4e9ecf61e0d7818e890890.zip?n=%5B%E3%83%A2%E3%83%96%E3%83%A9%E3%82%A4%E3%83%96%20(%E8%A5%BF%E3%81%97%E3%81%9A%E3%82%80)%5D%20%E4%BF%BA%E3%81%AF%E7%95%B0%E4%B8%96%E7%95%8C%E3%81%A7%E3%83%80%E3%82%A6%E3%83%8A%E3%83%BC%E7%B3%BB%E5%86%92%E9%99%BA%E8%80%85%E3%83%91%E3%83%BC%E3%83%86%E3%82%A3%E3%83%BC%E3%81%AB%E8%B2%B7%E3%82%8F%E3%82%8C%E3%81%9F2%20%5BDL%E7%89%88%5D
/web/20251005092757/https://v1.wzip.date/down/2653/d805d90dfe4e9ecf61e0d7818e890890.zip?n=%5B%E3%83%A2%E3%83%96%E3%83%A9%E3%82%A4%E3%83%96%20(%E8%A5%BF%E3%81%97%E3%81%9A%E3%82%80)%5D%20%E4%BF%BA%E3%81%AF%E7%95%B0%E4%B8%96%E7%95%8C%E3%81%A7%E3%83%80%E3%82%A6%E3%83%8A%E3%83%BC%E7%B3%BB%E5%86%92%E9%99%BA%E8%80%85%E3%83%91%E3%83%BC%E3%83%86%E3%82%A3%E3%83%BC%E3%81%AB%E8%B2%B7%E3%82%8F%E3%82%8C%E3%81%9F2%20%5BDL%E7%89%88%5D
/web/20251005092818/https://www.wnacg.com/photos-view-id-21855336.html
/web/20251005092913/https://www.wnacg.com/photos-view-id-21855318.html
/web/20251005092905/https://www.wnacg.com/photos-view-id-21855307.html
/web/20251005092906/https://www.wnacg.com/photos-index-page-7-aid-265260.html
/web/20251005092927/https://www.wnacg.com/photos-view-id-21855334.html
/web/20251005093010/https://www.wnacg.com/photos-view-id-21855346.html
/web/20251005092920/https://www.wnacg.com/photos-index-page-6-aid-265260.html
/web/20251005093032/https://www.wnacg.com/photos-view-id-21855331.html
/web/20251005093039/https://www.wnacg.com/photos-view-id-21855350.html
/web/20251005093031/https://www.wnacg.com/photos-view-id-21855319.html
/web/20251005093047/https://www.wnacg.com/photos-view-id-21855377.html
/web/20251005093129/https://www.wnacg.com/photos-view-id-21855396.html
/web/20251005093138/https://www.wnacg.com/photos-index-page-1-aid-265260.html
/web/20251005093144/https://www.wnacg.com/photos-view-id-21855375.html
/web/20251005093130/https://www.wnacg.com/photos-view-id-21855398.html
/web/20251005093152/https://www.wnacg.com/photos-view-id-21855330.html
/web/20251005093206/https://www.wnacg.com/photos-view-id-21855401.html
/web/20251005093236/https://www.wnacg.com/photos-view-id-21855357.html
/web/20251005093247/https://www.wnacg.com/photos-view-id-21855402.html
/web/20251005093237/https://www.wnacg.com/photos-index-page-8-aid-265260.html
/web/20251005093207/https://www.wnacg.com/photos-view-id-21855327.html
/web/20251005093308/https://www.wnacg.com/photos-view-id-21855369.html
/web/20251005093338/https://www.wnacg.com/photos-view-id-21855338.html
/web/20251005093346/https://www.wnacg.com/photos-view-id-21855328.html
/web/20251005093339/https://www.wnacg.com/photos-view-id-21855378.html
/web/20251005093311/https://www.wnacg.com/photos-view-id-21855343.html
/web/20251005093406/https://www.wnacg.com/photos-view-id-21855397.html
/web/20251005093415/https://www.wnacg.com/photos-view-id-21855371.html
/web/20251005093443/https://www.wnacg.com/photos-view-id-21855386.html
/web/20251005093441/https://www.wnacg.com/photos-view-id-21855362.html
/web/20251005093408/https://www.wnacg.com/photos-view-id-21855376.html
/web/20251005093506/https://www.wnacg.com/photos-view-id-21855399.html
/web/20251005093534/https://www.wnacg.com/photos-view-id-21855325.html
/web/20251005093527/https://www.wnacg.com/photos-view-id-21855370.html
/web/20251005093604/https://www.wnacg.com/photos-view-id-21855384.html
/web/20251005093621/https://www.wnacg.com/photos-view-id-21855310.html
/web/20251005093613/https://www.wnacg.com/photos-view-id-21855390.html
/web/20251005093607/https://www.wnacg.com/photos-view-id-21855393.html
/web/20251005093647/https://www.wnacg.com/photos-view-id-21855403.html
/web/20251005093708/https://www.wnacg.com/photos-view-id-21855317.html
/web/20251005093711/https://www.wnacg.com/photos-view-id-21855404.html
/web/20251005093730/https://www.wnacg.com/photos-view-id-21855348.html
/web/20251005093759/https://www.wnacg.com/photos-view-id-21855326.html
/web/20251005093626/https://www.wnacg.com/photos-slide-aid-265260.html
/web/20251005093724/https://www.wnacg.com/photos-view-id-21855391.html
/web/20251005093828/https://www.wnacg.com/photos-view-id-21855385.html
/web/20251005093831/https://www.wnacg.com/photos-view-id-21855387.html
/web/20251005093845/https://www.wnacg.com/photos-view-id-21855321.html
/web/20251005093838/https://www.wnacg.com/photos-view-id-21855354.html
/web/20251005093912/https://www.wnacg.com/photos-view-id-21855314.html
/web/20251005093914/https://www.wnacg.com/photos-view-id-21855308.html
/web/20251005093934/https://www.wnacg.com/photos-view-id-21855339.html
/web/20251005093923/https://www.wnacg.com/photos-view-id-21855367.html
/web/20251005093927/https://www.wnacg.com/photos-view-id-21855313.html
/web/20251005094024/https://www.wnacg.com/photos-view-id-21855366.html
/web/20251005094021/https://www.wnacg.com/photos-view-id-21855364.html
/web/20251005094032/https://www.wnacg.com/photos-view-id-21855351.html
/web/20251005094045/https://www.wnacg.com/photos-view-id-21855324.html
/web/20251005094127/https://www.wnacg.com/photos-view-id-21855337.html
/web/20251005094129/https://www.wnacg.com/photos-view-id-21855389.html
/web/20251005094136/https://www.wnacg.com/photos-view-id-21855352.html
/web/20251005094150/https://www.wnacg.com/photos-view-id-21855392.html
/web/20251005094143/https://www.wnacg.com/photos-view-id-21855356.html
/web/20251005094212/https://www.wnacg.com/photos-view-id-21855335.html
/web/20251005094206/https://www.wnacg.com/photos-view-id-21855347.html
/web/20251005094038/https://www.wnacg.com/photos-view-id-21855405.html
/web/20251005094235/https://www.wnacg.com/photos-view-id-21855344.html
/web/20251005094236/https://www.wnacg.com/photos-view-id-21855316.html
/web/20251005094425/https://www.wnacg.com/photos-view-id-21855341.html
/web/20251005094435/https://www.wnacg.com/photos-view-id-21855382.html
/web/20251005094428/https://www.wnacg.com/photos-view-id-21855342.html
/web/20251005094449/https://www.wnacg.com/photos-view-id-21855315.html
/web/20251005094442/https://www.wnacg.com/photos-view-id-21855355.html
/web/20251005094254/https://www.wnacg.com/photos-view-id-21855323.html
/web/20251005094543/https://www.wnacg.com/photos-view-id-21855365.html
/web/20251005094545/https://www.wnacg.com/photos-view-id-21855312.html
/web/20251005094552/https://www.wnacg.com/photos-view-id-21855360.html
/web/20251005094559/https://www.wnacg.com/photos-view-id-21855383.html
/web/20251005094606/https://www.wnacg.com/photos-view-id-21855311.html
/web/20251005094614/https://www.wnacg.com/photos-view-id-21855379.html
/web/20251005094627/https://www.wnacg.com/photos-view-id-21855381.html
/web/20251005094620/https://www.wnacg.com/photos-view-id-21855345.html
/web/20251005094654/https://www.wnacg.com/photos-view-id-21855332.html
/web/20251005094706/https://www.wnacg.com/photos-view-id-21855322.html
/web/20251005094713/https://www.wnacg.com/photos-view-id-21855373.html
/web/20251005094727/https://www.wnacg.com/photos-view-id-21855329.html
/web/20251005094720/https://www.wnacg.com/photos-view-id-21855333.html
/web/20251005094734/https://www.wnacg.com/photos-view-id-21855400.html
/web/20251005094804/https://www.wnacg.com/photos-view-id-21855368.html
/web/20251005094806/https://www.wnacg.com/photos-view-id-21855406.html
/web/20251005094813/https://www.wnacg.com/photos-view-id-21855349.html
/web/20251005094821/https://www.wnacg.com/photos-view-id-21855359.html
