/web/20251006082317/https://www.wnacg.com/photos-index-aid-199526.html
/web/20251006082425/https://www.wnacg.com/photos-view-id-17273272.html
/web/20251006082442/https://www.wnacg.com/photos-view-id-17273246.html
/web/20251006082356/https://www.wnacg.com/photos-view-id-17273255.html
/web/20251006082422/https://www.wnacg.com/photos-view-id-17273257.html
/web/20251006082544/https://www.wnacg.com/photos-index-page-4-aid-199526.html
/web/20251006082544/https://www.wnacg.com/photos-view-id-17273274.html
/web/20251006082545/https://www.wnacg.com/photos-view-id-17273270.html
/web/20251006082555/https://www.wnacg.com/photos-view-id-17273254.html
/web/20251006082618/https://www.wnacg.com/photos-index-page-2-aid-199526.html
/web/20251006082612/https://www.wnacg.com/photos-index-page-3-aid-199526.html
/web/20251006082654/https://www.wnacg.com/photos-view-id-17273278.html
/web/20251006082718/https://www.wnacg.com/photos-view-id-17273266.html
/web/20251006082724/https://www.wnacg.com/download-index-aid-199526.html
/web/20251006082753/https://www.wnacg.com/photos-view-id-17273251.html
/web/20251006082745/https://www.wnacg.com/photos-slide-aid-199526.html
/web/20251006082847/https://www.wnacg.com/photos-view-id-17273265.html
/web/20251006082850/https://www.wnacg.com/photos-view-id-17273250.html
/web/20251006082910/https://www.wnacg.com/photos-view-id-17273259.html
/web/20251006082938/https://www.wnacg.com/photos-view-id-17273283.html
/web/20251006083011/https://www.wnacg.com/photos-index-page-1-aid-199526.html
/web/20251006083000/https://www.wnacg.com/photos-view-id-17273276.html
/web/20251006083030/https://www.wnacg.com/photos-view-id-17273256.html
/web/20251006083048/https://www.wnacg.com/photos-view-id-17273252.html
/web/20251006083041/https://www.wnacg.com/photos-view-id-17273277.html
/web/20251006083159/https://www.wnacg.com/photos-view-id-17273273.html
/web/20251006083200/https://www.wnacg.com/photos-view-id-17273260.html
/web/20251006083116/https://www.wnacg.com/photos-view-id-17273263.html
/web/20251006083155/https://www.wnacg.com/photos-view-id-17273279.html
/web/20251006083201/https://www.wnacg.com/photos-view-id-17273262.html
/web/20251006083238/https://www.wnacg.com/photos-view-id-17273275.html
/web/20251006083234/https://www.wnacg.com/photos-view-id-17273258.html
/web/20251006083305/https://www.wnacg.com/photos-view-id-17273248.html
/web/20251006083304/https://www.wnacg.com/photos-view-id-17273269.html
/web/20251006083338/https://www.wnacg.com/photos-view-id-17273281.html
/web/20251006083425/https://www.wnacg.com/photos-view-id-17273264.html
/web/20251006083440/https://www.wnacg.com/photos-view-id-17273247.html
/web/20251006083459/https://www.wnacg.com/photos-view-id-17273249.html
/web/20251006083449/https://www.wnacg.com/photos-view-id-17273284.html
/web/20251006083444/https://www.wnacg.com/photos-view-id-17273267.html
/web/20251006083452/https://www.wnacg.com/photos-view-id-17273261.html
/web/20251006083528/https://www.wnacg.com/photos-view-id-17273282.html
/web/20251006083511/https://www.wnacg.com/photos-view-id-17273245.html
/web/20251006083518/https://www.wnacg.com/photos-view-id-17273285.html
/web/20251006083600/https://www.wnacg.com/photos-view-id-17273286.html
/web/20251006083558/https://www.wnacg.com/photos-view-id-17273280.html
/web/20251006083630/https://www.wnacg.com/photos-view-id-17273271.html
/web/20251006083632/https://www.wnacg.com/photos-view-id-17273253.html
/web/20251006083654/https://v1.wzip.download/down/1996/ad4709f2316cd0bbfd4e6b1609e536fa.zip?n=%5B%E4%B9%9D%E8%AA%BF%E5%9B%9B%E5%AD%A3%20(%E8%AA%BF%E5%9B%9B%E5%AD%A3)%5D%20%E4%BD%8E%E7%B4%9A%E3%82%B6%E3%82%B3%E6%B7%AB%E9%AD%94%E3%81%AE%E8%A7%A6%E6%89%8B%E3%81%8C%E4%B8%8D%E5%BF%AB%E3%81%AA%E3%81%AE%E3%81%A7%E6%84%9F%E8%A6%9A%E9%81%AE%E6%96%AD%E9%AD%94%E6%B3%95%E3%82%92%E5%B1%95%E9%96%8B%E3%81%97%E3%81%BE%E3%81%97%E3%81%9F%E3%82%8F%E3%81%A3!!%20%5B%E4%B8%AD%E5%9B%BD%E7%BF%BB%E8%A8%B3%5D%20%5B%E3%82%AB%E3%83%A9%E3%83%BC%E5%8C%96%5D%20%5B%E7%84%A1%E4%BF%AE%E6%AD%A3%5D
/web/20251006083702/https://v1.wzip.date/down/1996/ad4709f2316cd0bbfd4e6b1609e536fa.zip?n=%5B%E4%B9%9D%E8%AA%BF%E5%9B%9B%E5%AD%A3%20(%E8%AA%BF%E5%9B%9B%E5%AD%A3)%5D%20%E4%BD%8E%E7%B4%9A%E3%82%B6%E3%82%B3%E6%B7%AB%E9%AD%94%E3%81%AE%E8%A7%A6%E6%89%8B%E3%81%8C%E4%B8%8D%E5%BF%AB%E3%81%AA%E3%81%AE%E3%81%A7%E6%84%9F%E8%A6%9A%E9%81%AE%E6%96%AD%E9%AD%94%E6%B3%95%E3%82%92%E5%B1%95%E9%96%8B%E3%81%97%E3%81%BE%E3%81%97%E3%81%9F%E3%82%8F%E3%81%A3!!%20%5B%E4%B8%AD%E5%9B%BD%E7%BF%BB%E8%A8%B3%5D%20%5B%E3%82%AB%E3%83%A9%E3%83%BC%E5%8C%96%5D%20%5B%E7%84%A1%E4%BF%AE%E6%AD%A3%5D
/web/20251006083756/https://www.wnacg.com/photos-view-id-17273268.html
