https://www.wnacg.com/photos-index-aid-199526.html
https://www.wnacg.com/photos-view-id-17273272.html
https://www.wnacg.com/photos-view-id-17273246.html
https://www.wnacg.com/photos-view-id-17273255.html
https://www.wnacg.com/photos-view-id-17273257.html
https://www.wnacg.com/photos-index-page-4-aid-199526.html
https://www.wnacg.com/photos-view-id-17273274.html
https://www.wnacg.com/photos-view-id-17273270.html
https://www.wnacg.com/photos-view-id-17273254.html
https://www.wnacg.com/photos-index-page-2-aid-199526.html
https://www.wnacg.com/photos-index-page-3-aid-199526.html
https://www.wnacg.com/photos-view-id-17273278.html
https://www.wnacg.com/photos-view-id-17273266.html
https://www.wnacg.com/download-index-aid-199526.html
https://www.wnacg.com/photos-view-id-17273251.html
https://www.wnacg.com/photos-slide-aid-199526.html
https://www.wnacg.com/photos-view-id-17273265.html
https://www.wnacg.com/photos-view-id-17273250.html
https://www.wnacg.com/photos-view-id-17273259.html
https://www.wnacg.com/photos-view-id-17273283.html
https://www.wnacg.com/photos-index-page-1-aid-199526.html
https://www.wnacg.com/photos-view-id-17273276.html
https://www.wnacg.com/photos-view-id-17273256.html
https://www.wnacg.com/photos-view-id-17273252.html
https://www.wnacg.com/photos-view-id-17273277.html
https://www.wnacg.com/photos-view-id-17273273.html
https://www.wnacg.com/photos-view-id-17273260.html
https://www.wnacg.com/photos-view-id-17273263.html
https://www.wnacg.com/photos-view-id-17273279.html
https://www.wnacg.com/photos-view-id-17273262.html
https://www.wnacg.com/photos-view-id-17273275.html
https://www.wnacg.com/photos-view-id-17273258.html
https://www.wnacg.com/photos-view-id-17273248.html
https://www.wnacg.com/photos-view-id-17273269.html
https://www.wnacg.com/photos-view-id-17273281.html
https://www.wnacg.com/photos-view-id-17273264.html
https://www.wnacg.com/photos-view-id-17273247.html
https://www.wnacg.com/photos-view-id-17273249.html
https://www.wnacg.com/photos-view-id-17273284.html
https://www.wnacg.com/photos-view-id-17273267.html
https://www.wnacg.com/photos-view-id-17273261.html
https://www.wnacg.com/photos-view-id-17273282.html
https://www.wnacg.com/photos-view-id-17273245.html
https://www.wnacg.com/photos-view-id-17273285.html
https://www.wnacg.com/photos-view-id-17273286.html
https://www.wnacg.com/photos-view-id-17273280.html
https://www.wnacg.com/photos-view-id-17273271.html
https://www.wnacg.com/photos-view-id-17273253.html
https://v1.wzip.download/down/1996/ad4709f2316cd0bbfd4e6b1609e536fa.zip?n=[%E4%B9%9D%E8%AA%BF%E5%9B%9B%E5%AD%A3%20(%E8%AA%BF%E5%9B%9B%E5%AD%A3)]%20%E4%BD%8E%E7%B4%9A%E3%82%B6%E3%82%B3%E6%B7%AB%E9%AD%94%E3%81%AE%E8%A7%A6%E6%89%8B%E3%81%8C%E4%B8%8D%E5%BF%AB%E3%81%AA%E3%81%AE%E3%81%A7%E6%84%9F%E8%A6%9A%E9%81%AE%E6%96%AD%E9%AD%94%E6%B3%95%E3%82%92%E5%B1%95%E9%96%8B%E3%81%97%E3%81%BE%E3%81%97%E3%81%9F%E3%82%8F%E3%81%A3!!%20[%E4%B8%AD%E5%9B%BD%E7%BF%BB%E8%A8%B3]%20[%E3%82%AB%E3%83%A9%E3%83%BC%E5%8C%96]%20[%E7%84%A1%E4%BF%AE%E6%AD%A3]
https://v1.wzip.date/down/1996/ad4709f2316cd0bbfd4e6b1609e536fa.zip?n=[%E4%B9%9D%E8%AA%BF%E5%9B%9B%E5%AD%A3%20(%E8%AA%BF%E5%9B%9B%E5%AD%A3)]%20%E4%BD%8E%E7%B4%9A%E3%82%B6%E3%82%B3%E6%B7%AB%E9%AD%94%E3%81%AE%E8%A7%A6%E6%89%8B%E3%81%8C%E4%B8%8D%E5%BF%AB%E3%81%AA%E3%81%AE%E3%81%A7%E6%84%9F%E8%A6%9A%E9%81%AE%E6%96%AD%E9%AD%94%E6%B3%95%E3%82%92%E5%B1%95%E9%96%8B%E3%81%97%E3%81%BE%E3%81%97%E3%81%9F%E3%82%8F%E3%81%A3!!%20[%E4%B8%AD%E5%9B%BD%E7%BF%BB%E8%A8%B3]%20[%E3%82%AB%E3%83%A9%E3%83%BC%E5%8C%96]%20[%E7%84%A1%E4%BF%AE%E6%AD%A3]
https://www.wnacg.com/photos-view-id-17273268.html
