https://www.wnacg.ru/albums-index-tag-%E6%B3%A2%E6%AD%A2%E5%A0%B4%E8%8C%9C.html
https://www.wnacg.ru/albums-index-tag-%E4%B8%80%E5%BC%98.html
https://www.wnacg.ru/albums-index-tag-%E3%83%96%E3%83%83%E3%83%91%E3%82%B9%E3%82%BF%E3%82%B8%E3%82%AA.html
https://www.wnacg.ru/albums-index-tag-%E3%81%A6%E3%81%83%E3%82%89%E3%81%BF%E3%81%99%E3%81%9F%E3%82%8B%E3%81%A8.html
https://www.wnacg.ru/albums-index-page-5-tag-%E4%B8%80%E5%BC%98.html
https://www.wnacg.ru/albums-index-page-2-tag-%E6%B3%A2%E6%AD%A2%E5%A0%B4%E8%8C%9C.html
https://www.wnacg.ru/albums-index-page-4-tag-%E4%B8%80%E5%BC%98.html
https://www.wnacg.ru/albums-index-page-3-tag-%E4%B8%80%E5%BC%98.html
https://www.wnacg.ru/albums-index-page-2-tag-%E4%B8%80%E5%BC%98.html
https://www.wnacg.ru/albums-index-page-7-tag-%E4%B8%80%E5%BC%98.html
https://www.wnacg.ru/albums-index-page-4-tag-%E3%83%96%E3%83%83%E3%83%91%E3%82%B9%E3%82%BF%E3%82%B8%E3%82%AA.html
https://www.wnacg.ru/albums-index-page-5-tag-%E3%83%96%E3%83%83%E3%83%91%E3%82%B9%E3%82%BF%E3%82%B8%E3%82%AA.html
https://www.wnacg.ru/albums-index-page-2-tag-%E3%83%96%E3%83%83%E3%83%91%E3%82%B9%E3%82%BF%E3%82%B8%E3%82%AA.html
https://www.wnacg.ru/albums-index-page-7-tag-%E3%83%96%E3%83%83%E3%83%91%E3%82%B9%E3%82%BF%E3%82%B8%E3%82%AA.html
https://www.wnacg.ru/albums-index-page-3-tag-%E3%83%96%E3%83%83%E3%83%91%E3%82%B9%E3%82%BF%E3%82%B8%E3%82%AA.html
https://www.wnacg.ru/albums-index-page-3-tag-%E3%81%A6%E3%81%83%E3%82%89%E3%81%BF%E3%81%99%E3%81%9F%E3%82%8B%E3%81%A8.html
https://www.wnacg.ru/albums-index-page-5-tag-%E3%81%A6%E3%81%83%E3%82%89%E3%81%BF%E3%81%99%E3%81%9F%E3%82%8B%E3%81%A8.html
https://www.wnacg.ru/albums-index-page-6-tag-%E3%83%96%E3%83%83%E3%83%91%E3%82%B9%E3%82%BF%E3%82%B8%E3%82%AA.html
https://www.wnacg.ru/albums-index-page-4-tag-%E3%81%A6%E3%81%83%E3%82%89%E3%81%BF%E3%81%99%E3%81%9F%E3%82%8B%E3%81%A8.html
https://www.wnacg.ru/albums-index-page-1-tag-%E4%B8%80%E5%BC%98.html
https://www.wnacg.ru/albums-index-page-1-tag-%E3%83%96%E3%83%83%E3%83%91%E3%82%B9%E3%82%BF%E3%82%B8%E3%82%AA.html
