/web/20251005132030/https://www.wnacg.com/photos-index-aid-294239.html
/web/20251005132047/https://www.wnacg.com/photos-view-id-24329643.html
/web/20251005132102/https://www.wnacg.com/photos-view-id-24329623.html
/web/20251005132056/https://www.wnacg.com/photos-index-page-2-aid-294239.html
/web/20251005132109/https://www.wnacg.com/download-index-aid-294239.html
/web/20251005132150/https://www.wnacg.com/photos-view-id-24329640.html
/web/20251005132204/https://www.wnacg.com/photos-view-id-24329646.html
/web/20251005132150/https://www.wnacg.com/photos-view-id-24329635.html
/web/20251005132116/https://www.wnacg.com/photos-view-id-24329647.html
/web/20251005132222/https://www.wnacg.com/photos-view-id-24329620.html
/web/20251005132224/https://www.wnacg.com/photos-view-id-24329630.html
/web/20251005132232/https://www.wnacg.com/photos-index-page-3-aid-294239.html
/web/20251005132307/https://www.wnacg.com/photos-view-id-24329638.html
/web/20251005132239/https://www.wnacg.com/photos-view-id-24329633.html
/web/20251005132314/https://www.wnacg.com/photos-slide-aid-294239.html
/web/20251005132307/https://www.wnacg.com/photos-view-id-24329645.html
/web/20251005132341/https://www.wnacg.com/photos-view-id-24329631.html
/web/20251005132359/https://www.wnacg.com/photos-view-id-24329628.html
/web/20251005132405/https://www.wnacg.com/photos-view-id-24329621.html
/web/20251005132412/https://www.wnacg.com/photos-view-id-24329637.html
/web/20251005132433/https://www.wnacg.com/photos-index-page-1-aid-294239.html
/web/20251005132426/https://www.wnacg.com/photos-view-id-24329624.html
/web/20251005132419/https://www.wnacg.com/photos-view-id-24329642.html
/web/20251005132505/https://www.wnacg.com/photos-view-id-24329639.html
/web/20251005132507/https://www.wnacg.com/photos-view-id-24329648.html
/web/20251005132528/https://www.wnacg.com/photos-view-id-24329625.html
/web/20251005132531/https://www.wnacg.com/photos-view-id-24329619.html
/web/20251005132606/https://www.wnacg.com/photos-view-id-24329627.html
/web/20251005132627/https://www.wnacg.com/photos-view-id-24329632.html
/web/20251005132643/https://www.wnacg.com/photos-view-id-24329644.html
/web/20251005132605/https://www.wnacg.com/photos-view-id-24329622.html
/web/20251005132618/https://v1.wzip.download/down/2943/5fcf128ca64cdc2dd86583b562953bb3.zip?n=(C105)%20%5B%E3%83%8D%E3%82%B3%E3%83%8E%E3%82%BF%E3%83%AF%E3%82%B4%E3%83%88%20(%E3%83%8D%E3%82%B3%E3%83%8E%E3%83%9E%E3%83%B3%E3%83%86%E3%82%B9)%5D%20%E9%80%80%E9%AD%94%E5%B7%AB%E5%A5%B3%E3%82%AB%E3%83%B3%E3%83%8A%20%E3%83%95%E3%82%BF%E3%83%8A%E3%83%AA%E6%90%BE%E7%B2%BE%E6%95%97%E5%8C%97%E7%AF%87%20(%E9%80%80%E9%AD%94%E5%B7%AB%E5%A5%B3%E3%82%AB%E3%83%B3%E3%83%8A)
/web/20251005132613/https://v1.wzip.date/down/2943/5fcf128ca64cdc2dd86583b562953bb3.zip?n=(C105)%20%5B%E3%83%8D%E3%82%B3%E3%83%8E%E3%82%BF%E3%83%AF%E3%82%B4%E3%83%88%20(%E3%83%8D%E3%82%B3%E3%83%8E%E3%83%9E%E3%83%B3%E3%83%86%E3%82%B9)%5D%20%E9%80%80%E9%AD%94%E5%B7%AB%E5%A5%B3%E3%82%AB%E3%83%B3%E3%83%8A%20%E3%83%95%E3%82%BF%E3%83%8A%E3%83%AA%E6%90%BE%E7%B2%BE%E6%95%97%E5%8C%97%E7%AF%87%20(%E9%80%80%E9%AD%94%E5%B7%AB%E5%A5%B3%E3%82%AB%E3%83%B3%E3%83%8A)
/web/20251005132720/https://www.wnacg.com/photos-view-id-24329629.html
/web/20251005132728/https://www.wnacg.com/photos-view-id-24329634.html
/web/20251005132721/https://www.wnacg.com/photos-view-id-24329636.html
/web/20251005132742/https://www.wnacg.com/photos-view-id-24329626.html
/web/20251005132735/https://www.wnacg.com/photos-view-id-24329641.html
