/web/20251005114359/https://www.wnacg.com/photos-index-aid-272929.html
/web/20251005114425/https://www.wnacg.com/photos-slide-aid-272929.html
/web/20251005114453/https://www.wnacg.com/download-index-aid-272929.html
/web/20251005114520/https://www.wnacg.com/photos-index-page-3-aid-272929.html
/web/20251005114542/https://www.wnacg.com/photos-view-id-22409532.html
/web/20251005114440/https://www.wnacg.com/photos-view-id-22409530.html
/web/20251005114546/https://www.wnacg.com/photos-view-id-22409554.html
/web/20251005114602/https://www.wnacg.com/photos-index-page-2-aid-272929.html
/web/20251005114603/https://www.wnacg.com/photos-view-id-22409538.html
/web/20251005114536/https://www.wnacg.com/photos-view-id-22409526.html
/web/20251005114646/https://www.wnacg.com/photos-view-id-22409562.html
/web/20251005114639/https://www.wnacg.com/photos-view-id-22409547.html
/web/20251005114638/https://www.wnacg.com/photos-view-id-22409546.html
/web/20251005114710/https://www.wnacg.com/photos-view-id-22409528.html
/web/20251005114718/https://www.wnacg.com/photos-view-id-22409553.html
/web/20251005114720/https://www.wnacg.com/photos-index-page-4-aid-272929.html
/web/20251005114748/https://www.wnacg.com/photos-view-id-22409560.html
/web/20251005114835/https://www.wnacg.com/photos-view-id-22409556.html
/web/20251005115013/https://v1.wzip.download/down/2730/33a9e2b11cede57d228e14a52c18fe39.zip?n=%5B%E3%81%99%E3%81%BE%E3%81%84%E3%82%8B%E3%81%B5%E3%81%89%E3%82%89%E3%82%93%E3%81%8B%E3%82%93%E3%81%B1%E3%81%AB%E3%81%83%E3%80%82%20(%E5%B3%AF%E4%B8%8A%E7%B6%BE%E3%80%81%E9%9B%AA%E4%BB%81)%5D%20%E3%83%9F%E3%82%AC%E3%83%AF%E3%83%AA%E3%80%9C%E5%BC%B7%E6%B0%97%E3%81%AA%E5%B7%A8%E4%B9%B3%E3%82%AE%E3%83%A3%E3%83%AB%E3%81%8C%E5%A0%95%E3%81%A1%E3%82%8B%E7%BD%A0%E3%80%9C%20%5BDL%E7%89%88%5D%20%5B%E4%B8%8D%E9%82%A3%E4%B9%88%E9%BB%91%E6%9A%97%E6%9C%88%E5%85%89%E7%9F%B3%5D
/web/20251005115028/https://www.wnacg.com/photos-view-id-22409542.html
/web/20251005115022/https://www.wnacg.com/photos-view-id-22409551.html
/web/20251005115042/https://www.wnacg.com/photos-view-id-22409540.html
/web/20251005115122/https://www.wnacg.com/photos-view-id-22409552.html
/web/20251005115035/https://www.wnacg.com/photos-view-id-22409541.html
/web/20251005115126/https://www.wnacg.com/photos-index-page-1-aid-272929.html
/web/20251005115144/https://www.wnacg.com/photos-view-id-22409550.html
/web/20251005115137/https://www.wnacg.com/photos-view-id-22409534.html
/web/20251005115148/https://www.wnacg.com/photos-view-id-22409531.html
/web/20251005115236/https://www.wnacg.com/photos-view-id-22409536.html
/web/20251005115245/https://www.wnacg.com/photos-view-id-22409557.html
/web/20251005115238/https://www.wnacg.com/photos-view-id-22409561.html
/web/20251005115308/https://www.wnacg.com/photos-view-id-22409559.html
/web/20251005115346/https://www.wnacg.com/photos-view-id-22409558.html
/web/20251005115252/https://www.wnacg.com/photos-view-id-22409564.html
/web/20251005115358/https://www.wnacg.com/photos-view-id-22409529.html
/web/20251005115335/https://www.wnacg.com/photos-view-id-22409533.html
/web/20251005115404/https://www.wnacg.com/photos-view-id-22409563.html
/web/20251005115344/https://www.wnacg.com/photos-view-id-22409537.html
/web/20251005115447/https://www.wnacg.com/photos-view-id-22409527.html
/web/20251005115510/https://www.wnacg.com/photos-view-id-22409549.html
/web/20251005115505/https://www.wnacg.com/photos-view-id-22409545.html
/web/20251005115531/https://www.wnacg.com/photos-view-id-22409543.html
/web/20251005115507/https://www.wnacg.com/photos-view-id-22409548.html
/web/20251005115607/https://www.wnacg.com/photos-view-id-22409535.html
/web/20251005115536/https://www.wnacg.com/photos-view-id-22409539.html
/web/20251005115722/https://www.wnacg.com/photos-view-id-22409544.html
/web/20251005115713/https://www.wnacg.com/photos-view-id-22409555.html
