https://www.wnacg.com/photos-index-aid-272929.html
https://www.wnacg.com/photos-slide-aid-272929.html
https://www.wnacg.com/download-index-aid-272929.html
https://www.wnacg.com/photos-index-page-3-aid-272929.html
https://www.wnacg.com/photos-view-id-22409532.html
https://www.wnacg.com/photos-view-id-22409530.html
https://www.wnacg.com/photos-view-id-22409554.html
https://www.wnacg.com/photos-index-page-2-aid-272929.html
https://www.wnacg.com/photos-view-id-22409538.html
https://www.wnacg.com/photos-view-id-22409526.html
https://www.wnacg.com/photos-view-id-22409562.html
https://www.wnacg.com/photos-view-id-22409547.html
https://www.wnacg.com/photos-view-id-22409546.html
https://www.wnacg.com/photos-view-id-22409528.html
https://www.wnacg.com/photos-view-id-22409553.html
https://www.wnacg.com/photos-index-page-4-aid-272929.html
https://www.wnacg.com/photos-view-id-22409560.html
https://www.wnacg.com/photos-view-id-22409556.html
https://v1.wzip.download/down/2730/33a9e2b11cede57d228e14a52c18fe39.zip?n=[%E3%81%99%E3%81%BE%E3%81%84%E3%82%8B%E3%81%B5%E3%81%89%E3%82%89%E3%82%93%E3%81%8B%E3%82%93%E3%81%B1%E3%81%AB%E3%81%83%E3%80%82%20(%E5%B3%AF%E4%B8%8A%E7%B6%BE%E3%80%81%E9%9B%AA%E4%BB%81)]%20%E3%83%9F%E3%82%AC%E3%83%AF%E3%83%AA%E3%80%9C%E5%BC%B7%E6%B0%97%E3%81%AA%E5%B7%A8%E4%B9%B3%E3%82%AE%E3%83%A3%E3%83%AB%E3%81%8C%E5%A0%95%E3%81%A1%E3%82%8B%E7%BD%A0%E3%80%9C%20[DL%E7%89%88]%20[%E4%B8%8D%E9%82%A3%E4%B9%88%E9%BB%91%E6%9A%97%E6%9C%88%E5%85%89%E7%9F%B3]
https://www.wnacg.com/photos-view-id-22409542.html
https://www.wnacg.com/photos-view-id-22409551.html
https://www.wnacg.com/photos-view-id-22409540.html
https://www.wnacg.com/photos-view-id-22409552.html
https://www.wnacg.com/photos-view-id-22409541.html
https://www.wnacg.com/photos-index-page-1-aid-272929.html
https://www.wnacg.com/photos-view-id-22409550.html
https://www.wnacg.com/photos-view-id-22409534.html
https://www.wnacg.com/photos-view-id-22409531.html
https://www.wnacg.com/photos-view-id-22409536.html
https://www.wnacg.com/photos-view-id-22409557.html
https://www.wnacg.com/photos-view-id-22409561.html
https://www.wnacg.com/photos-view-id-22409559.html
https://www.wnacg.com/photos-view-id-22409558.html
https://www.wnacg.com/photos-view-id-22409564.html
https://www.wnacg.com/photos-view-id-22409529.html
https://www.wnacg.com/photos-view-id-22409533.html
https://www.wnacg.com/photos-view-id-22409563.html
https://www.wnacg.com/photos-view-id-22409537.html
https://www.wnacg.com/photos-view-id-22409527.html
https://www.wnacg.com/photos-view-id-22409549.html
https://www.wnacg.com/photos-view-id-22409545.html
https://www.wnacg.com/photos-view-id-22409543.html
https://www.wnacg.com/photos-view-id-22409548.html
https://www.wnacg.com/photos-view-id-22409535.html
https://www.wnacg.com/photos-view-id-22409539.html
https://www.wnacg.com/photos-view-id-22409544.html
https://www.wnacg.com/photos-view-id-22409555.html
