https://www.wnacg.com/photos-index-aid-231073.html
https://www.wnacg.ru/photos-index-aid-231073.html
https://www.wnacg.ru/photos-index-aid-159789.html
https://www.wnacg.ru/photos-index-aid-241330.html
https://www.wnacg.com/photos-index-aid-159789.html
https://www.wnacg.ru/photos-index-aid-304297.html
https://www.wnacg.com/photos-index-aid-241330.html
https://www.wnacg.com/photos-index-aid-210166.html
https://www.wnacg.com/photos-index-aid-187790.html
https://www.wnacg.ru/photos-index-aid-210166.html
https://www.wnacg.ru/photos-index-aid-187790.html
https://www.wnacg.com/photos-index-aid-180546.html
https://www.wnacg.com/photos-index-aid-157326.html
https://www.wnacg.ru/photos-index-aid-180546.html
https://www.wnacg.ru/photos-index-aid-157326.html
https://www.wnacg.com/photos-index-aid-304297.html
https://www.wnacg.ru/photos-slide-aid-231073.html
https://www.wnacg.com/download-index-aid-159789.html
https://www.wnacg.ru/download-index-aid-241330.html
https://www.wnacg.ru/photos-slide-aid-241330.html
https://www.wnacg.com/photos-index-page-3-aid-159789.html
https://www.wnacg.com/photos-index-page-2-aid-159789.html
https://www.wnacg.com/photos-slide-aid-241330.html
https://www.wnacg.ru/photos-slide-aid-304297.html
https://www.wnacg.ru/photos-index-page-2-aid-304297.html
https://www.wnacg.com/download-index-aid-241330.html
https://www.wnacg.com/photos-index-page-5-aid-210166.html
https://www.wnacg.com/photos-index-page-4-aid-210166.html
https://www.wnacg.com/photos-index-page-3-aid-210166.html
https://www.wnacg.com/download-index-aid-210166.html
https://www.wnacg.com/photos-index-page-2-aid-187790.html
https://www.wnacg.com/download-index-aid-187790.html
https://www.wnacg.com/photos-slide-aid-210166.html
https://www.wnacg.com/photos-index-page-3-aid-187790.html
https://www.wnacg.ru/download-index-aid-210166.html
https://www.wnacg.com/photos-slide-aid-187790.html
https://www.wnacg.ru/photos-index-page-4-aid-210166.html
https://www.wnacg.ru/photos-index-page-3-aid-210166.html
https://www.wnacg.ru/download-index-aid-304297.html
https://www.wnacg.ru/photos-index-page-2-aid-210166.html
https://www.wnacg.ru/download-index-aid-187790.html
https://v1.wzip.download/down/1598/1ca2648fef480cac8ca867b34af7ee9b.zip?n=(C96)%20[%E3%83%86%E3%83%B3%E3%83%91%E3%82%8A%E3%82%93%E3%81%90%20(%E3%83%88%E3%82%AD%E3%83%9E%E3%83%81%E2%98%86%E3%82%A8%E3%82%A4%E3%82%BB%E3%82%A4)]%20%E3%82%AA%E3%83%88%E3%83%8A%E3%81%AB%E3%81%AA%E3%81%A3%E3%81%A6%E3%82%82%E5%A4%89%E3%82%8F%E3%82%89%E3%81%9A%E3%81%B5%E3%81%9F%E3%81%AA%E3%82%8A%E3%82%A8%E3%83%AB%E3%81%AB%E6%8C%AF%E3%82%8A%E5%9B%9E%E3%81%95%E3%82%8C%E3%82%8B!%20(%E3%83%86%E3%82%A4%E3%83%AB%E3%82%BA%E3%82%AA%E3%83%96%E3%82%A8%E3%82%AF%E3%82%B7%E3%83%AA%E3%82%A22)%20[%E6%A9%84%E6%A6%84%E6%B1%89%E5%8C%96%E7%BB%84]
https://v1.wzip.download/down/2414/6a776db85a3e8b753fd6c1c9f3a84ec0.zip?n=[%E3%83%88%E3%82%AD%E3%83%9E%E3%83%81%E2%98%85%E3%82%A8%E3%82%A4%E3%82%BB%E3%82%A4]%20%E3%81%B5%E3%81%9F%E3%81%AA%E3%82%8A%E7%95%99%E5%AD%A6%E7%94%9F%E6%BC%AB%E7%94%BB%20[Banana%E6%89%8B%E5%B7%A5%E6%BC%A2%E5%8C%96]
https://v1.wzip.date/down/2414/6a776db85a3e8b753fd6c1c9f3a84ec0.zip?n=[%E3%83%88%E3%82%AD%E3%83%9E%E3%83%81%E2%98%85%E3%82%A8%E3%82%A4%E3%82%BB%E3%82%A4]%20%E3%81%B5%E3%81%9F%E3%81%AA%E3%82%8A%E7%95%99%E5%AD%A6%E7%94%9F%E6%BC%AB%E7%94%BB%20[Banana%E6%89%8B%E5%B7%A5%E6%BC%A2%E5%8C%96]
https://v1.wzip.date/down/1598/1ca2648fef480cac8ca867b34af7ee9b.zip?n=(C96)%20[%E3%83%86%E3%83%B3%E3%83%91%E3%82%8A%E3%82%93%E3%81%90%20(%E3%83%88%E3%82%AD%E3%83%9E%E3%83%81%E2%98%86%E3%82%A8%E3%82%A4%E3%82%BB%E3%82%A4)]%20%E3%82%AA%E3%83%88%E3%83%8A%E3%81%AB%E3%81%AA%E3%81%A3%E3%81%A6%E3%82%82%E5%A4%89%E3%82%8F%E3%82%89%E3%81%9A%E3%81%B5%E3%81%9F%E3%81%AA%E3%82%8A%E3%82%A8%E3%83%AB%E3%81%AB%E6%8C%AF%E3%82%8A%E5%9B%9E%E3%81%95%E3%82%8C%E3%82%8B!%20(%E3%83%86%E3%82%A4%E3%83%AB%E3%82%BA%E3%82%AA%E3%83%96%E3%82%A8%E3%82%AF%E3%82%B7%E3%83%AA%E3%82%A22)%20[%E6%A9%84%E6%A6%84%E6%B1%89%E5%8C%96%E7%BB%84]
https://www.wnacg.com/photos-index-page-1-aid-159789.html
https://www.wnacg.ru/photos-index-page-1-aid-304297.html
https://www.wnacg.com/photos-index-page-2-aid-210166.html
https://www.wnacg.com/photos-index-page-4-aid-159789.html
https://www.wnacg.com/photos-index-page-4-aid-187790.html
https://v1.wzip.date/down/2102/d9cc1dfe8c52ce6ab77ab963cf69cd81.zip?n=(C91)%20[%E3%83%86%E3%83%B3%E3%83%91%E3%82%8A%E3%82%93%E3%81%90%20(%E3%83%88%E3%82%AD%E3%83%9E%E3%83%81%E2%98%86%E3%82%A8%E3%82%A4%E3%82%BB%E3%82%A4)]%20%E5%85%AB%E6%96%B9%E7%BE%8E%E4%BA%BA%E6%A5%B5%20(%E3%83%86%E3%82%A4%E3%83%AB%E3%82%BA%20%E3%82%AA%E3%83%96%20%E3%82%A8%E3%82%AF%E3%82%B7%E3%83%AA%E3%82%A2)%20[%E6%84%9B%E6%84%9B%E6%BC%A2%E5%8C%96]
https://www.wnacg.com/photos-index-page-1-aid-210166.html
https://v1.wzip.download/down/2102/d9cc1dfe8c52ce6ab77ab963cf69cd81.zip?n=(C91)%20[%E3%83%86%E3%83%B3%E3%83%91%E3%82%8A%E3%82%93%E3%81%90%20(%E3%83%88%E3%82%AD%E3%83%9E%E3%83%81%E2%98%86%E3%82%A8%E3%82%A4%E3%82%BB%E3%82%A4)]%20%E5%85%AB%E6%96%B9%E7%BE%8E%E4%BA%BA%E6%A5%B5%20(%E3%83%86%E3%82%A4%E3%83%AB%E3%82%BA%20%E3%82%AA%E3%83%96%20%E3%82%A8%E3%82%AF%E3%82%B7%E3%83%AA%E3%82%A2)%20[%E6%84%9B%E6%84%9B%E6%BC%A2%E5%8C%96]
https://v1.wzip.download/down/1878/d2dd9b6c5e19b68691608d3370c4b9e1.zip?n=(C97)%20[%E3%83%86%E3%83%B3%E3%83%91%E3%82%8A%E3%82%93%E3%81%90%20(%E3%83%88%E3%82%AD%E3%83%9E%E3%83%81%E2%98%85%E3%82%A8%E3%82%A4%E3%82%BB%E3%82%A4)]%20%E5%87%B8%E5%85%A5%E3%83%BB%E3%81%B5%E3%81%9F%E3%81%AA%E3%82%8A%E3%81%A0%E3%82%89%E3%81%91%E3%81%AE%E5%88%86%E5%8F%B2%E4%B8%96%E7%95%8C%20(%E3%83%86%E3%82%A4%E3%83%AB%E3%82%BA%20%E3%82%AA%E3%83%96%20%E3%82%A8%E3%82%AF%E3%82%B7%E3%83%AA%E3%82%A2%202)%20[%E4%B8%AD%E5%9B%BD%E7%BF%BB%E8%A8%B3]
https://www.wnacg.com/photos-index-page-1-aid-187790.html
https://v1.wzip.date/down/1878/d2dd9b6c5e19b68691608d3370c4b9e1.zip?n=(C97)%20[%E3%83%86%E3%83%B3%E3%83%91%E3%82%8A%E3%82%93%E3%81%90%20(%E3%83%88%E3%82%AD%E3%83%9E%E3%83%81%E2%98%85%E3%82%A8%E3%82%A4%E3%82%BB%E3%82%A4)]%20%E5%87%B8%E5%85%A5%E3%83%BB%E3%81%B5%E3%81%9F%E3%81%AA%E3%82%8A%E3%81%A0%E3%82%89%E3%81%91%E3%81%AE%E5%88%86%E5%8F%B2%E4%B8%96%E7%95%8C%20(%E3%83%86%E3%82%A4%E3%83%AB%E3%82%BA%20%E3%82%AA%E3%83%96%20%E3%82%A8%E3%82%AF%E3%82%B7%E3%83%AA%E3%82%A2%202)%20[%E4%B8%AD%E5%9B%BD%E7%BF%BB%E8%A8%B3]
https://www.wnacg.ru/photos-index-page-3-aid-187790.html
https://www.wnacg.ru/photos-index-page-2-aid-187790.html
https://www.wnacg.ru/photos-index-page-5-aid-210166.html
https://www.wnacg.ru/photos-index-page-4-aid-187790.html
https://www.wnacg.ru/photos-index-page-1-aid-210166.html
https://v1.wzip.date/down/3043/3e92a6a7207212e1258fbaf778c335db.zip?n=[%E3%83%86%E3%83%B3%E3%83%91%E3%82%8A%E3%82%93%E3%81%90%20(%E3%83%88%E3%82%AD%E3%83%9E%E3%83%81%E2%98%85%E3%82%A8%E3%82%A4%E3%82%BB%E3%82%A4)]%20%E3%82%AD%E3%82%B5%E3%83%A9%E3%81%95%E3%82%93%E3%81%AE%E7%88%86%E9%87%A3%E3%81%8A%E3%83%81%E3%83%B3%E3%83%9D%E3%83%95%E3%82%A3%E3%83%83%E3%82%B7%E3%83%B3%E3%82%B0%20(tales%20of%20arise)%20[79_%E6%B1%89%E5%8C%96%E7%BB%84]
https://www.wnacg.com/download-index-aid-180546.html
https://www.wnacg.ru/photos-slide-aid-210166.html
https://www.wnacg.com/photos-index-page-3-aid-157326.html
https://www.wnacg.ru/photos-index-page-2-aid-180546.html
https://www.wnacg.com/download-index-aid-157326.html
https://www.wnacg.com/photos-index-page-2-aid-157326.html
https://www.wnacg.com/photos-slide-aid-180546.html
https://www.wnacg.ru/download-index-aid-180546.html
https://www.wnacg.ru/photos-slide-aid-180546.html
https://www.wnacg.ru/photos-index-page-1-aid-187790.html
https://www.wnacg.com/photos-slide-aid-157326.html
https://v1.wzip.download/down/1806/80c5b7c99759b41edc983ba56bd3afe3.zip?n=(C93)%20[%E3%83%86%E3%83%B3%E3%83%91%E3%82%8A%E3%82%93%E3%81%90%20(%E3%83%88%E3%82%AD%E3%83%9E%E3%83%81%E2%98%86%E3%82%A8%E3%82%A4%E3%82%BB%E3%82%A4)]%20%E3%81%B5%E3%81%9F%E3%81%AA%E3%82%8A%E7%B2%BE%E9%9C%8A%E5%A7%89%E5%A6%B9%E3%81%AB%E4%BD%BF%E5%BD%B9%E3%81%95%E3%82%8C%E3%81%A1%E3%82%83%E3%81%86!%EF%BC%9F%20(%E3%83%86%E3%82%A4%E3%83%AB%E3%82%BA%20%E3%82%AA%E3%83%96%20%E3%82%A8%E3%82%AF%E3%82%B7%E3%83%AA%E3%82%A22)%20[%E6%84%9B%E6%84%9B%E6%BC%A2%E5%8C%96]
https://v1.wzip.date/down/1806/80c5b7c99759b41edc983ba56bd3afe3.zip?n=(C93)%20[%E3%83%86%E3%83%B3%E3%83%91%E3%82%8A%E3%82%93%E3%81%90%20(%E3%83%88%E3%82%AD%E3%83%9E%E3%83%81%E2%98%86%E3%82%A8%E3%82%A4%E3%82%BB%E3%82%A4)]%20%E3%81%B5%E3%81%9F%E3%81%AA%E3%82%8A%E7%B2%BE%E9%9C%8A%E5%A7%89%E5%A6%B9%E3%81%AB%E4%BD%BF%E5%BD%B9%E3%81%95%E3%82%8C%E3%81%A1%E3%82%83%E3%81%86!%EF%BC%9F%20(%E3%83%86%E3%82%A4%E3%83%AB%E3%82%BA%20%E3%82%AA%E3%83%96%20%E3%82%A8%E3%82%AF%E3%82%B7%E3%83%AA%E3%82%A22)%20[%E6%84%9B%E6%84%9B%E6%BC%A2%E5%8C%96]
https://www.wnacg.ru/photos-index-page-1-aid-180546.html
https://www.wnacg.ru/photos-slide-aid-187790.html
https://www.wnacg.ru/photos-index-page-3-aid-157326.html
https://v1.wzip.date/down/1574/cc9fc4318720ce293354efed31592b20.zip?n=[%E3%83%86%E3%83%B3%E3%83%91%E3%82%8A%E3%82%93%E3%81%90%20(%E3%83%88%E3%82%AD%E3%83%9E%E3%83%81%E2%98%85%E3%82%A8%E3%82%A4%E3%82%BB%E3%82%A4)]%20%E7%A7%81%E3%81%AB%E8%A9%B0%E3%82%81%E5%AF%84%E3%82%8B%E3%81%A8%E3%80%87%E3%80%87%E3%80%87%E3%81%8C%E3%82%A4%E3%81%8F%E3%82%8F%E3%82%88%E2%80%A6!%20(%E3%83%86%E3%82%A4%E3%83%AB%E3%82%BA%E3%82%AA%E3%83%96%E3%82%A2%E3%83%A9%E3%82%A4%E3%82%BA)%20[%E4%B8%AD%E5%9B%BD%E7%BF%BB%E8%A8%B3]%20[DL%E7%89%88]
https://www.wnacg.ru/photos-slide-aid-157326.html
https://www.wnacg.com/photos-index-page-1-aid-157326.html
https://www.wnacg.ru/download-index-aid-157326.html
https://www.wnacg.ru/photos-index-page-2-aid-157326.html
https://www.wnacg.com/download-index-aid-304297.html
https://www.wnacg.com/photos-slide-aid-304297.html
https://www.wnacg.com/photos-index-page-2-aid-304297.html
https://v1.wzip.download/down/3043/3e92a6a7207212e1258fbaf778c335db.zip?n=[%E3%83%86%E3%83%B3%E3%83%91%E3%82%8A%E3%82%93%E3%81%90%20(%E3%83%88%E3%82%AD%E3%83%9E%E3%83%81%E2%98%85%E3%82%A8%E3%82%A4%E3%82%BB%E3%82%A4)]%20%E3%82%AD%E3%82%B5%E3%83%A9%E3%81%95%E3%82%93%E3%81%AE%E7%88%86%E9%87%A3%E3%81%8A%E3%83%81%E3%83%B3%E3%83%9D%E3%83%95%E3%82%A3%E3%83%83%E3%82%B7%E3%83%B3%E3%82%B0%20(tales%20of%20arise)%20[79_%E6%B1%89%E5%8C%96%E7%BB%84]
https://www.wnacg.com/photos-index-page-1-aid-304297.html
https://www.wnacg.ru/photos-index-page-1-aid-157326.html
